[28/8/2016 16:14:49] Attack: que lag tio
[28/8/2016 16:15:34] Jopade: ss
[28/8/2016 16:25:31] Meno Boladao: vamo quest da arma pessoal
[28/8/2016 16:25:46] Icekiss: '--'
[28/8/2016 16:26:7] Attack: pode usar ja o guild point
[28/8/2016 17:27:33] Attack: gogo quest set?
[28/8/2016 18:2:0] Lostzinho: ajuda plisss
[28/8/2016 18:2:32] Lostzinho: to preso sera q ese ot tem algum god online
[28/8/2016 18:3:1] Jopade: vo ver 
[28/8/2016 18:3:55] Lostzinho: ajuda por favor to preso algum god online
[28/8/2016 18:4:18] Jopade: ja mandei msg asim que ele chega ele ja vai desprende
[28/8/2016 18:4:31] Lostzinho: onde
[28/8/2016 18:11:41] [GOD] Baiak: preso onde
[28/8/2016 18:29:43] Icekiss: 15
[28/8/2016 18:47:6] Icekiss: 13
[28/8/2016 19:27:12] Ajudante: oi
[28/8/2016 19:46:44] Ajudante: oi
[28/8/2016 19:55:1] Maneh Gaguin: adm
[28/8/2016 23:13:15] Lelek Lek: vireigod agr é?
[28/8/2016 23:40:14] Jopade: lol vai começar vacalhaçao
[29/8/2016 0:15:28] Virus: q ot chato kkk  q paia
[29/8/2016 0:42:55] Jopade: boa sort
[29/8/2016 22:48:37] Icekiss: COMPRO EVEENTS COIINS
[29/8/2016 23:3:36] Druid Mal: adm
[29/8/2016 23:3:46] GOD Arthur: ?
[29/8/2016 23:4:37] Icekiss: POW ARTHUUR ARRUMA ESSE EVEENTO
[29/8/2016 23:8:59] Icekiss: ATEMAAIS AMANHAAO PAAI TA DE VOOOLTA :d
[29/8/2016 23:44:59] Manolinhu: .............
[30/8/2016 11:28:11] Love: Gm ta ae?
[30/8/2016 11:29:20] GM Victor: S
[30/8/2016 11:29:33] Love: da sword pro meu kina
[30/8/2016 11:31:50] Manolinhu: kk
[30/8/2016 11:57:28] Night: cade o GM
[30/8/2016 12:0:13] GM Victor: boa tarde
[30/8/2016 12:22:2] Espantalho: hi
[3/9/2016 18:17:6] Burdzka: aadm  bug
[3/9/2016 18:27:45] Burdzka: ADM BUG
[3/9/2016 18:28:18] Burdzka: 'olha
[3/9/2016 18:36:30] Burdzka: ADM
[3/9/2016 19:45:31] Msc Contabilidade Financeira: GO REI
[3/9/2016 19:52:41] Walking Silent: alguem ae
[3/9/2016 20:50:8] Og Kush: aí,tem uma galera kickando os players no templo aqui
[3/9/2016 23:9:45] Msc Contabilidade Financeira: como da tp
[4/9/2016 3:6:54] Phd Financeiro: go
[4/9/2016 4:31:16] Walking Silent: boooa
[4/9/2016 9:56:17] Master: adm om
[4/9/2016 9:56:25] [GOD] New: sim
[4/9/2016 9:56:52] Master: pm porfabor
[4/9/2016 9:59:48] Master: cuando es sorteio
[4/9/2016 10:23:49] Master: god om
[4/9/2016 13:6:40] Wanf: age ?
[4/9/2016 13:7:40] Wanf: zzzzzzzzzzzzzzzzzzzzzzzzzzzzzzzzzzz
[4/9/2016 13:11:32] Wanf: ada
[4/9/2016 13:12:23] Wanf: a
[4/9/2016 16:28:31] Blizzard Wolfang: pq o pessoal fica jogando 0T ruim tipo o b4i4k pesadao horrivel
[4/9/2016 16:28:39] Master Del as: vem
[4/9/2016 16:29:19] Blizzard Wolfang: hi
[4/9/2016 18:3:35] Walking Silent: gg evento 
