[21/4/2018 16:32:28] /warcarlin accept
[21/4/2018 16:32:31] /warcarlin accept,Aviao
[21/4/2018 16:32:35] /warcarlin go
[21/4/2018 16:32:39] /warcarlin go
[22/4/2018 0:13:54] /warcarlin invite, teste entrosado,2
[22/4/2018 0:14:9] /warcarlin go
[22/4/2018 0:14:23] /warcarlin go
[22/4/2018 0:14:54] /warcarlin go
[22/4/2018 0:39:30] /warcarlin invite, teste entrosado
[22/4/2018 0:39:35] /warcarlin invite, teste entrosado,2
[22/4/2018 0:39:47] /warcarlin go
[22/4/2018 0:40:3] /warcarlin go
[22/4/2018 0:40:22] /warcarlin go
[22/4/2018 0:53:19] /warcarlin invite,teste entrosado,2
[22/4/2018 0:53:29] /warcarlin go
[22/4/2018 0:53:47] /warcarlin go
[22/4/2018 0:54:14] /warcarlin go
[22/4/2018 0:54:36] /warcarlin go
[22/4/2018 0:55:0] /warcarlin go
[22/4/2018 0:59:43] /warcarlin invite, teste entrosado
[22/4/2018 0:59:50] /warcarlin invite, teste entrosado,2
[22/4/2018 0:59:58] /warcarlin go
[22/4/2018 1:0:6] /warcarlin go
[22/4/2018 1:0:21] /warcarlin go
[22/4/2018 1:0:36] /warcarlin go
[22/4/2018 1:0:59] /warcarlin go
[22/4/2018 1:10:1] /warcarlin invite, teste entrosado,1
[22/4/2018 1:10:13] /warcarlin go
[22/4/2018 1:10:31] /warcarlin go
[22/4/2018 1:10:51] /warcarlin go
[22/4/2018 1:15:9] /warcarlin invite, teste entrosado,1
[22/4/2018 1:15:29] /warcarlin go
[22/4/2018 1:20:20] /warcarlin invite, teste entrosado,2
[22/4/2018 1:20:30] /warcarlin go
[22/4/2018 1:20:38] /warcarlin go
[22/4/2018 1:46:54] /warcarlin invite, teste entrosado,2
[22/4/2018 1:47:51] /warcarlin go
[22/4/2018 1:48:16] /warcarlin go
[22/4/2018 1:51:54] /warcarlin accept,vacona
[22/4/2018 1:52:40] /warcarlin go
[22/4/2018 9:29:3] /warcarlin accept, vacona
[22/4/2018 9:29:30] /warcarlin accept, aviao
[22/4/2018 9:29:36] /warcarlin go
[22/4/2018 9:29:58] /warcarlin go
[22/4/2018 9:30:2] /warcarlin exit
[22/4/2018 9:30:3] /warcarlin go
[22/4/2018 9:30:9] /warcarlin exit
[22/4/2018 9:30:11] /warcarlin go
[22/4/2018 9:52:51] /warcarlin accept, aviao
[22/4/2018 9:52:54] /warcarlin accept, aviao
[22/4/2018 9:52:59] /warcarlin go
[22/4/2018 9:53:14] /warcarlin exit
[22/4/2018 9:53:23] /warcarlin go
[22/4/2018 9:53:42] /warcarlin exit
[22/4/2018 9:53:51] /warcarlin go
[22/4/2018 9:55:54] /warcarlin accept, aviao
[22/4/2018 9:55:55] /warcarlin go
[22/4/2018 9:55:57] /warcarlin go
[22/4/2018 9:56:9] /warcarlin go
[22/4/2018 9:56:14] /warcarlin exit
[22/4/2018 9:56:23] /warcarlin go
[22/4/2018 10:11:9] /warcarlin accept, aviao
[22/4/2018 10:11:14] /warcarlin go
[22/4/2018 10:16:51] /warcarlin accept, aviao
[22/4/2018 10:16:54] /warcarlin go
[22/4/2018 10:20:14] /warcarlin accept, aviao
[22/4/2018 10:20:15] /warcarlin go
[22/4/2018 11:38:0] /warcarlin go
[22/4/2018 11:38:8] /warcarlin accept, aviao
[22/4/2018 11:41:37] /warcarlin accept, aviao
[22/4/2018 11:41:39] /warcarlin go
[22/4/2018 11:45:34] /warcarlin accept, aviao
[22/4/2018 11:45:35] /warcarlin go
[22/4/2018 11:45:40] /warcarlin go
[22/4/2018 11:49:34] /warcarlin accept, aviao
[22/4/2018 11:49:37] /warcarlin go
[22/4/2018 11:55:24] /warcarlin accept, aviao
[22/4/2018 11:55:27] /warcarlin go
[22/4/2018 11:56:21] /warcarlin go
[22/4/2018 11:58:13] /warcarlin accept, aviao
[22/4/2018 11:58:15] /warcarlin go
[22/4/2018 11:58:17] /warcarlin go
[22/4/2018 11:59:9] /warcarlin go
[22/4/2018 12:2:34] /warcarlin accept, aviao
[22/4/2018 12:2:37] /warcarlin go
[22/4/2018 12:4:51] /warcarlin accept, aviao
[22/4/2018 12:4:53] /warcarlin go
[22/4/2018 12:9:57] /warcarlin accept, aviao
[22/4/2018 12:9:58] /warcarlin go
[22/4/2018 12:10:56] /warcarlin accept, aviao
[22/4/2018 12:10:57] /warcarlin go
[22/4/2018 12:11:19] /warcarlin go
[22/4/2018 12:19:45] /warcarlin accept, aviao
[22/4/2018 12:19:48] /warcarlin go
[22/4/2018 12:40:3] /warcarlin accept, aviao
[22/4/2018 12:40:4] /warcarlin go
[22/4/2018 12:56:59] /warcarlin accept, aviao
[22/4/2018 12:57:1] /warcarlin go
[22/4/2018 12:57:49] /warcarlin go
[22/4/2018 12:58:22] /warcarlin exit
[22/4/2018 12:58:26] /warcarlin go
[22/4/2018 13:3:18] /warcarlin accept, aviao
[22/4/2018 13:3:19] /warcarlin go
[22/4/2018 13:8:17] /warcarlin accept, aviao
[22/4/2018 13:8:19] /warcarlin go
[22/4/2018 13:8:36] /warcarlin go
[22/4/2018 13:11:46] /warcarlin go
[22/4/2018 13:11:47] /warcarlin accept, aviao
[22/4/2018 13:11:48] /warcarlin go
[22/4/2018 13:13:2] /warcarlin accept, aviao
[22/4/2018 13:13:3] /warcarlin go
[22/4/2018 13:16:19] /warcarlin accept, aviao
[22/4/2018 13:16:20] /warcarlin go
[22/4/2018 13:16:47] /warcarlin accept, aviao
[22/4/2018 13:16:50] /warcarlin go
[22/4/2018 13:17:14] /warcarlin go
[22/4/2018 13:17:39] /warcarlin go
[22/4/2018 13:18:59] /warcarlin accept, aviao
[22/4/2018 13:19:0] /warcarlin go
[22/4/2018 13:20:28] /warcarlin go
[22/4/2018 13:20:29] /warcarlin accept, aviao
[22/4/2018 13:20:30] /warcarlin go
[22/4/2018 13:21:19] /warcarlin accept, aviao
[22/4/2018 13:23:25] /warcarlin accept, aviao
[22/4/2018 13:26:11] /warcarlin accept, aviao
[22/4/2018 13:26:12] /warcarlin go
[22/4/2018 13:26:42] /warcarlin accept, aviao
[22/4/2018 13:26:43] /warcarlin go
[22/4/2018 13:27:59] /warcarlin accept, aviao
[22/4/2018 13:28:1] /warcarlin go
[22/4/2018 13:32:9] /warcarlin accept, aviao
[22/4/2018 13:32:13] /warcarlin go
[22/4/2018 13:32:43] /warcarlin go
[22/4/2018 13:33:5] /warcarlin go
[22/4/2018 13:33:25] /warcarlin accept, aviao
[22/4/2018 13:33:26] /warcarlin go
[22/4/2018 13:33:27] /warcarlin go
[22/4/2018 13:33:50] /warcarlin go
[22/4/2018 13:58:12] /warcarlin accept, aviao
[22/4/2018 13:58:13] /warcarlin go
[22/4/2018 14:8:39] /warcarlin accept, aviao
[22/4/2018 14:8:40] /warcarlin go
[22/4/2018 14:18:6] /warcarlin accept, aviao
[22/4/2018 14:18:15] /warcarlin go
[22/4/2018 14:34:22] /warcarlin accept, aviao
[22/4/2018 14:34:23] /warcarlin go
[22/4/2018 14:35:33] /warcarlin exit
[22/4/2018 14:35:41] /warcarlin go
[22/4/2018 14:36:32] /warcarlin exit
[22/4/2018 14:36:36] /warcarlin go
[22/4/2018 14:40:55] /warcarlin accept, aviao
[22/4/2018 14:40:58] /warcarlin go
[22/4/2018 15:2:36] /warcarlin accept, aviao
[22/4/2018 15:2:37] /warcarlin go
[22/4/2018 15:5:51] /warcarlin exit
[22/4/2018 15:5:53] /warcarlin go
[22/4/2018 15:6:31] /warcarlin exit
[22/4/2018 15:6:39] /warcarlin go
[22/4/2018 15:8:2] /warcarlin exkt
[22/4/2018 15:8:4] /warcarlin exit
[22/4/2018 15:8:6] /warcarlin go
[22/4/2018 15:8:15] /warcarlin go
[22/4/2018 15:9:9] /warcarlin accept, aviao
[22/4/2018 15:9:11] /warcarlin go
[22/4/2018 15:10:6] /warcarlin accept, aviao
[22/4/2018 15:10:7] /warcarlin go
[22/4/2018 15:10:28] /warcarlin go
[22/4/2018 15:18:2] /warcarlin accept, aviao
[22/4/2018 15:18:3] /warcarlin accept, aviao
[22/4/2018 15:18:30] /warcarlin accept, aviao
[22/4/2018 15:18:31] /warcarlin go
[22/4/2018 15:29:5] /warcarlin accept, aviao
[22/4/2018 15:29:6] /warcarlin go
[22/4/2018 15:32:36] /warcarlin accept, aviao
[22/4/2018 15:32:37] /warcarlin go
[22/4/2018 15:36:32] /warcarlin accept, aviao
[22/4/2018 15:39:3] /warcarlin accept, aviao
[22/4/2018 15:39:9] /warcarlin accept, aviao
[22/4/2018 15:40:13] /warcarlin accept, aviao
[22/4/2018 15:41:52] /warcarlin accept, aviao
[22/4/2018 15:41:53] /warcarlin accept, aviao
[22/4/2018 15:41:53] /warcarlin accept, aviao
[22/4/2018 15:41:54] /warcarlin accept, aviao
[22/4/2018 15:41:56] /warcarlin accept, aviao
[22/4/2018 15:41:56] /warcarlin accept, aviao
[22/4/2018 15:41:56] /warcarlin accept, aviao
[22/4/2018 15:41:56] /warcarlin accept, aviao
[22/4/2018 15:41:57] /warcarlin accept, aviao
[22/4/2018 15:41:57] /warcarlin accept, aviao
[22/4/2018 15:42:10] /warcarlin accept, aviao
[22/4/2018 15:42:10] /warcarlin accept, aviao
[22/4/2018 15:42:10] /warcarlin accept, aviao
[22/4/2018 15:42:10] /warcarlin accept, aviao
[22/4/2018 15:42:10] /warcarlin accept, aviao
[22/4/2018 15:42:13] /warcarlin accept, aviao
[22/4/2018 15:42:13] /warcarlin accept, aviao
[22/4/2018 15:42:13] /warcarlin accept, aviao
[22/4/2018 15:45:32] /warcarlin accept, aviao
[22/4/2018 15:45:34] /warcarlin accept, aviao
[22/4/2018 15:45:35] /warcarlin accept, aviao
[22/4/2018 15:45:36] /warcarlin accept, aviao
[22/4/2018 15:45:37] /warcarlin accept, aviao
[22/4/2018 15:45:38] /warcarlin accept, aviao
[22/4/2018 15:45:38] /warcarlin accept, aviao
[22/4/2018 15:45:38] /warcarlin accept, aviao
[22/4/2018 15:45:38] /warcarlin accept, aviao
[22/4/2018 15:45:39] /warcarlin accept, aviao
[22/4/2018 15:45:39] /warcarlin accept, aviao
[22/4/2018 15:47:27] /warcarlin accept, aviao
[22/4/2018 15:47:28] /warcarlin accept, aviao
[22/4/2018 15:47:28] /warcarlin accept, aviao
[22/4/2018 15:47:29] /warcarlin accept, aviao
[22/4/2018 15:47:29] /warcarlin accept, aviao
[22/4/2018 15:47:31] /warcarlin accept, aviao
[22/4/2018 15:47:33] /warcarlin accept, aviao
[22/4/2018 15:47:35] /warcarlin accept, aviao
[22/4/2018 15:47:37] /warcarlin accept, aviao
[22/4/2018 15:47:41] /warcarlin accept
[22/4/2018 15:47:45] /warcarlin invite, aviao
[22/4/2018 15:48:32] /warcarlin accept, aviao
[22/4/2018 15:48:34] /warcarlin accept, aviao
[22/4/2018 15:48:34] /warcarlin accept, aviao
[22/4/2018 15:48:35] /warcarlin accept, aviao
[22/4/2018 15:48:36] /warcarlin accept, aviao
[22/4/2018 15:49:3] /warcarlin accept, aviao
[22/4/2018 15:49:8] /warcarlin accept, aviao
[22/4/2018 15:49:9] /warcarlin go
[22/4/2018 15:49:49] /warcarlin accept, aviao
[22/4/2018 15:49:50] /warcarlin go
[22/4/2018 15:50:42] /warcarlin accept, aviao
[22/4/2018 15:50:44] /warcarlin go
[22/4/2018 15:50:45] /warcarlin go
[22/4/2018 15:50:47] /warcarlin go
[22/4/2018 16:0:40] /warcarlin
[22/4/2018 16:1:40] /warcarlin accept, aviao
[22/4/2018 16:1:48] /warcarlin go
[22/4/2018 16:3:40] /warcarlin exit
[22/4/2018 16:3:45] /warcarlin go
[22/4/2018 16:45:10] /warcarlin accept,Aviao
[22/4/2018 16:45:20] /warcarlin go
[22/4/2018 16:51:53] /warcarlin accept, aviao
[22/4/2018 16:52:8] /warcarlin go
[22/4/2018 16:57:47] /warcarlin accept, aviao
[22/4/2018 16:58:5] /warcarlin accept, aviao
[22/4/2018 16:58:6] /warcarlin go
[22/4/2018 20:43:59] /warcarlin
[22/4/2018 20:45:9] /warcarlin invite
[22/4/2018 20:45:28] /warcarlin invite vacona[
[22/4/2018 20:45:30] /warcarlin invite vacona
[22/4/2018 20:45:38] /warcarlin invite, vacona
[22/4/2018 20:45:42] /warcarlin invite, vacona, 60
[22/4/2018 20:45:50] /warcarlin invite, vacona, 60, 10
[22/4/2018 20:46:5] /warcarlin go
[22/4/2018 20:46:57] /warcarlin go
[22/4/2018 20:48:16] /warcarlin go
[22/4/2018 21:25:57] /warcarlin accept, aviao
[22/4/2018 21:26:6] /warcarlin invite,vacona
[22/4/2018 21:26:8] /warcarlin invite,vacona,2
[22/4/2018 21:26:17] /warcarlin invite,vacona,3,2
[22/4/2018 21:26:31] /warcarlin go
[22/4/2018 21:27:52] /warcarlin exit
[22/4/2018 21:27:57] /warcarlin go
[22/4/2018 21:28:9] /warcarlin outfit
[22/4/2018 21:28:16] /warcarlin go
[22/4/2018 21:28:23] /warcarlin outfit
[22/4/2018 21:29:36] /warcarlin accept, aviao
[22/4/2018 21:29:41] /warcarlin invite,vacona,3,2
[22/4/2018 21:29:50] /warcarlin go
[22/4/2018 21:32:37] /warcarlin go
[22/4/2018 21:45:42] /warcarlin accept, aviao
[22/4/2018 21:45:52] /warcarlin invite, vacona,3,1
[22/4/2018 21:46:6] /warcarlin go
[8/5/2018 0:10:20] /warcarlin accept
[8/5/2018 0:10:25] /warcarlin accept, teste entrosado
[8/5/2018 0:10:28] /warcarlin go
[8/5/2018 0:10:45] /warcarlin list
[8/5/2018 0:15:21] /warcarlin accept,teste entrosado
[8/5/2018 0:15:25] /warcarlin go
[8/5/2018 0:24:42] /warcarlin accept, teste entrosado
[8/5/2018 0:24:44] /warcarlin go
[8/5/2018 0:29:42] /warcarlin accept, teste entrosado
[8/5/2018 0:29:43] /warcarlin go
[8/5/2018 0:35:12] /warcarlin accept, teste entrosado
[8/5/2018 0:35:13] /warcarlin go
[8/5/2018 0:38:4] /warcarlin invite, cocozin,3,0
[8/5/2018 0:38:11] /warcarlin invite, cocozin,3,0
[8/5/2018 0:38:41] /warcarlin accept, teste entrosado
[8/5/2018 0:38:47] /warcarlin accept, teste entrosado
[8/5/2018 0:38:55] /warcarlin go
[8/5/2018 0:38:59] /warcarlin list
[8/5/2018 0:39:11] /warcarlin list
[8/5/2018 0:42:7] /warcarlin accept, teste entrosado
[8/5/2018 0:42:10] /warcarlin go
[8/5/2018 0:42:21] /warcarlin exit
[8/5/2018 0:42:33] /warcarlin list
[8/5/2018 0:42:37] /warcarlin go
[8/5/2018 0:42:39] /warcarlin list
[8/5/2018 0:43:57] /warcarlin exit
[8/5/2018 0:44:23] /warcarlin go
[8/5/2018 0:44:26] /warcarlin list
[8/5/2018 0:44:30] /warcarlin list
[8/5/2018 0:45:24] /warcarlin accept, teste entrosado
[8/5/2018 0:45:26] /warcarlin go
[8/5/2018 0:45:31] /warcarlin list
[8/5/2018 0:49:54] /warcarlin accept, teste entrosado
[8/5/2018 0:49:58] /warcarlin list
[8/5/2018 0:50:5] /warcarlin go
[8/5/2018 0:50:8] /warcarlin list
[8/5/2018 0:53:26] /warcarlin accept, teste entrosado
[8/5/2018 0:53:30] /warcarlin list
[8/5/2018 0:53:35] /warcarlin go
[8/5/2018 0:53:45] /warcarlin go
[8/5/2018 0:53:46] /warcarlin list
[8/5/2018 0:56:30] /warcarlin accept, teste entrosado
[8/5/2018 0:56:44] /warcarlin list
[8/5/2018 0:59:55] /warcarlin accept, teste entrosado
[8/5/2018 1:12:50] /warcarlin invite, cocozin,3,0
[8/5/2018 1:12:51] /warcarlin invite, cocozin,3,0
[8/5/2018 1:12:52] /warcarlin invite, cocozin,3,0
[8/5/2018 1:13:11] /warcarlin accept, teste entrosado
[8/5/2018 1:13:12] /warcarlin go
[8/5/2018 8:27:36] /warcarlin accept, Teste entrosado
[8/5/2018 8:27:44] /warcarlin go
[8/5/2018 8:27:45] /warcarlin list
[8/5/2018 8:28:10] /warcarlin exit
[8/5/2018 8:30:25] /warcarlin accept, Teste entrosado
[8/5/2018 8:30:27] /warcarlin go
[8/5/2018 8:32:25] /warcarlin exit
[8/5/2018 8:32:42] /warcarlin accept, Teste entrosado
[8/5/2018 8:32:44] /warcarlin go
[8/5/2018 8:34:29] /warcarlin exit
[8/5/2018 8:34:56] /warcarlin accept, Teste entrosado
[8/5/2018 8:34:59] /warcarlin go
[8/5/2018 8:35:0] /warcarlin list
[8/5/2018 8:37:32] /warcarlin accept, Teste entrosado
[8/5/2018 8:37:33] /warcarlin go
[8/5/2018 8:52:6] /warcarlin go
[8/5/2018 8:52:6] /warcarlin accept, Teste entrosado
[8/5/2018 8:52:7] /warcarlin go
[8/5/2018 14:58:24] /warcarlin invite, Teste Entrosado,3,0
[8/5/2018 15:4:14] /warcarlin invite, Teste Entrosado,3,0
[8/5/2018 15:4:20] /warcarlin list
[8/5/2018 15:4:36] /warcarlin go
[8/5/2018 15:4:37] /warcarlin list
[8/5/2018 15:4:46] /warcarlin exit
[8/5/2018 15:9:52] /warcarlin invite, Teste Entrosado,3,0
[8/5/2018 15:10:1] /warcarlin go
[8/5/2018 15:10:4] /warcarlin list
[8/5/2018 15:10:8] /warcarlin list
[8/5/2018 15:13:56] /warcarlin go
[8/5/2018 15:13:57] /warcarlin go
[8/5/2018 15:13:58] /warcarlin go
[8/5/2018 15:13:58] /warcarlin go
[8/5/2018 15:13:58] /warcarlin go
[8/5/2018 15:19:38] /warcarlin invite, Teste Entrosado,3,0
[8/5/2018 15:19:42] /warcarlin go
[8/5/2018 15:19:43] /warcarlin list
[8/5/2018 15:23:37] /warcarlin invite, Teste Entrosado,3,0
[8/5/2018 15:23:42] /warcarlin go
[8/5/2018 15:26:33] /warcarlin exit
[8/5/2018 15:26:35] /warcarlin go
[8/5/2018 15:26:42] /warcarlin exit
[8/5/2018 15:26:48] /warcarlin invite, Teste Entrosado,3,0
[8/5/2018 15:27:3] /warcarlin go
[8/5/2018 15:46:51] /warcarlin invite, teste entrosado, 2,0
[8/5/2018 15:46:58] /warcarlin go
[8/5/2018 16:3:8] /warcarlin accept, cocozin
[8/5/2018 16:4:8] /warcarlin accept, cocozin
[8/5/2018 16:4:13] /warcarlin accept, cocozin
[8/5/2018 16:4:15] /warcarlin accept, cocozin
[8/5/2018 16:4:24] /warcarlin accept, Teste Entrosado
[8/5/2018 16:4:36] /warcarlin go
[8/5/2018 16:4:38] /warcarlin list
[8/5/2018 16:4:39] /warcarlin list
[8/5/2018 16:12:27] /warcarlin exit
[8/5/2018 16:13:33] /warcarlin accept, cocozin
[8/5/2018 16:13:37] /warcarlin accept, cocozin
[8/5/2018 16:13:55] /warcarlin accept, cocozin
[8/5/2018 16:14:4] /warcarlin accept, teste entrosado
[8/5/2018 16:14:6] /warcarlin go
[8/5/2018 16:16:15] /warcarlin exit
[8/5/2018 16:16:32] /warcarlin go
[8/5/2018 16:16:48] /warcarlin exit
[8/5/2018 17:0:4] /warcarlin accept, cocozin
[8/5/2018 17:0:6] /warcarlin accept, cocozin
[8/5/2018 17:0:6] /warcarlin accept, cocozin
[8/5/2018 17:0:8] /warcarlin accept, cocozin
[8/5/2018 17:0:9] /warcarlin accept, cocozin
[8/5/2018 17:0:18] /warcarlin invite, teste entrosado, 3,0
[8/5/2018 17:0:26] /warcarlin go
[8/5/2018 17:1:30] /warcarlin list
[8/5/2018 17:1:38] /warcarlin list
[8/5/2018 17:11:53] /warcarlin accept, cocozin
[8/5/2018 17:12:1] /warcarlin invite, teste entrosado,2,0
[8/5/2018 17:12:8] /warcarlin go
[8/5/2018 17:12:16] /warcarlin EXIT
[8/5/2018 17:12:19] /warcarlin exit
[8/5/2018 17:12:37] /warcarlin go
[8/5/2018 17:14:26] /warcarlin list
[8/5/2018 17:14:28] /warcarlin list
[8/5/2018 17:14:29] /warcarlin list
[8/5/2018 19:25:14] /warcarlin invite, Teste entrosado,3,0
[8/5/2018 19:25:22] /warcarlin go
[8/5/2018 19:39:44] /warcarlin accept, cocozin
[8/5/2018 19:39:47] /warcarlin go
[8/5/2018 19:43:40] /warcarlin go
[8/5/2018 19:43:40] /warcarlin list
[8/5/2018 19:43:43] /warcarlin list
[8/5/2018 19:45:55] /warcarlin list
[8/5/2018 19:46:14] /warcarlin list
[8/5/2018 19:49:33] /warcarlin exit
[8/5/2018 19:49:34] /warcarlin list
[8/5/2018 19:49:35] /warcarlin list
[8/5/2018 19:49:54] /warcarlin list
[8/5/2018 19:49:57] /warcarlin go
[8/5/2018 19:49:58] /warcarlin list
[8/5/2018 19:50:43] /warcarlin list
[8/5/2018 19:51:58] /warcarlin exit
[8/5/2018 19:52:14] /warcarlin go
[8/5/2018 19:52:14] /warcarlin list
[8/5/2018 19:55:1] /warcarlin accept, cocozin
[8/5/2018 19:55:11] /warcarlin invite, Teste entrosado, 3,0
[8/5/2018 19:56:35] /warcarlin go
[8/5/2018 19:56:38] /warcarlin list
[8/5/2018 19:56:46] /warcarlin go
[8/5/2018 19:56:49] /warcarlin go
