[15/4/2018 22:33:25] /citywar accept, Oncao
[15/4/2018 22:33:53] /citywar accept, Oncao
[15/4/2018 23:0:54] /citywar accept, Oncao
[15/4/2018 23:0:59] /citywar go
[15/4/2018 23:1:12] !citywar go
[15/4/2018 23:1:15] /citywar go
[21/4/2018 16:32:8] /warcarlin invite, Cocozin, paunoseu cu
[21/4/2018 16:32:45] /warcarlin invite, Cocozin, paunoseu cu
[21/4/2018 16:32:49] /warcarlin go
[21/4/2018 16:52:21] /warcarlin invite, Aviao
[21/4/2018 16:52:32] /warcarlin invite,
[21/4/2018 16:52:35] /warcarlin invite
[21/4/2018 16:53:56] /warcarlin invite
[21/4/2018 16:54:1] /warcarlin invite, Onca
[21/4/2018 16:54:3] /warcarlin invite, Oncao
[21/4/2018 17:3:15] /warcarlin invite
[21/4/2018 17:3:19] /warcarlin invite, Oncao
[21/4/2018 17:3:53] /warcarlin invite, Oncao,10
[21/4/2018 17:3:56] /warcarlin invite, Oncao,15
[21/4/2018 17:4:0] /warcarlin invite, Oncao, 1242134
[21/4/2018 17:4:3] /warcarlin invite, Oncao
[21/4/2018 17:4:7] /warcarlin invite, Oncao, paunocu
[21/4/2018 17:4:10] /warcarlin invite, Oncao, 3
[21/4/2018 17:4:12] /warcarlin invite, Oncao, 3
[21/4/2018 17:4:23] /warcarlin invite, Oncao,3
[21/4/2018 17:6:53] /warcarlin invite, Oncao, paunocu
[21/4/2018 17:6:57] /warcarlin invite, Oncao
[21/4/2018 17:6:59] /warcarlin invite, Oncao,2
[21/4/2018 17:7:34] /warcarlin go
[21/4/2018 17:23:18] /warcarlin invite, Oncao
[21/4/2018 17:23:20] /warcarlin invite, Oncao,2
[21/4/2018 17:23:51] /warcarlin go
[21/4/2018 17:23:55] /warcarlin go
[21/4/2018 17:27:11] /warcarlin oncao
[21/4/2018 17:27:13] /warcarlin oncao
[21/4/2018 17:27:17] /warcarlin invite
[21/4/2018 17:27:20] /warcarlin invite, oncao
[21/4/2018 17:27:30] /warcarlin invite, oncao,2
[21/4/2018 17:27:49] /warcarlin go
[21/4/2018 17:35:22] /warcarlin invite, oncao,
[21/4/2018 17:35:39] /warcarlin invite, oncao,
[21/4/2018 17:35:43] /warcarlin invite, oncao,
[21/4/2018 17:36:14] /warcarlin invite, 
[21/4/2018 17:36:18] /warcarlin invite, 
[21/4/2018 17:36:33] /warcarlin invite, 
[21/4/2018 17:36:36] /warcarlin invite, Oncao
[21/4/2018 17:37:3] /warcarlin invite, Oncao,2
[21/4/2018 17:37:16] /warcarlin go
[22/4/2018 1:56:59] /warcarlin accept,vacona
[22/4/2018 1:58:29] /warcarlin accept,vacona
[22/4/2018 2:0:44] /warcarlin accept, vacona
[22/4/2018 2:0:44] /warcarlin go
[22/4/2018 2:1:7] /warcarlin go
[22/4/2018 2:4:4] /warcarlin accept, vacona
[22/4/2018 2:4:9] /warcarlin go
[22/4/2018 2:4:25] /warcarlin go
[22/4/2018 2:4:42] /warcarlin go
[22/4/2018 2:5:0] /warcarlin go
[22/4/2018 2:6:21] /warcarlin accept, vacona
[22/4/2018 2:6:24] /warcarlin go
[22/4/2018 2:6:38] /warcarlin go
[22/4/2018 2:6:52] /warcarlin go
[22/4/2018 2:7:7] /warcarlin go
[22/4/2018 2:9:11] /warcarlin accept, vacona
[22/4/2018 2:9:12] /warcarlin go
[22/4/2018 2:9:14] /warcarlin go
[22/4/2018 2:9:23] /warcarlin go
[22/4/2018 2:9:33] /warcarlin go
[22/4/2018 2:10:9] /warcarlin exit
[22/4/2018 9:29:28] /warcarlin invite, cocozin,1
[22/4/2018 9:29:33] /warcarlin go
[22/4/2018 9:29:41] /warcarlin go
[22/4/2018 9:52:53] /warcarlin invite, cocozin,1
[22/4/2018 9:52:57] /warcarlin go
[22/4/2018 9:53:37] /warcarlin exit
[22/4/2018 9:53:53] /warcarlin go
[22/4/2018 9:55:49] /warcarlin invite, cocozin,8
[22/4/2018 9:55:52] /warcarlin invite, cocozin,4
[22/4/2018 9:55:59] /warcarlin go
[22/4/2018 9:56:21] /warcarlin exit
[22/4/2018 9:56:25] /warcarlin go
[22/4/2018 10:11:7] /warcarlin invite, cocozin,3
[22/4/2018 10:11:11] /warcarlin go
[22/4/2018 10:11:12] /warcarlin go
[22/4/2018 10:11:52] /warcarlin go
[22/4/2018 10:16:49] /warcarlin invite, cocozin,3
[22/4/2018 10:16:52] /warcarlin go
[22/4/2018 10:17:26] /warcarlin go
[22/4/2018 10:18:17] /warcarlin go
[22/4/2018 10:20:12] /warcarlin invite, cocozin,2
[22/4/2018 10:20:17] /warcarlin go
[22/4/2018 10:20:51] /warcarlin go
[22/4/2018 10:21:36] /warcarlin go
[22/4/2018 10:21:53] /warcarlin exit
[22/4/2018 10:22:1] /warcarlin go
[22/4/2018 11:21:32] /warcarlin invite, cocozin,8
[22/4/2018 11:21:36] /warcarlin invite, cocozin,4
[22/4/2018 11:23:2] /warcarlin invite, cocozin,8
[22/4/2018 11:23:5] /warcarlin invite, cocozin,2
[22/4/2018 11:23:8] /warcarlin invite, cocozin,8
[22/4/2018 11:23:10] /warcarlin invite, cocozin,2
[22/4/2018 11:24:20] /warcarlin invite, cocozin,8
[22/4/2018 11:24:23] /warcarlin invite, cocozin,3
[22/4/2018 11:26:5] /warcarlin invite, cocozin,8
[22/4/2018 11:26:7] /warcarlin invite, cocozin,3
[22/4/2018 11:26:19] /warcarlin invite, cocozin, 3
[22/4/2018 11:30:16] /warcarlin invite, cocozin,8
[22/4/2018 11:30:18] /warcarlin invite, cocozin,8y
[22/4/2018 11:30:20] /warcarlin invite, cocozin,3
[22/4/2018 11:31:55] /warcarlin invite, cocozin,8
[22/4/2018 11:31:58] /warcarlin invite, cocozin,3
[22/4/2018 11:32:52] /warcarlin invite, cocozin,8,
[22/4/2018 11:32:56] /warcarlin invite, cocozin,2,6
[22/4/2018 11:33:1] /warcarlin invite, cocozin,2,1
[22/4/2018 11:33:4] /warcarlin invite, cocozin,2
[22/4/2018 11:33:7] /warcarlin invite, cocozin
[22/4/2018 11:33:10] /warcarlin invite, 
[22/4/2018 11:33:14] /warcarlin invite, cocozin
[22/4/2018 11:33:17] /warcarlin invite, cocozin,2
[22/4/2018 11:34:21] /warcarlin invite, cocozin,8
[22/4/2018 11:34:24] /warcarlin invite, cocozin,2
[22/4/2018 11:36:38] /warcarlin invite, cocozin,8
[22/4/2018 11:36:40] /warcarlin invite, cocozin,3
[22/4/2018 11:36:58] /warcarlin invite, cocozin,1
[22/4/2018 11:37:4] /warcarlin invite, cocozin,2,1
[22/4/2018 11:41:15] /warcarlin invite, cocozin,2
[22/4/2018 11:41:19] /warcarlin invite, cocozin,2,1
[22/4/2018 11:41:41] /warcarlin go
[22/4/2018 11:45:26] /warcarlin invite, cocozin,2,1
[22/4/2018 11:45:38] /warcarlin go
[22/4/2018 11:49:32] /warcarlin invite, cocozin,2,1
[22/4/2018 11:49:35] /warcarlin go
[22/4/2018 11:55:7] /warcarlin invite, cocozin,8
[22/4/2018 11:55:10] /warcarlin invite, cocozin,2
[22/4/2018 11:55:20] /warcarlin invite, cocozin,2,2
[22/4/2018 11:55:25] /warcarlin go
[22/4/2018 11:55:58] /warcarlin go
[22/4/2018 11:58:7] /warcarlin go
[22/4/2018 11:58:10] /warcarlin invite, cocozin,2,2
[22/4/2018 11:58:22] /warcarlin go
[22/4/2018 11:58:53] /warcarlin go
[22/4/2018 12:2:26] /warcarlin invite, cocozin,8
[22/4/2018 12:2:30] /warcarlin invite, cocozin,2
[22/4/2018 12:2:32] /warcarlin invite, cocozin,2,1
[22/4/2018 12:2:36] /warcarlin go
[22/4/2018 12:4:49] /warcarlin invite, cocozin,2,1
[22/4/2018 12:4:55] /warcarlin go
[22/4/2018 12:9:55] /warcarlin invite, cocozin,2,1
[22/4/2018 12:10:0] /warcarlin go
[22/4/2018 12:10:54] /warcarlin invite, cocozin,2,2
[22/4/2018 12:10:59] /warcarlin go
[22/4/2018 12:19:39] /warcarlin invite, cocozin,8
[22/4/2018 12:19:43] /warcarlin invite, cocozin,2,2
[22/4/2018 12:19:46] /warcarlin go
[22/4/2018 12:39:55] /warcarlin invite, cocozin,8
[22/4/2018 12:39:58] /warcarlin invite, cocozin,2
[22/4/2018 12:40:2] /warcarlin invite, cocozin,2,2
[22/4/2018 12:40:6] /warcarlin go
[22/4/2018 12:56:53] /warcarlin invite, cocozin,8
[22/4/2018 12:56:55] /warcarlin invite, cocozin,2
[22/4/2018 12:56:57] /warcarlin invite, cocozin,2,2
[22/4/2018 12:57:2] /warcarlin go
[22/4/2018 13:3:8] /warcarlin invite, cocozin,8
[22/4/2018 13:3:12] /warcarlin invite, cocozin,2
[22/4/2018 13:3:13] /warcarlin go
[22/4/2018 13:3:15] /warcarlin invite, cocozin,2,2
[22/4/2018 13:3:21] /warcarlin go
[22/4/2018 13:3:45] /warcarlin go
[22/4/2018 13:8:15] /warcarlin invite, cocozin,2,2
[22/4/2018 13:8:20] /warcarlin go
[22/4/2018 13:8:33] /warcarlin go
[22/4/2018 13:11:11] /warcarlin invite, cocozin,1,2
[22/4/2018 13:11:40] /warcarlin invite, cocozin,1,2
[22/4/2018 13:11:49] /warcarlin go
[22/4/2018 13:12:15] /warcarlin go
[22/4/2018 13:12:59] /warcarlin invite, cocozin,1,1
[22/4/2018 13:13:4] /warcarlin go
[22/4/2018 13:16:17] /warcarlin invite, cocozin,1,1
[22/4/2018 13:16:21] /warcarlin go
[22/4/2018 13:16:44] /warcarlin invite, cocozin,1,2
[22/4/2018 13:16:48] /warcarlin go
[22/4/2018 13:18:57] /warcarlin invite, cocozin,1,1
[22/4/2018 13:19:4] /warcarlin go
[22/4/2018 13:20:7] /warcarlin invite, cocozin,
[22/4/2018 13:20:9] /warcarlin go
[22/4/2018 13:20:25] /warcarlin invite, cocozin,1,0
[22/4/2018 13:21:16] /warcarlin invite, cocozin,1,0
[22/4/2018 13:23:20] /warcarlin invite, cocozin,1,0
[22/4/2018 13:26:6] /warcarlin invite, cocozin,0,1
[22/4/2018 13:26:9] /warcarlin invite, cocozin,1,0
[22/4/2018 13:26:16] /warcarlin go
[22/4/2018 13:26:33] /warcarlin go
[22/4/2018 13:26:35] /warcarlin invite, cocozin,1,0
[22/4/2018 13:27:54] /warcarlin invite, cocozin,0,1
[22/4/2018 13:27:57] /warcarlin invite, cocozin,1,0
[22/4/2018 13:32:6] /warcarlin invite, cocozin,1,0
[22/4/2018 13:32:16] /warcarlin go
[22/4/2018 13:33:23] /warcarlin invite, cocozin,1,0
[22/4/2018 13:33:29] /warcarlin go
[22/4/2018 13:34:25] /warcarlin go
[22/4/2018 13:53:36] /warcarlin invite, cocozin,
[22/4/2018 13:57:51] /warcarlin invite, cocozin,8
[22/4/2018 13:58:0] /warcarlin invite, cocozin,16
[22/4/2018 13:58:8] /warcarlin invite, cocozin,16,0
[22/4/2018 13:58:15] /warcarlin go
[22/4/2018 14:8:36] /warcarlin invite, cocozin,16,2
[22/4/2018 14:8:41] /warcarlin go
[22/4/2018 14:18:4] /warcarlin invite, cocozin,16,1
[22/4/2018 14:18:13] /warcarlin go
[22/4/2018 14:34:14] /warcarlin invite, cocozin,2
[22/4/2018 14:34:19] /warcarlin invite, cocozin,6,1
[22/4/2018 14:34:25] /warcarlin go
[22/4/2018 14:35:25] /warcarlin exit
[22/4/2018 14:35:47] /warcarlin go
[22/4/2018 14:36:21] /warcarlin exit
[22/4/2018 14:36:40] /warcarlin go
[22/4/2018 14:40:49] /warcarlin invite, cocozin,8
[22/4/2018 14:40:53] /warcarlin invite, cocozin,6,1
[22/4/2018 14:41:2] /warcarlin go
[22/4/2018 15:2:29] /warcarlin invite, cocozin,8
[22/4/2018 15:2:32] /warcarlin invite, cocozin,6,1
[22/4/2018 15:2:40] /warcarlin go
[22/4/2018 15:3:34] /warcarlin exit
[22/4/2018 15:3:36] /warcarlin go
[22/4/2018 15:5:44] /warcarlin exit
[22/4/2018 15:5:57] /warcarlin go
[22/4/2018 15:7:5] /warcarlin exit
[22/4/2018 15:7:7] /warcarlin go
[22/4/2018 15:7:9] /warcarlin exit
[22/4/2018 15:7:12] /warcarlin exit
[22/4/2018 15:8:17] /warcarlin go
[22/4/2018 15:9:7] /warcarlin invite, cocozin,6,1
[22/4/2018 15:9:13] /warcarlin go
[22/4/2018 15:9:19] /warcarlin exit
[22/4/2018 15:9:21] /warcarlin go
[22/4/2018 15:9:53] /warcarlin go
[22/4/2018 15:9:58] /warcarlin invite, cocozin,6,5
[22/4/2018 15:10:4] /warcarlin invite, cocozin,6,2
[22/4/2018 15:10:8] /warcarlin go
[22/4/2018 15:18:0] /warcarlin invite, cocozin,6,2
[22/4/2018 15:18:27] /warcarlin invite, cocozin,6,2
[22/4/2018 15:18:33] /warcarlin go
[22/4/2018 15:28:49] /warcarlin go
[22/4/2018 15:28:52] /warcarlin invite, cocozin,
[22/4/2018 15:28:58] /warcarlin invite, cocozin,6
[22/4/2018 15:29:2] /warcarlin invite, cocozin,6,1
[22/4/2018 15:29:7] /warcarlin go
[22/4/2018 15:32:33] /warcarlin invite, cocozin,6,2
[22/4/2018 15:32:38] /warcarlin go
[22/4/2018 15:48:7] /warcarlin accept, vacona
[22/4/2018 15:48:9] /warcarlin accept, vacona
[22/4/2018 15:48:10] /warcarlin accept, vacona
[22/4/2018 15:48:24] /warcarlin invite,cocozin
[22/4/2018 15:48:27] /warcarlin invite,cocozin,6
[22/4/2018 15:48:30] /warcarlin invite,cocozin,6,1
[22/4/2018 15:49:11] /warcarlin go
[22/4/2018 15:49:31] /warcarlin accept, vacona
[22/4/2018 15:49:45] /warcarlin invite,cocozin,6,1
[22/4/2018 15:49:51] /warcarlin go
[22/4/2018 15:50:38] /warcarlin invite,cocozin,6,1
[22/4/2018 15:50:47] /warcarlin go
[22/4/2018 15:59:54] /warcarlin Cocozin
[22/4/2018 16:0:1] /warcarlin Cocozin, 2
[22/4/2018 16:0:28] /warcarlin Cocozin, 2
[22/4/2018 16:0:52] /warcarlin
[22/4/2018 16:1:25] /warcarlin invite, Cocozin, 2
[22/4/2018 16:1:29] /warcarlin invite, Cocozin, 6
[22/4/2018 16:1:34] /warcarlin invite, Cocozin, 6, 2
[22/4/2018 16:1:47] /warcarlin go
[22/4/2018 16:3:29] /warcarlin exit
[22/4/2018 16:3:35] /warcarlin exit
[22/4/2018 16:4:0] /warcarlin go
[22/4/2018 16:4:11] /warcarlin exite
[22/4/2018 16:4:14] /warcarlin exit]
[22/4/2018 16:4:15] /warcarlin exit
[22/4/2018 16:4:18] /warcarlin go
[22/4/2018 16:4:23] /warcarlin exit
[22/4/2018 16:4:26] /warcarlin go
[22/4/2018 16:9:45] /warcarlin exit
[22/4/2018 16:9:49] /warcarlin exit
[22/4/2018 16:10:8] /warcarlin exit
[22/4/2018 16:45:0] /warcarlin invite, cocozin,6,1
[22/4/2018 16:45:23] /warcarlin go
[22/4/2018 16:51:50] /warcarlin accept, aviao
[22/4/2018 16:52:5] /warcarlin go
[22/4/2018 16:57:39] /warcarlin accept, aviao
[22/4/2018 16:57:57] /warcarlin invite, cocozin
[22/4/2018 16:58:0] /warcarlin invite, cocozin,6
[22/4/2018 16:58:2] /warcarlin invite, cocozin,6,1
[22/4/2018 16:58:9] /warcarlin go
