[17/3/2018 16:42:32] /reload creaturescripts
[17/3/2018 16:48:56] /reload creaturescripts
[17/3/2018 17:2:54] /reload creaturescripts
[17/3/2018 17:3:3] /reload talkactions
[17/3/2018 17:3:33] /reload creaturescripts
[17/3/2018 22:40:37] /reload creaturescripts
[17/3/2018 22:40:43] /reload talkactions
[17/3/2018 22:40:48] /reload talkactions
[17/3/2018 22:43:2] /reload creaturescripts
[17/3/2018 22:43:7] /reload talkactions
[17/3/2018 22:52:28] /reload creaturescripts
[17/3/2018 22:52:32] /reload talkactions
[17/3/2018 22:52:50] /r
[17/3/2018 22:58:12] /reload creaturescripts
[17/3/2018 22:58:19] /reload talkactions
[17/3/2018 23:2:39] /reload creaturescripts
[17/3/2018 23:7:59] /reload creaturescripts
[17/3/2018 23:9:1] /reload creaturescripts
[17/3/2018 23:13:21] /reload creaturescripts
[17/3/2018 23:14:57] /reload creaturescripts
[17/3/2018 23:15:3] /reload talkactions
[17/3/2018 23:17:11] /reload creaturescripts
[17/3/2018 23:18:47] /reload creaturescripts
[17/3/2018 23:20:14] /reload creaturescripts
[17/3/2018 23:22:26] /reload creaturescripts
[17/3/2018 23:25:35] /reload creaturescripts
[17/3/2018 23:28:22] /reload creaturescripts
[17/3/2018 23:34:39] /reload creaturescripts
[17/3/2018 23:42:2] /reload creaturescripts
[17/3/2018 23:43:0] /reload creaturescripts
[17/3/2018 23:43:26] /reload creaturescripts
[17/3/2018 23:44:6] /m baylor
[17/3/2018 23:44:6] /m baylor
[17/3/2018 23:45:59] /m baylor
[17/3/2018 23:46:0] /m baylor
[17/3/2018 23:46:0] /m baylor
[18/3/2018 0:11:42] /reload creaturescripts
[18/3/2018 0:12:37] /reload creaturescripts
[18/3/2018 0:24:15] /reload creaturescripts
[18/3/2018 0:24:49] /m baylor
[18/3/2018 0:24:49] /m baylor
[18/3/2018 0:24:49] /m baylor
[18/3/2018 0:24:49] /m baylor
[18/3/2018 0:24:50] /m baylor
[18/3/2018 0:24:50] /m baylor
[18/3/2018 0:24:50] /m baylor
[18/3/2018 0:24:50] /m baylor
[18/3/2018 0:24:50] /m baylor
[18/3/2018 0:24:50] /m baylor
[18/3/2018 0:44:19] /reload creaturescripts
[18/3/2018 0:49:47] /reload creaturescripts
[18/3/2018 0:49:55] /r
[18/3/2018 0:52:42] /reload creaturescripts
[18/3/2018 1:9:0] /reload creaturescripts
[18/3/2018 1:10:4] /reload creaturescripts
[18/3/2018 1:11:37] /reload creaturescripts
[18/3/2018 1:12:22] /reload creaturescripts
[18/3/2018 1:41:53] /reload creaturescripts
[9/4/2018 21:32:8] /reload creaturescripts
[9/4/2018 21:37:40] /reload creaturescripts
[9/4/2018 22:4:0] /reload creaturescripts
[9/4/2018 22:13:35] /reload creaturescripts
[9/4/2018 22:23:12] /reload talkactions
[9/4/2018 22:34:15] /reload creaturescripts
[9/4/2018 22:34:20] /reload talkactions
[9/4/2018 22:34:54] /reload talkactions
[9/4/2018 22:35:0] /reload creaturescripts
[9/4/2018 22:37:47] /reload talkactions
[9/4/2018 22:39:52] /reload talkactions
[9/4/2018 22:41:35] /reload talkactions
[9/4/2018 22:42:10] /reload talkactions
[9/4/2018 22:42:43] /reload talkactions
[9/4/2018 22:45:11] /reload talkactions
[9/4/2018 22:48:19] /reload talkactions
[9/4/2018 22:50:1] /reload talkactions
[9/4/2018 22:50:52] /reload talkactions
[9/4/2018 22:51:26] /reload talkactions
[9/4/2018 22:55:0] /reload talkactions
[9/4/2018 22:59:57] /reload talkactions
[9/4/2018 23:0:49] /reload talkactions
[9/4/2018 23:7:59] /reload talkactions
[9/4/2018 23:9:3] /reload talkactions
[15/4/2018 20:38:3] /reload talkactions
[15/4/2018 20:45:9] /reload talkactions
[15/4/2018 20:46:1] /reload talkactions
[15/4/2018 20:46:53] /reload talkactions
[15/4/2018 20:49:1] /reload talkactions
[15/4/2018 20:49:47] /reload talkactions
[15/4/2018 23:12:6] /c onca
[15/4/2018 23:12:9] /c aviao
[19/4/2018 18:55:55] /reload talkactions
[19/4/2018 18:56:2] /reload creaturescripts
[19/4/2018 20:5:21] /reload talkactions
[19/4/2018 20:5:29] /reload creaturescripts
[19/4/2018 20:6:39] /reload talkactions
[19/4/2018 20:8:12] /reload talkactions
[19/4/2018 20:10:14] /reload talkactions
[19/4/2018 20:10:19] /reload creaturescripts
[19/4/2018 20:10:26] /reload talkactions
[19/4/2018 20:11:10] /reload talkactions
[19/4/2018 20:11:14] /reload talkactions
[19/4/2018 20:12:18] /reload talkactions
[19/4/2018 20:12:22] /reload creaturescripts
[19/4/2018 20:13:39] /reload talkactions
[19/4/2018 20:13:51] /reload talkactions
[19/4/2018 20:15:56] /reload talkactions
[19/4/2018 20:16:3] /reload creaturescripts
[19/4/2018 20:16:8] /reload creaturescripts
[19/4/2018 20:16:25] /reload talkactions
[19/4/2018 20:16:51] /reload talkactions
[19/4/2018 20:17:22] /reload talkactions
[19/4/2018 20:17:29] /reload creaturescripts
[19/4/2018 20:19:16] /reload talkactions
[19/4/2018 20:20:40] /reload talkactions
[19/4/2018 20:20:46] /reload creaturescripts
[19/4/2018 20:23:35] /reload talkactions
[19/4/2018 20:25:8] /reload talkactions
[19/4/2018 20:25:49] /reload talkactions
[19/4/2018 20:25:54] /reload creaturescripts
[19/4/2018 20:39:7] /reload creaturescripts
[19/4/2018 20:39:13] /reload talkactions
[21/4/2018 16:51:59] /reload talkactions
[21/4/2018 16:53:41] /reload talkactions
[21/4/2018 16:54:32] /reload talkactions
[21/4/2018 17:2:3] /reload talkactions
[21/4/2018 17:3:0] /reload talkactions
[21/4/2018 17:6:40] /reload talkactions
[21/4/2018 17:24:8] /goto aviao
[21/4/2018 17:24:9] /a 2
[21/4/2018 17:24:9] /a 2
[21/4/2018 17:24:10] /a 2
[21/4/2018 17:24:10] /a 2
[21/4/2018 17:24:10] /a 2
[21/4/2018 17:24:10] /a 2
[21/4/2018 17:24:10] /a 2
[21/4/2018 17:24:10] /a 2
[21/4/2018 17:24:11] /a 2
[21/4/2018 17:24:11] /a 2
[21/4/2018 17:24:11] /a 2
[21/4/2018 17:24:11] /a 2
[21/4/2018 17:24:12] /a 2
[21/4/2018 17:24:12] /a 2
[21/4/2018 17:24:12] /a 2
[21/4/2018 17:24:12] /a 2
[21/4/2018 17:24:12] /a 2
[21/4/2018 17:24:12] /a 2
[21/4/2018 17:24:13] /a 2
[21/4/2018 17:24:13] /a 2
[21/4/2018 17:24:13] /a 2
[21/4/2018 17:24:13] /a 2
[21/4/2018 17:24:14] /a 2
[21/4/2018 17:24:14] /a 2
[21/4/2018 17:24:14] /a 2
[21/4/2018 17:24:14] /a 2
[21/4/2018 17:24:14] /a 2
[21/4/2018 17:24:14] /a 2
[21/4/2018 17:24:15] /a 2
[21/4/2018 17:24:15] /a 2
[21/4/2018 17:24:15] /a 2
[21/4/2018 17:24:15] /a 2
[21/4/2018 17:24:15] /a 2
[21/4/2018 17:24:15] /a 2
[21/4/2018 17:24:16] /a 2
[21/4/2018 17:24:16] /a 2
[21/4/2018 17:24:16] /a 2
[21/4/2018 17:24:16] /a 2
[21/4/2018 17:24:17] /a 2
[21/4/2018 17:24:17] /a 2
[21/4/2018 17:24:17] /a 2
[21/4/2018 17:24:18] /a 2
[21/4/2018 17:24:18] /a 2
[21/4/2018 17:24:18] /a 2
[21/4/2018 17:24:18] /a 2
[21/4/2018 17:24:18] /a 2
[21/4/2018 17:24:18] /a 2
[21/4/2018 17:24:19] /a 2
[21/4/2018 17:24:19] /a 2
[21/4/2018 17:24:19] /a 2
[21/4/2018 17:24:20] /a 2
[21/4/2018 17:24:20] /a 2
[21/4/2018 17:24:24] /up
[21/4/2018 17:24:25] /up
[21/4/2018 17:24:26] /up
[21/4/2018 17:24:28] /up
[21/4/2018 17:24:30] /up
[21/4/2018 17:24:34] /c aviao
[21/4/2018 17:24:37] /a 2
[21/4/2018 17:24:38] /a 2
[21/4/2018 17:24:38] /a 2
[21/4/2018 17:24:38] /a 2
[21/4/2018 17:24:38] /a 2
[21/4/2018 17:24:41] /down
[21/4/2018 17:24:41] /down
[21/4/2018 17:24:42] /down
[21/4/2018 17:24:44] /a 2
[21/4/2018 17:24:44] /a 2
[21/4/2018 17:24:46] /down
[21/4/2018 17:24:50] /down
[21/4/2018 17:24:51] /down
[21/4/2018 17:24:52] /down
[21/4/2018 17:24:53] /t
[21/4/2018 17:25:3] /goto onca
[21/4/2018 17:25:4] /a 2
[21/4/2018 17:25:4] /a 2
[21/4/2018 17:25:4] /a 2
[21/4/2018 17:25:5] /a 2
[21/4/2018 17:25:5] /a 2
[21/4/2018 17:25:5] /a 2
[21/4/2018 17:25:5] /a 2
[21/4/2018 17:25:5] /a 2
[21/4/2018 17:25:5] /a 2
[21/4/2018 17:25:5] /a 2
[21/4/2018 17:25:5] /a 2
[21/4/2018 17:25:5] /a 2
[21/4/2018 17:25:5] /a 2
[21/4/2018 17:25:5] /a 2
[21/4/2018 17:25:5] /a 2
[21/4/2018 17:25:5] /a 2
[21/4/2018 17:25:5] /a 2
[21/4/2018 17:25:5] /a 2
[21/4/2018 17:25:5] /a 2
[21/4/2018 17:25:5] /a 2
[21/4/2018 17:25:5] /a 2
[21/4/2018 17:25:5] /a 2
[21/4/2018 17:25:5] /a 2
[21/4/2018 17:25:5] /a 2
[21/4/2018 17:25:5] /a 2
[21/4/2018 17:25:5] /a 2
[21/4/2018 17:25:6] /a 2
[21/4/2018 17:25:6] /a 2
[21/4/2018 17:25:6] /a 2
[21/4/2018 17:25:6] /a 2
[21/4/2018 17:25:6] /a 2
[21/4/2018 17:25:6] /a 2
[21/4/2018 17:25:7] /a 2
[21/4/2018 17:25:7] /a 2
[21/4/2018 17:25:7] /a 2
[21/4/2018 17:25:7] /a 2
[21/4/2018 17:25:7] /a 2
[21/4/2018 17:25:8] /a 2
[21/4/2018 17:25:8] /a 2
[21/4/2018 17:25:8] /a 2
[21/4/2018 17:25:8] /a 2
[21/4/2018 17:25:8] /a 2
[21/4/2018 17:25:8] /a 2
[21/4/2018 17:25:8] /a 2
[21/4/2018 17:25:8] /a 2
[21/4/2018 17:25:8] /a 2
[21/4/2018 17:25:8] /a 2
[21/4/2018 17:25:8] /a 2
[21/4/2018 17:25:8] /a 2
[21/4/2018 17:25:8] /a 2
[21/4/2018 17:25:8] /a 2
[21/4/2018 17:25:8] /a 2
[21/4/2018 17:25:9] /a 2
[21/4/2018 17:25:9] /a 2
[21/4/2018 17:25:9] /a 2
[21/4/2018 17:25:9] /a 2
[21/4/2018 17:25:9] /a 2
[21/4/2018 17:25:9] /a 2
[21/4/2018 17:25:9] /a 2
[21/4/2018 17:25:9] /a 2
[21/4/2018 17:25:9] /a 2
[21/4/2018 17:25:9] /a 2
[21/4/2018 17:25:9] /a 2
[21/4/2018 17:25:9] /a 2
[21/4/2018 17:25:9] /a 2
[21/4/2018 17:25:9] /a 2
[21/4/2018 17:25:9] /a 2
[21/4/2018 17:25:9] /a 2
[21/4/2018 17:25:10] /a 2
[21/4/2018 17:25:10] /a 2
[21/4/2018 17:25:10] /a 2
[21/4/2018 17:25:10] /a 2
[21/4/2018 17:25:11] /a 2
[21/4/2018 17:25:11] /a 2
[21/4/2018 17:25:11] /a 2
[21/4/2018 17:25:11] /a 2
[21/4/2018 17:25:12] /a 2
[21/4/2018 17:25:12] /a 2
[21/4/2018 17:25:14] /a 2
[21/4/2018 17:25:15] /c onca
[21/4/2018 17:25:18] /a 2
[21/4/2018 17:25:18] /a 2
[21/4/2018 17:25:18] /a 2
[21/4/2018 17:25:18] /a 2
[21/4/2018 17:25:19] /a 2
[21/4/2018 17:25:19] /a 2
[21/4/2018 17:25:19] /a 2
[21/4/2018 17:25:19] /a 2
[21/4/2018 17:25:19] /a 2
[21/4/2018 17:25:20] /a 2
[21/4/2018 17:25:20] /a 2
[21/4/2018 17:25:20] /a 2
[21/4/2018 17:25:20] /a 2
[21/4/2018 17:25:21] /a 2
[21/4/2018 17:25:21] /a 2
[21/4/2018 17:25:21] /a 2
[21/4/2018 17:25:21] /a 2
[21/4/2018 17:25:22] /a 2
[21/4/2018 17:25:22] /a 2
[21/4/2018 17:25:22] /a 2
[21/4/2018 17:25:22] /a 2
[21/4/2018 17:25:23] /a 2
[21/4/2018 17:25:23] /a 2
[21/4/2018 17:25:23] /a 2
[21/4/2018 17:25:24] /a 2
[21/4/2018 17:25:24] /a 2
[21/4/2018 17:25:25] /a 2
[21/4/2018 17:25:25] /a 2
[21/4/2018 17:25:25] /a 2
[21/4/2018 17:25:27] /c onca
[21/4/2018 17:26:48] /reload talkactions
[21/4/2018 17:26:54] /reload creaturescripts
[21/4/2018 17:35:26] /reload talkactions
[21/4/2018 17:35:31] /reload creaturescripts
[21/4/2018 17:36:8] /reload talkactions
[21/4/2018 17:36:27] /reload talkactions
[21/4/2018 18:32:38] /reload talkactions
[21/4/2018 18:32:57] /reload creaturescripts
[21/4/2018 18:35:5] /reload talkactions
[21/4/2018 18:40:12] /reload talkactions
[21/4/2018 18:41:0] /reload talkactions
[21/4/2018 18:42:1] /reload talkactions
[21/4/2018 18:43:39] /reload talkactions
[21/4/2018 18:52:1] /reload talkactions
[21/4/2018 18:56:20] /reload talkactions
[21/4/2018 19:2:4] /reload talkactions
[21/4/2018 19:2:12] /reload creaturescripts
[21/4/2018 19:2:29] /c onca
[21/4/2018 19:5:17] /reload talkactions
[21/4/2018 19:8:5] /reload talkactions
[21/4/2018 19:8:33] /reload talkactions
[21/4/2018 19:10:35] /c aviao
[21/4/2018 19:10:39] /c teste
[21/4/2018 19:10:47] /c onca
[21/4/2018 19:30:28] /reload talkactions
[21/4/2018 19:34:9] /reload talkactions
[21/4/2018 19:38:4] /reload talkactions
[21/4/2018 19:41:49] /c teste
[21/4/2018 19:41:50] /c onca
[21/4/2018 19:56:32] /reload talkactions
[21/4/2018 20:2:40] /reload talkactions
[21/4/2018 20:2:45] /reload creaturescripts
[21/4/2018 20:12:29] /reload talkactions
[21/4/2018 20:12:35] /reload creaturescripts
[21/4/2018 20:18:51] /reload talkactions
[21/4/2018 20:18:56] /reload creaturescripts
[21/4/2018 20:19:5] /c teste
[21/4/2018 20:19:11] /c onca
[21/4/2018 20:20:40] /reload talkactions
[21/4/2018 20:20:45] /reload creaturescripts
[21/4/2018 20:24:19] /goto onca
[21/4/2018 20:24:20] /a 2
[21/4/2018 20:24:20] /a 2
[21/4/2018 20:24:20] /a 2
[21/4/2018 20:24:20] /a 2
[21/4/2018 20:24:20] /a 2
[21/4/2018 20:24:20] /a 2
[21/4/2018 20:24:20] /a 2
[21/4/2018 20:24:20] /a 2
[21/4/2018 20:24:20] /a 2
[21/4/2018 20:24:20] /a 2
[21/4/2018 20:24:20] /a 2
[21/4/2018 20:24:21] /a 2
[21/4/2018 20:24:21] /a 2
[21/4/2018 20:24:21] /a 2
[21/4/2018 20:24:21] /a 2
[21/4/2018 20:24:21] /a 2
[21/4/2018 20:24:21] /a 2
[21/4/2018 20:24:21] /a 2
[21/4/2018 20:24:22] /a 2
[21/4/2018 20:24:22] /a 2
[21/4/2018 20:24:22] /a 2
[21/4/2018 20:24:22] /a 2
[21/4/2018 20:24:22] /a 2
[21/4/2018 20:24:22] /a 2
[21/4/2018 20:24:22] /a 2
[21/4/2018 20:24:22] /a 2
[21/4/2018 20:24:22] /a 2
[21/4/2018 20:24:23] /a 2
[21/4/2018 20:24:23] /a 2
[21/4/2018 20:24:24] /a 2
[21/4/2018 20:24:24] /a 2
[21/4/2018 20:24:24] /a 2
[21/4/2018 20:24:24] /a 2
[21/4/2018 20:24:33] /up
[21/4/2018 20:24:35] /a 2
[21/4/2018 20:24:35] /a 2
[21/4/2018 20:24:35] /a 2
[21/4/2018 20:24:37] /a 2
[21/4/2018 20:24:37] /a 2
[21/4/2018 20:24:37] /a 2
[21/4/2018 20:24:38] /a 2
[21/4/2018 20:24:38] /a 2
[21/4/2018 20:24:38] /a 2
[21/4/2018 20:24:38] /a 2
[21/4/2018 20:24:38] /a 2
[21/4/2018 20:24:38] /a 2
[21/4/2018 20:24:40] /a 2
[21/4/2018 20:24:41] /up
[21/4/2018 20:24:42] /up
[21/4/2018 20:24:44] /a 2
[21/4/2018 20:24:45] /a 2
[21/4/2018 20:24:46] /up
[21/4/2018 20:24:50] /up
[21/4/2018 20:24:53] /c onca
[21/4/2018 20:24:54] /t
[21/4/2018 20:53:28] /reload talkactions
[21/4/2018 20:53:35] /reload creaturescripts
[21/4/2018 20:55:25] /c oncao
[21/4/2018 20:55:27] /c onca
[21/4/2018 20:55:28] /c teste
[21/4/2018 20:55:32] /r
[21/4/2018 20:55:34] /r
[21/4/2018 20:55:57] /reload talkactions
[21/4/2018 20:59:22] /reload talkactions
[21/4/2018 20:59:34] /reload talkactions
[21/4/2018 21:13:29] /reload talkactions
[21/4/2018 21:13:35] /reload creaturescripts
[21/4/2018 21:25:43] /reload talkactions
[21/4/2018 21:25:48] /reload creaturescripts
[21/4/2018 21:28:1] /reload talkactions
[21/4/2018 21:28:6] /reload creaturescripts
[21/4/2018 21:29:41] /reload talkactions
[21/4/2018 21:34:41] /reload talkactions
[21/4/2018 21:34:46] /reload creaturescripts
[21/4/2018 21:34:52] /r
[21/4/2018 21:34:54] /c onca
[21/4/2018 21:34:56] /r
[21/4/2018 21:43:46] /reload talkactions
[21/4/2018 21:43:51] /reload creaturescripts
[21/4/2018 21:45:32] /reload talkactions
[21/4/2018 21:45:37] /reload creaturescripts
[21/4/2018 21:51:50] /reload talkactions
[21/4/2018 21:51:55] /reload creaturescripts
[21/4/2018 21:54:59] /reload talkactions
[21/4/2018 21:55:5] /reload creaturescripts
[21/4/2018 21:57:26] /reload talkactions
[21/4/2018 21:57:31] /reload talkactions
[21/4/2018 21:57:37] /reload creaturescripts
[21/4/2018 22:0:30] /reload talkactions
[21/4/2018 22:0:34] /reload creaturescripts
[21/4/2018 22:6:44] /a 2
[21/4/2018 22:6:47] /a 2
[21/4/2018 22:6:47] /a 2
[21/4/2018 22:6:48] /a 2
[21/4/2018 22:6:48] /a 2
[21/4/2018 22:6:48] /a 2
[21/4/2018 22:6:48] /a 2
[21/4/2018 22:6:48] /a 2
[21/4/2018 22:6:49] /a 2
[21/4/2018 22:6:49] /a 2
[21/4/2018 22:6:49] /a 2
[21/4/2018 22:6:49] /a 2
[21/4/2018 22:6:49] /a 2
[21/4/2018 22:6:50] /a 2
[21/4/2018 22:6:50] /a 2
[21/4/2018 22:6:50] /a 2
[21/4/2018 22:6:52] /c aviao
[21/4/2018 22:6:54] /a 2
[21/4/2018 22:6:54] /a 2
[21/4/2018 22:6:54] /a 2
[21/4/2018 22:6:54] /a 2
[21/4/2018 22:6:55] /a 2
[21/4/2018 22:6:55] /a 2
[21/4/2018 22:6:56] /a 2
[21/4/2018 22:6:56] /a 2
[21/4/2018 22:6:56] /a 2
[21/4/2018 22:6:56] /a 2
[21/4/2018 22:6:57] /a 2
[21/4/2018 22:6:57] /a 2
[21/4/2018 22:6:57] /a 2
[21/4/2018 22:6:57] /a 2
[21/4/2018 22:6:57] /a 2
[21/4/2018 22:6:58] /a 2
[21/4/2018 22:6:58] /a 2
[21/4/2018 22:6:58] /a 2
[21/4/2018 22:6:58] /a 2
[21/4/2018 22:7:0] /a 2
[21/4/2018 22:7:0] /a 2
[21/4/2018 22:7:0] /a 2
[21/4/2018 22:7:11] /a 2
[21/4/2018 22:7:11] /a 2
[21/4/2018 22:7:16] /a 2
[21/4/2018 22:7:16] /a 2
[21/4/2018 22:7:17] /a 2
[21/4/2018 22:7:17] /a 2
[21/4/2018 22:7:17] /a 2
[21/4/2018 22:7:17] /a 2
[21/4/2018 22:7:17] /a 2
[21/4/2018 22:7:18] /a 2
[21/4/2018 22:7:18] /a 2
[21/4/2018 22:7:27] /c aviao
[21/4/2018 22:7:34] /a 2
[21/4/2018 22:7:35] /a 2
[21/4/2018 22:7:35] /a 2
[21/4/2018 22:7:35] /a 2
[21/4/2018 22:7:41] /goto matheus
[21/4/2018 22:7:44] /goto matheus
[21/4/2018 22:7:46] /goto matheus
[21/4/2018 22:7:49] /goto matheus
[21/4/2018 22:7:52] /goto matheus
[21/4/2018 22:8:36] /goto matheus
[21/4/2018 22:8:38] /goto matheus
[21/4/2018 22:8:40] /goto matheus
[21/4/2018 22:8:41] /goto matheus
[21/4/2018 22:8:43] /goto matheus
[21/4/2018 22:9:1] /a 2
[21/4/2018 22:9:1] /a 2
[21/4/2018 22:9:1] /a 2
[21/4/2018 22:9:2] /a 2
[21/4/2018 22:9:2] /a 2
[21/4/2018 22:9:2] /a 2
[21/4/2018 22:9:2] /a 2
[21/4/2018 22:9:2] /a 2
[21/4/2018 22:15:10] /reload talkactions
[21/4/2018 22:16:31] /c teste
[21/4/2018 22:16:35] /c onca
[21/4/2018 22:16:44] /r
[21/4/2018 22:16:46] /r
[21/4/2018 22:16:48] /r
[21/4/2018 22:18:36] /b 1 seg pere
[21/4/2018 22:21:26] /reload talkactions
[21/4/2018 22:21:33] /reload creaturescripts
[21/4/2018 22:34:14] /goto onca
[21/4/2018 22:34:16] /goto teste
[21/4/2018 22:35:42] /r
[21/4/2018 22:35:44] /r
[21/4/2018 23:3:3] /reload talkactions
[21/4/2018 23:3:10] /reload creaturescripts
[21/4/2018 23:3:15] /reload creaturescripts
[21/4/2018 23:4:46] /reload talkactions
[21/4/2018 23:4:50] /reload creaturescripts
[21/4/2018 23:14:45] /reload talkactions
[21/4/2018 23:14:50] /reload creaturescripts
[21/4/2018 23:19:45] /reload talkactions
[21/4/2018 23:19:51] /reload creaturescripts
[21/4/2018 23:20:5] /c onca
[21/4/2018 23:20:6] /c teste
[21/4/2018 23:20:10] /r
[21/4/2018 23:20:13] /r
[21/4/2018 23:24:4] /reload talkactions
[21/4/2018 23:24:8] /reload creaturescripts
[21/4/2018 23:25:37] /reload creaturescripts
[21/4/2018 23:25:52] /c onca
[21/4/2018 23:25:58] /c 
[21/4/2018 23:26:0] /c onca
[21/4/2018 23:26:1] /c teste
[21/4/2018 23:26:4] /r
[21/4/2018 23:27:38] /reload creaturescripts
[21/4/2018 23:27:42] /reload talkactions
[21/4/2018 23:30:5] /reload creaturescripts
[21/4/2018 23:31:19] /reload talkactions
[21/4/2018 23:31:24] /reload creaturescripts
[21/4/2018 23:36:24] /reload talkactions
[21/4/2018 23:36:29] /reload creaturescripts
[21/4/2018 23:37:51] /reload creaturescripts
[21/4/2018 23:38:46] /reload talkactions
[21/4/2018 23:38:51] /reload creaturescripts
[21/4/2018 23:41:47] /reload talkactions
[21/4/2018 23:41:52] /reload creaturescripts
[21/4/2018 23:43:25] /reload creaturescripts
[21/4/2018 23:43:39] /c onca
[21/4/2018 23:43:43] /r
[21/4/2018 23:43:46] /r
[21/4/2018 23:45:51] /reload talkactions
[21/4/2018 23:45:56] /reload creaturescripts
[21/4/2018 23:47:36] /r
[21/4/2018 23:47:38] /r
[21/4/2018 23:47:47] /reload creaturescripts
[21/4/2018 23:47:52] /reload talkactions
[21/4/2018 23:49:39] /reload talkactions
[21/4/2018 23:49:44] /reload creaturescripts
[21/4/2018 23:52:20] /reload talkactions
[21/4/2018 23:52:26] /reload creaturescripts
[21/4/2018 23:52:40] /c onca
[21/4/2018 23:52:50] /r
[21/4/2018 23:52:53] /r
[21/4/2018 23:54:1] /r
[21/4/2018 23:55:19] /reload creaturescripts
[21/4/2018 23:57:23] /reload talkactions
[21/4/2018 23:57:29] /reload creaturescripts
[21/4/2018 23:57:42] /r
[21/4/2018 23:57:53] /r
[22/4/2018 0:0:13] /reload creaturescripts
[22/4/2018 0:3:12] /r
[22/4/2018 0:3:14] /r
[22/4/2018 0:10:49] /reload talkactions
[22/4/2018 0:10:53] /reload creaturescripts
[22/4/2018 0:49:27] /reload talkactions
[22/4/2018 0:49:34] /reload creaturescripts
[22/4/2018 0:52:36] /reload creaturescripts
[22/4/2018 0:53:9] /reload talkactions
[22/4/2018 0:59:8] /reload talkactions
[22/4/2018 0:59:13] /reload creaturescripts
[22/4/2018 1:9:18] /reload talkactions
[22/4/2018 1:9:38] /reload talkactions
[22/4/2018 1:9:43] /reload creaturescripts
[22/4/2018 1:14:23] /reload talkactions
[22/4/2018 1:14:29] /reload creaturescripts
[22/4/2018 1:14:48] /reload talkactions
[22/4/2018 1:14:53] /reload creaturescripts
[22/4/2018 1:19:55] /reload talkactions
[22/4/2018 1:20:0] /reload creaturescripts
[22/4/2018 1:45:41] /c teste
[22/4/2018 1:45:45] /c abc
[22/4/2018 1:46:19] /r
[22/4/2018 1:46:22] /r
[22/4/2018 1:46:24] /reload talkactions
[22/4/2018 1:46:33] /reload creaturescripts
[22/4/2018 1:58:10] /reload talkactions
[22/4/2018 1:59:53] /reload talkactions
[22/4/2018 2:3:47] /reload talkactions
[22/4/2018 2:3:51] /reload creaturescripts
[22/4/2018 2:6:11] /reload talkactions
[22/4/2018 9:26:56] /reload creaturescripts
[22/4/2018 9:30:23] /reload creaturescripts
[22/4/2018 9:30:28] /reload creaturescripts
[22/4/2018 9:51:42] /reload talkactions
[22/4/2018 9:51:48] /reload creaturescripts
[22/4/2018 10:7:24] /reload talkactions
[22/4/2018 10:7:30] /reload creaturescripts
[22/4/2018 10:10:52] /reload talkactions
[22/4/2018 10:15:55] /reload talkactions
[22/4/2018 10:16:0] /reload creaturescripts
[22/4/2018 10:17:56] /reload creaturescripts
[22/4/2018 11:21:16] /reload talkactions
[22/4/2018 11:21:22] /reload creaturescripts
[22/4/2018 11:24:15] /reload talkactions
[22/4/2018 11:25:51] /reload talkactions
[22/4/2018 11:27:38] /reload talkactions
[22/4/2018 11:27:43] /reload creaturescripts
[22/4/2018 11:30:0] /reload talkactions
[22/4/2018 11:30:5] /reload creaturescripts
[22/4/2018 11:34:13] /warcarlin accept, vacona
[22/4/2018 11:34:16] /reload talkactions
[22/4/2018 11:36:10] /reload talkactions
[22/4/2018 11:36:33] /reload creaturescripts
[22/4/2018 11:41:4] /reload talkactions
[22/4/2018 11:45:3] /c aviao
[22/4/2018 11:45:6] /c abc
[22/4/2018 11:45:14] /r
[22/4/2018 11:45:16] /r
[22/4/2018 11:45:17] /r
[22/4/2018 11:49:1] /reload talkactions
[22/4/2018 11:49:6] /reload creaturescripts
[22/4/2018 11:49:18] /c abc
[22/4/2018 11:49:20] /c aviao
[22/4/2018 11:49:24] /r
[22/4/2018 11:49:25] /r
[22/4/2018 11:53:55] /reload talkactions
[22/4/2018 11:54:1] /reload creaturescripts
[22/4/2018 11:54:31] /reload talkactions
[22/4/2018 12:2:5] /reload talkactions
[22/4/2018 12:2:9] /reload creaturescripts
[22/4/2018 12:4:25] /reload talkactions
[22/4/2018 12:4:33] /reload creaturescripts
[22/4/2018 12:9:17] /reload talkactions
[22/4/2018 12:9:23] /reload creaturescripts
[22/4/2018 12:9:38] /c abc
[22/4/2018 12:9:41] /m goblin
[22/4/2018 12:9:41] /m goblin
[22/4/2018 12:9:44] /r
[22/4/2018 12:9:47] /r
[22/4/2018 12:19:25] /c abc
[22/4/2018 12:19:27] /c aviao
[22/4/2018 12:19:28] /r
[22/4/2018 12:19:30] /r
[22/4/2018 12:31:55] /reload talkactions
[22/4/2018 12:43:8] /reload talkactions
[22/4/2018 12:54:53] /reload talkactions
[22/4/2018 12:54:58] /reload creaturescripts
[22/4/2018 12:55:4] /c aviao
[22/4/2018 12:55:9] /r
[22/4/2018 12:55:11] /r
[22/4/2018 12:56:4] /reload talkactions
[22/4/2018 12:56:16] /reload talkactions
[22/4/2018 12:56:22] /r
[22/4/2018 12:56:25] /r
[22/4/2018 13:1:29] /reload talkactions
[22/4/2018 13:1:34] /reload creaturescripts
[22/4/2018 13:1:40] /c abc
[22/4/2018 13:1:42] /c aviao
[22/4/2018 13:2:1] /r
[22/4/2018 13:2:3] /r
[22/4/2018 13:2:49] /reload talkactions
[22/4/2018 13:2:54] /reload creaturescripts
[22/4/2018 13:8:3] /reload talkactions
[22/4/2018 13:8:8] /reload creaturescripts
[22/4/2018 13:11:29] /reload talkactions
[22/4/2018 13:15:26] /reload talkactions
[22/4/2018 13:15:34] /reload creaturescripts
[22/4/2018 13:15:39] /c abc
[22/4/2018 13:23:9] /reload talkactions
[22/4/2018 13:23:14] /reload creaturescripts
[22/4/2018 13:25:49] /reload talkactions
[22/4/2018 13:25:54] /reload creaturescripts
[22/4/2018 13:27:43] /reload talkactions
[22/4/2018 13:27:48] /reload creaturescripts
[22/4/2018 13:31:55] /reload talkactions
[22/4/2018 13:32:1] /reload creaturescripts
[22/4/2018 13:50:21] /reload talkactions
[22/4/2018 13:50:26] /reload creaturescripts
[22/4/2018 13:57:41] /reload talkactions
[22/4/2018 13:57:45] /reload creaturescripts
[22/4/2018 14:3:14] /reload talkactions
[22/4/2018 14:3:19] /reload creaturescripts
[22/4/2018 14:5:29] /c abc
[22/4/2018 14:5:44] /c aviao
[22/4/2018 14:6:57] /reload talkactions
[22/4/2018 14:7:40] /reload talkactions
[22/4/2018 14:8:2] /reload talkactions
[22/4/2018 14:10:35] /reload talkactions
[22/4/2018 14:10:48] /reload talkactions
[22/4/2018 14:16:9] /reload talkactions
[22/4/2018 14:16:20] /reload creaturescripts
[22/4/2018 14:16:50] /reload creaturescripts
[22/4/2018 14:16:54] /reload talkactions
[22/4/2018 14:17:9] /c abc
[22/4/2018 14:17:16] /c aviao
[22/4/2018 14:17:28] /reload talkactions
[22/4/2018 14:20:2] /reload creaturescripts
[22/4/2018 14:20:7] /reload talkactions
[22/4/2018 14:31:12] /reload talkactions
[22/4/2018 14:31:19] /reload creaturescripts
[22/4/2018 14:32:2] /reload talkactions
[22/4/2018 14:34:59] /reload creaturescripts
[22/4/2018 14:35:4] /reload talkactions
[22/4/2018 14:36:10] /reload talkactions
[22/4/2018 14:39:33] /reload talkactions
[22/4/2018 14:40:36] /reload talkactions
[22/4/2018 15:1:49] /reload talkactions
[22/4/2018 15:1:56] /reload creaturescripts
[22/4/2018 15:3:26] /reload talkactions
[22/4/2018 15:5:31] /reload talkactions
[22/4/2018 15:7:51] /reload talkactions
[22/4/2018 15:13:26] /reload talkactions
[22/4/2018 15:17:50] /reload talkactions
[22/4/2018 15:18:20] /reload talkactions
[22/4/2018 15:30:44] /reload talkactions
[22/4/2018 15:30:49] /reload creaturescripts
[22/4/2018 15:31:6] /c abc
[22/4/2018 15:31:8] /c aviao
[22/4/2018 15:31:13] /r
[22/4/2018 15:31:14] /r
[22/4/2018 15:32:6] /reload talkactions
[22/4/2018 15:32:24] /reload talkactions
[22/4/2018 15:34:20] /reload talkactions
[22/4/2018 15:34:24] /c abc
[22/4/2018 15:34:25] /c aviao
[22/4/2018 15:34:27] /r
[22/4/2018 15:34:29] /r
[22/4/2018 15:34:39] /reload talkactions
[22/4/2018 15:38:58] /warcarlin accept, vacona
[22/4/2018 15:39:12] /warcarlin accept, vacona
[22/4/2018 15:40:1] /reload talkactions
[22/4/2018 15:41:19] /reload talkactions
[22/4/2018 15:41:47] /reload talkactions
[22/4/2018 15:45:2] /reload talkactions
[22/4/2018 15:46:40] /reload talkactions
[22/4/2018 15:46:45] /reload creaturescripts
[22/4/2018 15:47:1] /r
[22/4/2018 15:47:2] /reload talkactions
[22/4/2018 15:47:21] /reload talkactions
[22/4/2018 16:0:34] /reload talkactions
[22/4/2018 16:5:13] /c abc
[22/4/2018 16:5:16] /c abc
[22/4/2018 16:5:34] /c aviao
[22/4/2018 16:5:40] /r
[22/4/2018 16:5:42] /r
[22/4/2018 16:5:44] /r
[22/4/2018 16:6:23] /r
[22/4/2018 16:6:25] /r
[22/4/2018 16:6:26] /r
[22/4/2018 16:6:37] /a 2
[22/4/2018 16:6:38] /a 2
[22/4/2018 16:6:38] /a 2
[22/4/2018 16:6:38] /a 2
[22/4/2018 16:6:38] /a 2
[22/4/2018 16:6:38] /a 2
[22/4/2018 16:6:38] /a 2
[22/4/2018 16:6:39] /a 2
[22/4/2018 16:6:39] /a 2
[22/4/2018 16:6:39] /a 2
[22/4/2018 16:6:39] /a 2
[22/4/2018 16:6:39] /a 2
[22/4/2018 16:6:39] /a 2
[22/4/2018 16:6:40] /a 2
[22/4/2018 16:6:40] /a 2
[22/4/2018 16:6:41] /a 2
[22/4/2018 16:6:43] /c aviao
[22/4/2018 16:21:14] /r
[22/4/2018 16:21:17] /r
[22/4/2018 16:21:24] /a 2
[22/4/2018 16:21:24] /a 2
[22/4/2018 16:21:24] /a 2
[22/4/2018 16:21:24] /a 2
[22/4/2018 16:21:25] /a 2
[22/4/2018 16:21:25] /a 2
[22/4/2018 16:21:25] /a 2
[22/4/2018 16:21:25] /a 2
[22/4/2018 16:21:25] /a 2
[22/4/2018 16:21:26] /a 2
[22/4/2018 16:21:26] /a 2
[22/4/2018 16:21:26] /a 2
[22/4/2018 16:21:26] /a 2
[22/4/2018 16:25:1] /reload movements
[22/4/2018 16:25:16] /reload movements
[22/4/2018 16:27:36] /reload talkactions
[22/4/2018 16:27:45] /reload movements
[22/4/2018 16:29:52] /reload movements
[22/4/2018 16:32:19] /a 2
[22/4/2018 16:44:25] /c aviao
[22/4/2018 16:44:27] /c abc
[22/4/2018 16:46:32] /goto aviao
[22/4/2018 16:46:36] /down
[22/4/2018 16:46:39] /c aviao
[22/4/2018 16:47:29] /reload movements
[22/4/2018 16:49:8] /reload movements
[22/4/2018 16:51:37] /reload movements
[22/4/2018 16:52:43] /a 2
[22/4/2018 16:52:43] /a 2
[22/4/2018 16:52:47] /a 2
[22/4/2018 16:57:9] /reload talkactions
[22/4/2018 20:1:13] /warcarlin
[22/4/2018 20:32:59] /a 2
[22/4/2018 20:33:3] /c baiak scripts
[22/4/2018 20:33:7] /a 2
[22/4/2018 20:33:11] /a 2
[22/4/2018 20:33:11] /a 2
[22/4/2018 20:33:12] /a 2
[22/4/2018 20:33:12] /a 2
[22/4/2018 20:33:13] /a 2
[22/4/2018 20:33:13] /a 2
[22/4/2018 20:33:14] /a 2
[22/4/2018 20:33:14] /a 2
[22/4/2018 20:33:25] /a 2
[22/4/2018 20:33:25] /a 2
[22/4/2018 20:33:26] /a 2
[22/4/2018 20:33:26] /a 2
[22/4/2018 20:33:28] /a 2
[22/4/2018 20:33:28] /a 2
[22/4/2018 20:33:28] /a 2
[22/4/2018 20:33:29] /a 2
[22/4/2018 20:33:29] /a 2
[22/4/2018 20:33:30] /a 2
[22/4/2018 20:33:38] /a 2
[22/4/2018 20:33:38] /a 2
[22/4/2018 20:33:38] /a 2
[22/4/2018 20:33:54] /c baiak scripts
[22/4/2018 20:33:58] /a 2
[22/4/2018 20:33:59] /a 2
[22/4/2018 20:34:7] /a 2
[22/4/2018 20:34:7] /a 2
[22/4/2018 20:34:7] /a 2
[22/4/2018 20:34:7] /a 2
[22/4/2018 20:34:8] /a 2
[22/4/2018 20:34:8] /a 2
[22/4/2018 20:34:8] /a 2
[22/4/2018 20:34:8] /a 2
[22/4/2018 20:34:8] /a 2
[22/4/2018 20:34:8] /a 2
[22/4/2018 20:34:9] /a 2
[22/4/2018 20:34:9] /a 2
[22/4/2018 20:34:9] /a 2
[22/4/2018 20:34:9] /a 2
[22/4/2018 20:34:10] /a 2
[22/4/2018 20:34:10] /a 2
[22/4/2018 20:34:10] /a 2
[22/4/2018 20:34:10] /a 2
[22/4/2018 20:34:10] /a 2
[22/4/2018 20:34:11] /a 2
[22/4/2018 20:34:11] /a 2
[22/4/2018 20:34:18] /up
[22/4/2018 20:34:23] /a 2
[22/4/2018 20:34:23] /a 2
[22/4/2018 20:34:23] /a 2
[22/4/2018 20:34:23] /a 2
[22/4/2018 20:34:23] /a 2
[22/4/2018 20:34:24] /a 2
[22/4/2018 20:34:25] /a 2
[22/4/2018 20:34:25] /a 2
[22/4/2018 20:34:25] /a 2
[22/4/2018 20:34:25] /a 2
[22/4/2018 20:34:25] /a 2
[22/4/2018 20:34:26] /a 2
[22/4/2018 20:34:26] /a 2
[22/4/2018 20:34:26] /a 2
[22/4/2018 20:34:26] /a 2
[22/4/2018 20:34:26] /a 2
[22/4/2018 20:34:27] /a 2
[22/4/2018 20:34:27] /a 2
[22/4/2018 20:34:27] /a 2
[22/4/2018 20:34:28] /a 2
[22/4/2018 20:34:28] /a 2
[22/4/2018 20:34:28] /a 2
[22/4/2018 20:34:28] /a 2
[22/4/2018 20:34:29] /a 2
[22/4/2018 20:34:29] /a 2
[22/4/2018 20:34:30] /a 2
[22/4/2018 20:34:30] /a 2
[22/4/2018 20:34:30] /a 2
[22/4/2018 20:34:31] /a 2
[22/4/2018 20:34:31] /a 2
[22/4/2018 20:34:31] /a 2
[22/4/2018 20:34:31] /a 2
[22/4/2018 20:34:31] /a 2
[22/4/2018 20:34:32] /a 2
[22/4/2018 20:34:32] /a 2
[22/4/2018 20:34:32] /a 2
[22/4/2018 20:34:33] /a 2
[22/4/2018 20:34:33] /a 2
[22/4/2018 20:34:35] /a 2
[22/4/2018 20:34:37] /a 2
[22/4/2018 20:34:37] /a 2
[22/4/2018 20:34:38] /a 2
[22/4/2018 20:34:38] /a 2
[22/4/2018 20:34:38] /a 2
[22/4/2018 20:34:38] /a 2
[22/4/2018 20:34:39] /a 2
[22/4/2018 20:34:39] /a 2
[22/4/2018 20:34:39] /a 2
[22/4/2018 20:34:39] /a 2
[22/4/2018 20:34:39] /a 2
[22/4/2018 20:35:2] /c baiak scripts
[22/4/2018 20:35:5] /c baiak scripts
[22/4/2018 20:35:21] /c baiak scripts
[22/4/2018 20:35:24] /a 2
[22/4/2018 20:35:30] /a 2
[22/4/2018 20:35:32] /c baiak scripts
[22/4/2018 20:35:39] /c baiak scripts
[22/4/2018 20:35:50] /goto baiak scripts
[22/4/2018 20:35:56] /goto baiak scripts
[22/4/2018 20:35:58] /a 2
[22/4/2018 20:35:59] /a 2
[22/4/2018 20:35:59] /a 2
[22/4/2018 20:35:59] /a 2
[22/4/2018 20:35:59] /a 2
[22/4/2018 20:35:59] /a 2
[22/4/2018 20:35:59] /a 2
[22/4/2018 20:35:59] /a 2
[22/4/2018 20:35:59] /a 2
[22/4/2018 20:35:59] /a 2
[22/4/2018 20:35:59] /a 2
[22/4/2018 20:35:59] /a 2
[22/4/2018 20:35:59] /a 2
[22/4/2018 20:35:59] /a 2
[22/4/2018 20:35:59] /a 2
[22/4/2018 20:35:59] /a 2
[22/4/2018 20:35:59] /a 2
[22/4/2018 20:35:59] /a 2
[22/4/2018 20:35:59] /a 2
[22/4/2018 20:35:59] /a 2
[22/4/2018 20:36:0] /a 2
[22/4/2018 20:36:0] /a 2
[22/4/2018 20:36:2] /a 2
[22/4/2018 20:36:2] /a 2
[22/4/2018 20:36:2] /a 2
[22/4/2018 20:36:3] /a 2
[22/4/2018 20:36:3] /a 2
[22/4/2018 20:36:3] /a 2
[22/4/2018 20:36:3] /a 2
[22/4/2018 20:36:3] /a 2
[22/4/2018 20:36:3] /a 2
[22/4/2018 20:36:3] /a 2
[22/4/2018 20:36:3] /a 2
[22/4/2018 20:36:3] /a 2
[22/4/2018 20:36:3] /a 2
[22/4/2018 20:36:3] /a 2
[22/4/2018 20:36:3] /a 2
[22/4/2018 20:36:3] /a 2
[22/4/2018 20:36:3] /a 2
[22/4/2018 20:36:3] /a 2
[22/4/2018 20:36:3] /a 2
[22/4/2018 20:36:4] /a 2
[22/4/2018 20:36:4] /a 2
[22/4/2018 20:36:4] /a 2
[22/4/2018 20:36:5] /a 2
[22/4/2018 20:36:5] /a 2
[22/4/2018 20:36:5] /a 2
[22/4/2018 20:36:7] /down
[22/4/2018 20:36:8] /a 2
[22/4/2018 20:36:8] /a 2
[22/4/2018 20:36:8] /a 2
[22/4/2018 20:36:9] /a 2
[22/4/2018 20:36:9] /a 2
[22/4/2018 20:36:9] /a 2
[22/4/2018 20:36:9] /a 2
[22/4/2018 20:36:9] /a 2
[22/4/2018 20:36:9] /a 2
[22/4/2018 20:36:9] /a 2
[22/4/2018 20:36:9] /a 2
[22/4/2018 20:36:9] /a 2
[22/4/2018 20:36:10] /a 2
[22/4/2018 20:36:10] /a 2
[22/4/2018 20:36:10] /a 2
[22/4/2018 20:36:10] /a 2
[22/4/2018 20:36:11] /a 2
[22/4/2018 20:36:11] /a 2
[22/4/2018 20:36:11] /a 2
[22/4/2018 20:36:11] /a 2
[22/4/2018 20:36:11] /a 2
[22/4/2018 20:36:11] /a 2
[22/4/2018 20:36:12] /a 2
[22/4/2018 20:36:12] /a 2
[22/4/2018 20:36:12] /a 2
[22/4/2018 20:36:13] /a 2
[22/4/2018 20:36:13] /a 2
[22/4/2018 20:36:13] /a 2
[22/4/2018 20:36:13] /a 2
[22/4/2018 20:36:14] /a 2
[22/4/2018 20:36:14] /a 2
[22/4/2018 20:36:15] /a 2
[22/4/2018 20:36:15] /a 2
[22/4/2018 20:36:15] /a 2
[22/4/2018 20:36:15] /a 2
[22/4/2018 20:36:15] /a 2
[22/4/2018 20:36:16] /a 2
[22/4/2018 20:36:16] /a 2
[22/4/2018 20:36:16] /a 2
[22/4/2018 20:36:18] /a 2
[22/4/2018 20:36:18] /a 2
[22/4/2018 20:36:18] /a 2
[22/4/2018 20:36:18] /a 2
[22/4/2018 20:36:20] /a 2
[22/4/2018 20:36:20] /a 2
[22/4/2018 20:36:20] /a 2
[22/4/2018 20:36:21] /a 2
[22/4/2018 20:36:21] /a 2
[22/4/2018 20:36:21] /a 2
[22/4/2018 20:36:21] /a 2
[22/4/2018 20:36:22] /a 2
[22/4/2018 20:36:22] /a 2
[22/4/2018 20:36:22] /a 2
[22/4/2018 20:36:22] /a 2
[22/4/2018 20:36:22] /a 2
[22/4/2018 20:36:22] /a 2
[22/4/2018 20:36:22] /a 2
[22/4/2018 20:36:22] /a 2
[22/4/2018 20:36:22] /a 2
[22/4/2018 20:36:22] /a 2
[22/4/2018 20:36:22] /a 2
[22/4/2018 20:36:22] /a 2
[22/4/2018 20:36:22] /a 2
[22/4/2018 20:36:22] /a 2
[22/4/2018 20:36:22] /a 2
[22/4/2018 20:36:22] /a 2
[22/4/2018 20:36:23] /a 2
[22/4/2018 20:36:23] /a 2
[22/4/2018 20:36:23] /a 2
[22/4/2018 20:36:23] /a 2
[22/4/2018 20:36:24] /a 2
[22/4/2018 20:36:24] /a 2
[22/4/2018 20:36:24] /a 2
[22/4/2018 20:36:33] /c baiak scripts
[22/4/2018 20:36:33] /a 2
[22/4/2018 20:36:34] /a 2
[22/4/2018 20:36:34] /a 2
[22/4/2018 20:36:34] /a 2
[22/4/2018 20:36:34] /a 2
[22/4/2018 20:36:35] /a 2
[22/4/2018 20:36:35] /a 2
[22/4/2018 20:36:35] /a 2
[22/4/2018 20:36:35] /a 2
[22/4/2018 20:36:35] /a 2
[22/4/2018 20:36:36] /a 2
[22/4/2018 20:36:36] /a 2
[22/4/2018 20:36:36] /a 2
[22/4/2018 20:36:36] /a 2
[22/4/2018 20:36:37] /a 2
[22/4/2018 20:36:37] /a 2
[22/4/2018 20:36:39] /c baiak scripts
[22/4/2018 20:36:40] /a 2
[22/4/2018 20:36:40] /a 2
[22/4/2018 20:36:40] /a 2
[22/4/2018 20:36:41] /a 2
[22/4/2018 20:36:41] /a 2
[22/4/2018 20:36:41] /a 2
[22/4/2018 20:36:41] /a 2
[22/4/2018 20:36:41] /a 2
[22/4/2018 20:36:41] /a 2
[22/4/2018 20:36:47] /goto baiak scripts
[22/4/2018 20:36:49] /goto baiak scripts
[22/4/2018 20:36:51] /goto baiak scripts
[22/4/2018 20:36:53] /goto baiak scripts
[22/4/2018 20:36:54] /goto baiak scripts
[22/4/2018 20:36:57] /goto baiak scripts
[22/4/2018 20:38:3] /c aviao
[22/4/2018 20:38:59] /a 2
[22/4/2018 20:38:59] /a 2
[22/4/2018 20:38:59] /a 2
[22/4/2018 20:39:0] /a 2
[22/4/2018 20:39:0] /a 2
[22/4/2018 20:39:0] /a 2
[22/4/2018 20:39:0] /a 2
[22/4/2018 20:39:1] /a 2
[22/4/2018 20:39:1] /a 2
[22/4/2018 20:39:1] /a 2
[22/4/2018 20:39:1] /a 2
[22/4/2018 20:39:1] /a 2
[22/4/2018 20:39:2] /a 2
[22/4/2018 20:39:2] /a 2
[22/4/2018 20:39:2] /a 2
[22/4/2018 20:39:2] /a 2
[22/4/2018 20:39:2] /a 2
[22/4/2018 20:39:3] /a 2
[22/4/2018 20:39:3] /a 2
[22/4/2018 20:39:3] /a 2
[22/4/2018 20:39:3] /a 2
[22/4/2018 20:39:4] /a 2
[22/4/2018 20:39:4] /a 2
[22/4/2018 20:39:4] /a 2
[22/4/2018 20:39:4] /a 2
[22/4/2018 20:39:4] /a 2
[22/4/2018 20:39:4] /a 2
[22/4/2018 20:39:5] /a 2
[22/4/2018 20:39:5] /a 2
[22/4/2018 20:39:5] /a 2
[22/4/2018 20:39:5] /a 2
[22/4/2018 20:39:5] /a 2
[22/4/2018 20:39:6] /a 2
[22/4/2018 20:39:6] /a 2
[22/4/2018 20:39:7] /a 2
[22/4/2018 20:39:7] /a 2
[22/4/2018 20:39:7] /a 2
[22/4/2018 20:39:7] /a 2
[22/4/2018 20:39:8] /a 2
[22/4/2018 20:39:8] /a 2
[22/4/2018 20:39:12] /a 2
[22/4/2018 20:39:12] /a 2
[22/4/2018 20:39:13] /a 2
[22/4/2018 20:39:13] /a 2
[22/4/2018 20:39:13] /a 2
[22/4/2018 20:39:13] /a 2
[22/4/2018 20:39:14] /a 2
[22/4/2018 20:39:14] /a 2
[22/4/2018 20:39:14] /a 2
[22/4/2018 20:39:15] /a 2
[22/4/2018 20:39:15] /a 2
[22/4/2018 20:39:15] /a 2
[22/4/2018 20:39:15] /a 2
[22/4/2018 20:39:15] /a 2
[22/4/2018 20:39:21] /a 2
[22/4/2018 20:39:21] /a 2
[22/4/2018 20:39:22] /a 2
[22/4/2018 20:39:22] /a 2
[22/4/2018 20:39:22] /a 2
[22/4/2018 20:39:22] /a 2
[22/4/2018 20:39:22] /a 2
[22/4/2018 20:39:22] /a 2
[22/4/2018 20:39:22] /a 2
[22/4/2018 20:39:22] /a 2
[22/4/2018 20:39:22] /a 2
[22/4/2018 20:39:22] /a 2
[22/4/2018 20:39:22] /a 2
[22/4/2018 20:39:23] /a 2
[22/4/2018 20:39:23] /a 2
[22/4/2018 20:40:3] /c aviao
[22/4/2018 20:41:41] /r
[22/4/2018 20:41:43] /r
[22/4/2018 20:41:43] /r
[22/4/2018 20:41:45] /r
[22/4/2018 20:41:47] /r
[22/4/2018 20:41:49] /r
[22/4/2018 20:41:57] /i 1644
[22/4/2018 21:18:32] /c abc
[22/4/2018 21:18:34] /c abc
[22/4/2018 21:18:35] /c abc
[22/4/2018 21:18:49] /r
[22/4/2018 21:18:54] /reload talkactions
[22/4/2018 21:19:11] /reload talkactions
[22/4/2018 21:22:7] /reload talkactions
[22/4/2018 21:22:12] /reload creaturescripts
[6/5/2018 23:48:35] /goto baiak scripts
[6/5/2018 23:48:38] /c
[6/5/2018 23:48:40] /t
[6/5/2018 23:48:47] /a 10
[6/5/2018 23:49:6] /a 10
[6/5/2018 23:49:7] /a 10
[6/5/2018 23:49:9] /a 10
[6/5/2018 23:49:18] /a 10
[6/5/2018 23:49:20] /a 10
[6/5/2018 23:49:20] /a 10
[6/5/2018 23:49:21] /a 10
[6/5/2018 23:49:21] /a 10
[6/5/2018 23:49:22] /a 10
[6/5/2018 23:49:22] /a 10
[6/5/2018 23:49:37] /up
[6/5/2018 23:49:39] /a 10
[6/5/2018 23:49:43] /up
[6/5/2018 23:49:46] /c baiak scripts
[6/5/2018 23:50:14] /down
[6/5/2018 23:50:15] /t
[6/5/2018 23:50:40] /c baiak scripts
[6/5/2018 23:51:33] /c baiak scripts
[6/5/2018 23:52:24] /a 10
[6/5/2018 23:52:24] /a 10
[6/5/2018 23:52:24] /a 10
[6/5/2018 23:52:24] /a 10
[6/5/2018 23:52:25] /a 10
[6/5/2018 23:52:25] /a 10
[6/5/2018 23:52:25] /a 10
[6/5/2018 23:52:25] /a 10
[6/5/2018 23:52:25] /a 10
[6/5/2018 23:52:25] /a 10
[6/5/2018 23:52:25] /a 10
[6/5/2018 23:52:25] /a 10
[6/5/2018 23:52:25] /a 10
[6/5/2018 23:52:26] /a 10
[6/5/2018 23:52:26] /a 10
[6/5/2018 23:52:26] /a 10
[6/5/2018 23:52:26] /a 10
[6/5/2018 23:52:26] /a 10
[6/5/2018 23:52:26] /a 10
[6/5/2018 23:52:26] /a 10
[6/5/2018 23:52:26] /a 10
[6/5/2018 23:52:26] /a 10
[6/5/2018 23:52:26] /a 10
[6/5/2018 23:52:26] /a 10
[6/5/2018 23:52:26] /a 10
[6/5/2018 23:52:26] /a 10
[6/5/2018 23:52:26] /a 10
[6/5/2018 23:52:26] /a 10
[6/5/2018 23:52:27] /a 10
[6/5/2018 23:52:27] /a 10
[6/5/2018 23:52:27] /a 10
[6/5/2018 23:52:27] /a 10
[6/5/2018 23:52:27] /a 10
[6/5/2018 23:52:27] /a 10
[6/5/2018 23:52:27] /a 10
[6/5/2018 23:52:27] /a 10
[6/5/2018 23:52:27] /a 10
[6/5/2018 23:52:27] /a 10
[6/5/2018 23:52:27] /a 10
[6/5/2018 23:52:27] /a 10
[6/5/2018 23:52:27] /a 10
[6/5/2018 23:52:27] /a 10
[6/5/2018 23:52:27] /a 10
[6/5/2018 23:52:27] /a 10
[6/5/2018 23:52:27] /a 10
[6/5/2018 23:52:27] /a 10
[6/5/2018 23:52:27] /a 10
[6/5/2018 23:52:28] /a 10
[6/5/2018 23:52:28] /a 10
[6/5/2018 23:52:28] /a 10
[6/5/2018 23:52:28] /a 10
[6/5/2018 23:52:28] /a 10
[6/5/2018 23:52:29] /a 10
[6/5/2018 23:52:29] /a 10
[6/5/2018 23:52:29] /a 10
[6/5/2018 23:52:29] /a 10
[6/5/2018 23:52:29] /a 10
[6/5/2018 23:52:29] /a 10
[6/5/2018 23:52:29] /a 10
[6/5/2018 23:52:29] /a 10
[6/5/2018 23:52:29] /a 10
[6/5/2018 23:52:29] /a 10
[6/5/2018 23:52:29] /a 10
[6/5/2018 23:52:30] /a 10
[6/5/2018 23:52:30] /a 10
[6/5/2018 23:52:30] /a 10
[6/5/2018 23:52:30] /a 10
[6/5/2018 23:52:30] /a 10
[6/5/2018 23:52:40] /c baiak scripts
[6/5/2018 23:52:45] /a 10
[6/5/2018 23:52:48] /a 10
[6/5/2018 23:52:49] /a 10
[6/5/2018 23:52:50] /a 10
[6/5/2018 23:52:51] /a 10
[6/5/2018 23:52:54] /a 2
[6/5/2018 23:52:58] /c baiak scripts
[6/5/2018 23:53:9] /a 10
[6/5/2018 23:53:10] /a 10
[6/5/2018 23:53:10] /a 10
[6/5/2018 23:53:10] /a 10
[6/5/2018 23:53:10] /a 10
[6/5/2018 23:53:10] /a 10
[6/5/2018 23:53:10] /a 10
[6/5/2018 23:53:11] /a 10
[6/5/2018 23:53:11] /a 10
[6/5/2018 23:53:11] /a 10
[6/5/2018 23:53:11] /a 10
[6/5/2018 23:53:11] /a 10
[6/5/2018 23:53:11] /a 10
[6/5/2018 23:53:11] /a 10
[6/5/2018 23:53:11] /a 10
[6/5/2018 23:53:11] /a 10
[6/5/2018 23:53:11] /a 10
[6/5/2018 23:53:11] /a 10
[6/5/2018 23:53:11] /a 10
[6/5/2018 23:53:12] /a 10
[6/5/2018 23:53:12] /a 10
[6/5/2018 23:53:12] /a 10
[6/5/2018 23:53:12] /a 10
[6/5/2018 23:53:12] /a 10
[6/5/2018 23:53:12] /a 10
[6/5/2018 23:53:12] /a 10
[6/5/2018 23:53:12] /a 10
[6/5/2018 23:53:12] /a 10
[6/5/2018 23:53:12] /a 10
[6/5/2018 23:53:12] /a 10
[6/5/2018 23:53:12] /a 10
[6/5/2018 23:53:12] /a 10
[6/5/2018 23:53:12] /a 10
[6/5/2018 23:53:12] /a 10
[6/5/2018 23:53:12] /a 10
[6/5/2018 23:53:12] /a 10
[6/5/2018 23:53:12] /a 10
[6/5/2018 23:53:12] /a 10
[6/5/2018 23:53:12] /a 10
[6/5/2018 23:53:12] /a 10
[6/5/2018 23:53:12] /a 10
[6/5/2018 23:53:12] /a 10
[6/5/2018 23:53:12] /a 10
[6/5/2018 23:53:12] /a 10
[6/5/2018 23:53:12] /a 10
[6/5/2018 23:53:12] /a 10
[6/5/2018 23:53:12] /a 10
[6/5/2018 23:53:12] /a 10
[6/5/2018 23:53:12] /a 10
[6/5/2018 23:53:12] /a 10
[6/5/2018 23:53:12] /a 10
[6/5/2018 23:53:12] /a 10
[6/5/2018 23:53:13] /a 10
[6/5/2018 23:53:13] /a 10
[6/5/2018 23:53:13] /a 10
[6/5/2018 23:53:13] /a 10
[6/5/2018 23:53:13] /a 10
[6/5/2018 23:53:13] /a 10
[6/5/2018 23:53:13] /a 10
[6/5/2018 23:53:13] /a 10
[6/5/2018 23:53:13] /a 10
[6/5/2018 23:53:13] /a 10
[6/5/2018 23:53:13] /a 10
[6/5/2018 23:53:13] /a 10
[6/5/2018 23:53:13] /a 10
[6/5/2018 23:53:13] /a 10
[6/5/2018 23:53:13] /a 10
[6/5/2018 23:53:14] /a 10
[6/5/2018 23:53:14] /a 10
[6/5/2018 23:53:14] /a 10
[6/5/2018 23:53:14] /a 10
[6/5/2018 23:53:14] /a 10
[6/5/2018 23:53:14] /a 10
[6/5/2018 23:53:15] /a 10
[6/5/2018 23:53:15] /a 10
[6/5/2018 23:53:15] /a 10
[6/5/2018 23:53:15] /a 10
[6/5/2018 23:53:15] /a 10
[6/5/2018 23:53:15] /a 10
[6/5/2018 23:53:16] /a 10
[6/5/2018 23:53:17] /a 10
[6/5/2018 23:53:18] /c baiak scripts
[6/5/2018 23:53:34] /t
[6/5/2018 23:53:36] /c baiak scripts
[6/5/2018 23:54:45] /a 10
[6/5/2018 23:54:45] /a 10
[6/5/2018 23:54:45] /a 10
[6/5/2018 23:54:46] /a 10
[6/5/2018 23:54:46] /a 10
[6/5/2018 23:54:46] /a 10
[6/5/2018 23:54:47] /a 10
[6/5/2018 23:54:47] /a 10
[6/5/2018 23:54:47] /a 10
[6/5/2018 23:54:47] /a 10
[6/5/2018 23:54:48] /a 10
[6/5/2018 23:54:48] /a 10
[6/5/2018 23:54:49] /a 10
[6/5/2018 23:54:50] /a 10
[6/5/2018 23:54:53] /a 3
[6/5/2018 23:54:55] /c baiak scripts
[6/5/2018 23:55:2] /c baiak scripts
[6/5/2018 23:56:1] /t
[6/5/2018 23:56:4] /c baiak scripts
[6/5/2018 23:56:54] /a 10
[6/5/2018 23:56:54] /a 10
[6/5/2018 23:56:55] /a 10
[6/5/2018 23:56:59] /c baiak scripts
[6/5/2018 23:57:25] /c baiak scripts
[6/5/2018 23:57:38] /up
[6/5/2018 23:57:40] /up
[6/5/2018 23:58:38] /a 10
[6/5/2018 23:58:38] /a 10
[6/5/2018 23:58:38] /a 10
[6/5/2018 23:58:39] /c baiak scripts
[6/5/2018 23:58:43] /a 10
[6/5/2018 23:58:43] /a 10
[6/5/2018 23:58:43] /a 10
[6/5/2018 23:58:43] /a 10
[6/5/2018 23:58:44] /a 10
[6/5/2018 23:58:44] /a 10
[6/5/2018 23:58:47] /c baiak scripts
[6/5/2018 23:59:8] /a 10
[6/5/2018 23:59:9] /a 10
[6/5/2018 23:59:10] /a 10
[6/5/2018 23:59:10] /a 10
[6/5/2018 23:59:11] /a 10
[6/5/2018 23:59:11] /a 10
[6/5/2018 23:59:12] /a 10
[6/5/2018 23:59:16] /c baiak scripts
[6/5/2018 23:59:18] /a 10
[6/5/2018 23:59:18] /a 10
[6/5/2018 23:59:18] /a 10
[6/5/2018 23:59:19] /a 10
[6/5/2018 23:59:19] /a 10
[6/5/2018 23:59:19] /a 10
[6/5/2018 23:59:19] /a 10
[6/5/2018 23:59:19] /a 10
[6/5/2018 23:59:20] /a 10
[6/5/2018 23:59:20] /a 10
[6/5/2018 23:59:20] /a 10
[6/5/2018 23:59:20] /a 10
[6/5/2018 23:59:21] /a 10
[6/5/2018 23:59:21] /a 10
[6/5/2018 23:59:21] /a 10
[6/5/2018 23:59:21] /a 10
[6/5/2018 23:59:21] /a 10
[6/5/2018 23:59:22] /a 10
[6/5/2018 23:59:22] /a 10
[6/5/2018 23:59:22] /a 10
[6/5/2018 23:59:22] /a 10
[6/5/2018 23:59:23] /a 10
[6/5/2018 23:59:23] /a 10
[6/5/2018 23:59:23] /a 10
[6/5/2018 23:59:23] /a 10
[6/5/2018 23:59:24] /a 10
[6/5/2018 23:59:24] /a 10
[6/5/2018 23:59:24] /a 10
[6/5/2018 23:59:24] /a 10
[6/5/2018 23:59:24] /a 10
[6/5/2018 23:59:24] /a 10
[6/5/2018 23:59:24] /a 10
[6/5/2018 23:59:24] /a 10
[6/5/2018 23:59:24] /a 10
[6/5/2018 23:59:24] /a 10
[6/5/2018 23:59:24] /a 10
[6/5/2018 23:59:25] /a 10
[6/5/2018 23:59:25] /a 10
[6/5/2018 23:59:25] /a 10
[6/5/2018 23:59:25] /a 10
[6/5/2018 23:59:25] /a 10
[6/5/2018 23:59:26] /a 10
[6/5/2018 23:59:26] /a 10
[6/5/2018 23:59:26] /a 10
[6/5/2018 23:59:26] /a 10
[6/5/2018 23:59:26] /a 10
[6/5/2018 23:59:26] /a 10
[6/5/2018 23:59:26] /a 10
[6/5/2018 23:59:26] /a 10
[6/5/2018 23:59:26] /a 10
[6/5/2018 23:59:26] /a 10
[6/5/2018 23:59:26] /a 10
[6/5/2018 23:59:26] /a 10
[6/5/2018 23:59:26] /a 10
[6/5/2018 23:59:26] /a 10
[6/5/2018 23:59:26] /a 10
[6/5/2018 23:59:27] /a 10
[6/5/2018 23:59:27] /a 10
[6/5/2018 23:59:27] /a 10
[6/5/2018 23:59:28] /a 10
[6/5/2018 23:59:28] /a 10
[6/5/2018 23:59:28] /a 10
[6/5/2018 23:59:29] /a 10
[6/5/2018 23:59:29] /a 10
[6/5/2018 23:59:29] /a 10
[6/5/2018 23:59:31] /c baiak scripts
[6/5/2018 23:59:45] /a 10
[6/5/2018 23:59:45] /a 10
[6/5/2018 23:59:45] /a 10
[6/5/2018 23:59:45] /a 10
[6/5/2018 23:59:45] /a 10
[6/5/2018 23:59:45] /a 10
[6/5/2018 23:59:46] /a 10
[6/5/2018 23:59:46] /a 10
[6/5/2018 23:59:46] /a 10
[6/5/2018 23:59:46] /a 10
[6/5/2018 23:59:46] /a 10
[6/5/2018 23:59:46] /a 10
[6/5/2018 23:59:46] /a 10
[6/5/2018 23:59:46] /a 10
[6/5/2018 23:59:46] /a 10
[6/5/2018 23:59:46] /a 10
[6/5/2018 23:59:46] /a 10
[6/5/2018 23:59:46] /a 10
[6/5/2018 23:59:46] /a 10
[6/5/2018 23:59:46] /a 10
[6/5/2018 23:59:47] /a 10
[6/5/2018 23:59:47] /a 10
[6/5/2018 23:59:47] /a 10
[6/5/2018 23:59:47] /a 10
[6/5/2018 23:59:47] /a 10
[6/5/2018 23:59:47] /a 10
[6/5/2018 23:59:47] /a 10
[6/5/2018 23:59:47] /a 10
[6/5/2018 23:59:47] /a 10
[6/5/2018 23:59:47] /a 10
[6/5/2018 23:59:47] /a 10
[6/5/2018 23:59:47] /a 10
[6/5/2018 23:59:47] /a 10
[7/5/2018 0:0:9] /a 10
[7/5/2018 0:0:9] /a 10
[7/5/2018 0:0:9] /a 10
[7/5/2018 0:0:9] /a 10
[7/5/2018 0:0:9] /a 10
[7/5/2018 0:0:10] /a 10
[7/5/2018 0:0:13] /c baiak scripts
[7/5/2018 0:0:15] /a 10
[7/5/2018 0:0:16] /a 10
[7/5/2018 0:0:18] /c baiak scripts
[7/5/2018 0:0:29] /a 10
[7/5/2018 0:0:29] /a 10
[7/5/2018 0:0:29] /a 10
[7/5/2018 0:0:30] /a 10
[7/5/2018 0:0:30] /a 10
[7/5/2018 0:0:30] /a 10
[7/5/2018 0:0:31] /a 10
[7/5/2018 0:0:31] /a 10
[7/5/2018 0:0:31] /a 10
[7/5/2018 0:0:31] /a 10
[7/5/2018 0:0:32] /a 10
[7/5/2018 0:0:32] /a 10
[7/5/2018 0:0:32] /a 10
[7/5/2018 0:0:32] /a 10
[7/5/2018 0:0:32] /a 10
[7/5/2018 0:0:32] /a 10
[7/5/2018 0:0:32] /a 10
[7/5/2018 0:0:32] /a 10
[7/5/2018 0:0:32] /a 10
[7/5/2018 0:0:32] /a 10
[7/5/2018 0:0:32] /a 10
[7/5/2018 0:0:32] /a 10
[7/5/2018 0:0:32] /a 10
[7/5/2018 0:0:33] /a 10
[7/5/2018 0:0:33] /a 10
[7/5/2018 0:0:33] /a 10
[7/5/2018 0:0:33] /a 10
[7/5/2018 0:0:33] /a 10
[7/5/2018 0:0:33] /a 10
[7/5/2018 0:0:33] /a 10
[7/5/2018 0:0:33] /a 10
[7/5/2018 0:0:33] /a 10
[7/5/2018 0:0:33] /a 10
[7/5/2018 0:0:33] /a 10
[7/5/2018 0:0:34] /a 10
[7/5/2018 0:0:34] /a 10
[8/5/2018 15:21:39] /reload talkactions
[8/5/2018 15:23:50] /reload talkactions
[8/5/2018 15:25:4] /reload talkactions
[8/5/2018 15:26:12] /reload talkactions
[8/5/2018 15:27:10] /warcarlin list
[8/5/2018 15:27:15] /a 10
[8/5/2018 15:27:17] /warcarlin list
[8/5/2018 15:28:7] /reload talkactions
[8/5/2018 15:28:48] /reload talkactions
[8/5/2018 15:29:32] /reload talkactions
[8/5/2018 15:30:4] /reload talkactions
[8/5/2018 15:32:33] /reload talkactions
[8/5/2018 15:35:43] /reload talkactions
[8/5/2018 20:18:27] /reload talkactions
[8/5/2018 20:18:31] /t
[8/5/2018 21:51:8] /goto baiak scripts
[8/5/2018 21:52:20] /goto baiak scripts
[8/5/2018 21:54:12] /goto baiak scripts
[8/5/2018 21:59:53] /b oiii
[15/5/2018 23:10:29] /reload creaturescripts
[15/5/2018 23:10:33] /up
[15/5/2018 23:10:34] /up
[15/5/2018 23:10:37] /a 5
[15/5/2018 23:10:39] /a 5
[17/5/2018 13:40:7] /reload creaturescripts
[17/5/2018 13:40:59] /reload creaturescripts
[17/5/2018 13:41:37] /reload creaturescripts
[17/5/2018 13:42:31] /reload creaturescripts
[17/5/2018 13:43:33] /reload creaturescripts
[17/5/2018 13:44:15] /reload creaturescripts
[17/5/2018 13:49:47] /reload creaturescripts
[21/5/2018 20:51:18] /a 3
[21/5/2018 20:52:14] /a 2
[21/5/2018 20:56:57] /reload actions
[21/5/2018 21:18:37] /reload creaturescripts
[21/5/2018 21:24:16] /reload actions
[21/5/2018 21:24:59] /reload creaturescripts
[21/5/2018 21:38:23] /reload actions
[21/5/2018 21:38:53] /reload creaturescripts
