[14/10/2017 20:4:3] /a 10
[14/10/2017 20:4:3] /a 10
[14/10/2017 20:4:3] /a 10
[14/10/2017 20:4:3] /a 10
[14/10/2017 20:4:3] /a 10
[14/10/2017 20:4:3] /a 10
[14/10/2017 20:4:4] /a 10
[14/10/2017 20:4:4] /a 10
[14/10/2017 20:4:4] /a 10
[14/10/2017 20:4:4] /a 10
[14/10/2017 20:4:4] /a 10
[14/10/2017 20:4:5] /a 10
[14/10/2017 20:4:5] /a 10
[14/10/2017 20:4:5] /a 10
[14/10/2017 20:4:5] /a 10
[14/10/2017 20:4:5] /a 10
[14/10/2017 20:4:5] /a 10
[14/10/2017 20:4:5] /a 10
[14/10/2017 20:4:5] /a 10
[14/10/2017 20:4:5] /a 10
[14/10/2017 20:4:5] /a 10
[14/10/2017 20:4:5] /a 10
[14/10/2017 20:4:6] /a 10
[14/10/2017 20:4:6] /a 10
[14/10/2017 20:4:6] /a 10
[14/10/2017 20:4:7] /a 10
[14/10/2017 20:4:7] /a 10
[14/10/2017 20:4:7] /a 10
[14/10/2017 20:4:7] /a 10
[14/10/2017 20:4:7] /a 10
[14/10/2017 20:4:7] /a 10
[14/10/2017 20:4:7] /a 3
[14/10/2017 20:4:8] /a 3
[14/10/2017 20:4:8] /a 3
[14/10/2017 20:4:9] /a 3
[14/10/2017 20:4:9] /a 3
[14/10/2017 20:4:9] /a 3
[14/10/2017 20:4:9] /a 3
[14/10/2017 20:4:9] /a 3
[14/10/2017 20:4:9] /a 3
[14/10/2017 20:4:9] /a 3
[14/10/2017 20:4:9] /a 3
[14/10/2017 20:4:10] /a 3
[14/10/2017 20:4:10] /a 3
[14/10/2017 20:4:10] /a 3
[14/10/2017 20:4:10] /a 3
[14/10/2017 20:4:10] /a 3
[14/10/2017 20:4:10] /a 3
[14/10/2017 20:4:10] /a 3
[14/10/2017 20:4:10] /a 3
[14/10/2017 20:4:10] /a 3
[14/10/2017 20:4:10] /a 3
[14/10/2017 20:4:10] /a 3
[14/10/2017 20:4:10] /a 3
[14/10/2017 20:4:10] /a 3
[14/10/2017 20:4:10] /a 3
[14/10/2017 20:4:10] /a 3
[14/10/2017 20:4:11] /a 3
[14/10/2017 20:4:11] /a 3
[14/10/2017 20:4:12] /a 3
[14/10/2017 20:4:12] /a 3
[14/10/2017 20:4:12] /a 3
[14/10/2017 20:4:14] /a 3
[14/10/2017 20:4:15] /a 3
[14/10/2017 20:4:15] /a 3
[14/10/2017 20:4:15] /a 3
[14/10/2017 20:4:16] /a 3
[14/10/2017 20:4:18] /a 3
[14/10/2017 20:4:18] /a 3
[14/10/2017 20:4:19] /a 3
[14/10/2017 20:4:19] /a 3
[14/10/2017 20:4:19] /a 3
[14/10/2017 20:4:19] /a 3
[14/10/2017 20:4:26] /a 3
[14/10/2017 20:4:26] /a 3
[14/10/2017 20:4:26] /a 3
[14/10/2017 20:4:26] /a 3
[14/10/2017 20:4:37] /a 3
[14/10/2017 20:4:40] /a 3
[14/10/2017 20:4:40] /a 3
[14/10/2017 20:4:40] /a 3
[14/10/2017 20:4:42] /a 10
[14/10/2017 20:4:50] /a 3
[14/10/2017 20:4:50] /a 3
[14/10/2017 20:4:53] /a 3
[14/10/2017 20:4:53] /a 3
[14/10/2017 20:4:53] /a 3
[14/10/2017 20:4:54] /a 3
[14/10/2017 20:4:54] /a 3
[14/10/2017 20:4:54] /a 3
[14/10/2017 20:4:54] /a 3
[14/10/2017 20:4:54] /a 3
[14/10/2017 20:4:54] /a 3
[14/10/2017 20:4:56] /a 3
[14/10/2017 20:4:58] /up
[14/10/2017 20:5:0] /a 3
[14/10/2017 20:5:0] /a 3
[14/10/2017 20:5:1] /a 3
[14/10/2017 20:7:56] /a 3
[14/10/2017 20:7:57] /a 3
[14/10/2017 20:7:57] /a 3
[14/10/2017 20:7:58] /a 3
[14/10/2017 20:7:58] /a 3
[14/10/2017 20:7:59] /a 3
[14/10/2017 20:7:59] /a 3
[14/10/2017 20:8:0] /up
[14/10/2017 20:8:1] /up
[14/10/2017 20:8:2] /up
[14/10/2017 20:8:3] /up
[14/10/2017 20:9:32] /a 3
[14/10/2017 20:9:32] /a 3
[14/10/2017 20:9:32] /a 3
[14/10/2017 20:9:33] /a 3
[14/10/2017 20:9:33] /a 3
[14/10/2017 20:9:33] /a 3
[14/10/2017 20:9:33] /a 3
[14/10/2017 20:9:33] /a 3
[14/10/2017 20:9:33] /a 3
[14/10/2017 20:9:33] /a 3
[14/10/2017 20:9:33] /a 3
[14/10/2017 20:9:33] /a 3
[14/10/2017 20:9:33] /a 3
[14/10/2017 20:9:33] /a 3
[14/10/2017 20:9:34] /a 3
[14/10/2017 20:9:34] /a 3
[14/10/2017 20:9:34] /a 3
[14/10/2017 20:9:34] /a 3
[14/10/2017 20:9:34] /a 3
[14/10/2017 20:9:34] /a 3
[14/10/2017 20:9:34] /a 3
[14/10/2017 20:9:34] /a 3
[14/10/2017 20:9:34] /a 3
[14/10/2017 20:9:34] /a 3
[14/10/2017 20:9:34] /a 3
[14/10/2017 20:9:34] /a 3
[14/10/2017 20:9:34] /a 3
[14/10/2017 20:9:34] /a 3
[14/10/2017 20:9:34] /a 3
[14/10/2017 20:9:34] /a 3
[14/10/2017 20:9:34] /a 3
[14/10/2017 20:9:35] /a 3
[14/10/2017 20:9:35] /a 3
[14/10/2017 20:9:35] /a 3
[14/10/2017 20:9:35] /a 3
[14/10/2017 20:9:35] /a 3
[14/10/2017 20:9:35] /a 3
[14/10/2017 20:9:35] /a 3
[14/10/2017 20:9:35] /a 3
[14/10/2017 20:9:35] /a 3
[14/10/2017 20:9:35] /a 3
[14/10/2017 20:9:35] /a 3
[14/10/2017 20:9:35] /a 3
[14/10/2017 20:9:35] /a 3
[14/10/2017 20:9:36] /a 3
[14/10/2017 20:9:36] /a 3
[14/10/2017 20:9:36] /a 3
[14/10/2017 20:9:37] /a 3
[14/10/2017 20:9:37] /a 3
[14/10/2017 20:9:37] /a 3
[14/10/2017 20:9:37] /a 3
[14/10/2017 20:9:37] /a 3
[14/10/2017 20:9:37] /a 3
[14/10/2017 20:9:37] /a 3
[14/10/2017 20:9:37] /a 3
[14/10/2017 20:9:37] /a 3
[14/10/2017 20:9:37] /a 3
[14/10/2017 20:9:37] /a 3
[14/10/2017 20:9:37] /a 3
[14/10/2017 20:9:38] /a 3
[14/10/2017 20:9:39] /a 3
[14/10/2017 20:9:41] /a 3
[14/10/2017 20:9:41] /a 3
[14/10/2017 20:9:44] /a 3
[14/10/2017 20:9:44] /a 3
[14/10/2017 20:9:45] /a 3
[14/10/2017 20:9:45] /a 3
[14/10/2017 20:10:11] /c claudia
[14/10/2017 20:10:45] /a 3
[14/10/2017 20:10:52] /r
[14/10/2017 20:11:9] /c joao bostao
[14/10/2017 20:11:33] /reload movements
[14/10/2017 20:11:44] /c nenem
[14/10/2017 20:11:54] /c nenen
[14/10/2017 20:12:56] /reload movements
[14/10/2017 20:13:7] /c pinto
[14/10/2017 21:35:47] /goto  joaninha
