[8/5/2018 20:5:7] /warcarlin invite, Vacona, 3,0
[8/5/2018 20:16:43] /warcarlin invite, Vacona, 3,0
[8/5/2018 20:20:24] /warcarlin go
[8/5/2018 20:20:48] /warcarlin invite, vacona,3,0
[8/5/2018 20:21:22] /warcarlin list
[8/5/2018 20:21:25] /warcarlin go
[8/5/2018 20:21:25] /warcarlin list
[8/5/2018 20:21:26] /warcarlin list
[8/5/2018 20:21:27] /warcarlin list
[8/5/2018 20:21:27] /warcarlin list
[8/5/2018 20:21:27] /warcarlin list
[8/5/2018 20:21:27] /warcarlin list
[8/5/2018 20:21:27] /warcarlin list
[8/5/2018 20:21:27] /warcarlin list
[8/5/2018 20:21:28] /warcarlin list
[8/5/2018 20:21:28] /warcarlin list
[8/5/2018 20:21:28] /warcarlin list
[8/5/2018 20:21:28] /warcarlin list
[8/5/2018 20:21:28] /warcarlin list
[8/5/2018 20:21:28] /warcarlin list
[8/5/2018 20:21:29] /warcarlin list
[8/5/2018 20:21:29] /warcarlin list
[8/5/2018 20:21:29] /warcarlin list
[8/5/2018 20:22:15] /warcarlin exit
[8/5/2018 20:22:27] /warcarlin list
[8/5/2018 20:22:28] /warcarlin go
[8/5/2018 20:22:29] /warcarlin list
[8/5/2018 20:22:32] /warcarlin list
[8/5/2018 20:22:34] /warcarlin list
[8/5/2018 20:22:36] /warcarlin list
[8/5/2018 20:22:38] /warcarlin list
[8/5/2018 20:22:41] /warcarlin list
[8/5/2018 20:22:42] /warcarlin list
[8/5/2018 20:22:45] /warcarlin list
[8/5/2018 20:24:4] /warcarlin go
[8/5/2018 20:24:5] /warcarlin invite, vacona,3,0
[8/5/2018 20:24:11] /warcarlin go
[8/5/2018 20:25:3] /warcarlin list
[8/5/2018 20:25:5] /warcarlin go
[8/5/2018 20:25:29] /warcarlin list
[8/5/2018 20:25:35] /warcarlin list
[8/5/2018 20:28:40] /warcarlin list
