[14/10/2017 21:31:4] /a 10
[14/10/2017 21:31:4] /a 10
[14/10/2017 21:31:5] /a 10
[14/10/2017 21:31:5] /a 10
[14/10/2017 21:31:5] /a 10
[14/10/2017 21:31:5] /a 10
[14/10/2017 21:31:6] /a 10
[14/10/2017 21:31:6] /a 10
[14/10/2017 21:31:6] /a 10
[14/10/2017 21:31:6] /a 10
[14/10/2017 21:31:6] /a 10
[14/10/2017 21:31:6] /a 10
[14/10/2017 21:31:6] /a 10
[14/10/2017 21:31:6] /a 10
[14/10/2017 21:31:6] /a 10
[14/10/2017 21:31:6] /a 10
[14/10/2017 21:31:7] /a 10
[14/10/2017 21:31:7] /a 10
[14/10/2017 21:31:7] /a 10
[14/10/2017 21:31:7] /a 10
[14/10/2017 21:31:9] /a 10
[14/10/2017 21:31:9] /a 10
[14/10/2017 21:31:9] /a 10
[14/10/2017 21:31:9] /a 10
[14/10/2017 21:31:10] /a 10
[14/10/2017 21:31:10] /a 10
[14/10/2017 21:31:10] /a 10
[14/10/2017 21:31:11] /a 10
[14/10/2017 21:31:13] /a 10
[14/10/2017 21:31:13] /a 10
[14/10/2017 21:31:13] /a 10
[14/10/2017 21:31:21] /a 1
[14/10/2017 21:31:21] /a 1
[14/10/2017 21:31:21] /a 1
[14/10/2017 21:31:21] /a 1
[14/10/2017 21:31:22] /a 1
[14/10/2017 21:32:34] /a 1
[14/10/2017 21:32:35] /a 1
[14/10/2017 21:32:35] /a 1
[14/10/2017 21:32:35] /a 1
[14/10/2017 21:32:35] /a 1
[14/10/2017 21:32:37] /a 1
[14/10/2017 21:32:37] /a 1
[14/10/2017 21:32:37] /a 1
[14/10/2017 21:32:38] /a 1
[14/10/2017 21:32:38] /a 1
[14/10/2017 21:32:39] /a 1
[14/10/2017 21:32:39] /a 1
[14/10/2017 21:32:39] /a 1
[14/10/2017 21:32:39] /a 1
[14/10/2017 21:32:40] /a 1
[14/10/2017 21:32:40] /a 1
[14/10/2017 21:32:40] /a 1
[14/10/2017 21:32:40] /a 1
[14/10/2017 21:32:43] /a 1
[14/10/2017 21:32:43] /a 1
[14/10/2017 21:32:43] /a 1
[14/10/2017 21:32:43] /a 1
[14/10/2017 21:32:43] /a 1
[14/10/2017 21:32:44] /a 1
[14/10/2017 21:32:45] /a 10
[14/10/2017 21:32:46] /a 10
[14/10/2017 21:32:46] /a 10
[14/10/2017 21:32:48] /up
[14/10/2017 21:32:51] /a 10
[14/10/2017 21:33:15] /up
[14/10/2017 21:33:28] /a 1
[14/10/2017 21:33:29] /a 1
[14/10/2017 21:33:29] /a 1
[14/10/2017 21:33:29] /a 1
[14/10/2017 21:33:29] /a 1
[14/10/2017 21:33:29] /a 1
[14/10/2017 21:33:30] /a 1
[14/10/2017 21:33:30] /a 1
[14/10/2017 21:33:30] /a 1
[14/10/2017 21:33:30] /a 1
[14/10/2017 21:33:31] /a 1
[14/10/2017 21:33:31] /a 1
[14/10/2017 21:33:31] /a 1
[14/10/2017 21:33:31] /a 1
[14/10/2017 21:33:31] /a 1
[14/10/2017 21:33:31] /a 1
[14/10/2017 21:33:31] /a 1
[14/10/2017 21:33:31] /a 1
[14/10/2017 21:33:31] /a 1
[14/10/2017 21:33:31] /a 1
[14/10/2017 21:33:31] /a 1
[14/10/2017 21:33:31] /a 1
[14/10/2017 21:33:31] /a 1
[14/10/2017 21:33:31] /a 1
[14/10/2017 21:33:31] /a 1
[14/10/2017 21:33:31] /a 1
[14/10/2017 21:33:31] /a 1
[14/10/2017 21:33:31] /a 1
[14/10/2017 21:33:31] /a 1
[14/10/2017 21:33:31] /a 1
[14/10/2017 21:33:32] /a 1
[14/10/2017 21:33:32] /a 1
[14/10/2017 21:33:47] /a 10
[14/10/2017 21:33:48] /a 10
[14/10/2017 21:34:16] /a 1
[14/10/2017 21:34:16] /a 1
[14/10/2017 21:34:16] /a 1
[14/10/2017 21:34:16] /a 1
[14/10/2017 21:34:16] /a 1
[14/10/2017 21:34:17] /a 1
[14/10/2017 21:34:17] /a 1
[14/10/2017 21:34:17] /a 1
[14/10/2017 21:34:17] /a 1
[14/10/2017 21:34:17] /a 1
[14/10/2017 21:34:17] /a 1
[14/10/2017 21:34:19] /a 1
[14/10/2017 21:34:19] /a 1
[14/10/2017 21:34:19] /a 1
[14/10/2017 21:34:19] /a 1
[14/10/2017 21:34:20] /a 1
[14/10/2017 21:34:20] /a 1
[14/10/2017 21:34:28] /a 1
[14/10/2017 21:34:30] /a 1
[14/10/2017 21:34:30] /a 1
[14/10/2017 21:34:31] /a 1
[14/10/2017 21:34:31] /a 1
[14/10/2017 21:34:31] /a 1
[14/10/2017 21:34:31] /a 1
[14/10/2017 21:34:31] /a 1
[14/10/2017 21:34:31] /a 1
[14/10/2017 21:34:31] /a 1
[14/10/2017 21:34:31] /a 1
[14/10/2017 21:34:31] /a 1
[14/10/2017 21:34:32] /a 1
[14/10/2017 21:34:32] /a 1
[14/10/2017 21:34:32] /a 1
[14/10/2017 21:34:32] /a 1
[14/10/2017 21:34:32] /a 1
[14/10/2017 21:34:32] /a 1
[14/10/2017 21:34:32] /a 1
[14/10/2017 21:34:32] /a 1
[14/10/2017 21:34:32] /a 1
[14/10/2017 21:34:32] /a 1
[14/10/2017 21:34:34] /a 10
[14/10/2017 21:34:35] /a 10
[14/10/2017 21:34:36] /a 10
[14/10/2017 21:34:37] /a 10
[14/10/2017 21:34:38] /a 1
[14/10/2017 21:34:39] /a 1
[14/10/2017 21:34:39] /a 1
[14/10/2017 21:34:39] /a 1
[14/10/2017 21:34:48] /a 1
[14/10/2017 21:34:49] /a 1
[14/10/2017 21:34:49] /a 1
[14/10/2017 21:34:49] /a 1
[14/10/2017 21:34:49] /a 1
[14/10/2017 21:34:49] /a 1
[14/10/2017 21:34:49] /a 1
[14/10/2017 21:34:49] /a 1
[14/10/2017 21:34:49] /a 1
[14/10/2017 21:34:49] /a 1
[14/10/2017 21:34:49] /a 1
[14/10/2017 21:34:49] /a 1
[14/10/2017 21:34:50] /a 1
[14/10/2017 21:34:50] /a 1
[14/10/2017 21:34:50] /a 1
[14/10/2017 21:34:50] /a 1
[14/10/2017 21:34:50] /a 1
[14/10/2017 21:34:50] /a 1
[14/10/2017 21:34:50] /a 1
[14/10/2017 21:34:50] /a 1
[14/10/2017 21:34:50] /a 1
[14/10/2017 21:34:50] /a 1
[14/10/2017 21:34:50] /a 1
[14/10/2017 21:34:51] /a 1
[14/10/2017 21:34:51] /a 1
[14/10/2017 21:34:51] /a 1
[14/10/2017 21:34:51] /a 1
[14/10/2017 21:34:51] /a 1
[14/10/2017 21:34:51] /a 1
[14/10/2017 21:34:52] /a 1
[14/10/2017 21:34:56] /a 1
[14/10/2017 21:34:56] /a 1
[14/10/2017 21:35:0] /a 1
[14/10/2017 21:35:1] /a 1
[14/10/2017 21:35:1] /a 1
[14/10/2017 21:35:1] /a 1
[14/10/2017 21:35:1] /a 1
[14/10/2017 21:35:1] /a 1
[14/10/2017 21:35:1] /a 1
[14/10/2017 21:35:2] /a 1
[14/10/2017 21:35:2] /a 1
[14/10/2017 21:35:2] /a 1
[14/10/2017 21:35:2] /a 1
[14/10/2017 21:35:2] /a 1
[14/10/2017 21:35:3] /a 10
[14/10/2017 21:35:4] /a 10
[14/10/2017 21:35:4] /a 10
[14/10/2017 21:35:6] /a 1
[14/10/2017 21:35:6] /a 1
[14/10/2017 21:35:6] /a 1
[14/10/2017 21:35:7] /a 1
[14/10/2017 21:35:7] /a 1
[14/10/2017 21:35:15] /a 1
[14/10/2017 21:35:16] /a 1
[14/10/2017 21:35:16] /a 1
[14/10/2017 21:35:16] /a 1
[14/10/2017 21:35:16] /a 1
[14/10/2017 21:35:16] /a 1
[14/10/2017 21:35:16] /a 1
[14/10/2017 21:35:16] /a 1
[14/10/2017 21:35:16] /a 1
[14/10/2017 21:35:16] /a 1
[14/10/2017 21:35:16] /a 1
[14/10/2017 21:35:16] /a 1
[14/10/2017 21:35:17] /a 1
[14/10/2017 21:35:17] /a 1
[14/10/2017 21:35:17] /a 1
[14/10/2017 21:35:18] /a 1
[14/10/2017 21:35:19] /a 1
[14/10/2017 21:35:19] /a 1
[14/10/2017 21:35:20] /a 1
[14/10/2017 21:35:20] /a 1
[14/10/2017 21:35:20] /a 1
[14/10/2017 21:35:20] /a 1
[14/10/2017 21:35:20] /a 1
[14/10/2017 21:35:20] /a 1
[14/10/2017 21:35:20] /a 1
[14/10/2017 21:35:20] /a 1
[14/10/2017 21:35:20] /a 1
[14/10/2017 21:35:20] /a 1
[14/10/2017 21:35:20] /a 1
[14/10/2017 21:35:21] /a 1
[14/10/2017 21:35:21] /a 1
[14/10/2017 21:35:21] /a 1
[14/10/2017 21:35:22] /a 1
[14/10/2017 21:35:22] /a 1
[14/10/2017 21:35:22] /a 1
[14/10/2017 21:35:22] /a 1
[14/10/2017 21:35:22] /a 1
[14/10/2017 21:35:22] /a 1
[14/10/2017 21:35:22] /a 1
[14/10/2017 21:35:22] /a 1
[14/10/2017 21:35:22] /a 1
[14/10/2017 21:35:23] /a 1
[14/10/2017 21:35:23] /a 1
[14/10/2017 21:35:23] /a 1
[14/10/2017 21:35:23] /a 1
[14/10/2017 21:35:23] /a 1
[14/10/2017 21:35:23] /a 1
[14/10/2017 21:35:57] /a 1
[14/10/2017 21:35:57] /a 1
[14/10/2017 21:35:57] /a 1
[14/10/2017 21:35:57] /a 1
[14/10/2017 21:35:58] /a 1
[14/10/2017 21:35:58] /a 1
[14/10/2017 21:35:58] /a 1
[14/10/2017 21:36:2] /a 10
[14/10/2017 21:36:19] /goto boizao
[14/10/2017 21:36:24] /a 1
[14/10/2017 21:36:25] /a 1
[14/10/2017 21:36:25] /a 1
[14/10/2017 21:36:25] /a 1
[14/10/2017 21:36:25] /a 1
[14/10/2017 21:36:25] /a 1
[14/10/2017 21:36:25] /a 1
[14/10/2017 21:36:25] /a 1
[14/10/2017 21:36:25] /a 1
[14/10/2017 21:36:25] /a 1
[14/10/2017 21:36:26] /a 1
[14/10/2017 21:36:26] /a 1
[14/10/2017 21:36:26] /a 1
[14/10/2017 21:36:26] /a 1
[14/10/2017 21:36:26] /a 1
[14/10/2017 21:36:26] /a 1
[14/10/2017 21:36:26] /a 1
[14/10/2017 21:36:26] /a 1
[14/10/2017 21:36:27] /a 1
[14/10/2017 21:36:27] /a 1
[14/10/2017 21:36:28] /a 1
[14/10/2017 21:36:28] /a 1
[14/10/2017 21:36:28] /a 1
[14/10/2017 21:36:28] /a 1
[14/10/2017 21:36:28] /a 1
[14/10/2017 21:36:28] /a 1
[14/10/2017 21:36:28] /a 1
[14/10/2017 21:36:28] /a 1
[14/10/2017 21:36:28] /a 1
[14/10/2017 21:36:28] /a 1
[14/10/2017 21:36:29] /a 1
[14/10/2017 21:36:41] /goto boizao
[14/10/2017 21:37:1] /a 1
[14/10/2017 21:37:1] /a 1
[14/10/2017 21:37:1] /a 1
[14/10/2017 21:37:2] /a 1
[14/10/2017 21:37:2] /a 1
[14/10/2017 21:37:2] /a 1
[14/10/2017 21:37:2] /a 1
[14/10/2017 21:37:2] /a 1
[14/10/2017 21:37:2] /a 1
[14/10/2017 21:37:2] /a 1
[14/10/2017 21:37:2] /a 1
[14/10/2017 21:37:2] /a 1
[14/10/2017 21:37:2] /a 1
[14/10/2017 21:37:2] /a 1
[14/10/2017 21:37:2] /a 1
[14/10/2017 21:37:2] /a 1
[14/10/2017 21:37:3] /a 1
[14/10/2017 21:37:3] /a 1
[14/10/2017 21:37:3] /a 1
[14/10/2017 21:37:3] /a 1
[14/10/2017 21:37:3] /a 1
[14/10/2017 21:37:3] /a 1
[14/10/2017 21:37:3] /a 1
[14/10/2017 21:37:3] /a 1
[14/10/2017 21:37:3] /a 1
[14/10/2017 21:37:3] /a 1
[14/10/2017 21:37:3] /a 1
[14/10/2017 21:37:3] /a 1
[14/10/2017 21:37:3] /a 1
[14/10/2017 21:37:3] /a 1
[14/10/2017 21:37:3] /a 1
[14/10/2017 21:37:3] /a 1
[14/10/2017 21:37:3] /a 1
[14/10/2017 21:37:4] /a 1
[14/10/2017 21:37:4] /a 1
[14/10/2017 21:37:4] /a 1
[14/10/2017 21:37:4] /a 1
[14/10/2017 21:37:4] /a 1
[14/10/2017 21:37:4] /a 1
[14/10/2017 21:37:4] /a 1
[14/10/2017 21:37:4] /a 1
[14/10/2017 21:37:4] /a 1
[14/10/2017 21:37:4] /a 1
[14/10/2017 21:37:5] /a 1
[14/10/2017 21:37:5] /a 1
[14/10/2017 21:37:5] /a 1
[14/10/2017 21:37:5] /a 1
[14/10/2017 21:37:5] /a 1
[14/10/2017 21:37:5] /a 1
[14/10/2017 21:37:6] /a 1
[14/10/2017 21:37:6] /a 1
[14/10/2017 21:37:6] /a 1
[14/10/2017 21:37:6] /a 1
[14/10/2017 21:37:8] /a 1
[14/10/2017 21:37:8] /a 1
[14/10/2017 21:37:8] /a 1
[14/10/2017 21:37:8] /a 1
[14/10/2017 21:37:8] /a 1
[14/10/2017 21:37:8] /a 1
[14/10/2017 21:37:8] /a 1
[14/10/2017 21:37:9] /a 1
[14/10/2017 21:37:9] /a 1
[14/10/2017 21:37:9] /a 1
[14/10/2017 21:37:9] /a 1
[14/10/2017 21:37:9] /a 1
[14/10/2017 21:37:9] /a 1
[14/10/2017 21:37:9] /a 1
[14/10/2017 21:37:9] /a 1
[14/10/2017 21:37:9] /a 1
[14/10/2017 21:37:11] /a 1
[14/10/2017 21:37:11] /a 1
[14/10/2017 21:37:12] /a 1
[14/10/2017 21:37:12] /a 1
[14/10/2017 21:37:12] /a 1
[14/10/2017 21:37:13] /a 1
[14/10/2017 21:37:13] /a 1
[14/10/2017 21:37:13] /a 1
[14/10/2017 21:37:21] /goto boizao
[14/10/2017 21:37:28] /a 1
[14/10/2017 21:37:29] /a 1
[14/10/2017 21:37:29] /a 1
[14/10/2017 21:37:29] /a 1
[14/10/2017 21:37:29] /a 1
[14/10/2017 21:37:29] /a 1
[14/10/2017 21:37:29] /a 1
[14/10/2017 21:37:30] /a 1
[14/10/2017 21:37:30] /a 1
[14/10/2017 21:37:30] /a 1
[14/10/2017 21:37:30] /a 1
[14/10/2017 21:37:30] /a 1
[14/10/2017 21:37:30] /a 1
[14/10/2017 21:37:31] /a 1
[14/10/2017 21:37:31] /a 1
[14/10/2017 21:37:31] /a 1
[14/10/2017 21:37:32] /a 1
[14/10/2017 21:37:32] /a 1
[14/10/2017 21:37:33] /a 1
[14/10/2017 21:37:33] /a 1
[14/10/2017 21:37:33] /a 1
[14/10/2017 21:37:33] /a 1
[14/10/2017 21:37:34] /a 1
[14/10/2017 21:37:34] /a 1
[14/10/2017 21:37:34] /a 1
[14/10/2017 21:37:34] /a 1
[14/10/2017 21:37:35] /a 1
[14/10/2017 21:37:36] /a 1
[14/10/2017 21:37:36] /a 1
[14/10/2017 21:37:57] /a 49
[14/10/2017 21:37:59] /a 1
[14/10/2017 21:37:59] /a 1
[14/10/2017 21:37:59] /a 1
[14/10/2017 21:37:59] /a 1
[14/10/2017 21:38:0] /a 1
[14/10/2017 21:38:0] /a 1
[14/10/2017 21:38:0] /a 1
[14/10/2017 21:38:0] /a 1
[14/10/2017 21:38:0] /a 1
[14/10/2017 21:38:0] /a 1
[14/10/2017 21:38:0] /a 1
[14/10/2017 21:38:1] /a 1
[14/10/2017 21:38:1] /a 1
[14/10/2017 21:38:1] /a 1
[14/10/2017 21:38:1] /a 1
[14/10/2017 21:38:1] /a 1
[14/10/2017 21:38:1] /a 1
[14/10/2017 21:38:1] /a 1
[14/10/2017 21:38:1] /a 1
[14/10/2017 21:38:1] /a 1
[14/10/2017 21:38:1] /a 1
[14/10/2017 21:38:1] /a 1
[14/10/2017 21:38:1] /a 1
[14/10/2017 21:38:1] /a 1
[14/10/2017 21:38:1] /a 1
[14/10/2017 21:38:1] /a 1
[14/10/2017 21:38:1] /a 1
[14/10/2017 21:38:1] /a 1
[14/10/2017 21:38:1] /a 1
[14/10/2017 21:38:1] /a 1
[14/10/2017 21:38:1] /a 1
[14/10/2017 21:38:2] /a 1
[14/10/2017 21:38:3] /goto boizao
[14/10/2017 21:38:5] /a 1
[14/10/2017 21:38:5] /a 1
[14/10/2017 21:38:6] /a 10
[14/10/2017 21:38:6] /a 10
[14/10/2017 21:38:6] /a 10
[14/10/2017 21:38:7] /a 10
[14/10/2017 21:38:30] /goto boizao
[14/10/2017 21:41:12] /a 1
[14/10/2017 21:41:13] /a 10
[14/10/2017 21:41:13] /a 1
[14/10/2017 21:41:16] /a 1
[14/10/2017 21:41:17] /a 1
[14/10/2017 21:41:19] /a 1
[14/10/2017 21:41:19] /a 1
[14/10/2017 21:41:19] /a 1
[14/10/2017 21:41:19] /a 1
[14/10/2017 21:41:19] /a 1
[14/10/2017 21:41:20] /a 1
[14/10/2017 21:41:20] /a 1
[14/10/2017 21:41:20] /a 1
[14/10/2017 21:41:20] /a 1
[14/10/2017 21:41:21] /a 1
[14/10/2017 21:41:21] /a 1
[14/10/2017 21:41:21] /a 1
[14/10/2017 21:41:21] /a 1
[14/10/2017 21:41:21] /a 1
[14/10/2017 21:41:21] /a 1
[14/10/2017 21:41:21] /a 1
[14/10/2017 21:41:21] /a 1
[14/10/2017 21:41:21] /a 1
[14/10/2017 21:41:21] /a 1
[14/10/2017 21:41:21] /a 1
[14/10/2017 21:41:21] /a 1
[14/10/2017 21:41:21] /a 1
[14/10/2017 21:41:21] /a 1
[14/10/2017 21:41:21] /a 1
[14/10/2017 21:41:21] /a 1
[14/10/2017 21:41:23] /a 1
[14/10/2017 21:41:23] /a 1
[14/10/2017 21:41:23] /a 1
[14/10/2017 21:41:24] /a 1
[14/10/2017 21:41:24] /a 1
[14/10/2017 21:41:24] /a 1
[14/10/2017 21:41:25] /a 1
[14/10/2017 21:41:26] /a 1
[14/10/2017 21:41:26] /a 1
[14/10/2017 21:41:26] /a 1
[14/10/2017 21:41:26] /a 1
[14/10/2017 21:41:26] /a 1
[14/10/2017 21:41:27] /a 1
[14/10/2017 21:41:27] /a 1
[14/10/2017 21:41:27] /a 1
[14/10/2017 21:41:27] /a 1
[14/10/2017 21:41:28] /a 1
[14/10/2017 21:41:28] /a 1
[14/10/2017 21:41:29] /a 1
[14/10/2017 21:41:30] /a 1
[14/10/2017 21:41:30] /a 1
[14/10/2017 21:41:31] /a 1
[14/10/2017 21:41:31] /a 1
[14/10/2017 21:41:31] /a 1
[14/10/2017 21:41:31] /a 1
[14/10/2017 21:43:23] /town principal
[14/10/2017 21:43:29] /town aracura
[14/10/2017 21:43:32] /up
[14/10/2017 21:43:32] /up
[14/10/2017 21:43:32] /up
[14/10/2017 21:43:34] /a 10
[14/10/2017 21:43:34] /a 10
[14/10/2017 21:43:35] /a 10
[14/10/2017 21:43:35] /a 10
[14/10/2017 21:43:35] /a 10
[14/10/2017 21:43:35] /a 10
[14/10/2017 21:43:35] /a 10
[14/10/2017 21:43:36] /a 10
[14/10/2017 21:43:36] /a 10
[14/10/2017 21:43:37] /a 10
[14/10/2017 21:43:37] /a 10
[14/10/2017 21:43:37] /a 10
[14/10/2017 21:43:37] /a 10
[14/10/2017 21:43:37] /a 10
[14/10/2017 21:43:37] /a 10
[14/10/2017 21:43:37] /a 10
[14/10/2017 21:43:37] /a 10
[14/10/2017 21:43:37] /a 10
[14/10/2017 21:43:37] /a 10
[14/10/2017 21:43:37] /a 10
[14/10/2017 21:43:38] /a 10
[14/10/2017 21:43:38] /a 10
[14/10/2017 21:43:38] /a 10
[14/10/2017 21:43:38] /a 10
[14/10/2017 21:43:38] /a 10
[14/10/2017 21:43:38] /a 10
[14/10/2017 21:43:38] /a 10
[14/10/2017 21:43:38] /a 10
[14/10/2017 21:43:38] /a 10
[14/10/2017 21:43:38] /a 10
[14/10/2017 21:43:38] /a 10
[14/10/2017 21:43:38] /a 10
[14/10/2017 21:43:38] /a 10
[14/10/2017 21:43:39] /a 10
[14/10/2017 21:43:39] /a 10
[14/10/2017 21:43:40] /a 10
[14/10/2017 21:43:41] /a 10
[14/10/2017 21:43:41] /a 10
[14/10/2017 21:43:41] /a 10
[14/10/2017 21:43:41] /a 10
[14/10/2017 21:43:41] /a 10
[14/10/2017 21:43:42] /a 10
[14/10/2017 21:43:43] /a 10
[14/10/2017 21:43:44] /a 10
[14/10/2017 21:43:44] /a 10
[14/10/2017 21:43:44] /a 10
[14/10/2017 21:43:44] /a 10
[14/10/2017 21:43:46] /a 1
[14/10/2017 21:43:52] /n server information
[14/10/2017 22:14:58] /r
[14/10/2017 22:14:58] /r
[14/10/2017 22:14:58] /r
[14/10/2017 22:14:58] /r
[14/10/2017 22:14:58] /r
[14/10/2017 22:14:59] /r
[14/10/2017 22:14:59] /r
[14/10/2017 22:14:59] /r
[14/10/2017 22:14:59] /r
[14/10/2017 22:14:59] /r
[14/10/2017 22:14:59] /r
[14/10/2017 22:14:59] /r
[14/10/2017 22:14:59] /r
[14/10/2017 22:14:59] /r
[14/10/2017 22:15:0] /r
[14/10/2017 22:15:0] /r
[14/10/2017 22:15:0] /r
[14/10/2017 22:15:0] /r
[14/10/2017 22:15:0] /r
[14/10/2017 22:15:0] /r
[14/10/2017 22:15:0] /r
[14/10/2017 22:15:0] /r
[14/10/2017 22:15:0] /r
[14/10/2017 22:15:0] /r
[14/10/2017 22:15:0] /r
[14/10/2017 22:15:0] /r
[14/10/2017 22:15:0] /r
[14/10/2017 22:15:1] /r
[14/10/2017 22:15:1] /r
[14/10/2017 22:15:1] /r
[14/10/2017 22:15:1] /r
[14/10/2017 22:15:1] /r
[14/10/2017 22:15:1] /r
[14/10/2017 22:15:2] /r
[14/10/2017 22:15:2] /r
[14/10/2017 22:15:2] /r
[14/10/2017 22:15:2] /r
[14/10/2017 22:15:2] /r
[14/10/2017 22:15:2] /r
[14/10/2017 22:15:2] /r
[14/10/2017 22:15:2] /r
[14/10/2017 22:15:2] /r
[14/10/2017 22:18:14] /a 1
[14/10/2017 22:18:14] /a 1
[14/10/2017 22:18:19] /r
[14/10/2017 22:18:19] /r
[14/10/2017 22:18:19] /r
[14/10/2017 22:18:19] /r
[14/10/2017 22:18:27] /reload movements
[14/10/2017 22:18:44] /r
[14/10/2017 22:18:45] /r
[14/10/2017 22:18:45] /r
[14/10/2017 22:18:46] /r
[14/10/2017 22:18:50] /r
[14/10/2017 22:18:50] /r
[14/10/2017 22:18:50] /r
[14/10/2017 22:18:51] /r
[14/10/2017 22:19:41] /reload movements
[14/10/2017 22:19:58] /a 1
[14/10/2017 22:20:1] /r
[14/10/2017 22:20:1] /r
[14/10/2017 22:20:1] /r
[14/10/2017 22:24:34] /reload globalevents
[14/10/2017 22:24:52] /reload globalevents
[14/10/2017 22:25:8] /reload globalevents
[14/10/2017 22:27:45] /reload globalevents
[14/10/2017 22:28:16] /reload globalevents
[14/10/2017 22:28:27] /reload globalevents
[14/10/2017 22:29:11] /reload globalevents
[14/10/2017 22:36:37] /reload movements
[14/10/2017 22:37:0] /r
[14/10/2017 22:37:0] /r
[14/10/2017 22:37:0] /r
[14/10/2017 22:37:8] /reload movements
[14/10/2017 22:37:49] /a 1
[14/10/2017 22:37:51] /r
[14/10/2017 22:37:54] /reload movements
[14/10/2017 22:38:21] /clean
[14/10/2017 22:39:26] /r
[14/10/2017 22:39:56] /reload movements
[14/10/2017 22:41:8] /reload movements
[14/10/2017 22:41:30] /r
[14/10/2017 22:44:8] /reload movements
[14/10/2017 22:44:53] /reload movements
[14/10/2017 22:45:8] /i 2190
[14/10/2017 22:45:21] /i 2190
[14/10/2017 22:48:11] /i 2190
[14/10/2017 22:48:13] /i 2190
[14/10/2017 22:48:13] /i 2190
[14/10/2017 22:48:14] /i 2190
[14/10/2017 22:50:27] /reload movements
[14/10/2017 22:51:10] /reload movements
[14/10/2017 22:51:26] /r
[14/10/2017 22:51:27] /r
[14/10/2017 22:51:54] /reload movements
[14/10/2017 22:54:41] /reload movements
[14/10/2017 22:56:41] /reload movements
[14/10/2017 22:58:41] /reload movements
[14/10/2017 23:0:20] /reload movements
[14/10/2017 23:2:12] /reload movements
[14/10/2017 23:6:2] /reload movements
[14/10/2017 23:10:12] /reload movements
[14/10/2017 23:12:6] /reload movements
[14/10/2017 23:16:12] /reload movements
[14/10/2017 23:17:21] /reload movements
[14/10/2017 23:18:2] /reload movements
[14/10/2017 23:18:34] /reload movements
[14/10/2017 23:23:56] /reload movements
[14/10/2017 23:24:5] /reload movements
[14/10/2017 23:24:25] /reload movements
[14/10/2017 23:27:20] /reload movements
[14/10/2017 23:27:30] /reload movements
[14/10/2017 23:28:20] /reload movements
[14/10/2017 23:31:1] /reload movements
[14/10/2017 23:32:41] /reload movements
[14/10/2017 23:34:45] /reload movements
[14/10/2017 23:35:34] /reload movements
[14/10/2017 23:38:5] /i 2190
[14/10/2017 23:38:33] /reload movements
[14/10/2017 23:38:52] /reload movements
[14/10/2017 23:41:9] /i 1804
[14/10/2017 23:41:28] /i 1814
[14/10/2017 23:41:33] /i 1816
[14/10/2017 23:41:36] /i 1815
[14/10/2017 23:42:56] /r
[14/10/2017 23:42:57] /r
[14/10/2017 23:43:1] /i 1810
[14/10/2017 23:43:9] /reload movements
[14/10/2017 23:43:39] /up
[14/10/2017 23:43:42] /down
[14/10/2017 23:43:43] /r
[14/10/2017 23:43:47] /i 1810
[14/10/2017 23:43:55] /r
[14/10/2017 23:43:56] /r
[14/10/2017 23:43:56] /r
[14/10/2017 23:43:59] /r
[14/10/2017 23:44:0] /r
[14/10/2017 23:44:2] /r
[14/10/2017 23:44:47] /reload globalevents
[14/10/2017 23:45:5] /reload globalevents
[14/10/2017 23:45:40] /reload globalevents
[14/10/2017 23:46:10] /r
[14/10/2017 23:46:13] /i 1810
[14/10/2017 23:47:26] /reload globalevents
[14/10/2017 23:47:47] /reload globalevents
[14/10/2017 23:48:16] /reload globalevents
[14/10/2017 23:49:8] /r
[14/10/2017 23:49:14] /i 1810
[14/10/2017 23:50:22] /r
[14/10/2017 23:50:59] /i 1810
[14/10/2017 23:51:3] /i 1810
[14/10/2017 23:51:6] /r
[15/10/2017 1:7:34] /n server information
[15/10/2017 11:25:47] /m dragon
[15/10/2017 11:25:48] /m dragon
[15/10/2017 11:25:49] /m dragon
[15/10/2017 11:25:49] /m dragon
[15/10/2017 11:25:49] /m dragon
[15/10/2017 11:25:49] /m dragon
[15/10/2017 11:25:50] /m dragon
[15/10/2017 11:27:45] /m dragon
[15/10/2017 11:27:45] /m dragon
[15/10/2017 11:27:45] /m dragon
[15/10/2017 11:27:46] /m dragon
[15/10/2017 11:27:46] /m dragon
[15/10/2017 11:27:46] /m dragon
[15/10/2017 11:27:46] /m dragon
[15/10/2017 11:32:2] /i magic plate armor
[15/10/2017 11:32:4] /i magic plate armor
[15/10/2017 11:32:4] /i magic plate armor
[15/10/2017 11:32:5] /i magic plate armor
[15/10/2017 11:32:5] /i magic plate armor
[15/10/2017 11:32:6] /i magic plate armor
[15/10/2017 11:32:6] /i magic plate armor
[15/10/2017 11:32:36] /i bag 
[15/10/2017 11:33:0] /i magic plate armor
[15/10/2017 11:33:1] /i magic plate armor
[15/10/2017 11:33:2] /i magic plate armor
[15/10/2017 11:33:2] /i magic plate armor
[15/10/2017 11:33:4] /i magic plate armor
[15/10/2017 11:33:4] /i magic plate armor
[15/10/2017 11:33:22] /i bag
[15/10/2017 11:33:31] /i magic plate armor
[15/10/2017 11:33:32] /i magic plate armor
[15/10/2017 11:33:33] /i magic plate armor
[15/10/2017 11:33:33] /i magic plate armor
[15/10/2017 11:33:34] /i magic plate armor
[15/10/2017 11:33:34] /i magic plate armor
[15/10/2017 11:33:35] /i magic plate armor
[15/10/2017 11:33:35] /i magic plate armor
[15/10/2017 11:33:36] /i magic plate armor
[15/10/2017 11:45:6] /i backpack
[15/10/2017 11:45:23] /i magic plate armor
[15/10/2017 11:45:24] /i magic plate armor
[15/10/2017 11:45:24] /i magic plate armor
[15/10/2017 11:45:25] /i magic plate armor
[15/10/2017 11:45:25] /i magic plate armor
[15/10/2017 11:45:26] /i magic plate armor
[15/10/2017 11:45:26] /i magic plate armor
[15/10/2017 11:45:27] /i magic plate armor
[15/10/2017 11:45:27] /i magic plate armor
[15/10/2017 11:45:28] /i magic plate armor
[15/10/2017 11:45:28] /i magic plate armor
[15/10/2017 11:45:29] /i magic plate armor
[15/10/2017 11:45:29] /i magic plate armor
[15/10/2017 11:45:30] /i magic plate armor
[15/10/2017 11:46:12] /i gold coin
[15/10/2017 11:50:25] /reload talkactions
[15/10/2017 11:51:11] /m dragon
[15/10/2017 11:51:11] /m dragon
[15/10/2017 11:51:11] /m dragon
[15/10/2017 11:51:12] /m dragon
[15/10/2017 11:51:12] /m dragon
[15/10/2017 11:51:12] /m dragon
[15/10/2017 11:51:12] /m dragon
[15/10/2017 11:51:12] /m dragon
[15/10/2017 11:51:12] /m dragon
[15/10/2017 11:51:12] /m dragon
[15/10/2017 11:51:12] /m dragon
[15/10/2017 11:51:12] /m dragon
[15/10/2017 11:51:12] /m dragon
[15/10/2017 12:1:27] /m dragon
[15/10/2017 12:1:27] /m dragon
[15/10/2017 12:1:27] /m dragon
[15/10/2017 12:1:27] /m dragon
[15/10/2017 12:1:27] /m dragon
[15/10/2017 12:1:27] /m dragon
[15/10/2017 12:1:27] /m dragon
[15/10/2017 12:1:27] /m dragon
[15/10/2017 12:1:28] /m dragon
[15/10/2017 12:1:28] /m dragon
[15/10/2017 12:1:28] /m dragon
[15/10/2017 12:1:28] /m dragon
[15/10/2017 12:16:33] /m dragon
[15/10/2017 12:16:34] /m dragon
[15/10/2017 12:16:34] /m dragon
[15/10/2017 12:16:34] /m dragon
[15/10/2017 12:16:34] /m dragon
[15/10/2017 12:16:34] /m dragon
[15/10/2017 12:16:34] /m dragon
[15/10/2017 12:16:34] /m dragon
[15/10/2017 12:16:34] /m dragon
[15/10/2017 12:16:34] /m dragon
[15/10/2017 12:16:34] /m dragon
[15/10/2017 12:16:34] /m dragon
[15/10/2017 12:18:8] /i backpack
[15/10/2017 12:18:12] /i mana potion
[15/10/2017 12:18:12] /i mana potion
[15/10/2017 12:18:12] /i mana potion
[15/10/2017 12:18:12] /i mana potion
[15/10/2017 12:18:12] /i mana potion
[15/10/2017 12:18:12] /i mana potion
[15/10/2017 12:18:12] /i mana potion
[15/10/2017 12:18:13] /i mana potion
[15/10/2017 12:18:13] /i mana potion
[15/10/2017 12:18:13] /i mana potion
[15/10/2017 12:18:13] /i mana potion
[15/10/2017 12:18:13] /i mana potion
[15/10/2017 12:18:13] /i mana potion
[15/10/2017 12:18:13] /i mana potion
[15/10/2017 12:18:13] /i mana potion
[15/10/2017 12:18:13] /i mana potion
[15/10/2017 12:18:13] /i mana potion
[15/10/2017 12:18:13] /i mana potion
[15/10/2017 12:18:13] /i mana potion
[15/10/2017 12:18:13] /i mana potion
[15/10/2017 12:18:13] /i mana potion
[15/10/2017 12:18:13] /i mana potion
[15/10/2017 12:18:13] /i mana potion
[15/10/2017 12:18:13] /i mana potion
[15/10/2017 12:18:13] /i mana potion
[15/10/2017 12:18:13] /i mana potion
[15/10/2017 12:18:13] /i mana potion
[15/10/2017 12:18:13] /i mana potion
[15/10/2017 12:18:14] /i mana potion
[15/10/2017 12:18:14] /i mana potion
[15/10/2017 12:18:14] /i mana potion
[15/10/2017 12:18:14] /i mana potion
[15/10/2017 12:18:14] /i mana potion
[15/10/2017 12:18:53] /i crystal coin
[15/10/2017 12:24:56] /save
[15/10/2017 12:28:50] /m dragon
[15/10/2017 12:28:50] /m dragon
[15/10/2017 12:28:50] /m dragon
[15/10/2017 12:28:51] /m dragon
[15/10/2017 12:28:51] /m dragon
[15/10/2017 12:28:51] /m dragon
[15/10/2017 12:28:51] /m dragon
[15/10/2017 12:28:51] /m dragon
[15/10/2017 12:28:51] /m dragon
[15/10/2017 12:29:31] /i backpack
[15/10/2017 12:29:32] /i mana potion
[15/10/2017 12:29:33] /i mana potion
[15/10/2017 12:29:33] /i mana potion
[15/10/2017 12:29:33] /i mana potion
[15/10/2017 12:29:33] /i mana potion
[15/10/2017 12:29:33] /i mana potion
[15/10/2017 12:29:33] /i mana potion
[15/10/2017 12:29:33] /i mana potion
[15/10/2017 12:29:33] /i mana potion
[15/10/2017 12:29:33] /i mana potion
[15/10/2017 12:29:33] /i mana potion
[15/10/2017 12:29:33] /i mana potion
[15/10/2017 12:29:41] /i crystal coin
[15/10/2017 12:29:46] /i gold coin
[15/10/2017 12:49:23] /i backpack
[15/10/2017 12:49:24] /i mana potion
[15/10/2017 12:49:24] /i mana potion
[15/10/2017 12:49:24] /i mana potion
[15/10/2017 12:49:24] /i mana potion
[15/10/2017 12:49:24] /i mana potion
[15/10/2017 12:49:24] /i mana potion
[15/10/2017 12:49:24] /i mana potion
[15/10/2017 12:49:24] /i mana potion
[15/10/2017 12:49:24] /i mana potion
[15/10/2017 12:49:24] /i mana potion
[15/10/2017 12:49:24] /i mana potion
[15/10/2017 12:49:25] /i mana potion
[15/10/2017 12:49:25] /i mana potion
[15/10/2017 12:49:25] /i mana potion
[15/10/2017 12:49:25] /i mana potion
[15/10/2017 12:49:25] /i mana potion
[15/10/2017 12:49:25] /i mana potion
[15/10/2017 12:49:25] /i mana potion
[15/10/2017 12:49:25] /i mana potion
[15/10/2017 12:49:25] /i mana potion
[15/10/2017 12:49:25] /i mana potion
[15/10/2017 12:49:25] /i mana potion
[15/10/2017 12:49:28] /i gold coin
[15/10/2017 12:49:30] /m dragon
[15/10/2017 12:49:30] /m dragon
[15/10/2017 12:49:31] /m dragon
[15/10/2017 12:49:31] /m dragon
[15/10/2017 12:49:31] /m dragon
[15/10/2017 12:49:31] /m dragon
[15/10/2017 12:49:31] /m dragon
[15/10/2017 12:49:31] /m dragon
[15/10/2017 12:49:31] /m dragon
[15/10/2017 12:49:31] /m dragon
[15/10/2017 12:49:31] /m dragon
[15/10/2017 12:49:56] /m dragon
[15/10/2017 12:49:57] /m dragon
[15/10/2017 12:49:57] /m dragon
[15/10/2017 12:49:57] /m dragon
[15/10/2017 12:49:57] /m dragon
[15/10/2017 12:49:57] /m dragon
[15/10/2017 12:49:57] /m dragon
[15/10/2017 12:49:57] /m dragon
[15/10/2017 12:49:57] /m dragon
[15/10/2017 12:49:57] /m dragon
[15/10/2017 12:49:57] /m dragon
[15/10/2017 12:49:57] /m dragon
[15/10/2017 12:51:35] /save
[15/10/2017 12:52:24] /m dragon
[15/10/2017 12:52:25] /m dragon
[15/10/2017 12:52:25] /m dragon
[15/10/2017 12:52:25] /m dragon
[15/10/2017 12:52:25] /m dragon
[15/10/2017 12:52:25] /m dragon
[15/10/2017 12:52:25] /m dragon
[15/10/2017 12:52:25] /m dragon
[15/10/2017 12:52:25] /m dragon
[15/10/2017 12:52:25] /m dragon
[15/10/2017 12:52:25] /m dragon
[15/10/2017 12:54:0] /i gold coin
[15/10/2017 12:54:41] /m dragon
[15/10/2017 12:54:41] /m dragon
[15/10/2017 12:54:42] /m dragon
[15/10/2017 12:54:42] /m dragon
[15/10/2017 12:54:42] /m dragon
[15/10/2017 12:54:42] /m dragon
[15/10/2017 12:54:42] /m dragon
[15/10/2017 12:54:42] /m dragon
[15/10/2017 12:54:42] /m dragon
[15/10/2017 12:54:42] /m dragon
[15/10/2017 12:54:42] /m dragon
[15/10/2017 12:54:42] /m dragon
[15/10/2017 12:54:42] /m dragon
[15/10/2017 12:54:42] /m dragon
[15/10/2017 12:54:42] /m dragon
[15/10/2017 12:54:42] /m dragon
[15/10/2017 12:54:42] /m dragon
[15/10/2017 12:54:43] /m dragon
[15/10/2017 12:54:44] /a 1
[15/10/2017 12:54:45] /m dragon
[15/10/2017 12:54:45] /m dragon
[15/10/2017 12:54:45] /m dragon
[15/10/2017 12:54:45] /m dragon
[15/10/2017 12:54:45] /m dragon
[15/10/2017 12:54:45] /m dragon
[15/10/2017 12:54:45] /m dragon
[15/10/2017 12:54:45] /m dragon
[15/10/2017 12:54:46] /m dragon
[15/10/2017 12:54:46] /m dragon
[15/10/2017 12:54:46] /m dragon
[15/10/2017 12:54:46] /m dragon
[15/10/2017 12:54:46] /m dragon
[15/10/2017 13:27:45] /i 2595
[15/10/2017 13:37:28] /m dragon
[15/10/2017 13:37:29] /m dragon
[15/10/2017 13:37:29] /m dragon
[15/10/2017 13:37:29] /m dragon
[15/10/2017 13:37:29] /m dragon
[15/10/2017 13:37:29] /m dragon
[15/10/2017 13:37:29] /m dragon
[15/10/2017 13:37:29] /m dragon
[15/10/2017 13:37:29] /m dragon
[15/10/2017 13:37:29] /m dragon
[15/10/2017 13:37:29] /m dragon
[15/10/2017 13:37:29] /m dragon
[15/10/2017 13:37:29] /m dragon
[15/10/2017 13:37:29] /m dragon
[15/10/2017 13:40:56] /m dragon
[15/10/2017 13:40:56] /m dragon
[15/10/2017 13:40:56] /m dragon
[15/10/2017 13:40:56] /m dragon
[15/10/2017 13:40:56] /m dragon
[15/10/2017 13:40:57] /m dragon
[15/10/2017 13:40:57] /m dragon
[15/10/2017 13:40:57] /m dragon
[15/10/2017 13:40:57] /m dragon
[15/10/2017 13:40:57] /m dragon
[15/10/2017 13:40:57] /m dragon
[15/10/2017 13:40:57] /m dragon
[15/10/2017 13:40:57] /m dragon
[15/10/2017 13:43:0] /m dragon
[15/10/2017 13:43:0] /m dragon
[15/10/2017 13:43:0] /m dragon
[15/10/2017 13:43:0] /m dragon
[15/10/2017 13:43:0] /m dragon
[15/10/2017 13:43:0] /m dragon
[15/10/2017 13:43:0] /m dragon
[15/10/2017 13:43:0] /m dragon
[15/10/2017 13:43:1] /m dragon
[15/10/2017 13:43:1] /m dragon
[15/10/2017 13:43:1] /m dragon
[15/10/2017 13:46:5] /m dragon
[15/10/2017 13:46:6] /m dragon
[15/10/2017 13:46:6] /m dragon
[15/10/2017 13:46:6] /m dragon
[15/10/2017 13:46:6] /m dragon
[15/10/2017 13:46:6] /m dragon
[15/10/2017 13:46:6] /m dragon
[15/10/2017 13:46:6] /m dragon
[15/10/2017 13:46:6] /m dragon
[15/10/2017 13:46:6] /m dragon
[15/10/2017 13:46:6] /m dragon
[15/10/2017 13:46:6] /m dragon
[15/10/2017 13:46:6] /m dragon
[15/10/2017 13:46:6] /m dragon
[15/10/2017 13:48:46] /m dragon
[15/10/2017 13:48:46] /m dragon
[15/10/2017 13:48:46] /m dragon
[15/10/2017 13:48:46] /m dragon
[15/10/2017 13:48:46] /m dragon
[15/10/2017 13:48:46] /m dragon
[15/10/2017 13:48:46] /m dragon
[15/10/2017 13:48:46] /m dragon
[15/10/2017 13:48:46] /m dragon
[15/10/2017 13:48:46] /m dragon
[15/10/2017 13:48:46] /m dragon
[15/10/2017 13:48:47] /m dragon
[15/10/2017 13:48:47] /m dragon
[15/10/2017 13:48:47] /m dragon
[15/10/2017 13:48:47] /m dragon
[15/10/2017 14:33:44] /m dragon
[15/10/2017 14:33:45] /m dragon
[15/10/2017 14:33:45] /m dragon
[15/10/2017 14:33:45] /m dragon
[15/10/2017 14:33:45] /m dragon
[15/10/2017 14:33:45] /m dragon
[15/10/2017 14:33:45] /m dragon
[15/10/2017 14:33:45] /m dragon
[15/10/2017 14:33:45] /m dragon
[15/10/2017 14:33:45] /m dragon
[15/10/2017 14:33:45] /m dragon
[15/10/2017 14:33:45] /m dragon
[15/10/2017 14:33:45] /m dragon
[15/10/2017 14:33:45] /m dragon
[15/10/2017 14:33:45] /m dragon
[15/10/2017 14:47:9] /m dragon
[15/10/2017 14:47:9] /m dragon
[15/10/2017 14:47:9] /m dragon
[15/10/2017 14:47:9] /m dragon
[15/10/2017 14:47:9] /m dragon
[15/10/2017 14:47:9] /m dragon
[15/10/2017 14:47:9] /m dragon
[15/10/2017 14:47:9] /m dragon
[15/10/2017 14:47:9] /m dragon
[15/10/2017 14:47:9] /m dragon
[15/10/2017 14:47:10] /m dragon
[15/10/2017 14:47:10] /m dragon
[15/10/2017 14:47:10] /m dragon
[15/10/2017 14:48:34] /reload talkactions
[15/10/2017 14:54:3] /m dragon
[15/10/2017 14:54:3] /m dragon
[15/10/2017 14:54:3] /m dragon
[15/10/2017 14:54:3] /m dragon
[15/10/2017 14:54:3] /m dragon
[15/10/2017 15:0:28] /m dragon
[15/10/2017 15:0:29] /m dragon
[15/10/2017 15:0:29] /m dragon
[15/10/2017 15:0:29] /m dragon
[15/10/2017 15:0:29] /m dragon
[15/10/2017 15:0:29] /m dragon
[15/10/2017 15:0:29] /m dragon
[15/10/2017 15:2:37] /m dragon
[15/10/2017 15:2:38] /m dragon
[15/10/2017 15:2:38] /m dragon
[15/10/2017 15:2:38] /m dragon
[15/10/2017 15:2:38] /m dragon
[15/10/2017 15:2:38] /m dragon
[15/10/2017 15:2:38] /m dragon
[15/10/2017 15:2:38] /m dragon
[15/10/2017 15:2:38] /m dragon
[15/10/2017 15:2:38] /m dragon
[15/10/2017 15:2:38] /m dragon
[15/10/2017 15:2:38] /m dragon
[15/10/2017 15:2:38] /m dragon
[15/10/2017 15:2:38] /m dragon
[15/10/2017 15:6:31] /m dragon
[15/10/2017 15:6:32] /m dragon
[15/10/2017 15:6:32] /m dragon
[15/10/2017 15:6:32] /m dragon
[15/10/2017 15:6:32] /m dragon
[15/10/2017 15:6:32] /m dragon
[15/10/2017 15:6:32] /m dragon
[15/10/2017 15:6:32] /m dragon
[15/10/2017 15:6:32] /m dragon
[15/10/2017 15:6:32] /m dragon
[15/10/2017 15:10:14] /m dragon
[15/10/2017 15:10:14] /m dragon
[15/10/2017 15:10:14] /m dragon
[15/10/2017 15:10:14] /m dragon
[15/10/2017 15:10:14] /m dragon
[15/10/2017 15:10:14] /m dragon
[15/10/2017 15:10:14] /m dragon
[15/10/2017 15:10:15] /m dragon
[15/10/2017 15:10:15] /m dragon
[15/10/2017 15:10:15] /m dragon
[15/10/2017 15:10:15] /m dragon
[15/10/2017 15:10:15] /m dragon
[15/10/2017 15:16:59] /m dragon
[15/10/2017 15:16:59] /m dragon
[15/10/2017 15:16:59] /m dragon
[15/10/2017 15:16:59] /m dragon
[15/10/2017 15:16:59] /m dragon
[15/10/2017 15:16:59] /m dragon
[15/10/2017 15:16:59] /m dragon
[15/10/2017 15:16:59] /m dragon
[15/10/2017 15:16:59] /m dragon
[15/10/2017 15:18:2] /reload creaturescripts
[15/10/2017 15:21:7] /reload creaturescripts
[15/10/2017 15:25:25] /m dragon
[15/10/2017 15:25:25] /m dragon
[15/10/2017 15:25:25] /m dragon
[15/10/2017 15:25:25] /m dragon
[15/10/2017 15:25:25] /m dragon
[15/10/2017 15:26:56] /m dragon
[15/10/2017 15:26:56] /m dragon
[15/10/2017 15:26:56] /m dragon
[15/10/2017 15:26:56] /m dragon
[15/10/2017 15:26:56] /m dragon
[15/10/2017 15:26:56] /m dragon
[15/10/2017 15:26:56] /m dragon
[15/10/2017 15:26:56] /m dragon
[15/10/2017 15:26:56] /m dragon
[15/10/2017 15:26:56] /m dragon
[15/10/2017 15:26:56] /m dragon
[15/10/2017 15:35:10] /m dragon
[15/10/2017 15:35:10] /m dragon
[15/10/2017 15:35:10] /m dragon
[15/10/2017 15:35:10] /m dragon
[15/10/2017 15:35:10] /m dragon
[15/10/2017 15:35:10] /m dragon
[15/10/2017 15:35:11] /m dragon
[15/10/2017 15:35:11] /m dragon
[15/10/2017 15:35:11] /m dragon
[15/10/2017 15:40:7] /m dragon
[15/10/2017 15:40:7] /m dragon
[15/10/2017 15:40:7] /m dragon
[15/10/2017 15:40:7] /m dragon
[15/10/2017 15:40:7] /m dragon
[15/10/2017 15:40:7] /m dragon
[15/10/2017 15:40:7] /m dragon
[15/10/2017 15:40:8] /m dragon
[15/10/2017 15:40:8] /m dragon
[15/10/2017 15:40:8] /m dragon
[15/10/2017 15:42:8] /up
[15/10/2017 15:42:8] /up
[15/10/2017 15:42:9] /up
[15/10/2017 15:42:10] /down
[15/10/2017 15:42:10] /down
[15/10/2017 15:42:10] /down
[15/10/2017 15:42:11] /m dragon
[15/10/2017 15:42:12] /m dragon
[15/10/2017 15:42:12] /m dragon
[15/10/2017 15:42:12] /m dragon
[15/10/2017 15:42:12] /m dragon
[15/10/2017 15:42:12] /m dragon
[15/10/2017 15:42:12] /m dragon
[15/10/2017 15:42:12] /m dragon
[15/10/2017 15:42:12] /m dragon
[15/10/2017 15:42:12] /m dragon
[15/10/2017 15:42:12] /m dragon
[15/10/2017 15:42:12] /m dragon
[15/10/2017 15:45:51] /m dragon
[15/10/2017 15:45:52] /m dragon
[15/10/2017 15:45:52] /m dragon
[15/10/2017 15:45:52] /m dragon
[15/10/2017 15:45:52] /m dragon
[15/10/2017 15:45:52] /m dragon
[15/10/2017 15:45:52] /m dragon
[15/10/2017 15:45:52] /m dragon
[15/10/2017 15:47:21] /m dragon
[15/10/2017 15:47:21] /m dragon
[15/10/2017 15:47:22] /m dragon
[15/10/2017 15:47:22] /m dragon
[15/10/2017 15:47:22] /m dragon
[15/10/2017 15:47:22] /m dragon
[15/10/2017 15:47:22] /m dragon
[15/10/2017 15:47:22] /m dragon
[15/10/2017 15:47:22] /m dragon
[15/10/2017 15:47:22] /m dragon
[15/10/2017 15:47:22] /m dragon
[15/10/2017 15:47:22] /m dragon
[15/10/2017 15:47:22] /m dragon
[15/10/2017 15:47:22] /m dragon
[15/10/2017 15:49:19] /m dragon
[15/10/2017 15:49:19] /m dragon
[15/10/2017 15:49:19] /m dragon
[15/10/2017 15:49:19] /m dragon
[15/10/2017 15:49:19] /m dragon
[15/10/2017 15:49:19] /m dragon
[15/10/2017 15:49:19] /m dragon
[15/10/2017 15:49:19] /m dragon
[15/10/2017 15:49:19] /m dragon
[15/10/2017 15:49:19] /m dragon
[15/10/2017 15:49:19] /m dragon
[15/10/2017 15:49:19] /m dragon
[15/10/2017 15:51:16] /m dragon
[15/10/2017 15:51:17] /m dragon
[15/10/2017 15:51:17] /m dragon
[15/10/2017 15:51:17] /m dragon
[15/10/2017 15:51:17] /m dragon
[15/10/2017 15:51:17] /m dragon
[15/10/2017 15:51:17] /m dragon
[15/10/2017 15:51:17] /m dragon
[15/10/2017 15:51:17] /m dragon
[15/10/2017 15:51:17] /m dragon
[15/10/2017 15:51:17] /m dragon
[15/10/2017 15:57:59] /m dragon
[15/10/2017 15:58:0] /m dragon
[15/10/2017 15:58:0] /m dragon
[15/10/2017 15:58:0] /m dragon
[15/10/2017 15:58:0] /m dragon
[15/10/2017 15:58:0] /m dragon
[15/10/2017 15:58:0] /m dragon
[15/10/2017 15:58:0] /m dragon
[15/10/2017 15:58:0] /m dragon
[15/10/2017 15:58:0] /m dragon
[15/10/2017 15:58:0] /m dragon
[15/10/2017 15:58:0] /m dragon
[15/10/2017 15:58:0] /m dragon
[15/10/2017 15:58:0] /m dragon
[15/10/2017 16:1:47] /m dragon
[15/10/2017 16:1:48] /m dragon
[15/10/2017 16:1:48] /m dragon
[15/10/2017 16:1:48] /m dragon
[15/10/2017 16:1:48] /m dragon
[15/10/2017 16:1:48] /m dragon
[15/10/2017 16:1:48] /m dragon
[15/10/2017 16:1:48] /m dragon
[15/10/2017 16:1:48] /m dragon
[15/10/2017 16:1:48] /m dragon
[15/10/2017 16:1:48] /m dragon
[15/10/2017 16:1:48] /m dragon
[15/10/2017 16:5:2] /m dragon
[15/10/2017 16:5:2] /m dragon
[15/10/2017 16:5:2] /m dragon
[15/10/2017 16:5:2] /m dragon
[15/10/2017 16:5:2] /m dragon
[15/10/2017 16:5:2] /m dragon
[15/10/2017 16:5:2] /m dragon
[15/10/2017 16:5:2] /m dragon
[15/10/2017 16:5:3] /m dragon
[15/10/2017 16:5:3] /m dragon
[15/10/2017 16:5:3] /m dragon
[15/10/2017 16:5:3] /m dragon
[15/10/2017 16:7:46] /m dragon
[15/10/2017 16:7:46] /m dragon
[15/10/2017 16:7:46] /m dragon
[15/10/2017 16:7:46] /m dragon
[15/10/2017 16:7:46] /m dragon
[15/10/2017 16:7:47] /m dragon
[15/10/2017 16:7:47] /m dragon
[15/10/2017 16:7:47] /m dragon
[15/10/2017 16:7:47] /m dragon
[15/10/2017 16:7:47] /m dragon
[15/10/2017 16:7:47] /m dragon
[15/10/2017 16:7:47] /m dragon
[15/10/2017 16:7:47] /m dragon
[15/10/2017 16:7:47] /m dragon
[15/10/2017 16:11:1] /reload creaturescripts
[15/10/2017 16:11:32] /m dragon
[15/10/2017 16:11:32] /m dragon
[15/10/2017 16:11:32] /m dragon
[15/10/2017 16:11:32] /m dragon
[15/10/2017 16:11:32] /m dragon
[15/10/2017 16:11:32] /m dragon
[15/10/2017 16:11:33] /m dragon
[15/10/2017 16:11:33] /m dragon
[15/10/2017 16:11:33] /m dragon
[15/10/2017 16:11:33] /m dragon
[15/10/2017 16:11:33] /m dragon
[15/10/2017 16:11:33] /m dragon
[15/10/2017 16:11:33] /m dragon
[15/10/2017 16:11:33] /m dragon
[15/10/2017 16:11:33] /m dragon
[15/10/2017 16:11:33] /m dragon
[15/10/2017 16:11:33] /m dragon
[15/10/2017 16:14:1] /m dragon
[15/10/2017 16:14:1] /m dragon
[15/10/2017 16:14:1] /m dragon
[15/10/2017 16:14:1] /m dragon
[15/10/2017 16:14:1] /m dragon
[15/10/2017 16:14:1] /m dragon
[15/10/2017 16:14:1] /m dragon
[15/10/2017 16:14:1] /m dragon
[15/10/2017 16:14:1] /m dragon
[15/10/2017 16:14:1] /m dragon
[15/10/2017 16:14:2] /m dragon
[15/10/2017 16:14:2] /m dragon
[15/10/2017 16:14:2] /m dragon
[15/10/2017 16:14:2] /m dragon
[15/10/2017 16:14:52] /reload creaturescripts
[15/10/2017 16:18:23] /m dragon
[15/10/2017 16:18:24] /m dragon
[15/10/2017 16:18:24] /m dragon
[15/10/2017 16:18:24] /m dragon
[15/10/2017 16:18:24] /m dragon
[15/10/2017 16:18:24] /m dragon
[15/10/2017 16:18:24] /m dragon
[15/10/2017 16:18:24] /m dragon
[15/10/2017 16:18:24] /m dragon
[15/10/2017 16:18:24] /m dragon
[15/10/2017 16:18:24] /m dragon
[15/10/2017 16:18:24] /m dragon
[15/10/2017 16:18:24] /m dragon
[15/10/2017 16:18:24] /m dragon
[15/10/2017 16:18:24] /m dragon
[15/10/2017 16:21:31] /reload creaturescripts
[15/10/2017 16:25:50] /m dragon
[15/10/2017 16:25:50] /m dragon
[15/10/2017 16:25:50] /m dragon
[15/10/2017 16:25:51] /m dragon
[15/10/2017 16:25:51] /m dragon
[15/10/2017 16:25:51] /m dragon
[15/10/2017 16:25:51] /m dragon
[15/10/2017 16:25:51] /m dragon
[15/10/2017 16:25:51] /m dragon
[15/10/2017 16:25:51] /m dragon
[15/10/2017 16:25:51] /m dragon
[15/10/2017 16:25:51] /m dragon
[15/10/2017 16:25:51] /m dragon
[15/10/2017 16:25:51] /m dragon
[15/10/2017 16:25:51] /m dragon
[15/10/2017 16:25:51] /m dragon
[15/10/2017 16:29:46] /m dragon
[15/10/2017 16:29:46] /m dragon
[15/10/2017 16:29:46] /m dragon
[15/10/2017 16:29:46] /m dragon
[15/10/2017 16:29:46] /m dragon
[15/10/2017 16:29:46] /m dragon
[15/10/2017 16:29:46] /m dragon
[15/10/2017 16:29:46] /m dragon
[15/10/2017 16:29:46] /m dragon
[15/10/2017 16:29:46] /m dragon
[15/10/2017 16:29:47] /m dragon
[15/10/2017 16:29:47] /m dragon
[15/10/2017 16:29:47] /m dragon
[15/10/2017 16:36:38] /m dragon
[15/10/2017 16:36:38] /m dragon
[15/10/2017 16:36:38] /m dragon
[15/10/2017 16:36:39] /m dragon
[15/10/2017 16:36:39] /m dragon
[15/10/2017 16:36:39] /m dragon
[15/10/2017 16:36:39] /m dragon
[15/10/2017 16:36:39] /m dragon
[15/10/2017 16:36:39] /m dragon
[15/10/2017 16:36:39] /m dragon
[15/10/2017 16:36:39] /m dragon
[15/10/2017 16:36:39] /m dragon
[15/10/2017 16:36:39] /m dragon
[15/10/2017 16:36:39] /m dragon
[15/10/2017 16:38:19] /m dragon
[15/10/2017 16:38:19] /m dragon
[15/10/2017 16:38:19] /m dragon
[15/10/2017 16:38:19] /m dragon
[15/10/2017 16:38:19] /m dragon
[15/10/2017 16:38:19] /m dragon
[15/10/2017 16:38:19] /m dragon
[15/10/2017 16:38:19] /m dragon
[15/10/2017 16:38:19] /m dragon
[15/10/2017 16:38:19] /m dragon
[15/10/2017 16:38:19] /m dragon
[15/10/2017 16:38:19] /m dragon
[15/10/2017 16:38:20] /m dragon
[15/10/2017 16:38:20] /m dragon
[15/10/2017 16:41:48] /m dragon
[15/10/2017 16:41:49] /m dragon
[15/10/2017 16:41:49] /m dragon
[15/10/2017 16:41:49] /m dragon
[15/10/2017 16:41:49] /m dragon
[15/10/2017 16:41:49] /m dragon
[15/10/2017 16:41:49] /m dragon
[15/10/2017 16:41:49] /m dragon
[15/10/2017 16:41:49] /m dragon
[15/10/2017 16:41:49] /m dragon
[15/10/2017 16:41:49] /m dragon
[15/10/2017 16:41:49] /m dragon
[15/10/2017 16:41:50] /m dragon
[15/10/2017 16:47:45] /m dragon
[15/10/2017 16:47:45] /m dragon
[15/10/2017 16:47:45] /m dragon
[15/10/2017 16:47:45] /m dragon
[15/10/2017 16:47:45] /m dragon
[15/10/2017 16:47:45] /m dragon
[15/10/2017 16:47:45] /m dragon
[15/10/2017 16:47:45] /m dragon
[15/10/2017 16:47:45] /m dragon
[15/10/2017 16:47:46] /m dragon
[15/10/2017 16:47:46] /m dragon
[15/10/2017 16:47:46] /m dragon
[15/10/2017 16:50:43] /m dragon
[15/10/2017 16:50:44] /m dragon
[15/10/2017 16:50:44] /m dragon
[15/10/2017 16:50:44] /m dragon
[15/10/2017 16:50:44] /m dragon
[15/10/2017 16:50:44] /m dragon
[15/10/2017 16:50:44] /m dragon
[15/10/2017 16:50:44] /m dragon
[15/10/2017 16:50:44] /m dragon
[15/10/2017 16:50:44] /m dragon
[15/10/2017 16:50:44] /m dragon
[15/10/2017 16:50:44] /m dragon
[15/10/2017 16:50:44] /m dragon
[15/10/2017 16:50:44] /m dragon
[15/10/2017 16:52:28] /m dragon
[15/10/2017 16:52:29] /m dragon
[15/10/2017 16:52:29] /m dragon
[15/10/2017 16:52:29] /m dragon
[15/10/2017 16:52:29] /m dragon
[15/10/2017 16:52:29] /m dragon
[15/10/2017 16:52:29] /m dragon
[15/10/2017 16:52:29] /m dragon
[15/10/2017 16:52:29] /m dragon
[15/10/2017 16:52:29] /m dragon
[15/10/2017 16:52:29] /m dragon
[15/10/2017 16:52:29] /m dragon
[15/10/2017 16:52:29] /m dragon
[15/10/2017 16:52:29] /m dragon
[15/10/2017 16:52:29] /m dragon
[15/10/2017 16:52:30] /m dragon
[15/10/2017 16:52:30] /m dragon
[15/10/2017 17:1:59] /m dragon
[15/10/2017 17:1:59] /m dragon
[15/10/2017 17:1:59] /m dragon
[15/10/2017 17:2:0] /m dragon
[15/10/2017 17:2:0] /m dragon
[15/10/2017 17:2:0] /m dragon
[15/10/2017 17:2:0] /m dragon
[15/10/2017 17:2:0] /m dragon
[15/10/2017 17:2:0] /m dragon
[15/10/2017 17:2:0] /m dragon
[15/10/2017 17:2:0] /m dragon
[15/10/2017 17:2:0] /m dragon
[15/10/2017 17:2:0] /m dragon
[15/10/2017 17:2:0] /m dragon
[15/10/2017 17:2:0] /m dragon
[15/10/2017 17:2:0] /m dragon
[15/10/2017 17:2:1] /a 1
[15/10/2017 17:2:4] /a 1
[15/10/2017 17:2:4] /a 1
[15/10/2017 17:2:5] /a 1
[15/10/2017 17:2:5] /a 1
[15/10/2017 17:2:5] /a 1
[15/10/2017 17:2:5] /a 1
[15/10/2017 17:2:7] /m dragon
[15/10/2017 17:2:8] /m dragon
[15/10/2017 17:2:8] /m dragon
[15/10/2017 17:2:8] /m dragon
[15/10/2017 17:2:8] /m dragon
[15/10/2017 17:2:8] /m dragon
[15/10/2017 17:2:8] /m dragon
[15/10/2017 17:2:8] /m dragon
[15/10/2017 17:2:8] /m dragon
[15/10/2017 17:2:8] /m dragon
[15/10/2017 17:2:8] /m dragon
[15/10/2017 17:2:8] /m dragon
[15/10/2017 17:2:8] /m dragon
[15/10/2017 17:2:8] /m dragon
[15/10/2017 17:2:8] /m dragon
[15/10/2017 17:2:8] /m dragon
[15/10/2017 17:4:18] /m dragon
[15/10/2017 17:4:18] /m dragon
[15/10/2017 17:4:18] /m dragon
[15/10/2017 17:4:18] /m dragon
[15/10/2017 17:4:18] /m dragon
[15/10/2017 17:4:18] /m dragon
[15/10/2017 17:4:18] /m dragon
[15/10/2017 17:4:18] /m dragon
[15/10/2017 17:4:18] /m dragon
[15/10/2017 17:4:18] /m dragon
[15/10/2017 17:4:18] /m dragon
[15/10/2017 17:4:18] /m dragon
[15/10/2017 17:4:19] /m dragon
[15/10/2017 17:4:19] /a 1
[15/10/2017 17:4:20] /m dragon
[15/10/2017 17:4:20] /m dragon
[15/10/2017 17:4:20] /m dragon
[15/10/2017 17:4:20] /m dragon
[15/10/2017 17:4:20] /m dragon
[15/10/2017 17:4:20] /m dragon
[15/10/2017 17:4:20] /m dragon
[15/10/2017 17:4:20] /m dragon
[15/10/2017 17:4:20] /m dragon
[15/10/2017 17:4:21] /m dragon
[15/10/2017 17:4:21] /m dragon
[15/10/2017 17:4:21] /m dragon
[15/10/2017 17:4:21] /m dragon
[15/10/2017 17:4:21] /a 1
[15/10/2017 17:4:21] /a 1
[15/10/2017 17:4:21] /m dragon
[15/10/2017 17:4:22] /m dragon
[15/10/2017 17:4:22] /m dragon
[15/10/2017 17:4:22] /m dragon
[15/10/2017 17:4:22] /m dragon
[15/10/2017 17:4:22] /m dragon
[15/10/2017 17:4:22] /m dragon
[15/10/2017 17:4:22] /m dragon
[15/10/2017 17:4:22] /m dragon
[15/10/2017 17:4:22] /m dragon
[15/10/2017 17:4:22] /m dragon
[15/10/2017 17:4:22] /m dragon
[15/10/2017 17:7:45] /m dragon
[15/10/2017 17:7:46] /m dragon
[15/10/2017 17:7:46] /m dragon
[15/10/2017 17:7:46] /m dragon
[15/10/2017 17:7:46] /m dragon
[15/10/2017 17:7:46] /m dragon
[15/10/2017 17:7:46] /m dragon
[15/10/2017 17:7:46] /m dragon
[15/10/2017 17:7:46] /m dragon
[15/10/2017 17:7:46] /m dragon
[15/10/2017 17:7:46] /m dragon
[15/10/2017 17:7:46] /m dragon
[15/10/2017 17:7:46] /m dragon
[15/10/2017 17:9:54] /m dragon
[15/10/2017 17:9:54] /m dragon
[15/10/2017 17:9:54] /m dragon
[15/10/2017 17:9:54] /m dragon
[15/10/2017 17:9:54] /m dragon
[15/10/2017 17:9:54] /m dragon
[15/10/2017 17:9:54] /m dragon
[15/10/2017 17:9:54] /m dragon
[15/10/2017 17:9:55] /m dragon
[15/10/2017 17:9:55] /m dragon
[15/10/2017 17:9:55] /m dragon
[15/10/2017 17:9:55] /m dragon
[15/10/2017 17:9:55] /m dragon
[15/10/2017 17:9:55] /m dragon
[15/10/2017 17:9:55] /m dragon
[15/10/2017 17:9:55] /m dragon
[15/10/2017 17:9:55] /m dragon
[15/10/2017 17:10:31] /save
[15/10/2017 17:11:12] /m dragon
[15/10/2017 17:11:12] /m dragon
[15/10/2017 17:11:12] /m dragon
[15/10/2017 17:11:12] /m dragon
[15/10/2017 17:11:12] /m dragon
[15/10/2017 17:11:12] /m dragon
[15/10/2017 17:11:12] /m dragon
[15/10/2017 17:11:13] /m dragon
[15/10/2017 17:11:13] /m dragon
[15/10/2017 17:11:13] /m dragon
[15/10/2017 17:11:13] /m dragon
[15/10/2017 17:11:13] /m dragon
[15/10/2017 17:11:13] /m dragon
[15/10/2017 17:11:13] /m dragon
[15/10/2017 17:11:13] /m dragon
