[15/4/2018 22:13:10] /citywar invite, Teste Entrosado, carlin, 0, tradicional, 15
[15/4/2018 22:15:7] /citywar invite, Teste Entrosado, carlin, 0, tradicional, 15
[15/4/2018 22:16:41] /citywar invite, Teste Entrosado, carlin, 0, tradicional, 15,1000
[15/4/2018 22:16:47] /citywar invite, Teste Entrosado, carlin, 0, tradicional, 1
[15/4/2018 22:16:51] /citywar invite, Teste Entrosado, carlin, 0, tradicional, 5
[15/4/2018 22:16:53] /citywar invite, Teste Entrosado, carlin, 0, tradicional, 10
[15/4/2018 22:16:56] /citywar invite, Teste Entrosado, carlin, 0, tradicional, 15
[15/4/2018 22:17:1] /citywar invite, Teste Entrosado, carlin, 0, tradicional, 30
[15/4/2018 22:17:5] /citywar invite, Teste Entrosado, carlin, 0, tradicional, 15
[15/4/2018 22:18:3] /citywar invite, Teste Entrosado, carlin, 0, tradicional, 15
[15/4/2018 22:19:41] /citywar invite, Teste Entrosado, carlin, 0, tradicional, 15
[15/4/2018 22:20:1] /citywar go
[15/4/2018 22:20:7] /citywar go
[15/4/2018 22:20:10] /citywar go
[15/4/2018 22:20:12] /citywar go
[15/4/2018 22:20:14] /citywar go
[15/4/2018 22:20:18] /citywar go
[15/4/2018 22:20:29] /citywar go
[15/4/2018 22:20:33] /citywar go
[15/4/2018 22:20:38] /citywar go
[15/4/2018 22:20:48] /citywar go
[15/4/2018 22:20:53] /citywar go
[15/4/2018 22:25:56] /citywar go
[15/4/2018 22:26:34] /citywar go
[15/4/2018 22:27:17] /citywar invite,Teste Entrosado, Carlin,0,1,15
[15/4/2018 22:27:30] /citywar go
[15/4/2018 22:27:34] /citywar go
[15/4/2018 22:27:36] /citywar go
[15/4/2018 22:27:48] /citywar go
[15/4/2018 22:28:0] /citywar go
[15/4/2018 22:28:2] /citywar go
[15/4/2018 22:28:3] /citywar go
[15/4/2018 22:28:4] /citywar go
[15/4/2018 22:28:16] /citywar go
[15/4/2018 22:29:38] /citywar go
[15/4/2018 22:29:44] /citywar go
[15/4/2018 22:29:50] /citywar go
[15/4/2018 22:29:54] /citywar go
[15/4/2018 22:30:19] /citywar invite, Teste Entrosado, carlin,0,1,15
[15/4/2018 22:30:25] /citywar go
[15/4/2018 22:33:12] /citywar invite, Aviao, carlin, 0, tradicional, 15
[15/4/2018 22:33:59] /citywar go
[15/4/2018 22:34:6] /citywar go
[15/4/2018 22:34:15] /citywar go
[15/4/2018 22:34:16] /citywar go
[15/4/2018 22:34:18] /citywar go
[15/4/2018 22:35:41] /citywar go
[15/4/2018 22:35:44] /citywar go
[15/4/2018 23:0:32] /citywar invite, Aviao, carlin, 0, tradicional, 15
[15/4/2018 23:0:48] /citywar invite, Aviao, carlin, 0, tradicional, 15
[15/4/2018 23:1:2] /citywar go
[15/4/2018 23:1:5] /citywar go
[15/4/2018 23:1:44] /citywar go
[15/4/2018 23:2:40] !citywar go
[15/4/2018 23:2:44] !citywar 
[15/4/2018 23:2:47] !citywar invite
[15/4/2018 23:2:54] /citywar invite, Aviao, carlin, 0, tradicional, 15
[15/4/2018 23:3:5] !citywar go
[15/4/2018 23:5:29] !citywar go
[15/4/2018 23:8:21] /citywar invite, Aviao, carlin, 0, tradicional, 15
[17/4/2018 22:16:14] /citywar invite, Teste Entrosado, carlin, 0,tradicional,15
[17/4/2018 22:16:34] /citywar go
[17/4/2018 22:16:44] /citywar go
[17/4/2018 23:12:19] /citywar accept, teste entrosado
[17/4/2018 23:12:26] /citywar go
[17/4/2018 23:13:8] /citywar go
[17/4/2018 23:14:16] /citywar go
[17/4/2018 23:21:56] /citywar go
[17/4/2018 23:29:42] /citywar accept, Teste Entrosado
[17/4/2018 23:29:46] /citywar go
[17/4/2018 23:30:30] !citywar 
[17/4/2018 23:30:33] !citywar go
[17/4/2018 23:30:35] !citywar Go
[17/4/2018 23:30:38] !citywar GO
[17/4/2018 23:30:40] !citywar go
[18/4/2018 21:59:55] /citywar accept, teste entrosado
[18/4/2018 22:0:6] /citywar go
[18/4/2018 22:0:20] /citywar go
[18/4/2018 22:0:23] /citywar go
[18/4/2018 22:0:28] /citywar go
[18/4/2018 22:1:16] /citywar accept, teste entrosado
[18/4/2018 22:1:23] /citywar go
[18/4/2018 22:13:18] /citywar accept, teste entrosado
[18/4/2018 22:13:24] /citywar go
[18/4/2018 22:13:54] /citywar go
[18/4/2018 22:14:15] /citywar accept, teste entrosado
[18/4/2018 22:14:17] /citywar go
[18/4/2018 22:14:21] /citywar go
[18/4/2018 22:14:23] /citywar go
[18/4/2018 22:16:43] /citywar go
[18/4/2018 22:17:11] /citywar go
[18/4/2018 22:17:15] /citywar accept
[18/4/2018 22:17:18] /citywar accept
[18/4/2018 22:17:30] /citywar accept
[18/4/2018 22:17:35] /citywar accept, Teste Entrosado
[18/4/2018 22:17:56] /citywar accept, Teste Entrosado
[18/4/2018 22:17:59] /citywar accept
[18/4/2018 22:18:1] /citywar go
[18/4/2018 22:18:8] /citywar go
[18/4/2018 22:18:11] /citywar go
[18/4/2018 22:20:7] /citywar go
[18/4/2018 22:20:10] /citywar accept
[18/4/2018 22:20:11] /citywar accept
[18/4/2018 22:20:44] /citywar accept
[18/4/2018 22:20:49] /citywar accept, Teste entrosado
[18/4/2018 22:21:12] /citywar go
[18/4/2018 22:21:15] /citywar accept
[18/4/2018 22:21:27] /citywar accept, Teste entrosado
[18/4/2018 22:22:6] /citywar accept
[18/4/2018 22:22:10] /citywar accept, Teste entrosado
[18/4/2018 22:22:16] /citywar go
[18/4/2018 22:22:24] /citywar go
[18/4/2018 22:23:34] /citywar go
[18/4/2018 22:23:38] /citywar go
[18/4/2018 22:23:54] /citywar go
[18/4/2018 22:23:59] /citywar go
[18/4/2018 23:0:45] /citywar invite
[18/4/2018 23:0:50] /citywar invite, Oncao, carlin,0,1,3
[18/4/2018 23:1:41] /citywar go
[18/4/2018 23:1:57] /citywar accept
[18/4/2018 23:2:2] /citywar accept, Teste entrosado
[18/4/2018 23:2:4] /citywar go
[18/4/2018 23:2:5] /citywar go
[18/4/2018 23:2:6] /citywar go
[18/4/2018 23:2:16] /citywar go
[18/4/2018 23:2:53] /citywar go
[18/4/2018 23:3:1] /citywar go
[18/4/2018 23:3:10] /citywar go
[18/4/2018 23:3:14] /citywar accept
[18/4/2018 23:3:17] /citywar accept, Teste entrosado
[18/4/2018 23:3:21] /citywar go
[18/4/2018 23:4:24] /citywar go
[18/4/2018 23:4:29] /citywar go
[18/4/2018 23:4:33] /citywar exit
[18/4/2018 23:4:35] /citywar exit
[18/4/2018 23:4:37] /citywar exit
[18/4/2018 23:4:41] /citywar exit
[18/4/2018 23:5:34] /citywar go
[18/4/2018 23:5:38] /citywar go
[18/4/2018 23:5:42] /citywar go
[18/4/2018 23:14:17] /citywar go
[18/4/2018 23:14:23] /citywar go
[18/4/2018 23:14:29] /citywar accept, teste entrosado
[18/4/2018 23:14:42] /citywar go
[18/4/2018 23:18:13] /citywar accept, teste entrosado
[18/4/2018 23:18:14] /citywar go
[18/4/2018 23:18:20] /citywar go
[18/4/2018 23:18:30] /citywar go
[18/4/2018 23:19:23] /citywar go
[19/4/2018 18:48:33] !warcarlin invite
[19/4/2018 18:48:39] !warcarlin invite, Teste entrosa
[19/4/2018 18:48:41] !warcarlin invite, Teste entrosado
[19/4/2018 18:48:54] !warcarlin invite, Teste entrosado
[19/4/2018 18:50:5] !warcarlin go
[19/4/2018 19:18:6] /warcarlin go
[19/4/2018 19:18:10] /warcarlin go
[21/4/2018 16:11:58] /warcarlin accept, Teste Entrosado
[21/4/2018 16:12:3] /warcarlin go
[21/4/2018 16:12:25] /warcarlin go
[21/4/2018 17:7:10] /warcarlin accept, Aviao
[21/4/2018 17:7:44] /warcarlin go
[21/4/2018 17:23:30] /warcarlin accept,Aviao
[21/4/2018 17:23:42] /warcarlin go
[21/4/2018 17:27:41] /warcarlin accept,Aviao
[21/4/2018 17:37:7] /warcarlin accept,Aviao
[21/4/2018 17:37:25] /warcarlin go
[21/4/2018 18:41:12] /warcarlin invite, Teste entrosado
[21/4/2018 18:44:15] /warcarlin invite, Teste entrosado,
[21/4/2018 18:44:24] /warcarlin invite, Teste entrosado, 3
[21/4/2018 18:44:27] /warcarlin invite, Teste entrosado, 3
[21/4/2018 18:44:29] /warcarlin invite, Teste entrosado,3
[21/4/2018 18:44:31] /warcarlin invite, Teste entrosado,2
[21/4/2018 18:44:50] /warcarlin go
[21/4/2018 18:45:24] /warcarlin go
[21/4/2018 18:45:27] /warcarlin go
[21/4/2018 19:2:46] /warcarlin invite, Teste entrosado
[21/4/2018 19:2:50] /warcarlin invite, Teste entrosado,4
[21/4/2018 19:2:52] /warcarlin invite, Teste entrosado,4
[21/4/2018 19:3:46] /warcarlin invite, Teste entrosado,3
[21/4/2018 19:3:48] /warcarlin invite, Teste entrosado,4
[21/4/2018 19:3:50] /warcarlin invite, Teste entrosado,5
[21/4/2018 19:5:26] /warcarlin invite, Teste entrosado,
[21/4/2018 19:5:40] /warcarlin invite, Teste entrosado,
[21/4/2018 19:5:43] /warcarlin invite, Teste entrosado,3
[21/4/2018 19:6:8] /warcarlin go
[21/4/2018 19:11:5] /warcarlin invite, teste entrosado
[21/4/2018 19:11:11] /warcarlin invite, teste entrosado,4
[21/4/2018 19:11:39] /warcarlin go
[21/4/2018 19:32:33] /warcarlin invite, Teste entrosado,5
[21/4/2018 19:34:21] /warcarlin go
[21/4/2018 19:42:6] /warcarlin invite, teste entrosado
[21/4/2018 19:42:9] /warcarlin invite, teste entrosado,2
[21/4/2018 19:42:40] /warcarlin go
[21/4/2018 19:42:42] /warcarlin go
[21/4/2018 19:42:44] /warcarlin go
[21/4/2018 19:42:45] /warcarlin go
[21/4/2018 19:42:47] /warcarlin go
[21/4/2018 19:42:49] /warcarlin go
[21/4/2018 19:42:53] /warcarlin go
[21/4/2018 19:42:54] /warcarlin go
[21/4/2018 19:56:59] /warcarlin invite, teste entrosado,2
[21/4/2018 19:57:22] /warcarlin go
[21/4/2018 19:57:30] /warcarlin go
[21/4/2018 19:57:33] /warcarlin go
[21/4/2018 19:57:35] /warcarlin go
[21/4/2018 20:1:57] /warcarlin invite, teste entrosado,2
[21/4/2018 20:2:13] /warcarlin go
[21/4/2018 20:21:3] /warcarlin invite, teste entrosado
[21/4/2018 20:21:6] /warcarlin invite, teste entrosado,2
[21/4/2018 20:21:31] /warcarlin go
[21/4/2018 20:23:49] /warcarlin invite, teste entrosado,2
[21/4/2018 20:24:7] /warcarlin go
[21/4/2018 20:52:50] /warcarlin accept, teste entrosado
[21/4/2018 20:52:58] /warcarlin go
[21/4/2018 20:56:36] /warcarlin accept, teste entrosado
[21/4/2018 20:59:48] /warcarlin go
[21/4/2018 20:59:57] /warcarlin accept, teste entrosado
[21/4/2018 20:59:59] /warcarlin go
[21/4/2018 21:0:19] /warcarlin go
[21/4/2018 21:14:0] /warcarlin accept, teste entrosado
[21/4/2018 21:14:3] /warcarlin go
[21/4/2018 21:14:6] /warcarlin go
[21/4/2018 21:14:31] /warcarlin exit
[21/4/2018 21:14:36] /warcarlin exit
[21/4/2018 21:14:41] /warcarlin go
[21/4/2018 21:26:42] /warcarlin accept, teste entrosado
[21/4/2018 21:29:10] /warcarlin accept, teste entrosado
[21/4/2018 21:30:0] /warcarlin go
[21/4/2018 21:30:4] /warcarlin go
[21/4/2018 21:31:25] /warcarlin go
[21/4/2018 21:35:23] /warcarlin accept, teste entrosado
[21/4/2018 21:35:27] /warcarlin go
[21/4/2018 21:46:14] /warcarlin accept, teste entrosado
[21/4/2018 21:46:26] /warcarlin go
[21/4/2018 21:46:28] /warcarlin go
[21/4/2018 21:46:52] /warcarlin go
[21/4/2018 21:46:57] /warcarlin exit
[21/4/2018 21:52:36] /warcarlin accept, teste entrosado
[21/4/2018 21:52:41] /warcarlin go
[21/4/2018 21:52:48] /warcarlin exit
[21/4/2018 21:55:19] /warcarlin accept, teste entrosado
[21/4/2018 21:55:26] /warcarlin go
[21/4/2018 21:57:51] /warcarlin accept, teste entrosado
[21/4/2018 21:58:2] /warcarlin go
[21/4/2018 21:58:20] /warcarlin go
[21/4/2018 21:58:22] /warcarlin exit
[21/4/2018 21:58:38] /warcarlin go
[21/4/2018 22:0:46] /warcarlin accept, teste entrosado
[21/4/2018 22:0:54] /warcarlin go
[21/4/2018 22:1:0] /warcarlin exit
[21/4/2018 22:1:21] /warcarlin go
[21/4/2018 22:12:56] /warcarlin accept, teste entrosado
[21/4/2018 22:13:6] /warcarlin go
[21/4/2018 22:15:37] /warcarlin go
[21/4/2018 22:22:59] /warcarlin invite, teste entrosado,3
[21/4/2018 22:24:33] /warcarlin invite, teste entrosado,3
[21/4/2018 22:26:8] /warcarlin go
[21/4/2018 22:26:17] /warcarlin exit
[21/4/2018 22:26:22] /warcarlin go
[21/4/2018 22:26:55] /warcarlin exit
[21/4/2018 22:27:3] /warcarlin go
[21/4/2018 22:27:10] /warcarlin exit
[21/4/2018 22:27:15] /warcarlin go
[21/4/2018 22:27:41] /warcarlin exit
[21/4/2018 22:30:51] /warcarlin invite, Teste entrosado,2
[21/4/2018 22:30:52] /warcarlin invite, Teste entrosado,2
[21/4/2018 22:30:54] /warcarlin invite, Teste entrosado,2
[21/4/2018 22:30:56] /warcarlin invite, Teste entrosado,2
[21/4/2018 22:31:7] /warcarlin invite, Teste entrosado,2
[21/4/2018 22:33:4] /warcarlin invite, teste entrosado
[21/4/2018 22:33:16] /warcarlin accept, teste entrosado
[21/4/2018 22:33:22] /warcarlin go
[21/4/2018 22:33:51] /warcarlin go
[21/4/2018 22:34:8] /warcarlin exit
[21/4/2018 22:34:33] /warcarlin go
[21/4/2018 23:8:20] /warcarlin invite, Teste entrosado,3
[21/4/2018 23:10:3] /warcarlin invite, Teste entrosado,3
[21/4/2018 23:10:32] /warcarlin go
[21/4/2018 23:11:4] /warcarlin go
[21/4/2018 23:15:8] /warcarlin invite, teste entrosado
[21/4/2018 23:15:10] /warcarlin invite, teste entrosado,2
[21/4/2018 23:15:22] /warcarlin go
[21/4/2018 23:17:46] /warcarlin invite, teste entrosado,2
[21/4/2018 23:17:57] /warcarlin go
[21/4/2018 23:20:24] /warcarlin invite, teste entrosado
[21/4/2018 23:20:26] /warcarlin invite, teste entrosado,2
[21/4/2018 23:20:38] /warcarlin go
[21/4/2018 23:24:19] /warcarlin invite, teste entrosado,2
[21/4/2018 23:24:27] /warcarlin go
[21/4/2018 23:28:8] /warcarlin invite, onca,2
[21/4/2018 23:28:13] /warcarlin invite, oncao,2
[21/4/2018 23:28:20] /warcarlin invite, teste entrosado,2
[21/4/2018 23:28:30] /warcarlin go
[21/4/2018 23:31:36] /warcarlin invite, teste entrosado,2
[21/4/2018 23:31:48] /warcarlin go
[21/4/2018 23:36:44] /warcarlin invite, teste entrosado,2
[21/4/2018 23:36:57] /warcarlin go
[21/4/2018 23:40:17] /warcarlin invite, teste entrosado, 2
[21/4/2018 23:40:25] /warcarlin go
[21/4/2018 23:44:0] /warcarlin invite, teste
[21/4/2018 23:44:4] /warcarlin invite, teste entrosado,2
[21/4/2018 23:48:4] /warcarlin invite, teste entrosado
[21/4/2018 23:48:11] /warcarlin invite, teste entrosado,2
[21/4/2018 23:48:22] /warcarlin go
[21/4/2018 23:54:9] /warcarlin invite, teste entrosado,2
[21/4/2018 23:54:18] /warcarlin go
[21/4/2018 23:54:20] /warcarlin go
[21/4/2018 23:58:12] /warcarlin invite, teste entrosado,2
[21/4/2018 23:58:22] /warcarlin go
[22/4/2018 0:0:27] /warcarlin invite, teste entrosado,2
[22/4/2018 0:0:35] /warcarlin go
[22/4/2018 0:6:46] /warcarlin invite, teste entrosado
[22/4/2018 0:6:49] /warcarlin invite, teste entrosado,2
[22/4/2018 0:7:1] /warcarlin go
[22/4/2018 0:10:25] /warcarlin invite, teste entrosado,2
