[18/10/2017 2:45:4] /r
[18/10/2017 2:46:57] /save
[18/10/2017 2:48:23] /r
[18/10/2017 2:48:24] /a 3
[18/10/2017 2:48:25] /a 3
[18/10/2017 2:48:25] /a 3
[18/10/2017 2:48:25] /a 3
[18/10/2017 2:48:25] /a 3
[18/10/2017 2:48:25] /a 3
[18/10/2017 2:48:26] /a 3
[18/10/2017 2:48:27] /a 3
[18/10/2017 2:48:30] /up
[18/10/2017 2:48:36] /up
[18/10/2017 2:48:45] /up
[18/10/2017 2:48:55] /up
[18/10/2017 2:49:4] /up
[18/10/2017 2:50:11] /up
[18/10/2017 2:53:36] /a 3
[18/10/2017 2:53:37] /a 3
[18/10/2017 2:53:37] /a 3
[18/10/2017 2:53:37] /a 3
[18/10/2017 2:53:42] /a 3
[18/10/2017 2:53:43] /a 3
[18/10/2017 2:53:43] /a 3
[18/10/2017 2:53:54] /a 3
[18/10/2017 2:53:55] /a 3
[18/10/2017 2:53:55] /a 3
[18/10/2017 2:53:55] /a 3
[18/10/2017 2:53:56] /a 3
[18/10/2017 2:53:56] /a 3
[18/10/2017 2:53:56] /a 3
[18/10/2017 2:53:57] /a 3
[18/10/2017 2:53:57] /a 3
[18/10/2017 2:53:57] /a 3
[18/10/2017 2:53:58] /a 3
[18/10/2017 2:53:58] /a 3
[18/10/2017 2:53:58] /a 3
[18/10/2017 2:53:58] /a 3
[18/10/2017 2:53:59] /a 3
[18/10/2017 2:54:0] /a 3
[18/10/2017 2:54:2] /a 3
[18/10/2017 2:54:2] /a 3
[18/10/2017 2:54:3] /a 3
[18/10/2017 2:54:3] /a 3
[18/10/2017 2:54:3] /a 3
[18/10/2017 2:54:4] /a 3
[18/10/2017 2:54:4] /a 3
[18/10/2017 2:54:4] /a 3
[18/10/2017 2:54:5] /a 3
[18/10/2017 2:54:5] /a 3
[18/10/2017 2:54:6] /a 3
[18/10/2017 2:54:6] /a 3
[18/10/2017 2:54:6] /a 3
[18/10/2017 2:54:6] /a 3
[18/10/2017 2:54:9] /a 3
[18/10/2017 2:54:10] /a 3
[18/10/2017 2:54:10] /a 3
[18/10/2017 2:54:10] /a 3
[18/10/2017 2:54:10] /a 3
[18/10/2017 2:54:10] /a 3
[18/10/2017 2:54:11] /a 3
[18/10/2017 2:54:11] /a 3
[18/10/2017 2:54:11] /a 3
[18/10/2017 2:54:11] /a 3
[18/10/2017 2:54:11] /a 3
[18/10/2017 2:54:12] /a 3
[18/10/2017 2:54:12] /a 3
[18/10/2017 2:54:12] /a 3
[18/10/2017 2:54:12] /a 3
[18/10/2017 2:54:14] /a 3
[18/10/2017 2:54:14] /a 3
[18/10/2017 2:54:14] /a 3
[18/10/2017 2:54:14] /a 3
[18/10/2017 2:54:15] /a 3
[18/10/2017 2:54:15] /a 3
[18/10/2017 2:54:15] /a 3
[18/10/2017 2:54:15] /a 3
[18/10/2017 2:54:15] /a 3
[18/10/2017 2:54:16] /a 3
[18/10/2017 2:54:16] /a 3
[18/10/2017 2:54:16] /a 3
[18/10/2017 2:54:17] /a 3
[18/10/2017 2:54:17] /a 3
[18/10/2017 2:54:18] /a 3
[18/10/2017 2:54:18] /a 3
[18/10/2017 2:54:18] /a 3
[18/10/2017 2:54:19] /a 3
[18/10/2017 2:54:23] /a 3
[18/10/2017 2:54:23] /a 3
[18/10/2017 2:54:23] /a 3
[18/10/2017 2:54:23] /a 3
[18/10/2017 2:54:23] /a 3
[18/10/2017 2:54:24] /a 3
[18/10/2017 2:54:25] /a 3
[18/10/2017 2:54:25] /a 3
[18/10/2017 2:54:25] /a 3
[18/10/2017 2:54:27] /a 3
[18/10/2017 2:54:35] /a 3
[18/10/2017 2:54:35] /a 3
[18/10/2017 2:54:35] /a 3
[18/10/2017 2:54:36] /a 3
[18/10/2017 2:54:36] /a 3
[18/10/2017 2:54:36] /a 3
[18/10/2017 2:54:36] /a 3
[18/10/2017 2:54:38] /a 49
[18/10/2017 2:54:40] /a 3
[18/10/2017 2:54:40] /a 3
[18/10/2017 2:54:41] /a 3
[18/10/2017 2:54:41] /a 3
[18/10/2017 2:54:41] /a 3
[18/10/2017 2:54:41] /a 3
[18/10/2017 2:54:41] /a 3
[18/10/2017 2:54:41] /a 3
[18/10/2017 2:54:41] /a 3
[18/10/2017 2:54:41] /a 3
[18/10/2017 2:54:41] /a 3
[18/10/2017 2:54:41] /a 3
[18/10/2017 2:54:41] /a 3
[18/10/2017 2:54:41] /a 3
[18/10/2017 2:54:41] /a 3
[18/10/2017 2:54:43] /a 3
[18/10/2017 2:54:43] /a 3
[18/10/2017 2:54:43] /a 3
[18/10/2017 2:54:43] /a 3
[18/10/2017 2:54:44] /a 3
[18/10/2017 2:54:44] /a 3
[18/10/2017 2:54:45] /a 3
[18/10/2017 2:54:45] /a 3
[18/10/2017 2:54:46] /a 3
[18/10/2017 2:54:50] /a 3
[18/10/2017 2:54:50] /a 3
[18/10/2017 2:54:50] /a 3
[18/10/2017 2:54:50] /a 3
[18/10/2017 2:54:51] /a 3
[18/10/2017 2:54:51] /a 3
[18/10/2017 2:54:51] /a 3
[18/10/2017 2:54:51] /a 3
[18/10/2017 2:54:51] /a 3
[18/10/2017 2:54:52] /a 3
[18/10/2017 2:54:52] /a 3
[18/10/2017 2:54:52] /a 3
[18/10/2017 2:54:52] /a 3
[18/10/2017 2:54:52] /a 3
[18/10/2017 2:54:53] /a 3
[18/10/2017 2:54:53] /a 3
[18/10/2017 2:54:54] /a 3
[18/10/2017 2:54:54] /a 3
[18/10/2017 2:54:54] /a 3
[18/10/2017 2:54:55] /a 3
[18/10/2017 2:54:55] /a 3
[18/10/2017 2:54:55] /a 3
[18/10/2017 2:54:56] /a 3
[18/10/2017 2:54:56] /a 3
[18/10/2017 2:54:56] /a 3
[18/10/2017 2:54:57] /a 3
[18/10/2017 2:54:57] /a 3
[18/10/2017 2:54:57] /a 3
[18/10/2017 2:54:58] /a 3
[18/10/2017 2:54:59] /a 3
[18/10/2017 2:54:59] /a 3
[18/10/2017 2:54:59] /a 3
[18/10/2017 2:55:0] /a 3
[18/10/2017 2:55:0] /a 3
[18/10/2017 2:55:1] /a 3
[18/10/2017 2:55:1] /a 3
[18/10/2017 2:55:1] /a 3
[18/10/2017 2:55:2] /a 3
[18/10/2017 2:55:2] /a 3
[18/10/2017 2:55:2] /a 3
[18/10/2017 2:55:2] /a 3
[18/10/2017 2:55:2] /a 3
[18/10/2017 2:55:2] /a 3
[18/10/2017 2:55:2] /a 3
[18/10/2017 2:55:2] /a 3
[18/10/2017 2:55:2] /a 3
[18/10/2017 2:55:2] /a 3
[18/10/2017 2:55:2] /a 3
[18/10/2017 2:55:2] /a 3
[18/10/2017 2:55:2] /a 3
[18/10/2017 2:55:3] /a 3
[18/10/2017 2:55:3] /a 3
[18/10/2017 2:55:3] /a 3
[18/10/2017 2:55:4] /a 3
[18/10/2017 2:55:5] /a 3
[18/10/2017 2:55:5] /a 3
[18/10/2017 2:55:9] /a 3
[18/10/2017 2:55:9] /a 3
[18/10/2017 2:55:9] /a 3
[18/10/2017 2:55:10] /a 3
[18/10/2017 2:55:10] /a 3
[18/10/2017 2:55:10] /a 3
[18/10/2017 2:55:11] /a 3
[18/10/2017 2:55:11] /a 3
[18/10/2017 2:55:13] /a 3
[18/10/2017 2:55:13] /a 3
[18/10/2017 2:55:13] /a 3
[18/10/2017 2:55:14] /a 3
[18/10/2017 2:55:14] /a 3
[18/10/2017 2:55:14] /a 3
[18/10/2017 2:55:15] /a 3
[18/10/2017 2:55:15] /a 3
[18/10/2017 2:55:15] /a 3
[18/10/2017 2:55:17] /a 3
[18/10/2017 2:55:17] /a 3
[18/10/2017 2:55:18] /a 3
[18/10/2017 2:55:19] /a 3
[18/10/2017 2:55:19] /a 3
[18/10/2017 2:55:19] /a 3
[18/10/2017 2:55:19] /a 3
[18/10/2017 2:55:19] /a 3
[18/10/2017 2:55:19] /a 3
[18/10/2017 2:55:19] /a 3
[18/10/2017 2:55:19] /a 3
[18/10/2017 2:55:19] /a 3
[18/10/2017 2:55:19] /a 3
[18/10/2017 2:55:20] /a 3
[18/10/2017 2:55:21] /a 3
[18/10/2017 2:55:21] /a 3
[18/10/2017 2:55:22] /a 3
[18/10/2017 2:55:22] /a 3
[18/10/2017 2:55:23] /a 3
[18/10/2017 2:55:23] /a 3
[18/10/2017 2:55:23] /a 3
[18/10/2017 2:55:23] /a 3
[18/10/2017 2:55:24] /a 3
[18/10/2017 2:55:24] /a 3
[18/10/2017 2:55:25] /a 3
[18/10/2017 2:55:26] /a 3
[18/10/2017 2:55:27] /a 3
[18/10/2017 2:55:27] /a 3
[18/10/2017 2:55:28] /a 3
[18/10/2017 2:55:28] /a 3
[18/10/2017 2:55:29] /a 3
[18/10/2017 2:55:30] /a 3
[18/10/2017 2:55:30] /a 3
[18/10/2017 2:55:31] /a 3
[18/10/2017 2:55:31] /a 3
[18/10/2017 2:55:31] /a 3
[18/10/2017 2:55:36] /a 3
[18/10/2017 2:55:36] /a 3
[18/10/2017 2:55:37] /a 3
[18/10/2017 2:55:37] /a 3
[18/10/2017 2:55:37] /a 3
[18/10/2017 2:55:37] /a 3
[18/10/2017 2:55:38] /a 3
[18/10/2017 2:55:38] /a 3
[18/10/2017 2:55:38] /a 3
[18/10/2017 2:55:38] /a 3
[18/10/2017 2:55:38] /a 3
[18/10/2017 2:55:39] /a 3
[18/10/2017 2:55:40] /a 3
[18/10/2017 2:55:42] /a 3
[18/10/2017 2:55:43] /a 3
[18/10/2017 2:55:43] /a 3
[18/10/2017 2:55:43] /a 3
[18/10/2017 2:55:43] /a 3
[18/10/2017 2:55:43] /a 3
[18/10/2017 2:55:43] /a 3
[18/10/2017 2:55:43] /a 3
[18/10/2017 2:55:43] /a 3
[18/10/2017 2:55:43] /a 3
[18/10/2017 2:55:43] /a 3
[18/10/2017 2:55:44] /a 3
[18/10/2017 2:55:44] /a 3
[18/10/2017 2:55:45] /a 3
[18/10/2017 2:55:46] /a 3
[18/10/2017 2:55:47] /a 3
[18/10/2017 2:55:47] /a 3
[18/10/2017 2:55:48] /a 3
[18/10/2017 2:57:2] /up
[18/10/2017 2:57:7] /a 3
[18/10/2017 2:57:8] /a 3
[18/10/2017 2:57:8] /a 3
[18/10/2017 2:57:8] /a 3
[18/10/2017 2:57:9] /a 3
[18/10/2017 2:57:11] /a 3
[18/10/2017 2:57:17] /a 3
[18/10/2017 2:57:19] /a 3
[18/10/2017 2:57:22] /up
[18/10/2017 2:57:47] /a 3
[18/10/2017 2:57:47] /a 3
[18/10/2017 2:57:47] /a 3
[18/10/2017 2:57:48] /a 3
[18/10/2017 2:57:48] /a 3
[18/10/2017 2:57:48] /a 3
[18/10/2017 2:57:48] /a 3
[18/10/2017 2:57:49] /a 3
[18/10/2017 2:57:49] /a 3
[18/10/2017 2:57:51] /a 3
[18/10/2017 2:57:51] /a 3
[18/10/2017 2:57:51] /a 3
[18/10/2017 2:57:51] /a 3
[18/10/2017 2:57:53] /down
[18/10/2017 2:57:56] /up
[18/10/2017 2:57:58] /a 3
[18/10/2017 2:57:59] /a 3
[18/10/2017 2:57:59] /a 3
[18/10/2017 2:57:59] /a 3
[18/10/2017 2:57:59] /a 3
[18/10/2017 2:57:59] /a 3
[18/10/2017 2:57:59] /a 3
[18/10/2017 2:57:59] /a 3
[18/10/2017 2:57:59] /a 3
[18/10/2017 2:57:59] /a 3
[18/10/2017 2:57:59] /a 3
[18/10/2017 2:57:59] /a 3
[18/10/2017 2:57:59] /a 3
[18/10/2017 2:57:59] /a 3
[18/10/2017 2:57:59] /a 3
[18/10/2017 2:57:59] /a 3
[18/10/2017 2:57:59] /a 3
[18/10/2017 2:57:59] /a 3
[18/10/2017 2:57:59] /a 3
[18/10/2017 2:58:0] /a 3
[18/10/2017 2:58:0] /a 3
[18/10/2017 2:58:0] /a 3
[18/10/2017 2:58:0] /a 3
[18/10/2017 2:58:0] /a 3
[18/10/2017 2:58:0] /a 3
[18/10/2017 2:58:0] /a 3
[18/10/2017 2:58:0] /a 3
[18/10/2017 2:58:0] /a 3
[18/10/2017 2:58:0] /a 3
[18/10/2017 2:58:0] /a 3
[18/10/2017 2:58:0] /a 3
[18/10/2017 2:58:0] /a 3
[18/10/2017 2:58:0] /a 3
[18/10/2017 2:58:0] /a 3
[18/10/2017 2:58:0] /a 3
[18/10/2017 2:58:0] /a 3
[18/10/2017 2:58:0] /a 3
[18/10/2017 2:58:0] /a 3
[18/10/2017 2:58:0] /a 3
[18/10/2017 2:58:0] /a 3
[18/10/2017 2:58:0] /a 3
[18/10/2017 2:58:0] /a 3
[18/10/2017 2:58:0] /a 3
[18/10/2017 2:58:0] /a 3
[18/10/2017 2:58:0] /a 3
[18/10/2017 2:58:0] /a 3
[18/10/2017 2:58:1] /a 3
[18/10/2017 2:58:1] /a 3
[18/10/2017 2:58:1] /a 3
[18/10/2017 2:58:1] /a 3
[18/10/2017 2:58:1] /a 3
[18/10/2017 2:58:1] /a 3
[18/10/2017 2:58:1] /a 3
[18/10/2017 2:58:3] /a 3
[18/10/2017 2:58:3] /a 3
[18/10/2017 2:58:3] /a 3
[18/10/2017 2:58:3] /a 3
[18/10/2017 2:58:3] /a 3
[18/10/2017 2:58:3] /a 3
[18/10/2017 2:58:4] /a 3
[18/10/2017 2:58:4] /a 3
[18/10/2017 2:58:4] /a 3
[18/10/2017 2:58:4] /a 3
[18/10/2017 2:58:4] /a 3
[18/10/2017 2:58:4] /a 3
[18/10/2017 2:58:4] /a 3
[18/10/2017 2:58:4] /a 3
[18/10/2017 2:58:4] /a 3
[18/10/2017 2:58:4] /a 3
[18/10/2017 2:58:4] /a 3
[18/10/2017 2:58:4] /a 3
[18/10/2017 2:58:4] /a 3
[18/10/2017 2:58:5] /a 3
[18/10/2017 2:58:5] /a 3
[18/10/2017 2:58:6] /a 3
[18/10/2017 2:58:7] /a 3
[18/10/2017 2:58:7] /a 3
[18/10/2017 2:58:7] /a 3
[18/10/2017 2:58:7] /a 3
[18/10/2017 2:58:7] /a 3
[18/10/2017 3:9:0] /goto rainbow
[18/10/2017 3:9:20] /goto rainbow
[18/10/2017 3:9:27] /goto rainbow
[18/10/2017 3:9:32] /goto rainbow
[18/10/2017 13:40:49] /town principal
[18/10/2017 13:41:23] /reload movements
[22/10/2017 0:1:47] /goto marcola
[22/10/2017 0:9:54] /a 3
[22/10/2017 0:9:55] /a 3
[22/10/2017 0:9:55] /a 3
[22/10/2017 0:9:55] /a 3
[22/10/2017 0:9:55] /a 3
[22/10/2017 0:9:56] /a 3
[22/10/2017 0:9:56] /a 3
[22/10/2017 0:9:56] /a 3
[22/10/2017 0:9:57] /a 3
[22/10/2017 0:9:57] /a 3
[22/10/2017 0:9:57] /a 3
[22/10/2017 0:9:58] /a 3
[22/10/2017 0:9:58] /a 3
[22/10/2017 0:9:58] /a 3
[22/10/2017 0:9:58] /a 3
[22/10/2017 0:9:58] /a 3
[22/10/2017 0:9:58] /a 3
[22/10/2017 0:9:58] /a 3
[22/10/2017 0:9:58] /a 3
[22/10/2017 0:9:58] /a 3
[22/10/2017 0:9:58] /a 3
[22/10/2017 0:9:58] /a 3
[22/10/2017 0:9:58] /a 3
[22/10/2017 0:9:58] /a 3
[22/10/2017 0:9:58] /a 3
[22/10/2017 0:9:58] /a 3
[22/10/2017 0:9:58] /a 3
[22/10/2017 0:9:59] /a 3
[22/10/2017 0:9:59] /a 3
[22/10/2017 0:9:59] /a 3
[22/10/2017 0:9:59] /a 3
[22/10/2017 0:9:59] /a 3
[22/10/2017 0:9:59] /a 3
[22/10/2017 0:9:59] /a 3
[22/10/2017 0:9:59] /a 3
[22/10/2017 0:10:0] /a 3
[22/10/2017 0:10:0] /a 3
[22/10/2017 0:10:0] /a 3
[22/10/2017 0:10:0] /a 3
[22/10/2017 0:10:0] /a 3
[22/10/2017 0:10:0] /a 3
[22/10/2017 0:10:0] /a 3
[22/10/2017 0:10:0] /a 3
[22/10/2017 0:10:0] /a 3
[22/10/2017 0:10:0] /a 3
[22/10/2017 0:10:1] /a 3
[22/10/2017 0:10:1] /a 3
[22/10/2017 0:10:1] /a 3
[22/10/2017 0:10:1] /a 3
[22/10/2017 0:10:2] /a 3
[22/10/2017 0:10:2] /a 3
[22/10/2017 0:10:2] /a 3
[22/10/2017 0:10:2] /a 3
[22/10/2017 0:10:2] /a 3
[22/10/2017 0:10:3] /a 3
[22/10/2017 0:10:3] /a 3
[22/10/2017 0:10:4] /a 3
[22/10/2017 0:10:4] /a 3
[22/10/2017 0:10:5] /a 3
[22/10/2017 0:10:5] /a 3
[22/10/2017 0:10:5] /a 3
[22/10/2017 0:10:5] /a 3
[22/10/2017 0:10:6] /a 3
[22/10/2017 0:10:14] /a 3
[22/10/2017 0:10:14] /a 3
[22/10/2017 0:10:15] /a 3
[22/10/2017 0:10:15] /a 3
[22/10/2017 0:10:15] /a 3
[22/10/2017 0:10:15] /a 3
[22/10/2017 0:10:16] /a 3
[22/10/2017 0:10:16] /a 3
[22/10/2017 0:10:16] /a 3
[22/10/2017 0:10:16] /a 3
[22/10/2017 0:10:16] /a 3
[22/10/2017 0:10:16] /a 3
[22/10/2017 0:10:17] /a 3
[22/10/2017 0:10:17] /a 3
[22/10/2017 0:10:17] /a 3
[22/10/2017 0:10:17] /a 3
[22/10/2017 0:10:18] /a 3
[22/10/2017 0:10:18] /a 3
[22/10/2017 0:10:18] /a 3
[22/10/2017 0:10:19] /a 3
[22/10/2017 0:10:19] /a 3
[22/10/2017 0:10:19] /a 3
[22/10/2017 0:10:19] /a 3
[22/10/2017 0:10:19] /a 3
[22/10/2017 0:10:20] /a 3
[22/10/2017 0:10:20] /a 3
[22/10/2017 0:10:20] /a 3
[22/10/2017 0:10:20] /a 3
[22/10/2017 0:10:20] /a 3
[22/10/2017 0:10:21] /a 3
[22/10/2017 0:10:21] /a 3
[22/10/2017 0:10:21] /a 3
[22/10/2017 0:10:21] /a 3
[22/10/2017 0:10:22] /a 3
[22/10/2017 0:10:22] /a 3
[22/10/2017 0:10:22] /a 3
[22/10/2017 0:10:22] /a 3
[22/10/2017 0:10:23] /a 3
[22/10/2017 0:10:23] /a 3
[22/10/2017 0:10:23] /a 3
[22/10/2017 0:10:23] /a 3
[22/10/2017 0:10:23] /a 3
[22/10/2017 0:10:23] /a 3
[22/10/2017 0:10:24] /a 3
[22/10/2017 0:10:24] /a 3
[22/10/2017 0:10:24] /a 3
[22/10/2017 0:10:25] /a 3
[22/10/2017 0:10:25] /a 3
[22/10/2017 0:10:25] /a 3
[22/10/2017 0:10:25] /a 3
[22/10/2017 0:10:25] /a 3
[22/10/2017 0:10:26] /a 3
[22/10/2017 0:10:26] /a 3
[22/10/2017 0:10:27] /a 3
[22/10/2017 0:10:27] /a 3
[22/10/2017 0:10:28] /a 3
[22/10/2017 0:10:29] /a 3
[22/10/2017 0:10:29] /a 3
[22/10/2017 0:15:50] /reload creaturescripts
[22/10/2017 0:15:56] /reload monsters
[22/10/2017 0:17:43] /reload creaturescripts
[22/10/2017 0:17:48] /reload monsters
[22/10/2017 0:21:1] /reload creaturescripts
[22/10/2017 0:21:12] /reload monsters
[22/10/2017 0:21:51] /a 3
[22/10/2017 0:21:51] /a 3
[22/10/2017 0:21:51] /a 3
[22/10/2017 0:21:52] /a 3
[22/10/2017 0:21:52] /a 3
[22/10/2017 0:21:52] /a 3
[22/10/2017 0:21:52] /a 3
[22/10/2017 0:21:53] /a 3
[22/10/2017 0:21:53] /a 3
[22/10/2017 0:21:55] /a 3
[22/10/2017 0:21:55] /a 3
[22/10/2017 0:21:55] /a 3
[22/10/2017 0:21:55] /a 3
[22/10/2017 0:21:56] /a 3
[22/10/2017 0:21:57] /a 3
[22/10/2017 0:21:57] /a 3
[22/10/2017 0:21:57] /a 3
[22/10/2017 0:21:58] /a 3
[22/10/2017 0:22:1] /a 3
[22/10/2017 0:22:1] /a 3
[22/10/2017 0:22:2] /a 3
[22/10/2017 0:22:2] /a 3
[22/10/2017 0:22:2] /a 3
[22/10/2017 0:22:3] /a 3
[22/10/2017 0:22:3] /a 3
[22/10/2017 0:22:3] /a 3
[22/10/2017 0:26:5] /r
[22/10/2017 0:26:5] /a 3
[22/10/2017 0:26:6] /a 3
[22/10/2017 0:26:6] /a 3
[22/10/2017 0:26:7] /a 3
[22/10/2017 0:26:7] /a 3
[22/10/2017 0:26:7] /a 3
[22/10/2017 0:26:8] /a 3
[22/10/2017 0:26:8] /a 3
[22/10/2017 0:28:47] /goto marcola
[22/10/2017 0:28:58] /a 3
[22/10/2017 0:28:59] /a 3
[22/10/2017 0:28:59] /a 3
[22/10/2017 0:28:59] /a 3
[22/10/2017 0:28:59] /a 3
[22/10/2017 0:28:59] /a 3
[22/10/2017 0:28:59] /a 3
[22/10/2017 0:28:59] /a 3
[22/10/2017 0:28:59] /a 3
[22/10/2017 0:28:59] /a 3
[22/10/2017 0:28:59] /a 3
[22/10/2017 0:28:59] /a 3
[22/10/2017 0:28:59] /a 3
[22/10/2017 0:28:59] /a 3
[22/10/2017 0:28:59] /a 3
[22/10/2017 0:28:59] /a 3
[22/10/2017 0:28:59] /a 3
[22/10/2017 0:28:59] /a 3
[22/10/2017 0:28:59] /a 3
[22/10/2017 0:28:59] /a 3
[22/10/2017 0:28:59] /a 3
[22/10/2017 0:28:59] /a 3
[22/10/2017 0:28:59] /a 3
[22/10/2017 0:28:59] /a 3
[22/10/2017 0:28:59] /a 3
[22/10/2017 0:28:59] /a 3
[22/10/2017 0:28:59] /a 3
[22/10/2017 0:28:59] /a 3
[22/10/2017 0:29:0] /a 3
[22/10/2017 0:29:0] /a 3
[22/10/2017 0:29:0] /a 3
[22/10/2017 0:29:0] /a 3
[22/10/2017 0:29:0] /a 3
[22/10/2017 0:29:0] /a 3
[22/10/2017 0:29:0] /a 3
[22/10/2017 0:29:0] /a 3
[22/10/2017 0:29:0] /a 3
[22/10/2017 0:29:0] /a 3
[22/10/2017 0:29:0] /a 3
[22/10/2017 0:29:0] /a 3
[22/10/2017 0:29:0] /a 3
[22/10/2017 0:29:0] /a 3
[22/10/2017 0:29:0] /a 3
[22/10/2017 0:29:0] /a 3
[22/10/2017 0:29:0] /a 3
[22/10/2017 0:29:0] /a 3
[22/10/2017 0:29:0] /a 3
[22/10/2017 0:29:4] /a 3
[22/10/2017 0:29:5] /a 3
[22/10/2017 0:29:5] /a 3
[22/10/2017 0:29:5] /a 3
[22/10/2017 0:29:5] /a 3
[22/10/2017 0:29:5] /a 3
[22/10/2017 0:29:5] /a 3
[22/10/2017 0:29:5] /a 3
[22/10/2017 0:29:5] /a 3
[22/10/2017 0:29:5] /a 3
[22/10/2017 0:29:5] /a 3
[22/10/2017 0:29:5] /a 3
[22/10/2017 0:29:5] /a 3
[22/10/2017 0:29:5] /a 3
[22/10/2017 0:29:5] /a 3
[22/10/2017 0:29:6] /a 3
[22/10/2017 0:29:6] /a 3
[22/10/2017 0:29:6] /a 3
[22/10/2017 0:29:6] /a 3
[22/10/2017 0:29:6] /a 3
[22/10/2017 0:29:6] /a 3
[22/10/2017 0:29:6] /a 3
[22/10/2017 0:29:6] /a 3
[22/10/2017 0:29:6] /a 3
[22/10/2017 0:29:6] /a 3
[22/10/2017 0:29:6] /a 3
[22/10/2017 0:29:6] /a 3
[22/10/2017 0:29:6] /a 3
[22/10/2017 0:29:7] /a 3
[22/10/2017 0:29:7] /a 3
[22/10/2017 0:29:7] /a 3
[22/10/2017 0:29:7] /a 3
[22/10/2017 0:29:7] /a 3
[22/10/2017 0:29:7] /a 3
[22/10/2017 0:29:7] /a 3
[22/10/2017 0:29:7] /a 3
[22/10/2017 0:29:7] /a 3
[22/10/2017 0:29:7] /a 3
[22/10/2017 0:29:7] /a 3
[22/10/2017 0:29:7] /a 3
[22/10/2017 0:29:7] /a 3
[22/10/2017 0:29:7] /a 3
[22/10/2017 0:29:7] /a 3
[22/10/2017 0:29:7] /a 3
[22/10/2017 0:29:7] /a 3
[22/10/2017 0:29:8] /a 3
[22/10/2017 0:29:8] /a 3
[22/10/2017 0:29:8] /a 3
[22/10/2017 0:29:8] /a 3
[22/10/2017 0:29:8] /a 3
[22/10/2017 0:29:8] /a 3
[22/10/2017 0:29:8] /a 3
[22/10/2017 0:29:9] /a 3
[22/10/2017 0:29:9] /a 3
[22/10/2017 0:29:9] /a 3
[22/10/2017 0:29:10] /a 3
[22/10/2017 0:29:10] /a 3
[22/10/2017 0:29:10] /a 3
[22/10/2017 0:29:10] /a 3
[22/10/2017 0:29:10] /a 3
[22/10/2017 0:29:10] /a 3
[22/10/2017 0:29:11] /a 3
[22/10/2017 0:29:12] /a 3
[22/10/2017 0:29:12] /a 3
[22/10/2017 0:30:23] /a 3
[22/10/2017 0:30:23] /a 3
[22/10/2017 0:30:23] /a 3
[22/10/2017 0:30:23] /a 3
[22/10/2017 0:30:24] /a 3
[22/10/2017 0:30:24] /a 3
[22/10/2017 0:30:24] /a 3
[22/10/2017 0:30:24] /a 3
[22/10/2017 0:30:24] /a 3
[22/10/2017 0:30:24] /a 3
[22/10/2017 0:30:24] /a 3
[22/10/2017 0:30:24] /a 3
[22/10/2017 0:30:25] /a 3
[22/10/2017 0:30:25] /a 3
[22/10/2017 0:30:25] /a 3
[22/10/2017 0:30:25] /a 3
[22/10/2017 0:30:25] /a 3
[22/10/2017 0:30:25] /a 3
[22/10/2017 0:30:25] /a 3
[22/10/2017 0:30:25] /a 3
[22/10/2017 0:30:25] /a 3
[22/10/2017 0:30:25] /a 3
[22/10/2017 0:30:25] /a 3
[22/10/2017 0:30:25] /a 3
[22/10/2017 0:30:25] /a 3
[22/10/2017 0:30:25] /a 3
[22/10/2017 0:30:25] /a 3
[22/10/2017 0:30:25] /a 3
[22/10/2017 0:30:27] /up
[22/10/2017 0:30:27] /up
[22/10/2017 0:30:27] /up
[22/10/2017 0:30:28] /up
[22/10/2017 0:30:28] /a 3
[22/10/2017 0:30:32] /down
[22/10/2017 0:30:33] /down
[22/10/2017 0:30:36] /up
[22/10/2017 0:30:37] /a 3
[22/10/2017 0:30:38] /up
[22/10/2017 0:30:38] /up
[22/10/2017 0:30:39] /up
[22/10/2017 0:30:40] /a 3
[22/10/2017 0:30:40] /up
[22/10/2017 0:30:45] /up
[22/10/2017 0:30:47] /up
[22/10/2017 0:30:49] /a 3
[22/10/2017 0:30:50] /a 3
[22/10/2017 0:30:50] /m dragon
[22/10/2017 0:30:51] /up
[22/10/2017 0:30:54] /up
[22/10/2017 0:30:58] /a 1
[22/10/2017 0:31:0] /a 3
[22/10/2017 0:31:1] /up
[22/10/2017 0:31:7] /a 3
[22/10/2017 0:31:13] /a 3
[22/10/2017 0:31:14] /up
[22/10/2017 0:31:31] /up
[22/10/2017 0:31:33] /a 3
[22/10/2017 0:31:34] /up
[22/10/2017 0:31:48] /a 3
[22/10/2017 0:31:48] /up
[22/10/2017 0:31:49] /a 3
[22/10/2017 0:31:51] /a 3
[22/10/2017 0:31:51] /a 3
[22/10/2017 0:31:51] /a 3
[22/10/2017 0:31:52] /a 3
[22/10/2017 0:31:53] /a 3
[22/10/2017 0:31:54] /a 3
[22/10/2017 0:31:54] /a 3
[22/10/2017 0:31:54] /a 3
[22/10/2017 0:31:56] /a 3
[22/10/2017 0:31:56] /a 3
[22/10/2017 0:31:56] /a 3
[22/10/2017 0:31:56] /a 3
[22/10/2017 0:33:19] /a 3
[22/10/2017 0:33:19] /a 3
[22/10/2017 0:33:20] /a 3
[22/10/2017 0:33:20] /a 3
[22/10/2017 0:33:20] /a 3
[22/10/2017 0:33:21] /a 3
[22/10/2017 0:33:21] /a 3
[22/10/2017 0:34:39] /a 3
[22/10/2017 0:34:39] /a 3
[22/10/2017 0:34:39] /a 3
[22/10/2017 0:34:39] /a 3
[22/10/2017 0:34:40] /a 3
[22/10/2017 0:34:41] /a 3
[22/10/2017 0:34:41] /a 3
[22/10/2017 0:37:24] /reload movements
[22/10/2017 0:40:11] /a 3
[22/10/2017 0:40:11] /a 3
[22/10/2017 0:40:11] /a 3
[22/10/2017 0:40:11] /a 3
[22/10/2017 0:40:11] /a 3
[22/10/2017 0:40:11] /a 3
[22/10/2017 0:40:11] /a 3
[22/10/2017 0:40:11] /a 3
[22/10/2017 0:40:11] /a 3
[22/10/2017 0:40:12] /a 3
[22/10/2017 0:40:12] /a 3
[22/10/2017 0:40:12] /a 3
[22/10/2017 0:40:12] /a 3
[22/10/2017 0:40:12] /a 3
[22/10/2017 0:40:12] /a 3
[22/10/2017 0:40:12] /a 3
[22/10/2017 0:40:12] /a 3
[22/10/2017 0:40:12] /a 3
[22/10/2017 0:40:12] /a 3
[22/10/2017 0:40:12] /a 3
[22/10/2017 0:40:12] /a 3
[22/10/2017 0:40:12] /a 3
[22/10/2017 0:40:12] /a 3
[22/10/2017 0:40:12] /a 3
[22/10/2017 0:40:12] /a 3
[22/10/2017 0:40:13] /a 3
[22/10/2017 0:40:14] /a 3
[22/10/2017 0:40:14] /a 3
[22/10/2017 0:40:15] /a 3
[22/10/2017 0:40:15] /a 3
[22/10/2017 0:40:17] /a 3
[22/10/2017 0:40:17] /a 3
[22/10/2017 0:40:17] /a 3
[22/10/2017 0:40:18] /a 3
[22/10/2017 0:40:18] /a 3
[22/10/2017 0:40:18] /a 3
[22/10/2017 0:40:18] /a 3
[22/10/2017 0:40:18] /a 3
[22/10/2017 0:40:18] /a 3
[22/10/2017 0:40:18] /a 3
[22/10/2017 0:40:19] /a 3
[22/10/2017 0:40:19] /a 3
[22/10/2017 0:40:19] /a 3
[22/10/2017 0:40:19] /a 3
[22/10/2017 0:40:19] /a 3
[22/10/2017 0:40:19] /a 3
[22/10/2017 0:40:20] /a 3
[22/10/2017 0:40:20] /a 3
[22/10/2017 0:40:20] /a 3
[22/10/2017 0:40:20] /a 3
[22/10/2017 0:42:26] /a 3
[22/10/2017 0:42:38] /save
[22/10/2017 1:8:29] /a 3
[22/10/2017 1:8:29] /a 3
[22/10/2017 1:8:29] /a 3
[22/10/2017 1:8:29] /a 3
[22/10/2017 1:8:29] /a 3
[22/10/2017 1:8:29] /a 3
[22/10/2017 1:8:29] /a 3
[22/10/2017 1:8:29] /a 3
[22/10/2017 1:8:29] /a 3
[22/10/2017 1:8:30] /a 3
[22/10/2017 1:8:30] /a 3
[22/10/2017 1:8:30] /a 3
[22/10/2017 1:8:31] /a 3
[22/10/2017 1:9:46] /a 3
[22/10/2017 1:9:47] /a 3
[22/10/2017 1:9:49] /a 3
[22/10/2017 1:11:45] /reload movements
[22/10/2017 1:12:29] /reload movements
[22/10/2017 1:12:57] /a 3
[22/10/2017 1:12:58] /a 3
[22/10/2017 1:12:58] /a 3
[22/10/2017 1:12:58] /a 3
[22/10/2017 1:13:4] /a 3
[22/10/2017 1:13:4] /a 3
[22/10/2017 1:13:4] /a 3
[22/10/2017 1:13:5] /a 3
[22/10/2017 1:13:5] /a 3
[22/10/2017 1:13:5] /a 3
[22/10/2017 1:13:5] /a 3
[22/10/2017 1:13:5] /a 3
[22/10/2017 1:13:5] /a 3
[22/10/2017 1:13:6] /a 3
[22/10/2017 1:13:6] /a 3
[22/10/2017 1:13:6] /a 3
[22/10/2017 1:13:6] /a 3
[22/10/2017 1:13:6] /a 3
[22/10/2017 1:13:6] /a 3
[22/10/2017 1:13:7] /a 3
[22/10/2017 1:13:7] /a 3
[22/10/2017 1:13:7] /a 3
[22/10/2017 1:13:7] /a 3
[22/10/2017 1:13:7] /a 3
[22/10/2017 1:13:8] /a 3
[22/10/2017 1:13:8] /a 3
[22/10/2017 1:13:8] /a 3
[22/10/2017 1:13:8] /a 3
[22/10/2017 1:13:9] /a 3
[22/10/2017 1:13:9] /a 3
[22/10/2017 1:13:11] /a 3
[22/10/2017 1:13:11] /a 3
[22/10/2017 1:13:11] /a 3
[22/10/2017 1:13:11] /a 3
[22/10/2017 1:13:12] /a 3
[22/10/2017 1:13:12] /a 3
[22/10/2017 1:13:12] /a 3
[22/10/2017 1:13:12] /a 3
[22/10/2017 1:13:13] /a 3
[22/10/2017 1:13:13] /a 3
[22/10/2017 1:13:13] /a 3
[22/10/2017 1:13:13] /a 3
[22/10/2017 1:13:14] /a 3
[22/10/2017 1:13:14] /a 3
[22/10/2017 1:13:14] /a 3
[22/10/2017 1:13:15] /a 3
[22/10/2017 1:13:16] /a 3
[22/10/2017 1:13:16] /a 3
[22/10/2017 1:14:37] /a 3
[22/10/2017 1:14:37] /a 3
[22/10/2017 1:14:37] /a 3
[22/10/2017 1:14:37] /a 3
[22/10/2017 1:14:37] /a 3
[22/10/2017 1:14:37] /a 3
[22/10/2017 1:14:38] /a 3
[22/10/2017 1:14:38] /a 3
[22/10/2017 1:14:38] /a 3
[22/10/2017 1:14:38] /a 3
[22/10/2017 1:14:38] /a 3
[22/10/2017 1:14:38] /a 3
[22/10/2017 1:14:38] /a 3
[22/10/2017 1:14:38] /a 3
[22/10/2017 1:14:39] /a 3
[22/10/2017 1:14:39] /a 3
[22/10/2017 1:14:39] /a 3
[22/10/2017 1:14:39] /a 3
[22/10/2017 1:14:39] /a 3
[22/10/2017 1:14:39] /a 3
[22/10/2017 1:14:39] /a 3
[22/10/2017 1:14:39] /a 3
[22/10/2017 1:14:39] /a 3
[22/10/2017 1:14:39] /a 3
[22/10/2017 1:14:39] /a 3
[22/10/2017 1:14:39] /a 3
[22/10/2017 1:14:39] /a 3
[22/10/2017 1:14:40] /a 3
[22/10/2017 1:14:40] /a 3
[22/10/2017 1:14:40] /a 3
[22/10/2017 1:14:40] /a 3
[22/10/2017 1:14:40] /a 3
[22/10/2017 1:14:40] /a 3
[22/10/2017 1:14:41] /down
[22/10/2017 1:14:42] /a 3
[22/10/2017 1:14:43] /a 3
[22/10/2017 1:14:43] /a 3
[22/10/2017 1:14:43] /a 3
[22/10/2017 1:14:43] /a 3
[22/10/2017 1:14:43] /a 3
[22/10/2017 1:14:43] /a 3
[22/10/2017 1:14:43] /a 3
[22/10/2017 1:14:43] /a 3
[22/10/2017 1:14:43] /a 3
[22/10/2017 1:14:43] /a 3
[22/10/2017 1:14:43] /a 3
[22/10/2017 1:14:43] /a 3
[22/10/2017 1:14:44] /a 3
[22/10/2017 1:14:44] /down
[22/10/2017 1:14:46] /a 3
[22/10/2017 1:14:46] /a 3
[22/10/2017 1:14:47] /a 3
[22/10/2017 1:14:47] /a 3
[22/10/2017 1:14:47] /a 3
[22/10/2017 1:14:47] /a 3
[22/10/2017 1:14:47] /a 3
[22/10/2017 1:14:47] /a 3
[22/10/2017 1:14:47] /a 3
[22/10/2017 1:14:47] /a 3
[22/10/2017 1:14:47] /a 3
[22/10/2017 1:14:48] /a 3
[22/10/2017 1:14:48] /a 3
[22/10/2017 1:14:48] /a 3
[22/10/2017 1:14:48] /a 3
[22/10/2017 1:14:49] /a 3
[22/10/2017 1:14:49] /a 3
[22/10/2017 1:14:50] /a 3
[22/10/2017 1:14:50] /a 3
[22/10/2017 1:14:50] /a 3
[22/10/2017 1:14:50] /a 3
[22/10/2017 1:14:58] /a 3
[22/10/2017 1:14:58] /a 3
[22/10/2017 1:14:59] /a 3
[22/10/2017 1:14:59] /a 3
[22/10/2017 1:14:59] /a 3
[22/10/2017 1:14:59] /a 3
[22/10/2017 1:14:59] /a 3
[22/10/2017 1:14:59] /a 3
[22/10/2017 1:14:59] /a 3
[22/10/2017 1:14:59] /a 3
[22/10/2017 1:14:59] /a 3
[22/10/2017 1:14:59] /a 3
[22/10/2017 1:14:59] /a 3
[22/10/2017 1:14:59] /a 3
[22/10/2017 1:14:59] /a 3
[22/10/2017 1:14:59] /a 3
[22/10/2017 1:14:59] /a 3
[22/10/2017 1:14:59] /a 3
[22/10/2017 1:15:1] /up
[22/10/2017 1:15:3] /up
[22/10/2017 1:15:4] /a 3
[22/10/2017 1:15:4] /a 3
[22/10/2017 1:15:6] /a 3
[22/10/2017 1:15:6] /a 3
[22/10/2017 1:15:6] /a 3
[22/10/2017 1:15:6] /a 3
[22/10/2017 1:15:6] /a 3
[22/10/2017 1:15:6] /a 3
[22/10/2017 1:15:6] /a 3
[22/10/2017 1:15:6] /a 3
[22/10/2017 1:15:6] /a 3
[22/10/2017 1:15:6] /a 3
[22/10/2017 1:15:6] /a 3
[22/10/2017 1:15:7] /a 3
[22/10/2017 1:15:7] /a 3
[22/10/2017 1:15:7] /a 3
[22/10/2017 1:15:7] /a 3
[22/10/2017 1:15:7] /a 3
[22/10/2017 1:15:7] /a 3
[22/10/2017 1:15:7] /a 3
[22/10/2017 1:15:7] /a 3
[22/10/2017 1:15:8] /a 3
[22/10/2017 1:15:8] /a 3
[22/10/2017 1:15:8] /a 3
[22/10/2017 1:15:9] /a 3
[22/10/2017 1:15:9] /a 3
[22/10/2017 1:15:9] /a 3
[22/10/2017 1:15:10] /up
[22/10/2017 1:15:10] /a 3
[22/10/2017 1:15:10] /a 3
[22/10/2017 1:15:10] /a 3
[22/10/2017 1:15:11] /a 3
[22/10/2017 1:15:12] /a 3
[22/10/2017 1:15:12] /a 3
[22/10/2017 1:15:12] /a 3
[22/10/2017 1:15:12] /a 3
[22/10/2017 1:15:13] /a 3
[22/10/2017 1:15:13] /a 3
[22/10/2017 1:15:14] /a 3
[22/10/2017 1:15:14] /a 3
[22/10/2017 1:15:15] /a 3
[22/10/2017 1:15:15] /a 3
[22/10/2017 1:15:21] /a 3
[22/10/2017 1:15:22] /a 3
[22/10/2017 1:15:54] /save
[22/10/2017 1:17:27] /reload movements
[22/10/2017 1:18:45] /reload movements
[22/10/2017 1:32:48] /a 3
[22/10/2017 1:32:48] /a 3
[22/10/2017 1:32:48] /a 3
[22/10/2017 1:32:51] /a 3
[22/10/2017 1:32:51] /a 3
[22/10/2017 1:32:52] /a 3
[22/10/2017 1:32:54] /a 3
[22/10/2017 1:32:54] /a 3
[22/10/2017 1:32:54] /a 3
[22/10/2017 1:32:54] /a 3
[22/10/2017 1:32:55] /a 3
[22/10/2017 1:32:58] /up
[22/10/2017 1:32:59] /up
[22/10/2017 1:33:0] /a 3
[22/10/2017 1:33:1] /up
[22/10/2017 1:33:3] /a 3
[22/10/2017 1:33:4] /a 3
[22/10/2017 1:33:4] /a 3
[22/10/2017 1:33:4] /a 3
[22/10/2017 1:33:5] /a 3
[22/10/2017 1:33:6] /a 3
[22/10/2017 1:33:6] /a 3
[22/10/2017 1:33:6] /a 3
[22/10/2017 1:33:6] /a 3
[22/10/2017 1:33:6] /a 3
[22/10/2017 1:33:6] /a 3
[22/10/2017 1:33:7] /a 3
[22/10/2017 1:33:7] /up
[22/10/2017 1:33:11] /up
[22/10/2017 1:33:13] /a 3
[22/10/2017 1:33:14] /a 3
[22/10/2017 1:33:14] /a 3
[22/10/2017 1:33:14] /a 3
[22/10/2017 1:33:15] /a 3
[22/10/2017 1:33:18] /a 3
[22/10/2017 1:33:18] /a 3
[22/10/2017 1:33:19] /a 3
[22/10/2017 1:33:19] /a 3
[22/10/2017 1:33:19] /a 3
[22/10/2017 1:33:20] /a 3
[22/10/2017 1:33:20] /a 3
[22/10/2017 1:33:20] /a 3
[22/10/2017 1:33:21] /a 3
[22/10/2017 1:33:21] /a 3
[22/10/2017 1:33:21] /a 3
[22/10/2017 1:33:21] /a 3
[22/10/2017 1:33:21] /a 3
[22/10/2017 1:33:21] /a 3
[22/10/2017 1:33:21] /a 3
[22/10/2017 1:33:21] /a 3
[22/10/2017 1:33:21] /a 3
[22/10/2017 1:33:21] /a 3
[22/10/2017 1:33:21] /a 3
[22/10/2017 1:33:22] /a 3
[22/10/2017 1:33:22] /a 3
[22/10/2017 1:33:22] /a 3
[22/10/2017 1:33:23] /a 3
[22/10/2017 1:33:23] /a 3
[22/10/2017 1:33:24] /a 3
[22/10/2017 1:33:24] /a 3
[22/10/2017 1:33:24] /a 3
[22/10/2017 1:33:24] /a 3
[22/10/2017 1:33:24] /a 3
[22/10/2017 1:33:25] /a 3
[22/10/2017 1:33:25] /a 3
[22/10/2017 1:33:25] /a 3
[22/10/2017 1:33:25] /a 3
[22/10/2017 1:33:25] /a 3
[22/10/2017 1:33:26] /a 3
[22/10/2017 1:33:26] /a 3
[22/10/2017 1:41:56] /up
[22/10/2017 1:41:56] /up
[22/10/2017 1:41:57] /up
[22/10/2017 1:47:4] /a 3
[22/10/2017 1:47:4] /a 3
[22/10/2017 1:47:5] /a 3
[22/10/2017 1:47:5] /a 3
[22/10/2017 1:47:5] /a 3
[22/10/2017 1:47:5] /a 3
[22/10/2017 1:47:5] /a 3
[22/10/2017 1:47:5] /a 3
[22/10/2017 1:47:5] /a 3
[22/10/2017 1:47:5] /a 3
[22/10/2017 1:47:5] /a 3
[22/10/2017 1:47:5] /a 3
[22/10/2017 1:47:5] /a 3
[22/10/2017 1:47:5] /a 3
[22/10/2017 1:47:5] /a 3
[22/10/2017 1:47:5] /a 3
[22/10/2017 1:47:5] /a 3
[22/10/2017 1:47:5] /a 3
[22/10/2017 1:47:5] /a 3
[22/10/2017 1:47:5] /a 3
[22/10/2017 1:47:5] /a 3
[22/10/2017 1:47:5] /a 3
[22/10/2017 1:47:5] /a 3
[22/10/2017 1:47:5] /a 3
[22/10/2017 1:47:5] /a 3
[22/10/2017 1:47:5] /a 3
[22/10/2017 1:47:5] /a 3
[22/10/2017 1:47:5] /a 3
[22/10/2017 1:47:5] /a 3
[22/10/2017 1:47:6] /a 3
[22/10/2017 1:47:6] /a 3
[22/10/2017 1:47:6] /a 3
[22/10/2017 1:47:6] /a 3
[22/10/2017 1:47:7] /a 3
[22/10/2017 1:47:7] /a 3
[22/10/2017 1:47:7] /a 3
[22/10/2017 1:47:7] /a 3
[22/10/2017 1:47:7] /a 3
[22/10/2017 1:47:7] /a 3
[22/10/2017 1:47:7] /a 3
[22/10/2017 1:47:7] /a 3
[22/10/2017 1:47:7] /a 3
[22/10/2017 1:47:7] /a 3
[22/10/2017 1:47:7] /a 3
[22/10/2017 1:47:7] /a 3
[22/10/2017 1:47:7] /a 3
[22/10/2017 1:47:7] /a 3
[22/10/2017 1:47:7] /a 3
[22/10/2017 1:47:7] /a 3
[22/10/2017 1:47:7] /a 3
[22/10/2017 1:47:7] /a 3
[22/10/2017 1:47:7] /a 3
[22/10/2017 1:47:7] /a 3
[22/10/2017 1:47:8] /a 3
[22/10/2017 1:47:8] /a 3
[22/10/2017 1:47:8] /a 3
[22/10/2017 1:47:8] /a 3
[22/10/2017 1:47:9] /a 3
[22/10/2017 1:47:9] /a 3
[22/10/2017 1:47:10] /a 3
[22/10/2017 1:47:10] /a 3
[22/10/2017 1:47:10] /a 3
[22/10/2017 1:47:10] /a 3
[22/10/2017 1:47:10] /a 3
[22/10/2017 1:47:10] /a 3
[22/10/2017 1:47:10] /a 3
[22/10/2017 1:47:10] /a 3
[22/10/2017 1:47:11] /a 3
[22/10/2017 2:24:10] /a 3
[22/10/2017 2:24:10] /a 3
[22/10/2017 2:24:10] /a 3
[22/10/2017 2:24:10] /a 3
[22/10/2017 2:24:10] /a 3
[22/10/2017 2:24:10] /a 3
[22/10/2017 2:24:10] /a 3
[22/10/2017 2:24:11] /a 3
[22/10/2017 2:24:11] /a 3
[22/10/2017 2:24:11] /a 3
[22/10/2017 2:24:11] /a 3
[22/10/2017 2:24:11] /a 3
[22/10/2017 2:24:11] /a 3
[22/10/2017 2:24:11] /a 3
[22/10/2017 2:24:11] /a 3
[22/10/2017 2:24:11] /a 3
[22/10/2017 2:24:11] /a 3
[22/10/2017 2:24:11] /a 3
[22/10/2017 2:24:11] /a 3
[22/10/2017 2:24:11] /a 3
[22/10/2017 2:24:11] /a 3
[22/10/2017 2:24:11] /a 3
[22/10/2017 2:24:11] /a 3
[22/10/2017 2:24:11] /a 3
[22/10/2017 2:24:11] /a 3
[22/10/2017 2:24:11] /a 3
[22/10/2017 2:24:11] /a 3
[22/10/2017 2:24:11] /a 3
[22/10/2017 2:24:11] /a 3
[22/10/2017 2:24:11] /a 3
[22/10/2017 2:24:12] /a 3
[22/10/2017 2:24:13] /a 3
[22/10/2017 2:24:14] /a 3
[22/10/2017 2:24:14] /a 3
[22/10/2017 2:24:14] /a 3
[22/10/2017 2:24:14] /a 3
[22/10/2017 2:24:14] /a 3
[22/10/2017 2:24:14] /a 3
[22/10/2017 2:24:14] /a 3
[22/10/2017 2:24:14] /a 3
[22/10/2017 2:24:15] /a 3
[22/10/2017 2:24:15] /a 3
[22/10/2017 2:24:16] /a 3
[22/10/2017 2:24:16] /a 3
[22/10/2017 2:24:16] /a 3
[22/10/2017 2:24:16] /a 3
[22/10/2017 2:24:17] /a 3
[22/10/2017 2:24:17] /a 3
[22/10/2017 2:24:18] /a 3
[22/10/2017 2:24:18] /a 3
[22/10/2017 2:24:18] /a 3
[22/10/2017 2:24:18] /a 3
[22/10/2017 2:24:18] /a 3
[22/10/2017 2:24:18] /a 3
[22/10/2017 2:24:18] /a 3
[22/10/2017 2:24:18] /a 3
[22/10/2017 2:24:18] /a 3
[22/10/2017 2:24:18] /a 3
[22/10/2017 2:24:18] /a 3
[22/10/2017 2:24:18] /a 3
[22/10/2017 2:24:18] /a 3
[22/10/2017 2:24:19] /a 3
[22/10/2017 2:24:19] /a 3
[22/10/2017 2:24:19] /a 3
[22/10/2017 2:24:19] /a 3
[22/10/2017 2:24:19] /a 3
[22/10/2017 2:24:20] /a 3
[22/10/2017 2:24:20] /a 3
[22/10/2017 2:24:20] /a 3
[22/10/2017 2:24:20] /a 3
[22/10/2017 2:24:21] /a 3
[22/10/2017 2:24:21] /a 3
[22/10/2017 2:24:21] /a 3
[22/10/2017 2:24:21] /a 3
[22/10/2017 2:24:21] /a 3
[22/10/2017 2:24:22] /a 3
[22/10/2017 2:24:22] /a 3
[22/10/2017 2:24:22] /a 3
[22/10/2017 2:24:22] /a 3
[22/10/2017 2:24:22] /a 3
[22/10/2017 2:24:22] /a 3
[22/10/2017 2:24:22] /a 3
[22/10/2017 2:24:22] /a 3
[22/10/2017 2:24:24] /a 3
[22/10/2017 2:24:24] /a 3
[22/10/2017 2:24:24] /a 3
[22/10/2017 2:24:25] /a 3
[22/10/2017 2:24:25] /a 3
[22/10/2017 2:24:25] /a 3
[22/10/2017 2:24:25] /a 3
[22/10/2017 2:24:26] /a 3
[22/10/2017 2:24:26] /a 3
[22/10/2017 2:24:27] /a 3
[22/10/2017 2:24:27] /a 3
[22/10/2017 2:24:27] /a 3
[22/10/2017 2:24:27] /a 3
[22/10/2017 2:24:27] /a 3
[22/10/2017 2:24:27] /a 3
[22/10/2017 2:24:28] /a 3
[22/10/2017 2:24:28] /a 3
[22/10/2017 2:24:31] /a 3
[22/10/2017 2:24:37] /save
[22/10/2017 2:30:33] /a 3
[22/10/2017 2:30:33] /a 3
[22/10/2017 2:30:33] /a 3
[22/10/2017 2:30:34] /a 3
[22/10/2017 2:30:34] /a 3
[22/10/2017 2:30:34] /a 3
[22/10/2017 2:30:34] /a 3
[22/10/2017 2:30:34] /a 3
[22/10/2017 2:30:34] /a 3
[22/10/2017 2:30:34] /a 3
[22/10/2017 2:30:34] /a 3
[22/10/2017 2:30:34] /a 3
[22/10/2017 2:30:34] /a 3
[22/10/2017 2:30:35] /a 3
[22/10/2017 2:30:35] /a 3
[22/10/2017 2:30:35] /a 3
[22/10/2017 2:30:35] /a 3
[22/10/2017 2:30:35] /a 3
[22/10/2017 2:30:35] /a 3
[22/10/2017 2:30:35] /a 3
[22/10/2017 2:30:35] /a 3
[22/10/2017 2:30:35] /a 3
[22/10/2017 2:30:35] /a 3
[22/10/2017 2:30:35] /a 3
[22/10/2017 2:30:36] /a 3
[22/10/2017 2:30:36] /a 3
[22/10/2017 2:30:37] /a 3
[22/10/2017 2:30:37] /a 3
[22/10/2017 2:30:38] /a 3
[22/10/2017 2:30:38] /a 3
[22/10/2017 2:30:38] /a 3
[22/10/2017 2:30:39] /a 3
[22/10/2017 2:30:39] /a 3
[22/10/2017 2:30:39] /up
[22/10/2017 2:30:40] /a 3
[22/10/2017 2:30:41] /a 3
[22/10/2017 2:30:42] /a 3
[22/10/2017 2:30:42] /a 3
[22/10/2017 2:30:42] /a 3
[22/10/2017 2:30:42] /a 3
[22/10/2017 2:30:42] /a 3
[22/10/2017 2:30:42] /a 3
[22/10/2017 2:30:42] /a 3
[22/10/2017 2:30:42] /a 3
[22/10/2017 2:30:42] /a 3
[22/10/2017 2:30:43] /a 3
[22/10/2017 2:30:43] /a 3
[22/10/2017 2:30:43] /a 3
[22/10/2017 2:30:43] /a 3
[22/10/2017 2:30:43] /a 3
[22/10/2017 2:30:44] /a 3
[22/10/2017 2:30:44] /a 3
[22/10/2017 2:30:44] /a 3
[22/10/2017 2:30:45] /a 3
[22/10/2017 2:31:59] /save
[22/10/2017 2:36:25] /a 3
[22/10/2017 2:36:26] /a 3
[22/10/2017 2:36:26] /a 3
[22/10/2017 2:36:27] /a 3
[22/10/2017 2:36:27] /a 3
[22/10/2017 2:36:27] /a 3
[22/10/2017 2:36:28] /a 3
[22/10/2017 2:36:28] /a 3
[22/10/2017 2:36:28] /a 3
[22/10/2017 2:36:28] /a 3
[22/10/2017 2:36:32] /a 3
[22/10/2017 2:36:32] /a 3
[22/10/2017 2:36:32] /a 3
[22/10/2017 2:36:32] /a 3
[22/10/2017 2:36:32] /a 3
[22/10/2017 2:36:33] /a 3
[22/10/2017 2:36:33] /a 3
[22/10/2017 2:36:33] /a 3
[22/10/2017 2:36:34] /a 3
[22/10/2017 2:36:34] /a 3
[22/10/2017 2:36:38] /a 3
[22/10/2017 2:36:42] /a 3
[22/10/2017 2:36:43] /a 3
[22/10/2017 2:36:43] /a 3
[22/10/2017 2:36:43] /a 3
[22/10/2017 2:36:43] /a 3
[22/10/2017 2:36:44] /a 3
[22/10/2017 2:36:44] /a 3
[22/10/2017 2:36:44] /a 3
[22/10/2017 2:36:44] /a 3
[22/10/2017 2:36:44] /a 3
[22/10/2017 2:36:45] /a 3
[22/10/2017 2:36:45] /a 3
[22/10/2017 2:36:45] /a 3
[22/10/2017 2:36:49] /a 3
[22/10/2017 2:36:52] /up
[22/10/2017 2:36:53] /up
[22/10/2017 2:36:54] /a 3
[22/10/2017 2:36:58] /a 3
[22/10/2017 2:36:59] /up
[22/10/2017 2:37:0] /a 3
[22/10/2017 2:37:0] /a 3
[22/10/2017 2:37:1] /up
[22/10/2017 2:37:1] /a 3
[22/10/2017 2:37:1] /a 3
[22/10/2017 2:37:2] /a 3
[22/10/2017 2:37:2] /a 3
[22/10/2017 2:37:3] /a 3
[22/10/2017 2:37:4] /a 3
[22/10/2017 2:37:4] /a 3
[22/10/2017 2:37:4] /a 3
[22/10/2017 2:37:4] /a 3
[22/10/2017 2:37:4] /a 3
[22/10/2017 2:37:5] /a 3
[22/10/2017 2:37:5] /up
[22/10/2017 2:37:6] /a 3
[22/10/2017 2:37:7] /a 3
[22/10/2017 2:37:7] /a 3
[22/10/2017 2:37:14] /a 3
[22/10/2017 2:37:14] /a 3
[22/10/2017 2:37:14] /a 3
[22/10/2017 2:37:14] /a 3
[22/10/2017 2:37:14] /a 3
[22/10/2017 2:37:15] /a 3
[22/10/2017 2:37:15] /a 3
[22/10/2017 2:37:15] /a 3
[22/10/2017 2:37:15] /a 3
[22/10/2017 2:37:15] /a 3
[22/10/2017 2:37:15] /a 3
[22/10/2017 2:37:15] /a 3
[22/10/2017 2:37:15] /a 3
[22/10/2017 2:37:15] /a 3
[22/10/2017 2:37:15] /a 3
[22/10/2017 2:37:16] /a 3
[22/10/2017 2:37:16] /a 3
[22/10/2017 2:37:16] /a 3
[22/10/2017 2:37:16] /a 3
[22/10/2017 2:37:16] /a 3
[22/10/2017 2:37:17] /a 3
[22/10/2017 2:37:17] /a 3
[22/10/2017 2:37:17] /a 3
[22/10/2017 2:37:17] /a 3
[22/10/2017 2:37:17] /a 3
[22/10/2017 2:37:17] /a 3
[22/10/2017 2:37:17] /a 3
[22/10/2017 2:39:2] /save
[22/10/2017 2:44:48] /a 3
[22/10/2017 2:46:5] /c sorc
[22/10/2017 2:46:17] /a 3
[22/10/2017 2:46:20] /r
[22/10/2017 2:46:21] /r
[22/10/2017 2:46:23] /r
[22/10/2017 2:46:24] /a 3
[22/10/2017 2:46:25] /r
[22/10/2017 2:46:26] /r
[22/10/2017 2:46:32] /i coal basin
[22/10/2017 2:46:33] /i coal basin
[22/10/2017 2:46:34] /i coal basin
[22/10/2017 2:46:35] /i coal basin
[22/10/2017 2:46:37] /r
[22/10/2017 2:46:39] /i coal basin
[22/10/2017 2:46:40] /i coal basin
[22/10/2017 2:46:42] /i coal basin
[22/10/2017 2:46:43] /i coal basin
[22/10/2017 2:46:45] /a 3
[22/10/2017 2:46:46] /r
[22/10/2017 2:46:56] /r
[22/10/2017 2:46:59] /c sorc
[22/10/2017 2:48:44] /reload actions
[22/10/2017 2:53:11] /save
[22/10/2017 2:56:10] /reload actions
[22/10/2017 3:0:10] /reload actions
[22/10/2017 3:1:35] /reload actions
[22/10/2017 3:3:33] /reload actions
[22/10/2017 3:8:43] /reload actions
[22/10/2017 3:11:35] /reload actions
[22/10/2017 3:12:44] /r
[22/10/2017 3:12:44] /r
[22/10/2017 3:12:45] /r
[22/10/2017 3:12:45] /a 3
[22/10/2017 3:12:46] /a 3
[22/10/2017 3:12:47] /a 3
[22/10/2017 3:12:48] /a 3
[22/10/2017 3:12:48] /a 3
[22/10/2017 3:12:48] /a 3
[22/10/2017 3:12:49] /up
[22/10/2017 3:12:51] /a 3
[22/10/2017 3:12:51] /a 3
[22/10/2017 3:12:51] /a 3
[22/10/2017 3:12:54] /a 3
[22/10/2017 3:12:54] /a 3
[22/10/2017 3:12:54] /a 3
[22/10/2017 3:12:54] /a 3
[22/10/2017 3:12:55] /a 3
[22/10/2017 3:12:55] /up
[22/10/2017 3:12:56] /up
[22/10/2017 3:12:57] /a 3
[22/10/2017 3:12:57] /a 3
[22/10/2017 3:12:57] /a 3
[22/10/2017 3:12:57] /a 3
[22/10/2017 3:21:3] /a 3
[22/10/2017 3:21:3] /a 3
[22/10/2017 3:21:3] /a 3
[22/10/2017 3:21:4] /up
[22/10/2017 3:21:5] /a 3
[22/10/2017 3:21:5] /a 3
[22/10/2017 3:21:5] /a 3
[22/10/2017 3:21:5] /a 3
[22/10/2017 3:21:6] /up
[22/10/2017 3:21:7] /a 3
[22/10/2017 3:21:7] /up
[22/10/2017 3:21:9] /a 3
[22/10/2017 3:21:9] /a 3
[22/10/2017 3:21:9] /a 3
[22/10/2017 3:21:9] /a 3
[22/10/2017 3:21:42] /a 3
[22/10/2017 3:21:43] /a 3
[22/10/2017 3:21:43] /a 3
[22/10/2017 3:21:43] /a 3
[22/10/2017 3:21:43] /a 3
[22/10/2017 3:21:43] /a 3
[22/10/2017 3:21:43] /a 3
[22/10/2017 3:21:43] /a 3
[22/10/2017 3:21:43] /a 3
[22/10/2017 3:21:43] /a 3
[22/10/2017 3:21:43] /a 3
[22/10/2017 3:21:43] /a 3
[22/10/2017 3:21:43] /a 3
[22/10/2017 3:21:43] /a 3
[22/10/2017 3:21:44] /a 3
[22/10/2017 3:21:44] /a 3
[22/10/2017 3:21:44] /a 3
[22/10/2017 3:21:44] /a 3
[22/10/2017 3:21:44] /a 3
[22/10/2017 3:21:44] /a 3
[22/10/2017 3:21:44] /a 3
[22/10/2017 3:21:44] /a 3
[22/10/2017 3:21:44] /a 3
[22/10/2017 3:21:44] /a 3
[22/10/2017 3:21:44] /a 3
[22/10/2017 3:21:44] /a 3
[22/10/2017 3:21:44] /a 3
[22/10/2017 3:21:45] /a 3
[22/10/2017 3:21:45] /a 3
[22/10/2017 3:21:46] /a 3
[22/10/2017 3:21:46] /a 3
[22/10/2017 3:21:46] /a 3
[22/10/2017 3:21:46] /a 3
[22/10/2017 3:21:47] /a 3
[22/10/2017 3:21:47] /a 3
[22/10/2017 3:21:47] /a 3
[22/10/2017 3:21:47] /a 3
[22/10/2017 3:21:47] /a 3
[22/10/2017 3:21:47] /a 3
[22/10/2017 3:21:47] /a 3
[22/10/2017 3:21:48] /a 3
[22/10/2017 3:21:48] /a 3
[22/10/2017 3:21:48] /a 3
[22/10/2017 3:21:48] /a 3
[22/10/2017 3:21:48] /a 3
[22/10/2017 3:21:48] /a 3
[22/10/2017 3:21:48] /a 3
[22/10/2017 3:21:48] /a 3
[22/10/2017 3:21:48] /a 3
[22/10/2017 3:21:48] /a 3
[22/10/2017 3:21:48] /a 3
[22/10/2017 3:21:48] /a 3
[22/10/2017 3:21:48] /a 3
[22/10/2017 3:21:49] /a 3
[22/10/2017 3:21:49] /a 3
[22/10/2017 3:21:49] /a 3
[22/10/2017 3:21:49] /a 3
[22/10/2017 3:21:49] /a 3
[22/10/2017 3:21:50] /a 3
[22/10/2017 3:21:50] /a 3
[22/10/2017 3:21:50] /a 3
[22/10/2017 3:21:50] /a 3
[22/10/2017 3:21:51] /a 3
[22/10/2017 3:21:51] /a 3
[22/10/2017 3:21:52] /a 3
[22/10/2017 3:21:53] /a 3
[22/10/2017 3:21:54] /a 3
[22/10/2017 3:21:55] /a 3
[22/10/2017 3:22:18] /up
[22/10/2017 3:22:20] /down
[22/10/2017 3:24:50] /a 3
[22/10/2017 3:24:50] /a 3
[22/10/2017 3:24:50] /a 3
[22/10/2017 3:24:52] /a 3
[22/10/2017 3:24:52] /a 3
[22/10/2017 3:24:52] /a 3
[22/10/2017 3:24:52] /a 3
[22/10/2017 3:24:52] /a 3
[22/10/2017 3:24:52] /a 3
[22/10/2017 3:24:53] /a 3
[22/10/2017 3:24:53] /a 3
[22/10/2017 3:24:53] /a 3
[22/10/2017 3:24:53] /a 3
[22/10/2017 3:24:53] /a 3
[22/10/2017 3:24:53] /a 3
[22/10/2017 3:24:53] /a 3
[22/10/2017 3:24:53] /a 3
[22/10/2017 3:24:53] /a 3
[22/10/2017 3:24:53] /a 3
[22/10/2017 3:24:53] /a 3
[22/10/2017 3:24:53] /a 3
[22/10/2017 3:24:53] /a 3
[22/10/2017 3:24:53] /a 3
[22/10/2017 3:24:53] /a 3
[22/10/2017 3:24:53] /a 3
[22/10/2017 3:24:53] /a 3
[22/10/2017 3:24:53] /a 3
[22/10/2017 3:24:53] /a 3
[22/10/2017 3:24:53] /a 3
[22/10/2017 3:24:53] /a 3
[22/10/2017 3:24:53] /a 3
[22/10/2017 3:24:53] /a 3
[22/10/2017 3:24:53] /a 3
[22/10/2017 3:24:54] /a 3
[22/10/2017 3:24:54] /a 3
[22/10/2017 3:24:54] /a 3
[22/10/2017 3:24:54] /a 3
[22/10/2017 3:24:54] /a 3
[22/10/2017 3:24:54] /a 3
[22/10/2017 3:24:54] /a 3
[22/10/2017 3:24:55] /a 3
[22/10/2017 3:24:55] /a 3
[22/10/2017 3:24:55] /a 3
[22/10/2017 3:24:55] /a 3
[22/10/2017 3:24:55] /a 3
[22/10/2017 3:24:55] /a 3
[22/10/2017 3:24:55] /a 3
[22/10/2017 3:24:55] /a 3
[22/10/2017 3:24:55] /a 3
[22/10/2017 3:24:55] /a 3
[22/10/2017 3:24:55] /a 3
[22/10/2017 3:24:56] /a 3
[22/10/2017 3:24:59] /a 3
[22/10/2017 3:24:59] /a 3
[22/10/2017 3:24:59] /a 3
[22/10/2017 3:25:0] /a 3
[22/10/2017 3:25:0] /a 3
[22/10/2017 3:25:0] /a 3
[22/10/2017 3:25:1] /a 3
[22/10/2017 3:25:1] /a 3
[22/10/2017 3:25:1] /a 3
[22/10/2017 3:25:1] /a 3
[22/10/2017 3:25:2] /a 3
[22/10/2017 3:25:2] /a 3
[22/10/2017 3:25:2] /a 3
[22/10/2017 3:25:2] /a 3
[22/10/2017 3:25:2] /a 3
[22/10/2017 3:25:2] /a 3
[22/10/2017 3:25:2] /a 3
[22/10/2017 3:25:2] /a 3
[22/10/2017 3:25:2] /a 3
[22/10/2017 3:25:2] /a 3
[22/10/2017 3:25:2] /a 3
[22/10/2017 3:25:2] /a 3
[22/10/2017 3:25:3] /a 3
[22/10/2017 3:25:3] /a 3
[22/10/2017 3:25:3] /a 3
[22/10/2017 3:25:3] /a 3
[22/10/2017 3:25:3] /a 3
[22/10/2017 3:25:3] /a 3
[22/10/2017 3:25:3] /a 3
[22/10/2017 3:25:3] /a 3
[22/10/2017 3:25:3] /a 3
[22/10/2017 3:25:3] /a 3
[22/10/2017 3:25:3] /a 3
[22/10/2017 3:25:4] /a 3
[22/10/2017 3:25:4] /a 3
[22/10/2017 3:25:4] /a 3
[22/10/2017 3:25:4] /a 3
[22/10/2017 3:25:5] /a 3
[22/10/2017 3:25:5] /a 3
[22/10/2017 3:25:5] /a 3
[22/10/2017 3:25:5] /a 3
[22/10/2017 3:25:6] /a 3
[22/10/2017 3:25:57] /a 3
[22/10/2017 3:25:57] /a 3
[22/10/2017 3:25:58] /a 3
[22/10/2017 3:25:58] /a 3
[22/10/2017 3:25:58] /a 3
[22/10/2017 3:25:58] /a 3
[22/10/2017 3:25:59] /a 3
[22/10/2017 3:26:1] /a 3
[22/10/2017 3:26:1] /a 3
[22/10/2017 3:26:1] /a 3
[22/10/2017 3:26:2] /a 3
[22/10/2017 3:26:3] /a 3
[22/10/2017 3:26:3] /a 3
[22/10/2017 3:26:4] /a 3
[22/10/2017 3:26:4] /a 3
[22/10/2017 3:26:4] /a 3
[22/10/2017 3:26:5] /a 3
[22/10/2017 3:26:5] /a 3
[22/10/2017 3:26:6] /a 3
[22/10/2017 3:26:6] /a 3
[22/10/2017 3:26:8] /a 3
[22/10/2017 3:26:9] /a 3
[22/10/2017 3:26:9] /a 3
[22/10/2017 3:26:9] /a 3
[22/10/2017 3:26:9] /a 3
[22/10/2017 3:26:9] /a 3
[22/10/2017 3:27:17] /reload movements
[22/10/2017 3:29:46] /a 3
[22/10/2017 3:29:46] /a 3
[22/10/2017 3:29:46] /a 3
[22/10/2017 3:29:46] /a 3
[22/10/2017 3:29:47] /a 3
[22/10/2017 3:29:51] /a 3
[22/10/2017 3:29:51] /a 3
[22/10/2017 3:29:51] /a 3
