[22/4/2018 1:50:55] /warcarlin invite,alphabet,1
[22/4/2018 1:51:37] /warcarlin invite,cocozin,1
[22/4/2018 1:52:44] /warcarlin go
[22/4/2018 1:56:17] /warcarlin exit
[22/4/2018 1:56:52] /warcarlin invite,aviao
[22/4/2018 1:56:54] /warcarlin invite,aviao,1
[22/4/2018 1:58:23] /warcarlin invite,aviao,1
[22/4/2018 2:0:23] /warcarlin invite, aviao,1
[22/4/2018 2:0:46] /warcarlin go
[22/4/2018 2:1:22] /warcarlin go
[22/4/2018 2:4:2] /warcarlin invite, aviao,1
[22/4/2018 2:4:6] /warcarlin go
[22/4/2018 2:4:18] /warcarlin go
[22/4/2018 2:4:33] /warcarlin go
[22/4/2018 2:4:50] /warcarlin go
[22/4/2018 2:6:18] /warcarlin invite, aviao,1
[22/4/2018 2:6:22] /warcarlin go
[22/4/2018 2:6:31] /warcarlin go
[22/4/2018 2:6:46] /warcarlin go
[22/4/2018 2:7:0] /warcarlin go
[22/4/2018 2:7:15] /warcarlin go
[22/4/2018 2:9:8] /warcarlin invite, aviao,1
[22/4/2018 2:9:16] /warcarlin go
[22/4/2018 2:13:30] /warcarlin asdf
[22/4/2018 2:13:35] /warcarlin asdf
[22/4/2018 2:13:42] /warcarlin invite
[22/4/2018 2:13:45] /warcarlin invit
[22/4/2018 2:13:59] /warcarlin
[22/4/2018 2:14:8] /warcarlin
[22/4/2018 20:43:57] /warcarlin
[22/4/2018 20:44:45] /warcarlin invite,cocozin,5
[22/4/2018 20:44:47] /warcarlin invite,cocozin,15
[22/4/2018 20:44:53] /warcarlin invite,
[22/4/2018 20:45:10] /warcarlin invite,
[22/4/2018 20:46:0] /warcarlin accept,cocozin
[22/4/2018 20:46:3] /warcarlin go
[22/4/2018 20:47:18] /warcarlin go
[22/4/2018 20:47:57] /warcarlin go
[22/4/2018 20:48:38] /warcarlin go
[22/4/2018 20:49:15] /warcarlin exit
[22/4/2018 20:49:19] /warcarlin go
[22/4/2018 20:50:4] /warcarlin go
[22/4/2018 21:17:39] /warcarlin exit
[22/4/2018 21:25:59] /warcarlin accept, aviao
[22/4/2018 21:26:26] /warcarlin accept,cocozin
[22/4/2018 21:26:28] /warcarlin go
[22/4/2018 21:27:50] /warcarlin exit
[22/4/2018 21:27:55] /warcarlin go
[22/4/2018 21:28:56] /warcarlin outfit
[22/4/2018 21:29:10] /warcarlin outfit
[22/4/2018 21:29:28] /warcarlin outfit
[22/4/2018 21:29:45] /warcarlin accept,cocozin
[22/4/2018 21:29:49] /warcarlin go
[22/4/2018 21:30:32] /warcarlin exit
[22/4/2018 21:30:36] /warcarlin go
[22/4/2018 21:30:48] /warcarlin outfit
[22/4/2018 21:31:30] /warcarlin outfit
[22/4/2018 21:31:42] /warcarlin outfit
[22/4/2018 21:31:52] /warcarlin exit
[22/4/2018 21:31:54] /warcarlin outfit
[22/4/2018 21:32:0] /warcarlin outfit
[22/4/2018 21:32:2] /warcarlin outfit
[22/4/2018 21:32:3] /warcarlin outfit
[22/4/2018 21:32:5] /warcarlin outfit
[22/4/2018 21:32:7] /warcarlin outfit
[22/4/2018 21:32:16] /warcarlin outfit
[22/4/2018 21:45:55] /warcarlin accept, aviao
[22/4/2018 21:46:2] /warcarlin accept,cocozin
[22/4/2018 21:46:4] /warcarlin go
[22/4/2018 21:46:29] /warcarlin outfit
[22/4/2018 21:46:46] /warcarlin exit
[22/4/2018 21:46:48] /warcarlin go
[22/4/2018 21:47:6] /warcarlin outfit
[8/5/2018 20:16:53] /warcarlin accept,Elou
[8/5/2018 20:16:56] /warcarlin list
[8/5/2018 20:16:57] /warcarlin go
[8/5/2018 20:16:58] /warcarlin list
[8/5/2018 20:18:23] /warcarlin exit
[8/5/2018 20:18:35] /warcarlin list
[8/5/2018 20:18:36] /warcarlin go
[8/5/2018 20:18:37] /warcarlin list
[8/5/2018 20:20:56] /warcarlin accept, elou
[8/5/2018 20:20:56] /warcarlin go
[8/5/2018 20:20:58] /warcarlin list
[8/5/2018 20:21:1] /warcarlin list
[8/5/2018 20:21:2] /warcarlin list
[8/5/2018 20:21:10] /warcarlin list
[8/5/2018 20:21:12] /warcarlin list
[8/5/2018 20:21:13] /warcarlin list
[8/5/2018 20:21:13] /warcarlin list
[8/5/2018 20:21:13] /warcarlin list
[8/5/2018 20:21:14] /warcarlin list
[8/5/2018 20:21:15] /warcarlin list
[8/5/2018 20:24:8] /warcarlin accept, elou
[8/5/2018 20:24:9] /warcarlin go
[8/5/2018 20:24:19] /warcarlin list
[8/5/2018 20:24:22] /warcarlin list
[8/5/2018 20:24:25] /warcarlin list
[8/5/2018 20:24:38] /warcarlin list
[8/5/2018 20:24:40] /warcarlin list
[8/5/2018 20:24:42] /warcarlin list
[8/5/2018 20:25:0] /warcarlin list
[8/5/2018 20:25:7] /warcarlin list
[8/5/2018 20:25:16] /warcarlin list
[8/5/2018 20:25:32] /warcarlin go
[8/5/2018 20:25:33] /warcarlin list
