[11/8/2015 22:11:50] /shutdown
[12/8/2015 2:25:11] /c [ADM]
[12/8/2015 2:28:2] /goto efeito colateral
[12/8/2015 2:28:20] /c [ADM
[12/8/2015 2:28:21] /c [ADM]
[12/8/2015 2:30:3] /i 424
[12/8/2015 2:30:4] /i 424
[12/8/2015 2:30:5] /i 424
[12/8/2015 2:30:10] /i 10772
[12/8/2015 2:32:41] /n central de informacoes
[12/8/2015 2:32:44] /n central de informaçoes
[12/8/2015 2:33:8] /goto [ADM]
[12/8/2015 2:33:52] /t
[12/8/2015 2:35:24] /a
[12/8/2015 2:35:29] /i 9224
[12/8/2015 2:36:50] /goto castle grim reaper
[12/8/2015 2:37:12] /t
[12/8/2015 2:38:16] /t
[12/8/2015 2:38:43] /goto efeito colateral
[12/8/2015 2:39:4] /t
[12/8/2015 2:39:11] /goto efeito colateral
[12/8/2015 2:39:22] /t
[12/8/2015 2:39:25] /t efeito colateral
[12/8/2015 14:26:43] /goto vinicin~
[12/8/2015 14:34:31] /goto vinicin~
[12/8/2015 14:42:49] /goto dodo mage
[12/8/2015 14:44:19] /t
[12/8/2015 14:45:34] /i 9224
[12/8/2015 16:13:8] /i critical stone
[12/8/2015 16:13:11] /goto claudia leitte
[12/8/2015 16:15:26] /goto tito rush
[12/8/2015 16:15:29] /i critical stone
[12/8/2015 16:15:34] /i 12575
[12/8/2015 16:15:50] /goto claudia leitte
[12/8/2015 16:15:55] /i dodge stone
[12/8/2015 16:16:8] /goto tito rush
[12/8/2015 16:16:15] /t
[13/8/2015 7:20:0] /goto [ADM]
[13/8/2015 8:25:41] /save
[13/8/2015 8:25:43] /save
[13/8/2015 8:29:28] /a 2
[13/8/2015 8:29:29] /a 2
[13/8/2015 8:29:36] /a 2
[13/8/2015 8:30:23] /goto lobera
[13/8/2015 8:30:26] /t
[13/8/2015 9:26:22] /goto [ADM]
[13/8/2015 9:27:2] /a 2
[13/8/2015 9:27:23] /c [ADM]
[13/8/2015 9:27:29] /c [ADM]
[13/8/2015 9:27:55] /t
[13/8/2015 9:28:27] /goto [ADM]
[13/8/2015 9:29:41] /t
[13/8/2015 9:29:59] /a 2
[13/8/2015 9:30:4] /up
[13/8/2015 9:30:19] /r
[13/8/2015 9:30:24] /i 3766
[13/8/2015 9:30:57] /up
[13/8/2015 9:31:0] /c [ADM
[13/8/2015 9:31:2] /c [ADM]
[13/8/2015 9:31:56] /m tower
[13/8/2015 9:31:57] /m tower
[13/8/2015 9:31:59] /m epic castle
[13/8/2015 9:32:2] /m ice crystal
[13/8/2015 9:32:4] /r
[13/8/2015 9:32:37] /t
[13/8/2015 9:33:1] /goto [ADM]
[13/8/2015 9:33:5] /down
[13/8/2015 9:33:9] /r
[13/8/2015 9:33:11] /i backpack
[13/8/2015 9:33:14] /i brown mushroom
[13/8/2015 9:33:33] /i critical stone
[13/8/2015 9:33:38] /i giant sword
[13/8/2015 9:33:41] /r
[13/8/2015 9:33:52] /i dwarven shield
[13/8/2015 9:33:57] /t
[13/8/2015 9:33:59] /goto [ADM]
[13/8/2015 11:21:0] /giveitem Satanas preto, hell armor, 1
[13/8/2015 11:21:12] /r
[13/8/2015 11:21:14] /i backpack
[13/8/2015 11:21:17] /i hell armor
[13/8/2015 11:21:27] /i hell legs
[13/8/2015 11:21:28] /i hell helmet
[13/8/2015 11:21:31] /i hell boots
[13/8/2015 11:21:36] /i hell shield
[13/8/2015 11:21:39] /i hell bow
[13/8/2015 11:21:46] /giveitem Satanas preto, 7438, 1
[13/8/2015 11:22:31] /addskill Satanas preto, level, 80
[13/8/2015 11:22:42] /giveitem Satanas preto, 8905, 1
[13/8/2015 11:23:0] /i hell ring
[13/8/2015 11:23:2] /i hell amulet
[13/8/2015 11:58:42] /closeserver
[13/8/2015 11:59:13] /save
[13/8/2015 12:1:29] /attr gruoup 4
[13/8/2015 12:1:31] /attr group 4
[13/8/2015 12:1:34] /attr group 0
[13/8/2015 13:52:1] /goto bebeto rusheasy
[13/8/2015 13:52:7] /attr group 0
[13/8/2015 13:52:13] /promote Bebeto Rusheasy
[13/8/2015 13:52:25] /m demon
[13/8/2015 13:52:28] /r
[13/8/2015 14:34:16] /goto [ADM]
[13/8/2015 14:35:40] /m champion tower
[13/8/2015 14:35:42] /r
[13/8/2015 14:43:4] /m champion tower
[13/8/2015 14:43:6] /attr health -999999999
[13/8/2015 14:46:38] /t
[13/8/2015 14:46:51] /r
[13/8/2015 14:46:52] /r
[13/8/2015 16:14:45] /t
[13/8/2015 16:23:21] /ghost
[13/8/2015 16:23:30] /ghost
[13/8/2015 16:24:4] /down
[13/8/2015 16:25:11] /t
[13/8/2015 16:27:52] /goto lovechar
[13/8/2015 16:33:40] /goto alzheimer
[13/8/2015 16:33:49] /goto alzheimer
[13/8/2015 16:34:10] /goto alzheimer
[13/8/2015 16:35:6] /goto alzheimer
[13/8/2015 16:36:5] /goto alzheimer
[13/8/2015 16:36:46] /goto alzheimer
[13/8/2015 16:37:8] /goto alzheimer
[13/8/2015 16:40:29] /t
[13/8/2015 20:21:36] /goto [ADM]
[13/8/2015 20:21:38] /goto [ADM]
[13/8/2015 20:21:53] /goto [ADM]
[13/8/2015 20:22:3] /goto [ADM]
[13/8/2015 20:22:6] /goto [ADM]
[13/8/2015 20:22:12] /goto [ADM]
[13/8/2015 20:22:18] /goto [ADM]
[13/8/2015 20:23:45] /goto [ADM]
[14/8/2015 7:13:40] /t
[14/8/2015 7:13:49] /goto [ADM]
[14/8/2015 9:42:54] /newtype 302
[14/8/2015 16:9:13] /c [ADM]
[14/8/2015 16:9:17] /i 466
[14/8/2015 16:9:20] /r
[14/8/2015 16:9:21] /r
[14/8/2015 16:9:30] /t
[14/8/2015 16:9:34] /t
[14/8/2015 16:9:42] /i 11094
[14/8/2015 16:9:47] /i 11094
[14/8/2015 16:9:50] /c [ADM]
[14/8/2015 16:9:55] /i 11094
[14/8/2015 16:9:57] /c [ADM]
[14/8/2015 16:17:53] /t
[15/8/2015 19:43:29] /c satanas
[15/8/2015 19:43:33] /i destruction staff
[15/8/2015 19:43:41] /i regeneration boots
[15/8/2015 19:43:57] /i gold ingot
[15/8/2015 19:45:31] /i premium 1 dia
[15/8/2015 19:45:39] /c satanas
[15/8/2015 19:46:17] /goto satanas
[15/8/2015 19:46:50] /t
[15/8/2015 19:57:35] /goto satanas
[15/8/2015 19:57:51] /c satanas
[15/8/2015 19:59:37] /i premium 1 dia
[15/8/2015 20:0:5] /a 2
[15/8/2015 20:0:9] /c satanas
[15/8/2015 20:1:10] /a 50
[15/8/2015 20:1:43] /t
[15/8/2015 20:7:42] /goto satanas
[15/8/2015 20:8:26] /t
[15/8/2015 20:10:3] /goto satanas
[15/8/2015 20:10:8] /t
[15/8/2015 20:10:20] /giveitem Satanas, 12396, 5
[15/8/2015 20:10:25] /giveitem Satanas, 12575, 5
[15/8/2015 20:10:32] /goto satanas
[15/8/2015 20:11:34] /newtype 02
[15/8/2015 20:11:34] /ghost
[15/8/2015 20:11:37] /ghost
[15/8/2015 20:11:38] /newtype 02
[15/8/2015 20:11:40] /newtype 302
[15/8/2015 20:11:41] /ghost
[15/8/2015 20:11:48] /ghost
[15/8/2015 20:11:52] /t
[15/8/2015 20:14:54] /goto satanas
[15/8/2015 20:23:58] /a 2
[15/8/2015 20:24:0] /c satanas preto
[15/8/2015 20:24:17] /goto satanas
[15/8/2015 20:24:36] /a 2
[15/8/2015 20:24:37] /c satanas
[15/8/2015 20:31:46] /goto satanas
[15/8/2015 20:31:57] /goto satanas
[15/8/2015 20:31:58] /goto satanas
[15/8/2015 20:33:4] /goto satanas
[15/8/2015 20:33:58] /goto satanas
[15/8/2015 20:33:59] /m orochimaru
[15/8/2015 20:34:18] /i great mana potion
[15/8/2015 20:36:57] /t
[15/8/2015 20:38:40] /goto satanas
[15/8/2015 20:38:42] /t
[15/8/2015 20:38:46] /a 2
[15/8/2015 20:38:48] /c satanas
[15/8/2015 21:10:37] /goto satanas
[15/8/2015 21:10:44] /t
[15/8/2015 21:23:31] /goto satanas
[15/8/2015 21:24:50] /goto satanas
[15/8/2015 21:24:51] /t
[15/8/2015 21:24:54] /a 2
[15/8/2015 21:24:56] /c satanas
[15/8/2015 21:34:59] /goto fnt vilkiss
[15/8/2015 21:36:0] /goto fnt vilkiss
[15/8/2015 21:36:15] /goto fnt vilkiss
[15/8/2015 21:38:52] /goto fnt vilkiss
[15/8/2015 21:40:1] /ghost
[15/8/2015 21:40:10] /ghost
[15/8/2015 21:44:59] /m bazir
[15/8/2015 21:45:1] /m infernatil
[15/8/2015 21:45:28] /t
[18/8/2015 11:25:14] /i destruction staff
[18/8/2015 11:25:17] /clean
[18/8/2015 11:25:18] /i backpack
[18/8/2015 11:25:21] /i destruction staff
[18/8/2015 11:25:23] /i destruction axe
[18/8/2015 11:25:24] /i destruction bow
[18/8/2015 11:25:26] /i destruction wand
[18/8/2015 11:25:30] /i destruction axe
[18/8/2015 11:25:31] /i destruction club
[18/8/2015 11:25:34] /i destruction slingshot
[18/8/2015 11:29:25] /i destruction sword
[18/8/2015 11:29:28] /clean
[6/10/2015 20:45:40] /ghost
[6/10/2015 20:49:55] /a 5
[6/10/2015 20:50:13] /t
[6/10/2015 20:51:28] /a
[6/10/2015 20:51:32] /a
[6/10/2015 20:57:7] /t
[6/10/2015 20:59:6] /a 7
[6/10/2015 20:59:8] /a 7
[6/10/2015 20:59:9] /a 7
[6/10/2015 20:59:9] /a 7
[6/10/2015 20:59:10] /a 7
[6/10/2015 20:59:44] /t
[6/10/2015 21:3:59] /a
[6/10/2015 21:4:4] /a
[6/10/2015 21:4:7] /a
[6/10/2015 21:4:9] /a
[6/10/2015 21:10:4] /goto bahia~
[6/10/2015 21:10:5] /goto bahia~
[6/10/2015 21:10:6] /goto bahia~
[6/10/2015 21:10:7] /goto bahia~
[6/10/2015 21:10:7] /goto bahia~
[6/10/2015 21:10:8] /goto bahia~
[6/10/2015 21:10:49] /t
[6/10/2015 22:23:20] /t
[6/10/2015 22:29:6] /c
[6/10/2015 22:54:53] /goto Bahia Mythologyc
[6/10/2015 22:54:55] /goto Bahia Mythologyc
[6/10/2015 22:54:56] /goto Bahia Mythologyc
[6/10/2015 22:55:0] /goto Bahia Mythologyc
[6/10/2015 22:55:7] /t Bahia Mythologyc
[6/10/2015 22:55:40] /goto pvp mod off
[6/10/2015 22:55:43] /t pvp mod off
[6/10/2015 22:56:26] /goto Bahia Mythologyc
[6/10/2015 23:0:37] /goto Bahia Mythologyc
[6/10/2015 23:0:39] /goto Bahia Mythologyc
[6/10/2015 23:0:41] /goto Bahia Mythologyc
[6/10/2015 23:0:41] /goto Bahia Mythologyc
[6/10/2015 23:0:42] /goto Bahia Mythologyc
[6/10/2015 23:0:42] /goto Bahia Mythologyc
[6/10/2015 23:0:43] /goto Bahia Mythologyc
[6/10/2015 23:0:43] /goto Bahia Mythologyc
[6/10/2015 23:0:44] /goto Bahia Mythologyc
[6/10/2015 23:0:45] /goto Bahia Mythologyc
[6/10/2015 23:0:46] /goto Bahia Mythologyc
[6/10/2015 23:0:47] /goto Bahia Mythologyc
[6/10/2015 23:0:48] /goto Bahia Mythologyc
[6/10/2015 23:2:15] /t
[7/10/2015 9:28:49] /t
[7/10/2015 10:9:55] /t
[7/10/2015 12:2:43] /down
[7/10/2015 12:4:47] /t
[7/10/2015 12:19:1] /a
[7/10/2015 12:19:3] /a
[7/10/2015 12:19:6] /a 2
[7/10/2015 12:19:29] /t
[7/10/2015 12:35:33] /t
[7/10/2015 12:36:10] /goto Mr lucifer
[7/10/2015 12:36:15] /goto Mr lucifer
[7/10/2015 12:36:17] /t
[7/10/2015 12:45:34] /t
[7/10/2015 13:4:10] /goto Brandao
[7/10/2015 13:4:15] /c t Brandao
[7/10/2015 13:4:17] /t Brandao
[7/10/2015 13:4:22] /t
[7/10/2015 13:5:5] /goto jao dos venenos
[7/10/2015 13:38:13] /t
[7/10/2015 13:51:25] /t
[7/10/2015 14:6:31] /t
[7/10/2015 14:32:32] /goto Demonka Przeszlosci
[7/10/2015 14:32:43] /t
[7/10/2015 15:3:31] /goto peria
[7/10/2015 15:3:47] /goto Openrushderp
[7/10/2015 15:4:0] /t Openrushderp
[7/10/2015 15:5:59] /t
[7/10/2015 15:8:2] /t
[7/10/2015 15:23:50] /c Pregao
[7/10/2015 16:28:9] /a 6
[7/10/2015 16:28:9] /a 6
[7/10/2015 16:28:12] /a 6
[7/10/2015 16:28:12] /a 6
[7/10/2015 16:28:13] /a 6
[7/10/2015 16:28:14] /a 6
[7/10/2015 16:28:16] /a 6
[7/10/2015 16:28:16] /a 6
[7/10/2015 16:28:21] /a 6
[7/10/2015 16:28:36] /a 6
[7/10/2015 16:28:41] /a 6
[7/10/2015 16:28:44] /a 2
[7/10/2015 16:28:56] /a 2
[7/10/2015 16:29:3] /a 2
[7/10/2015 16:29:9] /t
[7/10/2015 16:31:17] /t
[7/10/2015 17:8:21] /t
[7/10/2015 17:26:0] /goto old push
[7/10/2015 17:26:14] /kick old push
[7/10/2015 17:26:23] /kick old push
[7/10/2015 17:26:24] /kick old push
[7/10/2015 17:26:38] /c old push
[7/10/2015 17:27:14] /t
[7/10/2015 17:31:45] /goto diogo teixiera
[7/10/2015 17:31:47] /goto diogo teixiera
[7/10/2015 19:46:27] /mc
[7/10/2015 19:46:47] /goto old push
[7/10/2015 19:46:47] /goto old push
[7/10/2015 19:46:50] /goto old push
[7/10/2015 20:1:10] /bc War of Emperium começou...
[7/10/2015 20:1:22] /bc War of Emperium começou...
[7/10/2015 20:1:46] /bc War of Emperium começou...
[7/10/2015 20:2:40] /bc War of Emperium começou...
[7/10/2015 20:39:18] /goto Cabra Macho
[7/10/2015 20:39:18] /goto Cabra Macho
[8/10/2015 5:25:32] /ghost
[8/10/2015 5:26:12] /ghost
[8/10/2015 5:42:25] /mc
[8/10/2015 5:42:26] /mc
[8/10/2015 5:42:27] /mc
[8/10/2015 5:42:27] /mc
[8/10/2015 5:42:43] /goto Adm
[8/10/2015 5:44:37] /mc
[8/10/2015 5:44:38] /mc
[8/10/2015 5:45:11] /goto Adm
[8/10/2015 5:46:50] /mc
[8/10/2015 5:46:51] /mc
[8/10/2015 6:57:48] /goto cabra macho
[8/10/2015 6:58:12] /t
[8/10/2015 6:58:52] /mc 
[8/10/2015 7:40:9] /t
[8/10/2015 12:25:32] /t
[8/10/2015 17:35:59] /t
[8/10/2015 17:36:44] /t
[8/10/2015 20:13:32] /a 20
[8/10/2015 20:13:35] /a 20
[8/10/2015 20:13:37] /up
[8/10/2015 20:13:38] /up
[8/10/2015 20:13:38] /up
[8/10/2015 20:13:44] /t
[8/10/2015 20:14:1] /bc War of Emperium começou...
[8/10/2015 20:14:4] /bc War of Emperium começou...
[8/10/2015 20:14:10] /bc War of Emperium começou...
[8/10/2015 20:14:27] /bc War of Emperium começou...
[8/10/2015 20:22:25] /ghost
[8/10/2015 20:22:26] /ghost
[8/10/2015 20:22:30] /ghost
[8/10/2015 20:22:38] /ghost
[8/10/2015 21:52:54] /bc invasão CITY PRINCIPAL
[8/10/2015 21:52:55] /bc invasão CITY PRINCIPAL
[8/10/2015 21:52:56] /bc invasão CITY PRINCIPAL
[8/10/2015 21:52:56] /bc invasão CITY PRINCIPAL
[8/10/2015 21:53:0] /a 2
[8/10/2015 21:53:9] /bc invasão CITY PRINCIPAL
[8/10/2015 21:53:10] /bc invasão CITY PRINCIPAL
[8/10/2015 21:53:10] /bc invasão CITY PRINCIPAL
[8/10/2015 21:53:11] /bc invasão CITY PRINCIPAL
[8/10/2015 21:53:26] /t
[8/10/2015 21:54:11] /bc invasão CITY PRINCIPAL os boss dropa " dodge e critical "
[8/10/2015 21:54:21] /bc invasão CITY PRINCIPAL os boss dropa " dodge e critical "
[8/10/2015 21:54:26] /a 2
[8/10/2015 21:54:36] /t
[9/10/2015 10:15:34] /bc TS3.BAIAKNEW.COM
[9/10/2015 10:15:40] /bc TS3.BAIAKNEW.COM
[9/10/2015 10:15:44] /bc TS3.BAIAKNEW.COM
[9/10/2015 10:15:51] /a
[9/10/2015 10:15:52] /a
[9/10/2015 10:15:53] /a
[9/10/2015 10:15:54] /a
[9/10/2015 10:15:55] /a
[9/10/2015 10:16:3] /bc TS3.BAIAKNEW.COM
[9/10/2015 10:16:6] /bc TS3.BAIAKNEW.COM
[9/10/2015 10:16:7] /bc TS3.BAIAKNEW.COM
[9/10/2015 10:16:8] /bc TS3.BAIAKNEW.COM
[9/10/2015 10:16:8] /bc TS3.BAIAKNEW.COM
[9/10/2015 10:16:9] /bc TS3.BAIAKNEW.COM
[9/10/2015 10:16:14] /b TS3.BAIAKNEW.COM
[9/10/2015 10:16:32] /b TS3.BAIAKNEW.COM // suporte 24h
[9/10/2015 13:1:10] /t
[9/10/2015 16:16:28] /goto Adm Bnkwe
[9/10/2015 17:37:56] /up
[9/10/2015 17:37:57] /up
[9/10/2015 17:38:1] /up
[9/10/2015 17:38:2] /up
[9/10/2015 17:38:3] /up
[9/10/2015 17:38:4] /up
[9/10/2015 17:38:5] /up
[9/10/2015 17:38:5] /up
[9/10/2015 17:38:6] /up
[9/10/2015 17:38:7] /up
[9/10/2015 17:38:8] /up
[9/10/2015 17:38:14] /t
[9/10/2015 17:38:22] /ghost
[9/10/2015 17:38:27] /ghost
[9/10/2015 17:38:31] /ghost
[9/10/2015 17:38:40] /ghost
[9/10/2015 17:38:49] /ghost
[9/10/2015 17:38:50] /ghost
[9/10/2015 17:38:53] /ghost
[9/10/2015 17:38:56] /ghost
[9/10/2015 17:39:13] /ghost
[9/10/2015 17:39:17] /ghost
[11/10/2015 12:4:53] /goto Xuzao Ek'mith
[11/10/2015 12:4:58] /t
[11/10/2015 21:42:53] /a
[11/10/2015 21:42:55] /a
[11/10/2015 21:44:22] /a
[11/10/2015 21:44:44] /t Joao Neto
[12/10/2015 13:34:3] /a
[12/10/2015 13:34:4] /a 2
[12/10/2015 17:56:22] /goto [adm]
[12/10/2015 17:56:26] /t
[12/10/2015 17:57:40] /a
[12/10/2015 17:57:44] /a 3
[12/10/2015 17:58:19] /a 2
[12/10/2015 17:58:31] /a
[12/10/2015 17:58:36] /a 2
[12/10/2015 17:58:49] /t
[12/10/2015 18:0:23] /goto Cao da Rotta
[12/10/2015 18:0:37] /a
[12/10/2015 18:0:39] /t
[12/10/2015 18:1:4] /goto [adm]
[12/10/2015 18:2:33] /goto 
[12/10/2015 18:2:34] /a
[12/10/2015 18:2:37] /a 3
[12/10/2015 18:2:56] /a 3
[12/10/2015 18:3:0] /a 3
[12/10/2015 18:4:26] /a
[12/10/2015 18:5:49] /a
[12/10/2015 18:5:51] /a
[12/10/2015 18:6:2] /a
[12/10/2015 18:6:7] /a
[12/10/2015 18:6:14] /a
[12/10/2015 18:6:59] /a
[12/10/2015 18:7:2] /a
[12/10/2015 18:7:11] /a
[12/10/2015 18:7:54] /t
[12/10/2015 18:10:12] /t
[14/10/2015 21:36:42] /b DUVIDAS HELP !
[14/10/2015 21:44:24] /goto Sky Killer Revolution
[14/10/2015 21:44:39] /goto Sky Killer Revolution
[14/10/2015 21:46:48] /b Invasao Na City Principal.
[14/10/2015 21:46:50] /b Invasao Na City Principal.
[14/10/2015 21:46:52] /a 2
[14/10/2015 21:46:55] /b Invasao Na City Principal.
[14/10/2015 21:47:3] /t
[14/10/2015 21:47:18] /b Invasao Na City Principal.
[14/10/2015 21:48:3] /b Invasao Na City Principal.
[14/10/2015 21:48:19] /a 2
[14/10/2015 21:48:23] /t
[14/10/2015 21:48:24] /b Invasao Na City Principal.
[14/10/2015 23:34:55] /t
[14/10/2015 23:37:32] /goto genio
[14/10/2015 23:38:34] /t Style Leo
[14/10/2015 23:38:52] /t Agaezi Aka Trovao
[14/10/2015 23:38:55] /t Elder Marofado
[14/10/2015 23:38:58] /t Magrin
[14/10/2015 23:39:1] /t Dark Tibia
[14/10/2015 23:39:5] /t Genio
[14/10/2015 23:39:29] /t Aoll
[14/10/2015 23:39:37] /goto Aoll
[15/10/2015 0:11:42] /b DUVIDAS HELP !
[15/10/2015 0:12:0] /t
[15/10/2015 0:12:25] /goto Already Name
[15/10/2015 0:12:35] /goto Already Name
[15/10/2015 0:12:37] /goto Already Name
[15/10/2015 0:12:38] /goto Already Name
[15/10/2015 0:12:39] /goto Already Name
[15/10/2015 0:12:40] /goto Already Name
[15/10/2015 0:12:41] /goto Already Name
[15/10/2015 0:12:45] /goto Already Name
[15/10/2015 0:12:46] /goto Already Name
[15/10/2015 0:12:46] /goto Already Name
[15/10/2015 0:12:47] /goto Already Name
[15/10/2015 0:12:48] /goto Already Name
[15/10/2015 0:12:49] /goto Already Name
[15/10/2015 0:12:49] /goto Already Name
[15/10/2015 0:12:50] /goto Already Name
[15/10/2015 0:12:50] /goto Already Name
[15/10/2015 0:12:54] /goto Already Name
[15/10/2015 0:12:56] /goto Already Name
[15/10/2015 0:12:58] /goto Already Name
[15/10/2015 0:12:59] /goto Already Name
[15/10/2015 0:27:58] /goto Already Name
[15/10/2015 0:28:1] /t
[15/10/2015 0:28:37] /ghost
[15/10/2015 0:30:8] /ghost
[15/10/2015 0:30:34] /ghost
[15/10/2015 0:31:12] /ghost
[15/10/2015 0:31:30] /ghost
[15/10/2015 0:31:34] /t
[15/10/2015 0:32:21] /t
[15/10/2015 0:42:24] /ghost
[15/10/2015 19:58:20] /b DUVIDAS HELP !!
[15/10/2015 19:59:25] /goto Gordao
[15/10/2015 19:59:57] /goto Gordao
[15/10/2015 20:0:4] /goto tudo puta
[15/10/2015 20:0:7] /t Gordao
[15/10/2015 20:0:15] /kick todo puta
[15/10/2015 20:0:17] /kick todo puta
[15/10/2015 20:0:17] /kick todo puta
[15/10/2015 20:0:26] /t Tudo Puta
[15/10/2015 20:0:30] /t
[15/10/2015 20:1:36] /b INVASAO CITY PRINCITAL
[15/10/2015 20:1:37] /b INVASAO CITY PRINCITAL
[15/10/2015 20:1:38] /b INVASAO CITY PRINCITAL
[15/10/2015 20:1:38] /b INVASAO CITY PRINCITAL
[15/10/2015 20:1:40] /b INVASAO CITY PRINCITAL ! gogo
[15/10/2015 20:1:41] /b INVASAO CITY PRINCITAL ! gogo
[15/10/2015 20:1:44] /b INVASAO CITY PRINCITAL ! GOGO
[15/10/2015 20:1:47] /a 2
[15/10/2015 20:1:56] /b INVASAO CITY PRINCITAL ! GOGO
[15/10/2015 20:1:57] /b INVASAO CITY PRINCITAL ! GOGO
[15/10/2015 20:1:57] /b INVASAO CITY PRINCITAL ! GOGO
[15/10/2015 20:1:58] /b INVASAO CITY PRINCITAL ! GOGO
[15/10/2015 20:2:2] /goto Fela
[15/10/2015 20:2:9] /kick Fela
[15/10/2015 20:2:13] /t
[15/10/2015 20:2:19] /b INVASAO CITY PRINCITAL ! GOGO
[15/10/2015 20:2:57] /a 5
[15/10/2015 20:3:0] /a 3
[15/10/2015 20:3:4] /t
[15/10/2015 20:3:30] /b INVASAO CITY PRINCITAL ! GOGO
[16/10/2015 15:57:27] /b DUVIDAS NO HELP
[16/10/2015 15:57:46] /b DUVIDAS NO HELP!!
[16/10/2015 15:57:53] /a 2
[16/10/2015 16:0:19] /b INVASAO CITY PRINCIPAL
[16/10/2015 16:0:20] /b INVASAO CITY PRINCIPAL
[16/10/2015 16:0:27] /b INVASAO CITY PRINCIPAL !
[16/10/2015 16:0:37] /b INVASAO CITY PRINCIPAL !
[16/10/2015 16:0:40] /t
[16/10/2015 16:1:0] /b INVASAO CITY PRINCIPAL !
[16/10/2015 16:1:10] /b INVASAO CITY PRINCIPAL !
[16/10/2015 16:1:43] /goto anti bots
[17/10/2015 9:48:59] /b INVASAO CITY PRINCIPAL
[17/10/2015 9:49:0] /b INVASAO CITY PRINCIPAL
[17/10/2015 9:49:1] /b INVASAO CITY PRINCIPAL
[17/10/2015 9:49:5] /b INVASAO CITY PRINCIPAL
[17/10/2015 9:49:10] /a 2
[17/10/2015 9:49:13] /t
[17/10/2015 9:49:15] /b INVASAO CITY PRINCIPAL
[17/10/2015 9:49:15] /b INVASAO CITY PRINCIPAL
[17/10/2015 9:49:17] /b INVASAO CITY PRINCIPAL
[17/10/2015 9:49:42] /b INVASAO CITY PRINCIPAL
[19/10/2015 16:46:2] /bc INVASAO CITY PRINCIPAL GO!
[19/10/2015 16:46:4] /bc INVASAO CITY PRINCIPAL GO!
[19/10/2015 16:46:9] /a 2
[19/10/2015 16:46:12] /bc INVASAO CITY PRINCIPAL GO!
[19/10/2015 16:46:13] /bc INVASAO CITY PRINCIPAL GO!
[19/10/2015 16:46:21] /t
[19/10/2015 16:46:29] /bc INVASAO CITY PRINCIPAL GO!
[19/10/2015 16:46:51] /bc INVASAO CITY PRINCIPAL GO!
[19/10/2015 17:44:16] /b ALGUEM AE TEM POINTS NO UNDERWAR OU ITENS?
[19/10/2015 17:45:55] /c fela
[19/10/2015 17:47:20] /b ALGUEM AE TEM POINTS OU ITENS NO UNDERWAR?
[23/10/2015 16:39:42] /bc v GALERA O SERVIDOR VAI FECHA PORQUE NOS RESOLVEMOS ABRI UM STYLLER IP: 54.94.149.214 " O BAIAKNEW VAI FECHA " GOGO ENTRA COM ESSE IP: 54.94.149.214 // STYLLER PREMIUM // HOST BR // !! 
[23/10/2015 16:39:47] /bc v GALERA O SERVIDOR VAI FECHA PORQUE NOS RESOLVEMOS ABRI UM STYLLER IP: 54.94.149.214 " O BAIAKNEW VAI FECHA " GOGO ENTRA COM ESSE IP: 54.94.149.214 // STYLLER PREMIUM // HOST BR // !! 
[23/10/2015 16:39:52] /bc GALERA O SERVIDOR VAI FECHA PORQUE NOS RESOLVEMOS ABRI UM STYLLER IP: 54.94.149.214 " O BAIAKNEW VAI FECHA " GOGO ENTRA COM ESSE IP: 54.94.149.214 // STYLLER PREMIUM // HOST BR // !! 
[23/10/2015 16:39:54] /bc GALERA O SERVIDOR VAI FECHA PORQUE NOS RESOLVEMOS ABRI UM STYLLER IP: 54.94.149.214 " O BAIAKNEW VAI FECHA " GOGO ENTRA COM ESSE IP: 54.94.149.214 // STYLLER PREMIUM // HOST BR // !! 
[23/10/2015 16:39:57] /bc /bc GALERA O SERVIDOR VAI FECHA PORQUE NOS RESOLVEMOS ABRI UM STYLLER IP: 54.94.149.214 " O BAIAKNEW VAI FECHA " GOGO ENTRA COM ESSE IP: 54.94.149.214 // STYLLER PREMIUM // HOST BR // !! 
[23/10/2015 16:40:5] /bc /bc GALERA O SERVIDOR VAI FECHA PORQUE NOS RESOLVEMOS ABRI UM STYLLER IP: 54.94.149.214 " O BAIAKNEW VAI FECHA " GOGO ENTRA COM ESSE IP: 54.94.149.214 // STYLLER PREMIUM // HOST BR // !! 
[23/10/2015 16:40:10] /bc /bc GALERA O SERVIDOR VAI FECHA PORQUE NOS RESOLVEMOS ABRI UM STYLLER IP: 54.94.149.214 " O BAIAKNEW VAI FECHA " GOGO ENTRA COM ESSE IP: 54.94.149.214 // STYLLER PREMIUM // HOST BR // !! 
[23/10/2015 16:40:11] /bc /bc GALERA O SERVIDOR VAI FECHA PORQUE NOS RESOLVEMOS ABRI UM STYLLER IP: 54.94.149.214 " O BAIAKNEW VAI FECHA " GOGO ENTRA COM ESSE IP: 54.94.149.214 // STYLLER PREMIUM // HOST BR // !! 
[23/10/2015 16:40:17] /bc GALERA O SERVIDOR VAI FECHA PORQUE NOS RESOLVEMOS ABRI UM STYLLER IP: 54.94.149.214 " O BAIAKNEW VAI FECHA " GOGO ENTRA COM ESSE IP: 54.94.149.214 // STYLLER PREMIUM // HOST BR // !! 
[23/10/2015 16:40:18] /bc GALERA O SERVIDOR VAI FECHA PORQUE NOS RESOLVEMOS ABRI UM STYLLER IP: 54.94.149.214 " O BAIAKNEW VAI FECHA " GOGO ENTRA COM ESSE IP: 54.94.149.214 // STYLLER PREMIUM // HOST BR // !! 
[23/10/2015 16:40:21] /bc GALERA O SERVIDOR VAI FECHA PORQUE NOS RESOLVEMOS ABRI UM STYLLER IP: 54.94.149.214 " O BAIAKNEW VAI FECHA " GOGO ENTRA COM ESSE IP: 54.94.149.214 // STYLLER PREMIUM // HOST BR // !! 
[23/10/2015 16:40:23] /bc GALERA O SERVIDOR VAI FECHA PORQUE NOS RESOLVEMOS ABRI UM STYLLER IP: 54.94.149.214 " O BAIAKNEW VAI FECHA " GOGO ENTRA COM ESSE IP: 54.94.149.214 // STYLLER PREMIUM // HOST BR // !! 
[23/10/2015 16:40:23] /bc GALERA O SERVIDOR VAI FECHA PORQUE NOS RESOLVEMOS ABRI UM STYLLER IP: 54.94.149.214 " O BAIAKNEW VAI FECHA " GOGO ENTRA COM ESSE IP: 54.94.149.214 // STYLLER PREMIUM // HOST BR // !! 
[23/10/2015 16:40:31] /bc GALERA O SERVIDOR VAI FECHA PORQUE NOS RESOLVEMOS ABRI UM STYLLER IP: 54.94.149.214 " O BAIAKNEW VAI FECHA " GOGO ENTRA COM ESSE IP: 54.94.149.214 // STYLLER PREMIUM // HOST BR // !! 
[23/10/2015 16:40:44] /bc GALERA O SERVIDOR VAI FECHA PORQUE NOS RESOLVEMOS ABRI UM STYLLER IP: 54.94.149.214 " O BAIAKNEW VAI FECHA " GOGO ENTRA COM ESSE IP: 54.94.149.214 // STYLLER PREMIUM // HOST BR // !! 
[23/10/2015 16:40:45] /bc GALERA O SERVIDOR VAI FECHA PORQUE NOS RESOLVEMOS ABRI UM STYLLER IP: 54.94.149.214 " O BAIAKNEW VAI FECHA " GOGO ENTRA COM ESSE IP: 54.94.149.214 // STYLLER PREMIUM // HOST BR // !! 
[23/10/2015 16:40:51] /bc GALERA O SERVIDOR VAI FECHA PORQUE NOS RESOLVEMOS ABRI UM STYLLER IP: 54.94.149.214 " O BAIAKNEW VAI FECHA " GOGO ENTRA COM ESSE IP: 54.94.149.214 // STYLLER PREMIUM // HOST BR // !! 
[23/10/2015 16:41:3] /bc GALERA O SERVIDOR VAI FECHA PORQUE NOS RESOLVEMOS ABRI UM STYLLER IP: 54.94.149.214 " O BAIAKNEW VAI FECHA " GOGO ENTRA COM ESSE IP: 54.94.149.214 // STYLLER PREMIUM // HOST BR // !! 
[23/10/2015 16:41:9] /bc GALERA O SERVIDOR VAI FECHA PORQUE NOS RESOLVEMOS ABRI UM STYLLER IP: 54.94.149.214 " O BAIAKNEW VAI FECHA " GOGO ENTRA COM ESSE IP: 54.94.149.214 // STYLLER PREMIUM // HOST BR // !! 
[23/10/2015 16:41:13] /bc GALERA O SERVIDOR VAI FECHA PORQUE NOS RESOLVEMOS ABRI UM STYLLER IP: 54.94.149.214 " O BAIAKNEW VAI FECHA " GOGO ENTRA COM ESSE IP: 54.94.149.214 // STYLLER PREMIUM // HOST BR // !! 
[23/10/2015 16:41:52] /bc GALERA O SERVIDOR VAI FECHA PORQUE NOS RESOLVEMOS ABRI UM STYLLER IP: 54.94.149.214  O BAIAKNEW VAI FECHA 
[23/10/2015 16:41:52] /bc GALERA O SERVIDOR VAI FECHA PORQUE NOS RESOLVEMOS ABRI UM STYLLER IP: 54.94.149.214  O BAIAKNEW VAI FECHA 
[23/10/2015 16:41:53] /bc GALERA O SERVIDOR VAI FECHA PORQUE NOS RESOLVEMOS ABRI UM STYLLER IP: 54.94.149.214  O BAIAKNEW VAI FECHA 
[23/10/2015 16:41:53] /bc GALERA O SERVIDOR VAI FECHA PORQUE NOS RESOLVEMOS ABRI UM STYLLER IP: 54.94.149.214  O BAIAKNEW VAI FECHA 
[23/10/2015 16:41:54] /bc GALERA O SERVIDOR VAI FECHA PORQUE NOS RESOLVEMOS ABRI UM STYLLER IP: 54.94.149.214  O BAIAKNEW VAI FECHA 
[23/10/2015 16:41:54] /bc GALERA O SERVIDOR VAI FECHA PORQUE NOS RESOLVEMOS ABRI UM STYLLER IP: 54.94.149.214  O BAIAKNEW VAI FECHA 
[23/10/2015 16:41:55] /bc GALERA O SERVIDOR VAI FECHA PORQUE NOS RESOLVEMOS ABRI UM STYLLER IP: 54.94.149.214  O BAIAKNEW VAI FECHA 
[23/10/2015 16:41:56] /bc GALERA O SERVIDOR VAI FECHA PORQUE NOS RESOLVEMOS ABRI UM STYLLER IP: 54.94.149.214  O BAIAKNEW VAI FECHA 
[23/10/2015 16:41:56] /bc GALERA O SERVIDOR VAI FECHA PORQUE NOS RESOLVEMOS ABRI UM STYLLER IP: 54.94.149.214  O BAIAKNEW VAI FECHA 
[23/10/2015 16:41:57] /bc GALERA O SERVIDOR VAI FECHA PORQUE NOS RESOLVEMOS ABRI UM STYLLER IP: 54.94.149.214  O BAIAKNEW VAI FECHA 
[23/10/2015 16:41:58] /bc GALERA O SERVIDOR VAI FECHA PORQUE NOS RESOLVEMOS ABRI UM STYLLER IP: 54.94.149.214  O BAIAKNEW VAI FECHA 
[23/10/2015 16:41:58] /bc GALERA O SERVIDOR VAI FECHA PORQUE NOS RESOLVEMOS ABRI UM STYLLER IP: 54.94.149.214  O BAIAKNEW VAI FECHA 
[23/10/2015 16:41:59] /bc GALERA O SERVIDOR VAI FECHA PORQUE NOS RESOLVEMOS ABRI UM STYLLER IP: 54.94.149.214  O BAIAKNEW VAI FECHA 
[23/10/2015 16:41:59] /bc GALERA O SERVIDOR VAI FECHA PORQUE NOS RESOLVEMOS ABRI UM STYLLER IP: 54.94.149.214  O BAIAKNEW VAI FECHA 
[23/10/2015 16:42:0] /bc GALERA O SERVIDOR VAI FECHA PORQUE NOS RESOLVEMOS ABRI UM STYLLER IP: 54.94.149.214  O BAIAKNEW VAI FECHA 
[23/10/2015 16:42:1] /bc GALERA O SERVIDOR VAI FECHA PORQUE NOS RESOLVEMOS ABRI UM STYLLER IP: 54.94.149.214  O BAIAKNEW VAI FECHA 
[23/10/2015 16:42:1] /bc GALERA O SERVIDOR VAI FECHA PORQUE NOS RESOLVEMOS ABRI UM STYLLER IP: 54.94.149.214  O BAIAKNEW VAI FECHA 
[23/10/2015 16:42:2] /bc GALERA O SERVIDOR VAI FECHA PORQUE NOS RESOLVEMOS ABRI UM STYLLER IP: 54.94.149.214  O BAIAKNEW VAI FECHA 
[23/10/2015 16:42:3] /bc GALERA O SERVIDOR VAI FECHA PORQUE NOS RESOLVEMOS ABRI UM STYLLER IP: 54.94.149.214  O BAIAKNEW VAI FECHA 
[23/10/2015 16:42:3] /bc GALERA O SERVIDOR VAI FECHA PORQUE NOS RESOLVEMOS ABRI UM STYLLER IP: 54.94.149.214  O BAIAKNEW VAI FECHA 
[23/10/2015 16:42:4] /bc GALERA O SERVIDOR VAI FECHA PORQUE NOS RESOLVEMOS ABRI UM STYLLER IP: 54.94.149.214  O BAIAKNEW VAI FECHA 
[23/10/2015 16:42:4] /bc GALERA O SERVIDOR VAI FECHA PORQUE NOS RESOLVEMOS ABRI UM STYLLER IP: 54.94.149.214  O BAIAKNEW VAI FECHA 
[23/10/2015 16:42:5] /bc GALERA O SERVIDOR VAI FECHA PORQUE NOS RESOLVEMOS ABRI UM STYLLER IP: 54.94.149.214  O BAIAKNEW VAI FECHA 
[23/10/2015 16:42:6] /bc GALERA O SERVIDOR VAI FECHA PORQUE NOS RESOLVEMOS ABRI UM STYLLER IP: 54.94.149.214  O BAIAKNEW VAI FECHA 
[23/10/2015 16:42:8] /bc GALERA O SERVIDOR VAI FECHA PORQUE NOS RESOLVEMOS ABRI UM STYLLER IP: 54.94.149.214 " O BAIAKNEW VAI FECHA " GOGO ENTRA COM ESSE IP: 54.94.149.214 // STYLLER PREMIUM // HOST BR // !! 
[23/10/2015 16:42:9] /bc GALERA O SERVIDOR VAI FECHA PORQUE NOS RESOLVEMOS ABRI UM STYLLER IP: 54.94.149.214 " O BAIAKNEW VAI FECHA " GOGO ENTRA COM ESSE IP: 54.94.149.214 // STYLLER PREMIUM // HOST BR // !! 
[23/10/2015 16:42:11] /bc GALERA O SERVIDOR VAI FECHA PORQUE NOS RESOLVEMOS ABRI UM STYLLER IP: 54.94.149.214 " O BAIAKNEW VAI FECHA " GOGO ENTRA COM ESSE IP: 54.94.149.214 // STYLLER PREMIUM // HOST BR // !! 
[23/10/2015 16:42:22] /bc GALERA O SERVIDOR VAI FECHA PORQUE NOS RESOLVEMOS ABRI UM STYLLER IP: 54.94.149.214 " O BAIAKNEW VAI FECHA " GOGO ENTRA COM ESSE IP: 54.94.149.214 // STYLLER PREMIUM // HOST BR // !! 
[23/10/2015 16:42:32] /bc GALERA O SERVIDOR VAI FECHA PORQUE NOS RESOLVEMOS ABRI UM STYLLER IP: 54.94.149.214 " O BAIAKNEW VAI FECHA " GOGO ENTRA COM ESSE IP: 54.94.149.214 // STYLLER PREMIUM // HOST BR // !! 
[23/10/2015 16:42:33] /bc GALERA O SERVIDOR VAI FECHA PORQUE NOS RESOLVEMOS ABRI UM STYLLER IP: 54.94.149.214 " O BAIAKNEW VAI FECHA " GOGO ENTRA COM ESSE IP: 54.94.149.214 // STYLLER PREMIUM // HOST BR // !! 
[23/10/2015 16:42:34] /bc GALERA O SERVIDOR VAI FECHA PORQUE NOS RESOLVEMOS ABRI UM STYLLER IP: 54.94.149.214 " O BAIAKNEW VAI FECHA " GOGO ENTRA COM ESSE IP: 54.94.149.214 // STYLLER PREMIUM // HOST BR // !! 
[23/10/2015 16:42:37] /bc GALERA O SERVIDOR VAI FECHA PORQUE NOS RESOLVEMOS ABRI UM STYLLER IP: 54.94.149.214 " O BAIAKNEW VAI FECHA " GOGO ENTRA COM ESSE IP: 54.94.149.214 // STYLLER PREMIUM // HOST BR // !! 
[23/10/2015 16:42:38] /bc GALERA O SERVIDOR VAI FECHA PORQUE NOS RESOLVEMOS ABRI UM STYLLER IP: 54.94.149.214 " O BAIAKNEW VAI FECHA " GOGO ENTRA COM ESSE IP: 54.94.149.214 // STYLLER PREMIUM // HOST BR // !! 
[23/10/2015 16:43:38] /bc GALERA O SERVIDOR VAI FECHA PORQUE NOS RESOLVEMOS ABRI UM STYLLER IP: 54.94.149.214 " O BAIAKNEW VAI FECHA " GOGO ENTRA COM ESSE IP: 54.94.149.214 // STYLLER PREMIUM // HOST BR // !! 
[23/10/2015 16:43:39] /bc GALERA O SERVIDOR VAI FECHA PORQUE NOS RESOLVEMOS ABRI UM STYLLER IP: 54.94.149.214 " O BAIAKNEW VAI FECHA " GOGO ENTRA COM ESSE IP: 54.94.149.214 // STYLLER PREMIUM // HOST BR // !! 
[23/10/2015 16:43:40] /bc GALERA O SERVIDOR VAI FECHA PORQUE NOS RESOLVEMOS ABRI UM STYLLER IP: 54.94.149.214 " O BAIAKNEW VAI FECHA " GOGO ENTRA COM ESSE IP: 54.94.149.214 // STYLLER PREMIUM // HOST BR // !! 
