[28/8/2016 0:35:52] /i super addon doll
[28/8/2016 0:39:36] /t
[28/8/2016 0:39:39] /t
[28/8/2016 0:39:40] /t
[28/8/2016 8:33:37] /t
[28/8/2016 8:44:55] /i 7702
[28/8/2016 9:3:15] /m zombie
[28/8/2016 9:3:23] /m zombie event
[28/8/2016 9:3:32] /t
[28/8/2016 9:11:0] /r
[28/8/2016 9:11:3] /t
[28/8/2016 9:22:38] /t
[28/8/2016 9:22:52] /r
[28/8/2016 9:24:26] /bc teste
[28/8/2016 9:24:29] /b teste
[28/8/2016 12:8:29] /ghost
[28/8/2016 12:8:40] /i 2160
[28/8/2016 12:8:48] /i 2160
[28/8/2016 12:12:42] /ghost
[28/8/2016 12:14:34] /ghost
[28/8/2016 12:39:25] /a
[28/8/2016 12:39:27] /s
[28/8/2016 12:39:32] /t
[28/8/2016 12:39:33] /y
[28/8/2016 12:39:37] /y a
[28/8/2016 12:39:41] /goto x
[28/8/2016 12:39:51] /goto 125, 123, 7
[28/8/2016 12:39:55] /t
[28/8/2016 14:58:45] /shutdown
[28/8/2016 15:0:32] /closeserver
[28/8/2016 15:4:58] /shutdown
[28/8/2016 15:7:18] /closeserver
[28/8/2016 15:30:2] /openserver
[28/8/2016 16:34:54] /goto jopade
[28/8/2016 16:35:0] /i new donate staff
[28/8/2016 16:35:13] /goto jopade
[28/8/2016 16:58:18] /goto suporte
[28/8/2016 17:0:4] /goto Suporte
[28/8/2016 17:20:2] /t
[28/8/2016 17:30:46] /goto attack
[28/8/2016 17:30:55] /t
[28/8/2016 17:30:59] /goto ice~
[28/8/2016 18:11:37] /goto lost~
