[16/3/2016 2:43:51] /b Galera, se tiverem alguma duvida podem chama privado.
[16/3/2016 6:51:10] /a
[16/3/2016 6:51:13] /a 30
[16/3/2016 6:56:24] /t
[16/3/2016 6:56:36] /a 5
[16/3/2016 6:56:41] /a 10
[16/3/2016 6:56:47] /a 10
[16/3/2016 6:56:49] /a 5
[16/3/2016 6:56:52] /a 15
[16/3/2016 6:57:4] /goto ai meu vis
[16/3/2016 6:57:38] /a 3
[16/3/2016 7:16:19] /a 6
[16/3/2016 7:16:23] /a 8
[16/3/2016 7:16:25] /a 8
[16/3/2016 7:16:32] /a 5
[16/3/2016 7:16:33] /a 5
[16/3/2016 7:16:34] /a 5
[16/3/2016 7:16:34] /a 5
[16/3/2016 7:16:35] /a 5
[16/3/2016 7:16:35] /a 5
[16/3/2016 7:16:36] /a 5
[16/3/2016 7:16:37] /a 5
[16/3/2016 7:16:38] /a 5
[16/3/2016 7:16:38] /a 5
[16/3/2016 7:16:39] /a 5
[16/3/2016 7:16:39] /a 5
[16/3/2016 7:16:40] /a 5
[16/3/2016 7:16:40] /a 5
[16/3/2016 7:16:41] /a 5
[16/3/2016 7:16:43] /a 5
[16/3/2016 7:16:44] /a 5
[16/3/2016 7:16:46] /a 5
[16/3/2016 7:16:48] /a 5
[16/3/2016 7:16:49] /a 5
[16/3/2016 7:16:50] /a 5
[16/3/2016 7:16:51] /a 5
[16/3/2016 7:16:53] /a 5
[16/3/2016 7:16:54] /a 5
[16/3/2016 7:16:54] /a 5
[16/3/2016 7:16:55] /a 5
[16/3/2016 7:16:56] /a 5
[16/3/2016 7:16:57] /a 5
[16/3/2016 7:16:58] /a 5
[16/3/2016 7:16:59] /a 5
[16/3/2016 7:17:0] /a 5
[16/3/2016 7:17:0] /a 5
[16/3/2016 7:17:1] /a 5
[16/3/2016 7:17:3] /a 5
[16/3/2016 7:17:3] /a 5
[16/3/2016 7:17:4] /a 5
[16/3/2016 7:17:7] /a 5
[16/3/2016 7:17:8] /a 5
[16/3/2016 7:17:8] /a 5
[16/3/2016 7:17:9] /a 5
[16/3/2016 7:17:10] /a 5
[16/3/2016 7:17:11] /a 5
[16/3/2016 7:17:12] /a 5
[16/3/2016 7:17:13] /a 5
[16/3/2016 7:17:14] /a 5
[16/3/2016 7:17:15] /a 5
[16/3/2016 7:17:16] /a 5
[16/3/2016 7:17:17] /a 5
[16/3/2016 7:17:18] /a 5
[16/3/2016 7:17:19] /a 5
[16/3/2016 7:17:19] /a 5
[16/3/2016 7:17:20] /a 5
[16/3/2016 7:17:21] /a 5
[16/3/2016 7:17:22] /a 5
[16/3/2016 7:17:23] /a 5
[16/3/2016 7:17:24] /a 5
[16/3/2016 7:17:25] /a 5
[16/3/2016 7:17:26] /a 5
[16/3/2016 7:25:13] /a 30
[16/3/2016 7:25:16] /a 10
[16/3/2016 7:25:18] /a 5
[16/3/2016 7:25:21] /a 40
[16/3/2016 7:25:23] /a 50
[16/3/2016 7:25:25] /a 10
[16/3/2016 7:25:27] /a 100
[16/3/2016 7:25:30] /a 200
[16/3/2016 7:25:32] /a 300
[16/3/2016 7:25:36] /a 250
[16/3/2016 7:25:48] /a 100
[16/3/2016 7:25:52] /a 100
[16/3/2016 7:25:55] /a 90
[16/3/2016 7:34:1] /ghost
[16/3/2016 7:34:2] /ghost
[16/3/2016 7:36:13] /m rat
[16/3/2016 7:41:32] /b Daew gurizada, qualquer duvida to ai
[16/3/2016 7:43:28] /goto warchazz
[16/3/2016 7:43:53] /goto warchazz
[16/3/2016 7:43:55] /goto warchazz
[16/3/2016 7:44:3] /goto warchazz
[16/3/2016 7:45:33] /a 10
[16/3/2016 7:45:39] /goto warchazz
[16/3/2016 7:45:45] /a 1
[16/3/2016 7:45:50] /a 1
[16/3/2016 7:50:21] /a 5
[16/3/2016 7:50:22] /a 5
[16/3/2016 7:50:27] /a 5
[16/3/2016 7:50:29] /a 5
[16/3/2016 7:50:29] /a 5
[16/3/2016 7:50:30] /a 5
[16/3/2016 7:50:31] /a 5
[16/3/2016 7:50:32] /a 5
[16/3/2016 7:50:33] /a 5
[16/3/2016 7:50:35] /a 5
[16/3/2016 7:50:36] /a 5
[16/3/2016 7:50:40] /a 5
[16/3/2016 7:50:41] /a 5
[16/3/2016 7:50:44] /a 5
[16/3/2016 7:50:45] /a 5
[16/3/2016 7:50:45] /a 5
[16/3/2016 7:50:46] /a 5
[16/3/2016 7:50:47] /a 5
[16/3/2016 7:50:48] /a 5
[16/3/2016 7:50:49] /a 5
[16/3/2016 7:50:50] /a 5
[16/3/2016 7:50:51] /a 5
[16/3/2016 7:50:54] /a 5
[16/3/2016 7:50:55] /a 5
[16/3/2016 7:50:56] /a 5
[16/3/2016 7:50:57] /a 5
[16/3/2016 7:50:58] /a 5
[16/3/2016 7:50:58] /a 5
[16/3/2016 7:50:59] /a 5
[16/3/2016 7:51:1] /a 5
[16/3/2016 7:51:2] /a 5
[16/3/2016 7:51:3] /a 5
[16/3/2016 7:51:5] /a 5
[16/3/2016 7:51:5] /a 5
[16/3/2016 7:51:6] /a 5
[16/3/2016 7:51:7] /a 5
[16/3/2016 7:51:7] /a 5
[16/3/2016 7:51:8] /a 5
[16/3/2016 7:51:9] /a 5
[16/3/2016 7:51:10] /a 5
[16/3/2016 7:51:11] /a 5
[16/3/2016 7:51:12] /a 5
[16/3/2016 7:51:13] /a 5
[16/3/2016 7:51:13] /a 5
[16/3/2016 7:51:15] /a 5
[16/3/2016 7:51:16] /a 5
[16/3/2016 7:51:17] /a 5
[16/3/2016 7:51:17] /a 5
[16/3/2016 7:51:18] /a 5
[16/3/2016 7:51:19] /a 5
[16/3/2016 7:51:20] /a 5
[16/3/2016 7:51:20] /a 5
[16/3/2016 7:51:21] /a 5
[16/3/2016 7:51:28] /a 5
[16/3/2016 7:51:29] /a 5
[16/3/2016 7:51:29] /a 5
[16/3/2016 7:51:30] /a 5
[16/3/2016 7:51:31] /a 5
[16/3/2016 7:51:31] /a 5
[16/3/2016 7:51:32] /a 5
[16/3/2016 7:51:33] /a 5
[16/3/2016 7:51:34] /a 5
[16/3/2016 7:51:34] /a 5
[16/3/2016 7:51:35] /a 5
[16/3/2016 7:51:35] /a 5
[16/3/2016 7:51:37] /a 5
[16/3/2016 7:51:38] /a 5
[16/3/2016 7:51:40] /a 5
[16/3/2016 7:51:44] /a 5
[16/3/2016 7:51:48] /a 5
[16/3/2016 7:51:54] /a 5
[16/3/2016 7:51:55] /a 5
[16/3/2016 7:51:58] /a 30
[16/3/2016 7:52:2] /a 5
[16/3/2016 7:52:3] /a 5
[16/3/2016 7:52:4] /a 5
[16/3/2016 7:52:6] /a 5
[16/3/2016 7:52:8] /a 5
[16/3/2016 7:52:8] /a 5
[16/3/2016 7:52:9] /a 5
[16/3/2016 7:52:10] /a 5
[16/3/2016 7:52:11] /a 5
[16/3/2016 7:52:12] /a 5
[16/3/2016 7:52:13] /a 5
[16/3/2016 7:52:13] /a 5
[16/3/2016 7:52:14] /a 5
[16/3/2016 7:52:14] /a 5
[16/3/2016 7:52:15] /a 5
[16/3/2016 7:52:16] /a 5
[16/3/2016 7:52:16] /a 5
[16/3/2016 7:52:17] /a 5
[16/3/2016 7:52:18] /a 5
[16/3/2016 7:52:18] /a 5
[16/3/2016 7:52:19] /a 5
[16/3/2016 7:52:19] /a 5
[16/3/2016 7:52:20] /a 5
[16/3/2016 7:52:21] /a 5
[16/3/2016 7:52:22] /a 5
[16/3/2016 7:52:24] /a 5
[16/3/2016 7:52:26] /a 5
[16/3/2016 7:52:26] /a 5
[16/3/2016 7:52:27] /a 5
[16/3/2016 7:52:28] /a 5
[16/3/2016 7:52:29] /a 5
[16/3/2016 7:52:29] /a 5
[16/3/2016 7:52:30] /a 5
[16/3/2016 7:52:32] /a 5
[16/3/2016 7:52:32] /a 5
[16/3/2016 7:52:33] /a 5
[16/3/2016 7:52:34] /a 5
[16/3/2016 7:52:40] /a 2
[16/3/2016 7:52:44] /a 2
[16/3/2016 7:52:47] /a 5
[16/3/2016 7:52:47] /a 5
[16/3/2016 7:52:48] /a 5
[16/3/2016 7:52:49] /a 5
[16/3/2016 7:52:52] /a 5
[16/3/2016 7:52:53] /a 5
[16/3/2016 7:52:56] /a 5
[16/3/2016 7:52:56] /a 5
[16/3/2016 7:52:57] /a 5
[16/3/2016 7:52:58] /a 5
[16/3/2016 7:52:59] /a 5
[16/3/2016 7:53:0] /a 5
[16/3/2016 7:53:0] /a 5
[16/3/2016 7:53:1] /a 5
[16/3/2016 7:53:2] /a 5
[16/3/2016 7:53:2] /a 5
[16/3/2016 7:53:3] /a 5
[16/3/2016 7:53:4] /a 5
[16/3/2016 7:53:5] /a 5
[16/3/2016 7:53:5] /a 5
[16/3/2016 7:53:6] /a 5
[16/3/2016 7:53:6] /a 5
[16/3/2016 7:53:8] /a 5
[16/3/2016 7:53:9] /a 5
[16/3/2016 7:53:10] /a 5
[16/3/2016 7:53:10] /a 5
[16/3/2016 7:53:11] /a 5
[16/3/2016 7:53:13] /a 5
[16/3/2016 7:53:14] /a 5
[16/3/2016 7:53:14] /a 5
[16/3/2016 7:53:15] /a 5
[16/3/2016 7:53:16] /a 5
[16/3/2016 7:53:17] /a 5
[16/3/2016 7:53:17] /a 5
[16/3/2016 7:53:19] /a 5
[16/3/2016 7:53:21] /a 5
[16/3/2016 7:53:22] /a 5
[16/3/2016 7:53:23] /a 5
[16/3/2016 7:53:23] /a 5
[16/3/2016 7:53:24] /a 5
[16/3/2016 7:53:25] /a 5
[16/3/2016 7:53:25] /a 5
[16/3/2016 7:53:26] /a 5
[16/3/2016 7:53:27] /a 5
[16/3/2016 7:53:28] /a 5
[16/3/2016 7:53:28] /a 5
[16/3/2016 7:53:29] /a 5
[16/3/2016 7:53:30] /a 5
[16/3/2016 7:53:32] /a 5
[16/3/2016 7:53:33] /a 5
[16/3/2016 7:53:33] /a 5
[16/3/2016 7:53:34] /a 5
[16/3/2016 7:53:35] /a 5
[16/3/2016 7:53:35] /a 5
[16/3/2016 7:53:36] /a 5
[16/3/2016 7:53:37] /a 5
[16/3/2016 7:53:38] /a 5
[16/3/2016 7:53:39] /a 5
[16/3/2016 7:53:40] /a 5
[16/3/2016 7:53:41] /a 5
[16/3/2016 7:53:42] /a 5
[16/3/2016 7:53:42] /a 5
[16/3/2016 7:53:43] /a 5
[16/3/2016 7:53:43] /a 5
[16/3/2016 7:53:44] /a 5
[16/3/2016 7:53:45] /a 5
[16/3/2016 7:53:45] /a 5
[16/3/2016 7:53:46] /a 5
[16/3/2016 7:53:47] /a 5
[16/3/2016 7:53:48] /a 5
[16/3/2016 7:53:49] /a 5
[16/3/2016 7:53:50] /a 5
[16/3/2016 7:53:51] /a 5
[16/3/2016 7:53:54] /a 5
[16/3/2016 7:53:55] /a 5
[16/3/2016 7:53:55] /a 5
[16/3/2016 7:53:56] /a 5
[16/3/2016 7:53:57] /a 5
[16/3/2016 7:53:57] /a 5
[16/3/2016 7:53:58] /a 5
[16/3/2016 7:54:8] /a 1
[16/3/2016 7:54:13] /a 5
[16/3/2016 7:54:14] /a 5
[16/3/2016 7:54:15] /a 5
[16/3/2016 7:54:16] /a 5
[16/3/2016 7:54:17] /a 5
[16/3/2016 7:54:18] /a 5
[16/3/2016 7:54:19] /a 5
[16/3/2016 7:54:20] /a 5
[16/3/2016 7:54:21] /a 5
[16/3/2016 7:54:27] /a 5
[16/3/2016 7:54:29] /a 5
[16/3/2016 7:54:32] /a 5
[16/3/2016 7:54:35] /a 5
[16/3/2016 7:54:36] /a 5
[16/3/2016 7:54:38] /a 5
[16/3/2016 7:54:46] /a 5
[16/3/2016 7:54:47] /a 5
[16/3/2016 7:54:48] /a 5
[16/3/2016 7:54:50] /a 5
[16/3/2016 7:54:52] /a 5
[16/3/2016 7:54:53] /a 5
[16/3/2016 7:55:4] /a 5
[16/3/2016 7:55:13] /a 5
[16/3/2016 7:55:15] /a 5
[16/3/2016 7:55:15] /a 5
[16/3/2016 7:55:37] /a 5
[16/3/2016 7:55:37] /a 5
[16/3/2016 7:55:39] /a 5
[16/3/2016 7:55:41] /a 5
[16/3/2016 7:55:47] /a 5
[16/3/2016 7:55:48] /a 5
[16/3/2016 7:55:53] /a 1
[16/3/2016 7:55:59] /a 5
[16/3/2016 7:56:0] /a 5
[16/3/2016 7:56:1] /a 5
[16/3/2016 7:56:1] /a 5
[16/3/2016 7:56:5] /a 5
[16/3/2016 7:56:5] /a 5
[16/3/2016 7:56:6] /a 5
[16/3/2016 7:56:7] /a 5
[16/3/2016 7:56:8] /a 5
[16/3/2016 7:56:8] /a 5
[16/3/2016 7:56:26] /a 5
[16/3/2016 7:56:33] /a 5
[16/3/2016 7:56:37] /a 5
[16/3/2016 7:56:39] /a 5
[16/3/2016 7:56:42] /a 5
[16/3/2016 7:56:43] /a 5
[16/3/2016 7:56:43] /a 5
[16/3/2016 7:56:44] /a 5
[16/3/2016 7:56:45] /a 5
[16/3/2016 7:56:46] /a 5
[16/3/2016 7:56:48] /a 5
[16/3/2016 7:56:51] /a 5
[16/3/2016 7:57:28] /a 5
[16/3/2016 7:57:45] /a 5
[16/3/2016 7:57:46] /a 5
[16/3/2016 7:57:48] /a 5
[16/3/2016 7:57:48] /a 5
[16/3/2016 7:57:50] /a 5
[16/3/2016 7:57:59] /a 5
[16/3/2016 7:57:59] /a 5
[16/3/2016 7:58:0] /a 5
[16/3/2016 7:58:1] /a 5
[16/3/2016 7:58:2] /a 5
[16/3/2016 7:58:5] /a 5
[16/3/2016 7:58:5] /a 5
[16/3/2016 7:58:8] /a 5
[16/3/2016 7:58:10] /a 5
[16/3/2016 7:58:10] /a 5
[16/3/2016 7:58:11] /a 5
[16/3/2016 7:58:13] /a 5
[16/3/2016 7:58:14] /a 5
[16/3/2016 7:58:14] /a 5
[16/3/2016 7:58:15] /a 5
[16/3/2016 7:58:16] /a 5
[16/3/2016 7:58:16] /a 5
[16/3/2016 7:58:17] /a 5
[16/3/2016 7:58:18] /a 5
[16/3/2016 7:58:18] /a 5
[16/3/2016 7:58:19] /a 5
[16/3/2016 7:58:20] /a 5
[16/3/2016 7:58:21] /a 5
[16/3/2016 7:58:22] /a 5
[16/3/2016 7:58:23] /a 5
[16/3/2016 7:58:26] /a 5
[16/3/2016 7:58:27] /a 5
[16/3/2016 7:58:27] /a 5
[16/3/2016 7:58:28] /a 5
[16/3/2016 7:58:30] /a 5
[16/3/2016 7:58:31] /a 5
[16/3/2016 7:58:32] /a 5
[16/3/2016 7:58:32] /a 5
[16/3/2016 7:58:34] /a 5
[16/3/2016 7:58:34] /a 5
[16/3/2016 7:58:36] /a 5
[16/3/2016 7:58:38] /a 5
[16/3/2016 7:58:39] /a 5
[16/3/2016 7:58:40] /a 5
[16/3/2016 7:58:40] /a 5
[16/3/2016 7:58:41] /a 5
[16/3/2016 7:58:42] /a 5
[16/3/2016 7:58:42] /a 5
[16/3/2016 7:58:43] /a 5
[16/3/2016 7:58:44] /a 5
[16/3/2016 7:58:44] /a 5
[16/3/2016 7:58:45] /a 5
[16/3/2016 7:58:46] /a 5
[16/3/2016 7:58:47] /a 5
[16/3/2016 7:58:47] /a 5
[16/3/2016 7:58:48] /a 5
[16/3/2016 7:58:49] /a 5
[16/3/2016 7:58:51] /a 5
[16/3/2016 7:58:51] /a 5
[16/3/2016 7:58:52] /a 5
[16/3/2016 7:58:53] /a 5
[16/3/2016 7:58:54] /a 5
[16/3/2016 7:58:54] /a 5
[16/3/2016 7:58:55] /a 5
[16/3/2016 7:58:56] /a 5
[16/3/2016 7:58:57] /a 5
[16/3/2016 7:58:57] /a 5
[16/3/2016 7:58:58] /a 5
[16/3/2016 7:59:6] /a 5
[16/3/2016 7:59:16] /a 5
[16/3/2016 7:59:17] /a 5
[16/3/2016 7:59:18] /a 5
[16/3/2016 7:59:21] /a 5
[16/3/2016 7:59:22] /a 5
[16/3/2016 7:59:22] /a 5
[16/3/2016 8:0:12] /a 5
[16/3/2016 8:0:25] /a 5
[16/3/2016 8:0:40] /a 5
[16/3/2016 8:0:50] /a 5
[16/3/2016 8:0:51] /a 5
[16/3/2016 8:0:52] /a 5
[16/3/2016 8:0:53] /a 5
[16/3/2016 8:0:53] /a 5
[16/3/2016 8:0:54] /a 5
[16/3/2016 8:0:55] /a 5
[16/3/2016 8:0:55] /a 5
[16/3/2016 8:0:56] /a 5
[16/3/2016 8:0:57] /a 5
[16/3/2016 8:0:58] /a 5
[16/3/2016 8:0:59] /a 5
[16/3/2016 8:0:59] /a 5
[16/3/2016 8:1:0] /a 5
[16/3/2016 8:1:1] /a 5
[16/3/2016 8:1:1] /a 5
[16/3/2016 8:1:3] /a 5
[16/3/2016 8:1:5] /a 5
[16/3/2016 8:1:5] /a 5
[16/3/2016 8:1:6] /a 5
[16/3/2016 8:1:14] /a 5
[16/3/2016 8:1:15] /a 5
[16/3/2016 8:1:16] /a 5
[16/3/2016 8:1:17] /a 5
[16/3/2016 8:1:17] /a 5
[16/3/2016 8:1:18] /a 5
[16/3/2016 8:1:19] /a 5
[16/3/2016 8:1:19] /a 5
[16/3/2016 8:1:20] /a 5
[16/3/2016 8:1:20] /a 5
[16/3/2016 8:1:21] /a 5
[16/3/2016 8:1:22] /a 5
[16/3/2016 8:1:22] /a 5
[16/3/2016 8:1:23] /a 5
[16/3/2016 8:1:29] /a 5
[16/3/2016 8:1:29] /a 5
[16/3/2016 8:1:30] /a 5
[16/3/2016 8:1:31] /a 5
[16/3/2016 8:1:31] /a 5
[16/3/2016 8:1:32] /a 5
[16/3/2016 8:1:33] /a 5
[16/3/2016 8:1:33] /a 5
[16/3/2016 8:1:34] /a 5
[16/3/2016 8:1:35] /a 5
[16/3/2016 8:1:36] /a 5
[16/3/2016 8:1:37] /a 5
[16/3/2016 8:1:37] /a 5
[16/3/2016 8:1:38] /a 5
[16/3/2016 8:1:39] /a 5
[16/3/2016 8:1:40] /a 5
[16/3/2016 8:1:40] /a 5
[16/3/2016 8:1:41] /a 5
[16/3/2016 8:1:42] /a 5
[16/3/2016 8:1:43] /a 5
[16/3/2016 8:1:43] /a 5
[16/3/2016 8:1:44] /a 5
[16/3/2016 8:1:45] /a 5
[16/3/2016 8:1:46] /a 5
[16/3/2016 8:1:47] /a 5
[16/3/2016 8:1:48] /a 5
[16/3/2016 8:1:48] /a 5
[16/3/2016 8:1:55] /a 5
[16/3/2016 8:1:56] /a 5
[16/3/2016 8:1:57] /a 5
[16/3/2016 8:1:57] /a 5
[16/3/2016 8:1:58] /a 5
[16/3/2016 8:1:59] /a 5
[16/3/2016 8:1:59] /a 5
[16/3/2016 8:2:0] /a 5
[16/3/2016 8:2:0] /a 5
[16/3/2016 8:2:4] /a 5
[16/3/2016 8:2:4] /a 5
[16/3/2016 8:2:5] /a 5
[16/3/2016 8:2:5] /a 5
[16/3/2016 8:2:6] /a 5
[16/3/2016 8:2:7] /a 5
[16/3/2016 8:2:7] /a 5
[16/3/2016 8:2:8] /a 5
[16/3/2016 8:2:9] /a 5
[16/3/2016 8:2:10] /a 5
[16/3/2016 8:2:10] /a 5
[16/3/2016 8:2:11] /a 5
[16/3/2016 8:2:11] /a 5
[16/3/2016 8:2:12] /a 5
[16/3/2016 8:2:13] /a 5
[16/3/2016 8:3:16] /a 5
[16/3/2016 8:3:17] /a 5
[16/3/2016 8:3:18] /a 5
[16/3/2016 8:3:18] /a 5
[16/3/2016 8:3:19] /a 5
[16/3/2016 8:3:20] /a 5
[16/3/2016 8:3:21] /a 5
[16/3/2016 8:3:22] /a 5
[16/3/2016 8:3:23] /a 5
[16/3/2016 8:3:23] /a 5
[16/3/2016 8:3:24] /a 5
[16/3/2016 8:3:24] /a 5
[16/3/2016 8:3:25] /a 5
[16/3/2016 8:3:26] /a 5
[16/3/2016 8:3:27] /a 5
[16/3/2016 8:3:27] /a 5
[16/3/2016 8:3:28] /a 5
[16/3/2016 8:3:29] /a 5
[16/3/2016 8:3:30] /a 5
[16/3/2016 8:3:30] /a 5
[16/3/2016 8:3:31] /a 5
[16/3/2016 8:3:31] /a 5
[16/3/2016 8:3:32] /a 5
[16/3/2016 8:3:33] /a 5
[16/3/2016 8:3:33] /a 5
[16/3/2016 8:3:34] /a 5
[16/3/2016 8:3:34] /a 5
[16/3/2016 8:3:35] /a 5
[16/3/2016 8:3:36] /a 5
[16/3/2016 8:3:37] /a 5
[16/3/2016 8:3:38] /a 5
[16/3/2016 8:3:38] /a 5
[16/3/2016 8:3:39] /a 5
[16/3/2016 8:3:40] /a 5
[16/3/2016 8:3:41] /a 5
[16/3/2016 8:3:41] /a 5
[16/3/2016 8:3:42] /a 5
[16/3/2016 8:3:43] /a 5
[16/3/2016 8:3:44] /a 5
[16/3/2016 8:3:44] /a 5
[16/3/2016 8:3:45] /a 5
[16/3/2016 8:3:45] /a 5
[16/3/2016 8:3:46] /a 5
[16/3/2016 8:3:46] /a 5
[16/3/2016 8:3:47] /a 5
[16/3/2016 8:3:47] /a 5
[16/3/2016 8:3:48] /a 5
[16/3/2016 8:3:49] /a 5
[16/3/2016 8:3:49] /a 5
[16/3/2016 8:3:58] /a 5
[16/3/2016 8:3:58] /a 5
[16/3/2016 8:3:59] /a 5
[16/3/2016 8:4:0] /a 5
[16/3/2016 8:4:1] /a 5
[16/3/2016 8:4:2] /a 5
[16/3/2016 8:4:3] /a 5
[16/3/2016 8:4:3] /a 5
[16/3/2016 8:4:4] /a 5
[16/3/2016 8:4:5] /a 5
[16/3/2016 8:4:6] /a 5
[16/3/2016 8:4:6] /a 5
[16/3/2016 8:4:7] /a 5
[16/3/2016 8:4:12] /a 5
[16/3/2016 8:4:13] /a 5
[16/3/2016 8:4:14] /a 5
[16/3/2016 8:4:15] /a 5
[16/3/2016 8:4:15] /a 5
[16/3/2016 8:4:16] /a 5
[16/3/2016 8:4:17] /a 5
[16/3/2016 8:4:17] /a 5
[16/3/2016 8:4:18] /a 5
[16/3/2016 8:4:21] /a 5
[16/3/2016 8:4:22] /a 5
[16/3/2016 8:4:23] /a 5
[16/3/2016 8:4:24] /a 5
[16/3/2016 8:4:24] /a 5
[16/3/2016 8:4:25] /a 5
[16/3/2016 8:4:25] /a 5
[16/3/2016 8:4:26] /a 5
[16/3/2016 8:4:26] /a 5
[16/3/2016 8:4:27] /a 5
[16/3/2016 8:4:28] /a 5
[16/3/2016 8:4:28] /a 5
[16/3/2016 8:4:30] /a 5
[16/3/2016 8:4:30] /a 5
[16/3/2016 8:4:31] /a 5
[16/3/2016 8:4:32] /a 5
[16/3/2016 8:4:32] /a 5
[16/3/2016 8:4:33] /a 5
[16/3/2016 8:4:33] /a 5
[16/3/2016 8:4:34] /a 5
[16/3/2016 8:4:35] /a 5
[16/3/2016 8:4:35] /a 5
[16/3/2016 8:4:36] /a 5
[16/3/2016 8:4:36] /a 5
[16/3/2016 8:4:37] /a 5
[16/3/2016 8:4:38] /a 5
[16/3/2016 8:4:39] /a 5
[16/3/2016 8:4:40] /a 5
[16/3/2016 8:4:41] /a 5
[16/3/2016 8:4:42] /a 5
[16/3/2016 8:4:42] /a 5
[16/3/2016 8:4:43] /a 5
[16/3/2016 8:4:44] /a 5
[16/3/2016 8:4:45] /a 5
[16/3/2016 8:4:45] /a 5
[16/3/2016 8:4:46] /a 5
[16/3/2016 8:4:47] /a 5
[16/3/2016 8:4:48] /a 5
[16/3/2016 8:4:48] /a 5
[16/3/2016 8:4:49] /a 5
[16/3/2016 8:4:50] /a 5
[16/3/2016 8:4:51] /a 5
[16/3/2016 8:4:51] /a 5
[16/3/2016 8:4:52] /a 5
[16/3/2016 8:4:53] /a 5
[16/3/2016 8:4:54] /a 5
[16/3/2016 8:4:54] /a 5
[16/3/2016 8:4:55] /a 5
[16/3/2016 8:4:56] /a 5
[16/3/2016 8:4:57] /a 5
[16/3/2016 8:4:57] /a 5
[16/3/2016 8:4:58] /a 5
[16/3/2016 8:4:59] /a 5
[16/3/2016 8:5:0] /a 5
[16/3/2016 8:5:1] /a 5
[16/3/2016 8:5:10] /a 5
[16/3/2016 8:5:10] /a 5
[16/3/2016 8:5:11] /a 5
[16/3/2016 8:5:12] /a 5
[16/3/2016 8:5:16] /a 5
[16/3/2016 8:5:17] /a 5
[16/3/2016 8:5:18] /a 5
[16/3/2016 8:6:18] /a 5
[16/3/2016 8:6:19] /a 5
[16/3/2016 8:6:20] /a 5
[16/3/2016 8:6:21] /a 5
[16/3/2016 8:6:22] /a 5
[16/3/2016 8:6:22] /a 5
[16/3/2016 8:6:24] /a 5
[16/3/2016 8:6:25] /a 5
[16/3/2016 8:6:26] /a 5
[16/3/2016 8:6:27] /a 5
[16/3/2016 8:6:27] /a 5
[16/3/2016 8:6:28] /a 5
[16/3/2016 8:6:29] /a 5
[16/3/2016 8:6:30] /a 5
[16/3/2016 8:6:31] /a 5
[16/3/2016 8:6:32] /a 5
[16/3/2016 8:6:33] /a 5
[16/3/2016 8:6:33] /a 5
[16/3/2016 8:6:35] /a 5
[16/3/2016 8:6:35] /a 5
[16/3/2016 8:6:36] /a 5
[16/3/2016 8:6:37] /a 5
[16/3/2016 8:6:38] /a 5
[16/3/2016 8:6:38] /a 5
[16/3/2016 8:6:39] /a 5
[16/3/2016 8:6:39] /a 5
[16/3/2016 8:6:40] /a 5
[16/3/2016 8:6:41] /a 5
[16/3/2016 8:6:42] /a 5
[16/3/2016 8:6:42] /a 5
[16/3/2016 8:6:43] /a 5
[16/3/2016 8:6:44] /a 5
[16/3/2016 8:6:45] /a 5
[16/3/2016 8:6:45] /a 5
[16/3/2016 8:6:52] /a 5
[16/3/2016 8:6:53] /a 5
[16/3/2016 8:6:54] /a 5
[16/3/2016 8:6:54] /a 5
[16/3/2016 8:6:55] /a 5
[16/3/2016 8:6:56] /a 5
[16/3/2016 8:6:57] /a 5
[16/3/2016 8:6:57] /a 5
[16/3/2016 8:6:58] /a 5
[16/3/2016 8:6:59] /a 5
[16/3/2016 8:6:59] /a 5
[16/3/2016 8:7:0] /a 5
[16/3/2016 8:7:0] /a 5
[16/3/2016 8:7:1] /a 5
[16/3/2016 8:7:2] /a 5
[16/3/2016 8:7:6] /a 5
[16/3/2016 8:7:6] /a 5
[16/3/2016 8:7:7] /a 5
[16/3/2016 8:7:8] /a 5
[16/3/2016 8:7:9] /a 5
[16/3/2016 8:7:9] /a 5
[16/3/2016 8:7:12] /a 5
[16/3/2016 8:7:13] /a 5
[16/3/2016 8:7:14] /a 5
[16/3/2016 8:7:14] /a 5
[16/3/2016 8:7:15] /a 5
[16/3/2016 8:7:16] /a 5
[16/3/2016 8:7:18] /a 5
[16/3/2016 8:7:19] /a 5
[16/3/2016 8:7:20] /a 5
[16/3/2016 8:7:20] /a 5
[16/3/2016 8:7:21] /a 5
[16/3/2016 8:7:22] /a 5
[16/3/2016 8:7:22] /a 5
[16/3/2016 8:7:23] /a 5
[16/3/2016 8:7:24] /a 5
[16/3/2016 8:7:25] /a 5
[16/3/2016 8:7:26] /a 5
[16/3/2016 8:7:26] /a 5
[16/3/2016 8:7:27] /a 5
[16/3/2016 8:7:28] /a 5
[16/3/2016 8:7:28] /a 5
[16/3/2016 8:7:29] /a 5
[16/3/2016 8:7:30] /a 5
[16/3/2016 8:7:31] /a 5
[16/3/2016 8:7:32] /a 5
[16/3/2016 8:7:34] /a 10
[16/3/2016 8:7:35] /a 10
[16/3/2016 8:7:35] /a 10
[16/3/2016 8:8:0] /a 10
[16/3/2016 8:8:1] /a 10
[16/3/2016 8:8:2] /a 10
[16/3/2016 8:8:9] /a 10
[16/3/2016 8:8:10] /a 10
[16/3/2016 8:8:23] /a 10
[16/3/2016 8:8:24] /a 10
[16/3/2016 8:8:25] /a 10
[16/3/2016 8:8:26] /a 10
[16/3/2016 8:8:26] /a 10
[16/3/2016 8:8:27] /a 10
[16/3/2016 8:8:27] /a 10
[16/3/2016 8:8:28] /a 10
[16/3/2016 8:8:28] /a 10
[16/3/2016 8:8:32] /a 10
[16/3/2016 8:8:32] /a 10
[16/3/2016 8:8:33] /a 10
[16/3/2016 8:8:33] /a 10
[16/3/2016 8:8:34] /a 10
[16/3/2016 8:8:34] /a 10
[16/3/2016 8:8:35] /a 10
[16/3/2016 8:8:36] /a 10
[16/3/2016 8:8:37] /a 10
[16/3/2016 8:8:37] /a 10
[16/3/2016 8:8:38] /a 10
[16/3/2016 8:8:39] /a 10
[16/3/2016 8:8:39] /a 10
[16/3/2016 8:8:40] /a 10
[16/3/2016 8:8:41] /a 10
[16/3/2016 8:8:47] /a 10
[16/3/2016 8:8:47] /a 10
[16/3/2016 8:8:48] /a 10
[16/3/2016 8:8:49] /a 10
[16/3/2016 8:8:49] /a 10
[16/3/2016 8:8:50] /a 10
[16/3/2016 8:8:50] /a 10
[16/3/2016 8:8:51] /a 10
[16/3/2016 8:8:52] /a 10
[16/3/2016 8:8:53] /a 10
[16/3/2016 8:8:54] /a 10
[16/3/2016 8:8:55] /a 10
[16/3/2016 8:8:59] /a 10
[16/3/2016 8:9:0] /a 10
[16/3/2016 8:9:1] /a 10
[16/3/2016 8:9:2] /a 5
[16/3/2016 8:9:3] /a 5
[16/3/2016 8:9:3] /a 5
[16/3/2016 8:9:4] /a 5
[16/3/2016 8:9:6] /a 5
[16/3/2016 8:9:7] /a 5
[16/3/2016 8:9:8] /a 5
[16/3/2016 8:9:9] /a 5
[16/3/2016 8:9:10] /a 5
[16/3/2016 8:9:11] /a 5
[16/3/2016 8:9:11] /a 5
[16/3/2016 8:9:12] /a 5
[16/3/2016 8:9:13] /a 5
[16/3/2016 8:9:13] /a 5
[16/3/2016 8:9:14] /a 5
[16/3/2016 8:9:15] /a 5
[16/3/2016 8:9:16] /a 5
[16/3/2016 8:9:21] /a 5
[16/3/2016 8:9:21] /a 5
[16/3/2016 8:9:22] /a 5
[16/3/2016 8:9:23] /a 5
[16/3/2016 8:9:26] /a 5
[16/3/2016 8:9:26] /a 5
[16/3/2016 8:9:27] /a 5
[16/3/2016 8:9:28] /a 5
[16/3/2016 8:9:29] /a 5
[16/3/2016 8:9:30] /a 5
[16/3/2016 8:9:32] /a 5
[16/3/2016 8:9:33] /a 5
[16/3/2016 8:9:34] /a 5
[16/3/2016 8:9:38] /a 5
[16/3/2016 8:9:39] /a 5
[16/3/2016 8:9:42] /a 5
[16/3/2016 8:9:43] /a 5
[16/3/2016 8:9:44] /a 10
[16/3/2016 8:9:44] /a 10
[16/3/2016 8:9:45] /a 10
[16/3/2016 8:9:46] /a 10
[16/3/2016 8:9:47] /a 10
[16/3/2016 8:9:48] /a 10
[16/3/2016 8:9:49] /a 10
[16/3/2016 8:10:5] /a 5
[16/3/2016 8:10:6] /a 5
[16/3/2016 8:10:7] /a 5
[16/3/2016 8:10:7] /a 5
[16/3/2016 8:10:8] /a 5
[16/3/2016 8:12:23] /goto [adm] clayton
[16/3/2016 8:12:30] /t
[16/3/2016 8:13:15] /a 2
[16/3/2016 8:13:18] /a 5
[16/3/2016 8:13:20] /a 5
[16/3/2016 8:13:25] /a 5
[16/3/2016 8:13:28] /a 5
[16/3/2016 8:13:29] /a 5
[16/3/2016 8:13:30] /a 5
[16/3/2016 8:13:33] /a 5
[16/3/2016 8:13:34] /a 5
[16/3/2016 8:13:35] /a 5
[16/3/2016 8:13:37] /a 5
[16/3/2016 8:13:38] /a 5
[16/3/2016 8:13:40] /a 5
[16/3/2016 8:13:46] /up
[16/3/2016 8:13:49] /a 5
[16/3/2016 8:13:50] /a 5
[16/3/2016 8:13:51] /a 5
[16/3/2016 8:13:54] /a 5
[16/3/2016 8:13:56] /a 5
[16/3/2016 8:13:56] /a 5
[16/3/2016 8:13:57] /a 5
[16/3/2016 8:13:58] /a 5
[16/3/2016 8:13:59] /a 10
[16/3/2016 8:14:0] /a 5
[16/3/2016 8:14:1] /a 5
[16/3/2016 8:14:1] /a 5
[16/3/2016 8:14:3] /t
[16/3/2016 8:14:13] /a 2
[16/3/2016 8:14:21] /a 5
[16/3/2016 8:14:21] /a 5
[16/3/2016 8:14:22] /a 5
[16/3/2016 8:14:23] /a 5
[16/3/2016 8:14:24] /a 5
[16/3/2016 8:14:24] /a 5
[16/3/2016 8:14:25] /a 5
[16/3/2016 8:14:26] /a 5
[16/3/2016 8:14:29] /a 5
[16/3/2016 8:14:29] /a 5
[16/3/2016 8:14:30] /a 5
[16/3/2016 8:14:31] /a 5
[16/3/2016 8:14:32] /a 5
[16/3/2016 8:14:36] /a 5
[16/3/2016 8:14:37] /a 5
[16/3/2016 8:14:38] /a 5
[16/3/2016 8:14:39] /a 5
[16/3/2016 8:14:40] /a 5
[16/3/2016 8:14:42] /a 5
[16/3/2016 8:14:43] /a 5
[16/3/2016 8:14:45] /a 5
[16/3/2016 8:14:46] /a 5
[16/3/2016 8:14:47] /a 5
[16/3/2016 8:14:48] /a 5
[16/3/2016 8:14:49] /a 5
[16/3/2016 8:15:4] /t
[16/3/2016 8:15:18] /a 10
[16/3/2016 8:15:19] /a 10
[16/3/2016 8:15:20] /a 10
[16/3/2016 8:15:20] /a 5
[16/3/2016 8:15:21] /a 5
[16/3/2016 8:15:22] /a 5
[16/3/2016 8:15:23] /a 5
[16/3/2016 8:15:24] /a 5
[16/3/2016 8:15:25] /a 5
[16/3/2016 8:15:26] /a 5
[16/3/2016 8:15:27] /a 5
[16/3/2016 8:15:28] /a 5
[16/3/2016 8:15:33] /a 10
[16/3/2016 8:15:34] /a 5
[16/3/2016 8:15:36] /a 5
[16/3/2016 8:15:37] /a 5
[16/3/2016 8:15:39] /a 5
[16/3/2016 8:15:40] /a 5
[16/3/2016 8:15:41] /a 5
[16/3/2016 8:15:42] /a 5
[16/3/2016 8:15:43] /a 5
[16/3/2016 8:15:44] /a 5
[16/3/2016 8:15:44] /a 5
[16/3/2016 8:15:45] /a 5
[16/3/2016 8:15:46] /a 5
[16/3/2016 8:15:47] /a 5
[16/3/2016 8:15:49] /a 2
[16/3/2016 8:15:58] /a 
[16/3/2016 8:16:6] /a 
[16/3/2016 8:16:8] /a 2
[16/3/2016 8:16:50] /up
[16/3/2016 8:16:59] /down
[16/3/2016 8:20:41] /ghost
[16/3/2016 8:20:50] /goto toquinha
[16/3/2016 8:21:2] /goto joao viida loka
[16/3/2016 8:21:37] /goto seeu cuca
[16/3/2016 8:21:44] /goto ranca tripa
[16/3/2016 8:21:51] /goto lucatone
[16/3/2016 8:22:23] /goto ziikaduupantano
[16/3/2016 8:23:1] /goto sexy nith
[16/3/2016 8:23:28] /goto kiinazinha
[16/3/2016 8:24:0] /t
[16/3/2016 8:24:15] /goto siinazinha
[16/3/2016 8:24:22] /goto kiinazinha
[16/3/2016 8:25:39] /t
[16/3/2016 8:26:1] /a 3
[16/3/2016 8:26:6] /a 5
[16/3/2016 8:26:8] /a 5
[16/3/2016 8:28:59] /goto [adm] clayton
[16/3/2016 8:35:19] /a 5
[16/3/2016 8:35:20] /a 5
[16/3/2016 8:35:21] /a 5
[16/3/2016 8:35:21] /a 5
[16/3/2016 8:35:22] /a 5
[16/3/2016 8:35:22] /a 5
[16/3/2016 8:35:23] /a 5
[16/3/2016 8:35:25] /a 5
[16/3/2016 8:35:31] /a 5
[16/3/2016 8:35:32] /a 5
[16/3/2016 8:35:34] /a 5
[16/3/2016 8:35:34] /a 5
[16/3/2016 8:35:35] /a 5
[16/3/2016 8:35:36] /a 5
[16/3/2016 8:35:36] /a 5
[16/3/2016 8:35:37] /a 5
[16/3/2016 8:35:37] /a 5
[16/3/2016 8:35:38] /a 5
[16/3/2016 8:35:39] /a 5
[16/3/2016 8:35:39] /a 5
[16/3/2016 8:35:40] /a 5
[16/3/2016 8:35:40] /a 5
[16/3/2016 8:35:41] /a 5
[16/3/2016 8:35:42] /a 5
[16/3/2016 8:35:43] /a 5
[16/3/2016 8:35:44] /a 5
[16/3/2016 8:35:45] /a 5
[16/3/2016 8:35:45] /a 5
[16/3/2016 8:35:46] /a 5
[16/3/2016 8:35:48] /a 5
[16/3/2016 8:35:50] /a 5
[16/3/2016 8:35:50] /a 5
[16/3/2016 8:35:51] /a 5
[16/3/2016 8:35:52] /a 5
[16/3/2016 8:35:53] /a 5
[16/3/2016 8:35:53] /a 5
[16/3/2016 8:35:54] /a 5
[16/3/2016 8:35:55] /a 5
[16/3/2016 8:35:56] /a 5
[16/3/2016 8:35:56] /a 5
[16/3/2016 8:35:57] /a 5
[16/3/2016 8:35:58] /a 5
[16/3/2016 8:35:58] /a 5
[16/3/2016 8:35:59] /a 5
[16/3/2016 8:36:0] /a 5
[16/3/2016 8:36:1] /a 5
[16/3/2016 8:36:4] /a 5
[16/3/2016 8:36:6] /a 5
[16/3/2016 8:36:7] /a 5
[16/3/2016 8:36:8] /a 5
[16/3/2016 8:36:8] /a 5
[16/3/2016 8:36:10] /a 5
[16/3/2016 8:36:11] /a 5
[16/3/2016 8:36:37] /a 5
[16/3/2016 8:36:41] /a 5
[16/3/2016 8:36:44] /a 5
[16/3/2016 8:36:44] /a 5
[16/3/2016 8:36:56] /a 5
[16/3/2016 8:36:56] /a 5
[16/3/2016 8:37:3] /a 10
[16/3/2016 8:37:8] /a 5
[16/3/2016 8:37:11] /a 5
[16/3/2016 8:37:18] /a 5
[16/3/2016 8:37:18] /a 5
[16/3/2016 8:37:19] /a 5
[16/3/2016 8:37:20] /a 5
[16/3/2016 8:37:24] /a 5
[16/3/2016 8:37:25] /a 5
[16/3/2016 8:37:29] /a 5
[16/3/2016 8:37:30] /a 5
[16/3/2016 8:37:31] /a 5
[16/3/2016 8:37:32] /a 5
[16/3/2016 8:37:32] /a 5
[16/3/2016 8:37:34] /a 5
[16/3/2016 8:37:38] /a 5
[16/3/2016 8:37:41] /a 5
[16/3/2016 8:37:42] /a 5
[16/3/2016 8:37:42] /a 5
[16/3/2016 8:37:43] /a 5
[16/3/2016 8:37:46] /a 5
[16/3/2016 8:37:47] /a 5
[16/3/2016 8:37:48] /a 5
[16/3/2016 8:37:49] /a 5
[16/3/2016 8:37:50] /a 5
[16/3/2016 8:37:50] /a 5
[16/3/2016 8:37:53] /a 5
[16/3/2016 8:37:54] /a 5
[16/3/2016 8:37:55] /a 5
[16/3/2016 8:37:56] /a 5
[16/3/2016 8:37:59] /a 5
[16/3/2016 8:37:59] /a 5
[16/3/2016 8:38:1] /a 5
[16/3/2016 8:38:5] /a 5
[16/3/2016 8:38:6] /a 5
[16/3/2016 8:38:7] /a 5
[16/3/2016 8:38:9] /a 5
[16/3/2016 8:39:58] /a 2
[16/3/2016 8:40:2] /a 2
[16/3/2016 8:40:17] /a 10
[16/3/2016 8:40:18] /a 10
[16/3/2016 8:40:29] /a 40
[16/3/2016 8:40:37] /a 50
[16/3/2016 8:40:40] /a 60
[16/3/2016 8:41:28] /a 2
[16/3/2016 8:43:8] /a 10
[16/3/2016 8:43:9] /a 10
[16/3/2016 8:43:9] /a 10
[16/3/2016 8:43:12] /a 100
[16/3/2016 8:43:15] /a 120
[16/3/2016 8:43:21] /a 10
[16/3/2016 8:49:10] /t
[16/3/2016 8:51:58] /b fala GARELAAAAA, precisam de algo?
[16/3/2016 8:53:43] /a 10
[16/3/2016 8:53:44] /a 10
[16/3/2016 8:53:46] /a 10
[16/3/2016 8:53:48] /a 10
[16/3/2016 8:53:49] /a 10
[16/3/2016 8:53:54] /a 10
[16/3/2016 8:53:55] /a 10
[16/3/2016 8:53:55] /a 10
[16/3/2016 8:53:56] /a 10
[16/3/2016 8:53:58] /a 10
[16/3/2016 8:53:59] /a 10
[16/3/2016 8:54:0] /a 10
[16/3/2016 8:54:4] /a 10
[16/3/2016 8:54:5] /a 10
[16/3/2016 8:54:7] /a 10
[16/3/2016 8:54:8] /a 10
[16/3/2016 8:54:9] /a 10
[16/3/2016 8:54:15] /down
[16/3/2016 8:54:17] /a 10
[16/3/2016 8:54:18] /a 10
[16/3/2016 8:54:21] /a 10
[16/3/2016 8:54:22] /a 10
[16/3/2016 8:54:23] /a 10
[16/3/2016 8:54:24] /a 10
[16/3/2016 8:54:28] /a 5
[16/3/2016 8:54:45] /a 10
[16/3/2016 8:54:46] /a 10
[16/3/2016 8:54:47] /a 10
[16/3/2016 8:54:48] /a 10
[16/3/2016 8:54:54] /a 10
[16/3/2016 8:54:57] /a 5
[16/3/2016 8:55:1] /down
[16/3/2016 8:55:7] /a 10
[16/3/2016 8:55:57] /a 5
[16/3/2016 8:55:58] /a 5
[16/3/2016 8:55:59] /a 5
[16/3/2016 8:56:0] /a 5
[16/3/2016 8:56:0] /a 5
[16/3/2016 8:56:5] /a 5
[16/3/2016 8:56:5] /a 5
[16/3/2016 8:56:6] /a 5
[16/3/2016 8:56:7] /a 5
[16/3/2016 8:56:7] /a 5
[16/3/2016 8:56:8] /a 5
[16/3/2016 8:56:8] /a 5
[16/3/2016 8:56:9] /a 5
[16/3/2016 8:56:9] /a 5
[16/3/2016 8:56:11] /a 5
[16/3/2016 8:56:12] /a 5
[16/3/2016 8:56:13] /a 5
[16/3/2016 8:56:13] /a 5
[16/3/2016 8:56:15] /a 5
[16/3/2016 8:56:16] /a 5
[16/3/2016 8:56:19] /a 5
[16/3/2016 8:56:26] /a 5
[16/3/2016 8:56:27] /a 5
[16/3/2016 8:56:28] /a 5
[16/3/2016 8:56:30] /a 5
[16/3/2016 8:56:31] /a 5
[16/3/2016 8:56:31] /a 5
[16/3/2016 8:56:32] /a 5
[16/3/2016 8:56:34] /a 5
[16/3/2016 8:56:36] /a 5
[16/3/2016 8:56:37] /a 5
[16/3/2016 8:56:38] /a 5
[16/3/2016 8:56:39] /a 5
[16/3/2016 8:56:39] /a 5
[16/3/2016 8:56:40] /a 10
[16/3/2016 8:56:41] /a 10
[16/3/2016 8:56:42] /a 10
[16/3/2016 8:56:42] /a 10
[16/3/2016 8:56:43] /a 10
[16/3/2016 8:56:45] /a 5
[16/3/2016 8:56:46] /a 5
[16/3/2016 8:56:47] /a 5
[16/3/2016 8:56:47] /a 5
[16/3/2016 8:56:49] /a 5
[16/3/2016 8:56:50] /a 5
[16/3/2016 9:5:25] /a 3
[16/3/2016 9:5:31] /c warchazz
[16/3/2016 9:11:20] /ghost
[16/3/2016 9:14:6] /a 2
[16/3/2016 9:14:11] /c chili
[16/3/2016 9:17:12] /kick warchazz
[16/3/2016 9:17:25] /kick warchazz
[16/3/2016 9:18:2] /up
[16/3/2016 9:18:8] /t
[16/3/2016 9:19:14] /kick warchazz
[16/3/2016 9:19:22] /a 4
[16/3/2016 9:19:26] /c warchazz
[16/3/2016 9:23:3] /ghost
[16/3/2016 9:23:7] /a 2
[16/3/2016 9:23:12] /c warchazz
[16/3/2016 9:23:15] /c warchazz
[16/3/2016 9:23:18] /c warchazz
[16/3/2016 9:23:21] /c warchazz
[16/3/2016 9:23:23] /c warchazz
[16/3/2016 9:28:39] /goto pvp'in'game
[16/3/2016 9:28:47] /t
[16/3/2016 9:52:1] /ghost
[16/3/2016 9:53:30] /a 10
[16/3/2016 9:53:37] /t
[16/3/2016 9:58:6] /ghost
[16/3/2016 9:59:21] /ghost
[16/3/2016 10:2:37] /up
[16/3/2016 10:6:38] /ghost
[16/3/2016 10:9:37] /ghost
[16/3/2016 10:10:3] /goto chili
[16/3/2016 10:11:19] /t
[16/3/2016 10:11:47] /a 10
[16/3/2016 10:11:48] /a 10
[16/3/2016 10:11:49] /a 5
[16/3/2016 10:11:50] /a 10
[16/3/2016 10:11:51] /a 10
[16/3/2016 10:11:54] /a 10
[16/3/2016 10:11:55] /a 10
[16/3/2016 10:12:1] /a 10
[16/3/2016 10:12:50] /down
[16/3/2016 10:12:51] /down
[16/3/2016 10:13:2] /a 10
[16/3/2016 10:13:4] /a 5
[16/3/2016 10:13:5] /a 5
[16/3/2016 10:13:7] /a 10
[16/3/2016 10:13:10] /up
[16/3/2016 10:13:11] /a 10
[16/3/2016 10:13:13] /a 10
[16/3/2016 10:13:14] /a 10
[16/3/2016 10:13:16] /a 10
[16/3/2016 10:13:26] /down
[16/3/2016 10:13:37] /a 10
[16/3/2016 10:13:37] /a 5
[16/3/2016 10:13:44] /down
[16/3/2016 10:13:48] /a 10
[16/3/2016 10:13:48] /a 10
[16/3/2016 10:13:49] /a 5
[16/3/2016 10:13:54] /a 10
[16/3/2016 10:14:7] /down
[16/3/2016 10:14:10] /a 10
[16/3/2016 10:14:11] /a 10
[16/3/2016 10:14:13] /a 10
[16/3/2016 10:14:13] /a 10
[16/3/2016 10:14:14] /a 10
[16/3/2016 10:14:18] /a 10
[16/3/2016 10:14:19] /a 5
[16/3/2016 10:16:8] /down
[16/3/2016 10:16:11] /up
[16/3/2016 10:16:16] /down
[16/3/2016 10:16:31] /a 10
[16/3/2016 10:16:32] /a 10
[16/3/2016 10:16:33] /a 10
[16/3/2016 10:16:34] /a 10
[16/3/2016 10:16:36] /a 5
[16/3/2016 10:16:41] /up
[16/3/2016 10:16:48] /t
[16/3/2016 10:18:55] /ghost
[16/3/2016 10:21:30] /a 2
[16/3/2016 10:21:34] /up
[16/3/2016 10:21:37] /up
[16/3/2016 10:21:40] /up
[16/3/2016 10:21:44] /a 10
[16/3/2016 10:21:47] /up
[16/3/2016 10:21:57] /a 10
[16/3/2016 10:22:3] /a 10
[16/3/2016 10:22:6] /a 10
[16/3/2016 10:22:9] /a 15
[16/3/2016 10:22:13] /a 10
[16/3/2016 10:22:29] /a 10
[16/3/2016 10:22:31] /a 10
[16/3/2016 10:22:33] /a 10
[16/3/2016 10:22:36] /t
[16/3/2016 10:45:2] /t
[16/3/2016 10:45:9] /ghost
[16/3/2016 10:46:4] /ghost
[16/3/2016 10:46:12] /goto newpp
[16/3/2016 10:46:21] /ghost
[16/3/2016 10:49:44] /a 5
[16/3/2016 10:49:45] /a 5
[16/3/2016 10:49:46] /a 5
[16/3/2016 10:49:52] /a 10
[16/3/2016 10:49:53] /a 10
[16/3/2016 10:49:53] /a 10
[16/3/2016 10:50:0] /a 10
[16/3/2016 10:50:1] /a 10
[16/3/2016 10:50:41] /goto pazuzu
[16/3/2016 10:51:44] /goto pazuzu
[16/3/2016 10:52:9] /up
[16/3/2016 10:52:13] /a 10
[16/3/2016 10:52:15] /a 10
[16/3/2016 10:52:15] /a 10
[16/3/2016 10:52:16] /a 10
[16/3/2016 10:52:16] /a 10
[16/3/2016 10:52:19] /a 10
[16/3/2016 10:52:27] /a 10
[16/3/2016 10:52:29] /a 10
[16/3/2016 10:52:30] /a 10
[16/3/2016 10:52:32] /a 10
[16/3/2016 10:52:32] /a 10
[16/3/2016 10:52:44] /a 10
[16/3/2016 10:52:44] /a 10
[16/3/2016 10:52:45] /a 10
[16/3/2016 10:52:46] /a 10
[16/3/2016 10:52:47] /a 10
[16/3/2016 10:52:48] /a 10
[16/3/2016 10:52:48] /a 10
[16/3/2016 10:52:50] /a 10
[16/3/2016 10:52:51] /a 10
[16/3/2016 10:52:52] /a 10
[16/3/2016 10:53:6] /a 10
[16/3/2016 10:53:8] /a 5
[16/3/2016 10:53:32] /goto apocalypse
[16/3/2016 10:53:48] /goto orshaball
[16/3/2016 10:53:52] /goto orshabaal
[16/3/2016 10:54:3] /a 10
[16/3/2016 10:54:59] /up
[16/3/2016 10:55:1] /a 10
[16/3/2016 10:55:3] /a 10
[16/3/2016 10:55:4] /a 10
[16/3/2016 10:55:8] /a 10
[16/3/2016 10:55:12] /a 10
[16/3/2016 10:55:14] /a 5
[16/3/2016 10:55:14] /a 5
[16/3/2016 10:55:15] /a 5
[16/3/2016 10:55:17] /a 5
[16/3/2016 10:55:18] /a 5
[16/3/2016 10:55:18] /a 5
[16/3/2016 10:55:20] /a 5
[16/3/2016 10:55:21] /a 5
[16/3/2016 10:55:24] /a 5
[16/3/2016 10:55:25] /a 5
[16/3/2016 10:55:26] /a 5
[16/3/2016 10:55:27] /a 5
[16/3/2016 10:55:27] /a 5
[16/3/2016 10:55:28] /a 5
[16/3/2016 10:55:29] /a 5
[16/3/2016 10:55:31] /a 5
[16/3/2016 10:55:32] /a 5
[16/3/2016 10:55:33] /a 5
[16/3/2016 10:55:33] /a 5
[16/3/2016 10:55:34] /a 5
[16/3/2016 10:55:34] /a 5
[16/3/2016 10:55:35] /a 5
[16/3/2016 10:55:36] /a 5
[16/3/2016 10:55:36] /a 5
[16/3/2016 10:55:37] /a 5
[16/3/2016 10:55:37] /a 5
[16/3/2016 10:55:56] /goto ferumbras
[16/3/2016 10:56:10] /a 10
[16/3/2016 10:56:13] /a 10
[16/3/2016 10:56:42] /goto ferumbras
[16/3/2016 10:57:16] /goto infernatil
[16/3/2016 10:57:20] /a 10
[16/3/2016 10:57:23] /a 10
[16/3/2016 10:57:24] /a 5
[16/3/2016 10:57:25] /a 5
[16/3/2016 10:57:26] /a 5
[16/3/2016 10:57:28] /a 5
[16/3/2016 10:57:30] /a 5
[16/3/2016 10:57:36] /a 5
[16/3/2016 10:57:38] /a 5
[16/3/2016 10:57:39] /a 5
[16/3/2016 10:58:3] /t
[16/3/2016 10:59:54] /goto bazir
[16/3/2016 11:0:2] /a 10
[16/3/2016 11:0:3] /a 10
[16/3/2016 11:0:3] /a 10
[16/3/2016 11:0:4] /a 10
[16/3/2016 11:0:18] /a 10
[16/3/2016 11:0:32] /a 5
[16/3/2016 11:0:33] /a 5
[16/3/2016 11:0:34] /a 5
[16/3/2016 11:0:36] /a 5
[16/3/2016 11:0:36] /a 5
[16/3/2016 11:0:38] /a 5
[16/3/2016 11:0:40] /a 5
[16/3/2016 11:0:41] /a 5
[16/3/2016 11:0:42] /a 5
[16/3/2016 11:0:43] /a 5
[16/3/2016 11:0:44] /a 5
[16/3/2016 11:0:45] /a 5
[16/3/2016 11:0:46] /a 5
[16/3/2016 11:0:47] /a 5
[16/3/2016 11:0:47] /a 5
[16/3/2016 11:0:48] /a 5
[16/3/2016 11:0:48] /a 5
[16/3/2016 11:0:49] /a 5
[16/3/2016 11:0:52] /a 5
[16/3/2016 11:0:56] /a 5
[16/3/2016 11:0:57] /a 10
[16/3/2016 11:0:59] /a 10
[16/3/2016 11:1:0] /a 10
[16/3/2016 11:1:1] /a 10
[16/3/2016 11:1:2] /a 5
[16/3/2016 11:1:6] /a 5
[16/3/2016 11:1:8] /a 5
[16/3/2016 11:1:9] /a 5
[16/3/2016 11:1:9] /a 5
[16/3/2016 11:1:15] /a 10
[16/3/2016 11:1:16] /a 10
[16/3/2016 11:1:16] /a 10
[16/3/2016 11:1:17] /a 10
[16/3/2016 11:1:18] /a 10
[16/3/2016 11:1:19] /a 10
[16/3/2016 11:1:20] /a 10
[16/3/2016 11:1:22] /t
[16/3/2016 11:1:48] /goto pumim
[16/3/2016 11:1:59] /goto pumin
[16/3/2016 11:2:11] /goto verminor
[16/3/2016 11:7:15] /goto bug xp
[16/3/2016 11:11:23] /goto gnomevil
[16/3/2016 11:13:33] /goto devovorga
[16/3/2016 11:14:20] /c warchazz
[16/3/2016 11:17:19] /a 10
[16/3/2016 11:17:20] /a 10
[16/3/2016 11:17:20] /a 10
[16/3/2016 11:17:21] /a 10
[16/3/2016 11:17:25] /a 10
[16/3/2016 11:17:27] /a 10
[16/3/2016 11:17:30] /a 10
[16/3/2016 11:17:57] /a 10
[16/3/2016 11:17:58] /a 10
[16/3/2016 11:18:0] /t
[16/3/2016 11:18:6] /goto ferumbras
[16/3/2016 11:18:17] /up
[16/3/2016 11:18:19] /up
[16/3/2016 11:18:21] /a 10
[16/3/2016 11:18:23] /a 10
[16/3/2016 11:18:27] /down
[16/3/2016 11:18:33] /down
[16/3/2016 11:18:35] /up
[16/3/2016 11:18:40] /up
[16/3/2016 11:23:50] /goto Gaz'Haragot
[16/3/2016 11:23:53] /t
[16/3/2016 11:24:37] /goto zuralurk
[16/3/2016 11:24:46] /goto morgaroth
[16/3/2016 11:24:50] /t
[16/3/2016 11:28:8] /goto Ferumbras Mortal Shell	
[16/3/2016 11:28:11] /goto Ferumbras Mortal Shell
[16/3/2016 11:28:21] /goto orshabaal
[16/3/2016 11:28:34] /m Ferumbras Mortal Shell
[16/3/2016 11:28:35] /m Ferumbras Mortal Shell
[16/3/2016 11:29:12] /up
[16/3/2016 11:29:14] /up
[16/3/2016 11:29:20] /up
[16/3/2016 11:29:22] /t
[16/3/2016 11:32:9] /up
[16/3/2016 11:32:35] /ghost
[16/3/2016 11:33:57] /t
[16/3/2016 11:34:12] /a 10
[16/3/2016 11:34:13] /a 10
[16/3/2016 11:34:14] /a 10
[16/3/2016 11:34:15] /a 10
[16/3/2016 11:34:15] /a 10
[16/3/2016 11:34:16] /a 10
[16/3/2016 11:34:17] /a 10
[16/3/2016 11:34:19] /a 10
[16/3/2016 11:34:20] /a 10
[16/3/2016 11:34:21] /a 10
[16/3/2016 11:34:22] /a 10
[16/3/2016 11:34:23] /a 10
[16/3/2016 11:34:24] /a 10
[16/3/2016 11:34:25] /a 10
[16/3/2016 11:34:26] /a 10
[16/3/2016 11:34:27] /a 10
[16/3/2016 11:34:27] /a 10
[16/3/2016 11:34:35] /a 10
[16/3/2016 11:34:36] /a 10
[16/3/2016 11:34:38] /a 10
[16/3/2016 11:34:39] /a 10
[16/3/2016 11:34:42] /a 10
[16/3/2016 11:34:44] /a 10
[16/3/2016 11:34:47] /a 10
[16/3/2016 11:34:49] /a 10
[16/3/2016 11:34:50] /a 10
[16/3/2016 11:34:51] /a 10
[16/3/2016 11:34:51] /a 10
[16/3/2016 11:34:53] /a 10
[16/3/2016 11:34:54] /a 5
[16/3/2016 11:34:56] /a 5
[16/3/2016 11:34:57] /a 5
[16/3/2016 11:34:58] /a 5
[16/3/2016 11:34:59] /a 5
[16/3/2016 11:35:0] /a 5
[16/3/2016 11:35:3] /a 5
[16/3/2016 11:35:4] /a 5
[16/3/2016 11:35:5] /a 5
[16/3/2016 11:35:6] /a 5
[16/3/2016 11:35:8] /a 5
[16/3/2016 11:35:9] /a 5
[16/3/2016 11:35:10] /a 5
[16/3/2016 11:35:13] /a 5
[16/3/2016 11:35:14] /a 5
[16/3/2016 11:35:14] /a 5
[16/3/2016 11:35:15] /a 5
[16/3/2016 11:35:18] /a 5
[16/3/2016 11:35:19] /a 5
[16/3/2016 11:35:21] /a 5
[16/3/2016 15:30:56] /t
[16/3/2016 15:31:0] /a 30
[16/3/2016 15:31:3] /a 30
[16/3/2016 15:31:18] /a 30
[16/3/2016 15:31:20] /a 30
[16/3/2016 15:31:21] /a 30
[16/3/2016 15:31:22] /a 30
[16/3/2016 15:31:23] /a 30
[16/3/2016 15:31:26] /a 30
[16/3/2016 15:31:29] /a 30
[16/3/2016 15:37:40] /c warchazz
[16/3/2016 15:38:32] /c warchazz
[16/3/2016 15:45:51] /t
[16/3/2016 17:27:29] /ghost
[16/3/2016 17:29:55] /goto druid maconheiro
[16/3/2016 17:31:7] /t
[16/3/2016 17:40:46] /t
[16/3/2016 17:41:16] /a 3
[16/3/2016 17:41:45] /goto orshabaal
[16/3/2016 17:49:23] /t
[16/3/2016 17:49:33] /goto [adm] clayton
[16/3/2016 19:14:10] /ghost
[16/3/2016 20:5:30] /t
[16/3/2016 20:6:0] /a 5
[16/3/2016 20:6:6] /a 5
[16/3/2016 20:6:23] /a 2
[16/3/2016 20:6:34] /a 4
[16/3/2016 20:6:42] /t
[16/3/2016 20:8:11] /a 30
[16/3/2016 20:8:27] /a 5
[16/3/2016 20:8:28] /a 5
[16/3/2016 20:8:29] /a 5
[16/3/2016 20:8:29] /a 5
[16/3/2016 20:8:33] /a 5
[16/3/2016 20:8:33] /a 5
[16/3/2016 20:8:34] /a 5
[16/3/2016 20:8:34] /a 5
[16/3/2016 20:8:40] /a 5
[16/3/2016 20:8:41] /a 5
[16/3/2016 20:8:42] /a 5
[16/3/2016 20:8:47] /a 5
[16/3/2016 20:8:48] /a 5
[16/3/2016 20:8:49] /a 5
[16/3/2016 20:8:51] /a 5
[16/3/2016 20:8:51] /a 5
[16/3/2016 20:8:52] /a 5
[16/3/2016 20:8:58] /a 5
[16/3/2016 20:8:59] /a 5
[16/3/2016 20:9:0] /a 5
[16/3/2016 20:9:1] /a 5
[16/3/2016 20:9:2] /a 5
[16/3/2016 20:9:3] /a 5
[16/3/2016 20:9:4] /a 5
[16/3/2016 20:9:5] /a 5
[16/3/2016 20:9:15] /a 5
[16/3/2016 20:10:17] /a 5
[16/3/2016 20:10:30] /t
[16/3/2016 20:10:44] /a 5
[16/3/2016 20:10:45] /a 5
[16/3/2016 20:10:49] /a 5
[16/3/2016 20:10:50] /a 5
[16/3/2016 20:10:55] /a 5
[16/3/2016 20:10:55] /a 5
[16/3/2016 20:10:56] /a 5
[16/3/2016 20:11:0] /a 5
[16/3/2016 20:11:1] /a 5
[16/3/2016 20:11:1] /a 5
[16/3/2016 20:11:2] /a 5
[16/3/2016 20:11:4] /a 5
[16/3/2016 20:11:5] /a 5
[16/3/2016 20:11:10] /a 5
[16/3/2016 20:11:10] /a 5
[16/3/2016 20:11:11] /a 5
[16/3/2016 20:11:16] /a 5
[16/3/2016 20:11:17] /a 5
[16/3/2016 20:11:20] /a 5
[16/3/2016 20:11:20] /a 5
[16/3/2016 20:11:25] /a 5
[16/3/2016 20:11:26] /a 5
[16/3/2016 20:11:26] /a 5
[16/3/2016 20:11:32] /a 5
[16/3/2016 20:11:32] /a 5
[16/3/2016 20:11:34] /a 5
[16/3/2016 20:11:35] /a 5
[16/3/2016 20:11:37] /t
[16/3/2016 20:12:7] /a 5
[16/3/2016 20:12:7] /a 5
[16/3/2016 20:13:23] /a 5
[16/3/2016 20:13:35] /a 5
[16/3/2016 20:13:37] /a 5
[16/3/2016 20:13:49] /a 5
[16/3/2016 20:13:54] /a 5
[16/3/2016 20:13:55] /a 5
[16/3/2016 20:14:0] /a 5
[16/3/2016 20:14:1] /a 5
[16/3/2016 20:14:4] /a 5
[16/3/2016 20:14:7] /a 5
[16/3/2016 20:14:12] /a 5
[16/3/2016 20:14:15] /a 5
[16/3/2016 20:14:23] /a 5
[16/3/2016 20:14:24] /a 5
[16/3/2016 20:14:32] /a 5
[16/3/2016 20:14:33] /a 5
[16/3/2016 20:14:37] /a 5
[16/3/2016 20:14:38] /a 5
[16/3/2016 20:14:42] /a 5
[16/3/2016 20:14:45] /a 5
[16/3/2016 20:14:48] /a 5
[16/3/2016 20:14:49] /a 5
[16/3/2016 20:14:53] /a 5
[16/3/2016 20:14:54] /a 5
[16/3/2016 20:15:1] /a 5
[16/3/2016 20:15:4] /a 5
[16/3/2016 20:15:5] /a 5
[16/3/2016 20:15:6] /a 5
[16/3/2016 20:15:8] /a 5
[16/3/2016 20:15:20] /a 5
[16/3/2016 20:15:21] /a 5
[16/3/2016 20:15:27] /a 5
[16/3/2016 20:15:34] /a 5
[16/3/2016 20:15:39] /a 5
[16/3/2016 20:15:40] /a 5
[16/3/2016 20:15:45] /a 5
[16/3/2016 20:15:46] /a 5
[16/3/2016 20:16:20] /a 5
[16/3/2016 20:16:21] /a 5
[16/3/2016 20:16:22] /a 5
[16/3/2016 20:16:25] /a 5
[16/3/2016 20:16:25] /a 5
[16/3/2016 20:16:27] /a 5
[16/3/2016 20:16:31] /a 5
[16/3/2016 20:16:33] /a 5
[16/3/2016 20:16:35] /a 5
[16/3/2016 20:16:44] /a 5
[16/3/2016 20:17:24] /a 5
[16/3/2016 20:17:33] /a 5
[16/3/2016 20:17:33] /a 5
[16/3/2016 20:18:59] /a 5
[16/3/2016 20:19:1] /a 5
[16/3/2016 20:19:2] /a 5
[16/3/2016 20:19:5] /a 5
[16/3/2016 20:19:6] /a 5
[16/3/2016 20:19:20] /a 5
[16/3/2016 20:19:21] /a 5
[16/3/2016 20:19:22] /a 5
[16/3/2016 20:19:22] /a 5
[16/3/2016 20:19:24] /a 5
[16/3/2016 20:19:25] /a 5
[16/3/2016 20:19:26] /a 5
[16/3/2016 20:19:27] /a 5
[16/3/2016 20:19:28] /a 5
[16/3/2016 20:19:28] /a 5
[16/3/2016 20:19:30] /a 5
[16/3/2016 20:19:31] /a 5
[16/3/2016 20:19:35] /a 5
[16/3/2016 20:19:40] /a 5
[16/3/2016 20:19:46] /a 5
[16/3/2016 20:19:49] /a 5
[16/3/2016 20:20:1] /a 5
[16/3/2016 20:20:36] /a 5
[16/3/2016 20:20:49] /a 5
[16/3/2016 20:21:10] /a 5
[16/3/2016 20:21:33] /goto orshbaal
[16/3/2016 20:21:46] /goto orshabaal
[16/3/2016 20:21:52] /a 5
[16/3/2016 20:22:14] /a 5
[16/3/2016 20:22:18] /a 5
[16/3/2016 20:22:19] /a 5
[16/3/2016 20:22:19] /a 5
[16/3/2016 20:22:21] /a 5
[16/3/2016 20:22:22] /a 5
[16/3/2016 20:22:23] /a 5
[16/3/2016 20:22:25] /a 5
[16/3/2016 20:22:27] /a 5
[16/3/2016 20:22:28] /a 5
[16/3/2016 20:22:30] /a 5
[16/3/2016 20:22:36] /a 5
[16/3/2016 20:22:42] /a 5
[16/3/2016 20:22:46] /a 5
[16/3/2016 20:22:46] /a 5
[16/3/2016 20:22:47] /a 5
[16/3/2016 20:22:48] /a 5
[16/3/2016 20:22:49] /a 5
[16/3/2016 20:22:50] /a 5
[16/3/2016 20:22:50] /a 5
[16/3/2016 20:22:51] /a 5
[16/3/2016 20:22:52] /a 5
[16/3/2016 20:22:52] /a 5
[16/3/2016 20:22:54] /a 5
[16/3/2016 20:22:55] /a 5
[16/3/2016 20:22:57] /a 5
[16/3/2016 20:22:58] /a 5
[16/3/2016 20:22:59] /a 5
[16/3/2016 20:23:0] /a 5
[16/3/2016 20:23:1] /a 5
[16/3/2016 20:23:4] /a 5
[16/3/2016 20:23:4] /a 5
[16/3/2016 20:23:5] /a 5
[16/3/2016 20:23:6] /a 5
[16/3/2016 20:23:7] /a 5
[16/3/2016 20:23:8] /a 5
[16/3/2016 20:23:9] /a 5
[16/3/2016 20:23:10] /a 5
[16/3/2016 20:23:11] /a 5
[16/3/2016 20:23:11] /a 5
[16/3/2016 20:23:12] /a 5
[16/3/2016 20:23:13] /a 5
[16/3/2016 20:23:14] /a 5
[16/3/2016 20:23:15] /a 5
[16/3/2016 20:23:16] /a 5
[16/3/2016 20:23:16] /a 5
[16/3/2016 20:23:34] /a 5
[16/3/2016 20:23:35] /a 5
[16/3/2016 20:23:37] /a 5
[16/3/2016 20:23:38] /a 5
[16/3/2016 20:23:38] /a 5
[16/3/2016 20:23:40] /a 5
[16/3/2016 20:23:41] /a 5
[16/3/2016 20:23:42] /a 5
[16/3/2016 20:23:43] /a 5
[16/3/2016 20:23:44] /a 5
[16/3/2016 20:23:45] /a 5
[16/3/2016 20:23:46] /a 5
[16/3/2016 20:23:49] /a 5
[16/3/2016 20:23:51] /a 5
[16/3/2016 20:23:51] /a 5
[16/3/2016 20:23:56] /a 5
[16/3/2016 20:25:17] /up
[16/3/2016 20:27:47] /t
[16/3/2016 20:36:38] /up
[16/3/2016 20:43:14] /b precisam de algo, logo estou saindo
[17/3/2016 3:54:5] /b Boa noite GARELAAA
[17/3/2016 3:58:17] /a 30
[17/3/2016 3:58:21] /a 30
[17/3/2016 3:59:18] /a 10
[17/3/2016 3:59:19] /a 30
[17/3/2016 3:59:27] /down
[17/3/2016 3:59:40] /a 30
[17/3/2016 4:0:24] /t
[17/3/2016 4:2:7] /t warchazz
[17/3/2016 4:2:11] /c warchazz
[17/3/2016 4:2:14] /t
[17/3/2016 4:30:14] /a 2
[17/3/2016 5:30:34] /a 30
[17/3/2016 5:31:2] /up
[17/3/2016 5:32:24] /a 30
[17/3/2016 5:32:48] /a 30
[17/3/2016 5:32:59] /a 30
[17/3/2016 5:33:52] /t
[17/3/2016 5:34:14] /a 3
[17/3/2016 5:35:5] /a 30
[17/3/2016 5:35:7] /a 30
[17/3/2016 5:35:8] /a 30
[17/3/2016 5:35:10] /a 30
[17/3/2016 5:35:11] /a 30
[17/3/2016 5:35:13] /a 30
[17/3/2016 5:35:14] /a 30
[17/3/2016 5:35:15] /a 30
[17/3/2016 5:35:16] /a 30
[17/3/2016 5:35:17] /a 30
[17/3/2016 5:35:20] /a 30
[17/3/2016 5:35:29] /a 5
[17/3/2016 5:35:30] /a 5
[17/3/2016 5:35:31] /a 5
[17/3/2016 5:35:32] /a 5
[17/3/2016 5:35:33] /a 5
[17/3/2016 5:35:35] /a 5
[17/3/2016 5:35:36] /a 5
[17/3/2016 5:35:37] /a 5
[17/3/2016 5:35:37] /a 5
[17/3/2016 5:35:42] /a 5
[17/3/2016 5:35:43] /a 5
[17/3/2016 5:35:43] /a 5
[17/3/2016 5:35:44] /a 5
[17/3/2016 5:35:45] /a 5
[17/3/2016 5:35:45] /a 5
[17/3/2016 5:35:46] /a 5
[17/3/2016 5:35:46] /a 5
[17/3/2016 5:35:47] /a 5
[17/3/2016 5:35:48] /a 5
[17/3/2016 5:35:48] /a 5
[17/3/2016 5:36:13] /a 5
[17/3/2016 5:36:16] /a 5
[17/3/2016 5:36:17] /a 5
[17/3/2016 5:36:18] /a 5
[17/3/2016 5:36:19] /a 5
[17/3/2016 5:36:20] /a 5
[17/3/2016 5:36:22] /a 5
[17/3/2016 5:43:26] /goto [adm] clayton
[17/3/2016 5:50:22] /goto druid maconheiro
[17/3/2016 6:16:16] /a 5
[17/3/2016 6:16:28] /a 5
[17/3/2016 6:16:29] /a 5
[17/3/2016 6:16:29] /a 5
[17/3/2016 6:16:30] /a 5
[17/3/2016 6:16:31] /a 5
[17/3/2016 6:16:32] /a 5
[17/3/2016 6:16:33] /a 5
[17/3/2016 6:16:34] /a 5
[17/3/2016 6:16:36] /a 5
[17/3/2016 6:16:40] /a 5
[17/3/2016 6:16:48] /a 5
[17/3/2016 6:16:48] /a 5
[17/3/2016 6:17:3] /goto
[17/3/2016 6:17:8] /ghost
[17/3/2016 6:17:11] /a 5
[17/3/2016 6:17:41] /a 5
[17/3/2016 6:18:39] /a 5
[17/3/2016 6:18:42] /a 1
[17/3/2016 6:18:44] /a 2
[17/3/2016 6:18:54] /a 3
[17/3/2016 6:18:56] /a 3
[17/3/2016 6:19:16] /a 3
[17/3/2016 6:19:20] /a 3
[17/3/2016 6:19:22] /a 3
[17/3/2016 6:19:25] /a 3
[17/3/2016 6:19:28] /a 3
[17/3/2016 6:19:32] /a 3
[17/3/2016 6:19:41] /a 3
[17/3/2016 6:19:43] /a 3
[17/3/2016 6:20:19] /a 3
[17/3/2016 6:20:23] /a 3
[17/3/2016 6:20:25] /a 3
[17/3/2016 6:20:26] /a 3
[17/3/2016 6:20:26] /a 3
[17/3/2016 6:20:32] /a 30
[17/3/2016 6:20:36] /goto orshabaal
[17/3/2016 6:20:39] /a 3
[17/3/2016 6:20:40] /a 3
[17/3/2016 6:20:43] /up
[17/3/2016 6:20:46] /up
[17/3/2016 6:20:48] /up
[17/3/2016 6:22:5] /a 3
[17/3/2016 6:22:6] /a 3
[17/3/2016 6:22:7] /a 3
[17/3/2016 6:22:8] /a 3
[17/3/2016 6:22:9] /a 3
[17/3/2016 6:22:11] /a 3
[17/3/2016 6:22:12] /a 3
[17/3/2016 6:22:14] /a 3
[17/3/2016 6:22:16] /a 3
[17/3/2016 6:23:29] /a 3
[17/3/2016 6:23:32] /a 3
[17/3/2016 6:23:35] /a 3
[17/3/2016 6:23:37] /a 3
[17/3/2016 6:23:38] /a 3
[17/3/2016 6:23:39] /a 3
[17/3/2016 6:23:40] /a 3
[17/3/2016 6:23:41] /a 3
[17/3/2016 6:23:43] /a 3
[17/3/2016 6:23:44] /a 3
[17/3/2016 6:23:44] /a 3
[17/3/2016 6:23:45] /a 3
[17/3/2016 6:23:46] /a 3
[17/3/2016 6:23:47] /a 3
[17/3/2016 6:23:48] /a 3
[17/3/2016 6:23:49] /a 3
[17/3/2016 6:23:50] /a 3
[17/3/2016 6:23:51] /a 3
[17/3/2016 6:23:51] /a 3
[17/3/2016 6:23:52] /a 3
[17/3/2016 6:23:53] /a 3
[17/3/2016 6:23:54] /a 3
[17/3/2016 6:23:55] /a 3
[17/3/2016 6:23:57] /a 3
[17/3/2016 6:23:58] /a 3
[17/3/2016 6:24:0] /a 3
[17/3/2016 6:24:1] /a 3
[17/3/2016 6:24:1] /a 3
[17/3/2016 6:24:2] /a 3
[17/3/2016 6:24:3] /a 3
[17/3/2016 6:24:4] /a 3
[17/3/2016 6:24:5] /a 3
[17/3/2016 6:24:6] /a 3
[17/3/2016 6:24:8] /a 3
[17/3/2016 6:24:9] /a 3
[17/3/2016 6:25:8] /a 3
[17/3/2016 6:25:9] /a 3
[17/3/2016 6:25:10] /a 3
[17/3/2016 6:25:12] /a 3
[17/3/2016 6:25:14] /a 3
[17/3/2016 6:25:14] /a 3
[17/3/2016 6:25:16] /a 3
[17/3/2016 6:25:17] /a 3
[17/3/2016 6:25:19] /a 3
[17/3/2016 6:25:37] /a 4
[17/3/2016 6:25:39] /a 4
[17/3/2016 6:25:39] /a 4
[17/3/2016 6:25:40] /a 4
[17/3/2016 6:25:41] /a 4
[17/3/2016 6:25:45] /ghost
[17/3/2016 6:38:1] /b Boa Noitiiii kkkkk
[17/3/2016 6:38:2] /t
[17/3/2016 7:15:57] /goto warchazz
[17/3/2016 7:21:37] /t warchazz
[17/3/2016 7:21:53] /goto [adm] clayton
[17/3/2016 7:21:56] /goto [adm] clayton
[17/3/2016 7:22:1] /goto [adm] clayton
[17/3/2016 7:22:1] /goto [adm] clayton
[17/3/2016 7:28:19] /a 3
[17/3/2016 7:28:24] /c warchazz
[17/3/2016 7:28:26] /a 4
[17/3/2016 7:28:27] /a 4
[17/3/2016 7:28:27] /a 4
[17/3/2016 7:28:28] /a 4
[17/3/2016 7:28:29] /a 4
[17/3/2016 7:28:38] /c volverine
[17/3/2016 7:28:48] /c wolverine
[17/3/2016 7:29:27] /c wolverine
[17/3/2016 7:33:39] /goto wolverine
[17/3/2016 7:33:52] /t warchazz
[19/3/2016 22:58:59] /b fala galeraaa, qualquer duvida to ai
[19/3/2016 23:3:24] /ghost
[19/3/2016 23:19:2] /a 2
[19/3/2016 23:43:37] /goto mv healer
[19/3/2016 23:43:54] /up
[19/3/2016 23:43:56] /up
[19/3/2016 23:43:58] /up
[19/3/2016 23:44:0] /up
[19/3/2016 23:44:2] /up
[19/3/2016 23:44:8] /a 30
[19/3/2016 23:44:12] /a 10
[19/3/2016 23:44:22] /down
[19/3/2016 23:44:26] /a 10
[19/3/2016 23:44:28] /a 10
[19/3/2016 23:44:31] /down
[19/3/2016 23:44:34] /down
[19/3/2016 23:44:36] /down
[19/3/2016 23:44:39] /a 10
[19/3/2016 23:44:55] /down
[19/3/2016 23:44:59] /down
[19/3/2016 23:45:9] /down
[19/3/2016 23:45:33] /t
[19/3/2016 23:45:48] /a 2
[19/3/2016 23:45:53] /a 2
[19/3/2016 23:49:34] /up
[19/3/2016 23:49:47] /a 3
[19/3/2016 23:50:35] /goto mv healer
[19/3/2016 23:51:35] /t
[19/3/2016 23:53:6] /a 2
[19/3/2016 23:53:11] /a 20
[19/3/2016 23:53:24] /a 30
[19/3/2016 23:53:26] /a 31
[19/3/2016 23:53:30] /a 40
[19/3/2016 23:53:33] /t
[19/3/2016 23:55:0] /b GaREEEElaa, se precisarem de algo to aqui pra ajudar vcs
[20/3/2016 0:54:50] /b galera, alguma duvida estou aqui para sanar. (NAO DOU NENHUM TIPO DE BENEFICIO A NINGUEM)
[20/3/2016 0:56:31] /goto mc healer
[20/3/2016 0:56:38] /goto mv healer
[20/3/2016 0:57:0] /a 10
[20/3/2016 0:57:3] /a 20
[20/3/2016 0:57:8] /a 15
[20/3/2016 0:57:13] /a 7
[20/3/2016 0:57:31] /t
[20/3/2016 0:57:47] /goto warchazz
[20/3/2016 0:57:52] /kick
[20/3/2016 0:58:11] /ghost
[20/3/2016 0:58:13] /kick
[20/3/2016 0:58:15] /kick
[20/3/2016 0:58:31] /kick warchazz
[20/3/2016 0:58:56] /t
[20/3/2016 1:4:44] /a 2
[20/3/2016 1:4:50] /a 2
[20/3/2016 1:5:0] /a 2
[20/3/2016 1:5:6] /a 2
[20/3/2016 1:5:10] /t
[20/3/2016 1:7:26] /a 
[20/3/2016 1:7:36] /a 3
[20/3/2016 1:7:55] /a 5
[20/3/2016 1:8:1] /a 30
[20/3/2016 1:8:14] /a 20
[20/3/2016 1:8:16] /a 10
[20/3/2016 1:8:19] /a 50
[20/3/2016 1:8:24] /a 10
[20/3/2016 1:8:27] /a 200
[20/3/2016 1:8:49] /t
[20/3/2016 1:13:26] /a 20
[20/3/2016 1:13:41] /a 4
[20/3/2016 1:13:42] /a 4
[20/3/2016 1:13:42] /a 4
[20/3/2016 1:13:43] /a 4
[20/3/2016 1:13:44] /a 4
[20/3/2016 1:13:44] /a 4
[20/3/2016 1:13:47] /a 4
[20/3/2016 1:13:49] /a 4
[20/3/2016 1:13:49] /a 4
[20/3/2016 1:13:50] /a 4
[20/3/2016 1:13:53] /a 4
[20/3/2016 1:13:55] /a 4
[20/3/2016 1:14:14] /t
[20/3/2016 1:14:16] /t
[20/3/2016 1:15:18] /t
[20/3/2016 1:15:43] /a 2
[20/3/2016 1:20:8] /a 2
[20/3/2016 1:20:57] /a 2
[20/3/2016 1:21:1] /a 4
[20/3/2016 1:21:2] /a 4
[20/3/2016 1:21:6] /a 4
[20/3/2016 1:21:9] /a 4
[20/3/2016 1:21:14] /a 4
[20/3/2016 1:21:15] /a 4
[20/3/2016 1:21:15] /a 4
[20/3/2016 1:21:19] /a 40
[20/3/2016 1:21:22] /a 40
[20/3/2016 1:21:23] /a 40
[20/3/2016 1:21:24] /a 40
[20/3/2016 1:21:25] /a 40
[20/3/2016 1:21:26] /a 40
[20/3/2016 1:21:27] /a 40
[20/3/2016 1:21:30] /a 30
[20/3/2016 1:21:33] /a 30
[20/3/2016 1:21:37] /a 4
[20/3/2016 1:21:41] /a 4
[20/3/2016 1:21:42] /a 4
[20/3/2016 1:21:43] /a 4
[20/3/2016 1:21:44] /a 4
[20/3/2016 1:21:44] /a 4
[20/3/2016 1:21:48] /t
[20/3/2016 1:23:5] /kick mr mero
[20/3/2016 1:23:38] /kick mr mero
[20/3/2016 1:24:8] /kick mr mero
[20/3/2016 1:24:55] /kick mr mero
[20/3/2016 1:25:10] /kick mr mero
[20/3/2016 1:26:42] /a 20
[20/3/2016 1:26:43] /a 4
[20/3/2016 1:26:45] /a 4
[20/3/2016 1:26:46] /a 4
[20/3/2016 1:26:50] /a 4
[20/3/2016 1:26:50] /a 4
[20/3/2016 1:26:51] /a 4
[20/3/2016 1:26:51] /a 4
[20/3/2016 1:26:52] /a 4
[20/3/2016 1:26:54] /a 4
[20/3/2016 1:26:55] /a 4
[20/3/2016 1:26:56] /a 4
[20/3/2016 1:26:57] /a 4
[20/3/2016 1:26:59] /up
[20/3/2016 1:29:5] /t
[20/3/2016 1:29:48] /ghost
[20/3/2016 1:32:12] /a 4
[20/3/2016 1:32:13] /a 4
[20/3/2016 1:32:15] /a 4
[20/3/2016 1:32:15] /a 4
[20/3/2016 1:32:16] /a 4
[20/3/2016 1:32:16] /a 4
[20/3/2016 1:32:17] /a 4
[20/3/2016 1:32:18] /a 4
[20/3/2016 1:32:21] /a 10
[20/3/2016 1:32:30] /a 4
[20/3/2016 1:33:6] /a 4
[20/3/2016 1:33:7] /a 4
[20/3/2016 1:33:9] /a 4
[20/3/2016 1:33:10] /a 4
[20/3/2016 1:33:10] /a 4
[20/3/2016 1:33:12] /a 4
[20/3/2016 1:33:13] /a 4
[20/3/2016 1:33:13] /a 4
[20/3/2016 1:33:16] /a 4
[20/3/2016 1:33:17] /a 4
[20/3/2016 1:33:17] /a 4
[20/3/2016 1:33:18] /a 4
[20/3/2016 1:33:18] /a 4
[20/3/2016 1:33:19] /a 4
[20/3/2016 1:33:19] /a 4
[20/3/2016 1:33:20] /a 4
[20/3/2016 1:33:25] /a 4
[20/3/2016 1:33:25] /a 4
[20/3/2016 1:33:26] /a 4
[20/3/2016 1:33:27] /a 4
[20/3/2016 1:33:27] /a 4
[20/3/2016 1:33:28] /a 4
[20/3/2016 1:33:29] /a 4
[20/3/2016 1:33:43] /t
[20/3/2016 1:33:48] /goto warchazz
[20/3/2016 1:33:55] /ghost
[20/3/2016 1:34:14] /t
[20/3/2016 1:34:19] /ghost
[20/3/2016 1:39:4] /t
[20/3/2016 1:39:9] /up
[20/3/2016 1:41:33] /t
[20/3/2016 1:41:58] /t
[20/3/2016 1:44:25] /t
[20/3/2016 1:44:39] /a 4
[20/3/2016 1:44:43] /a 10
[20/3/2016 1:44:53] /a 10
[20/3/2016 1:44:54] /a 10
[20/3/2016 1:44:55] /a 10
[20/3/2016 1:44:57] /a 10
[20/3/2016 1:45:0] /a 10
[20/3/2016 1:45:1] /a 10
[20/3/2016 1:45:3] /a 10
[20/3/2016 1:45:4] /a 10
[20/3/2016 1:45:5] /a 10
[20/3/2016 1:45:6] /a 10
[20/3/2016 1:45:8] /a 10
[20/3/2016 1:45:19] /c warchazz
[20/3/2016 1:46:9] /a 10
[20/3/2016 1:46:16] /a 4
[20/3/2016 1:46:24] /c warchazz
[20/3/2016 1:47:51] /t warchazz
[20/3/2016 1:48:19] /c warchazz
[20/3/2016 1:48:38] /t
[20/3/2016 1:48:45] /a 2
[20/3/2016 1:48:51] /a 10
[20/3/2016 1:48:53] /a 10
[20/3/2016 1:48:54] /a 10
[20/3/2016 1:48:55] /a 10
[20/3/2016 1:49:2] /c warchazz
[20/3/2016 1:50:31] /t
[20/3/2016 1:51:5] /a 10
[20/3/2016 1:51:8] /a 4
[20/3/2016 1:51:9] /a 4
[20/3/2016 1:51:10] /a 4
[20/3/2016 1:51:41] /b Galera, temos nosso cassino aqui no ot, ao fundo do depot para quem quiser apostar
[20/3/2016 1:51:46] /ghost
[20/3/2016 1:53:35] /t
[20/3/2016 1:55:47] /goto happy
[20/3/2016 1:56:31] /t
[20/3/2016 1:57:17] /t
[20/3/2016 2:0:15] /ghost
[20/3/2016 2:0:48] /t
[20/3/2016 2:1:0] /a 10
[20/3/2016 2:1:3] /a 10
[20/3/2016 2:1:4] /a 10
[20/3/2016 2:1:5] /a 10
[20/3/2016 2:1:6] /a 10
[20/3/2016 2:1:9] /a 10
[20/3/2016 2:1:10] /a 10
[20/3/2016 2:1:11] /a 10
[20/3/2016 2:1:11] /a 10
[20/3/2016 2:1:14] /a 10
[20/3/2016 2:1:15] /a 10
[20/3/2016 2:1:18] /a 10
[20/3/2016 2:1:19] /a 4
[20/3/2016 2:1:20] /a 4
[20/3/2016 2:1:22] /a 4
[20/3/2016 2:1:23] /a 4
[20/3/2016 2:1:24] /a 4
[20/3/2016 2:1:30] /a 10
[20/3/2016 2:1:47] /c warchazz
[20/3/2016 2:2:2] /t
[20/3/2016 2:4:48] /t warchazz
[20/3/2016 2:29:58] /a 10
[20/3/2016 2:30:7] /a 10
[20/3/2016 2:30:9] /a 10
[20/3/2016 2:30:11] /a 10
[20/3/2016 2:30:23] /a 10
[20/3/2016 2:30:28] /a 10
[20/3/2016 2:30:30] /a 10
[20/3/2016 2:30:43] /a 10
[20/3/2016 2:30:49] /a 10
[20/3/2016 2:30:56] /a 10
[20/3/2016 2:31:6] /a 10
[20/3/2016 2:31:14] /a 10
[20/3/2016 2:31:21] /a 10
[20/3/2016 2:31:26] /a 10
[20/3/2016 2:31:35] /a 2
[20/3/2016 2:31:44] /a 5
[20/3/2016 2:31:52] /c warchazz
[20/3/2016 2:32:9] /a 2
[20/3/2016 2:32:16] /c warchazz
[20/3/2016 2:32:23] /t
[20/3/2016 2:32:47] /t
[20/3/2016 2:32:50] /a 10
[20/3/2016 2:32:50] /a 10
[20/3/2016 2:32:51] /a 10
[20/3/2016 2:32:52] /a 10
[20/3/2016 2:32:52] /a 10
[20/3/2016 2:32:53] /a 10
[20/3/2016 2:32:53] /a 10
[20/3/2016 2:32:55] /a 10
[20/3/2016 2:33:2] /a 10
[20/3/2016 2:33:5] /c warchazz
[20/3/2016 2:33:30] /t
[20/3/2016 2:34:4] /a 10
[20/3/2016 2:34:6] /a 10
[20/3/2016 2:34:10] /a 4
[20/3/2016 2:34:11] /a 4
[20/3/2016 2:34:12] /a 4
[20/3/2016 2:34:13] /a 4
[20/3/2016 2:34:15] /a 4
[20/3/2016 2:34:50] /a 4
[20/3/2016 2:34:55] /t
[20/3/2016 2:37:29] /t
[20/3/2016 3:4:19] /a 10
[20/3/2016 3:4:19] /a 10
[20/3/2016 3:4:25] /a 300
[20/3/2016 3:4:28] /a 10
[20/3/2016 3:4:30] /a 10
[20/3/2016 3:4:32] /a 100
[20/3/2016 3:4:34] /a 100
[20/3/2016 3:4:43] /a 10
[20/3/2016 3:4:46] /a 10
[20/3/2016 3:5:28] /c warchazz
[20/3/2016 3:6:14] /t
[20/3/2016 3:32:28] /t
[20/3/2016 3:33:13] /a 10
[20/3/2016 3:33:14] /a 10
[20/3/2016 3:33:16] /a 10
[20/3/2016 3:33:17] /a 10
[20/3/2016 3:33:25] /t
[20/3/2016 3:33:49] /goto mv healer
[20/3/2016 3:33:58] /t
[20/3/2016 3:34:13] /goto mv healer
[20/3/2016 3:34:15] /goto mv healer
[20/3/2016 3:34:18] /t
[20/3/2016 3:35:4] /goto mv healer
[20/3/2016 3:35:32] /goto mv healer
[20/3/2016 3:35:34] /goto mv healer
[20/3/2016 3:35:36] /goto mv healer
[20/3/2016 3:35:38] /goto mv healer
[20/3/2016 3:35:40] /t
[20/3/2016 3:39:20] /goto mv healer
[20/3/2016 3:39:24] /t
[20/3/2016 3:45:52] /goto mv healer
[20/3/2016 3:46:1] /a 10
[20/3/2016 4:28:18] /goto mv healer
[20/3/2016 4:29:39] /t
[20/3/2016 4:30:1] /b alguma ajuda? se no vou ver filme kkk
[20/3/2016 4:30:34] /goto old breno
[20/3/2016 4:30:40] /goto old breno
[20/3/2016 4:31:30] /t
[20/3/2016 4:31:42] /a 10
[20/3/2016 4:31:43] /a 10
[20/3/2016 4:31:45] /a 4
[20/3/2016 4:31:46] /a 4
[20/3/2016 4:31:49] /a 4
[20/3/2016 4:31:50] /a 4
[20/3/2016 4:31:51] /a 4
[20/3/2016 4:31:52] /a 4
[20/3/2016 4:31:53] /a 4
[20/3/2016 4:31:54] /a 4
[20/3/2016 4:31:55] /a 4
[20/3/2016 4:35:10] /goto mc lon
[20/3/2016 4:35:34] /goto old breno
[20/3/2016 4:35:47] /goto old breno
[20/3/2016 4:36:2] /t
[20/3/2016 4:37:3] /a 10
[20/3/2016 4:37:4] /a 10
[20/3/2016 4:37:5] /a 10
[20/3/2016 4:37:8] /a 10
[20/3/2016 4:37:9] /a 10
[20/3/2016 4:37:11] /a 10
[20/3/2016 4:37:13] /a 10
[20/3/2016 4:37:14] /a 10
[20/3/2016 4:37:21] /m vamipire
[20/3/2016 4:37:28] /m vampire
[20/3/2016 4:37:30] /m vampire
[20/3/2016 4:37:57] /a 10
[20/3/2016 4:37:58] /a 10
[20/3/2016 4:38:0] /a 10
[20/3/2016 4:38:11] /a 10
[20/3/2016 4:38:12] /a 10
[20/3/2016 4:38:13] /a 4
[20/3/2016 4:38:33] /m vampire
[20/3/2016 4:38:34] /m vampire
[20/3/2016 4:38:35] /m vampire
[20/3/2016 4:38:36] /m vampire
[20/3/2016 4:38:36] /m vampire
[20/3/2016 4:38:37] /m vampire
[20/3/2016 4:38:37] /m vampire
[20/3/2016 4:38:38] /m vampire
[20/3/2016 4:38:40] /a 4
[20/3/2016 4:38:42] /m vampire
[20/3/2016 4:38:42] /m vampire
[20/3/2016 4:38:43] /m vampire
[20/3/2016 4:38:44] /m vampire
[20/3/2016 4:38:44] /m vampire
[20/3/2016 4:38:45] /m vampire
[20/3/2016 4:38:45] /m vampire
[20/3/2016 4:39:1] /c warchazz
[20/3/2016 4:40:13] /m vampire
[20/3/2016 4:40:14] /m vampire
[20/3/2016 4:40:14] /m vampire
[20/3/2016 4:40:15] /m vampire
[20/3/2016 4:40:16] /m vampire
[20/3/2016 4:40:16] /m vampire
[20/3/2016 4:40:17] /m vampire
[20/3/2016 4:40:17] /m vampire
[20/3/2016 4:40:18] /m vampire
[20/3/2016 4:40:19] /m vampire
[20/3/2016 4:40:19] /m vampire
[20/3/2016 4:40:20] /m vampire
[20/3/2016 4:40:21] /m vampire
[20/3/2016 4:42:7] /t
[20/3/2016 4:43:23] /a 4
[20/3/2016 4:43:27] /a 10
[20/3/2016 4:43:28] /a 10
[20/3/2016 4:43:30] /a 10
[20/3/2016 4:43:40] /a 100
[20/3/2016 4:43:46] /a 150
[20/3/2016 4:43:49] /a 50
[20/3/2016 4:43:52] /a 50
[20/3/2016 4:43:57] /a 30
[20/3/2016 4:44:3] /a 10
[20/3/2016 4:44:8] /c warchazz
[20/3/2016 4:44:13] /t
[20/3/2016 4:45:30] /a 10
[20/3/2016 4:45:31] /a 4
[20/3/2016 4:46:12] /c old breno
[20/3/2016 4:46:31] /t
[20/3/2016 4:46:39] /a 10
[20/3/2016 4:46:40] /a 10
[20/3/2016 4:46:41] /a 10
[20/3/2016 4:46:41] /a 10
[20/3/2016 4:46:42] /a 10
[20/3/2016 4:46:48] /up
[20/3/2016 4:46:53] /t
[20/3/2016 4:50:47] /a 2
[20/3/2016 4:50:59] /c warchazz
[20/3/2016 4:51:30] /t
[20/3/2016 5:1:34] /a 2
[20/3/2016 5:1:38] /c warchazz
[20/3/2016 5:3:11] /a 2
[20/3/2016 5:3:16] /a 2
[20/3/2016 5:3:22] /a 2
[20/3/2016 5:3:27] /a 2
[20/3/2016 5:3:36] /a 4
[20/3/2016 5:3:37] /a 4
[20/3/2016 5:3:38] /a 4
[20/3/2016 5:3:39] /a 4
[20/3/2016 5:3:40] /a 4
[20/3/2016 5:3:40] /a 4
[20/3/2016 5:3:41] /a 4
[20/3/2016 5:3:42] /a 4
[20/3/2016 5:3:42] /a 4
[20/3/2016 5:3:43] /a 4
[20/3/2016 5:3:44] /a 4
[20/3/2016 5:3:45] /a 4
[20/3/2016 5:3:45] /a 4
[20/3/2016 5:3:47] /a 4
[20/3/2016 5:3:47] /a 4
[20/3/2016 5:3:48] /a 4
[20/3/2016 5:3:49] /a 4
[20/3/2016 5:3:50] /a 4
[20/3/2016 5:3:50] /a 4
[20/3/2016 5:3:51] /a 4
[20/3/2016 5:3:53] /a 4
[20/3/2016 5:3:53] /a 4
[20/3/2016 5:3:56] /a 4
[20/3/2016 5:3:57] /a 4
[20/3/2016 5:3:57] /a 4
[20/3/2016 5:3:58] /a 4
[20/3/2016 5:3:59] /a 4
[20/3/2016 5:4:0] /a 4
[20/3/2016 5:4:1] /a 4
[20/3/2016 5:4:1] /a 4
[20/3/2016 5:4:2] /a 4
[20/3/2016 5:4:4] /a 4
[20/3/2016 5:4:5] /a 4
[20/3/2016 5:4:5] /a 4
[20/3/2016 5:4:6] /a 4
[20/3/2016 5:4:7] /a 4
[20/3/2016 5:4:8] /a 4
[20/3/2016 5:4:8] /a 4
[20/3/2016 5:4:9] /a 4
[20/3/2016 5:4:10] /a 4
[20/3/2016 5:4:12] /a 4
[20/3/2016 5:4:12] /a 4
[20/3/2016 5:4:13] /a 4
[20/3/2016 5:4:14] /a 4
[20/3/2016 5:4:14] /a 4
[20/3/2016 5:4:15] /a 4
[20/3/2016 5:4:16] /a 4
[20/3/2016 5:4:17] /a 4
[20/3/2016 5:4:19] /a 4
[20/3/2016 5:4:20] /a 4
[20/3/2016 5:4:21] /a 4
[20/3/2016 5:4:21] /a 4
[20/3/2016 5:4:23] /a 4
[20/3/2016 5:4:23] /a 4
[20/3/2016 5:4:24] /a 4
[20/3/2016 5:4:25] /a 4
[20/3/2016 5:4:29] /a 10
[20/3/2016 5:4:30] /a 10
[20/3/2016 5:4:32] /a 10
[20/3/2016 5:4:34] /a 15
[20/3/2016 5:4:59] /a 4
[20/3/2016 5:5:9] /a 10
[20/3/2016 5:5:12] /a 10
[20/3/2016 5:5:13] /a 10
[20/3/2016 5:5:20] /a 10
[20/3/2016 5:5:25] /a 4
[20/3/2016 5:5:30] /a 10
[20/3/2016 5:8:36] /t warchazz
[20/3/2016 5:11:23] /c warchazz
[20/3/2016 5:11:45] /t
[20/3/2016 5:15:46] /goto mv healer
[20/3/2016 5:16:7] /t
[20/3/2016 5:16:32] /goto mv healer
[20/3/2016 5:16:35] /goto mv healer
[20/3/2016 5:16:37] /goto mv healer
[20/3/2016 5:16:40] /goto mv healer
[20/3/2016 5:16:43] /goto mv healer
[20/3/2016 5:16:48] /goto mv healer
[20/3/2016 5:16:50] /goto mv healer
[20/3/2016 5:16:51] /goto mv healer
[20/3/2016 5:16:53] /goto mv healer
[20/3/2016 5:16:54] /goto mv healer
[20/3/2016 5:16:56] /goto mv healer
[20/3/2016 5:16:58] /goto mv healer
[20/3/2016 5:16:59] /goto mv healer
[20/3/2016 5:17:0] /goto mv healer
[20/3/2016 5:17:2] /goto mv healer
[20/3/2016 5:17:3] /goto mv healer
[20/3/2016 5:17:20] /goto matx
[20/3/2016 5:18:0] /t
[20/3/2016 5:19:12] /t warchazz
[20/3/2016 5:19:54] /a 2
[20/3/2016 5:19:56] /a 2
[20/3/2016 5:20:31] /c warchazz
[20/3/2016 5:20:39] /t
[20/3/2016 5:49:13] /c warchazz
[20/3/2016 5:49:39] /t
[20/3/2016 5:49:53] /a 2
[20/3/2016 5:49:56] /a 2
[20/3/2016 5:50:10] /c warchazz
[20/3/2016 5:50:40] /t warchazz
[20/3/2016 5:51:4] /c warchazz
[20/3/2016 5:51:29] /t
[20/3/2016 6:8:11] /t
[20/3/2016 6:33:5] /t warchazz
[20/3/2016 6:33:44] /a 2
[20/3/2016 6:33:55] /c warchazz
[20/3/2016 6:34:8] /t
[20/3/2016 6:43:34] /b boa noite pessoal. abco!
[20/3/2016 15:31:34] /b Boa Tardee Garelaaaaaaa
[20/3/2016 15:33:12] /t
[20/3/2016 15:41:32] /goto cantora sertaneja
[20/3/2016 15:41:53] /goto toko mw
[20/3/2016 15:42:10] /goto tako mw
[20/3/2016 15:42:28] /goto tako mw
[20/3/2016 15:44:4] /a 4
[20/3/2016 15:44:6] /a 4
[20/3/2016 15:44:23] /goto tako mw
[20/3/2016 15:44:24] /goto tako mw
[20/3/2016 15:44:25] /goto tako mw
[20/3/2016 15:44:27] /goto tako mw
[20/3/2016 15:44:29] /goto tako mw
[20/3/2016 15:44:31] /goto tako mw
[20/3/2016 15:44:34] /goto tako mw
[20/3/2016 15:44:36] /goto tako mw
[20/3/2016 15:44:39] /goto tako mw
[20/3/2016 15:44:41] /goto tako mw
[20/3/2016 15:44:44] /goto tako mw
[20/3/2016 15:44:45] /goto tako mw
[20/3/2016 15:44:49] /goto tako mw
[20/3/2016 15:44:51] /goto tako mw
[20/3/2016 15:44:52] /goto tako mw
[20/3/2016 15:44:54] /goto tako mw
[20/3/2016 15:44:57] /goto tako mw
[20/3/2016 15:44:59] /goto tako mw
[20/3/2016 15:45:0] /goto tako mw
[20/3/2016 15:45:4] /goto tako mw
[20/3/2016 15:45:6] /goto tako mw
[20/3/2016 15:45:7] /goto tako mw
[20/3/2016 15:45:9] /goto tako mw
[20/3/2016 15:45:11] /goto tako mw
[20/3/2016 15:45:12] /goto tako mw
[20/3/2016 15:45:13] /goto tako mw
[20/3/2016 15:45:15] /goto tako mw
[20/3/2016 15:45:16] /goto tako mw
[20/3/2016 15:45:21] /goto tako mw
[20/3/2016 15:45:27] /goto tako mw
[20/3/2016 15:45:30] /goto tako mw
[20/3/2016 15:45:32] /goto tako mw
[20/3/2016 15:45:33] /goto tako mw
[20/3/2016 15:46:12] /goto mv healer
[20/3/2016 15:50:56] /a 3
[20/3/2016 15:51:0] /a 4
[20/3/2016 15:51:4] /a 4
[20/3/2016 15:51:8] /a 4
[20/3/2016 15:51:8] /a 4
[20/3/2016 15:51:9] /a 4
[20/3/2016 15:51:9] /a 4
[20/3/2016 15:51:10] /a 4
[20/3/2016 15:51:11] /a 4
[20/3/2016 15:51:12] /a 4
[20/3/2016 15:51:14] /a 4
[20/3/2016 15:51:15] /a 4
[20/3/2016 15:51:16] /a 4
[20/3/2016 15:51:24] /a 4
[20/3/2016 15:51:25] /a 4
[20/3/2016 15:51:27] /a 4
[20/3/2016 15:51:43] /a 10
[20/3/2016 15:51:44] /a 10
[20/3/2016 15:51:44] /a 10
[20/3/2016 15:51:45] /a 10
[20/3/2016 15:51:46] /a 10
[20/3/2016 15:51:47] /a 10
[20/3/2016 15:51:48] /a 10
[20/3/2016 15:51:49] /a 10
[20/3/2016 15:51:50] /a 10
[20/3/2016 15:51:52] /a 4
[20/3/2016 15:51:52] /a 4
[20/3/2016 15:51:59] /a 10
[20/3/2016 15:52:0] /a 10
[20/3/2016 15:52:1] /a 10
[20/3/2016 15:52:2] /a 10
[20/3/2016 15:52:3] /a 10
[20/3/2016 15:52:5] /a 10
[20/3/2016 15:52:7] /a 10
[20/3/2016 15:52:8] /a 4
[20/3/2016 15:53:39] /a 10
[20/3/2016 15:53:40] /a 10
[20/3/2016 15:53:40] /a 10
[20/3/2016 15:53:43] /a 4
[20/3/2016 15:53:46] /a 4
[20/3/2016 15:53:46] /a 4
[20/3/2016 15:53:48] /a 4
[20/3/2016 15:53:57] /t
[20/3/2016 15:54:57] /a 10
[20/3/2016 15:54:58] /a 10
[20/3/2016 15:54:59] /a 10
[20/3/2016 15:54:59] /a 10
[20/3/2016 15:55:0] /a 10
[20/3/2016 15:55:0] /a 10
[20/3/2016 15:55:1] /a 10
[20/3/2016 15:55:2] /a 10
[20/3/2016 15:55:3] /a 10
[20/3/2016 15:55:11] /down
[20/3/2016 15:56:35] /a 10
[20/3/2016 15:56:35] /a 10
[20/3/2016 15:56:36] /a 10
[20/3/2016 15:58:11] /up
[20/3/2016 15:58:16] /a 4
[20/3/2016 15:58:20] /a 10
[20/3/2016 15:58:24] /t
[20/3/2016 15:59:2] /down
[20/3/2016 15:59:6] /up
[20/3/2016 16:2:33] /up
[20/3/2016 16:2:36] /a 4
[20/3/2016 16:16:44] /c warchazz
[20/3/2016 16:21:36] /t
[20/3/2016 16:21:40] /t
[20/3/2016 16:25:37] /a 30
[20/3/2016 16:25:45] /t
[20/3/2016 16:26:52] /a 10
[20/3/2016 16:27:38] /up
[20/3/2016 16:27:45] /up
[20/3/2016 16:27:51] /down
[20/3/2016 16:28:4] /down
[20/3/2016 16:28:6] /down
[20/3/2016 16:28:11] /a 2
[20/3/2016 16:28:14] /a 2
[20/3/2016 16:28:18] /a 3
[20/3/2016 16:32:16] /up
[20/3/2016 16:38:16] /t warchazz
[20/3/2016 16:39:22] /t
[20/3/2016 16:43:59] /a 50
[20/3/2016 16:44:1] /a 50
[20/3/2016 16:44:11] /c warchazz
[20/3/2016 16:44:13] /t
[20/3/2016 16:45:47] /t
[20/3/2016 16:47:12] /goto dwaziek
[20/3/2016 17:0:41] /t warchazz
[20/3/2016 17:15:52] /t
[20/3/2016 17:21:8] /a 3
[20/3/2016 17:21:17] /a 3
[20/3/2016 17:21:30] /a 4
[20/3/2016 17:21:31] /a 4
[20/3/2016 17:21:36] /a 4
[20/3/2016 17:21:39] /a 3
[20/3/2016 17:21:41] /a 4
[20/3/2016 17:21:43] /a 4
[20/3/2016 17:21:45] /a 4
[20/3/2016 17:21:47] /a 4
[20/3/2016 17:21:48] /a 4
[20/3/2016 17:21:49] /a 4
[20/3/2016 17:21:53] /a 4
[20/3/2016 17:22:10] /a 4
[20/3/2016 17:22:11] /a 4
[20/3/2016 17:22:12] /a 4
[20/3/2016 17:22:13] /a 4
[20/3/2016 17:22:13] /a 4
[20/3/2016 17:22:15] /a 4
[20/3/2016 17:22:16] /a 4
[20/3/2016 17:22:18] /a 4
[20/3/2016 17:22:19] /a 4
[20/3/2016 17:22:19] /a 4
[20/3/2016 17:22:20] /a 4
[20/3/2016 17:22:21] /a 4
[20/3/2016 17:22:21] /a 4
[20/3/2016 17:22:22] /a 4
[20/3/2016 17:22:27] /a 4
[20/3/2016 17:22:30] /t
[20/3/2016 17:28:36] /t
[20/3/2016 17:37:22] /goto bigo
[20/3/2016 17:38:13] /goto bigo
[20/3/2016 17:38:18] /goto bigo
[20/3/2016 17:38:25] /goto bigo
[20/3/2016 17:38:30] /goto  bigo
[20/3/2016 17:42:56] /ghost
[20/3/2016 17:45:4] /ghost
[20/3/2016 17:53:33] /goto mv healer
[20/3/2016 17:55:37] /t
[20/3/2016 17:59:50] /b afk
[20/3/2016 19:33:59] /t warchazz
[20/3/2016 19:37:42] /t
[20/3/2016 19:37:49] /a 40
[20/3/2016 19:43:56] /b voltei galera
[20/3/2016 20:35:55] /goto mv healer
[20/3/2016 20:36:4] /t
[20/3/2016 20:36:16] /a 30
[20/3/2016 20:36:22] /a 20
[20/3/2016 20:36:26] /a 50
[20/3/2016 20:36:29] /a 50
[20/3/2016 20:36:34] /a 20
[20/3/2016 20:36:37] /a 20
[20/3/2016 20:36:38] /a 20
[20/3/2016 20:36:41] /a 20
[20/3/2016 20:37:21] /c warchazz
[20/3/2016 20:37:25] /t
[20/3/2016 20:48:34] /goto don warlock
[20/3/2016 20:49:16] /a 30
[20/3/2016 20:49:20] /a 20
[20/3/2016 20:49:34] /a 20
[20/3/2016 20:50:51] /t don warlock
[20/3/2016 20:50:53] /t
[20/3/2016 20:51:25] /t don warloock
[20/3/2016 20:53:26] /goto mv healer
[20/3/2016 20:54:17] /t
[20/3/2016 20:56:1] /goto mv healer
[20/3/2016 20:56:17] /a 2
[20/3/2016 20:56:22] /t
[20/3/2016 20:56:25] /goto mv healer
[20/3/2016 20:57:40] /t
[20/3/2016 20:59:42] /goto warchaz
[20/3/2016 20:59:43] /goto warchazz
[20/3/2016 20:59:47] /a 4
[20/3/2016 20:59:48] /a 4
[20/3/2016 20:59:49] /a 4
[20/3/2016 20:59:49] /a 4
[20/3/2016 20:59:50] /a 4
[20/3/2016 20:59:52] /a 4
[20/3/2016 20:59:52] /a 4
[20/3/2016 20:59:53] /a 4
[20/3/2016 20:59:54] /a 4
[20/3/2016 20:59:54] /a 4
[20/3/2016 20:59:55] /a 4
[20/3/2016 20:59:57] /up
[20/3/2016 20:59:59] /up
[20/3/2016 21:0:0] /up
[20/3/2016 21:0:2] /up
[20/3/2016 21:0:6] /down
[20/3/2016 21:0:7] /down
[20/3/2016 21:0:23] /goto warchazz
[20/3/2016 21:0:36] /c plebeu engajado
[20/3/2016 21:0:54] /t
[20/3/2016 21:3:24] /goto jooh
[20/3/2016 21:3:33] /t
[20/3/2016 23:38:5] /t warchazz
[20/3/2016 23:40:49] /c warchazz
[20/3/2016 23:40:55] /t
[20/3/2016 23:41:5] /goto mv healer
[20/3/2016 23:41:8] /t
[21/3/2016 0:8:2] /b Lag galera?
[21/3/2016 0:17:53] /b lag galera?
[21/3/2016 0:18:19] /t
[21/3/2016 0:30:31] /a 4
[21/3/2016 0:30:34] /a 4
[21/3/2016 0:30:55] /t
[21/3/2016 0:32:43] /t warchazz
[21/3/2016 0:34:50] /b Galera Mv Healer ta fazendo team pra ir quest do promotion ring lvl 400+
[21/3/2016 0:35:52] /b falem com o mv healer pra quest
[21/3/2016 0:39:9] /b afk
[21/3/2016 0:42:55] /goto mv healer
[21/3/2016 1:1:31] /t
[21/3/2016 1:6:55] /goto mv healer
[21/3/2016 1:9:1] /a 4
[21/3/2016 1:9:7] /goto mv healer
[21/3/2016 1:9:14] /a 4
[21/3/2016 1:9:18] /a 4
[21/3/2016 1:9:19] /a 4
[21/3/2016 1:9:29] /goto mv healer
[21/3/2016 1:10:12] /a 4
[21/3/2016 1:10:15] /a 4
[21/3/2016 1:10:18] /goto mv healer
[21/3/2016 1:12:19] /a 2
[21/3/2016 1:13:45] /a 2
[21/3/2016 1:15:0] /a 4
[21/3/2016 1:15:6] /goto mv healer
[21/3/2016 1:15:10] /a 2
[21/3/2016 1:15:30] /a 2
[21/3/2016 1:15:33] /ghost
[21/3/2016 1:16:0] /ghost
[21/3/2016 1:16:7] /ghost
[21/3/2016 1:16:17] /a 4
[21/3/2016 1:16:22] /a 4
[21/3/2016 1:17:49] /a 2
[21/3/2016 1:18:0] /a 2
[21/3/2016 1:18:12] /a 2
[21/3/2016 1:18:15] /a 2
[21/3/2016 1:19:45] /ghost
[21/3/2016 1:19:55] /ghost
[21/3/2016 1:33:50] /ghost
[21/3/2016 2:29:57] /t
[21/3/2016 2:30:12] /goto mv healer
[21/3/2016 2:30:43] /t
[21/3/2016 3:55:47] /t warchazz
[21/3/2016 10:12:50] /ghost
[21/3/2016 10:15:11] /ghost
[21/3/2016 10:17:21] /goto danyel
[21/3/2016 10:17:24] /goto danyel
[21/3/2016 10:17:59] /t
[21/3/2016 10:52:19] /m demon
[21/3/2016 10:52:40] /ghost
[21/3/2016 10:53:29] /t
[21/3/2016 10:56:24] /a 2
[21/3/2016 11:1:50] /t
[21/3/2016 11:5:2] /up
[21/3/2016 11:5:4] /up
[21/3/2016 11:5:5] /up
[21/3/2016 11:5:14] /down
[21/3/2016 11:5:32] /c warchazz
[21/3/2016 11:7:0] /c warchazz
[21/3/2016 11:9:16] /up
[21/3/2016 11:9:24] /a 4
[21/3/2016 11:9:32] /a 4
[21/3/2016 11:9:35] /a 6
[21/3/2016 11:9:40] /down
[21/3/2016 11:9:43] /down
[21/3/2016 11:9:45] /down
[21/3/2016 11:9:48] /a 10
[21/3/2016 11:9:54] /a 10
[21/3/2016 11:10:3] /a 10
[21/3/2016 11:10:31] /down
[21/3/2016 11:10:34] /down
[21/3/2016 11:10:43] /a 10
[21/3/2016 11:10:47] /a 15
[21/3/2016 11:10:53] /a 5
[21/3/2016 11:11:10] /up
[21/3/2016 11:11:23] /a 10
[21/3/2016 11:11:28] /down
[21/3/2016 11:11:32] /up
[21/3/2016 11:11:35] /down
[21/3/2016 11:11:45] /up
[21/3/2016 11:11:49] /up
[21/3/2016 11:13:40] /a 2
[21/3/2016 11:13:52] /a 7
[21/3/2016 11:13:57] /a 4
[21/3/2016 11:14:0] /a 4
[21/3/2016 11:14:0] /a 4
[21/3/2016 11:14:4] /a 4
[21/3/2016 11:14:5] /a 4
[21/3/2016 11:14:7] /up
[21/3/2016 11:14:9] /t
[21/3/2016 11:15:6] /a 2
[21/3/2016 11:15:18] /down
[21/3/2016 11:15:46] /down
[21/3/2016 18:18:8] /t
[21/3/2016 18:18:17] /a 2
[21/3/2016 18:18:44] /a 2
[21/3/2016 18:18:49] /a 4
[21/3/2016 18:19:0] /t
[21/3/2016 18:24:32] /a 4
[22/3/2016 2:14:9] /a 2
[22/3/2016 2:14:17] /ghost
[22/3/2016 3:50:34] /t
[22/3/2016 3:50:49] /goto [tutor] matheus
[22/3/2016 3:54:2] /goto mv healer
[22/3/2016 3:54:25] /t
[22/3/2016 3:57:42] /t
[22/3/2016 3:58:49] /t
[22/3/2016 4:0:21] /t
[22/3/2016 4:1:15] /a 40
[22/3/2016 4:1:47] /t
[22/3/2016 4:4:42] /a 4
[22/3/2016 4:4:51] /a 4
[22/3/2016 4:4:59] /ghost
[22/3/2016 4:5:43] /ghost
[22/3/2016 4:5:48] /t
[22/3/2016 4:5:52] /t warchazz
[22/3/2016 4:6:46] /goto fingir killer
[22/3/2016 4:11:28] /a 2
[22/3/2016 4:12:35] /a 2
[22/3/2016 4:12:40] /t
[22/3/2016 4:21:51] /a 8
[22/3/2016 4:21:53] /a 10
[22/3/2016 4:21:57] /a 10
[22/3/2016 4:21:59] /a 7
[22/3/2016 4:22:9] /c warchazz
[22/3/2016 4:22:13] /t
[22/3/2016 4:22:28] /goto warchazz
[22/3/2016 4:22:32] /a 5
[22/3/2016 4:22:36] /a 2
[22/3/2016 4:22:41] /c warchazz
[22/3/2016 4:22:49] /a 2
[22/3/2016 4:22:52] /a 6
[22/3/2016 4:23:17] /t warchazz
[22/3/2016 4:23:31] /t
[22/3/2016 4:25:52] /a 10
[22/3/2016 4:25:53] /a 10
[22/3/2016 4:25:56] /a 10
[22/3/2016 4:26:8] /c warchazz
[22/3/2016 4:26:22] /a 10
[22/3/2016 4:27:7] /a 10
[22/3/2016 4:27:11] /t warchazz
[22/3/2016 4:27:16] /t
[22/3/2016 4:27:35] /kick warchazz
[22/3/2016 4:27:44] /kick warchazz
[22/3/2016 4:28:25] /t
[22/3/2016 4:30:2] /t
[22/3/2016 4:30:25] /ghost
[22/3/2016 4:43:28] /a 3
[22/3/2016 4:43:31] /a 4
[22/3/2016 4:46:23] /ghost
[22/3/2016 4:48:13] /t
[22/3/2016 4:52:45] /c warchazz
[22/3/2016 4:53:14] /m dragon lord vip III
[22/3/2016 4:57:15] /t
[22/3/2016 5:3:49] /t
[22/3/2016 5:7:32] /goto feiticeira noel
[22/3/2016 5:8:13] /goto Papainoel All Byrelo
[22/3/2016 5:8:47] /goto Papainoel The King 
[22/3/2016 5:10:1] /t
[22/3/2016 5:11:43] /a 3
[22/3/2016 5:11:46] /a 3
[22/3/2016 5:11:49] /a 3
[22/3/2016 5:12:51] /a 6
[22/3/2016 5:13:40] /a 3
[22/3/2016 5:13:42] /a 3
[22/3/2016 5:13:44] /up
[22/3/2016 5:15:16] /up
[22/3/2016 5:15:17] /up
[22/3/2016 5:15:18] /up
[22/3/2016 5:15:19] /up
[22/3/2016 5:15:20] /up
[22/3/2016 5:16:11] /t
[22/3/2016 5:16:21] /goto [adm] clayton
[22/3/2016 5:16:35] /ghost
[22/3/2016 5:18:27] /a 3
[22/3/2016 5:18:30] /a 2
[22/3/2016 5:19:26] /a 3
[22/3/2016 5:21:19] /a 6
[22/3/2016 5:21:32] /a  5
[22/3/2016 5:21:41] /t
[22/3/2016 5:22:44] /goto Baiak Zikao De Mais
[22/3/2016 5:22:48] /goto Baiak Zikao De Mais
[22/3/2016 5:22:58] /goto Baiak Zikao De Mais 
[22/3/2016 5:27:55] /b Galera, o ADM ta ocupado, falem o que precisam para mim. Nao concedemos nenhum tipo de beneficio para os players, no adianta insistirem.
[22/3/2016 5:28:42] /t vitin back
[22/3/2016 5:28:55] /t
[22/3/2016 5:29:36] /t
[22/3/2016 5:29:54] /ghost
[22/3/2016 5:30:29] /ghost
[22/3/2016 5:33:35] /b Na boa galera, parem de pedir itens ou qualquer beneficio. Vou comear a banir.
[22/3/2016 5:35:30] /ghost
[22/3/2016 5:37:30] /t
[22/3/2016 5:39:20] /a 3
[22/3/2016 5:39:32] /a 3
[22/3/2016 5:39:35] /a 3
[22/3/2016 5:39:41] /a 3
[22/3/2016 5:39:48] /a 3
[22/3/2016 5:39:55] /a 3
[22/3/2016 5:42:52] /a 8
[22/3/2016 5:42:54] /a 8
[22/3/2016 5:43:27] /a 8
[22/3/2016 5:43:32] /a 8
[22/3/2016 5:43:52] /a 8
[22/3/2016 5:44:53] /c warchazz
[22/3/2016 5:45:2] /t
[22/3/2016 6:4:42] /a 4
[22/3/2016 6:4:45] /a 4
[22/3/2016 6:5:14] /down
[22/3/2016 6:31:45] /ghost
[22/3/2016 6:34:36] /a 8
[22/3/2016 6:34:39] /a 8
[22/3/2016 6:38:6] /ghost
[22/3/2016 6:38:13] /goto Chixcrete Back
[22/3/2016 6:39:0] /goto
[22/3/2016 6:39:5] /t
[22/3/2016 6:42:17] /goto Chixcrete Back
[22/3/2016 6:42:21] /goto Chixcrete Back
[22/3/2016 6:42:23] /t
[22/3/2016 6:44:48] /goto Chixcrete Back
[22/3/2016 6:44:51] /t
[22/3/2016 6:46:30] /goto orshabaal
[22/3/2016 6:46:35] /a 10
[22/3/2016 6:47:27] /a 8
[22/3/2016 6:47:32] /up
[22/3/2016 6:47:34] /up
[22/3/2016 6:47:35] /up
[22/3/2016 6:47:37] /up
[22/3/2016 6:47:45] /t
[22/3/2016 6:48:6] /a 2
[22/3/2016 6:50:55] /t warchazz
[22/3/2016 6:56:56] /kick warchazz
[22/3/2016 6:57:6] /kick warchazz
[22/3/2016 7:1:30] /b Floww galera, to indo nessa
[22/3/2016 7:2:41] /kick kijsh
[22/3/2016 7:2:51] /kick kijjsh
[22/3/2016 7:2:59] /kick kijjsh
[22/3/2016 7:8:41] /ghost
[22/3/2016 7:13:14] /a 100
[22/3/2016 7:13:17] /a 100
[22/3/2016 7:13:23] /a 30
[22/3/2016 7:13:25] /a 20
[22/3/2016 7:13:27] /a 10
[22/3/2016 7:13:31] /a 15
[22/3/2016 7:13:35] /a 50
[22/3/2016 7:13:37] /a 20
[22/3/2016 7:13:47] /a 20
[22/3/2016 7:13:49] /a 25
[22/3/2016 7:13:51] /a 30
[22/3/2016 7:13:53] /a 35
[22/3/2016 7:13:59] /up
[22/3/2016 7:14:1] /t
[22/3/2016 7:14:4] /a 100
[22/3/2016 7:14:5] /a 100
[22/3/2016 7:14:6] /a 100
[22/3/2016 7:14:8] /a 100
[22/3/2016 7:14:11] /a 100
[22/3/2016 7:14:13] /a 100
[22/3/2016 7:14:14] /a 100
[22/3/2016 7:14:15] /a 100
[22/3/2016 7:14:22] /a 100
[22/3/2016 7:14:23] /a 100
[22/3/2016 7:14:24] /a 100
[22/3/2016 7:14:25] /a 100
[22/3/2016 7:14:26] /a 100
[22/3/2016 7:14:28] /a 100
[22/3/2016 7:14:30] /a 100
[22/3/2016 7:14:55] /down
[22/3/2016 7:15:2] /a 8
[22/3/2016 7:15:12] /t
[22/3/2016 7:15:19] /a 100
[22/3/2016 7:15:20] /a 100
[22/3/2016 7:15:21] /a 100
[22/3/2016 7:15:23] /a 100
[22/3/2016 7:15:26] /a 80
[22/3/2016 7:17:28] /t
[22/3/2016 7:19:31] /kick warchazz
[22/3/2016 7:19:42] /kick warchazz
[22/3/2016 15:13:12] /ghost
[22/3/2016 17:29:0] /b Druid Pisicopata [300]: GOGOGOOG PROCURO PALLY LV 200+ PARA GUILD PONTES FALTA 4 LEK GOGO
[22/3/2016 18:44:50] /b Warchazz [492]: invito para guild points
[22/3/2016 18:56:9] /a 2
[22/3/2016 19:2:1] /t
[22/3/2016 20:19:44] /goto mv healer
[22/3/2016 20:22:32] /b em caso de duvida temos o canal ajuda para atende-los
[22/3/2016 20:24:18] /a 30
[22/3/2016 20:25:49] /t
[22/3/2016 20:25:59] /a 2
[22/3/2016 20:29:9] /ghost
[22/3/2016 20:32:43] /goto orshabaal
[22/3/2016 20:33:22] /t
[22/3/2016 22:16:38] /b 19:16 Coca Fanta [243]: INVITO PRA GUILD POINTS SO MANDAR MSG
[22/3/2016 22:19:27] /goto mage dash
[22/3/2016 22:21:14] /c mage dash
[22/3/2016 22:22:17] /b 19:20 Coca Fanta [243]: INVITO PRA GUILD POINTS SO MANDAR MSG FALTA 2
[22/3/2016 22:23:2] /b afk
[22/3/2016 22:23:4] /ghost
[23/3/2016 5:2:5] /goto Feiticeira Noel
[23/3/2016 5:2:17] /goto Feiticeira Noel
[23/3/2016 5:2:24] /t
[23/3/2016 5:4:6] /a 30
[23/3/2016 5:4:47] /c king of baiak
[23/3/2016 5:4:55] /goto warchazz
[23/3/2016 5:4:57] /c king of baiak
[23/3/2016 5:5:11] /t
[23/3/2016 5:5:26] /a 35
[23/3/2016 5:5:43] /goto king of baiak
[23/3/2016 5:5:55] /m king of baiak
[23/3/2016 5:6:6] /a 20
[23/3/2016 5:6:9] /a 15
[23/3/2016 5:7:7] /goto warchazz
[23/3/2016 5:7:29] /m finger killer
[23/3/2016 5:7:31] /m finger killer
[23/3/2016 5:7:31] /m finger killer
[23/3/2016 5:7:32] /m finger killer
[23/3/2016 5:7:33] /m finger killer
[23/3/2016 5:7:35] /t
[23/3/2016 8:39:2] /kick warchazz
[23/3/2016 8:39:11] /kick warchazz
[25/3/2016 1:39:45] /a 2
[25/3/2016 1:46:21] /t
[25/3/2016 1:46:28] /b Boa noite galera
[27/3/2016 0:22:21] /b Fala galeraa, to de volta, se precisarem de algo temos ochat ajuda.
[27/3/2016 0:23:31] /goto ai papai
[27/3/2016 0:25:54] /a 1
[27/3/2016 0:25:57] /a 1
[27/3/2016 0:26:29] /a 20
[27/3/2016 0:30:13] /a 32
[27/3/2016 0:30:16] /a 3
[27/3/2016 0:30:18] /a 2
[27/3/2016 0:30:23] /t
[27/3/2016 0:44:16] /goto maluc
[27/3/2016 0:44:25] /goto marluc
[27/3/2016 1:4:55] /kick warchazz
[27/3/2016 1:38:38] /t
[27/3/2016 1:50:0] /ghost
[27/3/2016 1:50:49] /ghost
[27/3/2016 1:50:54] /a 20
[27/3/2016 1:50:56] /a 20
[27/3/2016 1:50:58] /a 20
[27/3/2016 1:51:0] /a 40
[27/3/2016 1:51:2] /a 40
[27/3/2016 1:51:6] /a 40
[27/3/2016 1:51:45] /t
[27/3/2016 1:51:54] /ghost
[27/3/2016 1:54:27] /goto demoniado
[27/3/2016 1:54:34] /goto demoniado
[27/3/2016 1:55:2] /goto demoniado 
[27/3/2016 1:59:14] /ghost
[27/3/2016 2:4:11] /a 40
[27/3/2016 2:4:31] /t
[27/3/2016 2:4:42] /a 2
[27/3/2016 2:5:10] /goto dwziek
[27/3/2016 2:8:29] /t warchazz
[27/3/2016 2:14:43] /goto eject
[27/3/2016 2:14:47] /goto edject
[27/3/2016 2:15:0] /goto edjec
[27/3/2016 2:15:3] /goto edjec
[27/3/2016 2:42:54] /t
[27/3/2016 2:44:39] /a 40
[27/3/2016 2:44:43] /a 40
[27/3/2016 2:44:44] /a 40
[27/3/2016 2:44:45] /a 40
[27/3/2016 2:44:47] /a 40
[27/3/2016 2:44:50] /a 40
[27/3/2016 2:45:7] /c warchazz
[27/3/2016 2:48:15] /t
[27/3/2016 2:49:8] /a 2
[27/3/2016 2:49:33] /a 2
[27/3/2016 2:55:45] /c warchazz
[27/3/2016 2:58:56] /kick warchazz
[27/3/2016 3:31:49] /t
[27/3/2016 3:32:57] /a 10
[27/3/2016 3:33:27] /a 10
[27/3/2016 3:34:0] /a 3
[27/3/2016 3:34:36] /down
[27/3/2016 3:34:37] /down
[27/3/2016 3:34:38] /down
[27/3/2016 3:35:49] /up
[27/3/2016 3:35:59] /a 5
[27/3/2016 3:36:15] /down
[27/3/2016 3:36:20] /down
[27/3/2016 3:38:50] /t
[27/3/2016 3:41:24] /t warchazz
[27/3/2016 3:51:4] /t
[27/3/2016 3:53:50] /t
[27/3/2016 4:52:26] /t warchazz
[27/3/2016 5:15:47] /t
[27/3/2016 18:11:1] /a 2
[27/3/2016 18:17:0] /goto rullexz
[27/3/2016 18:17:14] /down
[27/3/2016 18:17:24] /c warchazz
[27/3/2016 18:17:58] /goto rullexz
[27/3/2016 18:18:32] /goto rullexz
[27/3/2016 18:22:6] /goto rullexz
[27/3/2016 18:26:7] /t warchazz
[27/3/2016 18:26:23] /a 50
[27/3/2016 18:26:24] /a 50
[27/3/2016 18:26:30] /a 20
[27/3/2016 18:26:32] /a 20
[27/3/2016 18:26:33] /a 20
[27/3/2016 18:26:37] /a 20
[27/3/2016 18:26:39] /a 20
[27/3/2016 18:26:43] /a 20
[27/3/2016 18:26:44] /a 20
[27/3/2016 18:26:46] /a 20
[27/3/2016 18:27:8] /c fire finger
[27/3/2016 18:27:19] /c warchazz
[27/3/2016 18:35:1] /t
[27/3/2016 18:36:44] /a 4
[27/3/2016 18:36:47] /a 4
[27/3/2016 18:36:55] /a 10
[27/3/2016 18:37:6] /a 10
[27/3/2016 18:37:8] /a 10
[27/3/2016 18:37:10] /a 10
[27/3/2016 18:37:23] /c finger killer
[27/3/2016 18:37:26] /c finger killer
[27/3/2016 18:37:28] /c finger killer
[27/3/2016 18:37:31] /c finger killer
[27/3/2016 18:37:35] /c finger killer
[27/3/2016 18:37:39] /c finger killer
[27/3/2016 18:37:44] /c finger killer
[27/3/2016 18:37:49] /c warchazz
[27/3/2016 18:38:22] /c finger killer
[27/3/2016 18:38:29] /t
[27/3/2016 18:47:26] /up
[27/3/2016 20:35:6] /a 2
[27/3/2016 20:35:9] /a 2
[27/3/2016 20:35:47] /up
[27/3/2016 20:35:51] /up
[27/3/2016 20:35:53] /t
[27/3/2016 21:14:29] /a 2
[31/3/2016 12:2:39] /t
[31/3/2016 12:4:38] /b fala galeraaaa, blz??
[31/3/2016 12:34:10] /goto imodek mage
[31/3/2016 12:35:20] /a 5
[31/3/2016 12:35:21] /a 5
[31/3/2016 12:35:23] /a 5
[31/3/2016 12:35:24] /a 5
[31/3/2016 12:35:26] /a 5
[31/3/2016 12:35:30] /t
[31/3/2016 12:37:26] /goto Richie Rawtin
[31/3/2016 12:38:30] /b galera, to no chat ajuda qualquer coisa
[31/3/2016 12:38:58] /a 2
[31/3/2016 12:39:1] /a 2
[31/3/2016 12:39:10] /a 2
[31/3/2016 12:39:17] /a 2
[31/3/2016 12:39:41] /a 2
[31/3/2016 12:40:21] /a 2
[31/3/2016 12:40:30] /a 2
[31/3/2016 12:40:32] /a 2
[31/3/2016 12:43:45] /t warchazz
[31/3/2016 12:47:39] /goto imodek mage
[31/3/2016 12:47:41] /ghost
[31/3/2016 12:47:48] /ghost
[31/3/2016 12:47:50] /t
[31/3/2016 12:51:16] /goto el pablo
[31/3/2016 12:51:21] /t
[31/3/2016 12:51:59] /goto Seed Proinfo
[31/3/2016 12:55:34] /goto Chapadin De Maconha
[31/3/2016 12:57:37] /goto Chapadin De Maconha
[31/3/2016 12:59:39] /goto Chapadin De Maconha
[31/3/2016 13:0:55] /goto trip tank
[31/3/2016 13:1:19] /goto el malandrin
[31/3/2016 13:2:18] /goto el malandrin
[31/3/2016 13:2:26] /goto el malandrin
[31/3/2016 13:2:28] /goto trip tank
[31/3/2016 13:2:31] /goto el malandrin
[31/3/2016 13:2:35] /t
[31/3/2016 13:3:59] /goto el malandrin
[31/3/2016 13:4:3] /goto el malandrin
[31/3/2016 13:22:32] /t
[31/3/2016 13:33:48] /a 2
[31/3/2016 13:34:5] /a 10
[31/3/2016 13:34:6] /a 10
[31/3/2016 13:34:7] /up
[31/3/2016 13:34:19] /a 2
[31/3/2016 13:34:24] /a 2
[31/3/2016 13:34:26] /a 2
[31/3/2016 13:35:57] /a 2
[31/3/2016 13:36:0] /a 2
[31/3/2016 13:36:30] /a 3
[31/3/2016 13:36:38] /a 3
[31/3/2016 13:36:50] /t
[31/3/2016 13:40:50] /t
[31/3/2016 13:46:7] /goto oloco meu
[31/3/2016 13:46:22] /a 2
[31/3/2016 13:46:27] /a 2
[31/3/2016 13:57:12] /t warchazz
[31/3/2016 14:18:57] /t
[31/3/2016 14:52:39] /t
[31/3/2016 15:54:29] /t warchazz
