[7/4/2016 16:32:13] !mute Minecraft
[7/4/2016 16:32:23] !mute Valeska Popozuda
[7/4/2016 16:40:10] !mute Struppe Black Opps
[7/4/2016 16:40:30] !mute Struppe Black Opps
[7/4/2016 19:38:11] !mute Struppe Black Opps ,20
[7/4/2016 19:39:19] !mute Julinha Sz, 20
[7/4/2016 19:39:51] !mute Julinha Sz, 20
[8/4/2016 19:44:11] !mute Bucks Dois, 200
[8/4/2016 21:34:45] !mute Old Max, 50
[10/4/2016 21:40:25] !mute Free Tps , 100
[10/4/2016 21:49:52] !mute Blade ,100
[11/4/2016 17:39:16] !mute Kauan ,300
[15/4/2016 0:3:44] /ghost
[15/4/2016 18:34:0] !mute Anderson Chego, 20
[15/4/2016 18:35:21] !mute Anderson Chego, 20
[15/4/2016 18:37:21] !mute Anderson Chego, 20
[17/4/2016 6:8:8] !mute Ek do loot ,999
[17/4/2016 6:55:7] !mute palmito , 9999
[22/4/2016 7:54:1] /ghost
[30/4/2016 23:40:59] !mute ,Pepeka Du Mau, 5
[30/4/2016 23:41:4] !mute ,Pepeka Du Mau,5
[30/4/2016 23:41:9] !mute Pepeka Du Mau
[12/5/2016 13:9:52] !mute Hades Two
