[28/3/2016 0:22:39] /b
[28/3/2016 0:22:41] /b
[28/3/2016 0:22:42] /b
[28/3/2016 0:22:46] /b evento jajaja
[28/3/2016 0:23:9] /b Um Seguinte Evento Acontecera !
[28/3/2016 0:30:21] /b jaja eventooooo bp
[28/3/2016 1:2:51] /b gogogog bosss cityy browwwwww
[28/3/2016 1:3:9] /b gogogog bosss na cityyyyy galera
[28/3/2016 1:11:37] /b evento galera gogogo
[28/3/2016 14:10:45] /b Bom Dia Galera Duvidas On!
[28/3/2016 14:20:55] /b duvidas on
[28/3/2016 14:24:21] /b Reportem bug e player anunciando ot sers! 
[28/3/2016 14:33:8] /b Compro Double xp!
[28/3/2016 14:38:19] /b Flw Galera E Tenho Um BoM Jogo E Um Bom Dia!
[28/3/2016 15:6:33] /b galera esses cara que ta anunciando ot esta trocando de ip a gente bani ip mais ele renova entao vai ser dificil tirar ele kk!@
[29/3/2016 2:21:13] /b on duvidas pm!
[29/3/2016 8:58:40] /b Bom Dia
[29/3/2016 10:59:58] /b Bom Dia!
[29/3/2016 11:2:45] /b gogogog evento galera
[29/3/2016 11:34:39] /b duvidas on!
[29/3/2016 11:47:55] /b Player Rush Oz Esta Formando Team Promote Quest Gogogo Negada
[29/3/2016 11:48:3] /b Player Rush Oz Esta Formando Team Promote Quest Gogogo Negada
[29/3/2016 11:48:33] /b Player Rush Oz Esta Formando Team Promote Quest Gogogo Negada
[29/3/2016 11:51:34] /b Player Rush Oz Esta Formando Team Promote Quest Gogogo Negada Para Fazer a quest e 7kk
[29/3/2016 11:52:13] /b Player Rush Oz Esta Formando Team Promote Quest Gogogo Negada Para Fazer a quest e 7kk
[29/3/2016 11:54:46] /b Player Rush Oz Esta Formando Team Promote Quest Gogogo Negada Para Fazer a quest e 7kk
[29/3/2016 11:54:59] /b go entrar quest quem ta pt 
[29/3/2016 11:55:1] /b Player Rush Oz Esta Formando Team Promote Quest Gogogo Negada Para Fazer a quest e 7kk
[29/3/2016 11:55:43] /b Player Rush Oz Esta Formando Team Promote Quest Gogogo Negada Para Fazer a quest e 7kk
[29/3/2016 11:56:2] /b Player Rush Oz Esta Formando Team Promote Quest Gogogo Negada Para Fazer a quest e 7kk
[29/3/2016 11:57:36] /b Player Rush Oz Esta Formando Team Promote Quest Gogogo Negada Para Fazer a quest e 7kk
[29/3/2016 11:57:53] /b Player Rush Oz Esta Formando Team Promote Quest Gogogo Negada Para Fazer a quest e 7kk
[29/3/2016 11:57:54] /b Player Rush Oz Esta Formando Team Promote Quest Gogogo Negada Para Fazer a quest e 7kk
[29/3/2016 11:58:49] /b Player Rush Oz Esta Formando Team Promote Quest Gogogo Negada Para Fazer a quest e 7kk
[29/3/2016 11:59:42] /b Player Rush Oz Esta Formando Team Promote Quest Gogogo Negada Para Fazer a quest e 7kk
[29/3/2016 12:3:48] /b Boa Sorte Ao Team Da Promote Quest!2
[29/3/2016 12:10:36] /b duvidas on
[29/3/2016 12:14:18] /b GALERA UM BOOS IRA ATTACAR A CITY EM BREVE
[29/3/2016 12:15:0] /b galera monstros na city
[29/3/2016 12:17:47] /b galera volto mais tarde tenho um bom jogo!
[29/3/2016 20:12:29] /b Boa Noite
[29/3/2016 20:15:6] /b Team pra fazer quest da promotion
[29/3/2016 20:17:36] /b team para promote quest PM Covergente
[29/3/2016 20:17:39] /b team para promote quest PM Covergente
[29/3/2016 20:19:0] /b team para promote quest PM Covergente
[29/3/2016 20:57:36] /b duvidas on
[29/3/2016 21:0:17] /b galera tenho um bom jogo e uma boa noite ate mais tarde!
[29/3/2016 21:49:5] /b NÃO CRIE CHAR EM OUTRO OT SERVER COM MESMA ACCOUNT NÃO SE REPONSABILIZAMOS POR ACC HAKIADAS!
[29/3/2016 21:49:21] /b NÃO CRIE CHAR EM OUTRO OT SERVER COM MESMA ACCOUNT NÃO SE REPONSABILIZAMOS POR ACC HAKIADAS!
[29/3/2016 21:50:4] /b NÃO CRIE CHAR EM OUTRO OT SERVER COM MESMA ACCOUNT NÃO SE REPONSABILIZAMOS POR ACC HAKIADAS!
[29/3/2016 21:52:16] /b NÃO CRIE CHAR EM OUTRO OT SERVER COM MESMA ACCOUNT NÃO SE REPONSABILIZAMOS POR ACC HAKIADAS!
[29/3/2016 21:54:27] /b NÃO CRIE CHAR EM OUTRO OT SERVER COM MESMA ACCOUNT NÃO SE REPONSABILIZAMOS POR ACC HAKIADAS!
[29/3/2016 21:55:10] /b NÃO CRIE CHAR EM OUTRO OT SERVER COM MESMA ACCOUNT NÃO SE REPONSABILIZAMOS POR ACC HAKIADAS!
[29/3/2016 21:55:59] /b NÃO CRIE CHAR EM OUTRO OT SERVER COM MESMA ACCOUNT NÃO SOMOS RESPONSALVEL POR PERDE DE ACCS !ATT STAFF BAIAK NEW
[29/3/2016 21:56:36] /b NÃO CRIE CHAR EM OUTRO OT SERVER COM MESMA ACCOUNT NÃO SOMOS RESPONSALVEL POR PERDE DE ACCS !ATT STAFF BAIAK NEW
[29/3/2016 21:59:26] /b NÃO CRIE CHAR EM OUTRO OT SERVER COM MESMA ACCOUNT NÃO SOMOS RESPONSALVEL POR PERDE DE ACCS !ATT STAFF BAIAK NEW
[29/3/2016 22:1:36] /b NÃO CRIE CHAR EM OUTRO OT SERVER COM MESMA ACCOUNT NÃO SOMOS RESPONSALVEL POR PERDE DE ACCS !ATT STAFF BAIAK NEW
[29/3/2016 22:2:53] /b NÃO CRIE CHAR EM OUTRO OT SERVER COM MESMA ACCOUNT NÃO SOMOS RESPONSALVEL POR PERDE DE ACCS !ATT STAFF BAIAK NEW
[29/3/2016 22:5:31] /b NÃO CRIE CHAR EM OUTRO OT SERVER COM MESMA ACCOUNT NÃO SOMOS RESPONSALVEL POR PERDE DE ACCS !ATT STAFF BAIAK NEW
[29/3/2016 22:56:32] /b flw galera tenha um bom game e uma boa noite!
[29/3/2016 22:56:47] /b flw galera tenha um bom game e uma boa noite!
[29/3/2016 22:56:54] /b flw galera tenha um bom game e uma boa noite!
[30/3/2016 0:24:19] /b duvidas on
[30/3/2016 0:27:22] /b galera nao do itens entendão isso!
[30/3/2016 0:29:19] /b galera flw tem um bom jogo e uma boa madrugadinha!
[30/3/2016 0:50:31] /b flw galera tenha uma bota noite!
[30/3/2016 20:40:12] /b bvoa noite galera
[30/3/2016 20:41:25] /b galera duvidas on!
[31/3/2016 9:12:6] /b bom dia!
[31/3/2016 9:27:48] /b NAO CRIE ACCOUNT EM OUTRO OT COM MESMO DADOS NÃO SOMOS RESPONSAVEL POR PERDE DE ACCOUNTS ATT: STAFF! NEW BAIAK
[31/3/2016 9:28:10] /b NAO CRIE ACCOUNT EM OUTRO OT COM MESMO DADOS NÃO SOMOS RESPONSAVEL POR PERDE DE ACCOUNTS ATT: STAFF! NEW BAIAK
[31/3/2016 9:28:12] /b NAO CRIE ACCOUNT EM OUTRO OT COM MESMO DADOS NÃO SOMOS RESPONSAVEL POR PERDE DE ACCOUNTS ATT: STAFF! NEW BAIAK
[31/3/2016 11:20:37] /b duvidas on
[31/3/2016 23:16:44] /b duvidas on
[31/3/2016 23:20:10] /b duvidas help nao respondo pm
[31/3/2016 23:23:20] /b duvidas help
