[4/2/2017 19:29:9] /b Ola
[4/2/2017 19:32:39] /b Galerinha , Vamos da uma ajuda ai , chames seus amigos , TEAM , Nao queremos que esse Ot Feixe !
[4/2/2017 19:35:14] /b Galerinha , Vamos da uma ajuda ai , chames seus amigos , TEAM , Nao queremos que esse Ot Feixe ! , ALGUMA Duvida VEM Ajuda/Help !
[4/2/2017 19:38:5] /b Galerinha , Vamos da uma ajuda ai , chames seus amigos , TEAM , Nao queremos que esse Ot Feixe !
[4/2/2017 19:38:7] /b Galerinha , Vamos da uma ajuda ai , chames seus amigos , TEAM , Nao queremos que esse Ot Feixe !
[4/2/2017 19:40:1] /ghost
[4/2/2017 19:40:32] /up
[4/2/2017 19:40:36] /t
[4/2/2017 19:40:40] /b Galerinha , Vamos da uma ajuda ai , chames seus amigos , TEAM , Nao queremos que esse Ot Feixe !
[4/2/2017 19:41:44] /mc
[4/2/2017 19:42:17] /b Galerinha , Vamos da uma ajuda ai , chames seus amigos , TEAM , Nao queremos que esse Ot Feixe !
[4/2/2017 19:45:21] /b Galerinha , Vamos da uma ajuda ai , chames seus amigos , TEAM , Nao queremos que esse Ot Feixe !
[4/2/2017 19:45:23] /b Galerinha , Vamos da uma ajuda ai , chames seus amigos , TEAM , Nao queremos que esse Ot Feixe !
[4/2/2017 19:47:7] /b Galerinha , Vamos da uma ajuda ai , chames seus amigos , TEAM , Nao queremos que esse Ot Feixe !
[4/2/2017 19:47:33] /b Tamos Tentando Fazer O Maximo que Podermos .
[4/2/2017 19:49:31] /up 3
[4/2/2017 19:49:34] /t
[4/2/2017 19:49:59] /up 3
[4/2/2017 19:52:6] /mc
[4/2/2017 19:53:38] /b Vamos Galerinha , Tamos divulgando , tentem ajudar ao Maximo que poder !
[4/2/2017 19:58:15] /mc
[4/2/2017 20:0:56] /goto Alka
[4/2/2017 20:1:21] /t
[4/2/2017 20:1:28] /goto ADM RbOT
[4/2/2017 20:1:35] /up 3
[4/2/2017 20:1:36] /up 2
[4/2/2017 20:1:39] /a 3
[4/2/2017 20:1:40] /a 3
[4/2/2017 20:1:41] /up
[4/2/2017 20:1:47] /t
[4/2/2017 20:1:50] /goto ADM RbOT
[4/2/2017 20:2:15] /ghost
[4/2/2017 20:2:18] /ghost
[4/2/2017 20:2:28] /goto ADM RbOT
[4/2/2017 20:2:37] /t
[4/2/2017 20:4:8] /mc
[4/2/2017 20:4:23] /goto Xbox
[4/2/2017 20:4:27] /goto Hunted
[4/2/2017 20:4:40] /t
[4/2/2017 20:13:12] /b Galerinha , Vou Tomar um banho aq , ja Volto, Continuem Divulgando , Vamos Encher Denovo !
[4/2/2017 20:18:51] /goto Alka
[4/2/2017 20:18:53] /t
[4/2/2017 20:29:14] /mc
[4/2/2017 20:29:22] /goto Alka
[4/2/2017 20:29:26] /t
[4/2/2017 20:29:52] /mc
[4/2/2017 20:33:43] /goto Principe
[4/2/2017 20:33:45] /t
[4/2/2017 20:37:19] /b Galerinha , Vamos ajudar a divulgar , to divulgando aqui , chamem seus amigos !
[4/2/2017 20:42:37] /mc
[4/2/2017 20:42:45] /a 1
[4/2/2017 20:42:51] /a 15
[4/2/2017 20:42:54] /a 15
[4/2/2017 20:43:0] /a
[4/2/2017 20:43:7] /a
[4/2/2017 20:43:12] /t
[4/2/2017 20:43:26] /a 2
[4/2/2017 20:43:32] /a 2
[4/2/2017 20:43:46] /a 16
[4/2/2017 20:43:47] /a 16
[4/2/2017 20:43:47] /a 16
[4/2/2017 20:43:53] /down
[4/2/2017 20:44:47] /t
[4/2/2017 20:45:29] /ghost
[4/2/2017 20:46:29] /ghost
[4/2/2017 20:59:25] /ghost
[4/2/2017 21:2:33] /goto ADM RbOT
[4/2/2017 21:3:33] /goto Paladin Escamoso
[4/2/2017 21:4:14] /t
[4/2/2017 21:8:38] /c Knight Fraco Baiakao
[4/2/2017 21:9:6] /mc
[4/2/2017 21:9:32] /b Vamos Galerinha , O Ot agr estar com outra Administraçao , Vamos SUBIR AI DNV , Chamem seus amigos !
[4/2/2017 21:10:24] /b Vamos Galerinha , O Ot agr estar com outra Administraçao , Vamos SUBIR AI DNV , Chamem seus amigos !
[4/2/2017 21:11:24] /b Quais Players que estao na quest , fala no help !
[4/2/2017 21:12:3] /goto Ribeirinho Ot
[4/2/2017 21:12:14] /ghost
[4/2/2017 21:12:19] /a 30
[4/2/2017 21:12:21] /a 30
[4/2/2017 21:12:22] /a 30
[4/2/2017 21:12:25] /t
[4/2/2017 21:12:28] /ghost
[4/2/2017 21:12:36] /c Help Rbot
[4/2/2017 21:17:38] /ghost
[4/2/2017 21:17:41] /goto Sky Pre Pago
[4/2/2017 21:18:14] /goto Ek Bolado
[4/2/2017 21:19:33] /t
[4/2/2017 21:19:36] /ghost
[4/2/2017 21:20:6] /mc
[4/2/2017 21:21:48] /goto Ribeirinho Ot
[4/2/2017 21:21:55] /goto Ribeirinho Ot
[4/2/2017 21:21:59] /t
[4/2/2017 21:22:42] /b Galera jaja vamos reniciar
[4/2/2017 21:27:16] /goto ADM RbOt
[4/2/2017 21:27:25] /t Sky Pre Pago
[4/2/2017 21:39:32] /goto ADM Rbot
[4/2/2017 21:43:2] /ghost
[4/2/2017 22:6:49] /a 2
[4/2/2017 22:6:53] /a 56
[4/2/2017 22:6:57] /a 50
[4/2/2017 22:6:59] /a 15
[4/2/2017 22:12:29] /b quem quiser enviar os comprovantes pagos até 90 dias, enviem pro email: rbotserv@gmail,com
[4/2/2017 22:12:32] /b vao resgatar o valor donatado / 50 reais, 50 pontos.
[4/2/2017 22:12:42] /b quem quiser enviar os comprovantes pagos até 90 dias, enviem pro email: rbotserv@gmail,com // vao resgatar o valor donatado / 50 reais, 50 pontos.
[4/2/2017 22:13:34] /t
[4/2/2017 22:16:43] /up
[4/2/2017 22:16:45] /ghost
[4/2/2017 22:18:52] /ghost
[4/2/2017 22:18:55] /t
[4/2/2017 22:19:55] /b quem quiser enviar os comprovantes pagos até 90 dias, enviem pro email: rbotserv@gmail,com // vao resgatar o valor donatado / 50 reais, 50 pontos.
[4/2/2017 23:29:14] /t
[4/2/2017 23:53:17] /t Sky Pre Pago
[5/2/2017 3:31:40] /mc
[5/2/2017 3:32:0] /a
[5/2/2017 3:32:7] /goto Flash Go
[5/2/2017 3:32:19] /t
[5/2/2017 5:30:2] /b Boa Noite Galerinha '-
[5/2/2017 5:30:46] /up
[5/2/2017 5:31:53] /down
[5/2/2017 5:31:57] /up
[5/2/2017 5:32:6] /up
[5/2/2017 5:32:7] /down
[5/2/2017 5:53:3] /a 30
[5/2/2017 5:53:9] /t
[5/2/2017 5:54:39] /mc
[5/2/2017 5:54:55] /goto Flash Go
[5/2/2017 5:55:7] /a 5
[5/2/2017 5:55:8] /a 5
[5/2/2017 5:55:9] /a 5
[5/2/2017 5:55:9] /a 5
[5/2/2017 5:55:10] /a 5
[5/2/2017 5:55:12] /a 5
[5/2/2017 5:55:12] /a 5
[5/2/2017 5:55:13] /a 5
[5/2/2017 5:55:15] /t
[5/2/2017 5:57:13] /mc
[5/2/2017 6:12:55] /goto Chapado
[5/2/2017 6:13:1] /a 3
[5/2/2017 6:35:12] /t
[5/2/2017 6:35:22] /a 35
[5/2/2017 6:35:24] /a 15
[5/2/2017 6:41:41] /t
[5/2/2017 6:41:54] /goto GM Deek
[5/2/2017 6:45:21] /goto Sky Pre Pago
[5/2/2017 6:45:26] /a 10
[5/2/2017 6:45:35] /a 2
[5/2/2017 6:45:38] /goto Sky Pre Pago
[5/2/2017 6:45:41] /a 10
[5/2/2017 6:45:44] /a 10
[5/2/2017 6:45:45] /a 10
[5/2/2017 6:45:46] /a 10
[5/2/2017 6:45:49] /a 10
[5/2/2017 6:45:53] /a 10
[5/2/2017 6:45:55] /a 10
[5/2/2017 6:45:56] /a 10
[5/2/2017 6:45:59] /a 10
[5/2/2017 6:46:2] /a 10
[5/2/2017 6:46:4] /a 10
[5/2/2017 6:46:5] /a 10
[5/2/2017 6:46:6] /a 10
[5/2/2017 6:46:8] /a 10
[5/2/2017 6:46:12] /a 10
[5/2/2017 6:46:12] /a 10
[5/2/2017 6:46:19] /t
[5/2/2017 6:46:42] /goto Tempestade
[5/2/2017 6:48:26] /mc
[5/2/2017 6:48:54] /t
[5/2/2017 6:49:9] /a 3
[5/2/2017 6:49:21] /a 3
[5/2/2017 6:49:38] /a 2
[5/2/2017 6:50:1] /a 2
[5/2/2017 6:50:8] /a 2
[5/2/2017 6:50:15] /a 2
[5/2/2017 6:50:32] /a 2
[5/2/2017 6:50:38] /a 2
[5/2/2017 6:50:49] /a 2
[5/2/2017 6:50:54] /a 2
[5/2/2017 6:51:12] /a 4
[5/2/2017 6:51:38] /a 4
[5/2/2017 6:51:41] /a 3
[5/2/2017 6:52:29] /a 3
[5/2/2017 6:52:46] /a
[5/2/2017 6:53:0] /t
[5/2/2017 6:54:21] /a 2
[5/2/2017 6:54:24] /a 5
[5/2/2017 6:54:26] /a 5
[5/2/2017 6:54:26] /a 5
[5/2/2017 6:54:27] /a 5
[5/2/2017 6:56:11] /a 3
[5/2/2017 6:56:28] /a 3
[5/2/2017 6:56:31] /a 3
[5/2/2017 6:56:40] /a 3
[5/2/2017 6:56:42] /a 4
[5/2/2017 6:56:44] /a 4
[5/2/2017 6:56:46] /a 4
[5/2/2017 6:56:48] /a 4
[5/2/2017 6:56:49] /a 4
[5/2/2017 6:56:50] /a 4
[5/2/2017 6:56:51] /a 4
[5/2/2017 6:56:52] /a 4
[5/2/2017 6:56:53] /a 4
[5/2/2017 6:56:54] /a 4
[5/2/2017 6:56:55] /a 4
[5/2/2017 6:56:56] /a 4
[5/2/2017 6:56:57] /a 4
[5/2/2017 6:56:58] /a 4
[5/2/2017 6:56:59] /a 4
[5/2/2017 6:57:0] /a 4
[5/2/2017 6:57:1] /a 4
[5/2/2017 6:57:2] /a 4
[5/2/2017 6:57:4] /a 4
[5/2/2017 6:57:6] /a 4
[5/2/2017 6:57:21] /a 4
[5/2/2017 6:57:25] /a 4
[5/2/2017 6:57:42] /a 4
[5/2/2017 6:58:20] /a 4
[5/2/2017 6:58:38] /a 4
[5/2/2017 6:59:26] /goto Paladina
[5/2/2017 6:59:28] /t
[5/2/2017 6:59:38] /goto Tgozo Na Cara
[5/2/2017 6:59:58] /t
[5/2/2017 7:1:40] /goto Doble sio
[5/2/2017 7:19:25] /mc
[5/2/2017 7:27:3] /mc
[5/2/2017 7:27:22] /goto Flash Go
[5/2/2017 7:27:36] /t
[5/2/2017 7:28:37] /goto GM Deek
[5/2/2017 17:21:48] /b Boa Tarde Galerinha '--'
[5/2/2017 17:48:4] /a 30
[5/2/2017 17:48:5] /a 10
[5/2/2017 17:48:12] /t
[5/2/2017 17:48:55] /goto GM Deek
[5/2/2017 17:49:7] /goto Help Rbot
[5/2/2017 17:49:16] /goto Help Rbot
[5/2/2017 17:49:18] /goto Help Rbot
[5/2/2017 17:49:19] /goto Help Rbot
[5/2/2017 17:49:27] /a 30
[5/2/2017 17:49:47] /a 20
[5/2/2017 17:49:59] /a 30
[5/2/2017 17:50:0] /a 30
[5/2/2017 17:50:3] /a 20
[5/2/2017 17:50:7] /a 5
[5/2/2017 17:50:12] /a 14
[5/2/2017 17:50:14] /a 14
[5/2/2017 17:50:15] /a 14
[5/2/2017 17:50:15] /a 14
[5/2/2017 17:50:16] /a 14
[5/2/2017 17:50:21] /a 14
[5/2/2017 17:50:22] /a 14
[5/2/2017 17:50:23] /a 14
[5/2/2017 17:50:24] /a 14
[5/2/2017 17:50:25] /a 14
[5/2/2017 17:50:26] /a 14
[5/2/2017 17:50:27] /a 14
[5/2/2017 17:50:30] /a 14
[5/2/2017 17:50:30] /a 14
[5/2/2017 17:50:31] /a 14
[5/2/2017 17:50:31] /a 14
[5/2/2017 17:50:32] /a 14
[5/2/2017 17:50:33] /a 14
[5/2/2017 17:50:33] /a 14
[5/2/2017 17:50:34] /a 14
[5/2/2017 17:50:34] /a 14
[5/2/2017 17:50:35] /a 14
[5/2/2017 17:50:35] /a 14
[5/2/2017 17:50:36] /a 14
[5/2/2017 17:50:36] /a 14
[5/2/2017 17:50:37] /a 14
[5/2/2017 17:50:37] /a 14
[5/2/2017 17:50:37] /a 14
[5/2/2017 17:50:39] /a 14
[5/2/2017 17:50:40] /a 14
[5/2/2017 17:50:42] /a 14
[5/2/2017 17:50:43] /a 14
[5/2/2017 17:50:44] /a 14
[5/2/2017 17:50:45] /a 14
[5/2/2017 17:50:46] /a 14
[5/2/2017 17:50:46] /a 14
[5/2/2017 17:50:47] /a 14
[5/2/2017 17:50:48] /a 14
[5/2/2017 17:50:48] /a 14
[5/2/2017 17:50:49] /a 14
[5/2/2017 17:50:49] /a 14
[5/2/2017 17:50:50] /a 14
[5/2/2017 17:50:50] /a 14
[5/2/2017 17:50:51] /a 14
[5/2/2017 17:50:51] /a 14
[5/2/2017 17:50:52] /a 14
[5/2/2017 17:50:52] /a 14
[5/2/2017 17:50:53] /a 14
[5/2/2017 17:50:53] /a 14
[5/2/2017 17:50:54] /a 14
[5/2/2017 17:50:55] /a 14
[5/2/2017 17:50:56] /a 14
[5/2/2017 17:50:57] /a 14
[5/2/2017 17:50:57] /a 14
[5/2/2017 17:50:58] /a 14
[5/2/2017 17:50:59] /a 14
[5/2/2017 17:51:14] /a 14
[5/2/2017 17:51:14] /a 14
[5/2/2017 17:51:15] /a 14
[5/2/2017 17:51:16] /a 14
[5/2/2017 17:51:16] /a 14
[5/2/2017 17:51:17] /a 14
[5/2/2017 17:51:18] /a 14
[5/2/2017 17:51:18] /a 14
[5/2/2017 17:51:19] /a 14
[5/2/2017 17:51:19] /a 14
[5/2/2017 17:51:20] /a 14
[5/2/2017 17:51:21] /a 14
[5/2/2017 17:51:21] /a 14
[5/2/2017 17:51:22] /a 14
[5/2/2017 17:51:22] /a 14
[5/2/2017 17:51:23] /a 14
[5/2/2017 17:51:23] /a 14
[5/2/2017 17:51:24] /a 14
[5/2/2017 17:51:24] /a 14
[5/2/2017 17:51:25] /a 14
[5/2/2017 17:51:27] /a 14
[5/2/2017 17:51:27] /a 14
[5/2/2017 17:51:28] /a 14
[5/2/2017 17:51:29] /a 14
[5/2/2017 17:51:30] /a 14
[5/2/2017 17:51:30] /a 14
[5/2/2017 17:51:32] /a 14
[5/2/2017 17:51:33] /a 14
[5/2/2017 17:51:33] /a 14
[5/2/2017 17:51:34] /a 14
[5/2/2017 17:51:35] /a 14
[5/2/2017 17:51:35] /a 14
[5/2/2017 17:51:37] /a 14
[5/2/2017 17:51:38] /a 14
[5/2/2017 17:51:39] /a 14
[5/2/2017 17:51:39] /a 14
[5/2/2017 17:51:41] /a 14
[5/2/2017 17:51:41] /a 14
[5/2/2017 17:51:42] /a 14
[5/2/2017 17:51:42] /a 14
[5/2/2017 17:51:43] /a 14
[5/2/2017 17:51:43] /a 14
[5/2/2017 17:51:44] /a 14
[5/2/2017 17:51:44] /a 14
[5/2/2017 17:51:45] /a 14
[5/2/2017 17:51:45] /a 14
[5/2/2017 17:51:46] /a 14
[5/2/2017 17:51:46] /a 14
[5/2/2017 17:51:47] /a 14
[5/2/2017 17:51:48] /a 14
[5/2/2017 17:51:58] /a 14
[5/2/2017 17:51:58] /a 14
[5/2/2017 17:51:58] /a 14
[5/2/2017 17:51:58] /a 14
[5/2/2017 17:52:20] /a 14
[5/2/2017 17:52:20] /a 14
[5/2/2017 17:52:22] /a 14
[5/2/2017 17:52:30] /a 14
[5/2/2017 17:52:31] /a 14
[5/2/2017 17:52:31] /a 14
[5/2/2017 17:52:32] /a 14
[5/2/2017 17:52:33] /a 14
[5/2/2017 17:52:33] /a 14
[5/2/2017 17:52:34] /a 14
[5/2/2017 17:52:34] /a 14
[5/2/2017 17:52:37] /a 14
[5/2/2017 17:52:40] /a 14
[5/2/2017 17:52:41] /a 14
[5/2/2017 17:52:41] /a 14
[5/2/2017 17:52:42] /a 14
[5/2/2017 17:52:42] /a 14
[5/2/2017 17:52:43] /a 14
[5/2/2017 17:52:43] /a 14
[5/2/2017 17:52:44] /a 14
[5/2/2017 17:52:47] /a 3
[5/2/2017 17:52:50] /a 3
[5/2/2017 17:52:50] /a 3
[5/2/2017 17:52:51] /a 3
[5/2/2017 17:52:51] /a 3
[5/2/2017 17:52:52] /a 3
[5/2/2017 17:52:52] /a 3
[5/2/2017 17:52:52] /a 3
[5/2/2017 17:52:53] /a 3
[5/2/2017 17:52:53] /a 3
[5/2/2017 17:52:54] /a 3
[5/2/2017 17:52:54] /a 3
[5/2/2017 17:52:55] /a 3
[5/2/2017 17:52:55] /a 3
[5/2/2017 17:52:55] /a 3
[5/2/2017 17:52:56] /a 3
[5/2/2017 17:52:56] /a 3
[5/2/2017 17:52:57] /a 3
[5/2/2017 17:52:59] /a 20
[5/2/2017 17:53:1] /a 15
[5/2/2017 17:53:3] /a 10
[5/2/2017 17:53:17] /a 10
[5/2/2017 17:53:18] /a 10
[5/2/2017 17:53:18] /a 10
[5/2/2017 17:53:19] /a 10
[5/2/2017 17:53:20] /a 10
[5/2/2017 17:53:21] /a 10
[5/2/2017 17:53:23] /a 10
[5/2/2017 17:53:27] /a 10
[5/2/2017 17:53:28] /a 10
[5/2/2017 17:53:30] /a 10
[5/2/2017 17:53:32] /a 10
[5/2/2017 17:53:39] /a 10
[5/2/2017 17:53:39] /a 10
[5/2/2017 17:53:40] /a 10
[5/2/2017 17:53:42] /a 10
[5/2/2017 17:53:43] /a 10
[5/2/2017 17:53:44] /a 10
[5/2/2017 17:53:44] /a 10
[5/2/2017 17:53:45] /a 10
[5/2/2017 17:53:45] /a 10
[5/2/2017 17:53:46] /a 10
[5/2/2017 17:53:56] /a 10
[5/2/2017 17:53:57] /a 10
[5/2/2017 17:55:50] /ghost
[5/2/2017 17:56:39] /goto Help RbOT
[5/2/2017 17:57:8] /t
[5/2/2017 17:59:21] /mc
[5/2/2017 19:39:52] /b Galera , MANDEM OS NOME PARA MEU PM !
[5/2/2017 19:39:55] /b Galera , MANDEM OS NOME PARA MEU PM !
[5/2/2017 19:39:56] /b Galera , MANDEM OS NOME PARA MEU PM !
[5/2/2017 19:39:57] /b Galera , MANDEM OS NOME PARA MEU PM !
[5/2/2017 19:39:58] /b Galera , MANDEM OS NOME PARA MEU PM !
[5/2/2017 19:41:11] /t Sky Pre Pago
[5/2/2017 20:17:43] /goto ADM RbOT
[5/2/2017 20:18:49] /ghost
[5/2/2017 20:18:54] /goto Paulao Da Regulagem Belga
[5/2/2017 20:18:59] /t
[5/2/2017 20:26:9] /kick Paulao Da Regulagem Belga
[5/2/2017 20:29:14] /ghost
[5/2/2017 20:30:31] /goto Pally Off Death
[5/2/2017 20:31:18] /ghost
[5/2/2017 20:31:22] /ghost
[5/2/2017 20:31:25] /ghost
[5/2/2017 20:31:25] /t
[5/2/2017 20:58:43] /a 30
[5/2/2017 20:58:46] /a 54
[5/2/2017 20:58:47] /a 4
[5/2/2017 20:58:51] /a 5
[5/2/2017 20:58:52] /a 5
[5/2/2017 20:58:53] /t
[5/2/2017 21:5:14] /ghost
[5/2/2017 21:7:22] /a 2
[5/2/2017 21:7:25] /a 
[5/2/2017 21:21:16] /ghost
[5/2/2017 21:21:32] /a 2
[5/2/2017 21:21:34] /a
[5/2/2017 21:21:41] /ghost
[5/2/2017 21:21:46] /a
[5/2/2017 21:23:36] /ghost
[5/2/2017 21:25:0] /a 5
[5/2/2017 21:25:1] /a
[5/2/2017 21:25:21] /a 10
[5/2/2017 21:25:24] /a 3
[5/2/2017 21:32:37] /t
[5/2/2017 21:36:21] /b GO Galera , [CTF] O EVENTO CTF IRA ABRIR DAQUI 30 MINUTOS!
[5/2/2017 21:36:25] /b GO Galera , [CTF] O EVENTO CTF IRA ABRIR DAQUI 30 MINUTOS!
[5/2/2017 21:37:7] /ghost
[5/2/2017 21:37:31] /ghost
[5/2/2017 21:38:35] /b kk
[5/2/2017 21:39:14] /b Galera Espere o ADM Voltar , ele so vai Comer , ja volta ! Para dar os points de VocÊs
[5/2/2017 21:39:15] /b Galera Espere o ADM Voltar , ele so vai Comer , ja volta ! Para dar os points de VocÊs
[5/2/2017 21:39:35] /goto Tenente
[5/2/2017 21:39:51] /ghost
[5/2/2017 21:41:31] /b 16:36 50 players online
[5/2/2017 21:41:32] /b 16:36 50 players online
[5/2/2017 21:41:41] /b 16:36 50 players online , VAMOS DIVULGAR MAIS PARA LOTAR MAIS E MAIS !
[5/2/2017 21:41:43] /b 16:36 50 players online , VAMOS DIVULGAR MAIS PARA LOTAR MAIS E MAIS !
[5/2/2017 21:55:43] /ghost
[5/2/2017 22:0:49] /b VAMOS Galera 16:55 60 players online ! Chegar em 90 ou 100 on !!
[5/2/2017 22:0:50] /b VAMOS Galera 16:55 60 players online ! Chegar em 90 ou 100 on !!
[5/2/2017 22:0:52] /b VAMOS Galera 16:55 60 players online ! Chegar em 90 ou 100 on !!
[5/2/2017 22:0:55] /b VAMOS Galera 16:55 60 players online ! Chegar em 90 ou 100 on !!
[5/2/2017 22:1:3] /mc
[5/2/2017 22:15:0] /b Go GALERA 17:09 68 players online Vamos bater 100 online !
[5/2/2017 22:16:8] /mc
[5/2/2017 22:18:24] /mc
[5/2/2017 22:21:53] /b 17:16 73 players online , GO GALERA BATER 100 ONLINES !
[5/2/2017 22:21:54] /b 17:16 73 players online , GO GALERA BATER 100 ONLINES !
[5/2/2017 22:22:6] /b Chamem aquelles amigos  e ganhe seus points !
[5/2/2017 22:27:13] /goto Apocalypse Terror
[5/2/2017 22:27:14] /goto Apocalypse Terror
[5/2/2017 22:27:15] /goto Apocalypse Terror
[5/2/2017 22:28:0] /goto Matrix Tank
[5/2/2017 22:28:4] /goto Apocalypse Terror
[5/2/2017 23:22:27] /a 2
[5/2/2017 23:22:38] /a 2
[5/2/2017 23:22:45] /a 2
[5/2/2017 23:23:5] /a 2
[5/2/2017 23:32:31] /a 2
[5/2/2017 23:32:35] /a 2
[5/2/2017 23:32:37] /a 2
[5/2/2017 23:32:39] /t
[6/2/2017 2:12:48] /ghost
[6/2/2017 2:15:17] /b Ribeiro abre o chat da administraçao!
[6/2/2017 3:57:49] /b ribeiro vem pm ou chat da administraçao
[6/2/2017 4:0:53] /c Sharen
[6/2/2017 4:1:26] /b ADM O Sharen ta pedindo pra vc da goto nele !
[6/2/2017 4:2:10] /ghost
[6/2/2017 4:2:42] /ghost
[6/2/2017 4:3:17] /ghost
[6/2/2017 4:4:34] /ghost
[6/2/2017 4:6:43] /up 3
[6/2/2017 4:6:47] /c ADM RbOT
[6/2/2017 4:9:41] /goto Chapado
[6/2/2017 4:9:47] /t Chapado
[6/2/2017 4:9:51] /t
[6/2/2017 4:10:6] /up 3
[6/2/2017 4:21:54] /t
[6/2/2017 4:22:3] /c ADM RbOT
[6/2/2017 4:33:24] /up 3
[6/2/2017 4:44:53] /up
[6/2/2017 4:45:49] /goto MECANICO DO RbOT
[6/2/2017 4:46:8] /b Galera VENHAM EVENTO DICE !
[6/2/2017 4:46:9] /b Galera VENHAM EVENTO DICE !
[6/2/2017 4:46:26] /b Galera VENHAM EVENTO DICE !
[6/2/2017 4:46:27] /b Galera VENHAM EVENTO DICE !
[6/2/2017 4:46:28] /b Galera VENHAM EVENTO DICE !
[6/2/2017 4:46:37] /a
[6/2/2017 4:46:39] /a
[6/2/2017 4:47:16] /b desculpa galera , nao é evento dice !
[6/2/2017 4:47:21] /b desculpa galera , nao é evento dice ! me confudir !
[6/2/2017 4:49:10] /a 5
[6/2/2017 4:49:11] /a 5
[6/2/2017 4:49:15] /a 5
[6/2/2017 4:49:15] /a 5
[6/2/2017 4:49:16] /a 5
[6/2/2017 4:49:17] /a 5
[6/2/2017 4:49:18] /a 5
[6/2/2017 4:49:20] /a 5
[6/2/2017 4:49:21] /a 5
[6/2/2017 4:49:21] /a 5
[6/2/2017 4:49:22] /a 5
[6/2/2017 4:49:23] /a 5
[6/2/2017 4:49:23] /a 5
[6/2/2017 4:49:25] /a 5
[6/2/2017 6:8:11] /ghost
[6/2/2017 6:8:12] /t
[6/2/2017 6:8:36] /goto divulgadno
[6/2/2017 6:8:44] /goto Lapergunta
[6/2/2017 6:9:30] /t
[6/2/2017 6:9:37] /mc
[6/2/2017 6:42:34] /goto Direito
[6/2/2017 6:43:9] /goto Fortuna Multidao
[6/2/2017 6:45:12] /goto King Of Delay
[6/2/2017 6:45:14] /t
[6/2/2017 6:45:20] /goto Lord Husam
[6/2/2017 6:45:22] /t
[6/2/2017 6:45:35] /goto Marshmellow
[6/2/2017 6:46:14] /goto Marshmellow
[6/2/2017 6:47:9] /goto Paladina
[6/2/2017 6:47:11] /t
[6/2/2017 6:47:24] /goto Rodrigo Santos
[6/2/2017 6:47:35] /t
[6/2/2017 6:48:38] /a 35
[6/2/2017 6:48:39] /a 15
[6/2/2017 6:48:42] /a 5
[6/2/2017 6:48:48] /t
[6/2/2017 6:49:4] /goto Speed Cheat
[6/2/2017 6:49:6] /t
[6/2/2017 6:49:11] /t
[6/2/2017 6:49:14] /goto Sporks
[6/2/2017 6:49:35] /t
[6/2/2017 6:49:42] /goto Suicide Silence
[6/2/2017 6:49:45] /goto Suicide Silence
[6/2/2017 6:49:47] /goto Suicide Silence
[6/2/2017 6:49:55] /t
[6/2/2017 6:50:22] /goto ADM RbOT
[6/2/2017 6:50:26] /mc
[6/2/2017 6:50:30] /up
[6/2/2017 6:51:42] /mc
[6/2/2017 6:52:18] /goto Paulao Da Regulagem Belga
[6/2/2017 6:52:36] /mc
[6/2/2017 6:53:24] /t
[6/2/2017 6:54:24] /mc
[6/2/2017 6:55:24] /goto Zemdick
[6/2/2017 6:55:57] /goto Zoowie
[6/2/2017 6:56:34] /goto Aaddmm Loko
[6/2/2017 6:56:45] /t
[6/2/2017 6:56:50] /goto Awk Bloker Proo
[6/2/2017 6:56:55] /t
[6/2/2017 6:57:2] /goto Bauducco
[6/2/2017 6:57:4] /t
[6/2/2017 6:57:16] /goto Ed Da Noia
[6/2/2017 6:57:22] /t
[6/2/2017 7:3:39] /goto Knight Paper Shield
[6/2/2017 7:3:42] /t
[6/2/2017 7:4:14] /mc
[6/2/2017 7:4:20] /up
[6/2/2017 7:5:27] /mc
[6/2/2017 7:6:40] /t
[6/2/2017 7:13:16] /mc
[6/2/2017 7:17:4] /ghost
[6/2/2017 7:19:58] /mc
[6/2/2017 7:20:10] /goto ADM RBOT
[6/2/2017 7:20:16] /ghost
[6/2/2017 7:37:1] /mc
[6/2/2017 7:42:37] /goto Tempestade
[6/2/2017 7:42:55] /a 5
[6/2/2017 7:46:18] /t
[6/2/2017 7:46:25] /goto ek bolado
[6/2/2017 7:47:16] /goto Hazard
[6/2/2017 7:47:18] /goto Hazard
[6/2/2017 7:47:19] /goto Hazard
[6/2/2017 16:12:45] /mc
[6/2/2017 16:16:43] /ghost
[6/2/2017 16:18:49] /goto Ribeirinho Ot
[6/2/2017 16:18:54] /goto Ribeirinho Rbot
[6/2/2017 16:18:57] /goto Ribeirinho Ot
[6/2/2017 16:21:0] /b Galera o ADM Vai trampar e vai voltar as 14:00 , Chamem seus amigos , que  Entrar vai Ganhar 100 points !
[6/2/2017 16:21:32] /b Galera o ADM Vai trampar e vai voltar as 14:00 , Chamem seus amigos , que  Entrar vai Ganhar 100 points !
[6/2/2017 16:23:26] /up 4
[6/2/2017 16:23:29] /mc
[6/2/2017 16:24:57] /t
[6/2/2017 16:46:34] /ghost
[6/2/2017 16:47:38] /b VAMOS Galera Chamem amigos , que os points Só Ganha ate hj ! quem entrar Ganha os points . Amanha ja Nao ganha mais Points !
[6/2/2017 16:47:45] /b VAMOS Galera Chamem amigos , que os points Só Ganha ate hj ! quem entrar Ganha os points . Amanha ja Nao ganha mais Points !
[6/2/2017 16:48:16] /b GALERA OS POINTS SO VAO SER ATE HJ ! QUANDO ADM VOLTAR ELE VAI DAR OS POINTS . 
[6/2/2017 16:48:17] /b GALERA OS POINTS SO VAO SER ATE HJ ! QUANDO ADM VOLTAR ELE VAI DAR OS POINTS . 
[6/2/2017 16:50:46] /goto Justin Bieber
[6/2/2017 16:50:55] /t
[6/2/2017 16:54:24] /goto Justin Bieber
[6/2/2017 16:54:56] /t
[6/2/2017 16:56:11] /goto Marciel Pcp
[6/2/2017 16:56:13] /t
[6/2/2017 16:57:59] /goto Marciel Pcp
[6/2/2017 16:58:5] /t
[6/2/2017 16:59:49] /goto Marciel Pcp
[6/2/2017 16:59:57] /t
[6/2/2017 17:3:33] /goto Marciel Pcp
[6/2/2017 17:4:10] /a 2
[6/2/2017 17:4:19] /a 2
[6/2/2017 17:12:47] /t
[6/2/2017 18:14:4] /goto Atawaiioa
[6/2/2017 18:14:6] /t
[6/2/2017 18:20:35] /goto Zoowie 
[6/2/2017 18:22:7] /up
[6/2/2017 18:22:13] /up
[6/2/2017 18:22:15] /t
[6/2/2017 18:22:22] /a 2
[6/2/2017 18:22:32] /goto Sonecaa
[6/2/2017 18:23:6] /t
[6/2/2017 18:23:10] /goto Leonardo
[6/2/2017 18:24:21] /t Sky Pre Pago
[6/2/2017 18:25:33] /goto Dante again
[6/2/2017 18:29:39] /t
[6/2/2017 19:27:6] /up 4
[6/2/2017 19:27:8] /ghost
[6/2/2017 19:36:32] /t
[6/2/2017 19:38:16] /up 4
[6/2/2017 19:38:50] /ghost
[6/2/2017 19:38:52] /goto Zoowie
[6/2/2017 19:38:54] /t
[6/2/2017 19:38:57] /up 4
[6/2/2017 19:39:5] /mc
[6/2/2017 19:52:34] /t
[6/2/2017 19:52:38] /mc
[6/2/2017 19:52:41] /up 4
[6/2/2017 19:55:33] /goto paladina
[6/2/2017 19:55:35] /t
[6/2/2017 19:55:49] /goto Wyskyzyto
[6/2/2017 19:55:57] /goto Hmenozinha
[6/2/2017 19:56:6] /goto Hmenozinha
[6/2/2017 19:56:16] /goto Humuhumunukunukuapua
[6/2/2017 19:56:18] /t
[6/2/2017 19:57:24] /a 2
[6/2/2017 20:2:21] /t
[6/2/2017 20:12:6] /ghost
[6/2/2017 20:12:16] /ghost
[6/2/2017 20:12:50] /ghost
[6/2/2017 20:13:20] /ghost
[6/2/2017 20:15:58] /up 4
[6/2/2017 20:16:1] /reports
[6/2/2017 20:16:39] /t
[6/2/2017 20:22:48] /goto King Of Baiak
[6/2/2017 20:23:20] /goto King Of Baiak
[6/2/2017 20:23:22] /goto King Of Baiak
[6/2/2017 20:23:23] /goto King Of Baiak
[6/2/2017 20:24:42] /a 2
[6/2/2017 20:24:53] /a 2
[6/2/2017 20:24:54] /a 2
[6/2/2017 20:24:55] /a 2
[6/2/2017 20:24:56] /a 2
[6/2/2017 20:24:57] /a 2
[6/2/2017 20:24:57] /a 2
[6/2/2017 20:24:58] /a 2
[6/2/2017 20:24:58] /a 2
[6/2/2017 20:24:59] /a 2
[6/2/2017 20:24:59] /a 2
[6/2/2017 20:25:0] /a 2
[6/2/2017 20:25:0] /a 2
[6/2/2017 20:25:1] /a 2
[6/2/2017 20:25:2] /a 2
[6/2/2017 20:25:2] /a 2
[6/2/2017 20:25:3] /a 2
[6/2/2017 20:25:3] /a 2
[6/2/2017 20:25:4] /a 2
[6/2/2017 20:25:4] /a 2
[6/2/2017 20:25:5] /a 2
[6/2/2017 20:25:6] /a 2
[6/2/2017 20:25:7] /a 2
[6/2/2017 20:25:7] /a 2
[6/2/2017 20:25:8] /a 2
[6/2/2017 20:25:9] /a 2
[6/2/2017 20:25:10] /a 2
[6/2/2017 20:25:10] /a 2
[6/2/2017 20:25:11] /a 2
[6/2/2017 20:25:12] /a 2
[6/2/2017 20:25:13] /a 2
[6/2/2017 20:25:13] /a 2
[6/2/2017 20:25:15] /a 2
[6/2/2017 20:25:15] /a 2
[6/2/2017 20:25:16] /a 2
[6/2/2017 20:25:16] /a 2
[6/2/2017 20:25:17] /a 2
[6/2/2017 20:25:17] /a 2
[6/2/2017 20:25:18] /a 2
[6/2/2017 20:25:19] /a 2
[6/2/2017 20:25:21] /a 2
[6/2/2017 20:25:21] /a 2
[6/2/2017 20:25:22] /a 2
[6/2/2017 20:25:22] /a 2
[6/2/2017 20:25:23] /a 2
[6/2/2017 20:25:23] /a 2
[6/2/2017 20:25:24] /a 2
[6/2/2017 20:25:25] /a 2
[6/2/2017 20:25:26] /a 2
[6/2/2017 20:25:29] /up
[6/2/2017 20:25:31] /down
[6/2/2017 20:25:36] /a 2
[6/2/2017 20:25:36] /a 2
[6/2/2017 20:25:37] /a 2
[6/2/2017 20:25:37] /a 2
[6/2/2017 20:25:38] /a 2
[6/2/2017 20:25:38] /a 2
[6/2/2017 20:25:39] /a 2
[6/2/2017 20:25:39] /a 2
[6/2/2017 20:25:39] /a 2
[6/2/2017 20:25:40] /a 2
[6/2/2017 20:25:40] /a 2
[6/2/2017 20:25:41] /a 2
[6/2/2017 20:25:41] /a 2
[6/2/2017 20:25:42] /a 2
[6/2/2017 20:25:42] /a 2
[6/2/2017 20:25:42] /a 2
[6/2/2017 20:25:43] /a 2
[6/2/2017 20:25:43] /a 2
[6/2/2017 20:25:45] /a 2
[6/2/2017 20:25:45] /a 2
[6/2/2017 20:25:45] /a 2
[6/2/2017 20:25:46] /a 2
[6/2/2017 20:25:46] /a 2
[6/2/2017 20:25:47] /a 2
[6/2/2017 20:25:47] /a 2
[6/2/2017 20:25:48] /a 2
[6/2/2017 20:25:48] /a 2
[6/2/2017 20:25:48] /a 2
[6/2/2017 20:25:49] /a 2
[6/2/2017 20:25:50] /a 2
[6/2/2017 20:25:51] /a 2
[6/2/2017 20:25:51] /a 2
[6/2/2017 20:25:52] /a 2
[6/2/2017 20:25:52] /a 2
[6/2/2017 20:25:52] /a 2
[6/2/2017 20:25:53] /a 2
[6/2/2017 20:25:53] /a 2
[6/2/2017 20:25:54] /a 2
[6/2/2017 20:25:54] /a 2
[6/2/2017 20:25:55] /a 2
[6/2/2017 20:25:55] /a 2
[6/2/2017 20:25:55] /a 2
[6/2/2017 20:25:56] /a 2
[6/2/2017 20:25:56] /a 2
[6/2/2017 20:25:57] /a 2
[6/2/2017 20:25:57] /a 2
[6/2/2017 20:25:57] /a 2
[6/2/2017 20:25:58] /a 2
[6/2/2017 20:25:58] /a 2
[6/2/2017 20:25:59] /a 2
[6/2/2017 20:25:59] /a 2
[6/2/2017 20:26:0] /a 2
[6/2/2017 20:26:1] /a 2
[6/2/2017 20:26:1] /a 2
[6/2/2017 20:26:1] /a 2
[6/2/2017 20:26:1] /a 2
[6/2/2017 20:26:2] /a 2
[6/2/2017 20:26:2] /a 2
[6/2/2017 20:26:3] /a 2
[6/2/2017 20:26:3] /a 2
[6/2/2017 20:26:4] /a 2
[6/2/2017 20:26:4] /a 2
[6/2/2017 20:26:5] /a 2
[6/2/2017 20:26:5] /a 2
[6/2/2017 20:26:6] /a 2
[6/2/2017 20:26:6] /a 2
[6/2/2017 20:26:7] /a 2
[6/2/2017 20:26:7] /a 2
[6/2/2017 20:26:8] /a 2
[6/2/2017 20:26:10] /a 2
[6/2/2017 20:26:10] /a 2
[6/2/2017 20:26:11] /a 2
[6/2/2017 20:26:11] /a 2
[6/2/2017 20:26:12] /a 2
[6/2/2017 20:26:12] /a 2
[6/2/2017 20:26:13] /a 2
[6/2/2017 20:26:13] /a 2
[6/2/2017 20:26:14] /a 2
[6/2/2017 20:26:14] /a 2
[6/2/2017 20:26:15] /a 2
[6/2/2017 20:26:15] /a 2
[6/2/2017 20:26:15] /a 2
[6/2/2017 20:26:16] /a 2
[6/2/2017 20:26:16] /a 2
[6/2/2017 20:26:17] /a 2
[6/2/2017 20:26:17] /a 2
[6/2/2017 20:26:18] /a 2
[6/2/2017 20:26:18] /a 2
[6/2/2017 20:26:19] /a 2
[6/2/2017 20:26:19] /a 2
[6/2/2017 20:26:20] /a 2
[6/2/2017 20:26:20] /a 2
[6/2/2017 20:26:21] /a 2
[6/2/2017 20:26:21] /a 2
[6/2/2017 20:26:24] /a 2
[6/2/2017 20:26:25] /a 2
[6/2/2017 20:26:40] /goto King Of Baiak
[6/2/2017 20:27:1] /a 40
[6/2/2017 20:27:6] /t
[6/2/2017 20:28:16] /a 3
[6/2/2017 20:28:28] /a 
[6/2/2017 20:28:35] /a 50
[6/2/2017 20:28:36] /a 50
[6/2/2017 20:28:39] /a 50
[6/2/2017 20:28:41] /a 25
[6/2/2017 20:28:42] /a 25
[6/2/2017 20:28:46] /a 25
[6/2/2017 20:28:47] /a 25
[6/2/2017 20:28:48] /a 25
[6/2/2017 20:28:52] /a 2
[6/2/2017 20:28:53] /a 2
[6/2/2017 20:28:54] /a 2
[6/2/2017 20:28:54] /a 2
[6/2/2017 20:28:54] /a 2
[6/2/2017 20:28:55] /a 2
[6/2/2017 20:28:56] /up
[6/2/2017 20:29:2] /up
[6/2/2017 20:29:4] /down
[6/2/2017 20:29:5] /down
[6/2/2017 20:29:7] /up
[6/2/2017 20:29:9] /a 25
[6/2/2017 20:29:10] /a 25
[6/2/2017 20:29:12] /a 25
[6/2/2017 20:29:13] /a 25
[6/2/2017 20:29:15] /a 25
[6/2/2017 20:29:18] /a 25
[6/2/2017 20:29:20] /a 5
[6/2/2017 20:30:58] /goto Pally Is Back 
[6/2/2017 20:31:22] /t
[6/2/2017 20:31:28] /a
[6/2/2017 20:31:50] /a
[6/2/2017 20:31:51] /a 2
[6/2/2017 20:31:52] /a 2
[6/2/2017 20:31:54] /a 2
[6/2/2017 20:31:57] /a 2
[6/2/2017 20:31:57] /a 2
[6/2/2017 20:31:57] /a 2
[6/2/2017 20:31:58] /a 2
[6/2/2017 20:31:58] /a 2
[6/2/2017 20:31:59] /a 2
[6/2/2017 20:31:59] /a 2
[6/2/2017 20:32:0] /a 2
[6/2/2017 20:32:0] /a 2
[6/2/2017 20:32:1] /a 2
[6/2/2017 20:32:1] /a 2
[6/2/2017 20:32:21] /a 2
[6/2/2017 20:32:23] /a 2
[6/2/2017 20:32:32] /a 2
[6/2/2017 20:32:33] /a 2
[6/2/2017 20:32:33] /a 2
[6/2/2017 20:32:34] /a 2
[6/2/2017 20:32:34] /a 2
[6/2/2017 20:32:35] /a 2
[6/2/2017 20:32:35] /a 2
[6/2/2017 20:32:35] /a 2
[6/2/2017 20:32:36] /a 2
[6/2/2017 20:32:36] /a 2
[6/2/2017 20:32:37] /a 2
[6/2/2017 20:32:37] /a 2
[6/2/2017 20:32:38] /a 2
[6/2/2017 20:32:38] /a 2
[6/2/2017 20:32:41] /a 2
[6/2/2017 20:32:41] /a 2
[6/2/2017 20:32:41] /a 2
[6/2/2017 20:32:43] /a 2
[6/2/2017 20:32:46] /a 4
[6/2/2017 20:32:46] /a 4
[6/2/2017 20:32:47] /a 4
[6/2/2017 20:32:48] /a 4
[6/2/2017 20:32:49] /a 4
[6/2/2017 20:32:49] /a 4
[6/2/2017 20:32:50] /a 4
[6/2/2017 20:32:50] /a 4
[6/2/2017 20:32:51] /a 4
[6/2/2017 20:32:51] /a 4
[6/2/2017 20:32:52] /a 4
[6/2/2017 20:32:52] /a 4
[6/2/2017 20:32:53] /a 4
[6/2/2017 20:32:53] /a 4
[6/2/2017 20:32:54] /a 4
[6/2/2017 20:32:55] /a 4
[6/2/2017 20:32:56] /t
[6/2/2017 22:37:2] /t Pally Off Death
[6/2/2017 22:40:22] /ghost
[6/2/2017 22:57:2] /ghost
[6/2/2017 22:57:15] /ghost
[6/2/2017 22:58:44] /t
[6/2/2017 23:6:35] /ghost
[6/2/2017 23:6:40] /mc
[6/2/2017 23:10:25] /up 3
[6/2/2017 23:10:27] /up 3
[6/2/2017 23:10:29] /up
[6/2/2017 23:10:31] /mc
[6/2/2017 23:13:53] /goto Fortuna Multidao
[6/2/2017 23:13:56] /t
[6/2/2017 23:18:42] /goto Ed Paramaxx
[6/2/2017 23:19:27] /t
[6/2/2017 23:27:2] /b ADM TA AFK 1!
[6/2/2017 23:27:2] /b ADM TA AFK 1!
[6/2/2017 23:27:3] /b ADM TA AFK 1!
[6/2/2017 23:27:7] /b ADM TA AFK !!
[6/2/2017 23:28:40] /m Demon
[6/2/2017 23:43:7] /up 3
[6/2/2017 23:43:9] /mc
[6/2/2017 23:43:54] /down
[6/2/2017 23:44:2] /up
[6/2/2017 23:44:4] /a 2
[6/2/2017 23:44:8] /a 2
[6/2/2017 23:44:9] /a 2
[6/2/2017 23:44:10] /a 2
[6/2/2017 23:44:10] /a 2
[6/2/2017 23:44:12] /a 2
[6/2/2017 23:44:31] /a 5
[6/2/2017 23:44:32] /a 5
[6/2/2017 23:44:43] /up
[6/2/2017 23:44:46] /a 5
[6/2/2017 23:44:47] /a 5
[6/2/2017 23:44:49] /a 5
[6/2/2017 23:44:50] /a 5
[6/2/2017 23:44:51] /a 5
[6/2/2017 23:44:51] /a 5
[6/2/2017 23:44:52] /a 5
[6/2/2017 23:44:53] /a 5
[6/2/2017 23:44:54] /a 5
[6/2/2017 23:44:59] /a 5
[6/2/2017 23:45:0] /a 5
[6/2/2017 23:45:0] /a 5
[6/2/2017 23:45:2] /a 5
[6/2/2017 23:45:3] /a 5
[6/2/2017 23:45:3] /a 5
[6/2/2017 23:46:2] /up
[7/2/2017 0:47:32] /goto Wyskyzyto
[7/2/2017 0:47:59] /up 4
[7/2/2017 0:48:1] /mc
[7/2/2017 0:48:40] /goto Zolwyk
[7/2/2017 0:48:50] /t
[7/2/2017 0:49:4] /up 4
[7/2/2017 0:49:22] /goto Yummy
[7/2/2017 0:49:28] /goto Fortuna Multidao
[7/2/2017 0:49:34] /goto Leozin Paramax
[7/2/2017 0:49:41] /goto Leozin Paramax
[7/2/2017 0:49:53] /goto Atawaiioa
[7/2/2017 0:50:5] /goto Palla Of Death
[7/2/2017 0:50:14] /goto Mr Bizon
[7/2/2017 0:50:19] /goto Mr Bizon
[7/2/2017 0:50:21] /goto Mr Bizon
[7/2/2017 0:53:16] /b Galera , O ADM Está off , nao sei que horas volta !
[7/2/2017 0:53:20] /b Galera , O ADM Está off , nao sei que horas volta !
[7/2/2017 1:6:36] /t
[7/2/2017 1:6:47] /goto Speed Cheat
[7/2/2017 1:7:46] /a 5
[7/2/2017 1:7:47] /a 5
[7/2/2017 1:7:52] /a 5
[7/2/2017 1:7:54] /a 5
[7/2/2017 1:8:12] /goto GM Deek
[7/2/2017 1:8:23] /t
[7/2/2017 1:15:49] /goto Menor No Toc
[7/2/2017 1:16:56] /goto Speed Cheat
[7/2/2017 1:18:53] /mc
[7/2/2017 1:21:28] /a 2
[7/2/2017 1:21:39] /goto Speed Cheat
[7/2/2017 1:28:35] /ghost
[7/2/2017 1:28:38] /ghost
[7/2/2017 1:28:49] /ghost
[7/2/2017 1:29:16] /b Galera ! 20:23 Speed Cheat conseguiu completar a quest da New Promotion!! Parabéns guerreiro!
[7/2/2017 1:29:20] /b Sozinho !
[7/2/2017 1:31:46] /b ADM DA GOTO 
[7/2/2017 1:31:46] /b ADM DA GOTO 
[7/2/2017 1:31:47] /b ADM DA GOTO 
[7/2/2017 1:31:47] /b ADM DA GOTO 
[7/2/2017 1:31:48] /b ADM DA GOTO 
[7/2/2017 1:31:48] /b ADM DA GOTO 
[7/2/2017 1:31:49] /b ADM DA GOTO 
[7/2/2017 1:31:49] /b ADM DA GOTO 
[7/2/2017 1:31:50] /b ADM DA GOTO 
[7/2/2017 1:31:51] /b ADM DA GOTO 
[7/2/2017 1:31:52] /b ADM DA GOTO 
[7/2/2017 1:31:53] /b ADM DA GOTO 
[7/2/2017 1:32:33] /b Ribeiro da goto ai
[7/2/2017 1:34:55] /ghost
[7/2/2017 1:34:57] /t
[7/2/2017 1:35:9] /ghost
[7/2/2017 1:37:4] /b Galera , eu nao posso ficar on agr ! vou sair daqui a 40 minutos EU VOLTO !
[7/2/2017 1:37:5] /b Galera , eu nao posso ficar on agr ! vou sair daqui a 40 minutos EU VOLTO !
[7/2/2017 1:37:5] /b Galera , eu nao posso ficar on agr ! vou sair daqui a 40 minutos EU VOLTO !
[7/2/2017 1:37:6] /b Galera , eu nao posso ficar on agr ! vou sair daqui a 40 minutos EU VOLTO !
[7/2/2017 1:37:7] /b Galera , eu nao posso ficar on agr ! vou sair daqui a 40 minutos EU VOLTO !
[7/2/2017 1:37:7] /b Galera , eu nao posso ficar on agr ! vou sair daqui a 40 minutos EU VOLTO !
[7/2/2017 1:37:8] /b Galera , eu nao posso ficar on agr ! vou sair daqui a 40 minutos EU VOLTO !
[7/2/2017 1:37:8] /b Galera , eu nao posso ficar on agr ! vou sair daqui a 40 minutos EU VOLTO !
[7/2/2017 1:37:39] /b Galera , eu nao posso ficar on agr ! vou sair daqui a 40 minutos EU VOLTO ! JAJA O ADM VAI DAR OS POINTS !!
[7/2/2017 1:37:40] /b Galera , eu nao posso ficar on agr ! vou sair daqui a 40 minutos EU VOLTO ! JAJA O ADM VAI DAR OS POINTS !!
[7/2/2017 1:37:40] /b Galera , eu nao posso ficar on agr ! vou sair daqui a 40 minutos EU VOLTO ! JAJA O ADM VAI DAR OS POINTS !!
[7/2/2017 1:37:52] /ghost
[7/2/2017 3:51:1] /b Opaa 5 Mil Reais , EM POINTS !!
[7/2/2017 3:51:2] /b Opaa 5 Mil Reais , EM POINTS !!
[7/2/2017 3:51:3] /b Opaa 5 Mil Reais , EM POINTS !!
[7/2/2017 3:51:15] /up 4
[7/2/2017 3:51:16] /mc
[7/2/2017 3:54:10] /goto Edwige
[7/2/2017 3:54:17] /goto Edwige
[7/2/2017 3:54:34] /t Edwige
[7/2/2017 3:54:36] /t
[7/2/2017 3:55:1] /goto Edwige
[7/2/2017 3:55:4] /ghost
[7/2/2017 3:55:19] /ghost
[7/2/2017 3:55:56] /goto Edwige
[7/2/2017 3:57:7] /t
[7/2/2017 3:57:9] /ghost
[7/2/2017 4:3:9] /mc
[7/2/2017 4:7:7] /ghost
[7/2/2017 4:7:10] /goto Zoowie
[7/2/2017 4:7:12] /t
[7/2/2017 4:7:15] /ghost
[7/2/2017 4:9:38] /ghost
[7/2/2017 4:9:40] /goto Knight Paper Shield
[7/2/2017 4:9:45] /a 4
[7/2/2017 4:10:30] /t
[7/2/2017 4:10:34] /ghost
[7/2/2017 4:53:54] /ghost
[7/2/2017 5:24:55] /goto Ajudante Do Ribeiro
[7/2/2017 5:24:59] /ghost
[7/2/2017 5:25:28] /mc
[7/2/2017 5:26:8] /ghost
[7/2/2017 5:39:50] /mc
[7/2/2017 5:48:10] /up
[7/2/2017 5:48:13] /a 5
[7/2/2017 5:48:15] /a 
[7/2/2017 5:48:21] /a
[7/2/2017 5:50:54] /t
[7/2/2017 5:53:16] /mc
[7/2/2017 5:55:10] /ghost
[7/2/2017 5:57:8] /ghost
[7/2/2017 6:31:9] /goto Ajudante Do Ribeiro
[7/2/2017 6:35:9] /goto Hellow
[7/2/2017 6:35:22] /t
[7/2/2017 6:49:9] /ghost
[7/2/2017 6:49:25] /ghost
[7/2/2017 6:49:26] /up
[7/2/2017 7:13:28] /t
[7/2/2017 7:13:34] /mc
[7/2/2017 8:36:23] /ghost
[7/2/2017 8:36:24] /ghost
[7/2/2017 8:38:43] /ghost
[7/2/2017 8:38:44] /ghost
[7/2/2017 8:46:36] /goto Fortuna Multadao
[7/2/2017 9:11:0] /mc
[7/2/2017 9:14:21] /mc
[7/2/2017 16:28:57] /ghost
[7/2/2017 16:29:13] /b Bom Diaa '-
[7/2/2017 16:29:57] /ghost
[7/2/2017 16:32:31] /ghost
[7/2/2017 16:32:41] /ghost
[7/2/2017 16:32:56] /mc
[7/2/2017 16:33:25] /goto Mazukit
[7/2/2017 16:34:12] /mc
[7/2/2017 16:39:40] /mc
[7/2/2017 16:42:33] /t
[8/2/2017 4:16:41] /ghost
[8/2/2017 4:16:46] /ghost
[8/2/2017 4:17:35] /goto Lord Husam 
[8/2/2017 4:17:36] /goto Lord Husam
[8/2/2017 4:19:55] /mc
[8/2/2017 4:19:58] /up 4
[8/2/2017 4:22:3] /goto Mr Bizon 
[8/2/2017 4:22:17] /a 5
[8/2/2017 4:22:18] /a 5
[8/2/2017 4:22:18] /a 5
[8/2/2017 4:22:19] /a 5
[8/2/2017 4:22:19] /a 5
[8/2/2017 4:22:20] /a 5
[8/2/2017 4:22:20] /a 5
[8/2/2017 4:22:21] /a 5
[8/2/2017 4:22:22] /a 5
[8/2/2017 4:22:22] /a 5
[8/2/2017 4:22:23] /a 5
[8/2/2017 4:22:23] /a 5
[8/2/2017 4:22:24] /a 5
[8/2/2017 4:22:24] /a 5
[8/2/2017 4:22:25] /a 5
[8/2/2017 4:22:25] /a 5
[8/2/2017 4:22:26] /a 5
[8/2/2017 4:22:27] /a 50
[8/2/2017 4:22:29] /a 50
[8/2/2017 4:22:30] /a 50
[8/2/2017 4:22:31] /a 50
[8/2/2017 4:22:32] /a 50
[8/2/2017 4:22:32] /a 50
[8/2/2017 4:22:33] /a 50
[8/2/2017 4:22:34] /a 50
[8/2/2017 4:22:35] /a 50
[8/2/2017 4:22:37] /a 50
[8/2/2017 4:22:38] /a 50
[8/2/2017 4:22:39] /a 50
[8/2/2017 4:22:40] /a 50
[8/2/2017 4:22:41] /a 50
[8/2/2017 4:22:42] /a 50
[8/2/2017 4:22:43] /a 50
[8/2/2017 4:22:43] /a 50
[8/2/2017 4:22:45] /a 50
[8/2/2017 4:22:48] /a 15
[8/2/2017 4:22:54] /a 15
[8/2/2017 4:22:55] /a 15
[8/2/2017 4:22:55] /a 15
[8/2/2017 4:22:57] /a 15
[8/2/2017 4:22:58] /a 15
[8/2/2017 4:22:59] /a 15
[8/2/2017 4:22:59] /a 15
[8/2/2017 4:23:0] /a 15
[8/2/2017 4:23:0] /a 15
[8/2/2017 4:23:1] /a 15
[8/2/2017 4:23:1] /a 15
[8/2/2017 4:23:2] /a 15
[8/2/2017 4:23:4] /a 2
[8/2/2017 4:23:8] /a 15
[8/2/2017 4:23:8] /a 15
[8/2/2017 4:23:9] /a 15
[8/2/2017 4:23:10] /a 15
[8/2/2017 4:23:11] /a 15
[8/2/2017 4:23:12] /a 15
[8/2/2017 4:23:12] /a 15
[8/2/2017 4:23:13] /a 15
[8/2/2017 4:23:14] /a 15
[8/2/2017 4:23:15] /a 15
[8/2/2017 4:23:16] /a 15
[8/2/2017 4:23:16] /a 15
[8/2/2017 4:23:17] /a 15
[8/2/2017 4:23:19] /a 15
[8/2/2017 4:23:20] /a 15
[8/2/2017 4:23:20] /a 15
[8/2/2017 4:23:22] /a 15
[8/2/2017 4:23:22] /a 15
[8/2/2017 4:23:26] /a 15
[8/2/2017 4:23:28] /a 45
[8/2/2017 4:23:29] /a 5
[8/2/2017 4:23:31] /a 3
[8/2/2017 4:23:38] /a 50
[8/2/2017 4:23:40] /a 50
[8/2/2017 4:23:44] /a 4
[8/2/2017 4:23:45] /a 4
[8/2/2017 4:23:46] /a 4
[8/2/2017 4:23:48] /a 4
[8/2/2017 4:23:49] /a 4
[8/2/2017 4:23:49] /a 4
[8/2/2017 4:23:51] /a 4
[8/2/2017 4:23:52] /a 4
[8/2/2017 4:23:52] /a 4
[8/2/2017 4:23:53] /a 4
[8/2/2017 4:23:53] /a 4
[8/2/2017 4:23:53] /a 4
[8/2/2017 4:23:54] /a 4
[8/2/2017 4:23:54] /a 4
[8/2/2017 4:23:55] /a 4
[8/2/2017 4:23:56] /a 4
[8/2/2017 4:23:56] /a 4
[8/2/2017 4:24:15] /goto Cachorro Belga
[8/2/2017 4:24:22] /a 50
[8/2/2017 4:24:26] /a 50
[8/2/2017 4:24:27] /a 50
[8/2/2017 4:24:31] /a 50
[8/2/2017 4:24:42] /t
[8/2/2017 4:26:3] /goto So Pra War
[8/2/2017 4:26:7] /goto So Pra War
[8/2/2017 4:26:14] /goto So Pra War
[8/2/2017 4:26:22] /goto So Pra War
[8/2/2017 4:26:34] /t
[8/2/2017 4:43:11] /goto Rodrigo Santos
[8/2/2017 4:45:7] /b 23:39 New record: 113 players are logged in.
[8/2/2017 4:45:16] /b Go Galera Chamem Seus AMIGOS !!
[8/2/2017 4:45:19] /b Go Galera Chamem Seus AMIGOS !!
[8/2/2017 4:48:10] /b EI Ribeiro , deixa eu AJUDAR A POR OS POINTS DOS MLK AII ?
[8/2/2017 4:48:11] /b EI Ribeiro , deixa eu AJUDAR A POR OS POINTS DOS MLK AII ?
[8/2/2017 4:48:12] /b EI Ribeiro , deixa eu AJUDAR A POR OS POINTS DOS MLK AII ?
[8/2/2017 4:48:13] /b EI Ribeiro , deixa eu AJUDAR A POR OS POINTS DOS MLK AII ?
[8/2/2017 4:48:36] /b EI Ribeiro , deixa eu AJUDAR A POR OS POINTS DOS MLK AII ?
[8/2/2017 4:49:2] /b Galeraaaaaaaaaaaaaaaa parem de mandar pm !! EU NAO POSSO POR OS POINTS !
[8/2/2017 4:49:3] /b Galeraaaaaaaaaaaaaaaa parem de mandar pm !! EU NAO POSSO POR OS POINTS !
[8/2/2017 4:49:4] /b Galeraaaaaaaaaaaaaaaa parem de mandar pm !! EU NAO POSSO POR OS POINTS !
[8/2/2017 4:49:4] /b Galeraaaaaaaaaaaaaaaa parem de mandar pm !! EU NAO POSSO POR OS POINTS !
[8/2/2017 4:49:5] /b Galeraaaaaaaaaaaaaaaa parem de mandar pm !! EU NAO POSSO POR OS POINTS !
[8/2/2017 4:49:6] /b Galeraaaaaaaaaaaaaaaa parem de mandar pm !! EU NAO POSSO POR OS POINTS !
[8/2/2017 4:49:6] /b Galeraaaaaaaaaaaaaaaa parem de mandar pm !! EU NAO POSSO POR OS POINTS !
[8/2/2017 4:49:28] /b ESTOU TENTANDO FALAR COM O ADM PRA ELE DEIXAR EU AJUDAR A POR OS POINTS DE VCS ! 
[8/2/2017 4:49:28] /b ESTOU TENTANDO FALAR COM O ADM PRA ELE DEIXAR EU AJUDAR A POR OS POINTS DE VCS ! 
[8/2/2017 4:49:29] /b ESTOU TENTANDO FALAR COM O ADM PRA ELE DEIXAR EU AJUDAR A POR OS POINTS DE VCS ! 
[8/2/2017 4:51:57] /t
[8/2/2017 4:52:29] /ghost
[8/2/2017 4:52:49] /ghost
[8/2/2017 4:53:35] /up 4
[8/2/2017 4:53:37] /mc
[8/2/2017 4:53:52] /goto Paladina
[8/2/2017 4:53:55] /t
[8/2/2017 4:53:56] /up 4
[8/2/2017 4:56:0] /t
[8/2/2017 5:1:5] /a 5
[8/2/2017 5:1:19] /a 5
[8/2/2017 5:1:20] /a 5
[8/2/2017 5:1:21] /a 5
[8/2/2017 5:11:6] /goto Fortuna Multidao
[8/2/2017 5:11:8] /goto Fortuna Multidao
[8/2/2017 5:11:10] /goto Fortuna Multidao
[8/2/2017 5:11:12] /goto Fortuna Multidao
[8/2/2017 5:11:13] /goto Fortuna Multidao
[8/2/2017 5:11:15] /goto Fortuna Multidao
[8/2/2017 5:11:16] /goto Fortuna Multidao
[8/2/2017 5:11:17] /t
[8/2/2017 5:51:53] /goto Ana Claudia
[8/2/2017 5:51:57] /goto Ana Claudia
[8/2/2017 5:51:59] /goto Ana Claudia
[8/2/2017 5:52:2] /goto Ana Claudia
[8/2/2017 5:52:3] /goto Ana Claudia
[8/2/2017 5:52:4] /t
[8/2/2017 6:48:18] /goto Fuck on 
[8/2/2017 6:48:23] /goto Fuck on 
[8/2/2017 6:48:28] /goto Fuck on 
[8/2/2017 6:48:34] /goto Fuck on 
[8/2/2017 6:48:41] /goto Fuck on 
[8/2/2017 6:48:43] /goto Fuck on 
[8/2/2017 6:48:47] /goto Fuck on 
[8/2/2017 6:48:55] /t
[8/2/2017 6:49:18] /mc
[8/2/2017 7:53:54] /mc
[8/2/2017 7:54:21] /goto Fortuna Multidao
[8/2/2017 7:54:23] /goto Fortuna Multidao
[8/2/2017 7:54:25] /goto Fortuna Multidao
[8/2/2017 7:54:27] /goto Fortuna Multidao
[8/2/2017 7:54:33] /goto Fortuna Multidao
[8/2/2017 7:54:38] /goto Fortuna Multidao
[8/2/2017 7:54:40] /goto Fortuna Multidao
[8/2/2017 7:54:45] /goto Fortuna Multidao
[8/2/2017 7:55:33] /goto Cachorro Belga
[8/2/2017 7:55:52] /goto Palla Of Death
[8/2/2017 7:55:59] /goto Chapado
[8/2/2017 7:56:21] /goto Rodrigo Santos 
[8/2/2017 7:56:38] /goto Lord Paulistinha
[8/2/2017 7:57:10] /goto Risan
[8/2/2017 7:57:16] /goto Marijuana
[8/2/2017 7:57:19] /goto Marijuana
[8/2/2017 7:57:35] /goto Tempestade
[8/2/2017 8:4:23] /mc
[8/2/2017 8:10:45] /goto Fortuna Multidao
[8/2/2017 8:31:53] /goto Fortuna Multidao
[8/2/2017 8:31:57] /goto Fortuna Multidao
[8/2/2017 8:32:1] /t
[8/2/2017 8:32:6] /mc
[8/2/2017 8:32:17] /up 3
[8/2/2017 8:32:26] /goto Olha explosao
[8/2/2017 8:32:35] /goto Fuck on 
[8/2/2017 16:38:11] /t
[8/2/2017 16:39:23] /goto Browk
[8/2/2017 16:39:26] /goto Browk
[8/2/2017 16:39:27] /goto Browk
[8/2/2017 16:39:29] /goto Browk
[8/2/2017 16:39:38] /goto Browk
[8/2/2017 16:39:42] /goto Browk
[8/2/2017 16:39:47] /mc
[8/2/2017 16:40:19] /t
[8/2/2017 16:40:32] /goto Sir Zandre 
[8/2/2017 16:40:34] /goto Sir Zandre
[8/2/2017 16:40:39] /goto Fortuna Multidao
[8/2/2017 16:40:44] /a 2
[8/2/2017 16:42:28] /t
[8/2/2017 16:42:31] /goto Fortuna Multidao
[8/2/2017 16:42:42] /goto Fortuna Multidao
[8/2/2017 16:42:52] /t
[9/2/2017 6:35:49] /mc
[9/2/2017 6:37:12] /mc
[9/2/2017 6:37:54] /goto Browk
[9/2/2017 6:38:3] /goto Browk
[9/2/2017 6:38:7] /t
[9/2/2017 6:38:13] /goto Mormaya
[9/2/2017 6:38:19] /goto Mormaya
[9/2/2017 6:38:25] /t
[9/2/2017 6:39:13] /goto Shock Nelas
[9/2/2017 6:39:19] /t
[9/2/2017 6:52:35] /goto Shock Nelas
[9/2/2017 6:52:36] /t
[9/2/2017 6:52:40] /goto Mormaya
[9/2/2017 6:52:42] /t
[9/2/2017 6:54:5] /goto Fortuna Multidao
[9/2/2017 6:54:9] /t
[9/2/2017 6:57:11] /goto Vithow Dashow
[9/2/2017 6:57:23] /goto Vitinho Dashow
[9/2/2017 6:57:38] /t
[9/2/2017 6:59:25] /goto Chapado
[9/2/2017 7:3:24] /goto Mormata
[9/2/2017 7:3:27] /goto Mormaya
[9/2/2017 7:7:0] /mc
[9/2/2017 7:7:3] /goto Chapado
[9/2/2017 7:7:6] /goto Luna
[9/2/2017 7:7:15] /goto Blockerzinhosz
[9/2/2017 7:10:45] /t
[9/2/2017 7:10:53] /goto King Of Delay
[9/2/2017 7:10:57] /t
[9/2/2017 7:11:55] /goto Constantine Fsr
[9/2/2017 7:52:27] /goto Principe
[9/2/2017 7:52:34] /mc
[9/2/2017 7:53:0] /goto Soodio
[9/2/2017 7:53:46] /t
[9/2/2017 7:53:56] /goto Vitinho dashow
[9/2/2017 7:54:1] /goto Vitinho Dashow
[9/2/2017 8:10:35] /mc
[9/2/2017 8:10:38] /goto Chapado
[9/2/2017 8:11:2] /goto Flexada Na Bunda
[9/2/2017 8:11:19] /goto Soodio
[9/2/2017 8:11:34] /t
[9/2/2017 8:12:24] /goto Mormaya
[9/2/2017 8:12:31] /goto Shock Nelas
[9/2/2017 8:13:50] /t
[9/2/2017 8:14:44] /mc
[9/2/2017 8:18:38] /mc
[9/2/2017 8:18:50] /goto Hazard
[9/2/2017 8:18:52] /goto Hazard
[9/2/2017 8:18:56] /goto Luna
[9/2/2017 8:19:3] /goto Palla Off Death
[9/2/2017 8:19:10] /goto King Of Delay
[9/2/2017 8:19:13] /goto King Of Delay
[9/2/2017 8:19:17] /t
[9/2/2017 8:19:50] /t
[9/2/2017 8:20:22] /a 50
[9/2/2017 8:20:23] /a 50
[9/2/2017 8:20:27] /a 50
[9/2/2017 8:20:29] /a 50
[9/2/2017 8:20:32] /a 5
[9/2/2017 8:20:33] /a 5
[9/2/2017 8:20:34] /a 5
[9/2/2017 8:20:35] /a 5
[9/2/2017 8:20:38] /a 5
[9/2/2017 8:20:38] /a 5
[9/2/2017 8:20:39] /a 5
[9/2/2017 8:20:41] /a 5
[9/2/2017 8:20:42] /a 5
[9/2/2017 8:20:45] /a 5
[9/2/2017 8:20:50] /a 5
[9/2/2017 8:20:51] /a 5
[9/2/2017 8:20:51] /a 5
[9/2/2017 8:20:52] /a 5
[9/2/2017 8:20:54] /a 5
[9/2/2017 8:21:5] /a 5
[9/2/2017 8:21:6] /a 5
[9/2/2017 8:21:10] /down 2
[9/2/2017 8:21:15] /a 5
[9/2/2017 8:21:15] /a 5
[9/2/2017 8:21:16] /a 5
[9/2/2017 8:21:17] /a 5
[9/2/2017 8:21:17] /a 5
[9/2/2017 8:21:18] /a 5
[9/2/2017 8:21:20] /a 5
[9/2/2017 8:21:21] /a 5
[9/2/2017 8:21:23] /a 5
[9/2/2017 8:21:24] /a 5
[9/2/2017 8:21:28] /a 5
[9/2/2017 8:21:28] /a 5
[9/2/2017 8:21:30] /a 5
[9/2/2017 8:21:33] /up
[9/2/2017 8:21:37] /down
[9/2/2017 8:21:40] /a 5
[9/2/2017 8:21:41] /a 5
[9/2/2017 8:21:42] /a 5
[9/2/2017 8:21:42] /a 5
[9/2/2017 8:21:44] /a 5
[9/2/2017 8:21:44] /a 5
[9/2/2017 8:21:45] /a 5
[9/2/2017 8:21:46] /a 5
[9/2/2017 8:21:47] /a 5
[9/2/2017 8:21:48] /a 5
[9/2/2017 8:21:49] /a 5
[9/2/2017 8:21:50] /a 5
[9/2/2017 8:21:50] /a 5
[9/2/2017 8:21:51] /a 5
[9/2/2017 8:21:51] /a 5
[9/2/2017 8:21:52] /a 5
[9/2/2017 8:21:53] /a 5
[9/2/2017 8:21:54] /a 5
[9/2/2017 8:21:54] /a 5
[9/2/2017 8:21:55] /a 5
[9/2/2017 8:21:56] /a 5
[9/2/2017 8:21:56] /a 5
[9/2/2017 8:21:57] /a 5
[9/2/2017 8:21:57] /a 5
[9/2/2017 8:21:58] /a 5
[9/2/2017 8:21:59] /a 5
[9/2/2017 8:21:59] /a 5
[9/2/2017 8:22:0] /a 5
[9/2/2017 8:22:0] /a 5
[9/2/2017 8:22:1] /a 5
[9/2/2017 8:22:1] /a 5
[9/2/2017 8:22:4] /a 5
[9/2/2017 8:22:4] /a 5
[9/2/2017 8:22:5] /a 5
[9/2/2017 8:22:5] /a 5
[9/2/2017 8:22:6] /a 5
[9/2/2017 8:22:7] /a 5
[9/2/2017 8:22:9] /a 5
[9/2/2017 8:22:9] /a 5
[9/2/2017 8:22:10] /a 5
[9/2/2017 8:22:11] /a 5
[9/2/2017 8:22:12] /a 5
[9/2/2017 8:22:14] /a 5
[9/2/2017 8:22:15] /a 5
[9/2/2017 8:22:15] /a 5
[9/2/2017 8:22:16] /a 5
[9/2/2017 8:22:16] /a 5
[9/2/2017 8:22:17] /a 5
[9/2/2017 8:22:18] /a 5
[9/2/2017 8:22:19] /a 5
[9/2/2017 8:22:19] /a 5
[9/2/2017 8:22:21] /a 5
[9/2/2017 8:22:21] /a 5
[9/2/2017 8:22:22] /a 5
[9/2/2017 8:22:22] /a 5
[9/2/2017 8:22:25] /a 5
[9/2/2017 8:22:26] /a 5
[9/2/2017 8:22:29] /a 5
[9/2/2017 8:22:30] /a 5
[9/2/2017 8:22:31] /a 5
[9/2/2017 8:22:34] /up
[9/2/2017 8:22:37] /up
[9/2/2017 8:22:40] /a 5
[9/2/2017 8:22:41] /a 5
[9/2/2017 8:22:42] /a 5
[9/2/2017 8:22:43] /a 5
[9/2/2017 8:22:44] /a 5
[9/2/2017 8:22:45] /a 5
[9/2/2017 8:22:46] /a 5
[9/2/2017 8:22:47] /a 5
[9/2/2017 8:22:48] /a 5
[9/2/2017 8:22:48] /a 5
[9/2/2017 8:22:49] /a 5
[9/2/2017 8:22:50] /a 5
[9/2/2017 8:22:51] /a 5
[9/2/2017 8:22:52] /a 5
[9/2/2017 8:22:53] /a 5
[9/2/2017 8:22:53] /a 5
[9/2/2017 8:22:54] /a 5
[9/2/2017 8:22:54] /a 5
[9/2/2017 8:22:55] /a 5
[9/2/2017 8:22:55] /a 5
[9/2/2017 8:22:56] /a 5
[9/2/2017 8:22:57] /a 5
[9/2/2017 8:22:58] /a 5
[9/2/2017 8:22:59] /a 5
[9/2/2017 8:23:0] /a 5
[9/2/2017 8:23:0] /a 5
[9/2/2017 8:23:1] /a 5
[9/2/2017 8:23:2] /a 5
[9/2/2017 8:23:2] /a 5
[9/2/2017 8:23:3] /a 5
[9/2/2017 8:23:3] /a 5
[9/2/2017 8:23:4] /a 5
[9/2/2017 8:23:4] /a 5
[9/2/2017 8:23:6] /a 5
[9/2/2017 8:23:7] /a 5
[9/2/2017 8:23:7] /a 5
[9/2/2017 8:23:8] /a 5
[9/2/2017 8:23:9] /a 5
[9/2/2017 8:23:10] /a 5
[9/2/2017 8:23:11] /a 5
[9/2/2017 8:23:24] /a 5
[9/2/2017 8:23:25] /a 5
[9/2/2017 8:23:25] /a 5
[9/2/2017 8:23:27] /a 5
[9/2/2017 8:23:27] /a 5
[9/2/2017 8:23:28] /a 5
[9/2/2017 8:23:29] /a 5
[9/2/2017 8:23:29] /a 5
[9/2/2017 8:23:30] /a 5
[9/2/2017 8:23:37] /a 5
[9/2/2017 8:23:37] /a 5
[9/2/2017 8:23:41] /a 5
[9/2/2017 8:23:43] /a 5
[9/2/2017 8:23:44] /a 5
[9/2/2017 8:23:44] /a 5
[9/2/2017 8:23:45] /a 5
[9/2/2017 8:23:46] /a 5
[9/2/2017 8:23:46] /a 5
[9/2/2017 8:23:47] /a 5
[9/2/2017 8:23:48] /a 5
[9/2/2017 8:23:48] /a 5
[9/2/2017 8:23:49] /a 5
[9/2/2017 8:23:49] /a 5
[9/2/2017 8:23:50] /a 5
[9/2/2017 8:23:51] /a 5
[9/2/2017 8:23:51] /a 5
[9/2/2017 8:23:52] /a 5
[9/2/2017 8:23:52] /a 5
[9/2/2017 8:23:53] /a 5
[9/2/2017 8:23:54] /a 5
[9/2/2017 8:23:54] /a 5
[9/2/2017 8:23:55] /a 5
[9/2/2017 8:23:55] /a 5
[9/2/2017 8:23:56] /a 5
[9/2/2017 8:23:57] /a 5
[9/2/2017 8:23:58] /a 5
[9/2/2017 8:23:59] /a 5
[9/2/2017 8:24:0] /a 5
[9/2/2017 8:24:0] /a 5
[9/2/2017 8:24:1] /a 5
[9/2/2017 8:24:2] /a 5
[9/2/2017 8:24:3] /t
[9/2/2017 8:24:7] /mc
[9/2/2017 8:24:56] /goto Fortuna Multidao
[9/2/2017 8:26:19] /goto Fortuna Multidao
[9/2/2017 8:26:30] /t
[9/2/2017 8:27:15] /mc
[9/2/2017 8:29:37] /goto Fortuna Multidao
[9/2/2017 8:29:39] /t
[9/2/2017 8:32:25] /goto Chora Boy Fsr
[9/2/2017 8:32:30] /t
[9/2/2017 8:32:37] /goto Coyote Thug Life
[9/2/2017 8:32:40] /t
[9/2/2017 8:32:46] /goto Druidera Fsr
[9/2/2017 8:32:52] /t
[9/2/2017 8:32:59] /goto Flexada Na Bunda
[9/2/2017 8:33:2] /t
[9/2/2017 8:33:9] /goto Fuck on
[9/2/2017 8:33:14] /t
[9/2/2017 8:33:27] /mc
[9/2/2017 8:33:59] /goto Nnay
[9/2/2017 8:34:0] /t
[9/2/2017 8:34:13] /goto Principe
[9/2/2017 8:34:37] /goto Principe
[9/2/2017 8:34:46] /goto Pro Di Mi
[9/2/2017 8:34:52] /goto Risan
[9/2/2017 8:35:3] /goto Sznymi
[9/2/2017 8:35:19] /goto Vida Loka
[9/2/2017 8:35:20] /t
[9/2/2017 8:35:27] /goto Vision Mage
[9/2/2017 8:35:28] /t
[9/2/2017 8:45:28] /goto Principe
[9/2/2017 8:45:37] /goto Fuck on
[9/2/2017 8:45:45] /goto Flexada Na Bunda
[9/2/2017 8:45:48] /t
[10/2/2017 0:51:50] /ghost
[10/2/2017 0:52:48] /mc
[10/2/2017 1:1:20] /ghost
[10/2/2017 1:1:22] /mc
[10/2/2017 1:1:28] /goto Mec Mec Feliz
[10/2/2017 1:1:40] /goto Mec Mec Feliz
[10/2/2017 1:1:50] /goto Mec Mec Feliz
[10/2/2017 1:9:4] /goto Mormaya
[10/2/2017 1:9:6] /t
[10/2/2017 1:11:11] /up 4
[10/2/2017 1:11:12] /mc
[10/2/2017 1:11:33] /goto Zangado
[10/2/2017 1:11:36] /up 4
[10/2/2017 1:12:34] /goto Indio Fsr
[10/2/2017 1:12:39] /goto Indio Fsr
[10/2/2017 1:13:24] /goto Chora Boy Fsr
[10/2/2017 1:13:43] /goto Shop Online
[10/2/2017 1:13:52] /goto Shop Onlline
[10/2/2017 1:16:57] /bc '-
[10/2/2017 1:17:24] /goto Zangado
[10/2/2017 1:18:5] /goto Fuck on
[10/2/2017 1:18:8] /t
[10/2/2017 1:18:15] /goto Hellow
[10/2/2017 1:18:32] /t
[10/2/2017 1:18:36] /a 5
[10/2/2017 1:18:37] /a 5
[10/2/2017 1:18:38] /up
[10/2/2017 1:18:42] /a 5
[10/2/2017 1:19:1] /ghost
[10/2/2017 1:19:20] /ghost
[10/2/2017 4:41:41] /up 4
[10/2/2017 4:41:42] /mc
[10/2/2017 5:0:21] /t
[10/2/2017 5:12:56] /mc
[10/2/2017 5:21:44] /goto Mormaya
[10/2/2017 5:23:55] /goto Fuck on
[10/2/2017 5:23:57] /t
[10/2/2017 6:11:30] /mc
[10/2/2017 7:0:35] /goto Mormaya
[10/2/2017 7:0:38] /t
[10/2/2017 7:11:41] /goto Fortuna Multidao
[10/2/2017 7:17:35] /goto Vitinho dashow
[10/2/2017 7:17:46] /up
[10/2/2017 7:17:48] /t
[10/2/2017 7:17:51] /up 3
[10/2/2017 7:18:4] /mc
[10/2/2017 7:20:48] /goto Jake Taduro
[10/2/2017 7:20:56] /t
[10/2/2017 7:26:11] /up 3
[10/2/2017 7:26:12] /mc
[10/2/2017 7:26:26] /goto Vitinho Dashow
[10/2/2017 7:26:29] /t
[10/2/2017 7:26:31] /up 3
[10/2/2017 7:26:36] /goto Kamikaze
[10/2/2017 7:26:43] /goto Art Sleyer
[10/2/2017 7:26:53] /goto Guinu Da Macedonia
[10/2/2017 7:27:1] /goto Mata Rindo Fsr
[10/2/2017 7:27:13] /goto Blockerzinhosz
[10/2/2017 7:27:20] /goto Ana Claudia
[10/2/2017 7:27:26] /goto Fortuna Multidao
[10/2/2017 7:27:33] /goto Vitinho Tanker
[10/2/2017 7:27:47] /goto Jake Taduro
[10/2/2017 7:27:52] /goto Pudim Attacker
[10/2/2017 7:27:57] /goto Last Rei
[10/2/2017 7:28:2] /goto Joao Ek
[10/2/2017 7:28:13] /goto Pallyzeerah
[10/2/2017 7:28:18] /goto Cebolinha
[10/2/2017 7:28:24] /goto Pally Dvr
[10/2/2017 7:28:43] /goto Fortuna Multidao
[10/2/2017 7:28:46] /goto Fortuna Multidao
[10/2/2017 7:31:35] /goto Fortuna Multidao
[10/2/2017 7:32:3] /t Sky Pre Pago
[10/2/2017 7:56:24] /goto Fortuna Multidao
[10/2/2017 7:56:29] /goto Fuck on
[10/2/2017 7:56:33] /goto Fuck on
[10/2/2017 7:56:39] /goto Fuck on
[10/2/2017 7:56:41] /t
[10/2/2017 8:4:8] /goto Fuck On
[10/2/2017 8:4:10] /t
[10/2/2017 8:4:13] /goto Mormaya
[10/2/2017 8:4:18] /goto Shock Nelas
[10/2/2017 8:4:20] /t
[10/2/2017 8:4:21] /mc
[10/2/2017 8:4:25] /goto Devassa
[10/2/2017 8:4:32] /goto Bafo De Buceta
[10/2/2017 8:5:7] /t
[10/2/2017 8:6:42] /goto Principe
[10/2/2017 8:6:46] /t
[10/2/2017 8:28:51] /kick Principe
[10/2/2017 8:32:36] /up 3
[10/2/2017 8:32:39] /bc ola
[10/2/2017 8:32:44] /bc Withj '---
[10/2/2017 8:32:59] /bc Boa Madrugada , Galerinha
[10/2/2017 8:33:31] #b '--
[10/2/2017 8:34:13] #b To indo Dormir '- flw
[10/2/2017 8:35:37] /t
[10/2/2017 17:41:55] /ghost
[10/2/2017 17:42:48] /goto ADM RbOT
[10/2/2017 17:42:52] /ghost
[10/2/2017 17:43:1] /up 3
[10/2/2017 17:43:4] /up
[10/2/2017 17:43:6] /t
[10/2/2017 17:43:40] /up
[10/2/2017 17:43:42] /up
[10/2/2017 17:43:43] /up
[10/2/2017 17:43:44] /up
[10/2/2017 17:43:44] /t
[10/2/2017 17:43:49] /goto Ajudando do ribeiro
[10/2/2017 17:43:52] /mc
[10/2/2017 17:44:8] /goto ADM RbOT
[10/2/2017 17:44:16] /goto Ajudante de ribeiro
[10/2/2017 17:44:42] /goto Ajudante Do Ribeiro
[10/2/2017 17:45:21] /goto ADM RbOT
[10/2/2017 17:45:24] /ghost
[10/2/2017 17:47:49] /b Quem eu VER NA Lista de MC !! VOU DAR BAN !
[10/2/2017 17:48:25] /b Quem eu VER NA Lista de MC Querendo pegar Mais Points !! VOU DAR BAN !
[10/2/2017 17:48:38] /mc
[10/2/2017 17:49:20] /b QUEST DO DADO PARA GANHAR  POINTS !
[10/2/2017 17:49:21] /b QUEST DO DADO PARA GANHAR  POINTS !
[10/2/2017 17:49:41] /a 4
[10/2/2017 17:50:21] /goto Ajudante Do Ribeiro
[10/2/2017 17:50:27] /a 10
[10/2/2017 17:50:29] /a 2
[10/2/2017 17:51:40] /b quest´s do DADO pra ganhar pontos corra lá ! Nao vale mc !
[10/2/2017 17:51:54] /b quest´s do DADO pra ganhar pontos corra lá ! Nao vale mc !
[10/2/2017 17:51:55] /b quest´s do DADO pra ganhar pontos corra lá ! Nao vale mc !
[10/2/2017 17:52:50] /a
[10/2/2017 17:52:51] /a
[10/2/2017 17:52:51] /a
[10/2/2017 17:52:53] /mc
[10/2/2017 17:53:10] /a 3
[10/2/2017 17:53:11] /a
[10/2/2017 17:53:50] /a 2
[10/2/2017 17:53:50] /a 2
[10/2/2017 17:53:51] /a 2
[10/2/2017 17:53:53] /a 2
[10/2/2017 17:53:57] /a 2
[10/2/2017 17:53:58] /a 2
[10/2/2017 17:53:59] /a 2
[10/2/2017 17:54:0] /a 2
[10/2/2017 17:54:2] /a 2
[10/2/2017 17:54:3] /a 2
[10/2/2017 17:54:5] /a 2
[10/2/2017 17:54:5] /a 2
[10/2/2017 17:54:18] /a 5
[10/2/2017 17:54:19] /a 5
[10/2/2017 17:54:22] /a 5
[10/2/2017 17:54:23] /a 2
[10/2/2017 17:54:26] /mc
[10/2/2017 17:57:33] /a 5
[10/2/2017 17:57:34] /a 5
[10/2/2017 17:57:34] /a 5
[10/2/2017 17:57:35] /a 5
[10/2/2017 17:57:36] /a 5
[10/2/2017 17:57:37] /a 5
[10/2/2017 17:57:38] /a 5
[10/2/2017 17:57:38] /a 5
[10/2/2017 17:57:39] /a 5
[10/2/2017 17:57:44] /t Swaten
[10/2/2017 17:58:58] /a 2
[10/2/2017 17:59:7] /a
[10/2/2017 17:59:8] /a
[10/2/2017 18:1:26] /a
[10/2/2017 18:1:26] /a
[10/2/2017 18:1:28] /a
[10/2/2017 18:1:29] /mc
[10/2/2017 18:1:49] /a
[10/2/2017 18:1:49] /a
[10/2/2017 18:1:59] /a
[10/2/2017 18:1:59] /a
[10/2/2017 18:2:0] /a
[10/2/2017 18:2:32] /a
[10/2/2017 18:2:33] /a
[10/2/2017 18:3:6] /a 5
[10/2/2017 18:3:7] /a 5
[10/2/2017 18:4:12] /t
[10/2/2017 18:4:19] /goto ADM Rbot
[10/2/2017 18:4:52] /a 2
[10/2/2017 18:4:55] /a 2
[10/2/2017 18:5:13] /a 5
[10/2/2017 18:5:14] /a 5
[10/2/2017 18:5:14] /a 5
[10/2/2017 18:5:15] /a 5
[10/2/2017 18:5:16] /a 5
[10/2/2017 18:5:16] /a 5
[10/2/2017 18:5:17] /a 5
[10/2/2017 18:5:18] /a 5
[10/2/2017 18:5:18] /a 5
[10/2/2017 18:5:21] /a
[10/2/2017 18:5:25] /a
[10/2/2017 18:5:25] /a
[10/2/2017 18:5:28] /a
[10/2/2017 18:5:53] /b Holly Tank , Leozin Paramax e Leonardo ! Mesma Pessoa ! ?
[10/2/2017 18:5:54] /b Holly Tank , Leozin Paramax e Leonardo ! Mesma Pessoa ! ?
[10/2/2017 18:5:54] /b Holly Tank , Leozin Paramax e Leonardo ! Mesma Pessoa ! ?
[10/2/2017 18:5:57] /a
[10/2/2017 18:5:57] /a
[10/2/2017 18:6:1] /a
[10/2/2017 18:6:2] /a
[10/2/2017 18:6:35] /t Holly Tank
[10/2/2017 18:6:42] /t Leozin Paramax
[10/2/2017 18:7:51] /a 3
[10/2/2017 18:7:53] /a
[10/2/2017 18:8:5] /mc
[10/2/2017 18:9:1] /goto Tekomo Nakama
[10/2/2017 18:9:29] /t
[10/2/2017 18:9:51] /goto ADM RbOT
[10/2/2017 18:10:23] /a 5
[10/2/2017 18:10:23] /a 5
[10/2/2017 18:10:25] /a 5
[10/2/2017 18:10:25] /a 5
[10/2/2017 18:10:26] /a 5
[10/2/2017 18:10:27] /a 5
[10/2/2017 18:10:28] /a 5
[10/2/2017 18:10:33] /t Mormaya
[10/2/2017 18:10:39] /t So Rusha Rp
[10/2/2017 18:10:44] /t Otura Melly
[10/2/2017 18:10:48] /t Trem Balao
[10/2/2017 18:10:51] /t Lucas Pvp
[10/2/2017 18:10:57] /t Hightower
[10/2/2017 18:11:0] /t Leonardo
[10/2/2017 18:11:29] /a 5
[10/2/2017 18:11:37] /t Ana Claudia
[10/2/2017 18:11:47] /t
[10/2/2017 18:12:14] /a 5
[10/2/2017 18:12:15] /a 5
[10/2/2017 18:12:15] /a 5
[10/2/2017 18:12:15] /a 5
[10/2/2017 18:12:16] /a 5
[10/2/2017 18:12:17] /a 5
[10/2/2017 18:12:17] /a 5
[10/2/2017 18:12:18] /a 5
[10/2/2017 18:12:18] /a 5
[10/2/2017 18:12:19] /a 5
[10/2/2017 18:12:19] /a 5
[10/2/2017 18:12:20] /t
[10/2/2017 18:18:12] /mc
[10/2/2017 18:18:45] /goto Mr Bizon
[10/2/2017 18:19:34] /t
[10/2/2017 18:21:28] /goto ADM Rbot
[10/2/2017 18:22:39] /t
[10/2/2017 18:22:51] /up 4
[10/2/2017 18:22:52] /mc
[10/2/2017 18:23:1] /mc
[10/2/2017 18:23:5] /mc
[10/2/2017 18:23:8] /mc
[10/2/2017 18:23:14] /mc
[10/2/2017 18:23:29] /mc
[10/2/2017 18:23:34] /mc
[10/2/2017 18:23:49] /mc
[10/2/2017 18:23:56] /mc
[10/2/2017 18:24:10] /t
[10/2/2017 18:24:52] /mc
[10/2/2017 18:25:17] /mc
[10/2/2017 18:27:4] /mc
[10/2/2017 18:27:53] /mc
[10/2/2017 18:30:11] /b Points so é falar no help !
[10/2/2017 18:30:35] /up
[10/2/2017 18:30:38] /a 2
[10/2/2017 18:30:42] /a 3
[10/2/2017 18:30:46] /a 5
[10/2/2017 18:30:48] /a 4
[10/2/2017 18:30:50] /a 4
[10/2/2017 18:31:50] /a 3
[10/2/2017 18:31:59] /a
[10/2/2017 18:32:9] /t
[10/2/2017 18:32:36] /up 4
[10/2/2017 18:32:37] /mc
[10/2/2017 18:33:14] /down
[10/2/2017 18:33:15] /down
[10/2/2017 18:33:18] /down
[10/2/2017 18:33:19] /a 2
[10/2/2017 18:33:21] /a 2
[10/2/2017 18:33:21] /a 2
[10/2/2017 18:33:21] /a 2
[10/2/2017 18:33:22] /a 2
[10/2/2017 18:33:22] /a 2
[10/2/2017 18:33:23] /a 2
[10/2/2017 18:33:23] /a 2
[10/2/2017 18:33:24] /a 2
[10/2/2017 18:33:24] /a 2
[10/2/2017 18:33:29] /a 2
[10/2/2017 18:33:30] /a 2
[10/2/2017 18:33:30] /a 2
[10/2/2017 18:33:31] /a 2
[10/2/2017 18:33:31] /a 2
[10/2/2017 18:33:32] /a 2
[10/2/2017 18:33:32] /a 2
[10/2/2017 18:33:32] /a 2
[10/2/2017 18:33:33] /a 2
[10/2/2017 18:33:33] /a 2
[10/2/2017 18:33:34] /a 2
[10/2/2017 18:33:34] /a 2
[10/2/2017 18:33:35] /a 2
[10/2/2017 18:33:35] /a 2
[10/2/2017 18:33:36] /a 2
[10/2/2017 18:34:4] /mc
[10/2/2017 18:35:53] /b GALERA , VOU ALMOÇAR JA VOLTO
[10/2/2017 18:35:54] /b GALERA , VOU ALMOÇAR JA VOLTO
[10/2/2017 18:35:55] /b GALERA , VOU ALMOÇAR JA VOLTO
[10/2/2017 18:35:56] /b GALERA , VOU ALMOÇAR JA VOLTO
[10/2/2017 18:35:57] /b GALERA , VOU ALMOÇAR JA VOLTO
[10/2/2017 18:35:59] /b GALERA , VOU ALMOÇAR JA VOLTO
[10/2/2017 18:36:4] /b GALERA , VOU ALMOÇAR JA VOLTO
[10/2/2017 18:50:2] /mc
[10/2/2017 18:57:2] /b kkk
[10/2/2017 19:3:36] /goto Ajudante do ribeiro
[10/2/2017 19:10:42] /mc
[10/2/2017 19:14:32] /up 3
[10/2/2017 19:14:34] /up
[10/2/2017 19:18:15] /t
[10/2/2017 19:22:1] /ghost
[10/2/2017 19:22:5] /goto Mormaya
[10/2/2017 19:22:7] /t
[10/2/2017 19:30:8] /ghost
[10/2/2017 22:19:12] /ghost
[10/2/2017 22:19:14] /goto Kamikaze
[10/2/2017 22:19:18] /up 3
[10/2/2017 22:19:26] /goto Kamikaze
[10/2/2017 22:19:45] /t
[10/2/2017 22:19:47] /ghost
[10/2/2017 23:9:17] /goto ADM RbOT
[10/2/2017 23:9:43] /mc
[10/2/2017 23:9:49] /a 5
[10/2/2017 23:9:50] /a 5
[10/2/2017 23:9:50] /a 5
[10/2/2017 23:10:21] /goto Frist
[10/2/2017 23:15:41] /b Para quem entrou Hoje , para ganhar 100 pontos e so upar  e falar o nome no help! e vim da trade em mim no templo
[10/2/2017 23:15:42] /b Para quem entrou Hoje , para ganhar 100 pontos e so upar  e falar o nome no help! e vim da trade em mim no templo
[10/2/2017 23:15:43] /b Para quem entrou Hoje , para ganhar 100 pontos e so upar  e falar o nome no help! e vim da trade em mim no templo
[10/2/2017 23:15:44] /b Para quem entrou Hoje , para ganhar 100 pontos e so upar  e falar o nome no help! e vim da trade em mim no templo
[10/2/2017 23:15:45] /b Para quem entrou Hoje , para ganhar 100 pontos e so upar  e falar o nome no help! e vim da trade em mim no templo
[10/2/2017 23:15:46] /b Para quem entrou Hoje , para ganhar 100 pontos e so upar  e falar o nome no help! e vim da trade em mim no templo
[10/2/2017 23:15:47] /b Para quem entrou Hoje , para ganhar 100 pontos e so upar  e falar o nome no help! e vim da trade em mim no templo
[10/2/2017 23:15:51] /b Para quem entrou Hoje , para ganhar 100 pontos e so upar  e falar o nome no help! e vim da trade em mim no templo
[10/2/2017 23:15:52] /b Para quem entrou Hoje , para ganhar 100 pontos e so upar  e falar o nome no help! e vim da trade em mim no templo
[10/2/2017 23:15:56] /b Para quem entrou Hoje , para ganhar 100 pontos e so upar  e falar o nome no help! e vim da trade em mim no templo
[10/2/2017 23:16:12] /up 4
[10/2/2017 23:16:20] /goto ADM RbOt
[10/2/2017 23:16:31] /up 3
[10/2/2017 23:16:45] /a 3
[10/2/2017 23:16:45] /a 3
[10/2/2017 23:16:46] /a 3
[10/2/2017 23:16:48] /a 3
[10/2/2017 23:16:48] /a 3
[10/2/2017 23:16:49] /a 3
[10/2/2017 23:16:53] /t
[10/2/2017 23:17:9] /a 2
[10/2/2017 23:17:12] /a
[10/2/2017 23:19:50] /mc
[10/2/2017 23:21:28] /mc
[10/2/2017 23:21:39] /a 5
[10/2/2017 23:22:3] /b Parem De MANDAR PM PRA ME !!
[10/2/2017 23:22:3] /b Parem De MANDAR PM PRA ME !!
[10/2/2017 23:22:4] /b Parem De MANDAR PM PRA ME !!
[10/2/2017 23:22:5] /b Parem De MANDAR PM PRA ME !!
[10/2/2017 23:22:6] /b Parem De MANDAR PM PRA ME !!
[10/2/2017 23:22:7] /b Parem De MANDAR PM PRA ME !!
[10/2/2017 23:22:7] /b Parem De MANDAR PM PRA ME !!
[10/2/2017 23:22:11] /b Parem De MANDAR PM PRA ME !!
[10/2/2017 23:22:11] /b Parem De MANDAR PM PRA ME !!
[10/2/2017 23:22:12] /b Parem De MANDAR PM PRA ME !!
[10/2/2017 23:22:12] /b Parem De MANDAR PM PRA ME !!
[10/2/2017 23:22:13] /b Parem De MANDAR PM PRA ME !!
[10/2/2017 23:22:14] /b Parem De MANDAR PM PRA ME !!
[10/2/2017 23:22:14] /b Parem De MANDAR PM PRA ME !!
[10/2/2017 23:22:15] /b Parem De MANDAR PM PRA ME !!
[10/2/2017 23:22:35] /mc
[10/2/2017 23:24:42] /mc
[10/2/2017 23:25:7] /mc
[10/2/2017 23:29:48] /goto Ana Claudia
[10/2/2017 23:30:10] /ghost
[10/2/2017 23:30:30] /ghost
[10/2/2017 23:32:38] /up 3
[10/2/2017 23:34:21] /t
[10/2/2017 23:34:51] /goto Lstb Oreiasz
[10/2/2017 23:35:26] /t
[10/2/2017 23:39:15] /up 3
[10/2/2017 23:39:16] /up
[10/2/2017 23:39:26] /t
[10/2/2017 23:40:13] /mc
[10/2/2017 23:44:25] /a 5
[10/2/2017 23:44:43] /b Galera jaja dou os points !
[10/2/2017 23:44:56] /b Perai que VOU Fazer aq !
[10/2/2017 23:45:29] /mc
[10/2/2017 23:46:16] /mc
[10/2/2017 23:48:6] /a
[10/2/2017 23:48:16] /b Galera ! VOU DANDO TRADE !
[10/2/2017 23:48:22] /b Galera ! VOU DANDO TRADE ! EM QUEM TIVER NO DEPOT !
[10/2/2017 23:48:23] /b Galera ! VOU DANDO TRADE ! EM QUEM TIVER NO DEPOT !
[10/2/2017 23:48:24] /b Galera ! VOU DANDO TRADE ! EM QUEM TIVER NO DEPOT !
[10/2/2017 23:48:24] /b Galera ! VOU DANDO TRADE ! EM QUEM TIVER NO DEPOT !
[10/2/2017 23:49:3] /mc
[10/2/2017 23:49:54] /mc
[10/2/2017 23:51:2] /a
[10/2/2017 23:51:2] /a
[10/2/2017 23:52:13] /t
[10/2/2017 23:52:20] /b GALERA VENHAM NO EVENTO DICE
[10/2/2017 23:52:21] /b GALERA VENHAM NO EVENTO DICE
[10/2/2017 23:52:22] /b GALERA VENHAM NO EVENTO DICE
[10/2/2017 23:52:23] /b GALERA VENHAM NO EVENTO DICE
[10/2/2017 23:52:25] /b GALERA VENHAM NO EVENTO DICE
[10/2/2017 23:52:29] /b GALERA VENHAM NO EVENTO DICE
[10/2/2017 23:52:38] /a 10
[10/2/2017 23:52:39] /a 10
[10/2/2017 23:52:41] /a 10
[10/2/2017 23:52:42] /a 10
[10/2/2017 23:52:42] /a 10
[10/2/2017 23:52:53] /a
[10/2/2017 23:52:54] /a
[10/2/2017 23:53:0] /a
[10/2/2017 23:53:4] /mc
[10/2/2017 23:53:48] /b GALERA VENHAM NO EVENTO DICE
[10/2/2017 23:53:49] /b GALERA VENHAM NO EVENTO DICE
[10/2/2017 23:53:54] /b GALERA VENHAM NO EVENTO DICE QUEM NAO GANHOU POINTS !
[10/2/2017 23:53:55] /b GALERA VENHAM NO EVENTO DICE QUEM NAO GANHOU POINTS !
[10/2/2017 23:54:50] /a
[10/2/2017 23:54:50] /a
[10/2/2017 23:55:8] /t
[10/2/2017 23:55:45] /a 15
[10/2/2017 23:55:46] /a 15
[10/2/2017 23:55:47] /a 15
[10/2/2017 23:55:47] /a 15
[10/2/2017 23:55:49] /a 5
[10/2/2017 23:55:52] /a
[10/2/2017 23:56:21] /a 2
[10/2/2017 23:56:41] /a 2
[10/2/2017 23:57:6] /mc
[10/2/2017 23:58:33] /mc
[11/2/2017 0:0:13] /b GALERA VENHAM NO EVENTO DICE QUEM NAO GANHOU POINTS !
[11/2/2017 0:0:14] /b GALERA VENHAM NO EVENTO DICE QUEM NAO GANHOU POINTS !
[11/2/2017 0:0:15] /b GALERA VENHAM NO EVENTO DICE QUEM NAO GANHOU POINTS !
[11/2/2017 0:0:39] /b GALERA VENHAM NO EVENTO DICE QUEM NAO GANHOU POINTS ! FICA NA QUEST DO DADO !
[11/2/2017 0:0:40] /b GALERA VENHAM NO EVENTO DICE QUEM NAO GANHOU POINTS ! FICA NA QUEST DO DADO !
[11/2/2017 0:0:41] /b GALERA VENHAM NO EVENTO DICE QUEM NAO GANHOU POINTS ! FICA NA QUEST DO DADO !
[11/2/2017 0:1:42] /t Felipe Pca
[11/2/2017 0:1:48] /t Filipe pca
[11/2/2017 0:2:50] /t mc Tibiana
[11/2/2017 0:3:15] /mc
[11/2/2017 0:5:33] /t Filipe pca
[11/2/2017 0:6:53] /t Lucas Pvp
[11/2/2017 0:7:50] /mc
[11/2/2017 0:10:3] /t Filipe pca
[11/2/2017 0:10:21] /t
[11/2/2017 0:11:22] /t Satanico tcp
[11/2/2017 0:11:31] /a 5
[11/2/2017 0:11:32] /a 5
[11/2/2017 0:11:32] /a 5
[11/2/2017 0:11:33] /a 5
[11/2/2017 0:11:34] /a 5
[11/2/2017 0:11:34] /a 5
[11/2/2017 0:11:35] /a 5
[11/2/2017 0:11:35] /a 5
[11/2/2017 0:11:36] /a 5
[11/2/2017 0:11:37] /a 5
[11/2/2017 0:11:39] /a 3
[11/2/2017 0:11:41] /a 2
[11/2/2017 0:11:43] /a
[11/2/2017 0:12:35] /t Mc Tibiano
[11/2/2017 0:15:55] /b gogo Jaja acaba os poitns em '
[11/2/2017 0:17:4] /t Cudoramon
[11/2/2017 0:17:32] /t Jhonyye Walkeer
[11/2/2017 0:18:0] /a 20
[11/2/2017 0:18:6] /a
[11/2/2017 0:18:7] /a
[11/2/2017 0:18:9] /a 3
[11/2/2017 0:18:9] /a 3
[11/2/2017 0:18:10] /a 3
[11/2/2017 0:18:15] /a 2
[11/2/2017 0:18:16] /a
[11/2/2017 0:18:16] /a
[11/2/2017 0:18:18] /a
[11/2/2017 0:18:19] /a
[11/2/2017 0:20:14] /t Mc Tibiana
[11/2/2017 0:20:31] /mc
[11/2/2017 0:20:54] /t Filipe pca
[11/2/2017 0:20:59] /b ACABOU OS POINTS !!
[11/2/2017 0:21:0] /b ACABOU OS POINTS !!
[11/2/2017 0:21:0] /b ACABOU OS POINTS !!
[11/2/2017 0:21:1] /b ACABOU OS POINTS !!
[11/2/2017 0:21:2] /b ACABOU OS POINTS !!
[11/2/2017 0:21:3] /b ACABOU OS POINTS !!
[11/2/2017 0:21:6] /b ACABOU OS POINTS !! POR HJ 
[11/2/2017 0:21:6] /b ACABOU OS POINTS !! POR HJ 
[11/2/2017 0:21:7] /b ACABOU OS POINTS !! POR HJ 
[11/2/2017 0:21:8] /b ACABOU OS POINTS !! POR HJ 
[11/2/2017 0:21:12] /t Lord nob
[11/2/2017 0:21:32] /goto Ek Tank
[11/2/2017 0:21:38] /a 2
[11/2/2017 0:21:42] /a 5
[11/2/2017 0:21:43] /a 5
[11/2/2017 0:21:52] /c Alok Powah
[11/2/2017 0:21:55] /a 5
[11/2/2017 0:21:56] /a 5
[11/2/2017 0:21:57] /a 5
[11/2/2017 0:21:59] /a
[11/2/2017 0:22:44] /b Ate o Alok Powah ! depois acaba !!
[11/2/2017 0:24:6] /mc
[11/2/2017 0:24:51] /t Marquin Reina
[11/2/2017 0:25:41] /t Alok Powah
[11/2/2017 0:26:1] /a 6
[11/2/2017 0:26:11] /a 5
[11/2/2017 0:26:52] /b ACABOU POINTS POR HJ '-
[11/2/2017 0:26:53] /b ACABOU POINTS POR HJ '-
[11/2/2017 0:26:53] /b ACABOU POINTS POR HJ '-
[11/2/2017 0:26:54] /b ACABOU POINTS POR HJ '-
[11/2/2017 0:26:58] /b ACABOU POINTS POR HJ '-
[11/2/2017 0:28:3] /a 5
[11/2/2017 0:46:24] /a 5
[11/2/2017 0:46:25] /a 5
[11/2/2017 0:46:26] /a 5
[11/2/2017 0:46:27] /a 5
[11/2/2017 0:46:27] /a 5
[11/2/2017 0:46:28] /a 5
[11/2/2017 0:46:29] /a 5
[11/2/2017 0:46:31] /a 5
[11/2/2017 0:46:32] /a 5
[11/2/2017 0:46:33] /a 5
[11/2/2017 0:46:35] /a 5
[11/2/2017 0:46:38] /a 2
[11/2/2017 0:46:41] /a 5
[11/2/2017 0:46:43] /a
[11/2/2017 0:49:34] /a 3
[11/2/2017 0:49:38] /a 
[11/2/2017 0:49:40] /a 3
[11/2/2017 0:49:42] /a
[11/2/2017 0:49:43] /a
[11/2/2017 0:49:49] /ghost
[11/2/2017 0:50:3] /a
[11/2/2017 0:50:14] /ghost
[11/2/2017 0:50:38] /a
[11/2/2017 0:51:10] /a 6
[11/2/2017 0:51:35] /a
[11/2/2017 0:51:36] /a
[11/2/2017 0:51:37] /a
[11/2/2017 0:51:38] /a
[11/2/2017 0:51:38] /a
[11/2/2017 0:51:38] /a
[11/2/2017 0:51:40] /a
[11/2/2017 0:51:40] /a
[11/2/2017 0:51:41] /a
[11/2/2017 0:51:41] /a
[11/2/2017 0:51:42] /a
[11/2/2017 0:52:45] /a
[11/2/2017 1:2:9] /t
[11/2/2017 1:7:33] /goto ADM RbOT
[11/2/2017 1:41:26] /b lol
[11/2/2017 2:8:33] /kick Sky Pre Pago
[11/2/2017 2:8:41] /t Sky Pre Pago
[11/2/2017 2:9:49] /kick Sky Pre Pago
[11/2/2017 2:38:3] /goto MECANICO DO RbOT
[11/2/2017 3:29:11] /ghost
[11/2/2017 3:29:15] /goto Frist
[11/2/2017 3:29:17] /a 5
[11/2/2017 3:31:22] /a 4
[11/2/2017 4:27:14] /ghost
[11/2/2017 4:40:33] /a
[11/2/2017 4:40:52] /mc
[11/2/2017 4:41:46] /a 4
[11/2/2017 5:2:19] /ghost
[11/2/2017 5:2:21] /goto ADM RbOT
[11/2/2017 5:3:23] /mc
[11/2/2017 5:4:13] /t
[11/2/2017 5:6:20] /goto ADM RbOT
[11/2/2017 5:13:38] /ghost
[11/2/2017 7:7:1] /goto ADM RbOT
[11/2/2017 7:7:14] /a
[11/2/2017 7:7:14] /a
[11/2/2017 7:7:15] /a
[11/2/2017 7:7:34] /a 4
[11/2/2017 7:7:37] /a 4
[11/2/2017 7:7:40] /a 3
[11/2/2017 7:9:27] /ghost
[11/2/2017 7:9:36] /goto Paulao da Regulagem Belga
[11/2/2017 7:10:1] /t
[11/2/2017 7:10:14] /goto Fortuna Multidao
[11/2/2017 7:11:18] /goto Paulao Da Regulagem Belga
[11/2/2017 7:13:38] /a 5
[11/2/2017 7:13:39] /a 5
[11/2/2017 7:13:42] /a
[11/2/2017 7:13:43] /a
[11/2/2017 7:13:46] /ghost
[11/2/2017 7:18:47] /a 2
[11/2/2017 7:19:5] /a 2
[11/2/2017 7:19:13] /mc
[11/2/2017 7:23:48] /a 3
[11/2/2017 7:23:51] /a
[11/2/2017 7:25:25] /a 6
[11/2/2017 7:25:26] /a 6
[11/2/2017 7:25:38] /a 6
[11/2/2017 7:25:41] /a 6
[11/2/2017 7:27:14] /a 6
[11/2/2017 7:27:15] /a 2
[11/2/2017 7:27:52] /a
[11/2/2017 7:27:54] /a
[11/2/2017 8:2:42] /a
[11/2/2017 8:2:43] /a
[11/2/2017 8:6:14] /t
[11/2/2017 8:6:26] /ghost
[11/2/2017 8:9:3] /mc
[11/2/2017 8:14:49] /ghost
[11/2/2017 8:14:50] /a 5
[11/2/2017 8:14:51] /a 5
[12/2/2017 4:21:16] /a 5
[12/2/2017 4:23:38] /mc
[12/2/2017 4:24:42] /ghost Floripa Rush
[12/2/2017 4:24:51] /goto Floripa Rush
[12/2/2017 4:24:58] /goto Druid Do Mal
[12/2/2017 4:25:20] /goto Druid Do Mal
[12/2/2017 4:25:26] /t
[12/2/2017 4:25:34] /a 5
[12/2/2017 4:25:37] /a 3
[12/2/2017 4:25:41] /a 10
[12/2/2017 4:25:52] /goto Awk Bloker Proo
[12/2/2017 4:26:16] /a 5
[12/2/2017 4:26:18] /a
[12/2/2017 4:26:19] /a
[12/2/2017 4:26:21] /a
[12/2/2017 4:26:23] /ghost
[12/2/2017 22:57:35] /ghost
[12/2/2017 22:57:49] /up 4
[12/2/2017 22:57:58] /goto Vitinho Dashow 
[12/2/2017 22:58:7] /down 2
[12/2/2017 22:58:9] /down 2
[12/2/2017 22:58:11] /up
[12/2/2017 22:59:15] /mc
[12/2/2017 23:0:42] /up
[12/2/2017 23:0:44] /down
[12/2/2017 23:2:11] /mc
[12/2/2017 23:2:27] /goto Entregador De Pontos
[12/2/2017 23:2:32] /mc
[12/2/2017 23:2:44] /mc
[12/2/2017 23:3:49] /mc
[12/2/2017 23:4:5] /goto Victorzeerah 
[12/2/2017 23:4:10] /t
[12/2/2017 23:4:55] /goto Entregador De Pontos
[12/2/2017 23:5:19] /t
