[29/11/2016 4:12:18] /ghost
[29/11/2016 4:12:47] /i 8300
[29/11/2016 4:12:49] /i 8300
[29/11/2016 4:12:49] /i 8300
[29/11/2016 4:12:50] /i 8300
[29/11/2016 4:13:4] /i 8301
[29/11/2016 4:13:16] /i double xp
[29/11/2016 4:14:15] /i 90 VIP Days
[29/11/2016 4:14:54] /i Dodge Stone
[29/11/2016 4:14:55] /i Dodge Stone
[29/11/2016 4:15:20] /i Double Exp
[29/11/2016 4:15:21] /i Double Exp
[29/11/2016 4:15:22] /i Double Exp
[29/11/2016 4:15:22] /i Double Exp
[29/11/2016 4:15:22] /i Double Exp
[29/11/2016 4:15:23] /i Double Exp
[29/11/2016 4:15:23] /i Double Exp
[29/11/2016 4:15:24] /i Double Exp
[29/11/2016 4:15:24] /i Double Exp
[29/11/2016 4:15:25] /i Double Exp
[29/11/2016 4:15:25] /i Double Exp
[29/11/2016 4:15:25] /i Double Exp
[29/11/2016 4:15:26] /i Double Exp
[29/11/2016 4:15:26] /i Double Exp
[29/11/2016 4:15:27] /i Double Exp
[29/11/2016 4:15:27] /i Double Exp
[29/11/2016 4:15:28] /i Double Exp
[29/11/2016 4:15:28] /i Double Exp
[29/11/2016 4:15:29] /i Double Exp
[29/11/2016 4:15:29] /i Double Exp
[29/11/2016 4:15:30] /i Double Exp
[29/11/2016 4:15:30] /i Double Exp
[2/12/2016 2:55:48] /ghost
[2/12/2016 2:56:12] /goto adm ribeiro
[2/12/2016 2:56:40] /ghost
[2/12/2016 2:56:55] /closeserver
[2/12/2016 17:55:7] /closeserver
[2/12/2016 18:3:28] /closeserver
[2/12/2016 18:7:29] /closeserver
[2/12/2016 18:17:23] /closeserver
[2/12/2016 18:26:16] /closeserver
[2/12/2016 19:4:36] /closeserver
