[28/11/2016 22:31:42] /i 2157
[28/11/2016 22:32:4] /i 9971
[28/11/2016 22:32:5] /i 9971
[28/11/2016 22:32:5] /i 9971
[28/11/2016 22:32:6] /i 9971
[28/11/2016 22:32:6] /i 9971
[28/11/2016 22:32:7] /i 9971
[28/11/2016 22:32:7] /i 9971
[28/11/2016 22:32:8] /i 9971
[28/11/2016 22:32:8] /i 9971
[28/11/2016 22:32:9] /i 9971
[28/11/2016 22:32:9] /i 9971
[28/11/2016 22:32:21] /i 9971
[28/11/2016 22:32:22] /i 9971
[28/11/2016 22:32:22] /i 9971
[28/11/2016 22:32:24] /i 2157
[28/11/2016 22:32:25] /i 2157
[28/11/2016 22:32:25] /i 2157
[28/11/2016 22:32:26] /i 2157
[28/11/2016 22:48:26] /ghost
[28/11/2016 22:48:33] /i New Mage helmet
[28/11/2016 22:48:42] /i backpack
[28/11/2016 22:48:48] /i New Mage armor
[28/11/2016 22:48:53] /i New Mage legs
[28/11/2016 22:48:59] /i New Mage boots
[28/11/2016 22:49:12] /i Super Addon Dolll
[28/11/2016 22:49:23] /i Super New Backpack
[28/11/2016 22:49:36] /i New Mage Ring
[28/11/2016 22:49:49] /i Stamina Infinita
[28/11/2016 22:50:1] /i New Amulet
[28/11/2016 22:50:16] /i New Mage Spellbook
[28/11/2016 22:50:36] /i Blessing Amulet
[28/11/2016 22:53:27] /i Double Exp
[28/11/2016 22:53:29] /i Double Exp
[28/11/2016 22:53:30] /i Double Exp
[28/11/2016 22:53:30] /i Double Exp
[28/11/2016 22:53:31] /i Double Exp
[28/11/2016 22:53:32] /i Double Exp
