[14/12/2016 1:45:0] /ghost
[14/12/2016 1:45:17] /b boa noite
[14/12/2016 1:46:0] /b galera duvidas bugs em geral estou no help so falar
[14/12/2016 1:46:48] /ghost
[14/12/2016 1:48:1] /a 5
[14/12/2016 1:48:15] /a 5
[14/12/2016 1:51:11] /b duvidas Help galera
[14/12/2016 1:56:3] /goto Hazor Of
[14/12/2016 1:58:37] /t Arlito
[14/12/2016 1:58:44] /ghost
[14/12/2016 1:59:5] /t
[14/12/2016 1:59:54] /b duvidas help. nos ajudem lotar Ot chamando amigos para jogar conosco !
[14/12/2016 2:5:21] /b duvidas help
[14/12/2016 2:6:36] /b ajudem nos a divulgar chamar players !
[14/12/2016 2:8:41] /ghost
[14/12/2016 2:9:11] /ghost
[14/12/2016 2:10:35] /ghost
[14/12/2016 2:11:58] /b duvidas help
[14/12/2016 2:14:35] /t
[14/12/2016 2:14:38] /ghost
[14/12/2016 2:37:19] /b duvidas help
[14/12/2016 2:39:54] /b duvidas help
[14/12/2016 2:44:46] /b duvidas help
[14/12/2016 2:47:47] /b duvidas help
[14/12/2016 2:48:46] /b duvidas help
[14/12/2016 2:49:37] /b ajudem nos a divulgar vamos lotar para almentar war XD
[14/12/2016 2:51:21] /b duvidas help
[14/12/2016 2:51:26] /ghost
[14/12/2016 2:51:38] /a 5
[14/12/2016 2:53:5] /b duvidas help
[14/12/2016 2:54:30] /a 2
[14/12/2016 3:4:32] /b duvidas help
[14/12/2016 3:4:37] /ghost
[14/12/2016 3:8:38] /b duvidas help
[14/12/2016 3:13:16] /b duvidas help
[14/12/2016 3:20:2] /b duvidas help
[14/12/2016 3:25:15] /ghost
[14/12/2016 3:34:40] /ghost
[14/12/2016 3:35:47] /a 2
[14/12/2016 3:35:58] /a 2
[14/12/2016 3:35:59] /a 2
[14/12/2016 3:36:1] /a 2
[14/12/2016 15:14:43] /b duvidas help
[14/12/2016 15:15:50] /b duvidas help
[14/12/2016 15:18:44] /c Tanker Destroyer
[14/12/2016 15:19:44] /b duvidas help
[14/12/2016 15:21:14] /a 5
[14/12/2016 15:23:0] /a 2
[14/12/2016 15:23:20] /a 2
[14/12/2016 15:23:45] /t
[14/12/2016 15:23:54] /a 2
[14/12/2016 15:24:8] /a 4
[14/12/2016 15:24:15] /a 4
[14/12/2016 15:24:22] /a 3
[14/12/2016 15:24:24] /a 3
[14/12/2016 15:24:28] /a 3
[14/12/2016 15:24:31] /a 3
[14/12/2016 15:24:34] /a 3
[14/12/2016 15:24:37] /a 3
[14/12/2016 15:24:39] /a 3
[14/12/2016 15:24:44] /a 3
[14/12/2016 15:24:46] /a 3
[14/12/2016 15:24:49] /a 3
[14/12/2016 15:24:52] /a 3
[14/12/2016 15:24:56] /a 3
[14/12/2016 15:24:59] /a 3
[14/12/2016 15:25:1] /a 3
[14/12/2016 15:25:3] /a 3
[14/12/2016 15:25:7] /a 3
[14/12/2016 15:25:9] /a 3
[14/12/2016 15:25:12] /a 3
[14/12/2016 15:25:13] /a 3
[14/12/2016 15:25:16] /a 3
[14/12/2016 15:25:20] /a 3
[14/12/2016 15:25:22] /a 3
[14/12/2016 15:25:25] /a 3
[14/12/2016 15:25:27] /a 3
[14/12/2016 15:25:29] /a 3
[14/12/2016 15:25:31] /a 3
[14/12/2016 15:25:51] /c Tanker Destroyer
[14/12/2016 15:26:16] /t Tanker Destroyer
[14/12/2016 15:26:37] /a 2
[14/12/2016 15:26:49] /a 2
[14/12/2016 15:27:0] /a 4
[14/12/2016 15:27:9] /t Tanker Destroyer
[14/12/2016 15:27:18] /c Tanker Destroyer
[14/12/2016 15:30:31] /t
[14/12/2016 15:32:18] /a 3
[15/12/2016 1:41:58] /ghost
[15/12/2016 1:42:39] /b dividas help
[15/12/2016 1:42:51] /a 2
[15/12/2016 1:43:48] /b galera bug duvidas sobre vocaçoeis criticas essa e hora de falar !
[15/12/2016 1:44:55] /a 1
[15/12/2016 1:44:57] /a 1
[15/12/2016 1:44:59] /a 1
[15/12/2016 1:45:1] /a 1
[15/12/2016 1:45:3] /a 1
[15/12/2016 1:45:5] /a 1
[15/12/2016 1:45:7] /a 1
[15/12/2016 1:45:39] /b volta em seguida pessoal !
[15/12/2016 1:46:0] /b os primeros q logarem eu vo dar 1 focus cap ggogo !
[15/12/2016 1:47:52] /a 5
[15/12/2016 1:48:1] /a 2
[15/12/2016 1:51:23] /ghost
[15/12/2016 1:51:31] /b duvidas help
[15/12/2016 1:52:16] /goto Supreme
[15/12/2016 1:52:59] /goto Danoninho Ice
[15/12/2016 1:53:12] /t
[15/12/2016 1:53:45] /goto Jamaika Return 
[15/12/2016 1:54:25] /goto Jamaika Return 
[15/12/2016 1:54:29] /goto Jamaika Return 
[15/12/2016 1:54:50] /t
[15/12/2016 1:54:58] /goto roshamull
[15/12/2016 1:55:15] /t
[15/12/2016 1:56:12] /b duvidas help
[15/12/2016 2:0:49] /goto xupa me
[15/12/2016 2:7:17] /b duvidas help
[15/12/2016 4:28:40] /goto Consultoria Do Ot
[15/12/2016 4:28:51] /goto Tanker Destroyer
[15/12/2016 4:28:56] /ghost
[15/12/2016 4:29:6] /kick Tanker Destroyer
[15/12/2016 4:29:18] /ghost
[15/12/2016 4:29:29] /c Tanker Destroyer
[15/12/2016 4:31:9] /t
[15/12/2016 4:31:12] /b duvidas help
[15/12/2016 4:40:56] /b duvidas help
[15/12/2016 4:47:17] /b estamos configurando 
[15/12/2016 4:50:27] /b volta em 1 min
[15/12/2016 5:8:38] /b ja vamos arrumar ek
[15/12/2016 6:31:57] /b duvidas help
[15/12/2016 6:32:12] /c Danoninho Ice
[15/12/2016 6:32:15] /c alan off
[15/12/2016 6:32:48] /t
[15/12/2016 6:33:6] /goto Danoninho Ice
[15/12/2016 6:34:43] /a 5
[15/12/2016 6:34:58] /down
[15/12/2016 6:35:7] /a 3
[15/12/2016 6:35:32] /c alan off
[15/12/2016 6:35:41] /c Tanker Destroyer
[15/12/2016 6:36:13] /a 2
[15/12/2016 6:37:29] /c Tanker Destroyer
[15/12/2016 6:37:31] /c alan off
[15/12/2016 6:37:42] /c Danoninho Ice
[15/12/2016 6:38:13] /t
[15/12/2016 6:38:28] /a 3
[15/12/2016 6:38:30] /a 3
[15/12/2016 6:38:46] /a 2
[15/12/2016 6:38:52] /a 2
[15/12/2016 6:39:4] /a 2
[15/12/2016 6:39:13] /a 2
[15/12/2016 6:39:17] /a 2
[15/12/2016 6:39:27] /a 2
[15/12/2016 6:39:34] /a 2
[15/12/2016 6:39:43] /a 2
[15/12/2016 6:39:48] /a 2
[15/12/2016 6:40:1] /a 3
[15/12/2016 6:40:4] /a 3
[15/12/2016 6:40:6] /a 3
[15/12/2016 6:40:8] /a 3
[15/12/2016 6:40:10] /a 3
[15/12/2016 6:40:11] /a 3
[15/12/2016 6:40:12] /a 3
[15/12/2016 6:40:15] /a 3
[15/12/2016 6:40:18] /a 3
[15/12/2016 6:40:21] /a 3
[15/12/2016 6:40:23] /a 3
[15/12/2016 6:40:24] /a 3
[15/12/2016 6:40:27] /a 3
[15/12/2016 6:40:29] /a 3
[15/12/2016 6:40:32] /a 3
[15/12/2016 6:40:33] /a 3
[15/12/2016 6:40:36] /a 3
[15/12/2016 6:40:38] /a 3
[15/12/2016 6:40:40] /a 3
[15/12/2016 6:40:41] /a 3
[15/12/2016 6:40:45] /a 3
[15/12/2016 6:40:47] /a 3
[15/12/2016 6:40:50] /a 3
[15/12/2016 6:40:53] /a 3
[15/12/2016 6:40:56] /a 3
[15/12/2016 6:40:59] /a 3
[15/12/2016 6:41:1] /a 3
[15/12/2016 6:41:6] /c Danoninho Ice
[15/12/2016 6:41:9] /c alan off
[15/12/2016 6:41:20] /c Tanker Destroyer
[15/12/2016 6:41:32] /a 2
[15/12/2016 6:41:41] /a 2
[15/12/2016 6:41:46] /a 2
[15/12/2016 6:41:49] /c Tanker Destroyer
[15/12/2016 6:41:58] /a 3
[15/12/2016 6:42:4] /c Tanker Destroyer
[15/12/2016 6:42:7] /c alan off
[15/12/2016 6:42:10] /c Danoninho Ice
[15/12/2016 6:42:53] /t alan off
[15/12/2016 6:43:1] /t Danoninho Ice
[15/12/2016 6:43:6] /c alan off
[15/12/2016 6:43:12] /t alan off
[15/12/2016 6:43:14] /t
[15/12/2016 6:43:35] /a 2
[15/12/2016 6:43:39] /a 6
[15/12/2016 6:43:41] /a 6
[15/12/2016 6:43:42] /a 6
[15/12/2016 6:43:43] /a 6
[15/12/2016 6:43:47] /t
[15/12/2016 6:44:27] /t
[15/12/2016 6:44:58] /goto Katchup
[15/12/2016 6:45:21] /a 2
[15/12/2016 6:45:33] /a 5
[15/12/2016 6:45:43] /a 15
[15/12/2016 6:45:54] /a 5
[15/12/2016 6:45:56] /a 5
[15/12/2016 6:46:4] /a 5
[15/12/2016 6:46:9] /a 5
[15/12/2016 6:46:13] /a 5
[15/12/2016 6:46:19] /a 5
[15/12/2016 6:46:49] /c alan off
[15/12/2016 6:46:54] /c Danoninho Ice
[15/12/2016 6:47:1] /c Tanker Destroyer
[15/12/2016 6:47:29] /goto Exorador
[15/12/2016 6:47:40] /goto Field Archer
[15/12/2016 6:47:48] /goto Neelix
[15/12/2016 6:48:12] /goto Jamaika Healer
[15/12/2016 6:48:37] /goto Roshamull
[15/12/2016 6:48:51] /goto Kenshin 
[15/12/2016 6:49:1] /goto Guii Paggi
[15/12/2016 6:49:44] /goto Jamaika Return 
[15/12/2016 6:50:13] /goto Katchup
[15/12/2016 6:50:46] /goto Katchup
[15/12/2016 6:53:16] /goto Katchup
[15/12/2016 6:53:19] /t
[15/12/2016 6:53:24] /a 2
[15/12/2016 6:53:29] /a 5
[15/12/2016 6:53:51] /goto Crowley
[15/12/2016 6:54:54] /t
[15/12/2016 14:7:36] /t
[15/12/2016 14:7:47] /b duvidas help
[15/12/2016 14:8:0] /goto Jamaika Return
[15/12/2016 14:8:10] /t
[15/12/2016 14:8:36] /b duvidas help
[15/12/2016 14:9:12] /b duvidas help
[15/12/2016 14:11:18] /b duvidas help
[15/12/2016 14:55:1] /ghost
[15/12/2016 14:55:30] /b duvidas help
[15/12/2016 15:0:19] /b duvidas to help
[15/12/2016 15:4:39] /b duvidas help
[15/12/2016 15:6:14] /a 4
[15/12/2016 15:8:10] /a 1
[15/12/2016 15:13:20] /b duvidas help
[15/12/2016 15:14:19] /ghost
[15/12/2016 15:14:39] /goto Jamaika Healer
[15/12/2016 15:15:7] /goto Alka 
[15/12/2016 15:15:29] /goto Jamaika Return
[15/12/2016 15:15:49] /t
[15/12/2016 15:16:4] /goto Acccount Manager
[15/12/2016 15:16:37] /goto Magebomb seis
[15/12/2016 15:16:50] /t
[15/12/2016 15:41:14] /goto Jamaika Healer
[15/12/2016 15:41:16] /t
[15/12/2016 15:41:20] /b duvidas help
[15/12/2016 15:50:59] /b duvidas help
[15/12/2016 16:10:30] /goto Jamaika Healer
[15/12/2016 16:10:40] /ghost
[15/12/2016 16:14:0] /b saindo aki abç
[16/12/2016 1:40:4] /b boa noite !
[16/12/2016 1:40:34] /b duvidas help
[16/12/2016 1:40:54] /ghost
[16/12/2016 1:41:5] /goto Jamaika Return
[16/12/2016 1:41:41] /goto Jamaika Return
[16/12/2016 1:41:47] /goto Jamaika Return
[16/12/2016 1:41:51] /goto Jamaika Return
[16/12/2016 1:41:53] /goto Jamaika Return
[16/12/2016 1:41:55] /goto Jamaika Return
[16/12/2016 1:41:56] /t
[16/12/2016 1:42:19] /goto Jamaika Healer
[16/12/2016 1:42:27] /t
[16/12/2016 2:45:35] /b duvidas help
[16/12/2016 2:45:45] /ghost
[16/12/2016 2:47:47] /goto neon
[16/12/2016 2:47:50] /goto neon
[16/12/2016 2:48:39] /up
[16/12/2016 2:48:46] /goto Abracadabra
[16/12/2016 2:49:35] /t
[16/12/2016 2:50:32] /b duvidas bugs reports criticas estou help
[16/12/2016 2:51:19] /a 2
[16/12/2016 2:51:24] /a 2
[16/12/2016 2:51:38] /goto Abracadabra
[16/12/2016 2:51:46] /t
[16/12/2016 2:52:17] /ghost
[16/12/2016 2:52:24] /goto Jamaika Healer
[16/12/2016 2:52:37] /goto Jamaika Return
[16/12/2016 2:52:47] /goto Guii Paggi
[16/12/2016 2:52:57] /goto Acccount Manager
[16/12/2016 2:53:10] /goto Tempestade
[16/12/2016 2:53:22] /goto Bella
[16/12/2016 2:53:38] /goto Bella
[16/12/2016 2:53:45] /c Bella
[16/12/2016 2:53:49] /c Bella
[16/12/2016 2:54:29] /goto Looper
[16/12/2016 2:54:35] /t
[16/12/2016 2:57:20] /a 5
[16/12/2016 2:58:51] /a 5
[16/12/2016 2:59:5] /c Tanker Destroyer
[16/12/2016 2:59:46] /c Tanker Destroyer
[16/12/2016 2:59:54] /c Tanker Destroyer
[16/12/2016 3:0:46] /t
[16/12/2016 3:9:23] /goto Abracadabra
[16/12/2016 3:10:22] /goto Abracadabra
[16/12/2016 3:10:30] /m demon
[16/12/2016 3:10:34] /m demon
[16/12/2016 3:10:36] /m demon
[16/12/2016 3:10:43] /t
[16/12/2016 3:12:7] /a 5
[16/12/2016 3:12:15] /a 5
[16/12/2016 3:12:17] /t
[16/12/2016 3:12:30] /a 2
[16/12/2016 3:12:44] /a 2
[16/12/2016 3:12:57] /c Tanker Destroyer
[16/12/2016 3:13:22] /t
[16/12/2016 3:19:27] /t
[16/12/2016 3:28:12] /t
[16/12/2016 3:30:14] /goto Looper
[16/12/2016 3:30:56] /goto Looper
[16/12/2016 3:31:3] /a 2
[16/12/2016 3:32:13] /t
[16/12/2016 3:32:33] /b duvidas help
[16/12/2016 3:37:19] /b duvidas help
[16/12/2016 3:39:59] /b duvidas help
[16/12/2016 3:40:56] /goto Looper
[16/12/2016 3:41:27] /goto Looper
[16/12/2016 3:42:40] /goto Danoninho Ice
[16/12/2016 3:42:50] /goto Danoninho Ice
[16/12/2016 3:42:52] /goto Danoninho Ice
[16/12/2016 3:42:54] /goto Danoninho Ice
[16/12/2016 3:43:3] /goto Danoninho Ice
[16/12/2016 3:43:8] /goto Danoninho Ice
[16/12/2016 3:43:11] /goto Danoninho Ice
[16/12/2016 3:43:16] /goto Danoninho Ice
[16/12/2016 3:43:20] /goto Danoninho Ice
[16/12/2016 3:43:27] /goto Danoninho Ice
[16/12/2016 3:44:12] /goto Danoninho Ice
[16/12/2016 3:44:28] /goto Danoninho Ice
[16/12/2016 3:44:39] /goto Danoninho Ice
[16/12/2016 3:44:57] /goto Danoninho Ice
[16/12/2016 3:44:59] /goto Danoninho Ice
[16/12/2016 3:45:6] /goto Danoninho Ice
[16/12/2016 3:48:30] /goto Danoninho Ice
[16/12/2016 3:50:32] /goto Danoninho Ice
[16/12/2016 3:50:54] /goto Danoninho Ice
[16/12/2016 3:51:34] /goto Danoninho Ice
[16/12/2016 3:51:39] /goto Danoninho Ice
[16/12/2016 3:52:46] /goto Danoninho Ice
[16/12/2016 3:53:12] /goto Danoninho Ice
[16/12/2016 3:53:15] /goto Danoninho Ice
[16/12/2016 3:53:17] /goto Danoninho Ice
[16/12/2016 3:53:34] /ghost
[16/12/2016 3:58:5] /ghost
[16/12/2016 3:58:13] /b duvida estou help
[16/12/2016 3:59:54] /goto Pudim Attacker
[16/12/2016 3:59:59] /a 2
[16/12/2016 4:0:1] /a 2
[16/12/2016 4:0:1] /a 2
[16/12/2016 4:0:13] /c Pudim Attacker
[16/12/2016 4:0:28] /t
[16/12/2016 4:0:33] /t Pudim Attacker
[16/12/2016 4:2:0] /b duvidas estou help galera !
[16/12/2016 4:6:55] /t
[16/12/2016 4:44:25] /b duvidas help
[16/12/2016 4:51:8] /b galera to indo dormir amanha trabalho cedo .. ajudem a divulgar boa noite a todos e bom jogo !
[16/12/2016 21:59:48] /b duvidas help 
[16/12/2016 22:1:23] /b duvidas criticas sugestoeis estou help !
[16/12/2016 22:1:55] /b galera so respondo help pvt nem vejo !
[16/12/2016 22:3:23] /goto jamaika Return
[16/12/2016 22:3:26] /goto jamaika Return
[16/12/2016 22:3:30] /t
[16/12/2016 22:4:9] /goto Magebomb um
[16/12/2016 22:5:6] /t
[16/12/2016 22:5:25] /b duvidas help
[16/12/2016 22:8:12] /ghost
[16/12/2016 22:9:55] /b duvidas help !
[16/12/2016 22:12:36] /ghost
[16/12/2016 22:12:39] /goto Sholker
[16/12/2016 22:12:50] /goto Sholker
[16/12/2016 22:12:56] /goto Sholker
[16/12/2016 22:13:1] /goto Sholker
[16/12/2016 22:13:25] /goto Sholker
[16/12/2016 22:16:18] /goto Minidemon
[16/12/2016 22:16:34] /t
[16/12/2016 22:16:45] /b duvidas help
[16/12/2016 22:44:31] /b duvidas help
[17/12/2016 2:25:35] /b duvidas tou help
[17/12/2016 2:28:38] /b duvidas estou help
[17/12/2016 2:30:38] /b nao respondo pvt so help
[17/12/2016 2:33:7] /t
[17/12/2016 2:38:25] /b duvidas help
[17/12/2016 2:38:29] /ghost
[17/12/2016 2:43:27] /ghost
[17/12/2016 2:43:33] /b duvidas to help
[17/12/2016 2:44:49] /b 21:40 New record: 84 players are logged in. vamos lotar que com 100 players começa os premios em dinhero ;D
[17/12/2016 3:13:18] /b duvidas estou help galera !
[17/12/2016 3:13:27] /up
[17/12/2016 3:13:28] /up
[17/12/2016 3:13:30] /up
[17/12/2016 3:13:41] /up
[17/12/2016 3:19:54] /t
[17/12/2016 3:22:31] /c Consultoria Do Ot
[17/12/2016 3:22:37] /c Consultoria Do Ot
[17/12/2016 3:22:41] /c Consultoria Do Ot
[17/12/2016 3:22:50] /c Tanker Destroyer
[17/12/2016 3:23:24] /a 2
[17/12/2016 3:23:30] /t
[17/12/2016 3:24:35] /t
[17/12/2016 3:52:22] /goto go war
[17/12/2016 14:1:13] /t
[17/12/2016 14:3:27] /t
[17/12/2016 14:3:49] /t
[17/12/2016 14:4:9] /t
[17/12/2016 15:33:16] /b duvidas help
[17/12/2016 15:40:3] /goto Pai Do Seu Nenem
[17/12/2016 15:40:24] /t
[17/12/2016 15:43:16] /b ??????????????????
[17/12/2016 15:43:45] /b galera n sei pera que ja vo ver oq houve
[17/12/2016 15:45:0] /b galera nao sei oque houve mais ja vamos ver
[17/12/2016 15:45:45] /b enfim alguma duvida help nao pvt
[17/12/2016 15:46:13] /b desculpem pelo Ot cair mais ja vamos ver oque ouve !
[17/12/2016 15:47:0] /b so respondo help nao privado !
[17/12/2016 15:52:11] /b galera eu nao respondo privado nao perdam seu tempo mandando msg so respondo Help
[17/12/2016 16:9:46] /goto Keen
[17/12/2016 16:10:8] /t
[18/12/2016 3:8:25] /b jajaj
[18/12/2016 3:8:29] /b test
[18/12/2016 3:8:38] /b boa noite duvidas help
[18/12/2016 3:10:8] /b duvidas ,criticas , bugs essa e hora pessoal estou trade !
