[11/2/2017 22:2:15] /b espera vou entregar os pontos
[11/2/2017 22:2:16] /b espera vou entregar os pontos
[11/2/2017 22:2:16] /b espera vou entregar os pontos
[11/2/2017 22:2:17] /b espera vou entregar os pontos
[11/2/2017 22:2:17] /b espera vou entregar os pontos
[11/2/2017 22:2:17] /b espera vou entregar os pontos
[11/2/2017 22:2:18] /b espera vou entregar os pontos
[11/2/2017 22:2:18] /b espera vou entregar os pontos
[11/2/2017 22:2:19] /b espera vou entregar os pontos
[11/2/2017 22:2:19] /b espera vou entregar os pontos
[11/2/2017 22:2:19] /b espera vou entregar os pontos
[11/2/2017 22:20:20] /b NAO GANHOU PONTOS , FALA NO HELP ,.
[11/2/2017 22:20:20] /b NAO GANHOU PONTOS , FALA NO HELP ,.
[11/2/2017 22:20:21] /b NAO GANHOU PONTOS , FALA NO HELP ,.
[11/2/2017 22:20:21] /b NAO GANHOU PONTOS , FALA NO HELP ,.
[11/2/2017 22:20:21] /b NAO GANHOU PONTOS , FALA NO HELP ,.
[11/2/2017 22:20:48] /b Venham templo
[11/2/2017 22:20:49] /b Venham templo
[11/2/2017 22:20:50] /b Venham templo
[11/2/2017 22:24:33] /b espera quem n ganho vo da 5 min vo toma banho
[11/2/2017 22:24:34] /b espera quem n ganho vo da 5 min vo toma banho
[11/2/2017 22:24:34] /b espera quem n ganho vo da 5 min vo toma banho
[11/2/2017 22:24:34] /b espera quem n ganho vo da 5 min vo toma banho
[11/2/2017 22:40:35] /b aguarde. os pontos vai ser entregue
[11/2/2017 22:40:36] /b aguarde. os pontos vai ser entregue
[11/2/2017 22:40:37] /b aguarde. os pontos vai ser entregue
[11/2/2017 22:40:38] /b aguarde. os pontos vai ser entregue
[11/2/2017 22:40:39] /b aguarde. os pontos vai ser entregue
[11/2/2017 22:40:40] /b aguarde. os pontos vai ser entregue
[11/2/2017 22:40:40] /b aguarde. os pontos vai ser entregue
[11/2/2017 22:40:41] /b aguarde. os pontos vai ser entregue
[11/2/2017 22:40:42] /b aguarde. os pontos vai ser entregue
[11/2/2017 22:40:42] /b aguarde. os pontos vai ser entregue
[11/2/2017 22:49:57] /b QUEM NAO GANHO PONTOS , VENHA NA QUEST DA DICE , ENTRA NO EVENTO DA BP
[11/2/2017 22:49:57] /b QUEM NAO GANHO PONTOS , VENHA NA QUEST DA DICE , ENTRA NO EVENTO DA BP
[11/2/2017 22:49:58] /b QUEM NAO GANHO PONTOS , VENHA NA QUEST DA DICE , ENTRA NO EVENTO DA BP
[11/2/2017 22:49:58] /b QUEM NAO GANHO PONTOS , VENHA NA QUEST DA DICE , ENTRA NO EVENTO DA BP
[11/2/2017 22:49:58] /b QUEM NAO GANHO PONTOS , VENHA NA QUEST DA DICE , ENTRA NO EVENTO DA BP
[11/2/2017 22:49:59] /b QUEM NAO GANHO PONTOS , VENHA NA QUEST DA DICE , ENTRA NO EVENTO DA BP
[11/2/2017 22:49:59] /b QUEM NAO GANHO PONTOS , VENHA NA QUEST DA DICE , ENTRA NO EVENTO DA BP
[11/2/2017 22:49:59] /b QUEM NAO GANHO PONTOS , VENHA NA QUEST DA DICE , ENTRA NO EVENTO DA BP
[11/2/2017 22:50:0] /b QUEM NAO GANHO PONTOS , VENHA NA QUEST DA DICE , ENTRA NO EVENTO DA BP
[11/2/2017 22:50:0] /b QUEM NAO GANHO PONTOS , VENHA NA QUEST DA DICE , ENTRA NO EVENTO DA BP
[11/2/2017 22:50:0] /b QUEM NAO GANHO PONTOS , VENHA NA QUEST DA DICE , ENTRA NO EVENTO DA BP
[11/2/2017 22:50:1] /b QUEM NAO GANHO PONTOS , VENHA NA QUEST DA DICE , ENTRA NO EVENTO DA BP
[11/2/2017 22:50:1] /b QUEM NAO GANHO PONTOS , VENHA NA QUEST DA DICE , ENTRA NO EVENTO DA BP
[11/2/2017 22:50:1] /b QUEM NAO GANHO PONTOS , VENHA NA QUEST DA DICE , ENTRA NO EVENTO DA BP
[11/2/2017 22:50:2] /b QUEM NAO GANHO PONTOS , VENHA NA QUEST DA DICE , ENTRA NO EVENTO DA BP
[11/2/2017 22:50:2] /b QUEM NAO GANHO PONTOS , VENHA NA QUEST DA DICE , ENTRA NO EVENTO DA BP
[11/2/2017 22:50:2] /b QUEM NAO GANHO PONTOS , VENHA NA QUEST DA DICE , ENTRA NO EVENTO DA BP
[11/2/2017 22:50:3] /b QUEM NAO GANHO PONTOS , VENHA NA QUEST DA DICE , ENTRA NO EVENTO DA BP
[11/2/2017 22:50:4] /b QUEM NAO GANHO PONTOS , VENHA NA QUEST DA DICE , ENTRA NO EVENTO DA BP
[11/2/2017 22:50:4] /b QUEM NAO GANHO PONTOS , VENHA NA QUEST DA DICE , ENTRA NO EVENTO DA BP
[11/2/2017 22:50:5] /b QUEM NAO GANHO PONTOS , VENHA NA QUEST DA DICE , ENTRA NO EVENTO DA BP
[11/2/2017 22:50:5] /b QUEM NAO GANHO PONTOS , VENHA NA QUEST DA DICE , ENTRA NO EVENTO DA BP
[11/2/2017 22:50:6] /b QUEM NAO GANHO PONTOS , VENHA NA QUEST DA DICE , ENTRA NO EVENTO DA BP
[11/2/2017 22:50:6] /b QUEM NAO GANHO PONTOS , VENHA NA QUEST DA DICE , ENTRA NO EVENTO DA BP
[11/2/2017 22:50:8] /b QUEM NAO GANHO PONTOS , VENHA NA QUEST DA DICE , ENTRA NO EVENTO DA BP
[11/2/2017 22:50:10] /b QUEM NAO GANHO PONTOS , VENHA NA QUEST DA DICE , ENTRA NO EVENTO DA BP
[11/2/2017 22:50:10] /b QUEM NAO GANHO PONTOS , VENHA NA QUEST DA DICE , ENTRA NO EVENTO DA BP
[11/2/2017 22:50:11] /b QUEM NAO GANHO PONTOS , VENHA NA QUEST DA DICE , ENTRA NO EVENTO DA BP
[11/2/2017 22:50:11] /b QUEM NAO GANHO PONTOS , VENHA NA QUEST DA DICE , ENTRA NO EVENTO DA BP
[11/2/2017 22:52:2] /b E SO QUEM NAO , GANHOOU OS PONTOOS
[11/2/2017 22:52:3] /b E SO QUEM NAO , GANHOOU OS PONTOOS
[11/2/2017 22:52:4] /b E SO QUEM NAO , GANHOOU OS PONTOOS
[11/2/2017 22:53:39] /b QUEM NAO GANHO OS PONTOS , VENHA NA QUEST DICE , E ENTRA NO EVENTO BP
[11/2/2017 22:53:40] /b QUEM NAO GANHO OS PONTOS , VENHA NA QUEST DICE , E ENTRA NO EVENTO BP
[11/2/2017 22:53:41] /b QUEM NAO GANHO OS PONTOS , VENHA NA QUEST DICE , E ENTRA NO EVENTO BP
[11/2/2017 22:53:41] /b QUEM NAO GANHO OS PONTOS , VENHA NA QUEST DICE , E ENTRA NO EVENTO BP
[11/2/2017 22:53:41] /b QUEM NAO GANHO OS PONTOS , VENHA NA QUEST DICE , E ENTRA NO EVENTO BP
[11/2/2017 22:53:42] /b QUEM NAO GANHO OS PONTOS , VENHA NA QUEST DICE , E ENTRA NO EVENTO BP
[11/2/2017 22:53:42] /b QUEM NAO GANHO OS PONTOS , VENHA NA QUEST DICE , E ENTRA NO EVENTO BP
[11/2/2017 22:53:42] /b QUEM NAO GANHO OS PONTOS , VENHA NA QUEST DICE , E ENTRA NO EVENTO BP
[11/2/2017 22:53:42] /b QUEM NAO GANHO OS PONTOS , VENHA NA QUEST DICE , E ENTRA NO EVENTO BP
[11/2/2017 22:53:43] /b QUEM NAO GANHO OS PONTOS , VENHA NA QUEST DICE , E ENTRA NO EVENTO BP
[11/2/2017 22:53:43] /b QUEM NAO GANHO OS PONTOS , VENHA NA QUEST DICE , E ENTRA NO EVENTO BP
[11/2/2017 22:53:43] /b QUEM NAO GANHO OS PONTOS , VENHA NA QUEST DICE , E ENTRA NO EVENTO BP
[11/2/2017 22:53:43] /b QUEM NAO GANHO OS PONTOS , VENHA NA QUEST DICE , E ENTRA NO EVENTO BP
[11/2/2017 22:53:44] /b QUEM NAO GANHO OS PONTOS , VENHA NA QUEST DICE , E ENTRA NO EVENTO BP
[11/2/2017 22:57:59] /b SO PODE PEGA UMA VEZ . QUEM JA PEGOU EU , JA ANOTEI
[11/2/2017 22:57:59] /b SO PODE PEGA UMA VEZ . QUEM JA PEGOU EU , JA ANOTEI
[11/2/2017 22:57:59] /b SO PODE PEGA UMA VEZ . QUEM JA PEGOU EU , JA ANOTEI
[11/2/2017 22:58:0] /b SO PODE PEGA UMA VEZ . QUEM JA PEGOU EU , JA ANOTEI
[11/2/2017 22:58:0] /b SO PODE PEGA UMA VEZ . QUEM JA PEGOU EU , JA ANOTEI
[11/2/2017 22:58:0] /b SO PODE PEGA UMA VEZ . QUEM JA PEGOU EU , JA ANOTEI
[11/2/2017 23:1:57] /b Ajudante , DA GOTO
[11/2/2017 23:1:57] /b Ajudante , DA GOTO
[11/2/2017 23:1:57] /b Ajudante , DA GOTO
[11/2/2017 23:1:58] /b Ajudante , DA GOTO
[11/2/2017 23:1:58] /b Ajudante , DA GOTO
[11/2/2017 23:1:59] /b Ajudante , DA GOTO
[11/2/2017 23:2:55] /b Ajudante , DA GOTO
[11/2/2017 23:2:56] /b Ajudante , DA GOTO
[11/2/2017 23:2:57] /b Ajudante , DA GOTO
[11/2/2017 23:2:57] /b Ajudante , DA GOTO
[11/2/2017 23:2:58] /b Ajudante , DA GOTO
[11/2/2017 23:2:58] /b Ajudante , DA GOTO
[11/2/2017 23:2:59] /b Ajudante , DA GOTO
[11/2/2017 23:8:3] /b ajudante , me puchar de volta pra la 
[11/2/2017 23:8:3] /b ajudante , me puchar de volta pra la 
[11/2/2017 23:8:4] /b ajudante , me puchar de volta pra la 
[11/2/2017 23:8:4] /b ajudante , me puchar de volta pra la 
[11/2/2017 23:8:5] /b ajudante , me puchar de volta pra la 
[11/2/2017 23:8:5] /b ajudante , me puchar de volta pra la 
[11/2/2017 23:8:5] /b ajudante , me puchar de volta pra la 
[11/2/2017 23:9:39] /b espera o AJUDANTE , VAI COLOCA PELO SITE
[11/2/2017 23:9:39] /b espera o AJUDANTE , VAI COLOCA PELO SITE
[11/2/2017 23:9:39] /b espera o AJUDANTE , VAI COLOCA PELO SITE
[11/2/2017 23:9:40] /b espera o AJUDANTE , VAI COLOCA PELO SITE
[11/2/2017 23:9:40] /b espera o AJUDANTE , VAI COLOCA PELO SITE
[11/2/2017 23:9:40] /b espera o AJUDANTE , VAI COLOCA PELO SITE
[11/2/2017 23:9:41] /b espera o AJUDANTE , VAI COLOCA PELO SITE
[11/2/2017 23:9:41] /b espera o AJUDANTE , VAI COLOCA PELO SITE
[11/2/2017 23:9:41] /b espera o AJUDANTE , VAI COLOCA PELO SITE
[11/2/2017 23:9:42] /b espera o AJUDANTE , VAI COLOCA PELO SITE
[11/2/2017 23:9:42] /b espera o AJUDANTE , VAI COLOCA PELO SITE
[11/2/2017 23:22:8] /b QUEM N GANHO PONTOS VENHAM NA QUEST DICE , EVENTO BP 
[11/2/2017 23:22:8] /b QUEM N GANHO PONTOS VENHAM NA QUEST DICE , EVENTO BP 
[11/2/2017 23:22:8] /b QUEM N GANHO PONTOS VENHAM NA QUEST DICE , EVENTO BP 
[11/2/2017 23:22:9] /b QUEM N GANHO PONTOS VENHAM NA QUEST DICE , EVENTO BP 
[11/2/2017 23:22:9] /b QUEM N GANHO PONTOS VENHAM NA QUEST DICE , EVENTO BP 
[11/2/2017 23:22:10] /b QUEM N GANHO PONTOS VENHAM NA QUEST DICE , EVENTO BP 
[11/2/2017 23:22:10] /b QUEM N GANHO PONTOS VENHAM NA QUEST DICE , EVENTO BP 
[11/2/2017 23:22:10] /b QUEM N GANHO PONTOS VENHAM NA QUEST DICE , EVENTO BP 
[11/2/2017 23:22:11] /b QUEM N GANHO PONTOS VENHAM NA QUEST DICE , EVENTO BP 
[11/2/2017 23:22:11] /b QUEM N GANHO PONTOS VENHAM NA QUEST DICE , EVENTO BP 
[12/2/2017 0:12:49] /b ADM ESTA DANDO PONTOS PARA QUEM NAO E VIP NA SALA DELE CORRE , NAO ADIANTA FAZER MC SE NAO VAI TOMA BAN
[12/2/2017 0:12:51] /b ADM ESTA DANDO PONTOS PARA QUEM NAO E VIP NA SALA DELE CORRE , NAO ADIANTA FAZER MC SE NAO VAI TOMA BAN
[12/2/2017 0:12:52] /b ADM ESTA DANDO PONTOS PARA QUEM NAO E VIP NA SALA DELE CORRE , NAO ADIANTA FAZER MC SE NAO VAI TOMA BAN
[12/2/2017 0:12:52] /b ADM ESTA DANDO PONTOS PARA QUEM NAO E VIP NA SALA DELE CORRE , NAO ADIANTA FAZER MC SE NAO VAI TOMA BAN
[12/2/2017 0:12:53] /b ADM ESTA DANDO PONTOS PARA QUEM NAO E VIP NA SALA DELE CORRE , NAO ADIANTA FAZER MC SE NAO VAI TOMA BAN
[12/2/2017 0:12:53] /b ADM ESTA DANDO PONTOS PARA QUEM NAO E VIP NA SALA DELE CORRE , NAO ADIANTA FAZER MC SE NAO VAI TOMA BAN
[12/2/2017 0:12:54] /b ADM ESTA DANDO PONTOS PARA QUEM NAO E VIP NA SALA DELE CORRE , NAO ADIANTA FAZER MC SE NAO VAI TOMA BAN
[12/2/2017 0:12:54] /b ADM ESTA DANDO PONTOS PARA QUEM NAO E VIP NA SALA DELE CORRE , NAO ADIANTA FAZER MC SE NAO VAI TOMA BAN
[12/2/2017 0:12:54] /b ADM ESTA DANDO PONTOS PARA QUEM NAO E VIP NA SALA DELE CORRE , NAO ADIANTA FAZER MC SE NAO VAI TOMA BAN
[12/2/2017 0:12:55] /b ADM ESTA DANDO PONTOS PARA QUEM NAO E VIP NA SALA DELE CORRE , NAO ADIANTA FAZER MC SE NAO VAI TOMA BAN
[12/2/2017 0:12:55] /b ADM ESTA DANDO PONTOS PARA QUEM NAO E VIP NA SALA DELE CORRE , NAO ADIANTA FAZER MC SE NAO VAI TOMA BAN
[12/2/2017 0:12:55] /b ADM ESTA DANDO PONTOS PARA QUEM NAO E VIP NA SALA DELE CORRE , NAO ADIANTA FAZER MC SE NAO VAI TOMA BAN
[12/2/2017 0:12:56] /b ADM ESTA DANDO PONTOS PARA QUEM NAO E VIP NA SALA DELE CORRE , NAO ADIANTA FAZER MC SE NAO VAI TOMA BAN
[12/2/2017 0:12:56] /b ADM ESTA DANDO PONTOS PARA QUEM NAO E VIP NA SALA DELE CORRE , NAO ADIANTA FAZER MC SE NAO VAI TOMA BAN
[12/2/2017 0:12:57] /b ADM ESTA DANDO PONTOS PARA QUEM NAO E VIP NA SALA DELE CORRE , NAO ADIANTA FAZER MC SE NAO VAI TOMA BAN
[12/2/2017 0:12:57] /b ADM ESTA DANDO PONTOS PARA QUEM NAO E VIP NA SALA DELE CORRE , NAO ADIANTA FAZER MC SE NAO VAI TOMA BAN
[12/2/2017 16:41:46] /b salve
[12/2/2017 16:41:47] /b salve
[12/2/2017 16:41:47] /b salve
[12/2/2017 16:41:47] /b salve
[12/2/2017 16:41:48] /b salve
[12/2/2017 19:1:14] /b QUEM NAO GANHOU PONTOS , VENHAM NA QUEST DO DICE , E ENTRA NO EVENTO BP , QUEM E VIP NAO ADIANTA VIM NAO VOU DA
[12/2/2017 19:1:15] /b QUEM NAO GANHOU PONTOS , VENHAM NA QUEST DO DICE , E ENTRA NO EVENTO BP , QUEM E VIP NAO ADIANTA VIM NAO VOU DA
[12/2/2017 19:1:16] /b QUEM NAO GANHOU PONTOS , VENHAM NA QUEST DO DICE , E ENTRA NO EVENTO BP , QUEM E VIP NAO ADIANTA VIM NAO VOU DA
[12/2/2017 19:1:16] /b QUEM NAO GANHOU PONTOS , VENHAM NA QUEST DO DICE , E ENTRA NO EVENTO BP , QUEM E VIP NAO ADIANTA VIM NAO VOU DA
[12/2/2017 19:1:17] /b QUEM NAO GANHOU PONTOS , VENHAM NA QUEST DO DICE , E ENTRA NO EVENTO BP , QUEM E VIP NAO ADIANTA VIM NAO VOU DA
[12/2/2017 19:1:18] /b QUEM NAO GANHOU PONTOS , VENHAM NA QUEST DO DICE , E ENTRA NO EVENTO BP , QUEM E VIP NAO ADIANTA VIM NAO VOU DA
[12/2/2017 19:1:20] /b QUEM NAO GANHOU PONTOS , VENHAM NA QUEST DO DICE , E ENTRA NO EVENTO BP , QUEM E VIP NAO ADIANTA VIM NAO VOU DA
[12/2/2017 19:1:23] /b QUEM NAO GANHOU PONTOS , VENHAM NA QUEST DO DICE , E ENTRA NO EVENTO BP , QUEM E VIP NAO ADIANTA VIM NAO VOU DA
[12/2/2017 19:1:24] /b QUEM NAO GANHOU PONTOS , VENHAM NA QUEST DO DICE , E ENTRA NO EVENTO BP , QUEM E VIP NAO ADIANTA VIM NAO VOU DA
[12/2/2017 19:1:25] /b QUEM NAO GANHOU PONTOS , VENHAM NA QUEST DO DICE , E ENTRA NO EVENTO BP , QUEM E VIP NAO ADIANTA VIM NAO VOU DA
[12/2/2017 19:1:26] /b QUEM NAO GANHOU PONTOS , VENHAM NA QUEST DO DICE , E ENTRA NO EVENTO BP , QUEM E VIP NAO ADIANTA VIM NAO VOU DA
[12/2/2017 19:1:59] /b QUEM NAO GANHOU PONTOS , VENHAM NA QUEST DO DICE , E ENTRA NO EVENTO BP , QUEM E VIP NAO ADIANTA VIM NAO VOU DA
[12/2/2017 19:1:59] /b QUEM NAO GANHOU PONTOS , VENHAM NA QUEST DO DICE , E ENTRA NO EVENTO BP , QUEM E VIP NAO ADIANTA VIM NAO VOU DA
[12/2/2017 19:2:1] /b QUEM NAO GANHOU PONTOS , VENHAM NA QUEST DO DICE , E ENTRA NO EVENTO BP , QUEM E VIP NAO ADIANTA VIM NAO VOU DA
[12/2/2017 19:2:17] /a 2
[12/2/2017 19:2:25] /a
[12/2/2017 19:2:25] /a
[12/2/2017 19:2:26] /c arvore
[12/2/2017 19:2:32] /a 4
[12/2/2017 19:2:32] /a 4
[12/2/2017 19:2:34] /a 4
[12/2/2017 19:2:34] /a 4
[12/2/2017 19:2:35] /a 4
[12/2/2017 19:2:35] /a 4
[12/2/2017 19:2:36] /a 4
[12/2/2017 19:2:36] /a 4
[12/2/2017 19:2:36] /a 4
[12/2/2017 19:2:38] /a 4
[12/2/2017 19:3:35] /a 4
[12/2/2017 19:3:36] /a 4
[12/2/2017 19:3:36] /a 4
[12/2/2017 19:3:36] /a 4
[12/2/2017 19:3:37] /a 4
[12/2/2017 19:3:37] /a 4
[12/2/2017 19:3:37] /a 4
[12/2/2017 19:3:37] /a 4
[12/2/2017 19:3:38] /a 4
[12/2/2017 19:3:38] /a 4
[12/2/2017 19:3:39] /a 4
[12/2/2017 19:3:39] /a 4
[12/2/2017 19:3:39] /a 4
[12/2/2017 19:3:40] /a 4
[12/2/2017 19:3:40] /a 4
[12/2/2017 19:3:41] /a 4
[12/2/2017 19:3:41] /a 4
[12/2/2017 19:3:42] /a 4
[12/2/2017 19:3:42] /a 4
[12/2/2017 19:3:42] /a 4
[12/2/2017 19:3:44] /a 4
[12/2/2017 19:3:54] /b quem estiver vindo de mc, vou da ban
[12/2/2017 19:3:55] /b quem estiver vindo de mc, vou da ban
[12/2/2017 19:3:55] /b quem estiver vindo de mc, vou da ban
[12/2/2017 19:3:55] /b quem estiver vindo de mc, vou da ban
[12/2/2017 19:3:56] /b quem estiver vindo de mc, vou da ban
[12/2/2017 19:3:59] /mc
[12/2/2017 19:4:24] /a 2
[12/2/2017 19:5:9] /t Millady De Winter
[12/2/2017 19:5:14] /mc
[12/2/2017 19:5:36] /mc
[12/2/2017 19:6:7] /mc
[12/2/2017 19:6:53] /goto bolaum
[12/2/2017 19:6:57] /goto arvore
[12/2/2017 19:7:2] /a 2
[12/2/2017 19:7:5] /a 2
[12/2/2017 19:7:7] /a
[12/2/2017 19:7:27] /a
[12/2/2017 19:7:45] /mc
[12/2/2017 19:8:31] /t Mazukit
[12/2/2017 19:8:36] /mc
[12/2/2017 19:9:2] /a 2
[12/2/2017 19:9:5] /c Mazukit
[12/2/2017 19:9:23] /t Mazukit
[12/2/2017 19:9:33] /a
[12/2/2017 19:9:39] /a
[12/2/2017 19:9:41] /mc
[12/2/2017 19:10:7] /mc
[12/2/2017 19:10:56] /a 4
[12/2/2017 19:10:56] /a 4
[12/2/2017 19:10:57] /a 4
[12/2/2017 19:10:57] /a 4
[12/2/2017 19:10:58] /a 4
[12/2/2017 19:11:7] /a 4
[12/2/2017 19:11:7] /a 4
[12/2/2017 19:11:8] /a 4
[12/2/2017 19:11:9] /a 4
[12/2/2017 19:11:9] /a 4
[12/2/2017 19:11:9] /a 4
[12/2/2017 19:11:11] /a 4
[12/2/2017 19:11:11] /a 4
[12/2/2017 19:11:11] /a 4
[12/2/2017 19:11:12] /a 4
[12/2/2017 19:11:12] /a 4
[12/2/2017 19:11:13] /a 4
[12/2/2017 19:11:13] /a 4
[12/2/2017 19:11:18] /a
[12/2/2017 19:11:20] /a
[12/2/2017 19:11:21] /mc
[12/2/2017 19:11:51] /mc
[12/2/2017 19:12:47] /ghost
[12/2/2017 19:12:52] /a 4
[12/2/2017 19:12:52] /a 4
[12/2/2017 19:12:53] /a 4
[12/2/2017 19:12:53] /a 4
[12/2/2017 19:13:7] /goto bolaum
[12/2/2017 19:18:32] /mc
[12/2/2017 19:19:14] /a 10
[12/2/2017 19:19:15] /a 10
[12/2/2017 19:19:18] /c Josh Bulletz
[12/2/2017 19:19:22] /ghost
[12/2/2017 19:20:41] /ghost
[12/2/2017 19:42:35] /goto Millady de winter
[12/2/2017 19:42:47] /t
[12/2/2017 19:42:58] /c Millady De winter
[12/2/2017 19:43:7] /ghost
[12/2/2017 19:43:22] /ghost
[12/2/2017 19:43:47] /t
[12/2/2017 20:0:21] /ghost
[12/2/2017 20:0:21] /ghost
[12/2/2017 20:29:16] /up
[12/2/2017 20:29:17] /up
[12/2/2017 20:29:17] /up
[12/2/2017 20:29:18] /up
[12/2/2017 20:29:26] /c ekzeerah
[12/2/2017 20:29:32] /ghost
[12/2/2017 20:30:33] /t ekzeera
[12/2/2017 20:30:36] /t ekzeerah
[12/2/2017 20:30:37] /ghost
[12/2/2017 20:30:38] /t
[12/2/2017 20:31:13] /ghost
[12/2/2017 20:31:53] /a 4
[12/2/2017 20:31:56] /a 2
[12/2/2017 20:32:26] /ghost
[12/2/2017 20:33:42] /ghost
[12/2/2017 20:34:20] /a 4
[12/2/2017 20:34:57] /a 4
[12/2/2017 20:35:46] /ghost
[12/2/2017 20:38:31] /t
[12/2/2017 20:39:45] /mc
[12/2/2017 21:16:32] /t
[12/2/2017 21:17:27] /ghost
[12/2/2017 21:18:9] /a 4
[12/2/2017 21:18:11] /a 4
[12/2/2017 21:18:34] /ghost
[12/2/2017 21:18:35] /t
[12/2/2017 21:18:44] /a 4
[12/2/2017 21:18:48] /a 4
[12/2/2017 21:18:52] /c Drauziovrau
[12/2/2017 21:19:3] /ghost
[12/2/2017 21:19:20] /c fenix crazy
[12/2/2017 21:19:41] /ghost
[12/2/2017 21:19:51] /ghost
[12/2/2017 21:21:31] /ghost
[12/2/2017 21:22:8] /a 4
[12/2/2017 21:22:11] /c Elder melo
[12/2/2017 21:22:13] /c suporte
[12/2/2017 21:22:20] /c Elder medo
[12/2/2017 21:22:22] /ghost
[12/2/2017 21:22:47] /a 4
[12/2/2017 21:22:52] /c elder medo
[12/2/2017 21:23:1] /ghost
[12/2/2017 21:23:6] /goto elder melo
[12/2/2017 21:23:10] /goto elder medo
[12/2/2017 21:23:15] /ghost
[12/2/2017 21:25:6] /c Suporte
[12/2/2017 21:26:5] /c Khwja
[12/2/2017 21:26:22] /t hwja
[12/2/2017 21:26:30] /c sopraconversar
[12/2/2017 21:26:38] /t Khwja
[12/2/2017 21:26:52] /t sopraconversar
[12/2/2017 21:26:57] /ghost
[12/2/2017 21:27:7] /goto suporte
[12/2/2017 21:27:8] /ghost
[12/2/2017 21:27:39] /c Bahia
[12/2/2017 21:27:41] /c Bahia
[12/2/2017 21:27:44] /c Bahia
[12/2/2017 21:29:24] /a
[12/2/2017 21:30:41] /ghost
[12/2/2017 21:30:57] /goto barzilay
[12/2/2017 21:31:10] /a 2
[12/2/2017 21:31:15] /a 4
[12/2/2017 21:31:16] /a 4
[12/2/2017 21:31:18] /ghost
[12/2/2017 21:33:32] /c Elder melo
[12/2/2017 21:33:36] /c Elder medo
[12/2/2017 21:40:30] /a
[12/2/2017 21:41:0] /ghost
[12/2/2017 21:41:18] /a 4
[12/2/2017 21:41:21] /ghost
[12/2/2017 21:41:47] /a 2
[12/2/2017 21:45:55] /mc
[12/2/2017 21:46:43] /c Drauziovrau
[12/2/2017 21:46:51] /ghost
[12/2/2017 21:46:55] /goto suporte
[12/2/2017 21:46:58] /ghost
[12/2/2017 21:47:10] /t Drauziovrau
[12/2/2017 21:48:15] /a
[12/2/2017 21:49:51] /c Roxzera
[12/2/2017 21:50:34] /a 4
[12/2/2017 21:50:37] /c roxzera
[12/2/2017 21:50:39] /a 4
[12/2/2017 21:51:29] /c Proccek
[12/2/2017 21:52:7] /c Scavusca
[12/2/2017 21:54:9] /mc
[12/2/2017 21:54:25] /ghost
[12/2/2017 21:54:42] /goto Proccek
[12/2/2017 21:54:44] /ghost
[12/2/2017 21:55:36] /c Courx
[12/2/2017 21:55:46] /mc
[12/2/2017 21:56:15] /mc
[12/2/2017 21:57:11] /t Courx
[12/2/2017 21:58:12] /ghost
[12/2/2017 21:58:23] /goto Scavusca
[12/2/2017 21:58:27] /ghost
[12/2/2017 21:59:32] /ghost
[12/2/2017 22:2:8] /c Proccek
[12/2/2017 22:2:10] /ghost
[12/2/2017 22:2:25] /ghost
[12/2/2017 22:5:14] /goto Proccek
[12/2/2017 22:6:4] /goto Proccek
[12/2/2017 22:8:42] /goto Proccek
[12/2/2017 22:9:8] /c Proccek
[12/2/2017 22:9:9] /c Proccek
[12/2/2017 22:9:25] /goto proccek
[12/2/2017 22:10:42] /t
[12/2/2017 22:11:17] /mc
[12/2/2017 22:11:44] /a 10
[12/2/2017 22:11:50] /a 4
[12/2/2017 22:11:51] /a 4
[12/2/2017 22:12:3] /c Rondinelly
[12/2/2017 22:12:4] /ghost
[12/2/2017 22:12:15] /ghost
[12/2/2017 22:22:31] /goto Roxzera
[12/2/2017 22:22:35] /mc
[12/2/2017 22:22:51] /a 4
[12/2/2017 22:23:4] /t
[12/2/2017 22:23:9] /goto suporte
[12/2/2017 22:23:11] /c enforced
[12/2/2017 22:23:14] /ghost
[12/2/2017 22:24:27] /ghost
[12/2/2017 22:24:32] /goto enforced
[12/2/2017 22:24:36] /ghost
[12/2/2017 22:24:59] /a
[12/2/2017 22:25:15] /t Strong Temo
[12/2/2017 22:25:23] /ghost
[12/2/2017 22:26:11] /goto alka
[12/2/2017 22:26:17] /goto Alka
[12/2/2017 22:26:47] /goto Bauducco
[12/2/2017 22:26:51] /ghost
[12/2/2017 22:26:56] /ghost
[12/2/2017 22:27:6] /t
[12/2/2017 22:34:27] /goto Blockerzinhosz
[12/2/2017 22:34:29] /goto Blockerzinhosz
[12/2/2017 22:35:56] /goto Roxzera
[12/2/2017 22:36:0] /goto Proccek
[12/2/2017 22:36:5] /goto Proccek
[12/2/2017 22:36:8] /goto Proccek
[12/2/2017 22:36:9] /goto Proccek
[12/2/2017 22:36:11] /goto Proccek
[12/2/2017 22:36:23] /goto Proccek
[12/2/2017 22:36:25] /goto Proccek
[12/2/2017 22:36:26] /goto Proccek
[12/2/2017 22:36:27] /goto Proccek
[12/2/2017 22:36:31] /goto Proccek
[12/2/2017 22:36:31] /goto Proccek
[12/2/2017 22:36:34] /goto Proccek
[12/2/2017 22:36:34] /goto Proccek
[12/2/2017 22:36:35] /goto Proccek
[12/2/2017 22:36:37] /goto Proccek
[12/2/2017 22:36:38] /goto Proccek
[12/2/2017 22:36:39] /goto Proccek
[12/2/2017 22:36:40] /goto Proccek
[12/2/2017 22:36:41] /goto Proccek
[12/2/2017 22:36:42] /goto Proccek
[12/2/2017 22:36:43] /goto Proccek
[12/2/2017 22:36:44] /goto Proccek
[12/2/2017 22:36:46] /goto Proccek
[12/2/2017 22:36:48] /goto Proccek
[12/2/2017 22:36:50] /goto Proccek
[12/2/2017 22:36:51] /goto Proccek
[12/2/2017 22:36:52] /goto Proccek
[12/2/2017 22:37:2] /goto Proccek
[12/2/2017 22:37:4] /goto Proccek
[12/2/2017 22:37:7] /goto Proccek
[12/2/2017 22:37:9] /goto Proccek
[12/2/2017 22:37:10] /goto Proccek
[12/2/2017 22:37:11] /goto Proccek
[12/2/2017 22:37:12] /goto Proccek
[12/2/2017 22:37:14] /goto Proccek
[12/2/2017 22:37:15] /goto Proccek
[12/2/2017 22:37:16] /goto Proccek
[12/2/2017 22:37:17] /goto Proccek
[12/2/2017 22:37:19] /goto Proccek
[12/2/2017 22:37:21] /goto Proccek
[12/2/2017 22:37:22] /goto Proccek
[12/2/2017 22:37:37] /goto Proccek
[12/2/2017 22:37:38] /goto Proccek
[12/2/2017 22:37:39] /goto Proccek
[12/2/2017 22:37:56] /goto Proccek
[12/2/2017 22:38:3] /goto Proccek
[12/2/2017 22:38:4] /goto Proccek
[12/2/2017 22:38:5] /goto Proccek
[12/2/2017 22:38:6] /goto Proccek
[12/2/2017 22:38:7] /goto Proccek
[12/2/2017 22:38:7] /goto Proccek
[12/2/2017 22:38:8] /goto Proccek
[12/2/2017 22:38:9] /goto Proccek
[12/2/2017 22:38:11] /goto Proccek
[12/2/2017 22:38:11] /goto Proccek
[12/2/2017 22:38:12] /goto Proccek
[12/2/2017 22:38:18] /goto Proccek
[12/2/2017 22:38:19] /goto Proccek
[12/2/2017 22:38:19] /goto Proccek
[12/2/2017 22:38:20] /goto Proccek
[12/2/2017 22:38:21] /goto Proccek
[12/2/2017 22:38:22] /goto Proccek
[12/2/2017 22:38:23] /goto Proccek
[12/2/2017 22:38:24] /goto Proccek
[12/2/2017 22:38:25] /goto Proccek
[12/2/2017 22:38:31] /goto Proccek
[12/2/2017 22:38:33] /goto Proccek
[12/2/2017 22:38:34] /goto Proccek
[12/2/2017 22:38:41] /goto Proccek
[12/2/2017 22:38:54] /goto Proccek
[12/2/2017 22:38:57] /goto Proccek
[12/2/2017 22:38:58] /goto Proccek
[12/2/2017 22:39:0] /goto Proccek
[12/2/2017 22:39:1] /goto Proccek
[12/2/2017 22:39:3] /goto Proccek
[12/2/2017 22:39:4] /goto Proccek
[12/2/2017 22:39:6] /goto Proccek
[12/2/2017 22:39:8] /goto Proccek
[12/2/2017 22:39:10] /goto Proccek
[12/2/2017 22:39:11] /goto Proccek
[12/2/2017 22:39:13] /goto Proccek
[12/2/2017 22:39:13] /goto Proccek
[12/2/2017 22:39:15] /goto Proccek
[12/2/2017 22:39:16] /goto Proccek
[12/2/2017 22:39:17] /goto Proccek
[12/2/2017 22:39:18] /goto Proccek
[12/2/2017 22:39:19] /goto Proccek
[12/2/2017 22:39:21] /goto Proccek
[12/2/2017 22:39:22] /goto Proccek
[12/2/2017 22:39:24] /goto Proccek
[12/2/2017 22:39:26] /goto Proccek
[12/2/2017 22:39:29] /goto Proccek
[12/2/2017 22:39:31] /goto Proccek
[12/2/2017 22:39:32] /goto Proccek
[12/2/2017 22:39:34] /goto Proccek
[12/2/2017 22:39:35] /goto Proccek
[12/2/2017 22:39:36] /goto Proccek
[12/2/2017 22:39:37] /goto Proccek
[12/2/2017 22:39:38] /goto Proccek
[12/2/2017 22:39:41] /goto Proccek
[12/2/2017 22:39:42] /goto Proccek
[12/2/2017 22:39:46] /goto Proccek
[12/2/2017 22:39:50] /goto Proccek
[12/2/2017 22:39:51] /goto Proccek
[12/2/2017 22:40:6] /goto Proccek
[12/2/2017 22:40:8] /goto Proccek
[12/2/2017 22:40:9] /goto Proccek
[12/2/2017 22:40:11] /goto Proccek
[12/2/2017 22:40:14] /goto Proccek
[12/2/2017 22:40:17] /goto Proccek
[12/2/2017 22:40:18] /goto Proccek
[12/2/2017 22:40:21] /goto Proccek
[12/2/2017 22:40:22] /goto Proccek
[12/2/2017 22:40:24] /goto Proccek
[12/2/2017 22:40:45] /goto Proccek
[12/2/2017 22:41:52] /goto Proccek
[12/2/2017 22:41:54] /goto Proccek
[12/2/2017 22:41:56] /goto Proccek
[12/2/2017 22:42:0] /goto Proccek
[12/2/2017 22:42:19] /goto Ghescondido
[12/2/2017 22:44:11] /goto Proccek
[12/2/2017 22:44:14] /goto Proccek
[12/2/2017 22:44:16] /goto Proccek
[12/2/2017 22:44:17] /goto Proccek
[12/2/2017 22:44:19] /goto Proccek
[12/2/2017 22:44:23] /goto Proccek
[12/2/2017 22:44:26] /goto Proccek
[12/2/2017 22:44:27] /goto Proccek
[12/2/2017 22:44:29] /goto Proccek
[12/2/2017 22:44:30] /goto Proccek
[12/2/2017 22:44:32] /goto Proccek
[12/2/2017 22:44:33] /goto Proccek
[12/2/2017 22:44:34] /goto Proccek
[12/2/2017 22:44:35] /goto Proccek
[12/2/2017 22:44:37] /goto Proccek
[12/2/2017 22:44:38] /goto Proccek
[12/2/2017 22:44:43] /goto Proccek
[12/2/2017 22:44:45] /goto Proccek
[12/2/2017 22:44:47] /goto Proccek
[12/2/2017 22:46:8] /goto Proccek
[12/2/2017 22:46:34] /goto Proccek
[12/2/2017 22:46:51] /goto Proccek
[12/2/2017 22:46:54] /goto Proccek
[12/2/2017 22:47:2] /goto Proccek
[12/2/2017 22:47:4] /goto Proccek
[12/2/2017 22:47:6] /goto Proccek
[12/2/2017 22:47:7] /goto Proccek
[12/2/2017 22:47:8] /goto Proccek
[12/2/2017 22:47:10] /goto Proccek
[12/2/2017 22:47:11] /goto Proccek
[12/2/2017 22:47:13] /goto Proccek
[12/2/2017 22:47:15] /goto Proccek
[12/2/2017 22:47:17] /goto Proccek
[12/2/2017 22:47:19] /goto Proccek
[12/2/2017 22:47:21] /goto Proccek
[12/2/2017 22:47:24] /goto Proccek
[12/2/2017 22:47:27] /goto Proccek
[12/2/2017 22:47:28] /goto Proccek
[12/2/2017 22:47:29] /goto Proccek
[12/2/2017 22:47:31] /goto Proccek
[12/2/2017 22:47:33] /goto Proccek
[12/2/2017 22:47:37] /goto Proccek
[12/2/2017 22:47:56] /goto Proccek
[12/2/2017 22:48:5] /goto Proccek
[12/2/2017 22:48:6] /goto Proccek
[12/2/2017 22:48:11] /goto Proccek
[12/2/2017 22:48:18] /ghost
[12/2/2017 22:48:31] /ghost
[12/2/2017 22:48:34] /ghost
[12/2/2017 22:48:45] /mc
[12/2/2017 22:49:21] /ghost
[12/2/2017 22:49:22] /t
[12/2/2017 22:49:37] /up
[12/2/2017 22:49:37] /up
[12/2/2017 22:49:37] /up
[12/2/2017 22:49:42] /c soldadinho do crime
[12/2/2017 22:49:43] /ghost
[12/2/2017 22:50:19] /ghost
[12/2/2017 22:50:24] /t soldadinho do crime
[12/2/2017 22:50:26] /t
[12/2/2017 22:55:18] /a
[12/2/2017 22:55:24] /a
[12/2/2017 22:55:26] /a
[12/2/2017 22:55:40] /a
[12/2/2017 22:55:57] /goto Proccek
[12/2/2017 22:55:58] /goto Proccek
[12/2/2017 22:55:59] /goto Proccek
[12/2/2017 22:56:0] /goto Proccek
[12/2/2017 22:56:48] /goto Proccek
[12/2/2017 22:56:52] /goto Proccek
[12/2/2017 22:56:53] /goto Proccek
[12/2/2017 22:57:3] /goto Proccek
[12/2/2017 22:57:8] /goto Proccek
[12/2/2017 22:57:10] /goto Proccek
[12/2/2017 22:57:16] /goto scavusca
[12/2/2017 22:57:18] /goto Proccek
[12/2/2017 22:57:21] /up
[12/2/2017 22:57:29] /a 4
[12/2/2017 22:57:45] /ghost
[12/2/2017 22:58:11] /kick Swaten
[12/2/2017 22:58:15] /ghost
[12/2/2017 23:0:21] /goto ajudante do rbot
[12/2/2017 23:0:25] /goto ajudante do rbot
[12/2/2017 23:5:0] /goto Ajudante do rbot
[12/2/2017 23:5:7] /mc
[12/2/2017 23:5:20] /goto ajudante do rbot
[12/2/2017 23:5:30] /goto ajudante do rbot
[12/2/2017 23:5:59] /c wATER FOX
[12/2/2017 23:6:4] /mc
[12/2/2017 23:6:52] /ghost
[12/2/2017 23:7:51] /t water fox
[12/2/2017 23:7:55] /mc
[12/2/2017 23:8:29] /mc
[12/2/2017 23:9:9] /ghost
[12/2/2017 23:9:27] /mc
[12/2/2017 23:9:50] /c Brinks
[12/2/2017 23:9:53] /c Brinks
[12/2/2017 23:9:57] /c Brinks
[12/2/2017 23:9:58] /c Brinks
[12/2/2017 23:10:4] /ghost
[12/2/2017 23:11:48] /ghost
[12/2/2017 23:15:28] /goto Procccek
[12/2/2017 23:29:51] /goto Bad boy
[12/2/2017 23:30:0] /mc
[12/2/2017 23:30:22] /mc
[12/2/2017 23:30:34] /goto Bad boy
[12/2/2017 23:30:52] /up
[12/2/2017 23:30:52] /up
[12/2/2017 23:30:53] /up
[12/2/2017 23:30:55] /c bad boy
[12/2/2017 23:30:59] /ghost
[12/2/2017 23:31:50] /t Bad boy
[12/2/2017 23:31:53] /ghost
[12/2/2017 23:31:55] /goto joga fieo
[12/2/2017 23:31:58] /goto joga feio
[12/2/2017 23:32:4] /mc
[12/2/2017 23:32:36] /up
[12/2/2017 23:32:37] /up
[12/2/2017 23:32:37] /up
[12/2/2017 23:32:40] /c joga fieo
[12/2/2017 23:32:42] /c joga feio
[12/2/2017 23:32:44] /ghost
[12/2/2017 23:33:13] /ghost
[12/2/2017 23:33:15] /t Joga feio
[12/2/2017 23:33:16] /t
[12/2/2017 23:33:43] /mc
[12/2/2017 23:34:5] /up
[12/2/2017 23:34:5] /up
[12/2/2017 23:34:6] /up
[12/2/2017 23:34:18] /c Miame
[12/2/2017 23:34:19] /ghost
[12/2/2017 23:34:46] /ghost
[12/2/2017 23:34:48] /t Miame
[12/2/2017 23:34:50] /t
[12/2/2017 23:35:28] /mc
[12/2/2017 23:36:21] /up
[12/2/2017 23:36:22] /up
[12/2/2017 23:36:24] /up
[12/2/2017 23:36:26] /c Warnig
[12/2/2017 23:36:28] /ghost
[12/2/2017 23:36:43] /ghost
[12/2/2017 23:36:45] /t Warnig
[12/2/2017 23:36:46] /t
[12/2/2017 23:37:13] /kick Zikaa rush
[12/2/2017 23:39:1] /goto Palladin Collombiano
[12/2/2017 23:40:59] /ghost
[12/2/2017 23:41:24] /ghost
[12/2/2017 23:41:31] /goto Palladin Collombiano
[12/2/2017 23:41:34] /goto Palladin Collombiano
[12/2/2017 23:41:35] /ghost
[12/2/2017 23:41:45] /a
[12/2/2017 23:42:26] /t Palladin Collombiano
[12/2/2017 23:42:28] /ghost
[12/2/2017 23:42:31] /t
[12/2/2017 23:42:35] /a 10
[12/2/2017 23:42:36] /a 10
[12/2/2017 23:42:37] /a 10
[12/2/2017 23:42:37] /a 10
[12/2/2017 23:42:37] /a 10
[12/2/2017 23:42:38] /a 10
[12/2/2017 23:42:38] /a 10
[12/2/2017 23:42:38] /a 10
[12/2/2017 23:42:40] /a 10
[12/2/2017 23:42:48] /c samba
[12/2/2017 23:43:14] /goto Samba
[12/2/2017 23:43:16] /goto Samba
[12/2/2017 23:43:20] /goto Samba
[12/2/2017 23:43:21] /goto Samba
[12/2/2017 23:43:22] /goto Samba
[12/2/2017 23:43:23] /goto Samba
[12/2/2017 23:43:23] /goto Samba
[12/2/2017 23:43:24] /goto Samba
[12/2/2017 23:43:25] /goto Samba
[12/2/2017 23:43:47] /c samba
[12/2/2017 23:45:9] /ghost
[12/2/2017 23:46:54] /m demon
[12/2/2017 23:47:17] /m bazir
[12/2/2017 23:47:58] /up
[12/2/2017 23:48:1] /c samba
[12/2/2017 23:48:41] /m dragon
[12/2/2017 23:48:53] /m Donate dragon lord
[12/2/2017 23:49:15] /ghost
[12/2/2017 23:49:16] /t
[12/2/2017 23:49:26] /down
[12/2/2017 23:49:26] /down
[12/2/2017 23:49:41] /c samba
[12/2/2017 23:51:45] /ghost
[12/2/2017 23:52:54] /ghost
[12/2/2017 23:52:57] /c samba
[12/2/2017 23:53:29] /goto Victorzeerah
[12/2/2017 23:53:33] /c samba
[12/2/2017 23:53:36] /goto Victorzeerah
[12/2/2017 23:53:37] /c samba
[12/2/2017 23:54:3] /kick Victorzeerah
[12/2/2017 23:55:11] /goto Victorzeerah
[12/2/2017 23:55:13] /c Samba
[12/2/2017 23:56:3] /kick Victorzeerah
[12/2/2017 23:57:19] /goto samba
[12/2/2017 23:57:46] /goto samba
[12/2/2017 23:58:5] /goto samba
[12/2/2017 23:58:10] /goto samba
[12/2/2017 23:58:11] /goto samba
[12/2/2017 23:59:4] /a
[12/2/2017 23:59:25] /goto samba
[12/2/2017 23:59:47] /goto samba
[12/2/2017 23:59:56] /goto samba
[12/2/2017 23:59:59] /goto samba
[13/2/2017 0:0:29] /ghost
[13/2/2017 0:0:30] /ghost
[13/2/2017 0:0:34] /ghost
[13/2/2017 0:0:55] /ghost
[13/2/2017 0:1:57] /goto samba
[13/2/2017 0:2:4] /goto samba
[13/2/2017 0:2:5] /goto samba
[13/2/2017 0:2:7] /goto samba
[13/2/2017 0:2:8] /goto samba
[13/2/2017 0:2:8] /goto samba
[13/2/2017 0:2:9] /goto samba
[13/2/2017 0:2:10] /goto samba
[13/2/2017 0:2:11] /goto samba
[13/2/2017 0:2:12] /goto samba
[13/2/2017 0:2:26] /goto samba
[13/2/2017 0:2:27] /goto samba
[13/2/2017 0:2:29] /goto samba
[13/2/2017 0:2:30] /goto samba
[13/2/2017 0:2:31] /goto samba
[13/2/2017 0:2:32] /goto samba
[13/2/2017 0:2:36] /a 2
[13/2/2017 0:2:41] /a
[13/2/2017 0:4:20] /a 2
[13/2/2017 0:5:21] /goto samba
[13/2/2017 0:5:27] /t
[13/2/2017 0:5:57] /a
[13/2/2017 0:6:18] /goto samba
[13/2/2017 0:6:23] /goto samba
[13/2/2017 0:6:24] /goto samba
[13/2/2017 0:6:30] /a
[13/2/2017 0:7:38] /a 2
[13/2/2017 0:7:39] /a 2
[13/2/2017 0:7:44] /a 2
[13/2/2017 0:8:42] /a 2
[13/2/2017 0:9:0] /a 2
[13/2/2017 0:9:28] /goto samba
[13/2/2017 0:10:20] /a 2
[13/2/2017 0:10:33] /a
[13/2/2017 0:10:34] /a
[13/2/2017 0:10:36] /a
[13/2/2017 0:10:38] /a
[13/2/2017 0:10:38] /a
[13/2/2017 0:10:39] /a
[13/2/2017 0:10:46] /goto samba
[13/2/2017 0:10:48] /goto samba
[13/2/2017 0:10:49] /goto samba
[13/2/2017 0:10:59] /goto samba
[13/2/2017 0:11:0] /goto samba
[13/2/2017 0:11:18] /a
[13/2/2017 0:12:42] /a
[13/2/2017 0:15:10] /ghost
[13/2/2017 0:15:27] /ghost
[13/2/2017 0:15:57] /t
[13/2/2017 0:16:49] /mc
[13/2/2017 0:17:16] /goto Brinks
[13/2/2017 0:17:25] /goto Brinks
[13/2/2017 0:17:32] /t
[13/2/2017 0:18:8] /goto Brinks
[13/2/2017 0:18:28] /t
[13/2/2017 0:18:43] /mc
[13/2/2017 0:19:23] /mc
[13/2/2017 0:20:19] /goto samba
[13/2/2017 0:23:41] /goto Renovationn
[13/2/2017 0:25:8] /m dragon
[13/2/2017 0:25:31] /m morgaroth
[13/2/2017 0:26:31] /m morgaroth
[13/2/2017 0:26:47] /kick morgaroth
[13/2/2017 0:27:43] /t
[13/2/2017 0:31:3] /goto samba
[13/2/2017 0:32:29] /goto Samba
[13/2/2017 0:36:6] /t
[13/2/2017 0:37:3] /goto samba
[13/2/2017 0:39:17] /goto Samba
[13/2/2017 0:39:19] /goto Samba
[13/2/2017 0:39:20] /goto Samba
[13/2/2017 0:39:21] /goto Samba
[13/2/2017 0:39:22] /goto Samba
[13/2/2017 0:39:26] /goto Samba
[13/2/2017 0:39:28] /goto Samba
[13/2/2017 0:39:28] /goto Samba
[13/2/2017 0:39:30] /goto Samba
[13/2/2017 0:39:32] /goto Samba
[13/2/2017 0:39:33] /goto Samba
[13/2/2017 0:39:35] /goto Samba
[13/2/2017 0:39:36] /goto Samba/goto Samba
[13/2/2017 0:39:37] /goto Samba
[13/2/2017 0:39:38] /goto Samba
[13/2/2017 0:39:40] /goto Samba
[13/2/2017 0:39:40] /goto Samba
[13/2/2017 0:39:41] /goto Samba
[13/2/2017 0:39:42] /goto Samba
[13/2/2017 0:39:43] /goto Samba
[13/2/2017 0:39:46] /goto Samba
[13/2/2017 0:39:46] /goto Samba
[13/2/2017 0:39:54] /goto Samba
[13/2/2017 0:40:3] /t Samba
[13/2/2017 0:40:6] /t
[13/2/2017 0:42:16] /m morgaroth
[13/2/2017 0:42:17] /m morgaroth
[13/2/2017 0:43:10] /goto Soodio
[13/2/2017 0:43:22] /ghost
[13/2/2017 0:43:37] /c Soodio
[13/2/2017 0:44:13] /a 4
[13/2/2017 0:44:15] /a 4
[13/2/2017 0:44:17] /a 4
[13/2/2017 0:44:17] /a 4
[13/2/2017 0:44:18] /a 4
[13/2/2017 0:44:19] /a 4
[13/2/2017 0:44:19] /a 4
[13/2/2017 0:44:20] /a 4
[13/2/2017 0:44:22] /a 4
[13/2/2017 0:44:23] /a 4
[13/2/2017 0:44:33] /a 4
[13/2/2017 0:44:34] /a 4
[13/2/2017 0:44:34] /a 4
[13/2/2017 0:44:35] /a 4
[13/2/2017 0:44:35] /a 4
[13/2/2017 0:44:36] /a 4
[13/2/2017 0:44:36] /a 4
[13/2/2017 0:44:38] /a 4
[13/2/2017 0:44:38] /a 4
[13/2/2017 0:44:39] /a 4
[13/2/2017 0:44:40] /a 4
[13/2/2017 0:44:49] /c Soodio
[13/2/2017 0:44:54] /c Marciel pvp
[13/2/2017 0:45:7] /c Marciel pcp
[13/2/2017 0:45:32] /ghost
[13/2/2017 0:45:35] /t
[13/2/2017 0:47:11] /a 4
[13/2/2017 0:47:11] /a 4
[13/2/2017 0:47:12] /a 4
[13/2/2017 0:47:12] /a 4
[13/2/2017 0:47:14] /a 4
[13/2/2017 0:47:15] /a 4
[13/2/2017 0:47:59] /goto Soodio
[13/2/2017 0:48:41] /t
[13/2/2017 0:48:50] /a 10
[13/2/2017 0:48:51] /a 10
[13/2/2017 0:48:52] /a 10
[13/2/2017 0:48:58] /up
[13/2/2017 0:49:1] /c Soodio
[13/2/2017 0:49:9] /c Marcos pvp
[13/2/2017 0:49:16] /c marcos pcp
[13/2/2017 0:50:25] /goto Soodio
[13/2/2017 0:50:35] /a 10
[13/2/2017 0:50:35] /a 10
[13/2/2017 0:50:36] /a 10
[13/2/2017 0:50:37] /a 10
[13/2/2017 0:50:38] /a 10
[13/2/2017 0:50:39] /a 10
[13/2/2017 0:50:41] /a 10
[13/2/2017 0:50:43] /a 10
[13/2/2017 0:51:26] /a 4
[13/2/2017 0:51:27] /a 4
[13/2/2017 0:51:27] /a 4
[13/2/2017 0:51:29] /a 4
[13/2/2017 0:51:29] /a 4
[13/2/2017 0:51:40] /a 4
[13/2/2017 0:54:14] /a 4
[13/2/2017 0:54:15] /a 4
[13/2/2017 0:54:16] /a 4
[13/2/2017 0:54:17] /a 4
[13/2/2017 0:54:18] /a 4
[13/2/2017 0:54:19] /a 4
[13/2/2017 0:54:22] /a 4
[13/2/2017 0:54:22] /a 4
[13/2/2017 0:54:23] /a 4
[13/2/2017 0:54:29] /a 4
[13/2/2017 0:54:29] /a 4
[13/2/2017 0:54:30] /a 4
[13/2/2017 0:54:30] /a 4
[13/2/2017 0:54:31] /a 4
[13/2/2017 0:54:32] /a 4
[13/2/2017 0:54:32] /a 4
[13/2/2017 0:54:33] /a 4
[13/2/2017 0:54:34] /a 4
[13/2/2017 0:54:34] /a 4
[13/2/2017 0:54:35] /a 4
[13/2/2017 0:54:35] /a 4
[13/2/2017 0:54:36] /a 4
[13/2/2017 0:54:36] /a 4
[13/2/2017 0:54:49] /a 4
[13/2/2017 0:54:49] /a 4
[13/2/2017 0:54:52] /a 4
[13/2/2017 0:54:52] /a 4
[13/2/2017 0:54:53] /a 4
[13/2/2017 0:54:53] /a 4
[13/2/2017 0:54:54] /a 4
[13/2/2017 0:54:57] /a 4
[13/2/2017 0:54:57] /a 4
[13/2/2017 0:54:57] /a 4
[13/2/2017 0:54:58] /a 4
[13/2/2017 0:54:59] /a 4
[13/2/2017 0:54:59] /a 4
[13/2/2017 0:55:0] /a 4
[13/2/2017 0:55:0] /a 4
[13/2/2017 0:55:32] /a 4
[13/2/2017 0:55:33] /a 4
[13/2/2017 0:55:35] /a 4
[13/2/2017 0:55:38] /a 4
[13/2/2017 0:55:39] /a 4
[13/2/2017 0:55:40] /a 4
[13/2/2017 0:55:41] /a 4
[13/2/2017 0:55:41] /a 4
[13/2/2017 0:55:42] /a 4
[13/2/2017 0:55:43] /a 4
[13/2/2017 0:55:43] /a 4
[13/2/2017 0:55:44] /a 4
[13/2/2017 0:55:44] /a 4
[13/2/2017 0:55:45] /a 4
[13/2/2017 0:55:48] /a 4
[13/2/2017 0:55:48] /a 4
[13/2/2017 0:55:49] /a 4
[13/2/2017 0:55:54] /a 4
[13/2/2017 0:55:54] /a 4
[13/2/2017 0:55:55] /a 4
[13/2/2017 0:55:57] /a 4
[13/2/2017 0:55:57] /a 4
[13/2/2017 0:55:58] /a 4
[13/2/2017 0:55:58] /a 4
[13/2/2017 0:55:59] /a 4
[13/2/2017 0:56:0] /a 4
[13/2/2017 0:56:0] /a 4
[13/2/2017 0:56:1] /a 4
[13/2/2017 0:56:1] /a 4
[13/2/2017 0:56:2] /a 4
[13/2/2017 0:56:2] /a 4
[13/2/2017 0:56:4] /a 4
[13/2/2017 0:56:4] /a 4
[13/2/2017 0:56:4] /a 4
[13/2/2017 0:56:5] /a 4
[13/2/2017 0:56:6] /a 4
[13/2/2017 0:56:7] /a 4
[13/2/2017 0:56:7] /a 4
[13/2/2017 0:56:7] /a 4
[13/2/2017 0:56:8] /a 4
[13/2/2017 0:56:9] /a 4
[13/2/2017 0:56:10] /a 4
[13/2/2017 0:56:12] /a 4
[13/2/2017 0:56:13] /a 4
[13/2/2017 0:56:15] /a 4
[13/2/2017 0:56:16] /a 4
[13/2/2017 0:56:16] /a 4
[13/2/2017 0:56:20] /a 4
[13/2/2017 0:56:21] /a 4
[13/2/2017 0:56:22] /a 4
[13/2/2017 0:56:23] /a 4
[13/2/2017 0:56:23] /a 4
[13/2/2017 0:56:23] /a 4
[13/2/2017 0:56:24] /a 4
[13/2/2017 0:56:24] /a 4
[13/2/2017 0:56:30] /a 4
[13/2/2017 0:56:31] /a 4
[13/2/2017 0:56:32] /a 4
[13/2/2017 0:56:33] /a 4
[13/2/2017 0:56:34] /a 4
[13/2/2017 0:56:34] /a 4
[13/2/2017 0:56:35] /a 4
[13/2/2017 0:56:35] /a 4
[13/2/2017 0:56:36] /a 4
[13/2/2017 0:56:37] /a 4
[13/2/2017 0:56:38] /a 4
[13/2/2017 0:56:40] /a 4
[13/2/2017 0:56:41] /a 4
[13/2/2017 0:56:41] /a 4
[13/2/2017 0:56:43] /a 4
[13/2/2017 0:56:43] /a 4
[13/2/2017 0:56:44] /a 4
[13/2/2017 0:56:44] /a 4
[13/2/2017 0:56:45] /a 4
[13/2/2017 0:56:46] /a 4
[13/2/2017 0:56:46] /a 4
[13/2/2017 0:56:47] /a 4
[13/2/2017 0:56:48] /a 4
[13/2/2017 0:56:48] /a 4
[13/2/2017 0:56:49] /a 4
[13/2/2017 0:56:50] /a 4
[13/2/2017 0:56:50] /a 4
[13/2/2017 0:56:52] /a 4
[13/2/2017 0:56:52] /a 4
[13/2/2017 0:56:53] /a 4
[13/2/2017 0:56:57] /a 4
[13/2/2017 0:56:59] /a 4
[13/2/2017 0:56:59] /a 4
[13/2/2017 0:57:0] /a 4
[13/2/2017 0:57:0] /a 4
[13/2/2017 0:57:0] /a 4
[13/2/2017 0:57:1] /a 4
[13/2/2017 0:57:3] /a 4
[13/2/2017 0:57:13] /a 4
[13/2/2017 0:57:14] /a 4
[13/2/2017 0:57:14] /a 4
[13/2/2017 0:57:15] /a 4
[13/2/2017 0:57:15] /a 4
[13/2/2017 0:57:15] /a 4
[13/2/2017 0:57:16] /a 4
[13/2/2017 0:57:19] /a 4
[13/2/2017 0:57:19] /a 4
[13/2/2017 0:57:19] /a 4
[13/2/2017 0:57:20] /a 4
[13/2/2017 0:57:21] /a 4
[13/2/2017 0:57:21] /a 4
[13/2/2017 0:57:22] /a 4
[13/2/2017 0:57:22] /a 4
[13/2/2017 0:57:27] /a 4
[13/2/2017 0:57:28] /a 4
[13/2/2017 0:57:28] /a 4
[13/2/2017 0:57:29] /a 4
[13/2/2017 0:57:30] /a 4
[13/2/2017 0:57:30] /a 4
[13/2/2017 0:57:31] /a 4
[13/2/2017 0:57:32] /a 4
[13/2/2017 0:57:48] /a 4
[13/2/2017 0:57:48] /a 4
[13/2/2017 0:57:49] /a 4
[13/2/2017 0:57:49] /a 4
[13/2/2017 0:57:49] /a 4
[13/2/2017 0:57:50] /a 4
[13/2/2017 0:57:50] /a 4
[13/2/2017 0:57:51] /a 4
[13/2/2017 0:57:52] /a 4
[13/2/2017 0:57:53] /a 4
[13/2/2017 0:57:53] /a 4
[13/2/2017 0:57:53] /a 4
[13/2/2017 0:57:53] /a 4
[13/2/2017 0:57:54] /a 4
[13/2/2017 0:57:54] /a 4
[13/2/2017 0:57:54] /a 4
[13/2/2017 0:57:55] /a 4
[13/2/2017 0:57:55] /a 4
[13/2/2017 0:57:55] /a 4
[13/2/2017 0:57:56] /a 4
[13/2/2017 0:57:56] /a 4
[13/2/2017 0:57:57] /a 4
[13/2/2017 0:57:57] /a 4
[13/2/2017 0:57:58] /a 4
[13/2/2017 0:57:58] /a 4
[13/2/2017 0:57:58] /a 4
[13/2/2017 0:57:59] /a 4
[13/2/2017 0:57:59] /a 4
[13/2/2017 0:57:59] /a 4
[13/2/2017 0:58:0] /a 4
[13/2/2017 0:58:0] /a 4
[13/2/2017 0:58:1] /a 4
[13/2/2017 0:58:1] /a 4
[13/2/2017 0:58:1] /a 4
[13/2/2017 0:58:2] /a 4
[13/2/2017 0:58:3] /a 4
[13/2/2017 0:58:4] /a 4
[13/2/2017 0:58:4] /a 4
[13/2/2017 0:58:4] /a 4
[13/2/2017 0:58:5] /a 4
[13/2/2017 0:58:5] /a 4
[13/2/2017 0:58:5] /a 4
[13/2/2017 0:58:6] /a 4
[13/2/2017 0:58:6] /a 4
[13/2/2017 0:58:6] /a 4
[13/2/2017 0:58:7] /a 4
[13/2/2017 0:58:8] /a 4
[13/2/2017 0:58:8] /a 4
[13/2/2017 0:58:8] /a 4
[13/2/2017 0:58:9] /a 4
[13/2/2017 0:58:13] /a 4
[13/2/2017 0:58:13] /a 4
[13/2/2017 0:58:14] /a 4
[13/2/2017 0:58:14] /a 4
[13/2/2017 0:58:14] /a 4
[13/2/2017 0:58:14] /a 4
[13/2/2017 0:58:15] /a 4
[13/2/2017 0:58:16] /a 4
[13/2/2017 0:58:17] /a 4
[13/2/2017 0:58:17] /a 4
[13/2/2017 0:58:17] /a 4
[13/2/2017 0:58:20] /a 4
[13/2/2017 0:58:20] /a 4
[13/2/2017 0:58:21] /a 4
[13/2/2017 0:58:21] /a 4
[13/2/2017 0:58:22] /a 4
[13/2/2017 0:58:22] /a 4
[13/2/2017 0:58:22] /a 4
[13/2/2017 0:58:23] /a 4
[13/2/2017 0:58:24] /a 4
[13/2/2017 0:58:24] /a 4
[13/2/2017 0:58:25] /a 4
[13/2/2017 0:58:26] /a 4
[13/2/2017 0:58:26] /a 4
[13/2/2017 0:58:26] /a 4
[13/2/2017 0:58:27] /a 4
[13/2/2017 0:58:28] /a 4
[13/2/2017 0:58:28] /a 4
[13/2/2017 0:58:29] /a 4
[13/2/2017 0:58:31] /a 4
[13/2/2017 0:58:32] /a 4
[13/2/2017 0:58:32] /a 4
[13/2/2017 0:58:33] /a 4
[13/2/2017 0:58:34] /a 4
[13/2/2017 0:58:36] /a 4
[13/2/2017 0:58:36] /a 4
[13/2/2017 0:58:36] /a 4
[13/2/2017 0:58:37] /a 4
[13/2/2017 0:58:37] /a 4
[13/2/2017 0:58:38] /a 4
[13/2/2017 0:58:38] /a 4
[13/2/2017 0:58:39] /a 4
[13/2/2017 0:58:39] /a 4
[13/2/2017 0:58:40] /a 4
[13/2/2017 0:58:40] /a 4
[13/2/2017 0:58:40] /a 4
[13/2/2017 0:58:41] /a 4
[13/2/2017 0:58:41] /a 4
[13/2/2017 0:58:42] /a 4
[13/2/2017 0:58:42] /a 4
[13/2/2017 0:58:43] /a 4
[13/2/2017 0:58:43] /a 4
[13/2/2017 0:58:44] /a 4
[13/2/2017 0:58:44] /a 4
[13/2/2017 0:58:44] /a 4
[13/2/2017 0:58:45] /a 4
[13/2/2017 0:58:45] /a 4
[13/2/2017 0:58:45] /a 4
[13/2/2017 0:58:47] /a 4
[13/2/2017 0:58:47] /a 4
[13/2/2017 0:58:47] /a 4
[13/2/2017 0:58:48] /a 4
[13/2/2017 0:58:49] /a 4
[13/2/2017 0:58:49] /a 4
[13/2/2017 0:58:49] /a 4
[13/2/2017 0:58:50] /a 4
[13/2/2017 0:58:51] /a 4
[13/2/2017 0:58:51] /a 4
[13/2/2017 0:58:52] /a 4
[13/2/2017 0:58:52] /a 4
[13/2/2017 0:58:52] /a 4
[13/2/2017 0:58:53] /a 4
[13/2/2017 0:58:54] /a 4
[13/2/2017 0:58:54] /a 4
[13/2/2017 0:58:54] /a 4
[13/2/2017 0:58:55] /a 4
[13/2/2017 0:58:56] /a 4
[13/2/2017 0:58:56] /a 4
[13/2/2017 0:58:57] /a 4
[13/2/2017 0:58:57] /a 4
[13/2/2017 0:58:58] /a 4
[13/2/2017 0:59:0] /a 4/a 4
[13/2/2017 0:59:0] /a 4
[13/2/2017 0:59:1] /a 4
[13/2/2017 0:59:1] /a 4
[13/2/2017 0:59:2] /a 4
[13/2/2017 0:59:2] /a 4
[13/2/2017 0:59:3] /a 4
[13/2/2017 0:59:3] /a 4
[13/2/2017 0:59:3] /a 4
[13/2/2017 0:59:4] /a 4
[13/2/2017 0:59:5] /a 4
[13/2/2017 0:59:5] /a 4
[13/2/2017 0:59:6] /a 4
[13/2/2017 0:59:8] /a 4
[13/2/2017 0:59:20] /a 4
[13/2/2017 0:59:21] /a 4
[13/2/2017 0:59:21] /a 4/a 4
[13/2/2017 0:59:21] /a 4
[13/2/2017 0:59:22] /a 4
[13/2/2017 0:59:22] /a 4
[13/2/2017 0:59:22] /a 4
[13/2/2017 0:59:23] /a 4
[13/2/2017 0:59:23] /a 4
[13/2/2017 0:59:23] /a 4
[13/2/2017 0:59:24] /a 4
[13/2/2017 0:59:24] /a 4
[13/2/2017 0:59:24] /a 4
[13/2/2017 0:59:25] /a 4
[13/2/2017 0:59:25] /a 4
[13/2/2017 0:59:26] /a 4
[13/2/2017 0:59:26] /a 4/a 4
[13/2/2017 0:59:27] /a 4
[13/2/2017 0:59:28] /a 4
[13/2/2017 0:59:28] /a 4
[13/2/2017 0:59:28] /a 4
[13/2/2017 0:59:29] /a 4
[13/2/2017 0:59:29] /a 4
[13/2/2017 0:59:30] /a 4
[13/2/2017 0:59:30] /a 4
[13/2/2017 0:59:30] /a 4
[13/2/2017 0:59:31] /a 4
[13/2/2017 0:59:31] /a 4
[13/2/2017 0:59:31] /a 4
[13/2/2017 0:59:32] /a 4
[13/2/2017 0:59:32] /a 4
[13/2/2017 0:59:32] /a 4
[13/2/2017 0:59:33] /a 4
[13/2/2017 0:59:33] /a 4
[13/2/2017 0:59:34] /a 4
[13/2/2017 0:59:34] /a 4
[13/2/2017 0:59:34] /a 4
[13/2/2017 0:59:35] /a 4
[13/2/2017 0:59:36] /a 4
[13/2/2017 0:59:36] /a 4
[13/2/2017 0:59:36] /a 4
[13/2/2017 0:59:42] /a 4
[13/2/2017 0:59:43] /a 4
[13/2/2017 0:59:43] /a 4
[13/2/2017 0:59:44] /a 4
[13/2/2017 0:59:44] /a 4
[13/2/2017 0:59:45] /a 4
[13/2/2017 0:59:45] /a 4
[13/2/2017 0:59:46] /a 4
[13/2/2017 0:59:46] /a 4
[13/2/2017 0:59:47] /a 4
[13/2/2017 0:59:47] /a 4
[13/2/2017 0:59:47] /a 4
[13/2/2017 0:59:48] /a 4
[13/2/2017 0:59:49] /a 4
[13/2/2017 0:59:49] /a 4
[13/2/2017 0:59:50] /a 4
[13/2/2017 0:59:51] /a 4
[13/2/2017 0:59:53] /a 4
[13/2/2017 0:59:54] /a 4
[13/2/2017 0:59:55] /a 4
[13/2/2017 0:59:55] /a 4
[13/2/2017 0:59:55] /a 4
[13/2/2017 0:59:55] /a 4
[13/2/2017 0:59:57] /a 4
[13/2/2017 0:59:57] /a 4
[13/2/2017 0:59:57] /a 4
[13/2/2017 0:59:58] /a 4
[13/2/2017 0:59:58] /a 4
[13/2/2017 0:59:59] /a 4
[13/2/2017 1:0:0] /a 4
[13/2/2017 1:0:0] /a 4
[13/2/2017 1:0:1] /a 4
[13/2/2017 1:0:1] /a 4
[13/2/2017 1:0:2] /a 4
[13/2/2017 1:0:2] /a 4
[13/2/2017 1:0:3] /a 4
[13/2/2017 1:0:3] /a 4
[13/2/2017 1:0:3] /a 4
[13/2/2017 1:0:4] /a 4
[13/2/2017 1:0:4] /a 4
[13/2/2017 1:0:4] /a 4
[13/2/2017 1:0:4] /a 4
[13/2/2017 1:0:5] /a 4
[13/2/2017 1:0:5] /a 4
[13/2/2017 1:0:5] /a 4
[13/2/2017 1:0:6] /a 4
[13/2/2017 1:0:6] /a 4
[13/2/2017 1:0:6] /a 4
[13/2/2017 1:0:7] /a 4
[13/2/2017 1:0:8] /a 4
[13/2/2017 1:0:8] /a 4
[13/2/2017 1:0:8] /a 4
[13/2/2017 1:0:9] /a 4
[13/2/2017 1:0:9] /a 4
[13/2/2017 1:0:9] /a 4
[13/2/2017 1:0:10] /a 4
[13/2/2017 1:0:11] /a 4
[13/2/2017 1:0:12] /a 4
[13/2/2017 1:0:14] /a 4
[13/2/2017 1:0:15] /a 4
[13/2/2017 1:0:29] /a 4
[13/2/2017 1:0:30] /a 4
[13/2/2017 1:0:30] /a 4
[13/2/2017 1:0:30] /a 4
[13/2/2017 1:0:31] /a 4
[13/2/2017 1:0:31] /a 4
[13/2/2017 1:0:31] /a 4
[13/2/2017 1:0:32] /a 4
[13/2/2017 1:0:32] /a 4
[13/2/2017 1:0:33] /a 4
[13/2/2017 1:0:33] /a 4
[13/2/2017 1:0:33] /a 4
[13/2/2017 1:0:33] /a 4
[13/2/2017 1:0:34] /a 4
[13/2/2017 1:0:34] /a 4
[13/2/2017 1:0:34] /a 4
[13/2/2017 1:0:35] /a 4
[13/2/2017 1:0:35] /a 4
[13/2/2017 1:0:36] /a 4
[13/2/2017 1:0:36] /a 4
[13/2/2017 1:0:37] /a 4
[13/2/2017 1:0:38] /a 4
[13/2/2017 1:0:38] /a 4
[13/2/2017 1:0:39] /a 4
[13/2/2017 1:0:39] /a 4
[13/2/2017 1:0:39] /a 4
[13/2/2017 1:0:40] /a 4
[13/2/2017 1:0:40] /a 4
[13/2/2017 1:0:40] /a 4
[13/2/2017 1:0:41] /a 4
[13/2/2017 1:0:41] /a 4
[13/2/2017 1:0:41] /a 4
[13/2/2017 1:0:42] /a 4
[13/2/2017 1:0:43] /a 4
[13/2/2017 1:0:43] /a 4
[13/2/2017 1:0:44] /a 4
[13/2/2017 1:0:44] /a 4
[13/2/2017 1:0:44] /a 4
[13/2/2017 1:0:44] /a 4
[13/2/2017 1:0:45] /a 4
[13/2/2017 1:0:45] /a 4
[13/2/2017 1:0:46] /a 4
[13/2/2017 1:0:46] /a 4
[13/2/2017 1:0:47] /a 4
[13/2/2017 1:0:49] /a 4
[13/2/2017 1:0:51] /a 4
[13/2/2017 1:0:52] /a 4
[13/2/2017 1:0:52] /a 4
[13/2/2017 1:0:52] /a 4
[13/2/2017 1:0:53] /a 4
[13/2/2017 1:0:53] /a 4
[13/2/2017 1:0:53] /a 4
[13/2/2017 1:0:54] /a 4
[13/2/2017 1:0:54] /a 4
[13/2/2017 1:0:54] /a 4
[13/2/2017 1:0:55] /a 4
[13/2/2017 1:0:55] /a 4
[13/2/2017 1:0:56] /a 4
[13/2/2017 1:0:56] /a 4
[13/2/2017 1:0:56] /a 4
[13/2/2017 1:0:57] /a 4
[13/2/2017 1:0:57] /a 4
[13/2/2017 1:0:57] /a 4
[13/2/2017 1:0:58] /a 4
[13/2/2017 1:0:58] /a 4
[13/2/2017 1:0:58] /a 4
[13/2/2017 1:0:59] /a 4
[13/2/2017 1:0:59] /a 4
[13/2/2017 1:0:59] /a 4
[13/2/2017 1:1:0] /a 4
[13/2/2017 1:1:0] /a 4
[13/2/2017 1:1:0] /a 4
[13/2/2017 1:1:1] /a 4
[13/2/2017 1:1:1] /a 4
[13/2/2017 1:1:1] /a 4
[13/2/2017 1:1:2] /a 4
[13/2/2017 1:1:2] /a 4
[13/2/2017 1:1:2] /a 4
[13/2/2017 1:1:2] /a 4
[13/2/2017 1:1:3] /a 4
[13/2/2017 1:1:3] /a 4
[13/2/2017 1:1:3] /a 4
[13/2/2017 1:1:4] /a 4
[13/2/2017 1:1:4] /a 4
[13/2/2017 1:1:5] /a 4
[13/2/2017 1:1:5] /a 4
[13/2/2017 1:1:5] /a 4
[13/2/2017 1:1:6] /a 4
[13/2/2017 1:1:6] /a 4
[13/2/2017 1:1:6] /a 4
[13/2/2017 1:1:7] /a 4
[13/2/2017 1:1:7] /a 4
[13/2/2017 1:1:7] /a 4
[13/2/2017 1:1:8] /a 4
[13/2/2017 1:1:8] /a 4
[13/2/2017 1:1:9] /a 4
[13/2/2017 1:1:9] /a 4
[13/2/2017 1:1:10] /a 4
[13/2/2017 1:1:10] /a 4
[13/2/2017 1:1:10] /a 4
[13/2/2017 1:1:11] /a 4
[13/2/2017 1:1:11] /a 4
[13/2/2017 1:1:11] /a 4
[13/2/2017 1:1:12] /a 4
[13/2/2017 1:1:13] /a 4
[13/2/2017 1:1:13] /a 4
[13/2/2017 1:1:13] /a 4
[13/2/2017 1:1:14] /a 4
[13/2/2017 1:1:14] /a 4
[13/2/2017 1:1:14] /a 4
[13/2/2017 1:1:15] /a 4
[13/2/2017 1:1:15] /a 4
[13/2/2017 1:1:15] /a 4
[13/2/2017 1:1:16] /a 4
[13/2/2017 1:1:16] /a 4
[13/2/2017 1:1:16] /a 4
[13/2/2017 1:1:17] /a 4
[13/2/2017 1:1:17] /a 4
[13/2/2017 1:1:17] /a 4
[13/2/2017 1:1:18] /a 4
[13/2/2017 1:1:18] /a 4
[13/2/2017 1:1:18] /a 4
[13/2/2017 1:1:19] /a 4
[13/2/2017 1:1:19] /a 4
[13/2/2017 1:1:19] /a 4
[13/2/2017 1:1:20] /a 4
[13/2/2017 1:1:20] /a 4
[13/2/2017 1:1:21] /a 4
[13/2/2017 1:1:21] /a 4
[13/2/2017 1:1:22] /a 4
[13/2/2017 1:1:22] /a 4
[13/2/2017 1:1:22] /a 4
[13/2/2017 1:1:23] /a 4
[13/2/2017 1:1:23] /a 4
[13/2/2017 1:1:23] /a 4
[13/2/2017 1:1:24] /a 4
[13/2/2017 1:1:24] /a 4
[13/2/2017 1:1:24] /a 4
[13/2/2017 1:1:25] /a 4
[13/2/2017 1:1:25] /a 4
[13/2/2017 1:1:25] /a 4
[13/2/2017 1:1:25] /a 4
[13/2/2017 1:1:26] /a 4
[13/2/2017 1:1:26] /a 4
[13/2/2017 1:1:29] /a 4
[13/2/2017 1:1:29] /a 4
[13/2/2017 1:1:30] /a 4
[13/2/2017 1:1:30] /a 4
[13/2/2017 1:1:30] /a 4
[13/2/2017 1:1:31] /a 4
[13/2/2017 1:1:31] /a 4
[13/2/2017 1:1:35] /a 4
[13/2/2017 1:1:35] /a 4
[13/2/2017 1:1:36] /a 4
[13/2/2017 1:1:36] /a 4
[13/2/2017 1:1:37] /a 4
[13/2/2017 1:1:37] /a 4
[13/2/2017 1:1:37] /a 4
[13/2/2017 1:1:38] /a 4
[13/2/2017 1:1:38] /a 4
[13/2/2017 1:1:38] /a 4
[13/2/2017 1:1:39] /a 4
[13/2/2017 1:1:39] /a 4
[13/2/2017 1:1:39] /a 4
[13/2/2017 1:1:40] /a 4
[13/2/2017 1:1:40] /a 4
[13/2/2017 1:1:41] /a 4
[13/2/2017 1:1:41] /a 4
[13/2/2017 1:1:42] /a 4
[13/2/2017 1:1:42] /a 4
[13/2/2017 1:1:43] /a 4
[13/2/2017 1:1:43] /a 4
[13/2/2017 1:1:44] /a 4
[13/2/2017 1:1:44] /a 4
[13/2/2017 1:1:44] /a 4
[13/2/2017 1:1:45] /a 4
[13/2/2017 1:1:46] /a 4
[13/2/2017 1:1:47] /a 4
[13/2/2017 1:1:57] /a 4
[13/2/2017 1:1:57] /a 4
[13/2/2017 1:1:57] /a 4
[13/2/2017 1:1:58] /a 4
[13/2/2017 1:1:58] /a 4
[13/2/2017 1:1:59] /a 4
[13/2/2017 1:1:59] /a 4
[13/2/2017 1:1:59] /a 4
[13/2/2017 1:2:0] /a 4
[13/2/2017 1:2:0] /a 4
[13/2/2017 1:2:0] /a 4
[13/2/2017 1:2:0] /a 4
[13/2/2017 1:2:1] /a 4
[13/2/2017 1:2:1] /a 4
[13/2/2017 1:2:2] /a 4
[13/2/2017 1:2:2] /a 4
[13/2/2017 1:2:2] /a 4
[13/2/2017 1:2:3] /a 4
[13/2/2017 1:2:3] /a 4
[13/2/2017 1:2:3] /a 4
[13/2/2017 1:2:4] /a 4
[13/2/2017 1:2:4] /a 4
[13/2/2017 1:2:4] /a 4
[13/2/2017 1:2:5] /a 4
[13/2/2017 1:2:5] /a 4
[13/2/2017 1:2:6] /a 4
[13/2/2017 1:2:6] /a 4
[13/2/2017 1:2:7] /a 4
[13/2/2017 1:2:8] /a 4
[13/2/2017 1:2:8] /a 4
[13/2/2017 1:2:11] /a 4
[13/2/2017 1:2:11] /a 4
[13/2/2017 1:2:12] /a 4
[13/2/2017 1:2:12] /a 4
[13/2/2017 1:2:12] /a 4
[13/2/2017 1:2:13] /a 4
[13/2/2017 1:2:13] /a 4
[13/2/2017 1:2:13] /a 4
[13/2/2017 1:2:13] /a 4
[13/2/2017 1:2:14] /a 4
[13/2/2017 1:2:14] /a 4
[13/2/2017 1:2:14] /a 4
[13/2/2017 1:2:15] /a 4
[13/2/2017 1:2:15] /a 4
[13/2/2017 1:2:15] /a 4
[13/2/2017 1:2:16] /a 4
[13/2/2017 1:2:16] /a 4
[13/2/2017 1:2:16] /a 4
[13/2/2017 1:2:16] /a 4
[13/2/2017 1:2:16] /a 4
[13/2/2017 1:2:17] /a 4
[13/2/2017 1:2:17] /a 4
[13/2/2017 1:2:17] /a 4
[13/2/2017 1:2:17] /a 4
[13/2/2017 1:2:18] /a 4
[13/2/2017 1:2:19] /a 4
[13/2/2017 1:2:20] /a 4
[13/2/2017 1:2:20] /a 4
[13/2/2017 1:2:21] /a 4
[13/2/2017 1:2:22] /a 4
[13/2/2017 1:2:23] /a 4
[13/2/2017 1:2:25] /a 4
[13/2/2017 1:2:25] /a 4
[13/2/2017 1:2:26] /a 4
[13/2/2017 1:2:26] /a 4
[13/2/2017 1:2:26] /a 4
[13/2/2017 1:2:27] /a 4
[13/2/2017 1:2:27] /a 4
[13/2/2017 1:2:27] /a 4
[13/2/2017 1:2:28] /a 4
[13/2/2017 1:2:28] /a 4
[13/2/2017 1:2:28] /a 4
[13/2/2017 1:2:29] /a 4
[13/2/2017 1:2:29] /a 4
[13/2/2017 1:2:29] /a 4
[13/2/2017 1:2:29] /a 4
[13/2/2017 1:2:30] /a 4
[13/2/2017 1:2:30] /a 4
[13/2/2017 1:2:31] /a 4
[13/2/2017 1:2:32] /a 4
[13/2/2017 1:2:32] /a 4
[13/2/2017 1:2:34] /a 4
[13/2/2017 1:2:34] /a 4
[13/2/2017 1:2:35] /a 4
[13/2/2017 1:2:35] /a 4
[13/2/2017 1:2:36] /a 4
[13/2/2017 1:2:37] /a 4
[13/2/2017 1:2:37] /a 4
[13/2/2017 1:2:38] /a 4
[13/2/2017 1:2:38] /a 4
[13/2/2017 1:2:39] /a 4
[13/2/2017 1:2:40] /a 4
[13/2/2017 1:2:40] /a 4
[13/2/2017 1:2:41] /a 4/a 4
[13/2/2017 1:2:41] /a 4
[13/2/2017 1:2:41] /a 4
[13/2/2017 1:2:43] /a 4
[13/2/2017 1:2:43] /a 4
[13/2/2017 1:2:43] /a 4
[13/2/2017 1:2:44] /a 4
[13/2/2017 1:2:45] /a 4
[13/2/2017 1:2:45] /a 4
[13/2/2017 1:2:45] /a 4
[13/2/2017 1:2:46] /a 4
[13/2/2017 1:2:48] /a 4
[13/2/2017 1:2:49] /a 4
[13/2/2017 1:2:49] /a 4
[13/2/2017 1:2:49] /a 4
[13/2/2017 1:2:50] /a 4
[13/2/2017 1:2:50] /a 4
[13/2/2017 1:2:50] /a 4
[13/2/2017 1:2:51] /a 4
[13/2/2017 1:2:51] /a 4
[13/2/2017 1:2:51] /a 4
[13/2/2017 1:2:52] /a 4
[13/2/2017 1:2:52] /a 4
[13/2/2017 1:2:52] /a 4
[13/2/2017 1:2:53] /a 4/a 4
[13/2/2017 1:2:53] /a 4
[13/2/2017 1:2:53] /a 4
[13/2/2017 1:2:54] /a 4
[13/2/2017 1:2:54] /a 4
[13/2/2017 1:2:54] /a 4
[13/2/2017 1:2:55] /a 4
[13/2/2017 1:2:55] /a 4
[13/2/2017 1:2:56] /a 4
[13/2/2017 1:2:56] /a 4
[13/2/2017 1:2:56] /a 4
[13/2/2017 1:2:57] /a 4
[13/2/2017 1:2:57] /a 4
[13/2/2017 1:2:57] /a 4
[13/2/2017 1:2:58] /a 4
[13/2/2017 1:2:59] /a 4
[13/2/2017 1:2:59] /a 4
[13/2/2017 1:2:59] /a 4
[13/2/2017 1:3:0] /a 4
[13/2/2017 1:3:1] /a 4
[13/2/2017 1:3:2] /a 4
[13/2/2017 1:3:3] /a 4
[13/2/2017 1:3:3] /a 4
[13/2/2017 1:3:4] /a 4
[13/2/2017 1:3:5] /a 4
[13/2/2017 1:3:6] /a 4/a 4
[13/2/2017 1:3:6] /a 4
[13/2/2017 1:3:6] /a 4
[13/2/2017 1:3:7] /a 4
[13/2/2017 1:3:7] /a 4
[13/2/2017 1:3:8] /a 4
[13/2/2017 1:3:8] /a 4
[13/2/2017 1:3:12] /a 4
[13/2/2017 1:3:12] /a 4
[13/2/2017 1:3:13] /a 4
[13/2/2017 1:3:14] /a 4
[13/2/2017 1:3:14] /a 4
[13/2/2017 1:3:15] /a 4
[13/2/2017 1:3:15] /a 4
[13/2/2017 1:3:15] /a 4
[13/2/2017 1:3:17] /a 4
[13/2/2017 1:3:53] /c marciel pcp
[13/2/2017 1:3:58] /c Soodio
[13/2/2017 1:4:31] /c victorzeerah
[13/2/2017 1:5:15] /goto Cu do ramon
[13/2/2017 1:5:42] /goto Cudoramon
[13/2/2017 1:8:15] /t
[13/2/2017 1:8:19] /goto brinks
[13/2/2017 1:8:24] /a 4
[13/2/2017 1:8:24] /a 4
[13/2/2017 1:8:30] /c brinks
[13/2/2017 1:8:40] /t
[13/2/2017 1:8:42] /up
[13/2/2017 1:8:43] /up
[13/2/2017 1:8:44] /up
[13/2/2017 1:8:45] /up
[13/2/2017 1:8:48] /c brinks
[13/2/2017 1:9:0] /ghost
[13/2/2017 1:9:35] /t Brinks
[13/2/2017 1:9:43] /mc
[13/2/2017 1:10:24] /ghost
[13/2/2017 1:10:28] /goto magezinho
[13/2/2017 1:10:51] /mc
[13/2/2017 1:11:5] /goto drano pvp
[13/2/2017 1:11:14] /ghost
[13/2/2017 1:12:6] /ghost
[13/2/2017 1:12:24] /goto Soodio
[13/2/2017 1:12:29] /t
[13/2/2017 1:12:40] /a 4
[13/2/2017 1:12:40] /a 4
[13/2/2017 1:12:41] /a 4
[13/2/2017 1:12:41] /a 4
[13/2/2017 1:12:41] /a 4
[13/2/2017 1:12:42] /a 4
[13/2/2017 1:12:49] /a 10
[13/2/2017 1:12:51] /a 10
[13/2/2017 1:12:52] /a 10
[13/2/2017 1:12:53] /a 10
[13/2/2017 1:12:53] /a 10
[13/2/2017 1:12:54] /a 10
[13/2/2017 1:12:54] /a 10
[13/2/2017 1:12:54] /a 10
[13/2/2017 1:12:55] /a 10
[13/2/2017 1:12:55] /a 10
[13/2/2017 1:12:56] /a 10
[13/2/2017 1:12:56] /a 10
[13/2/2017 1:12:56] /a 10
[13/2/2017 1:12:57] /a 10
[13/2/2017 1:12:58] /a 10
[13/2/2017 1:13:5] /down
[13/2/2017 1:13:12] /goto MX KAKO
[13/2/2017 1:13:58] /goto Soodio
[13/2/2017 1:14:0] /goto Soodio
[13/2/2017 1:14:1] /goto Soodio
[13/2/2017 1:14:2] /goto Soodio
[13/2/2017 1:14:3] /goto Soodio
[13/2/2017 1:14:4] /goto Soodio
[13/2/2017 1:14:5] /goto Soodio
[13/2/2017 1:14:13] /goto Soodio
[13/2/2017 1:14:16] /goto Soodio
[13/2/2017 1:14:48] /goto SOodio
[13/2/2017 1:15:8] /goto SOodio
[13/2/2017 1:15:11] /goto SOodio
[13/2/2017 1:15:12] /goto SOodio
[13/2/2017 1:15:14] /goto SOodio
[13/2/2017 1:15:15] /goto SOodio
[13/2/2017 1:15:16] /goto SOodio
[13/2/2017 1:15:17] /goto SOodio
[13/2/2017 1:15:18] /goto SOodio
[13/2/2017 1:15:19] /goto SOodio
[13/2/2017 1:15:21] /goto SOodio
[13/2/2017 1:15:22] /goto SOodio
[13/2/2017 1:15:23] /goto SOodio
[13/2/2017 1:15:24] /goto SOodio
[13/2/2017 1:15:25] /goto SOodio
[13/2/2017 1:15:25] /goto SOodio
[13/2/2017 1:15:26] /goto SOodio
[13/2/2017 1:15:26] /goto SOodio
[13/2/2017 1:15:27] /goto SOodio
[13/2/2017 1:15:28] /goto SOodio
[13/2/2017 1:15:29] /goto SOodio
[13/2/2017 1:15:34] /goto SOodio
[13/2/2017 1:15:35] /goto SOodio
[13/2/2017 1:15:36] /goto SOodio
[13/2/2017 1:15:37] /goto SOodio
[13/2/2017 1:15:39] /goto SOodio
[13/2/2017 1:15:43] /goto SOodio
[13/2/2017 1:15:44] /goto SOodio
[13/2/2017 1:15:49] /goto SOodio
[13/2/2017 1:15:50] /goto SOodio
[13/2/2017 1:15:52] /goto SOodio
[13/2/2017 1:15:53] /goto SOodio
[13/2/2017 1:15:54] /goto SOodio
[13/2/2017 1:15:55] /goto SOodio
[13/2/2017 1:15:57] /goto SOodio
[13/2/2017 1:15:58] /goto SOodio
[13/2/2017 1:15:59] /goto SOodio
[13/2/2017 1:16:1] /goto SOodio
[13/2/2017 1:16:2] /goto SOodio
[13/2/2017 1:16:3] /goto SOodio
[13/2/2017 1:16:4] /goto SOodio
[13/2/2017 1:16:12] /goto SOodio
[13/2/2017 1:16:14] /goto SOodio
[13/2/2017 1:16:15] /goto SOodio
[13/2/2017 1:16:16] /goto SOodio
[13/2/2017 1:16:17] /goto SOodio
[13/2/2017 1:16:19] /goto SOodio
[13/2/2017 1:16:20] /goto SOodio
[13/2/2017 1:16:21] /goto SOodio
[13/2/2017 1:16:22] /goto SOodio
[13/2/2017 1:16:24] /goto SOodio
[13/2/2017 1:16:25] /goto SOodio
[13/2/2017 1:16:27] /goto SOodio
[13/2/2017 1:16:28] /goto SOodio
[13/2/2017 1:16:30] /goto SOodio
[13/2/2017 1:16:33] /goto SOodio
[13/2/2017 1:16:35] /goto SOodio
[13/2/2017 1:16:37] /goto SOodio
[13/2/2017 1:16:38] /goto SOodio
[13/2/2017 1:16:40] /goto SOodio
[13/2/2017 1:16:41] /goto SOodio
[13/2/2017 1:16:42] /goto SOodio
[13/2/2017 1:16:43] /goto SOodio
[13/2/2017 1:16:45] /goto SOodio
[13/2/2017 1:17:19] /t
[13/2/2017 1:17:28] /c soodio
[13/2/2017 1:17:37] /c soodio
[13/2/2017 1:17:54] /goto Soodio
[13/2/2017 1:18:10] /a 4
[13/2/2017 1:18:11] /a 4
[13/2/2017 1:18:11] /a 4
[13/2/2017 1:18:11] /a 4
[13/2/2017 1:18:12] /a 4
[13/2/2017 1:18:13] /a 4
[13/2/2017 1:18:13] /a 4
[13/2/2017 1:18:14] /a 4
[13/2/2017 1:18:14] /a 4
[13/2/2017 1:18:14] /a 4
[13/2/2017 1:18:19] /a 4
[13/2/2017 1:18:20] /a 4
[13/2/2017 1:18:20] /a 4
[13/2/2017 1:18:21] /a 4
[13/2/2017 1:18:22] /a 4
[13/2/2017 1:18:23] /a 4
[13/2/2017 1:18:23] /a 4
[13/2/2017 1:18:25] /a 4
[13/2/2017 1:18:25] /a 4
[13/2/2017 1:18:25] /a 4
[13/2/2017 1:18:26] /a 4
[13/2/2017 1:18:26] /a 4
[13/2/2017 1:18:26] /a 4
[13/2/2017 1:18:27] /a 4
[13/2/2017 1:18:27] /a 4
[13/2/2017 1:18:27] /a 4
[13/2/2017 1:18:28] /a 4
[13/2/2017 1:18:29] /a 4
[13/2/2017 1:18:29] /a 4
[13/2/2017 1:18:30] /a 4
[13/2/2017 1:18:30] /a 4
[13/2/2017 1:18:31] /a 4
[13/2/2017 1:18:33] /a 4
[13/2/2017 1:18:33] /a 4
[13/2/2017 1:18:33] /a 4
[13/2/2017 1:18:34] /a 4
[13/2/2017 1:18:35] /a 4
[13/2/2017 1:18:35] /a 4
[13/2/2017 1:18:36] /a 4
[13/2/2017 1:18:36] /a 4
[13/2/2017 1:18:37] /a 4
[13/2/2017 1:18:38] /a 4
[13/2/2017 1:18:39] /a 4
[13/2/2017 1:18:43] /a 4
[13/2/2017 1:18:43] /a 4
[13/2/2017 1:18:44] /a 4
[13/2/2017 1:18:44] /a 4
[13/2/2017 1:18:44] /a 4
[13/2/2017 1:18:44] /a 4
[13/2/2017 1:18:45] /a 4
[13/2/2017 1:18:45] /a 4
[13/2/2017 1:18:45] /a 4
[13/2/2017 1:18:48] /a 4
[13/2/2017 1:18:48] /a 4
[13/2/2017 1:18:48] /a 4
[13/2/2017 1:18:49] /a 4
[13/2/2017 1:18:49] /a 4
[13/2/2017 1:18:49] /a 4
[13/2/2017 1:18:50] /a 4
[13/2/2017 1:18:50] /a 4
[13/2/2017 1:18:50] /a 4
[13/2/2017 1:18:51] /a 4
[13/2/2017 1:18:51] /a 4
[13/2/2017 1:18:51] /a 4
[13/2/2017 1:18:53] /a 4
[13/2/2017 1:18:53] /a 4
[13/2/2017 1:18:53] /a 4
[13/2/2017 1:18:54] /a 4
[13/2/2017 1:18:54] /a 4
[13/2/2017 1:18:54] /a 4
[13/2/2017 1:18:55] /a 4
[13/2/2017 1:18:55] /a 4
[13/2/2017 1:18:56] /a 4
[13/2/2017 1:18:56] /a 4
[13/2/2017 1:18:56] /a 4
[13/2/2017 1:18:56] /a 4
[13/2/2017 1:18:57] /a 4
[13/2/2017 1:18:57] /a 4
[13/2/2017 1:18:57] /a 4
[13/2/2017 1:18:58] /a 4
[13/2/2017 1:18:58] /a 4
[13/2/2017 1:18:59] /a 4
[13/2/2017 1:19:0] /a 4
[13/2/2017 1:19:1] /a 4
[13/2/2017 1:19:3] /a 4
[13/2/2017 1:19:3] /a 4
[13/2/2017 1:19:4] /a 4
[13/2/2017 1:19:5] /a 4
[13/2/2017 1:19:6] /a 4
[13/2/2017 1:19:6] /a 4
[13/2/2017 1:19:6] /a 4
[13/2/2017 1:19:6] /a 4
[13/2/2017 1:19:7] /a 4
[13/2/2017 1:19:7] /a 4
[13/2/2017 1:19:7] /a 4
[13/2/2017 1:19:8] /a 4
[13/2/2017 1:19:8] /a 4
[13/2/2017 1:19:8] /a 4
[13/2/2017 1:19:9] /a 4
[13/2/2017 1:19:9] /a 4
[13/2/2017 1:19:10] /a 4
[13/2/2017 1:19:11] /a 4
[13/2/2017 1:19:11] /a 4
[13/2/2017 1:19:11] /a 4
[13/2/2017 1:19:12] /a 4
[13/2/2017 1:19:12] /a 4
[13/2/2017 1:19:14] /a 4
[13/2/2017 1:19:16] /a 4
[13/2/2017 1:19:16] /a 4
[13/2/2017 1:19:17] /a 4
[13/2/2017 1:19:20] /a 4
[13/2/2017 1:19:20] /a 4
[13/2/2017 1:19:22] /a 4
[13/2/2017 1:19:22] /a 4
[13/2/2017 1:19:22] /a 4
[13/2/2017 1:19:23] /a 4
[13/2/2017 1:19:23] /a 4
[13/2/2017 1:19:23] /a 4
[13/2/2017 1:19:24] /a 4
[13/2/2017 1:19:24] /a 4
[13/2/2017 1:19:24] /a 4
[13/2/2017 1:19:25] /a 4
[13/2/2017 1:19:25] /a 4
[13/2/2017 1:19:31] /a 4
[13/2/2017 1:19:32] /a 4
[13/2/2017 1:19:32] /a 4
[13/2/2017 1:19:33] /a 4
[13/2/2017 1:19:33] /a 4
[13/2/2017 1:19:33] /a 4
[13/2/2017 1:19:34] /a 4
[13/2/2017 1:19:34] /a 4
[13/2/2017 1:19:35] /a 4
[13/2/2017 1:19:35] /a 4
[13/2/2017 1:19:36] /a 4
[13/2/2017 1:19:36] /a 4
[13/2/2017 1:19:36] /a 4
[13/2/2017 1:19:37] /a 4
[13/2/2017 1:19:37] /a 4
[13/2/2017 1:19:38] /a 4
[13/2/2017 1:19:39] /a 4
[13/2/2017 1:19:39] /a 4
[13/2/2017 1:19:39] /a 4
[13/2/2017 1:19:39] /a 4
[13/2/2017 1:19:40] /a 4
[13/2/2017 1:19:40] /a 4
[13/2/2017 1:19:40] /a 4
[13/2/2017 1:19:42] /a 4
[13/2/2017 1:19:47] /a 4
[13/2/2017 1:19:47] /a 4
[13/2/2017 1:19:48] /a 4
[13/2/2017 1:19:48] /a 4
[13/2/2017 1:19:48] /a 4
[13/2/2017 1:19:49] /a 4
[13/2/2017 1:19:49] /a 4
[13/2/2017 1:19:49] /a 4
[13/2/2017 1:19:50] /a 4
[13/2/2017 1:19:50] /a 4
[13/2/2017 1:19:50] /a 4
[13/2/2017 1:19:51] /a 4
[13/2/2017 1:19:51] /a 4
[13/2/2017 1:19:52] /a 4
[13/2/2017 1:19:52] /a 4
[13/2/2017 1:19:53] /a 4
[13/2/2017 1:19:54] /a 4/a 4
[13/2/2017 1:19:54] /a 4
[13/2/2017 1:19:54] /a 4
[13/2/2017 1:19:55] /a 4
[13/2/2017 1:19:56] /a 4
[13/2/2017 1:19:56] /a 4
[13/2/2017 1:20:0] /a 4
[13/2/2017 1:20:0] /a 4
[13/2/2017 1:20:2] /a 4
[13/2/2017 1:20:3] /a 4
[13/2/2017 1:20:3] /a 4
[13/2/2017 1:20:3] /a 4
[13/2/2017 1:20:3] /a 4
[13/2/2017 1:20:4] /a 4
[13/2/2017 1:20:4] /a 4
[13/2/2017 1:20:4] /a 4
[13/2/2017 1:20:4] /a 4
[13/2/2017 1:20:5] /a 4
[13/2/2017 1:20:5] /a 4
[13/2/2017 1:20:5] /a 4
[13/2/2017 1:20:6] /a 4
[13/2/2017 1:20:6] /a 4
[13/2/2017 1:20:6] /a 4
[13/2/2017 1:20:6] /a 4
[13/2/2017 1:20:7] /a 4
[13/2/2017 1:20:7] /a 4
[13/2/2017 1:20:7] /a 4
[13/2/2017 1:20:8] /a 4/a 4/a 4
[13/2/2017 1:20:9] /a 4
[13/2/2017 1:20:9] /a 4
[13/2/2017 1:20:9] /a 4
[13/2/2017 1:20:9] /a 4
[13/2/2017 1:20:10] /a 4
[13/2/2017 1:20:10] /a 4
[13/2/2017 1:20:11] /a 4/a 4
[13/2/2017 1:20:12] /a 4
[13/2/2017 1:20:12] /a 4
[13/2/2017 1:20:12] /a 4
[13/2/2017 1:20:12] /a 4
[13/2/2017 1:20:13] /a 4
[13/2/2017 1:20:13] /a 4
[13/2/2017 1:20:14] /a 4
[13/2/2017 1:20:14] /a 4
[13/2/2017 1:20:14] /a 4
[13/2/2017 1:20:14] /a 4
[13/2/2017 1:20:15] /a 4
[13/2/2017 1:20:18] /a 4
[13/2/2017 1:20:18] /a 4
[13/2/2017 1:20:19] /a 4
[13/2/2017 1:20:22] /a 4
[13/2/2017 1:20:22] /a 4
[13/2/2017 1:20:22] /a 4
[13/2/2017 1:20:23] /a 4
[13/2/2017 1:20:23] /a 4
[13/2/2017 1:20:23] /a 4
[13/2/2017 1:20:24] /a 4
[13/2/2017 1:20:25] /a 4
[13/2/2017 1:20:27] /a 4
[13/2/2017 1:20:28] /a 4
[13/2/2017 1:20:29] /a 4
[13/2/2017 1:20:29] /a 4
[13/2/2017 1:20:29] /a 4
[13/2/2017 1:20:30] /a 4
[13/2/2017 1:20:30] /a 4
[13/2/2017 1:20:30] /a 4
[13/2/2017 1:20:31] /a 4
[13/2/2017 1:20:32] /a 4
[13/2/2017 1:20:32] /a 4
[13/2/2017 1:20:33] /a 4
[13/2/2017 1:20:33] /a 4
[13/2/2017 1:20:34] /a 4
[13/2/2017 1:20:35] /a 4
[13/2/2017 1:20:35] /a 4
[13/2/2017 1:20:36] /a 4
[13/2/2017 1:20:37] /a 4
[13/2/2017 1:20:37] /a 4
[13/2/2017 1:20:38] /a 4
[13/2/2017 1:20:38] /a 4
[13/2/2017 1:20:38] /a 4
[13/2/2017 1:20:38] /a 4
[13/2/2017 1:20:39] /a 4
[13/2/2017 1:20:39] /a 4
[13/2/2017 1:20:39] /a 4
[13/2/2017 1:20:40] /a 4
[13/2/2017 1:20:40] /a 4
[13/2/2017 1:20:40] /a 4
[13/2/2017 1:20:41] /a 4
[13/2/2017 1:20:41] /a 4
[13/2/2017 1:20:41] /a 4
[13/2/2017 1:20:41] /a 4
[13/2/2017 1:20:42] /a 4
[13/2/2017 1:20:42] /a 4
[13/2/2017 1:20:42] /a 4
[13/2/2017 1:20:43] /a 4
[13/2/2017 1:20:43] /a 4
[13/2/2017 1:20:43] /a 4
[13/2/2017 1:20:44] /a 4
[13/2/2017 1:20:44] /a 4
[13/2/2017 1:20:44] /a 4
[13/2/2017 1:20:45] /a 4
[13/2/2017 1:20:46] /a 4
[13/2/2017 1:20:46] /a 4
[13/2/2017 1:20:46] /a 4
[13/2/2017 1:20:47] /a 4
[13/2/2017 1:20:47] /a 4
[13/2/2017 1:20:48] /a 4
[13/2/2017 1:20:48] /a 4
[13/2/2017 1:20:49] /a 4
[13/2/2017 1:20:49] /a 4
[13/2/2017 1:20:49] /a 4
[13/2/2017 1:20:50] /a 4
[13/2/2017 1:20:50] /a 4
[13/2/2017 1:20:54] /a 4
[13/2/2017 1:20:54] /a 4
[13/2/2017 1:20:55] /a 4
[13/2/2017 1:20:55] /a 4
[13/2/2017 1:20:55] /a 4
[13/2/2017 1:20:55] /a 4
[13/2/2017 1:20:56] /a 4
[13/2/2017 1:20:56] /a 4
[13/2/2017 1:20:56] /a 4
[13/2/2017 1:20:57] /a 4
[13/2/2017 1:20:57] /a 4
[13/2/2017 1:20:57] /a 4
[13/2/2017 1:20:57] /a 4
[13/2/2017 1:20:58] /a 4
[13/2/2017 1:20:58] /a 4
[13/2/2017 1:20:58] /a 4
[13/2/2017 1:20:59] /a 4
[13/2/2017 1:20:59] /a 4
[13/2/2017 1:20:59] /a 4
[13/2/2017 1:20:59] /a 4
[13/2/2017 1:21:0] /a 4
[13/2/2017 1:21:0] /a 4
[13/2/2017 1:21:0] /a 4
[13/2/2017 1:21:0] /a 4
[13/2/2017 1:21:1] /a 4
[13/2/2017 1:21:1] /a 4
[13/2/2017 1:21:1] /a 4
[13/2/2017 1:21:2] /a 4
[13/2/2017 1:21:2] /a 4
[13/2/2017 1:21:2] /a 4
[13/2/2017 1:21:3] /a 4
[13/2/2017 1:21:3] /a 4
[13/2/2017 1:21:3] /a 4
[13/2/2017 1:21:3] /a 4
[13/2/2017 1:21:4] /a 4
[13/2/2017 1:21:4] /a 4
[13/2/2017 1:21:4] /a 4
[13/2/2017 1:21:5] /a 4
[13/2/2017 1:21:5] /a 4
[13/2/2017 1:21:6] /a 4
[13/2/2017 1:21:6] /a 4
[13/2/2017 1:21:6] /a 4
[13/2/2017 1:21:7] /a 4
[13/2/2017 1:21:8] /a 4/a 4
[13/2/2017 1:21:9] /a 4
[13/2/2017 1:21:23] /a 4
[13/2/2017 1:21:23] /a 4
[13/2/2017 1:21:23] /a 4
[13/2/2017 1:21:23] /a 4
[13/2/2017 1:21:24] /a 4
[13/2/2017 1:21:24] /a 4
[13/2/2017 1:21:24] /a 4
[13/2/2017 1:21:25] /a 4
[13/2/2017 1:21:25] /a 4
[13/2/2017 1:21:25] /a 4
[13/2/2017 1:21:26] /a 4
[13/2/2017 1:21:26] /a 4
[13/2/2017 1:21:27] /a 4
[13/2/2017 1:21:27] /a 4
[13/2/2017 1:21:27] /a 4
[13/2/2017 1:21:28] /a 4/a 4
[13/2/2017 1:21:29] /a 4
[13/2/2017 1:21:29] /a 4
[13/2/2017 1:21:29] /a 4
[13/2/2017 1:21:30] /a 4
[13/2/2017 1:21:31] /a 4
[13/2/2017 1:21:32] /a 4
[13/2/2017 1:21:36] /a 4
[13/2/2017 1:21:36] /a 4
[13/2/2017 1:21:37] /a 4
[13/2/2017 1:21:37] /a 4
[13/2/2017 1:21:37] /a 4
[13/2/2017 1:21:38] /a 4
[13/2/2017 1:21:38] /a 4
[13/2/2017 1:21:40] /a 4
[13/2/2017 1:21:41] /a 4
[13/2/2017 1:21:41] /a 4
[13/2/2017 1:21:41] /a 4
[13/2/2017 1:21:41] /a 4
[13/2/2017 1:21:42] /a 4
[13/2/2017 1:21:42] /a 4
[13/2/2017 1:21:43] /a 4
[13/2/2017 1:21:43] /a 4
[13/2/2017 1:21:44] /a 4
[13/2/2017 1:21:46] /a 4
[13/2/2017 1:21:48] /a 4
[13/2/2017 1:21:48] /a 4
[13/2/2017 1:21:49] /a 4
[13/2/2017 1:21:52] /a 4
[13/2/2017 1:21:52] /a 4
[13/2/2017 1:21:52] /a 4
[13/2/2017 1:21:53] /a 4
[13/2/2017 1:21:54] /a 4
[13/2/2017 1:21:54] /a 4
[13/2/2017 1:21:54] /a 4
[13/2/2017 1:21:54] /a 4
[13/2/2017 1:21:55] /a 4
[13/2/2017 1:21:55] /a 4
[13/2/2017 1:21:56] /a 4
[13/2/2017 1:21:56] /a 4
[13/2/2017 1:21:56] /a 4
[13/2/2017 1:21:57] /a 4
[13/2/2017 1:21:57] /a 4
[13/2/2017 1:21:57] /a 4
[13/2/2017 1:21:57] /a 4
[13/2/2017 1:21:58] /a 4
[13/2/2017 1:21:58] /a 4
[13/2/2017 1:21:58] /a 4
[13/2/2017 1:21:59] /a 4
[13/2/2017 1:21:59] /a 4
[13/2/2017 1:21:59] /a 4
[13/2/2017 1:22:1] /a 4
[13/2/2017 1:22:2] /a 4
[13/2/2017 1:22:5] /a 4
[13/2/2017 1:22:5] /a 4
[13/2/2017 1:22:5] /a 4
[13/2/2017 1:22:6] /a 4
[13/2/2017 1:22:6] /a 4
[13/2/2017 1:22:6] /a 4
[13/2/2017 1:22:6] /a 4
[13/2/2017 1:22:7] /a 4
[13/2/2017 1:22:7] /a 4
[13/2/2017 1:22:7] /a 4
[13/2/2017 1:22:7] /a 4
[13/2/2017 1:22:8] /a 4
[13/2/2017 1:22:8] /a 4
[13/2/2017 1:22:8] /a 4
[13/2/2017 1:22:9] /a 4
[13/2/2017 1:22:9] /a 4
[13/2/2017 1:22:9] /a 4
[13/2/2017 1:22:9] /a 4
[13/2/2017 1:22:10] /a 4
[13/2/2017 1:22:10] /a 4
[13/2/2017 1:22:10] /a 4
[13/2/2017 1:22:10] /a 4
[13/2/2017 1:22:11] /a 4
[13/2/2017 1:22:11] /a 4
[13/2/2017 1:22:11] /a 4
[13/2/2017 1:22:12] /a 4
[13/2/2017 1:22:12] /a 4
[13/2/2017 1:22:12] /a 4
[13/2/2017 1:22:12] /a 4
[13/2/2017 1:22:13] /a 4
[13/2/2017 1:22:13] /a 4
[13/2/2017 1:22:13] /a 4
[13/2/2017 1:22:14] /a 4
[13/2/2017 1:22:14] /a 4
[13/2/2017 1:22:14] /a 4
[13/2/2017 1:22:14] /a 4
[13/2/2017 1:22:15] /a 4/a 4
[13/2/2017 1:22:15] /a 4
[13/2/2017 1:22:16] /a 4
[13/2/2017 1:22:16] /a 4
[13/2/2017 1:22:16] /a 4
[13/2/2017 1:22:17] /a 4
[13/2/2017 1:22:17] /a 4
[13/2/2017 1:22:17] /a 4
[13/2/2017 1:22:17] /a 4
[13/2/2017 1:22:18] /a 4
[13/2/2017 1:22:18] /a 4
[13/2/2017 1:22:18] /a 4
[13/2/2017 1:22:18] /a 4
[13/2/2017 1:22:19] /a 4
[13/2/2017 1:22:19] /a 4
[13/2/2017 1:22:19] /a 4
[13/2/2017 1:22:20] /a 4
[13/2/2017 1:22:20] /a 4
[13/2/2017 1:22:20] /a 4
[13/2/2017 1:22:21] /a 4
[13/2/2017 1:22:21] /a 4
[13/2/2017 1:22:22] /a 4
[13/2/2017 1:22:22] /a 4
[13/2/2017 1:22:22] /a 4
[13/2/2017 1:22:23] /a 4
[13/2/2017 1:22:23] /a 4
[13/2/2017 1:22:23] /a 4
[13/2/2017 1:22:23] /a 4
[13/2/2017 1:22:24] /a 4
[13/2/2017 1:22:24] /a 4
[13/2/2017 1:22:25] /a 4
[13/2/2017 1:22:25] /a 4
[13/2/2017 1:22:27] /a 4
[13/2/2017 1:22:27] /a 4
[13/2/2017 1:22:27] /a 4
[13/2/2017 1:22:27] /a 4
[13/2/2017 1:22:28] /a 4
[13/2/2017 1:22:28] /a 4
[13/2/2017 1:22:28] /a 4
[13/2/2017 1:22:29] /a 4
[13/2/2017 1:22:29] /a 4
[13/2/2017 1:22:29] /a 4
[13/2/2017 1:22:29] /a 4
[13/2/2017 1:22:30] /a 4
[13/2/2017 1:22:30] /a 4
[13/2/2017 1:22:31] /a 4
[13/2/2017 1:22:31] /a 4
[13/2/2017 1:22:31] /a 4
[13/2/2017 1:22:31] /a 4
[13/2/2017 1:22:32] /a 4
[13/2/2017 1:22:32] /a 4
[13/2/2017 1:22:32] /a 4
[13/2/2017 1:22:33] /a 4
[13/2/2017 1:22:33] /a 4
[13/2/2017 1:22:33] /a 4
[13/2/2017 1:22:34] /a 4
[13/2/2017 1:22:34] /a 4
[13/2/2017 1:22:35] /a 4/a 4
[13/2/2017 1:22:35] /a 4
[13/2/2017 1:22:35] /a 4
[13/2/2017 1:22:36] /a 4
[13/2/2017 1:22:36] /a 4
[13/2/2017 1:22:36] /a 4
[13/2/2017 1:22:37] /a 4
[13/2/2017 1:22:37] /a 4
[13/2/2017 1:22:38] /a 4
[13/2/2017 1:22:38] /a 4
[13/2/2017 1:22:38] /a 4
[13/2/2017 1:22:39] /a 4
[13/2/2017 1:22:40] /a 4
[13/2/2017 1:22:40] /a 4
[13/2/2017 1:22:43] /a 4
[13/2/2017 1:22:43] /a 4
[13/2/2017 1:22:44] /a 4
[13/2/2017 1:22:44] /a 4
[13/2/2017 1:22:44] /a 4
[13/2/2017 1:22:44] /a 4
[13/2/2017 1:22:45] /a 4
[13/2/2017 1:22:45] /a 4
[13/2/2017 1:22:46] /a 4
[13/2/2017 1:22:46] /a 4
[13/2/2017 1:22:47] /a 4
[13/2/2017 1:22:47] /a 4
[13/2/2017 1:22:48] /a 4
[13/2/2017 1:22:48] /a 4
[13/2/2017 1:22:48] /a 4
[13/2/2017 1:22:49] /a 4
[13/2/2017 1:22:49] /a 4
[13/2/2017 1:22:50] /a 4
[13/2/2017 1:22:51] /a 4
[13/2/2017 1:22:51] /a 4
[13/2/2017 1:22:51] /a 4
[13/2/2017 1:22:52] /a 4
[13/2/2017 1:22:52] /a 4
[13/2/2017 1:22:52] /a 4
[13/2/2017 1:22:53] /a 4
[13/2/2017 1:22:53] /a 4
[13/2/2017 1:22:54] /a 4
[13/2/2017 1:22:54] /a 4
[13/2/2017 1:22:54] /a 4
[13/2/2017 1:22:55] /a 4
[13/2/2017 1:22:55] /a 4
[13/2/2017 1:22:56] /a 4
[13/2/2017 1:22:56] /a 4
[13/2/2017 1:22:56] /a 4
[13/2/2017 1:22:57] /a 4
[13/2/2017 1:22:57] /a 4
[13/2/2017 1:22:58] /a 4
[13/2/2017 1:22:58] /a 4
[13/2/2017 1:22:58] /a 4
[13/2/2017 1:22:58] /a 4
[13/2/2017 1:22:59] /a 4
[13/2/2017 1:22:59] /a 4
[13/2/2017 1:22:59] /a 4
[13/2/2017 1:23:0] /a 4
[13/2/2017 1:23:0] /a 4
[13/2/2017 1:23:1] /a 4
[13/2/2017 1:23:1] /a 4
[13/2/2017 1:23:2] /a 4
[13/2/2017 1:23:2] /a 4
[13/2/2017 1:23:3] /a 4
[13/2/2017 1:23:6] /a 4
[13/2/2017 1:23:6] /a 4
[13/2/2017 1:23:6] /a 4
[13/2/2017 1:23:6] /a 4
[13/2/2017 1:23:7] /a 4
[13/2/2017 1:23:8] /a 4
[13/2/2017 1:23:8] /a 4
[13/2/2017 1:23:8] /a 4
[13/2/2017 1:23:9] /a 4
[13/2/2017 1:23:9] /a 4
[13/2/2017 1:23:9] /a 4
[13/2/2017 1:23:9] /a 4
[13/2/2017 1:23:10] /a 4
[13/2/2017 1:23:10] /a 4
[13/2/2017 1:23:10] /a 4
[13/2/2017 1:23:10] /a 4
[13/2/2017 1:23:11] /a 4
[13/2/2017 1:23:11] /a 4
[13/2/2017 1:23:11] /a 4
[13/2/2017 1:23:12] /a 4
[13/2/2017 1:23:13] /a 4
[13/2/2017 1:23:14] /a 4
[13/2/2017 1:23:14] /a 4
[13/2/2017 1:23:14] /a 4
[13/2/2017 1:23:15] /a 4
[13/2/2017 1:23:15] /a 4
[13/2/2017 1:23:15] /a 4
[13/2/2017 1:23:16] /a 4
[13/2/2017 1:23:17] /a 4
[13/2/2017 1:23:18] /a 4
[13/2/2017 1:23:18] /a 4
[13/2/2017 1:23:19] /a 4
[13/2/2017 1:23:19] /a 4
[13/2/2017 1:23:20] /a 4
[13/2/2017 1:23:21] /a 4
[13/2/2017 1:23:23] /a 4
[13/2/2017 1:23:26] /a
[13/2/2017 1:23:28] /a 4
[13/2/2017 1:23:28] /a 4
[13/2/2017 1:23:29] /a 4
[13/2/2017 1:23:29] /a 4
[13/2/2017 1:23:29] /a 4
[13/2/2017 1:23:29] /a 4
[13/2/2017 1:23:30] /a 4
[13/2/2017 1:23:30] /a 4
[13/2/2017 1:23:30] /a 4
[13/2/2017 1:23:30] /a 4
[13/2/2017 1:23:31] /a 4
[13/2/2017 1:23:31] /a 4
[13/2/2017 1:23:31] /a 4
[13/2/2017 1:23:31] /a 4
[13/2/2017 1:23:32] /a 4
[13/2/2017 1:23:32] /a 4
[13/2/2017 1:23:32] /a 4
[13/2/2017 1:23:32] /a 4
[13/2/2017 1:23:33] /a 4
[13/2/2017 1:23:33] /a 4
[13/2/2017 1:23:33] /a 4
[13/2/2017 1:23:34] /a 4/a 4
[13/2/2017 1:23:34] /a 4
[13/2/2017 1:23:34] /a 4
[13/2/2017 1:23:34] /a 4
[13/2/2017 1:23:35] /a 4
[13/2/2017 1:23:35] /a 4
[13/2/2017 1:23:36] /a 4
[13/2/2017 1:23:37] /a 4
[13/2/2017 1:23:37] /a 4
[13/2/2017 1:23:38] /a 4
[13/2/2017 1:23:39] /a 4
[13/2/2017 1:23:43] /a 4
[13/2/2017 1:23:44] /a 4
[13/2/2017 1:23:44] /a 4
[13/2/2017 1:23:45] /a 4
[13/2/2017 1:23:45] /a 4
[13/2/2017 1:23:45] /a 4
[13/2/2017 1:23:45] /a 4
[13/2/2017 1:23:46] /a 4
[13/2/2017 1:23:46] /a 4
[13/2/2017 1:23:46] /a 4
[13/2/2017 1:23:47] /a 4
[13/2/2017 1:23:48] /a 4
[13/2/2017 1:23:50] /a 4
[13/2/2017 1:24:2] /c Cudoramon
[13/2/2017 1:24:5] /c Ekzeerah
[13/2/2017 1:24:17] /t
[13/2/2017 1:24:33] /c soodio
[13/2/2017 1:25:47] /goto Soodio
[13/2/2017 1:25:50] /goto Soodio
[13/2/2017 1:25:51] /goto Soodio
[13/2/2017 1:25:52] /goto Soodio
[13/2/2017 1:25:56] /c ekzeerah
[13/2/2017 1:25:58] /t
[13/2/2017 1:27:44] /goto sky
[13/2/2017 1:27:48] /mc
[13/2/2017 1:28:26] /goto cudoramon
[13/2/2017 1:28:56] /goto Soodio
[13/2/2017 1:28:59] /c Cudoramon
[13/2/2017 1:29:1] /t
[13/2/2017 1:29:57] /goto Soodio
[13/2/2017 1:29:59] /goto Soodio
[13/2/2017 1:30:2] /goto Soodio
[13/2/2017 1:30:5] /c ekzeerah
[13/2/2017 1:30:10] /t
[13/2/2017 1:30:49] /kick ekzeerah
[13/2/2017 1:30:54] /t
[13/2/2017 1:31:16] /kick Soodio
[13/2/2017 1:31:38] /kick Cudoramon
[13/2/2017 1:31:45] /goto vitinho dashow
[13/2/2017 1:32:2] /goto vitinho dashow
[13/2/2017 1:33:13] /t
[13/2/2017 1:34:0] /goto Sousquilo
[13/2/2017 1:34:16] /goto vitinho dashow
[13/2/2017 2:4:39] /goto soodio
[13/2/2017 2:4:43] /kick soodio
[13/2/2017 2:5:17] /m demon
[13/2/2017 2:6:19] /goto soodio
[13/2/2017 2:38:21] /goto ekzeerah
[13/2/2017 2:38:25] /ghost
[13/2/2017 2:38:44] /ghost
[13/2/2017 2:38:45] /t
[13/2/2017 2:53:22] /goto ekzeerah
[13/2/2017 2:53:32] /t
[13/2/2017 2:55:11] /goto ekzee
[13/2/2017 3:1:0] /kick ekzeerah
[13/2/2017 3:1:14] /goto soodio
[13/2/2017 3:1:17] /c ekzeerah
[13/2/2017 3:1:20] /ghost
[13/2/2017 3:1:24] /ghost
[13/2/2017 3:1:26] /goto soodio
[13/2/2017 3:1:28] /goto soodio
[13/2/2017 3:1:30] /goto soodio
[13/2/2017 3:1:34] /c ekzeerah
[13/2/2017 3:3:5] /ghost
[13/2/2017 3:3:34] /a 2
[13/2/2017 3:3:35] /a 2
[13/2/2017 3:3:52] /a 4
[13/2/2017 3:3:59] /a 2
[13/2/2017 3:4:23] /ghost
[13/2/2017 3:9:26] /c Ekzeerah
[13/2/2017 3:10:7] /a 4
[13/2/2017 3:11:58] /ghost
[13/2/2017 3:13:17] /goto soodio
[13/2/2017 3:13:22] /ghost
[13/2/2017 3:13:25] /goto soodio
[13/2/2017 3:13:27] /goto soodio
[13/2/2017 3:13:28] /goto soodio
[13/2/2017 3:13:29] /goto soodio
[13/2/2017 3:13:43] /goto soodio
[13/2/2017 3:13:45] /goto soodio
[13/2/2017 3:13:48] /c ekzeerah
[13/2/2017 3:13:49] /t
[13/2/2017 3:14:41] /goto soodio
[13/2/2017 3:16:39] /goto ekzeera
[13/2/2017 3:16:40] /goto ekzeerah
[13/2/2017 3:16:50] /goto vitinho dashow
[13/2/2017 3:16:57] /t
[13/2/2017 3:18:18] /goto ekzeerah
[13/2/2017 3:18:26] /goto Soodio
[13/2/2017 3:18:34] /goto rafael rullex
[13/2/2017 3:18:38] /goto rafael rullex
[13/2/2017 3:18:45] /goto rafael Rulex
[13/2/2017 3:18:49] /goto soodio
[13/2/2017 3:18:57] /goto Rafael rulex
[13/2/2017 3:19:6] /goto soodio
[13/2/2017 3:19:14] /c ekzeerah
[13/2/2017 3:19:21] /goto rafael rulex
[13/2/2017 3:19:25] /goto soodio
[13/2/2017 3:19:28] /goto soodio
[13/2/2017 3:19:30] /goto soodio
[13/2/2017 3:19:33] /goto ekzeerah
[13/2/2017 3:19:39] /goto soodio
[13/2/2017 3:19:40] /goto soodio
[13/2/2017 3:19:42] /goto soodio
[13/2/2017 3:19:42] /goto soodio
[13/2/2017 3:19:43] /goto soodio
[13/2/2017 3:19:44] /goto soodio
[13/2/2017 3:19:45] /goto soodio
[13/2/2017 3:19:46] /goto ekzeerah
[13/2/2017 3:19:47] /goto ekzeerah
[13/2/2017 3:19:49] /goto soodio
[13/2/2017 3:19:50] /goto soodio
[13/2/2017 3:19:51] /goto soodio
[13/2/2017 3:19:52] /goto soodio
[13/2/2017 3:19:53] /goto ekzeerah
[13/2/2017 3:19:53] /goto ekzeerah
[13/2/2017 3:24:7] /goto soodio
[13/2/2017 3:24:11] /c ekzeerah
[13/2/2017 3:24:21] /ghost
[13/2/2017 3:24:33] /ghost
[13/2/2017 3:27:6] /c cudoramon
[13/2/2017 3:30:2] /goto soodio
[13/2/2017 3:30:21] /c ekzeerah
[13/2/2017 3:31:5] /goto rafael rulex
[13/2/2017 3:31:49] /goto Vitinho dashow
[13/2/2017 3:32:18] /goto rafael rulex
[13/2/2017 3:32:36] /goto vitinho dashow
[13/2/2017 3:32:42] /a 4
[13/2/2017 3:32:49] /goto soodio
[13/2/2017 3:32:58] /goto rafael rulex
[13/2/2017 3:33:8] /goto soodio
[13/2/2017 3:33:14] /goto rafael rulex
[13/2/2017 3:33:47] /goto Soodio
[13/2/2017 3:33:53] /goto Soodio
[13/2/2017 3:34:0] /goto vitinho dashow
[13/2/2017 3:34:3] /a 4
[13/2/2017 3:34:7] /goto soodio
[13/2/2017 3:34:10] /goto vitinho dashow
[13/2/2017 3:34:13] /goto soodio
[13/2/2017 3:34:44] /goto vitinho dsahow
[13/2/2017 3:34:52] /goto vitinho dashow
[13/2/2017 3:36:28] /goto soodio
[13/2/2017 3:36:32] /goto vitinho dashow
[13/2/2017 3:36:41] /goto karton
[13/2/2017 3:36:44] /goto karton
[13/2/2017 3:36:45] /goto karton
[13/2/2017 3:36:46] /goto karton
[13/2/2017 3:36:47] /goto karton
[13/2/2017 3:36:48] /goto karton
[13/2/2017 3:36:49] /goto karton
[13/2/2017 3:36:49] /goto karton
[13/2/2017 3:36:52] /goto soodio
[13/2/2017 3:37:30] /up
[13/2/2017 3:37:48] /up
[13/2/2017 3:37:48] /up
[13/2/2017 3:37:53] /up
[13/2/2017 3:37:56] /c soodio
[13/2/2017 3:37:58] /ghost
[13/2/2017 3:38:27] /ghost
[13/2/2017 3:38:28] /t soodio
[13/2/2017 3:38:29] /t
[13/2/2017 3:40:8] /goto soodio
[13/2/2017 3:40:12] /goto rafael rulex
[13/2/2017 3:40:15] /goto rafael rulex
[13/2/2017 3:40:17] /ghost
[13/2/2017 3:40:18] /goto rafael rulex
[13/2/2017 3:40:19] /goto rafael rulex
[13/2/2017 3:40:20] /goto rafael rulex
[13/2/2017 3:40:21] /goto rafael rulex
[13/2/2017 3:40:24] /a 4
[13/2/2017 3:40:24] /a 4
[13/2/2017 3:40:25] /a 4
[13/2/2017 3:40:26] /a 4
[13/2/2017 3:40:28] /a 4
[13/2/2017 3:40:28] /a 4
[13/2/2017 3:40:29] /a 4
[13/2/2017 3:40:30] /a 4
[13/2/2017 3:40:31] /a 4
[13/2/2017 3:40:31] /a 4
[13/2/2017 3:40:31] /a 4
[13/2/2017 3:40:31] /a 4
[13/2/2017 3:40:32] /a 4
[13/2/2017 3:40:32] /a 4
[13/2/2017 3:40:32] /a 4
[13/2/2017 3:40:33] /a 4
[13/2/2017 3:40:34] /a 4
[13/2/2017 3:40:41] /a 10
[13/2/2017 3:40:42] /a 10
[13/2/2017 3:40:44] /a 10/a 10
[13/2/2017 3:40:45] /a 10
[13/2/2017 3:40:45] /a 10
[13/2/2017 3:40:45] /a 10
[13/2/2017 3:40:45] /a 10
[13/2/2017 3:40:46] /a 10
[13/2/2017 3:40:46] /a 10
[13/2/2017 3:40:47] /a 10
[13/2/2017 3:40:47] /a 10
[13/2/2017 3:40:47] /a 10
[13/2/2017 3:40:50] /a 10
[13/2/2017 3:40:54] /a 10
[13/2/2017 3:40:55] /a 10
[13/2/2017 3:40:56] /a 10
[13/2/2017 3:40:57] /a 10
[13/2/2017 3:40:58] /a 4
[13/2/2017 3:40:59] /a 4
[13/2/2017 3:41:0] /a 4
[13/2/2017 3:41:1] /a 4
[13/2/2017 3:41:5] /a 10
[13/2/2017 3:41:5] /a 10
[13/2/2017 3:41:7] /a 10
[13/2/2017 3:41:8] /a 10
[13/2/2017 3:41:8] /a 10
[13/2/2017 3:41:8] /a 10
[13/2/2017 3:41:9] /a 10
[13/2/2017 3:41:10] /a 10
[13/2/2017 3:41:10] /a 10
[13/2/2017 3:41:10] /a 10
[13/2/2017 3:41:10] /a 10
[13/2/2017 3:41:11] /a 10
[13/2/2017 3:41:12] /a 10
[13/2/2017 3:41:12] /a 10
[13/2/2017 3:41:13] /a 10
[13/2/2017 3:41:13] /a 10
[13/2/2017 3:41:16] /a 10
[13/2/2017 3:41:23] /a 10
[13/2/2017 3:41:23] /a 10
[13/2/2017 3:41:24] /a 10
[13/2/2017 3:41:24] /a 10
[13/2/2017 3:41:25] /a 10
[13/2/2017 3:41:25] /a 10
[13/2/2017 3:41:26] /a 10
[13/2/2017 3:41:27] /a 10
[13/2/2017 3:41:27] /a 10
[13/2/2017 3:41:27] /a 10
[13/2/2017 3:41:29] /a 10
[13/2/2017 3:41:29] /a 10
[13/2/2017 3:41:29] /a 10
[13/2/2017 3:41:30] /a 10
[13/2/2017 3:41:30] /a 10
[13/2/2017 3:41:31] /a 10
[13/2/2017 3:41:32] /a 10
[13/2/2017 3:41:32] /a 10
[13/2/2017 3:41:35] /a 4
[13/2/2017 3:41:40] /a 10
[13/2/2017 3:41:42] /a 10
[13/2/2017 3:41:42] /a 10
[13/2/2017 3:41:42] /a 10
[13/2/2017 3:41:43] /a 10
[13/2/2017 3:41:43] /a 10
[13/2/2017 3:41:43] /a 10
[13/2/2017 3:41:44] /a 10
[13/2/2017 3:41:44] /a 10
[13/2/2017 3:41:44] /a 10
[13/2/2017 3:41:44] /a 10
[13/2/2017 3:41:45] /a 10
[13/2/2017 3:41:45] /a 10
[13/2/2017 3:41:45] /a 10
[13/2/2017 3:41:46] /a 10
[13/2/2017 3:41:51] /a 10
[13/2/2017 3:41:52] /a 10
[13/2/2017 3:41:53] /a 10
[13/2/2017 3:41:55] /a 10
[13/2/2017 3:41:55] /a 10
[13/2/2017 3:41:56] /a 10
[13/2/2017 3:41:57] /a 10
[13/2/2017 3:41:58] /a 10
[13/2/2017 3:41:58] /a 10
[13/2/2017 3:41:58] /a 10
[13/2/2017 3:41:59] /a 10
[13/2/2017 3:41:59] /a 10
[13/2/2017 3:41:59] /a 10
[13/2/2017 3:42:0] /a 10
[13/2/2017 3:42:0] /a 10
[13/2/2017 3:42:1] /a 10
[13/2/2017 3:42:1] /a 10
[13/2/2017 3:42:2] /a 10
[13/2/2017 3:42:2] /a 10
[13/2/2017 3:42:3] /a 10
[13/2/2017 3:42:6] /a 4
[13/2/2017 3:42:9] /a 10
[13/2/2017 3:42:10] /a 10
[13/2/2017 3:42:10] /a 10
[13/2/2017 3:42:10] /a 10
[13/2/2017 3:42:11] /a 10
[13/2/2017 3:42:11] /a 10
[13/2/2017 3:42:11] /a 10
[13/2/2017 3:42:11] /a 10
[13/2/2017 3:42:12] /a 10
[13/2/2017 3:42:12] /a 10
[13/2/2017 3:42:12] /a 10
[13/2/2017 3:42:13] /a 10
[13/2/2017 3:42:13] /a 10
[13/2/2017 3:42:13] /a 10
[13/2/2017 3:42:13] /a 10
[13/2/2017 3:42:14] /a 10
[13/2/2017 3:42:15] /a 10
[13/2/2017 3:42:16] /a 10
[13/2/2017 3:42:17] /a 10
[13/2/2017 3:42:18] /a 10
[13/2/2017 3:42:22] /a 10
[13/2/2017 3:42:23] /a 10
[13/2/2017 3:42:24] /a 10
[13/2/2017 3:42:24] /a 10
[13/2/2017 3:42:26] /a 10
[13/2/2017 3:42:26] /a 10
[13/2/2017 3:42:27] /a 10
[13/2/2017 3:42:28] /a 10
[13/2/2017 3:42:28] /a 10
[13/2/2017 3:42:28] /a 10
[13/2/2017 3:42:30] /a 10
[13/2/2017 3:42:31] /a 10
[13/2/2017 3:42:32] /a 10
[13/2/2017 3:42:32] /a 10
[13/2/2017 3:42:32] /a 10
[13/2/2017 3:42:33] /a 10
[13/2/2017 3:42:33] /a 10
[13/2/2017 3:42:33] /a 10
[13/2/2017 3:42:35] /a 10
[13/2/2017 3:42:37] /a 10
[13/2/2017 3:42:38] /a 10
[13/2/2017 3:42:38] /a 10
[13/2/2017 3:42:39] /a 10
[13/2/2017 3:42:39] /a 10
[13/2/2017 3:42:39] /a 10
[13/2/2017 3:42:40] /a 10
[13/2/2017 3:42:40] /a 10
[13/2/2017 3:42:40] /a 10
[13/2/2017 3:42:41] /a 10
[13/2/2017 3:42:41] /a 10
[13/2/2017 3:42:41] /a 10
[13/2/2017 3:42:42] /a 10
[13/2/2017 3:42:42] /a 10
[13/2/2017 3:42:42] /a 10
[13/2/2017 3:42:42] /a 10
[13/2/2017 3:42:43] /a 10
[13/2/2017 3:42:43] /a 10
[13/2/2017 3:42:43] /a 10
[13/2/2017 3:42:44] /a 10
[13/2/2017 3:42:44] /a 10
[13/2/2017 3:42:44] /a 10
[13/2/2017 3:42:45] /a 10
[13/2/2017 3:42:45] /a 10
[13/2/2017 3:42:45] /a 10
[13/2/2017 3:42:46] /a 10
[13/2/2017 3:42:46] /a 10
[13/2/2017 3:42:47] /a 10
[13/2/2017 3:42:47] /a 10
[13/2/2017 3:42:47] /a 10
[13/2/2017 3:42:47] /a 10
[13/2/2017 3:42:48] /a 10
[13/2/2017 3:42:48] /a 10
[13/2/2017 3:42:49] /a 10
[13/2/2017 3:42:49] /a 10
[13/2/2017 3:42:50] /a 10
[13/2/2017 3:42:50] /a 10
[13/2/2017 3:42:50] /a 10
[13/2/2017 3:42:51] /a 10
[13/2/2017 3:42:51] /a 10
[13/2/2017 3:42:52] /a 10
[13/2/2017 3:42:53] /a 10
[13/2/2017 3:42:57] /a 10
[13/2/2017 3:42:57] /a 10
[13/2/2017 3:42:58] /a 10
[13/2/2017 3:42:58] /a 10
[13/2/2017 3:42:58] /a 10
[13/2/2017 3:43:0] /a 10
[13/2/2017 3:43:0] /a 10
[13/2/2017 3:43:1] /a 10
[13/2/2017 3:43:2] /a 10
[13/2/2017 3:43:2] /a 10
[13/2/2017 3:43:2] /a 10
[13/2/2017 3:43:3] /a 10
[13/2/2017 3:43:3] /a 10
[13/2/2017 3:43:3] /a 10
[13/2/2017 3:43:4] /a 10
[13/2/2017 3:43:5] /a 10
[13/2/2017 3:43:9] /a 10
[13/2/2017 3:43:9] /a 10
[13/2/2017 3:43:10] /a 10
[13/2/2017 3:43:10] /a 10
[13/2/2017 3:43:10] /a 10
[13/2/2017 3:43:11] /a 10
[13/2/2017 3:43:11] /a 10
[13/2/2017 3:43:12] /a 10
[13/2/2017 3:43:13] /a 10
[13/2/2017 3:43:13] /a 10
[13/2/2017 3:43:13] /a 10
[13/2/2017 3:43:17] /a 10
[13/2/2017 3:43:19] /a 4
[13/2/2017 3:43:20] /a 4
[13/2/2017 3:43:20] /a 4
[13/2/2017 3:43:21] /a 4
[13/2/2017 3:43:25] /a 10
[13/2/2017 3:43:26] /a 10
[13/2/2017 3:43:26] /a 10
[13/2/2017 3:43:26] /a 10
[13/2/2017 3:43:26] /a 10
[13/2/2017 3:43:26] /a 10
[13/2/2017 3:43:28] /a 10
[13/2/2017 3:43:28] /a 10
[13/2/2017 3:43:28] /a 10
[13/2/2017 3:43:29] /a 10
[13/2/2017 3:43:33] /a 10
[13/2/2017 3:43:33] /a 10
[13/2/2017 3:43:34] /a 10
[13/2/2017 3:43:35] /a 10
[13/2/2017 3:43:36] /a 10
[13/2/2017 3:43:44] /c ramon rulex
[13/2/2017 3:43:52] /c Ramon rulex
[13/2/2017 3:44:2] /c rafael rulex
[13/2/2017 3:50:43] /ghost
[13/2/2017 3:50:44] /t
[13/2/2017 3:50:52] /goto rafael rulex
[13/2/2017 3:50:56] /ghost
[13/2/2017 4:1:47] /c victorzeerah
[13/2/2017 4:2:2] /c victorzeerah
[13/2/2017 4:3:40] /c Dennis The killa
[13/2/2017 4:5:28] /a
[13/2/2017 4:5:30] /a
[13/2/2017 4:5:30] /a
[13/2/2017 4:6:21] /a 2
[13/2/2017 4:6:22] /c Dennis the killa
[13/2/2017 4:6:22] /c Dennis the killa
[13/2/2017 4:6:23] /c Dennis the killa
[13/2/2017 4:6:23] /c Dennis the killa
[13/2/2017 4:6:23] /c Dennis the killa
[13/2/2017 4:6:23] /c Dennis the killa
[13/2/2017 4:6:24] /c Dennis the killa
[13/2/2017 4:6:24] /c Dennis the killa
[13/2/2017 4:6:24] /c Dennis the killa
[13/2/2017 4:6:24] /c Dennis the killa
[13/2/2017 4:6:25] /c Dennis the killa
[13/2/2017 4:6:25] /c Dennis the killa
[13/2/2017 4:6:25] /c Dennis the killa
[13/2/2017 4:6:26] /c Dennis the killa
[13/2/2017 4:6:31] /a
[13/2/2017 4:6:32] /a
[13/2/2017 4:6:37] /a 2
[13/2/2017 4:6:38] /c Dennis the killa
[13/2/2017 4:6:40] /a
[13/2/2017 4:6:42] /a 2
[13/2/2017 4:6:56] /ghost
[13/2/2017 4:7:17] /a 2
[13/2/2017 4:7:18] /ghost
[13/2/2017 4:7:21] /a
[13/2/2017 4:7:39] /a 2
[13/2/2017 4:8:20] /ghost
[13/2/2017 4:8:23] /goto Ana claudia
[13/2/2017 4:8:33] /goto Rafael rulex
[13/2/2017 4:8:34] /ghost
[13/2/2017 4:8:50] /a 2
[13/2/2017 4:10:7] /c ana claudia
[13/2/2017 4:12:37] /a 2
[13/2/2017 4:13:0] /ghost
[13/2/2017 4:13:22] /ghost
[13/2/2017 4:13:27] /ghost
[13/2/2017 4:13:34] /c ana claudia
[13/2/2017 4:15:40] /goto ana claudia
[13/2/2017 4:15:54] /goto Rafael rulex
[13/2/2017 4:21:8] /ghost
[13/2/2017 4:38:20] /c ana claudia
[13/2/2017 4:38:26] /c ana claudia
[13/2/2017 4:39:17] /c ana claudia
[13/2/2017 4:39:21] /ghost
[13/2/2017 4:39:31] /goto ana claudia
[13/2/2017 4:39:44] /ghost
[13/2/2017 4:42:49] /ghost
[13/2/2017 4:42:57] /goto ana claudia
[13/2/2017 5:11:10] /goto aninha
[13/2/2017 7:20:12] /ghost
[13/2/2017 7:21:44] /m morgaroth
[13/2/2017 7:21:45] /m morgaroth
[13/2/2017 7:22:40] /t
[13/2/2017 7:26:54] /ghost
[13/2/2017 7:26:59] /ghost
[13/2/2017 7:27:18] /a 2
[13/2/2017 7:27:20] /up
[13/2/2017 7:27:35] /goto soodio
[13/2/2017 7:27:36] /goto soodio
[13/2/2017 7:27:37] /goto soodio
[13/2/2017 7:27:38] /goto soodio
[13/2/2017 7:27:39] /goto soodio
[13/2/2017 7:27:41] /goto soodio
[13/2/2017 7:27:42] /goto soodio
[13/2/2017 7:27:43] /goto soodio
[13/2/2017 7:27:43] /goto soodio
[13/2/2017 7:27:44] /goto soodio
[13/2/2017 7:27:45] /goto soodio
[13/2/2017 7:27:46] /goto soodio
[13/2/2017 7:27:47] /goto soodio
[13/2/2017 7:27:49] /goto soodio
[13/2/2017 7:27:49] /goto soodio
[13/2/2017 7:28:1] /a
[13/2/2017 7:28:2] /a
[13/2/2017 7:28:23] /c Soodio
[13/2/2017 7:28:27] /c Soodio
[13/2/2017 7:28:48] /c Soodio
[13/2/2017 7:28:52] /a
[13/2/2017 7:29:7] /a 4
[13/2/2017 7:29:9] /a 4
[13/2/2017 7:29:9] /a 4
[13/2/2017 7:29:11] /a 4
[13/2/2017 7:29:11] /a 4
[13/2/2017 7:29:12] /a 4
[13/2/2017 7:29:13] /a 4
[13/2/2017 7:29:14] /a 4
[13/2/2017 7:29:15] /a 4
[13/2/2017 7:29:16] /a 4
[13/2/2017 7:29:17] /a 4
[13/2/2017 7:29:17] /a 4
[13/2/2017 7:29:19] /a 4
[13/2/2017 8:2:56] /ghost
[13/2/2017 8:3:13] /t
