[4/2/2017 21:54:54] /ghost
[4/2/2017 21:55:25] /goto mashmellow
[4/2/2017 21:55:31] /goto marshmellow
[4/2/2017 21:55:40] /a 1
[4/2/2017 21:56:1] /c help rbot
[4/2/2017 21:56:13] /a 1
[4/2/2017 21:56:14] /a 1
[4/2/2017 21:56:14] /a 1
[4/2/2017 21:56:18] /c help rbot
[4/2/2017 21:56:37] /up
[4/2/2017 21:57:6] /c help rbot
[4/2/2017 21:57:36] /ghost
[4/2/2017 21:58:40] /c adm rbot
[4/2/2017 21:58:44] /c adm rbot
[4/2/2017 21:59:7] /c adm rbot
[4/2/2017 21:59:13] /c adm rbot
[4/2/2017 21:59:14] /c adm rbot
[4/2/2017 21:59:14] /c adm rbot
[4/2/2017 21:59:25] /c adm rbot
[4/2/2017 21:59:35] /c ADM RbOT
[4/2/2017 21:59:36] /c ADM RbOT
[4/2/2017 21:59:49] /down
[4/2/2017 21:59:54] /ghost
[4/2/2017 22:0:15] /a '1
[4/2/2017 22:0:16] /a '1
[4/2/2017 22:0:17] /up
[4/2/2017 22:0:22] /c help rbot
[4/2/2017 22:0:41] /down
[4/2/2017 22:0:43] /a 2
[4/2/2017 22:0:47] /c help rbot
[4/2/2017 22:0:57] /a 1
[4/2/2017 22:0:59] /a 1
[4/2/2017 22:1:25] /a 1
[4/2/2017 22:1:35] /ghost
[4/2/2017 22:3:11] /a 1
[4/2/2017 22:3:15] /ghost
[4/2/2017 22:5:57] /a 1
[4/2/2017 22:6:18] /c help rbot
[4/2/2017 22:7:0] /kick help rbot
[4/2/2017 22:7:9] /kick Help Rbot
[4/2/2017 22:8:19] /a 2
[4/2/2017 22:8:21] /up
[4/2/2017 22:8:23] /ghost
[4/2/2017 22:8:24] /up
[4/2/2017 22:8:25] /up
[4/2/2017 22:8:26] /up
[4/2/2017 22:8:26] /up
[4/2/2017 22:8:29] /t
[4/2/2017 22:8:55] /a 1
[4/2/2017 22:9:5] /a 1
[4/2/2017 22:9:27] /ghost
[4/2/2017 22:10:15] /t
[4/2/2017 22:10:16] /ghost
[4/2/2017 22:14:5] /goto ajudante do rbot
[4/2/2017 22:14:40] /mute risan 99999999
[4/2/2017 22:14:51] /mute Risan 99999999
[4/2/2017 22:14:58] /mute Risan, 99999999
[4/2/2017 22:16:49] /mute
[4/2/2017 22:16:57] /mute Paladin Escamoso, 9999999
[4/2/2017 22:16:59] /mute Paladin Escamoso, 9999999
[4/2/2017 22:16:59] /mute Paladin Escamoso, 9999999
[4/2/2017 22:17:0] /mute Paladin Escamoso, 9999999
[4/2/2017 22:17:23] /ghost
[4/2/2017 22:19:1] /bc blue quem quiser enviar os comprovantes pagos até 90 dias, enviem pro email: rbotserv@gmail,com
[4/2/2017 22:19:2] /bc blue quem quiser enviar os comprovantes pagos até 90 dias, enviem pro email: rbotserv@gmail,com
[4/2/2017 22:19:2] /bc blue quem quiser enviar os comprovantes pagos até 90 dias, enviem pro email: rbotserv@gmail,com
[4/2/2017 22:19:2] /bc blue quem quiser enviar os comprovantes pagos até 90 dias, enviem pro email: rbotserv@gmail,com
[4/2/2017 22:20:35] /a 5
[4/2/2017 22:20:35] /a 5
[4/2/2017 22:20:36] /a 5
[4/2/2017 22:20:36] /a 5
[4/2/2017 22:20:37] /a 5
[4/2/2017 22:20:37] /a 5
[4/2/2017 22:20:39] /ghost
[4/2/2017 22:20:44] /a 1
[4/2/2017 22:20:46] /ghost
[4/2/2017 22:20:59] /a 1
[4/2/2017 22:21:0] /a 1
[4/2/2017 22:21:2] /a 1
[4/2/2017 22:21:4] /c help rbot
[4/2/2017 22:21:9] /a 3
[4/2/2017 22:21:11] /c help rbot
[4/2/2017 22:21:16] /a 1
[4/2/2017 22:21:18] /a 1
[4/2/2017 22:21:54] /a 1
[4/2/2017 22:21:56] /a 1
[4/2/2017 22:23:45] /ghost
[4/2/2017 22:23:47] /a 2
[4/2/2017 22:23:57] /ghost
[4/2/2017 22:25:19] /t
[4/2/2017 22:25:25] /goto principe
[4/2/2017 22:25:43] /a 2
[4/2/2017 22:25:44] /a 2
[4/2/2017 22:25:44] /a 2
[4/2/2017 22:25:58] /a 2
[4/2/2017 22:26:6] /a 2
[4/2/2017 22:26:18] /a 2
[4/2/2017 22:26:20] /a 2
[4/2/2017 22:26:20] /a 2
[4/2/2017 22:26:23] /a 10
[4/2/2017 22:26:23] /a 10
[4/2/2017 22:26:26] /a 10
[4/2/2017 22:26:26] /a 10
[4/2/2017 22:26:35] /a 1
[4/2/2017 22:26:35] /a 1
[4/2/2017 22:27:6] /a 1
[4/2/2017 22:27:11] /a 10
[4/2/2017 22:27:12] /a 10
[4/2/2017 22:27:12] /a 10
[4/2/2017 22:27:13] /a 10
[4/2/2017 22:27:13] /a 10
[4/2/2017 22:27:14] /a 10
[4/2/2017 22:27:15] /a 10
[4/2/2017 22:27:15] /a 10
[4/2/2017 22:28:9] /t
[4/2/2017 22:28:30] /a 1
[4/2/2017 22:28:31] /a 1
[4/2/2017 22:28:47] /a 1
[4/2/2017 22:28:48] /a 1
[4/2/2017 22:29:0] /a 1
[4/2/2017 22:29:5] /a 5
[4/2/2017 22:29:7] /a 5
[4/2/2017 22:29:8] /a 5
[4/2/2017 22:29:8] /a 5
[4/2/2017 22:29:10] /a 5
[4/2/2017 22:30:1] /bc red quem quiser enviar os comprovantes pagos até 90 dias, enviem pro email: rbotserv@gmail,com
[4/2/2017 22:30:2] /bc red quem quiser enviar os comprovantes pagos até 90 dias, enviem pro email: rbotserv@gmail,com
[4/2/2017 22:30:2] /bc red quem quiser enviar os comprovantes pagos até 90 dias, enviem pro email: rbotserv@gmail,com
[4/2/2017 22:30:2] /bc red quem quiser enviar os comprovantes pagos até 90 dias, enviem pro email: rbotserv@gmail,com
[4/2/2017 22:30:3] /bc red quem quiser enviar os comprovantes pagos até 90 dias, enviem pro email: rbotserv@gmail,com
[4/2/2017 22:31:29] /c help rbot
[4/2/2017 22:31:38] /a '
[4/2/2017 22:31:39] /a '
[4/2/2017 22:31:40] /a '
[4/2/2017 22:31:40] /a '
[4/2/2017 22:31:41] /a '
[4/2/2017 22:31:41] /a '
[4/2/2017 22:31:41] /a '
[4/2/2017 22:31:44] /ghost
[4/2/2017 22:32:29] /mute Dante Again, 999999
[4/2/2017 22:32:30] /mute Dante Again, 999999
[4/2/2017 22:32:30] /mute Dante Again, 999999
[4/2/2017 22:32:36] /a 1
[4/2/2017 22:32:37] /a 1
[4/2/2017 22:33:3] /bc red MSG
[4/2/2017 22:33:15] /a 1
[4/2/2017 22:33:15] /a 1
[4/2/2017 22:34:33] /ghost
[4/2/2017 22:35:7] /goto adm rebot
[4/2/2017 22:35:9] /goto adm rbot
[4/2/2017 22:35:11] /goto adm rbot
[4/2/2017 22:35:12] /t
[4/2/2017 22:35:18] /goto help rbot
[4/2/2017 22:40:59] /a 10
[4/2/2017 22:41:0] /a 10
[4/2/2017 22:41:0] /a 10
[4/2/2017 22:41:0] /a 10
[4/2/2017 22:41:1] /a 10
[4/2/2017 22:41:1] /a 10
[4/2/2017 22:41:2] /a 10
[4/2/2017 22:41:2] /a 10
[4/2/2017 22:41:2] /a 10
[4/2/2017 22:41:2] /a 10
[4/2/2017 22:41:3] /a 10
[4/2/2017 22:41:3] /a 10
[4/2/2017 22:41:3] /a 10
[4/2/2017 22:41:4] /a 10
[4/2/2017 22:41:4] /a 10
[4/2/2017 22:41:5] /a 10
[4/2/2017 22:41:5] /a 10
[4/2/2017 22:41:6] /a 10
[4/2/2017 22:41:6] /a 10
[4/2/2017 22:41:6] /a 10
[4/2/2017 22:41:6] /a 10
[4/2/2017 22:41:7] /a 10
[4/2/2017 22:42:49] /bc green Quem poder convidar os amigos o team e ou a guild amigos oque poderem você estara colaborando para que o servidor permaneça online e que haja varias wars conto com vocês!
[4/2/2017 22:42:51] /bc green Quem poder convidar os amigos o team e ou a guild amigos oque poderem você estara colaborando para que o servidor permaneça online e que haja varias wars conto com vocês!
[4/2/2017 22:42:51] /bc green Quem poder convidar os amigos o team e ou a guild amigos oque poderem você estara colaborando para que o servidor permaneça online e que haja varias wars conto com vocês!
[4/2/2017 22:42:52] /bc green Quem poder convidar os amigos o team e ou a guild amigos oque poderem você estara colaborando para que o servidor permaneça online e que haja varias wars conto com vocês!
[4/2/2017 22:42:52] /bc green Quem poder convidar os amigos o team e ou a guild amigos oque poderem você estara colaborando para que o servidor permaneça online e que haja varias wars conto com vocês!
[4/2/2017 22:42:52] /bc green Quem poder convidar os amigos o team e ou a guild amigos oque poderem você estara colaborando para que o servidor permaneça online e que haja varias wars conto com vocês!
[4/2/2017 22:44:15] /mute Dante Again, 999999999999
[4/2/2017 22:44:16] /mute Dante Again, 999999999999
[4/2/2017 22:44:16] /mute Dante Again, 999999999999
[4/2/2017 22:45:12] /mute Dante Again, 99999999999999999999999999999
[4/2/2017 22:45:13] /mute Dante Again, 99999999999999999999999999999
[4/2/2017 22:45:13] /mute Dante Again, 99999999999999999999999999999
[4/2/2017 22:45:13] /mute Dante Again, 99999999999999999999999999999
[4/2/2017 22:46:24] /mute Dante Again 9999999999
[4/2/2017 22:46:30] /mute Dante Again, 9999999999
[4/2/2017 22:46:31] /mute Dante Again, 9999999999
[4/2/2017 22:46:31] /mute Dante Again, 9999999999
[4/2/2017 22:46:32] /mute Dante Again, 9999999999
[4/2/2017 22:46:32] /mute Dante Again, 9999999999
[4/2/2017 22:46:33] /mute Dante Again, 9999999999
[4/2/2017 22:46:33] /mute Dante Again, 9999999999
[4/2/2017 22:46:33] /mute Dante Again, 9999999999
[4/2/2017 22:46:34] /mute Dante Again, 9999999999
[4/2/2017 22:46:34] /mute Dante Again, 9999999999
[4/2/2017 22:46:42] /mute 9999999999, Dante Again
[4/2/2017 22:46:52] /kick dante again
[4/2/2017 22:46:56] /kick dante again
[4/2/2017 22:46:56] /kick dante again
[4/2/2017 22:46:57] /kick dante again
[4/2/2017 22:46:58] /kick dante again
[4/2/2017 22:47:1] /kick dante again
[4/2/2017 22:47:3] /kick dante again
[4/2/2017 22:47:4] /kick dante again
[4/2/2017 22:47:4] /kick dante again
[4/2/2017 22:47:5] /kick dante again
[4/2/2017 22:47:6] /kick dante again
[4/2/2017 22:47:8] /kick dante again
[4/2/2017 22:47:9] /kick dante again
[4/2/2017 22:47:10] /kick dante again
[4/2/2017 22:47:11] /kick dante again
[4/2/2017 22:47:18] /kick dante again
[4/2/2017 22:47:30] /kick dante again
[4/2/2017 22:47:48] /kick dante again
[4/2/2017 22:47:51] /kick dante again
[4/2/2017 22:47:53] /kick dante again
[4/2/2017 22:47:55] /kick dante again
[4/2/2017 22:47:58] /kick dante again
[4/2/2017 22:48:5] /kick dante again
[4/2/2017 22:48:8] /kick dante again
[4/2/2017 22:48:11] /kick dante again
[4/2/2017 22:48:14] /kick dante again
[4/2/2017 22:48:17] /kick dante again
[4/2/2017 22:51:20] /mute Dante Again, 999999999999999999999999999999
[4/2/2017 22:51:21] /mute Dante Again, 999999999999999999999999999999
[4/2/2017 22:51:21] /mute Dante Again, 999999999999999999999999999999
[4/2/2017 22:51:21] /mute Dante Again, 999999999999999999999999999999
[4/2/2017 22:51:22] /mute Dante Again, 999999999999999999999999999999
[4/2/2017 22:51:22] /mute Dante Again, 999999999999999999999999999999
[4/2/2017 22:51:30] /mute Dante Again, 999999999999999999999999999999
[4/2/2017 22:51:30] /mute Dante Again, 999999999999999999999999999999
[4/2/2017 22:51:37] /mute Dante Again, 999999999999999999999999999999, 9
[4/2/2017 22:52:39] /goto principe
[4/2/2017 22:52:45] /kick Fortuna Multidao
[4/2/2017 22:52:59] /kick principe
[4/2/2017 22:53:0] /t
[4/2/2017 22:53:32] /mute Dante Again, 99999999999999999999999999
[4/2/2017 22:53:42] /mute Dante Again, 6000
[4/2/2017 22:53:44] /mute Dante Again, 6000
[4/2/2017 22:53:45] /mute Dante Again, 6000
[4/2/2017 22:53:47] /mute Dante Again, 6000
[4/2/2017 22:53:47] /mute Dante Again, 6000
[4/2/2017 22:53:48] /mute Dante Again, 6000
[4/2/2017 22:53:49] /mute Dante Again, 6000
[4/2/2017 22:53:49] /mute Dante Again, 6000
[4/2/2017 22:53:49] /mute Dante Again, 6000
[4/2/2017 22:53:50] /mute Dante Again, 6000
[4/2/2017 22:53:50] /mute Dante Again, 6000
[4/2/2017 22:53:51] /mute Dante Again, 6000
[4/2/2017 22:53:51] /mute Dante Again, 6000
[4/2/2017 22:53:51] /mute Dante Again, 6000
[4/2/2017 22:55:22] /mute Dante Again, 6000
[4/2/2017 22:55:23] /mute Dante Again, 6000
[4/2/2017 22:55:23] /mute Dante Again, 6000
[4/2/2017 22:55:23] /mute Dante Again, 6000
[4/2/2017 22:55:24] /mute Dante Again, 6000
[4/2/2017 22:55:24] /mute Dante Again, 6000
[4/2/2017 22:57:53] /bc green quem quiser enviar os comprovantes pagos até 90 dias, enviem pro email: rbotserv@gmail,com
[4/2/2017 22:58:7] /bc green quem quiser enviar os comprovantes pagos até 90 dias, enviem pro email: rbotserv@gmail,com sem vigula com .
[4/2/2017 22:59:27] /mute Dante Again, 60000
[4/2/2017 23:1:34] /mute Dante Again, 60000
[4/2/2017 23:1:35] /mute Dante Again, 60000
[4/2/2017 23:1:36] /mute Dante Again, 60000
[4/2/2017 23:1:36] /mute Dante Again, 60000
[4/2/2017 23:1:36] /mute Dante Again, 60000
[4/2/2017 23:1:37] /mute Dante Again, 60000
[4/2/2017 23:1:37] /mute Dante Again, 60000
[4/2/2017 23:1:38] /mute Dante Again, 60000
[4/2/2017 23:1:38] /mute Dante Again, 60000
[4/2/2017 23:2:15] /mc
[4/2/2017 23:2:53] /mute Dante Again, 60000
[4/2/2017 23:2:53] /mute Dante Again, 60000
[4/2/2017 23:2:54] /mute Dante Again, 60000
[4/2/2017 23:2:54] /mute Dante Again, 60000
[4/2/2017 23:2:54] /mute Dante Again, 60000
[4/2/2017 23:2:55] /mute Dante Again, 60000
[4/2/2017 23:2:55] /mute Dante Again, 60000
[4/2/2017 23:2:56] /mute Dante Again, 60000
[4/2/2017 23:3:7] /mute Dante Again, 60000
[4/2/2017 23:3:13] /mute Dante Again, 60000
[4/2/2017 23:3:14] /mute Dante Again, 60000
[4/2/2017 23:3:14] /mute Dante Again, 60000
[4/2/2017 23:3:15] /mute Dante Again, 60000
[4/2/2017 23:3:15] /mute Dante Again, 60000
[4/2/2017 23:3:20] /mute Dante Again, 60000
[4/2/2017 23:4:19] /mute Dante Again, 60000
[4/2/2017 23:4:39] /kick Ajudante Do Rbot
[4/2/2017 23:5:26] /mute Dante Again, 60000
[4/2/2017 23:5:27] /mute Dante Again, 60000
[4/2/2017 23:5:27] /mute Dante Again, 60000
[4/2/2017 23:5:28] /mute Dante Again, 60000
[4/2/2017 23:5:28] /mute Dante Again, 60000
[4/2/2017 23:5:28] /mute Dante Again, 60000
[4/2/2017 23:6:26] /mute Dante Again, 60000
[4/2/2017 23:6:27] /mute Dante Again, 60000
[4/2/2017 23:6:27] /mute Dante Again, 60000
[4/2/2017 23:6:28] /mute Dante Again, 60000
[4/2/2017 23:6:28] /mute Dante Again, 60000
[4/2/2017 23:6:49] /mute Dante Again, 60000
[4/2/2017 23:6:52] /mute Dante Again, 60000
[4/2/2017 23:6:52] /mute Dante Again, 60000
[4/2/2017 23:6:53] /mute Dante Again, 60000
[4/2/2017 23:6:53] /mute Dante Again, 60000
[4/2/2017 23:7:1] /a 50
[4/2/2017 23:7:2] /a 50
[4/2/2017 23:7:2] /a 50
[4/2/2017 23:7:8] /mute Dante Again, 60000
[4/2/2017 23:7:9] /mute Dante Again, 60000
[4/2/2017 23:7:9] /mute Dante Again, 60000
[4/2/2017 23:7:9] /mute Dante Again, 60000
[4/2/2017 23:7:13] /c help rbot
[4/2/2017 23:7:44] /t
[4/2/2017 23:8:18] /bc green Quem poder convidar os amigos o team e ou a guild amigos oque poderem você estara colaborando para que o servidor permaneça online e que haja varias wars conto com vocês!
[4/2/2017 23:8:21] /bc green Quem poder convidar os amigos o team e ou a guild amigos oque poderem você estara colaborando para que o servidor permaneça online e que haja varias wars conto com vocês!
[4/2/2017 23:8:26] /bc green Quem poder convidar os amigos o team e ou a guild amigos oque poderem você estara colaborando para que o servidor permaneça online e que haja varias wars conto com vocês!
[4/2/2017 23:8:49] /mute Mutado, 6000000000000000
[4/2/2017 23:8:51] /mute Mutado, 6000
[4/2/2017 23:8:52] /mute Mutado, 6000
[4/2/2017 23:8:52] /mute Mutado, 6000
[4/2/2017 23:8:53] /mute Mutado, 6000
[4/2/2017 23:8:53] /mute Mutado, 6000
[4/2/2017 23:8:53] /mute Mutado, 6000
[4/2/2017 23:14:20] /a 1
[4/2/2017 23:14:22] /a 10
[4/2/2017 23:14:22] /a 10
[4/2/2017 23:14:30] /a 10
[4/2/2017 23:14:31] /a 10
[4/2/2017 23:14:31] /a 10
[4/2/2017 23:14:31] /a 10
[4/2/2017 23:14:44] /a 10
[4/2/2017 23:14:45] /a 10
[4/2/2017 23:14:45] /a 10
[4/2/2017 23:14:48] /a 10
[4/2/2017 23:14:48] /a 10
[4/2/2017 23:14:50] /a 10
[4/2/2017 23:14:50] /a 10
[4/2/2017 23:14:50] /a 10
[4/2/2017 23:14:51] /a 10
[4/2/2017 23:14:51] /a 10
[4/2/2017 23:14:52] /a 10
[4/2/2017 23:14:52] /a 10
[4/2/2017 23:14:52] /a 10
[4/2/2017 23:14:53] /a 10
[4/2/2017 23:14:53] /a 10
[4/2/2017 23:14:54] /a 10
[4/2/2017 23:14:56] /a 10
[4/2/2017 23:14:56] /a 10
[4/2/2017 23:14:57] /a 10
[4/2/2017 23:14:59] /a 10
[4/2/2017 23:14:59] /a 10
[4/2/2017 23:15:0] /a 10
[4/2/2017 23:15:1] /a 10
[4/2/2017 23:15:1] /a 10
[4/2/2017 23:15:10] /t
[4/2/2017 23:15:56] /t
[4/2/2017 23:16:31] /bc green Quem poder convidar os amigos o team e ou a guild amigos oque poderem você estara colaborando para que o servidor permaneça online e que haja varias wars conto com vocês!
[4/2/2017 23:17:0] /bc green Quem poder convidar os amigos o team e ou a guild amigos oque poderem você estara colaborando para que o servidor permaneça online e que haja varias wars conto com vocês! DUVIDAS HELP.
[4/2/2017 23:17:2] /bc green Quem poder convidar os amigos o team e ou a guild amigos oque poderem você estara colaborando para que o servidor permaneça online e que haja varias wars conto com vocês! DUVIDAS HELP.
[4/2/2017 23:17:2] /bc green Quem poder convidar os amigos o team e ou a guild amigos oque poderem você estara colaborando para que o servidor permaneça online e que haja varias wars conto com vocês! DUVIDAS HELP.
[4/2/2017 23:17:3] /bc green Quem poder convidar os amigos o team e ou a guild amigos oque poderem você estara colaborando para que o servidor permaneça online e que haja varias wars conto com vocês! DUVIDAS HELP.
[4/2/2017 23:17:3] /bc green Quem poder convidar os amigos o team e ou a guild amigos oque poderem você estara colaborando para que o servidor permaneça online e que haja varias wars conto com vocês! DUVIDAS HELP.
[4/2/2017 23:17:3] /bc green Quem poder convidar os amigos o team e ou a guild amigos oque poderem você estara colaborando para que o servidor permaneça online e que haja varias wars conto com vocês! DUVIDAS HELP.
[4/2/2017 23:19:10] /up
[4/2/2017 23:19:17] /down
[4/2/2017 23:20:52] /bc green Quem poder convidar os amigos o team e ou a guild amigos oque poderem você estara colaborando para que o servidor permaneça online e que haja varias wars conto com vocês! DUVIDAS HELP.
[4/2/2017 23:20:57] /bc green Quem poder convidar os amigos o team e ou a guild amigos oque poderem você estara colaborando para que o servidor permaneça online e que haja varias wars conto com vocês! DUVIDAS HELP.
[4/2/2017 23:26:8] /a 1
[4/2/2017 23:26:11] /a 10
[4/2/2017 23:26:12] /a 10
[4/2/2017 23:26:13] /a 10
[4/2/2017 23:26:14] /a 10
[4/2/2017 23:26:15] /a 10
[4/2/2017 23:26:15] /a 10
[4/2/2017 23:26:15] /a 10
[4/2/2017 23:26:16] /a 10
[4/2/2017 23:26:16] /a 10
[4/2/2017 23:26:16] /a 10
[4/2/2017 23:26:17] /a 10
[4/2/2017 23:26:17] /a 10
[4/2/2017 23:26:17] /a 10
[4/2/2017 23:26:18] /a 10
[4/2/2017 23:26:18] /a 10
[4/2/2017 23:26:18] /a 10
[4/2/2017 23:26:20] /a 10
[4/2/2017 23:26:20] /a 10
[4/2/2017 23:26:20] /a 10
[4/2/2017 23:26:21] /a 10
[4/2/2017 23:26:22] /a 10
[4/2/2017 23:26:22] /a 10
[4/2/2017 23:26:22] /a 10
[4/2/2017 23:26:23] /a 10
[4/2/2017 23:26:24] /a 10
[4/2/2017 23:26:27] /a 10
[4/2/2017 23:26:30] /a 10
[4/2/2017 23:26:30] /a 10
[4/2/2017 23:26:32] /a 10
[4/2/2017 23:26:32] /a 10
[4/2/2017 23:26:36] /a 10
[4/2/2017 23:28:20] /t
[4/2/2017 23:29:7] /bc green Quem poder convidar os amigos o team e ou a guild amigos oque poderem você estara colaborando para que o servidor permaneça online e que haja varias wars conto com vocês! DUVIDAS HELP.
[4/2/2017 23:29:7] /bc green Quem poder convidar os amigos o team e ou a guild amigos oque poderem você estara colaborando para que o servidor permaneça online e que haja varias wars conto com vocês! DUVIDAS HELP.
[4/2/2017 23:29:8] /bc green Quem poder convidar os amigos o team e ou a guild amigos oque poderem você estara colaborando para que o servidor permaneça online e que haja varias wars conto com vocês! DUVIDAS HELP.
[4/2/2017 23:29:9] /bc green Quem poder convidar os amigos o team e ou a guild amigos oque poderem você estara colaborando para que o servidor permaneça online e que haja varias wars conto com vocês! DUVIDAS HELP.
[4/2/2017 23:29:58] /goto help rbot
[4/2/2017 23:31:3] /up
[4/2/2017 23:31:9] /goto help rbot
[4/2/2017 23:31:14] /up
[4/2/2017 23:31:15] /up
[4/2/2017 23:31:20] /c help rbot
[4/2/2017 23:31:29] /a 5
[4/2/2017 23:31:35] /a 2
[4/2/2017 23:31:38] /c help rbot
[4/2/2017 23:31:48] /t
[4/2/2017 23:32:37] /a 10
[4/2/2017 23:32:37] /a 10
[4/2/2017 23:32:37] /a 10
[4/2/2017 23:32:38] /a 10
[4/2/2017 23:33:1] /goto help rbot
[4/2/2017 23:33:7] /t
[4/2/2017 23:33:11] /up
[4/2/2017 23:33:15] /up
[4/2/2017 23:33:18] /c adm rbot
[4/2/2017 23:33:25] /c help rbot
[4/2/2017 23:33:45] /ghost
[4/2/2017 23:34:38] /down
[4/2/2017 23:34:38] /down
[4/2/2017 23:35:39] /up
[4/2/2017 23:35:39] /up
[4/2/2017 23:35:41] /up
[4/2/2017 23:35:44] /up
[4/2/2017 23:35:48] /c Renovationn
[4/2/2017 23:36:58] /t
[4/2/2017 23:37:6] /c Renovationn
[4/2/2017 23:38:26] /bc green Quem poder convidar os amigos o team e ou a guild amigos oque poderem você estara colaborando para que o servidor permaneça online e que haja varias wars conto com vocês! DUVIDAS HELP.
[4/2/2017 23:38:27] /bc green Quem poder convidar os amigos o team e ou a guild amigos oque poderem você estara colaborando para que o servidor permaneça online e que haja varias wars conto com vocês! DUVIDAS HELP.
[4/2/2017 23:38:27] /bc green Quem poder convidar os amigos o team e ou a guild amigos oque poderem você estara colaborando para que o servidor permaneça online e que haja varias wars conto com vocês! DUVIDAS HELP.
[4/2/2017 23:38:28] /bc green Quem poder convidar os amigos o team e ou a guild amigos oque poderem você estara colaborando para que o servidor permaneça online e que haja varias wars conto com vocês! DUVIDAS HELP.
[4/2/2017 23:38:28] /bc green Quem poder convidar os amigos o team e ou a guild amigos oque poderem você estara colaborando para que o servidor permaneça online e que haja varias wars conto com vocês! DUVIDAS HELP.
[4/2/2017 23:39:0] /goto Renovationn
[4/2/2017 23:46:48] /up
[4/2/2017 23:46:49] /up
[4/2/2017 23:46:49] /up
[4/2/2017 23:46:50] /up
[4/2/2017 23:47:44] /mkick
[4/2/2017 23:48:3] /ghost
[4/2/2017 23:48:4] /t
[4/2/2017 23:48:9] /mkick 5,5
[4/2/2017 23:48:17] /mkick 100,100
[4/2/2017 23:48:43] /up
[4/2/2017 23:48:44] /up
[4/2/2017 23:48:44] /up
[4/2/2017 23:48:47] /up
[4/2/2017 23:48:51] /squelch
[4/2/2017 23:48:56] /squelch
[4/2/2017 23:49:3] /squelch
[4/2/2017 23:49:9] /cliport
[4/2/2017 23:49:34] /town
[4/2/2017 23:49:41] /town Team azul lol 
[4/2/2017 23:49:51] /c help rbot
[4/2/2017 23:50:11] /wp
[4/2/2017 23:51:17] /reports
[4/2/2017 23:51:18] /t
[4/2/2017 23:51:24] /c help rbot
[4/2/2017 23:53:33] /bc green Quem poder convidar os amigos o team e ou a guild amigos oque poderem você estara colaborando para que o servidor permaneça online e que haja varias wars conto com vocês! DUVIDAS HELP.
[4/2/2017 23:53:34] /bc green Quem poder convidar os amigos o team e ou a guild amigos oque poderem você estara colaborando para que o servidor permaneça online e que haja varias wars conto com vocês! DUVIDAS HELP.
[4/2/2017 23:53:34] /bc green Quem poder convidar os amigos o team e ou a guild amigos oque poderem você estara colaborando para que o servidor permaneça online e que haja varias wars conto com vocês! DUVIDAS HELP.
[4/2/2017 23:53:34] /bc green Quem poder convidar os amigos o team e ou a guild amigos oque poderem você estara colaborando para que o servidor permaneça online e que haja varias wars conto com vocês! DUVIDAS HELP.
[4/2/2017 23:53:35] /bc green Quem poder convidar os amigos o team e ou a guild amigos oque poderem você estara colaborando para que o servidor permaneça online e que haja varias wars conto com vocês! DUVIDAS HELP.
[4/2/2017 23:53:35] /bc green Quem poder convidar os amigos o team e ou a guild amigos oque poderem você estara colaborando para que o servidor permaneça online e que haja varias wars conto com vocês! DUVIDAS HELP.
[5/2/2017 0:1:57] /bc green quem nao estiver no grupo: parsas do rbot e quiser passar o numero, é só enviar a um dos gms, que ele me repassará
[5/2/2017 0:2:0] /bc green quem nao estiver no grupo: parsas do rbot e quiser passar o numero, é só enviar a um dos gms, que ele me repassará
[5/2/2017 0:2:0] /bc green quem nao estiver no grupo: parsas do rbot e quiser passar o numero, é só enviar a um dos gms, que ele me repassará
[5/2/2017 0:2:0] /bc green quem nao estiver no grupo: parsas do rbot e quiser passar o numero, é só enviar a um dos gms, que ele me repassará
[5/2/2017 0:2:15] /bc green Quem poder convidar os amigos o team e ou a guild amigos oque poderem você estara colaborando para que o servidor permaneça online e que haja varias wars conto com vocês! DUVIDAS HELP.
[5/2/2017 0:2:15] /bc green Quem poder convidar os amigos o team e ou a guild amigos oque poderem você estara colaborando para que o servidor permaneça online e que haja varias wars conto com vocês! DUVIDAS HELP.
[5/2/2017 0:2:16] /bc green Quem poder convidar os amigos o team e ou a guild amigos oque poderem você estara colaborando para que o servidor permaneça online e que haja varias wars conto com vocês! DUVIDAS HELP.
[5/2/2017 0:2:16] /bc green Quem poder convidar os amigos o team e ou a guild amigos oque poderem você estara colaborando para que o servidor permaneça online e que haja varias wars conto com vocês! DUVIDAS HELP.
[5/2/2017 0:2:17] /bc green Quem poder convidar os amigos o team e ou a guild amigos oque poderem você estara colaborando para que o servidor permaneça online e que haja varias wars conto com vocês! DUVIDAS HELP.
[5/2/2017 0:2:47] /bc green Quem poder convidar os amigos o team e ou a guild amigos oque poderem você estara colaborando para que o servidor permaneça online e que haja varias wars conto com vocês! DUVIDAS HELP.
[5/2/2017 0:4:7] /bc green Quem tiver feito doação enviar email para rbotserv@gmail,com com o comprovante, se você é novo no servidor ou já tem um tempinho ajude a nos manter online convide amigos, guild, conhecidos isso estará ajudando muito o servidor TMJ!
[5/2/2017 0:5:39] /bc green Quem tiver feito doação enviar email para rbotserv@gmail,com com o comprovante, se você é novo no servidor ou já tem um tempinho ajude a nos manter online convide amigos, guild, conhecidos isso estará ajudando muito o servidor TMJ!
[5/2/2017 0:5:40] /bc green Quem tiver feito doação enviar email para rbotserv@gmail,com com o comprovante, se você é novo no servidor ou já tem um tempinho ajude a nos manter online convide amigos, guild, conhecidos isso estará ajudando muito o servidor TMJ!
[5/2/2017 0:5:41] /bc green Quem tiver feito doação enviar email para rbotserv@gmail,com com o comprovante, se você é novo no servidor ou já tem um tempinho ajude a nos manter online convide amigos, guild, conhecidos isso estará ajudando muito o servidor TMJ!
[5/2/2017 0:5:41] /bc green Quem tiver feito doação enviar email para rbotserv@gmail,com com o comprovante, se você é novo no servidor ou já tem um tempinho ajude a nos manter online convide amigos, guild, conhecidos isso estará ajudando muito o servidor TMJ!
[5/2/2017 0:6:46] /mkick 100,100
[5/2/2017 0:7:42] /bc green Quem tiver feito doação enviar email para rbotserv@gmail,com com o comprovante, se você é novo no servidor ou já tem um tempinho ajude a nos manter online convide amigos, guild, conhecidos isso estará ajudando muito o servidor TMJ!
[5/2/2017 0:7:44] /bc green Quem tiver feito doação enviar email para rbotserv@gmail,com com o comprovante, se você é novo no servidor ou já tem um tempinho ajude a nos manter online convide amigos, guild, conhecidos isso estará ajudando muito o servidor TMJ!
[5/2/2017 0:9:33] /up
[5/2/2017 0:9:34] /up
[5/2/2017 0:9:34] /up
[5/2/2017 0:9:35] /up
[5/2/2017 0:9:38] /ghost
[5/2/2017 0:9:39] /t
[5/2/2017 0:10:45] /town
[5/2/2017 0:10:51] /town Team vermelho Lol 
[5/2/2017 0:10:54] /c help rbot
[5/2/2017 0:11:40] /a 10
[5/2/2017 0:11:41] /a 10
[5/2/2017 0:11:42] /a 10
[5/2/2017 0:11:43] /a 10
[5/2/2017 0:11:43] /a 10
[5/2/2017 0:11:45] /a 10
[5/2/2017 0:11:46] /a 10
[5/2/2017 0:11:46] /a 10
[5/2/2017 0:11:49] /c help rbot
[5/2/2017 0:11:52] /t
[5/2/2017 0:11:53] /c help rbot
[5/2/2017 0:11:57] /ghost
[5/2/2017 0:12:22] /bc green Quem tiver feito doação enviar email para rbotserv@gmail,com com o comprovante, se você é novo no servidor ou já tem um tempinho ajude a nos manter online convide amigos, guild, conhecidos isso estará ajudando muito o servidor TMJ!
[5/2/2017 0:13:29] /bc green Quem tiver feito doação enviar email para rbotserv@gmail,com com o comprovante, se você é novo no servidor ou já tem um tempinho ajude a nos manter online convide amigos, guild, conhecidos isso estará ajudando muito o servidor TMJ!
[5/2/2017 0:13:50] /bc white Quem tiver feito doação enviar email para rbotserv@gmail,com com o comprovante, se você é novo no servidor ou já tem um tempinho ajude a nos manter online convide amigos, guild, conhecidos isso estará ajudando muito o servidor TMJ!
[5/2/2017 0:13:52] /bc white Quem tiver feito doação enviar email para rbotserv@gmail,com com o comprovante, se você é novo no servidor ou já tem um tempinho ajude a nos manter online convide amigos, guild, conhecidos isso estará ajudando muito o servidor TMJ!
[5/2/2017 0:13:53] /bc white Quem tiver feito doação enviar email para rbotserv@gmail,com com o comprovante, se você é novo no servidor ou já tem um tempinho ajude a nos manter online convide amigos, guild, conhecidos isso estará ajudando muito o servidor TMJ!
[5/2/2017 0:13:53] /bc white Quem tiver feito doação enviar email para rbotserv@gmail,com com o comprovante, se você é novo no servidor ou já tem um tempinho ajude a nos manter online convide amigos, guild, conhecidos isso estará ajudando muito o servidor TMJ!
[5/2/2017 0:13:54] /bc white Quem tiver feito doação enviar email para rbotserv@gmail,com com o comprovante, se você é novo no servidor ou já tem um tempinho ajude a nos manter online convide amigos, guild, conhecidos isso estará ajudando muito o servidor TMJ!
[5/2/2017 0:13:54] /bc white Quem tiver feito doação enviar email para rbotserv@gmail,com com o comprovante, se você é novo no servidor ou já tem um tempinho ajude a nos manter online convide amigos, guild, conhecidos isso estará ajudando muito o servidor TMJ!
[5/2/2017 0:13:55] /bc white Quem tiver feito doação enviar email para rbotserv@gmail,com com o comprovante, se você é novo no servidor ou já tem um tempinho ajude a nos manter online convide amigos, guild, conhecidos isso estará ajudando muito o servidor TMJ!
[5/2/2017 0:13:55] /bc white Quem tiver feito doação enviar email para rbotserv@gmail,com com o comprovante, se você é novo no servidor ou já tem um tempinho ajude a nos manter online convide amigos, guild, conhecidos isso estará ajudando muito o servidor TMJ!
[5/2/2017 0:13:56] /bc white Quem tiver feito doação enviar email para rbotserv@gmail,com com o comprovante, se você é novo no servidor ou já tem um tempinho ajude a nos manter online convide amigos, guild, conhecidos isso estará ajudando muito o servidor TMJ!
[5/2/2017 0:13:56] /bc white Quem tiver feito doação enviar email para rbotserv@gmail,com com o comprovante, se você é novo no servidor ou já tem um tempinho ajude a nos manter online convide amigos, guild, conhecidos isso estará ajudando muito o servidor TMJ!
[5/2/2017 0:13:56] /bc white Quem tiver feito doação enviar email para rbotserv@gmail,com com o comprovante, se você é novo no servidor ou já tem um tempinho ajude a nos manter online convide amigos, guild, conhecidos isso estará ajudando muito o servidor TMJ!
[5/2/2017 0:13:57] /bc white Quem tiver feito doação enviar email para rbotserv@gmail,com com o comprovante, se você é novo no servidor ou já tem um tempinho ajude a nos manter online convide amigos, guild, conhecidos isso estará ajudando muito o servidor TMJ!
[5/2/2017 0:13:57] /bc white Quem tiver feito doação enviar email para rbotserv@gmail,com com o comprovante, se você é novo no servidor ou já tem um tempinho ajude a nos manter online convide amigos, guild, conhecidos isso estará ajudando muito o servidor TMJ!
[5/2/2017 0:13:57] /bc white Quem tiver feito doação enviar email para rbotserv@gmail,com com o comprovante, se você é novo no servidor ou já tem um tempinho ajude a nos manter online convide amigos, guild, conhecidos isso estará ajudando muito o servidor TMJ!
[5/2/2017 0:15:11] /bc orange duvidas help
[5/2/2017 0:15:14] /bc orange duvidas help
[5/2/2017 0:15:15] /bc orange duvidas help
[5/2/2017 0:15:15] /bc orange duvidas help
[5/2/2017 0:15:16] /bc orange duvidas help
[5/2/2017 0:15:16] /bc orange duvidas help
[5/2/2017 0:15:26] /bc orange DUVIDAS HELP :)
[5/2/2017 0:15:27] /bc orange DUVIDAS HELP :)
[5/2/2017 0:15:27] /bc orange DUVIDAS HELP :)
[5/2/2017 0:15:42] /bc black DUVIDAS HELP :)
[5/2/2017 0:16:12] /bc DUVIDAS HELP :)
[5/2/2017 0:16:19] /bc DUVIDAS HELP :)
[5/2/2017 0:16:33] /bc green Quem tiver feito doação enviar email para rbotserv@gmail,com com o comprovante, se você é novo no servidor ou já tem um tempinho ajude a nos manter online convide amigos, guild, conhecidos isso estará ajudando muito o servidor TMJ!
[5/2/2017 0:17:22] /bc Quem tiver feito doação enviar email para rbotserv@gmail,com com o comprovante, se você é novo no servidor ou já tem um tempinho ajude a nos manter online convide amigos, guild, conhecidos isso estará ajudando muito o servidor TMJ!
[5/2/2017 0:18:11] /bc Quem tiver feito doação enviar email para rbotserv@gmail,com com o comprovante, se você é novo no servidor ou já tem um tempinho ajude a nos manter online convide amigos, guild, conhecidos isso estará ajudando muito o servidor TMJ!
[5/2/2017 0:19:40] /bc Quem tiver feito doação enviar email para rbotserv@gmail,com com o comprovante, se você é novo no servidor ou já tem um tempinho ajude a nos manter online convide amigos, guild, conhecidos isso estará ajudando muito o servidor TMJ!
[5/2/2017 0:20:33] /bc Quem tiver feito doação enviar email para rbotserv@gmail,com com o comprovante, se você é novo no servidor ou já tem um tempinho ajude a nos manter online convide amigos, guild, conhecidos isso estará ajudando muito o servidor TMJ!
[5/2/2017 0:21:23] /bc Quem tiver feito doação enviar email para rbotserv@gmail,com com o comprovante, se você é novo no servidor ou já tem um tempinho ajude a nos manter online convide amigos, guild, conhecidos isso estará ajudando muito o servidor TMJ!
[5/2/2017 0:21:32] /cliport
[5/2/2017 0:21:44] /bc Quem tiver feito doação enviar email para rbotserv@gmail,com com o comprovante, se você é novo no servidor ou já tem um tempinho ajude a nos manter online convide amigos, guild, conhecidos isso estará ajudando muito o servidor TMJ!
[5/2/2017 0:23:18] /a 10
[5/2/2017 0:23:22] /a 10
[5/2/2017 0:23:22] /a 10
[5/2/2017 0:23:23] /a 10
[5/2/2017 0:23:44] /a 10
[5/2/2017 0:23:45] /a 10
[5/2/2017 0:23:46] /a 10
[5/2/2017 0:23:46] /a 10
[5/2/2017 0:23:46] /a 10
[5/2/2017 0:23:47] /a 10
[5/2/2017 0:23:47] /a 10
[5/2/2017 0:23:49] /a 10
[5/2/2017 0:23:49] /a 10
[5/2/2017 0:23:51] /a 10
[5/2/2017 0:23:51] /a 10
[5/2/2017 0:24:7] /a 10
[5/2/2017 0:24:7] /a 10
[5/2/2017 0:24:10] /a 10
[5/2/2017 0:24:13] /a 10
[5/2/2017 0:24:14] /a 10
[5/2/2017 0:24:14] /a 10
[5/2/2017 0:24:16] /a 10
[5/2/2017 0:24:19] /a 10
[5/2/2017 0:24:19] /a 10
[5/2/2017 0:24:20] /a 10
[5/2/2017 0:24:20] /a 10
[5/2/2017 0:24:20] /a 10
[5/2/2017 0:24:22] /a 10
[5/2/2017 0:24:22] /a 10
[5/2/2017 0:24:24] /a 10
[5/2/2017 0:24:33] /a 10
[5/2/2017 0:24:34] /a 10
[5/2/2017 0:24:34] /a 10
[5/2/2017 0:24:35] /a 10
[5/2/2017 0:24:36] /a 10
[5/2/2017 0:24:37] /a 10
[5/2/2017 0:24:37] /a 10
[5/2/2017 0:24:42] /a 10
[5/2/2017 0:24:43] /a 10
[5/2/2017 0:24:43] /a 10
[5/2/2017 0:24:43] /a 10
[5/2/2017 0:24:44] /a 10
[5/2/2017 0:24:44] /a 10
[5/2/2017 0:24:44] /a 10
[5/2/2017 0:24:47] /a 10
[5/2/2017 0:24:49] /a 10
[5/2/2017 0:24:49] /a 10
[5/2/2017 0:24:49] /a 10
[5/2/2017 0:24:50] /a 10
[5/2/2017 0:24:50] /a 10
[5/2/2017 0:24:50] /a 10
[5/2/2017 0:24:51] /a 10
[5/2/2017 0:24:51] /a 10
[5/2/2017 0:24:52] /a 10
[5/2/2017 0:24:53] /a 10
[5/2/2017 0:24:58] /a 10
[5/2/2017 0:24:58] /a 10
[5/2/2017 0:24:59] /a 10
[5/2/2017 0:24:59] /a 10
[5/2/2017 0:25:1] /a 10
[5/2/2017 0:25:1] /a 10
[5/2/2017 0:25:3] /a 10
[5/2/2017 0:25:9] /a 10
[5/2/2017 0:25:9] /a 10
[5/2/2017 0:25:9] /a 10
[5/2/2017 0:25:11] /a 10
[5/2/2017 0:25:11] /a 10
[5/2/2017 0:25:13] /a 10
[5/2/2017 0:25:13] /a 10
[5/2/2017 0:25:13] /a 10
[5/2/2017 0:25:14] /a 10
[5/2/2017 0:25:14] /a 10
[5/2/2017 0:25:15] /a 10
[5/2/2017 0:25:16] /a 10
[5/2/2017 0:25:17] /a 10
[5/2/2017 0:25:17] /a 10
[5/2/2017 0:25:22] /a 10
[5/2/2017 0:25:22] /a 10
[5/2/2017 0:25:23] /a 10
[5/2/2017 0:25:23] /a 10
[5/2/2017 0:25:23] /a 10
[5/2/2017 0:25:25] /a 10
[5/2/2017 0:25:25] /a 10
[5/2/2017 0:25:38] /a 10
[5/2/2017 0:25:38] /a 10
[5/2/2017 0:25:39] /a 10
[5/2/2017 0:25:39] /a 10
[5/2/2017 0:25:39] /a 10
[5/2/2017 0:25:39] /a 10
[5/2/2017 0:25:42] /a 10
[5/2/2017 0:25:42] /a 10
[5/2/2017 0:25:42] /a 10
[5/2/2017 0:25:44] /a 10
[5/2/2017 0:25:44] /a 10
[5/2/2017 0:25:46] /a 10
[5/2/2017 0:25:46] /a 10
[5/2/2017 0:25:46] /a 10
[5/2/2017 0:25:46] /a 10
[5/2/2017 0:25:46] /a 10
[5/2/2017 0:25:47] /a 10
[5/2/2017 0:25:48] /a 10
[5/2/2017 0:25:48] /a 10
[5/2/2017 0:25:48] /a 10
[5/2/2017 0:25:48] /a 10
[5/2/2017 0:25:49] /a 10
[5/2/2017 0:25:49] /a 10
[5/2/2017 0:25:50] /a 10
[5/2/2017 0:25:50] /a 10
[5/2/2017 0:25:50] /a 10
[5/2/2017 0:25:52] /a 10
[5/2/2017 0:25:52] /a 10
[5/2/2017 0:25:52] /a 10
[5/2/2017 0:25:54] /a 10
[5/2/2017 0:25:56] /a 10
[5/2/2017 0:25:57] /a 10
[5/2/2017 0:25:58] /a 10
[5/2/2017 0:25:59] /a 10
[5/2/2017 0:26:0] /a 10
[5/2/2017 0:26:1] /a 10
[5/2/2017 0:26:1] /a 10
[5/2/2017 0:26:6] /a 10
[5/2/2017 0:26:12] /a 10
[5/2/2017 0:26:12] /a 10
[5/2/2017 0:26:14] /a 10
[5/2/2017 0:26:14] /a 10
[5/2/2017 0:26:27] /a 10
[5/2/2017 0:26:29] /a 10
[5/2/2017 0:26:29] /a 10
[5/2/2017 0:26:29] /a 10
[5/2/2017 0:26:29] /a 10
[5/2/2017 0:26:30] /a 10
[5/2/2017 0:26:35] /a 10
[5/2/2017 0:26:36] /a 10
[5/2/2017 0:26:40] /a 10
[5/2/2017 0:26:41] /a 10
[5/2/2017 0:26:46] /a 10
[5/2/2017 0:26:47] /a 10
[5/2/2017 0:26:50] /a 10
[5/2/2017 0:26:50] /a 10
[5/2/2017 0:26:53] /a 10
[5/2/2017 0:26:53] /a 10
[5/2/2017 0:26:55] /a 10
[5/2/2017 0:26:55] /a 10
[5/2/2017 0:26:55] /a 10
[5/2/2017 0:26:56] /a 10
[5/2/2017 0:27:3] /a 10
[5/2/2017 0:27:3] /a 10
[5/2/2017 0:27:5] /a 10
[5/2/2017 0:27:5] /a 10
[5/2/2017 0:27:6] /a 10
[5/2/2017 0:27:9] /a 10
[5/2/2017 0:27:9] /a 10
[5/2/2017 0:27:10] /a 10
[5/2/2017 0:27:10] /a 10
[5/2/2017 0:27:11] /a 10
[5/2/2017 0:27:11] /a 10
[5/2/2017 0:27:11] /a 10
[5/2/2017 0:27:12] /a 10
[5/2/2017 0:27:32] /a 10
[5/2/2017 0:27:33] /a 10
[5/2/2017 0:27:34] /a 10
[5/2/2017 0:28:45] /a 10
[5/2/2017 0:28:46] /a 10
[5/2/2017 0:28:46] /a 10
[5/2/2017 0:28:49] /a 10
[5/2/2017 0:28:49] /a 10
[5/2/2017 0:28:49] /a 10
[5/2/2017 0:28:50] /a 10
[5/2/2017 0:28:50] /a 10
[5/2/2017 0:28:50] /a 10
[5/2/2017 0:28:50] /a 10
[5/2/2017 0:28:51] /a 10
[5/2/2017 0:29:9] /t
[5/2/2017 0:29:57] /cliport
[5/2/2017 0:30:59] /a 1
[5/2/2017 0:31:1] /a 1
[5/2/2017 0:31:1] /a 1
[5/2/2017 0:31:4] /a 10
[5/2/2017 0:31:6] /c help rbot
[5/2/2017 0:31:8] /a 10
[5/2/2017 0:31:9] /a 10
[5/2/2017 0:31:10] /a 10
[5/2/2017 0:31:11] /c help rbot
[5/2/2017 0:31:12] /a 10
[5/2/2017 0:31:12] /a 10
[5/2/2017 0:31:13] /a 10
[5/2/2017 0:31:14] /a 10
[5/2/2017 0:31:14] /a 10
[5/2/2017 0:31:15] /c help rbot
[5/2/2017 0:31:17] /a 10
[5/2/2017 0:31:18] /a 10
[5/2/2017 0:31:19] /a 10
[5/2/2017 0:31:20] /a 10
[5/2/2017 0:31:21] /c help rbot
[5/2/2017 0:32:5] /t
[5/2/2017 0:32:36] /c help rbot
[5/2/2017 0:32:58] /ghost
[5/2/2017 0:36:10] /ghost
[5/2/2017 0:36:11] /t
[5/2/2017 0:40:14] /ghost
[5/2/2017 0:40:20] /bc DUVIDAS HELP
[5/2/2017 0:40:28] /bc orange DUVIDAS HELP
[5/2/2017 0:40:29] /bc orange DUVIDAS HELP
[5/2/2017 0:40:29] /bc orange DUVIDAS HELP
[5/2/2017 0:40:29] /bc orange DUVIDAS HELP
[5/2/2017 0:40:30] /bc orange DUVIDAS HELP
[5/2/2017 0:40:32] /bc orange DUVIDAS HELP
[5/2/2017 0:40:32] /bc orange DUVIDAS HELP
[5/2/2017 0:40:32] /bc orange DUVIDAS HELP
[5/2/2017 0:43:21] /bc orange DUVIDAS HELP
[5/2/2017 0:43:21] /bc orange DUVIDAS HELP
[5/2/2017 0:43:22] /bc orange DUVIDAS HELP
[5/2/2017 0:43:22] /bc orange DUVIDAS HELP
[5/2/2017 0:43:24] /bc orange DUVIDAS HELP
[5/2/2017 0:43:24] /bc orange DUVIDAS HELP
[5/2/2017 0:43:25] /bc orange DUVIDAS HELP
[5/2/2017 0:43:25] /bc orange DUVIDAS HELP
[5/2/2017 0:43:25] /bc orange DUVIDAS HELP
[5/2/2017 0:43:26] /bc orange DUVIDAS HELP
[5/2/2017 0:43:26] /bc orange DUVIDAS HELP
[5/2/2017 0:43:31] /bc DUVIDAS HELP
[5/2/2017 0:43:31] /bc DUVIDAS HELP
[5/2/2017 0:43:32] /bc DUVIDAS HELP
[5/2/2017 0:43:33] /bc DUVIDAS HELP
[5/2/2017 0:47:0] /bc orange DUVIDAS HELP
[5/2/2017 0:47:2] /bc DUVIDAS HELP
[5/2/2017 0:47:3] /bc orange DUVIDAS HELP
[5/2/2017 0:47:4] /bc DUVIDAS HELP
[5/2/2017 0:48:39] /bc orange DUVIDAS HELP
[5/2/2017 0:48:40] /bc DUVIDAS HELP
[5/2/2017 0:48:41] /bc orange DUVIDAS HELP
[5/2/2017 0:48:42] /bc DUVIDAS HELP
[5/2/2017 0:49:31] /bc orange DUVIDAS HELP
[5/2/2017 0:49:32] /bc DUVIDAS HELP
[5/2/2017 0:51:50] /squelch
[5/2/2017 0:52:54] /squelch
[5/2/2017 0:53:6] /b Duvidas perguntar no help, não respondo pm!
[5/2/2017 0:53:41] /ghost
[5/2/2017 0:54:2] /a 2
[5/2/2017 0:54:3] /a 1
[5/2/2017 0:54:7] /ghost
[5/2/2017 0:54:32] /a 
[5/2/2017 0:54:33] /a 
[5/2/2017 0:56:6] /a 1
[5/2/2017 0:56:6] /a 1
[5/2/2017 0:58:30] /c help rbot
[5/2/2017 0:59:47] /b Duvidas perguntar no help, não respondo pm!
[5/2/2017 1:0:0] /bc gogo evento galera
[5/2/2017 1:0:3] /bc gogo evento galera
[5/2/2017 1:0:4] /ghost
[5/2/2017 1:0:14] /ghost
[5/2/2017 1:2:52] /bc GOGO EVENTO GALERA!!
[5/2/2017 1:3:12] /goto dante
[5/2/2017 1:3:15] /c help rbot
[5/2/2017 1:3:26] /ghost
[5/2/2017 1:3:50] /ghost
[5/2/2017 1:4:29] /cliport
[5/2/2017 1:4:35] /ghost
[5/2/2017 1:4:36] /goto dante
[5/2/2017 1:4:50] /goto dante
[5/2/2017 1:4:52] /c help rbot
[5/2/2017 1:5:15] /c help rbot
[5/2/2017 1:5:27] /a 2
[5/2/2017 1:5:37] /a 5
[5/2/2017 1:5:38] /a 5
[5/2/2017 1:5:50] /ghost
[5/2/2017 1:6:37] /goto dante
[5/2/2017 1:7:22] /t
[5/2/2017 1:9:38] /c cyclop
[5/2/2017 1:10:7] /kick leonardo
[5/2/2017 1:12:31] /bc VAMOS CHAMAR OS AMIGOS GALEEEERRRAAAA
[5/2/2017 1:16:34] /bc vamo lá galera animar o servidor com mais players! Chapado [353]: UMA DICA PARA LOTAR E CADA PLAYER ABRIR 3 MC, ASSIM ESTANDO ACIMA DE 70 PLAYER ONLINE, JA VAI SER VISTO NA OT LIST E COMEÇA LOTAR
[5/2/2017 1:16:44] /bc vamo lá galera animar o servidor com mais players! Chapado [353]: UMA DICA PARA LOTAR E CADA PLAYER ABRIR 3 MC, ASSIM ESTANDO ACIMA DE 70 PLAYER ONLINE, JA VAI SER VISTO NA OT LIST E COMEÇA LOTAR
[5/2/2017 1:16:44] /bc vamo lá galera animar o servidor com mais players! Chapado [353]: UMA DICA PARA LOTAR E CADA PLAYER ABRIR 3 MC, ASSIM ESTANDO ACIMA DE 70 PLAYER ONLINE, JA VAI SER VISTO NA OT LIST E COMEÇA LOTAR
[5/2/2017 1:16:45] /bc vamo lá galera animar o servidor com mais players! Chapado [353]: UMA DICA PARA LOTAR E CADA PLAYER ABRIR 3 MC, ASSIM ESTANDO ACIMA DE 70 PLAYER ONLINE, JA VAI SER VISTO NA OT LIST E COMEÇA LOTAR
[5/2/2017 1:16:45] /bc vamo lá galera animar o servidor com mais players! Chapado [353]: UMA DICA PARA LOTAR E CADA PLAYER ABRIR 3 MC, ASSIM ESTANDO ACIMA DE 70 PLAYER ONLINE, JA VAI SER VISTO NA OT LIST E COMEÇA LOTAR
[5/2/2017 1:17:19] /a 1
[5/2/2017 1:17:24] /c help rbot
[5/2/2017 1:17:25] /ghost
[5/2/2017 1:18:49] /bc GoGo galera wand of baiak 3 melhor quest do servidor, tem gente nela!
[5/2/2017 1:18:59] /bc GoGo galera wand of baiak 3 melhor arma do servidor, tem gente nela!
[5/2/2017 1:19:1] /bc GoGo galera wand of baiak 3 melhor arma do servidor, tem gente nela!
[5/2/2017 1:19:2] /bc GoGo galera wand of baiak 3 melhor arma do servidor, tem gente nela!
[5/2/2017 1:19:3] /bc GoGo galera wand of baiak 3 melhor arma do servidor, tem gente nela!
[5/2/2017 1:20:19] /ghost
[5/2/2017 1:20:34] /bc GoGo galera wand of baiak 3 melhor arma do servidor, tem 3 players nela!
[5/2/2017 1:21:2] /a 1
[5/2/2017 1:21:4] /a 1
[5/2/2017 1:21:49] /a 1
[5/2/2017 1:21:49] /a 1
[5/2/2017 1:21:49] /a 1
[5/2/2017 1:21:49] /a 1
[5/2/2017 1:21:50] /a 1
[5/2/2017 1:21:50] /a 1
[5/2/2017 1:23:27] /squelch
[5/2/2017 1:23:41] /c Renovationn
[5/2/2017 1:23:46] /c maker eoq
[5/2/2017 1:24:43] /c leo multidao
[5/2/2017 1:24:52] /c renovationn
[5/2/2017 1:25:2] /c flash on
[5/2/2017 1:25:9] /c flash go
[5/2/2017 1:25:47] /c renovationn
[5/2/2017 1:27:11] /c Massive Energy Elemental
[5/2/2017 1:27:14] /c Massive Energy Elemental
[5/2/2017 1:27:37] /c leonardo
[5/2/2017 1:27:43] /c maker eoq
[5/2/2017 1:28:2] /c Renovationn
[5/2/2017 1:28:11] /c leo multidao
[5/2/2017 1:28:24] /c flash go
[5/2/2017 1:30:0] /c Massive Energy Elemental
[5/2/2017 1:30:7] /c Massive Energy Elemental
[5/2/2017 1:30:9] /c Massive Energy Elemental
[5/2/2017 1:30:9] /c Massive Energy Elemental
[5/2/2017 1:30:9] /c Massive Energy Elemental
[5/2/2017 1:30:10] /c Massive Energy Elemental
[5/2/2017 1:30:10] /c Massive Energy Elemental
[5/2/2017 1:30:11] /c Massive Energy Elemental
[5/2/2017 1:30:12] /c Massive Energy Elemental
[5/2/2017 1:30:14] /c Massive Energy Elemental
[5/2/2017 1:30:15] /c Massive Energy Elemental
[5/2/2017 1:30:15] /c Massive Energy Elemental
[5/2/2017 1:30:16] /c Massive Energy Elemental
[5/2/2017 1:30:16] /c Massive Energy Elemental
[5/2/2017 1:30:16] /c Massive Energy Elemental
[5/2/2017 1:30:17] /c Massive Energy Elemental
[5/2/2017 1:30:17] /c Massive Energy Elemental
[5/2/2017 1:30:18] /c Massive Energy Elemental
[5/2/2017 1:30:20] /a 1
[5/2/2017 1:30:20] /a 1
[5/2/2017 1:30:46] /c Ribeirinho Ot
[5/2/2017 1:30:48] /c dante
[5/2/2017 1:32:3] /c leonardo
[5/2/2017 1:32:27] /a 1
[5/2/2017 1:32:27] /a 1
[5/2/2017 1:32:29] /a 1
[5/2/2017 1:32:29] /a 1
[5/2/2017 1:32:30] /a 1
[5/2/2017 1:32:30] /a 1
[5/2/2017 1:32:33] /a 1
[5/2/2017 1:32:34] /a 1
[5/2/2017 1:32:34] /a 1
[5/2/2017 1:32:34] /a 1
[5/2/2017 1:32:38] /c help rbot
[5/2/2017 1:33:19] /c help rbot
[5/2/2017 1:33:22] /a 1
[5/2/2017 1:33:22] /a 1
[5/2/2017 1:33:22] /a 1
[5/2/2017 1:33:23] /a 1
[5/2/2017 1:33:23] /a 1
[5/2/2017 1:33:24] /c help rbot
[5/2/2017 1:33:41] /a 10
[5/2/2017 1:33:43] /a 10
[5/2/2017 1:33:44] /a 10
[5/2/2017 1:33:45] /a 10
[5/2/2017 1:33:46] /a 10
[5/2/2017 1:33:47] /c help rbot
[5/2/2017 1:33:48] /a 10
[5/2/2017 1:33:49] /c help rbot
[5/2/2017 1:33:50] /a 10
[5/2/2017 1:33:50] /c help rbot
[5/2/2017 1:33:51] /a 10
[5/2/2017 1:33:51] /c help rbot
[5/2/2017 1:33:52] /a 10
[5/2/2017 1:33:52] /c help rbot
[5/2/2017 1:33:53] /a 10
[5/2/2017 1:33:53] /c help rbot
[5/2/2017 1:33:54] /a 10
[5/2/2017 1:33:54] /c help rbot
[5/2/2017 1:33:55] /a 10
[5/2/2017 1:33:55] /c help rbot
[5/2/2017 1:33:56] /a 10
[5/2/2017 1:33:56] /c help rbot
[5/2/2017 1:33:57] /a 10
[5/2/2017 1:33:57] /c help rbot
[5/2/2017 1:34:1] /a 10
[5/2/2017 1:34:2] /a 10
[5/2/2017 1:34:2] /a 10
[5/2/2017 1:34:2] /a 10
[5/2/2017 1:34:3] /a 10
[5/2/2017 1:34:3] /a 10
[5/2/2017 1:34:3] /a 10
[5/2/2017 1:34:3] /a 10
[5/2/2017 1:34:4] /a 10
[5/2/2017 1:34:4] /a 10
[5/2/2017 1:34:5] /a 10
[5/2/2017 1:34:6] /a 10
[5/2/2017 1:34:10] /c help rbot
[5/2/2017 1:34:15] /a 1
[5/2/2017 1:34:16] /a 1
[5/2/2017 1:34:16] /a 1
[5/2/2017 1:34:16] /a 1
[5/2/2017 1:34:17] /a 1
[5/2/2017 1:34:35] /a 1
[5/2/2017 1:34:36] /a 1
[5/2/2017 1:35:1] /a 1
[5/2/2017 1:35:2] /a 1
[5/2/2017 1:35:3] /a 1
[5/2/2017 1:35:3] /a 1
[5/2/2017 1:35:3] /a 1
[5/2/2017 1:35:7] /a 1
[5/2/2017 1:35:9] /a 1
[5/2/2017 1:35:12] /c leonardo
[5/2/2017 1:35:13] /c leonardo
[5/2/2017 1:35:13] /c leonardo
[5/2/2017 1:35:13] /c leonardo
[5/2/2017 1:35:14] /c leonardo
[5/2/2017 1:35:29] /a 1
[5/2/2017 1:35:31] /c dante
[5/2/2017 1:35:35] /c dante
[5/2/2017 1:36:41] /c help rbot
[5/2/2017 1:37:34] /a 1
[5/2/2017 1:37:35] /a 1
[5/2/2017 1:37:35] /a 1
[5/2/2017 1:38:7] /a 1
[5/2/2017 1:38:7] /a 1
[5/2/2017 1:38:8] /a 1
[5/2/2017 1:38:11] /c help rbot
[5/2/2017 1:38:12] /a 1
[5/2/2017 1:39:51] /c Massive Earth Elemental
[5/2/2017 1:39:52] /c Massive Earth Elemental
[5/2/2017 1:39:56] /c Massive Earth Elemental
[5/2/2017 1:39:59] /goto leonardo
[5/2/2017 1:40:6] /a 1
[5/2/2017 1:40:53] /a 1
[5/2/2017 1:41:51] /c leonardo
[5/2/2017 1:41:54] /c leonardo
[5/2/2017 1:43:30] /a 1
[5/2/2017 1:43:30] /a 1
[5/2/2017 1:43:31] /a 1
[5/2/2017 1:44:11] /c Massive Earth Elemental
[5/2/2017 1:44:16] /c Renovationn
[5/2/2017 1:44:19] /a 2
[5/2/2017 1:44:20] /a 2
[5/2/2017 1:44:20] /a 2
[5/2/2017 1:44:21] /a 2
[5/2/2017 1:44:21] /a 2
[5/2/2017 1:44:22] /a 2
[5/2/2017 1:45:7] /a 1
[5/2/2017 1:45:8] /a 1
[5/2/2017 1:45:12] /c dante
[5/2/2017 1:45:15] /a 5
[5/2/2017 1:45:15] /a 5
[5/2/2017 1:45:15] /a 5
[5/2/2017 1:45:16] /a 5
[5/2/2017 1:45:16] /a 5
[5/2/2017 1:45:17] /a 5
[5/2/2017 1:46:33] /c help rbot
[5/2/2017 1:46:38] /ghost
[5/2/2017 1:46:45] /a 1
[5/2/2017 1:46:46] /a 1
[5/2/2017 1:46:46] /a 1
[5/2/2017 1:46:46] /a 1
[5/2/2017 1:46:47] /a 1
[5/2/2017 1:46:48] /a 1
[5/2/2017 1:46:49] /a 1
[5/2/2017 1:46:49] /a 1
[5/2/2017 1:46:50] /a 1
[5/2/2017 1:46:50] /a 1
[5/2/2017 1:46:50] /a 1
[5/2/2017 1:46:50] /a 1
[5/2/2017 1:46:51] /a 1
[5/2/2017 1:46:51] /a 1
[5/2/2017 1:46:51] /a 1
[5/2/2017 1:46:52] /a 1
[5/2/2017 1:46:52] /a 1
[5/2/2017 1:46:53] /a 1
[5/2/2017 1:46:54] /a 1
[5/2/2017 1:48:17] /ghost
[5/2/2017 1:48:28] /t
[5/2/2017 1:49:21] /ghost
[5/2/2017 1:49:22] /goto dante
[5/2/2017 1:49:25] /c help rbot
[5/2/2017 1:49:30] /a 5
[5/2/2017 1:49:31] /a 5
[5/2/2017 1:49:31] /a 5
[5/2/2017 1:49:37] /c help rbot
[5/2/2017 1:51:18] /goto help rbot
[5/2/2017 1:52:29] /a 5
[5/2/2017 1:52:32] /a 5
[5/2/2017 1:52:36] /a 1
[5/2/2017 1:52:37] /a 1
[5/2/2017 1:52:37] /a 1
[5/2/2017 1:52:37] /a 1
[5/2/2017 1:52:39] /a 1
[5/2/2017 1:52:39] /a 1
[5/2/2017 1:52:57] /c Massive Fire Elemental
[5/2/2017 1:53:16] /c help rbot
[5/2/2017 1:53:21] /c help rbot
[5/2/2017 1:55:3] /c renovationn
[5/2/2017 1:55:19] /c leonardo
[5/2/2017 1:56:11] /ghost
[5/2/2017 1:56:41] /c dante
[5/2/2017 1:57:56] /c dante
[5/2/2017 1:57:59] /c dante
[5/2/2017 1:58:2] /a 1
[5/2/2017 1:58:3] /c dante
[5/2/2017 1:58:7] /c leonardo
[5/2/2017 1:58:28] /a 1
[5/2/2017 1:58:29] /a 1
[5/2/2017 1:58:30] /c leonardo
[5/2/2017 1:58:35] /a 1
[5/2/2017 1:58:35] /a 1
[5/2/2017 1:58:36] /a 1
[5/2/2017 1:58:36] /a 1
[5/2/2017 1:58:43] /a 1
[5/2/2017 1:58:43] /a 1
[5/2/2017 1:58:45] /a 1
[5/2/2017 1:58:46] /a 1
[5/2/2017 1:58:47] /a 1
[5/2/2017 1:58:48] /a 1
[5/2/2017 1:58:49] /a 1
[5/2/2017 1:58:49] /a 1
[5/2/2017 1:58:51] /a 1
[5/2/2017 2:0:25] /c dante
[5/2/2017 2:0:27] /c leonardo
[5/2/2017 2:0:45] /c leonardo
[5/2/2017 2:0:47] /c leonardo
[5/2/2017 2:1:14] /a 1
[5/2/2017 2:1:15] /a 1
[5/2/2017 2:1:15] /a 1
[5/2/2017 2:1:16] /a 1
[5/2/2017 2:1:16] /a 1
[5/2/2017 2:1:16] /a 1
[5/2/2017 2:1:17] /a 1
[5/2/2017 2:1:17] /a 1
[5/2/2017 2:1:23] /a 1
[5/2/2017 2:1:24] /a 1
[5/2/2017 2:1:24] /a 1
[5/2/2017 2:1:25] /a 1
[5/2/2017 2:2:11] /a 5
[5/2/2017 2:2:11] /a 5
[5/2/2017 2:2:12] /a 5
[5/2/2017 2:2:16] /c revolutionn
[5/2/2017 2:2:17] /c revolutionn
[5/2/2017 2:2:39] /c Renovationn
[5/2/2017 2:2:40] /c Renovationn
[5/2/2017 2:2:43] /c Renovationn
[5/2/2017 2:2:46] /c Renovationn
[5/2/2017 2:3:6] /t
[5/2/2017 2:5:30] /kick dante
[5/2/2017 2:5:47] /ghost
[5/2/2017 2:9:45] /a 1
[5/2/2017 2:9:50] /t
[5/2/2017 2:11:47] /bc green Se cada um poder logar 1 mc ou mais já ajuda o servidor!!!!!!!!!
[5/2/2017 2:11:48] /bc green Se cada um poder logar 1 mc ou mais já ajuda o servidor!!!!!!!!!
[5/2/2017 2:11:49] /bc green Se cada um poder logar 1 mc ou mais já ajuda o servidor!!!!!!!!!
[5/2/2017 2:11:49] /bc green Se cada um poder logar 1 mc ou mais já ajuda o servidor!!!!!!!!!
[5/2/2017 2:11:50] /bc green Se cada um poder logar 1 mc ou mais já ajuda o servidor!!!!!!!!!
[5/2/2017 2:11:50] /bc green Se cada um poder logar 1 mc ou mais já ajuda o servidor!!!!!!!!!
[5/2/2017 2:11:50] /bc green Se cada um poder logar 1 mc ou mais já ajuda o servidor!!!!!!!!!
[5/2/2017 2:11:51] /bc green Se cada um poder logar 1 mc ou mais já ajuda o servidor!!!!!!!!!
[5/2/2017 2:13:8] /bc green Se cada um poder logar 1 mc ou mais já ajuda na divulgação do servidor!
[5/2/2017 2:13:10] /bc green Se cada um poder logar 1 mc ou mais já ajuda na divulgação do servidor!
[5/2/2017 2:13:11] /bc green Se cada um poder logar 1 mc ou mais já ajuda na divulgação do servidor!
[5/2/2017 2:13:13] /bc green Se cada um poder logar 1 mc ou mais já ajuda na divulgação do servidor!
[5/2/2017 2:13:14] /bc green Se cada um poder logar 1 mc ou mais já ajuda na divulgação do servidor!
[5/2/2017 2:13:14] /bc green Se cada um poder logar 1 mc ou mais já ajuda na divulgação do servidor!
[5/2/2017 2:13:19] /goto nao sei
[5/2/2017 2:13:42] /ghost
[5/2/2017 2:14:51] /mc
[5/2/2017 2:15:0] /mc
[5/2/2017 2:15:10] /mc
[5/2/2017 2:15:56] /ghost
[5/2/2017 2:16:14] /t
[5/2/2017 2:33:21] /goto marshmellow
[5/2/2017 2:33:28] /goto nao sei
[5/2/2017 2:33:33] /ghost
[5/2/2017 2:40:39] /goto help rbot
[5/2/2017 2:41:28] /t
[5/2/2017 2:43:52] /town 1
[5/2/2017 2:43:53] /town 2
[5/2/2017 2:43:55] /town 3
[5/2/2017 2:43:55] /town 4
[5/2/2017 2:43:56] /town 5
[5/2/2017 2:43:58] /town 4
[5/2/2017 2:43:59] /town 5
[5/2/2017 2:44:0] /town 5
[5/2/2017 2:44:1] /town 6
[5/2/2017 2:44:2] /town 7
[5/2/2017 2:44:3] /town 8
[5/2/2017 2:44:5] /town 9
[5/2/2017 2:44:8] /town 10
[5/2/2017 2:44:10] /town 11
[5/2/2017 2:44:11] /town 12
[5/2/2017 2:44:13] /town 12
[5/2/2017 2:44:13] /town 13
[5/2/2017 2:44:14] /town 14
[5/2/2017 2:44:15] /town 15
[5/2/2017 2:44:15] /town 16
[5/2/2017 2:44:16] /town 167
[5/2/2017 2:44:17] /town 17
[5/2/2017 2:44:19] /town 11
[5/2/2017 2:44:21] /town 10
[5/2/2017 2:44:24] /town 9
[5/2/2017 2:44:35] /ghost
[5/2/2017 2:44:37] /c nao sei
[5/2/2017 2:44:39] /t
[5/2/2017 2:44:40] /c nao sei
[5/2/2017 2:45:6] /a 
[5/2/2017 2:45:12] /a 
[5/2/2017 2:45:14] /a 
[5/2/2017 2:45:17] /a 
[5/2/2017 2:45:22] /a 
[5/2/2017 2:45:23] /a 
[5/2/2017 2:45:25] /a 
[5/2/2017 2:47:45] /a 
[5/2/2017 2:47:49] /a 
[5/2/2017 2:47:56] /a 
[5/2/2017 2:48:12] /a 
[5/2/2017 2:48:20] /a 
[5/2/2017 2:48:21] /a 
[5/2/2017 2:48:21] /a 
[5/2/2017 2:50:19] /ghost
[5/2/2017 2:52:17] /m kick 1,1
[5/2/2017 2:52:24] /mkick 1,1
[5/2/2017 2:52:27] /mkick 1,1
[5/2/2017 2:52:28] /mkick 1,1
[5/2/2017 2:52:33] /mkick 1,1
[5/2/2017 2:52:34] /mkick 1,1
[5/2/2017 2:52:35] /mkick 1,1
[5/2/2017 2:52:42] /mkick 1,1
[5/2/2017 2:52:45] /mkick 2,2
[5/2/2017 2:52:59] /mkick 2,2
[5/2/2017 2:57:58] /a 1
[5/2/2017 2:57:58] /a 1
[5/2/2017 2:57:58] /a 1
[5/2/2017 2:57:59] /a 1
[5/2/2017 2:57:59] /a 1
[5/2/2017 2:57:59] /a 1
[5/2/2017 2:58:0] /a 1
[5/2/2017 2:58:0] /a 1
[5/2/2017 2:58:1] /a 1
[5/2/2017 2:58:2] /a 1
[5/2/2017 2:58:2] /a 1
[5/2/2017 2:58:2] /a 1
[5/2/2017 2:58:3] /a 1
[5/2/2017 2:58:4] /a 1
[5/2/2017 2:58:4] /a 1
[5/2/2017 2:58:5] /a 1
[5/2/2017 2:58:5] /a 1
[5/2/2017 2:58:6] /a 1
[5/2/2017 2:58:6] /a 1
[5/2/2017 2:58:7] /a 1
[5/2/2017 2:58:7] /a 1
[5/2/2017 2:58:7] /a 1
[5/2/2017 2:58:7] /a 1
[5/2/2017 2:58:8] /a 1
[5/2/2017 2:58:8] /a 1
[5/2/2017 2:58:9] /a 1
[5/2/2017 2:58:9] /a 1
[5/2/2017 2:58:10] /a 1
[5/2/2017 2:58:10] /a 1
[5/2/2017 2:58:13] /a 1
[5/2/2017 2:58:14] /a 1
[5/2/2017 2:58:15] /a 1
[5/2/2017 2:58:16] /a 1
[5/2/2017 2:58:16] /a 1
[5/2/2017 2:58:17] /a 1
[5/2/2017 2:58:17] /a 1
[5/2/2017 2:58:18] /a 1
[5/2/2017 2:58:18] /a 1
[5/2/2017 2:58:18] /a 1
[5/2/2017 2:58:18] /a 1
[5/2/2017 2:58:19] /a 1
[5/2/2017 2:58:20] /a 1
[5/2/2017 2:58:21] /a 1
[5/2/2017 2:58:21] /a 1
[5/2/2017 2:58:21] /a 1
[5/2/2017 2:58:22] /a 1
[5/2/2017 2:58:23] /a 1
[5/2/2017 2:58:25] /a 1
[5/2/2017 2:58:25] /a 1
[5/2/2017 2:58:26] /a 1
[5/2/2017 2:58:27] /a 1
[5/2/2017 2:58:28] /a 1
[5/2/2017 2:58:29] /a 1
[5/2/2017 2:58:30] /a 1
[5/2/2017 2:58:30] /a 1
[5/2/2017 2:58:31] /a 1
[5/2/2017 2:58:32] /a 1
[5/2/2017 2:58:34] /a 1
[5/2/2017 2:58:34] /a 1
[5/2/2017 2:58:35] /a 1
[5/2/2017 2:58:35] /a 1
[5/2/2017 2:58:36] /a 1
[5/2/2017 3:3:32] /ghost
[5/2/2017 3:3:36] /a 2
[5/2/2017 3:3:36] /a 2
[5/2/2017 3:3:47] /kick 10,10
[5/2/2017 3:3:52] /mkick 10,10
[5/2/2017 3:4:18] /a 5
[5/2/2017 3:4:19] /a 5
[5/2/2017 3:4:20] /a 5
[5/2/2017 3:4:21] /a 5
[5/2/2017 3:4:23] /a 5
[5/2/2017 3:5:25] /up
[5/2/2017 3:5:34] /ghost
[5/2/2017 3:5:47] /mkick all
[5/2/2017 3:6:18] /ghost
[5/2/2017 3:6:19] /t
[5/2/2017 3:6:23] /ghost
[5/2/2017 3:8:25] /c help rbot
[5/2/2017 3:8:29] /c help rbot
[5/2/2017 3:8:33] /c help rbot
[5/2/2017 3:8:46] /c help rbot
[5/2/2017 3:8:49] /c help rbot
[5/2/2017 3:8:52] /c help rbot
[5/2/2017 3:8:55] /c help rbot
[5/2/2017 3:8:57] /c help rbot
[5/2/2017 3:8:58] /c help rbot
[5/2/2017 3:10:1] /bc green GM Deek: Boa nois galerinha até mais tarde hahaha!
[5/2/2017 3:10:5] /bc green GM Deek: Boa nois galerinha até mais tarde hahaha!
[5/2/2017 3:10:7] /bc green GM Deek: Boa nois galerinha até mais tarde hahaha!
[5/2/2017 3:10:7] /bc green GM Deek: Boa nois galerinha até mais tarde hahaha!
[5/2/2017 4:57:31] /ghost
[5/2/2017 4:58:15] /goto help rbot
[5/2/2017 4:58:29] /a 5
[5/2/2017 4:58:31] /down
[5/2/2017 4:58:36] /up
[5/2/2017 4:59:22] /c help rbot
[5/2/2017 4:59:23] /t
[5/2/2017 4:59:25] /c help rbot
[5/2/2017 4:59:42] /ghost
[5/2/2017 5:0:2] /mute Death Squad, 60000
[5/2/2017 5:0:3] /mute Death Squad, 60000
[5/2/2017 5:0:3] /mute Death Squad, 60000
[5/2/2017 5:0:3] /mute Death Squad, 60000
[5/2/2017 5:0:4] /mute Death Squad, 60000
[5/2/2017 5:0:4] /mute Death Squad, 60000
[5/2/2017 5:0:4] /mute Death Squad, 60000
[5/2/2017 5:0:5] /mute Death Squad, 60000
[5/2/2017 5:0:13] /up
[5/2/2017 5:0:13] /up
[5/2/2017 5:0:14] /up
[5/2/2017 5:0:14] /up
[5/2/2017 5:0:16] /c Death Squad
[5/2/2017 5:0:17] /t
[5/2/2017 5:1:10] /c tempestade
[5/2/2017 5:2:23] /kick 10,10
[5/2/2017 5:2:31] /mkick 10,10
[5/2/2017 5:6:11] /bc green Duvidas help
[5/2/2017 5:6:14] /bc green Duvidas help
[5/2/2017 5:6:14] /bc green Duvidas help
[5/2/2017 5:6:14] /bc green Duvidas help
[5/2/2017 5:6:15] /bc green Duvidas help
[5/2/2017 5:8:52] /goto loteador
[5/2/2017 5:9:3] /goto leo rider
[5/2/2017 5:9:5] /goto leo ride
[5/2/2017 5:9:20] /goto boltada ant fuga
[5/2/2017 5:10:10] /goto angry birds ownns
[5/2/2017 5:10:13] /t
[5/2/2017 5:10:52] /goto chapado
[5/2/2017 5:11:1] /goto flash go
[5/2/2017 5:11:8] /goto flash go
[5/2/2017 5:11:16] /goto hazard
[5/2/2017 5:11:24] /goto hunted
[5/2/2017 5:11:39] /goto marshmallow
[5/2/2017 5:11:47] /goto marshmellow
[5/2/2017 5:12:26] /t
[5/2/2017 5:12:49] /mute tempestade, 60000
[5/2/2017 5:15:29] /ghost
[5/2/2017 5:36:15] /ghost
[5/2/2017 5:36:46] /goto shop online
[5/2/2017 5:36:53] /goto shop online
[5/2/2017 5:36:56] /goto shop onlline
[5/2/2017 5:37:4] /a 1
[5/2/2017 5:37:4] /a 1
[5/2/2017 5:37:5] /a 1
[5/2/2017 5:37:5] /a 1
[5/2/2017 5:37:5] /a 1
[5/2/2017 5:37:23] /a 1
[5/2/2017 5:37:23] /a 1
[5/2/2017 5:37:35] /mute kamikaze, 60000
[5/2/2017 5:45:22] /mute muted, 60000
[5/2/2017 5:54:32] /bc green Xau negada ^^
[5/2/2017 13:21:24] /ghost
[5/2/2017 13:21:27] /goto chapado
[5/2/2017 13:21:36] /goto hazard
[5/2/2017 13:21:44] /goto hunted
[5/2/2017 13:22:28] /c mega drive
[5/2/2017 13:22:49] /goto palavina
[5/2/2017 13:22:51] /goto paladina
[5/2/2017 13:23:4] /goto pudim attacker
[5/2/2017 13:23:14] /goto royal bruniero
[5/2/2017 13:23:22] /goto sky pre pago
[5/2/2017 13:23:30] /goto tempestade
[5/2/2017 13:23:36] /goto xbox
[5/2/2017 13:23:42] /ghost
[5/2/2017 13:24:38] /goto royal bruniero
[5/2/2017 13:24:51] /t
[5/2/2017 17:55:46] /ghost
[5/2/2017 17:56:36] /goto help rbot
[5/2/2017 17:57:5] /t
