[30/8/2016 10:14:59] /c administrador
[30/8/2016 10:15:2] /c god arthur
[30/8/2016 10:15:29] /c GOD Arthur
[30/8/2016 10:15:31] /c GOD Arthur
[30/8/2016 10:15:32] /c GOD Arthur
[30/8/2016 10:15:33] /c GOD Arthur
[30/8/2016 10:26:51] /i new donate staff
[30/8/2016 10:27:6] /i 2641
[30/8/2016 10:27:7] /i 2641
[30/8/2016 10:27:7] /i 2641
[30/8/2016 10:27:8] /i 2641
[30/8/2016 10:27:9] /i new donate staff
[30/8/2016 10:27:10] /i new donate staff
[30/8/2016 10:27:10] /i new donate staff
[30/8/2016 10:27:22] /goto flash
[30/8/2016 10:27:24] /goto flash~
[30/8/2016 10:29:1] /t
[30/8/2016 10:30:22] /ghost
[30/8/2016 10:30:25] /goto jopade
[30/8/2016 10:30:32] /goto jopade
[30/8/2016 10:30:34] /goto jopade
[30/8/2016 10:30:35] /goto jopade
[30/8/2016 10:30:37] /goto jopade
[30/8/2016 10:30:39] /goto jopade
[30/8/2016 10:30:41] /goto jopade
[30/8/2016 10:30:58] /goto flash~
[30/8/2016 10:36:35] /up
[30/8/2016 10:36:39] /c love
[30/8/2016 10:36:40] /ghost
[30/8/2016 10:37:14] /up
[30/8/2016 10:37:16] /up
[30/8/2016 10:37:18] /c night
[30/8/2016 10:37:27] /t
[30/8/2016 10:37:42] /i new donate bow
[30/8/2016 10:38:6] /goto night
[30/8/2016 10:38:16] /t night
[30/8/2016 10:38:34] /ghost
[30/8/2016 10:38:35] /t
[30/8/2016 10:39:7] /i 2641
[30/8/2016 10:39:8] /i 2641
[30/8/2016 10:39:30] /up
[30/8/2016 10:39:31] /up
[30/8/2016 10:39:39] /c medusa
[30/8/2016 10:39:45] /t
[30/8/2016 10:39:55] /i new donate axe
[30/8/2016 10:39:58] /goto medusa
[30/8/2016 10:42:1] /i new donate axe
[30/8/2016 10:42:32] /t medusa
[30/8/2016 10:42:34] /t
[30/8/2016 10:43:9] /goto will~
[30/8/2016 10:43:14] /goto will~
[30/8/2016 10:43:55] /goto night
[30/8/2016 10:44:9] /goto medusa
[30/8/2016 10:45:46] /up
[30/8/2016 10:45:48] /up
[30/8/2016 10:45:52] /c medusa
[30/8/2016 10:46:35] /t
[30/8/2016 10:46:43] /i new donate bow
[30/8/2016 10:47:15] /up
[30/8/2016 10:47:16] /up
[30/8/2016 10:47:18] /c gorgon
[30/8/2016 10:47:45] /t gorgon
[30/8/2016 10:47:49] /goto pito~
[30/8/2016 10:48:28] /b Temos um teamspeak3 Totalmente Gratuito para voces, acesse o site para mais informacoes
[30/8/2016 10:59:33] /t
[30/8/2016 10:59:54] /c gorgon
[30/8/2016 10:59:57] /r
[30/8/2016 11:4:16] /goto ze k~
[30/8/2016 11:4:48] /t
[30/8/2016 11:11:41] /t eusolto~
[30/8/2016 12:42:30] /goto west~
[30/8/2016 12:52:46] /up
[30/8/2016 12:52:47] /up
[30/8/2016 12:52:48] /up
[30/8/2016 12:52:49] /up
