[28/8/2016 18:19:6] /t
[28/8/2016 19:22:25] /promote ajudante
[28/8/2016 19:28:58] /reload npc
[29/8/2016 12:9:40] /i new donate staff
[29/8/2016 12:9:56] /c falle~
[29/8/2016 12:10:18] /i 9931
[29/8/2016 12:53:43] /t
[29/8/2016 12:53:49] /up
[29/8/2016 12:53:50] /up
[29/8/2016 12:53:52] /up
[29/8/2016 12:53:53] /up
[29/8/2016 12:55:40] /c eusol~
[29/8/2016 12:57:37] /c jymm
[29/8/2016 12:59:54] /c mentos
[29/8/2016 13:2:10] /c psy delix
[29/8/2016 13:5:16] /c vai safadao
[29/8/2016 13:7:47] /c neguiin~
[29/8/2016 13:10:12] /c nudes
[29/8/2016 13:13:5] /c palyy~
[29/8/2016 13:13:13] /c palazyyn
[29/8/2016 13:16:5] /c vem mos~
[29/8/2016 13:16:10] /c vem mons~
[29/8/2016 13:18:15] /c paralyzador
[29/8/2016 18:21:7] /t
[29/8/2016 18:21:31] /i 1432
[29/8/2016 18:21:31] /i 1432
[29/8/2016 18:21:32] /i 1432
[29/8/2016 18:21:32] /i 1432
[29/8/2016 18:21:37] /t bleck~
[29/8/2016 18:22:3] /i new donate staff
[29/8/2016 18:22:59] /t
[29/8/2016 18:23:10] /i hardened bone
[29/8/2016 18:23:12] /i hardened bone
[29/8/2016 18:24:15] /goto euuso~
[29/8/2016 18:24:20] /goto jymm
[29/8/2016 18:33:38] /t
[29/8/2016 18:33:54] /i 2641
[29/8/2016 18:34:3] /goto jopade
[29/8/2016 18:34:10] /goto jopade
[29/8/2016 18:34:12] /goto jopade
[29/8/2016 18:34:12] /goto jopade
[29/8/2016 18:34:13] /goto jopade
[29/8/2016 18:34:46] /goto jymm
[29/8/2016 22:30:25] /up
[29/8/2016 22:30:26] /up
[29/8/2016 22:30:28] /up
[29/8/2016 22:30:34] /up
[29/8/2016 22:31:20] /c neguiin~
[29/8/2016 22:32:28] /c psy d~
[29/8/2016 22:33:4] /c vai s~
[29/8/2016 22:33:42] /c jymm
[29/8/2016 22:34:36] /t
[29/8/2016 22:35:34] /goto jym~
[29/8/2016 22:35:39] /c mentos
[29/8/2016 22:52:1] /c nudes
[29/8/2016 22:52:30] /c palyyz~
[29/8/2016 22:52:39] /c palazyy~
[29/8/2016 22:53:10] /c vem mos~
[29/8/2016 22:53:20] /c vem mons~
[29/8/2016 22:53:52] /c paralyzador
[29/8/2016 22:54:30] /c eusolto~
[29/8/2016 23:3:24] /t
[29/8/2016 23:3:42] /r
[29/8/2016 23:4:16] /t
[29/8/2016 23:4:38] /t Druid Mal
[29/8/2016 23:10:9] /goto jy~
