[17/12/2016 19:56:50] /ghost
[17/12/2016 20:1:52] /ghost
[17/12/2016 20:11:47] /b todos aguardem um pouco. tudo se resolvera nos proximos minutos. 
[17/12/2016 20:14:44] /b nao sou mariana. 
[17/12/2016 20:49:20] /b teste firestorm
[17/12/2016 20:50:35] /b atenção. Firestorm evento test aberto.   Em relaçao aos pontos da curtida vamos resolver apenas mais tarde. obrigado
[17/12/2016 20:54:45] /b em relaçao a pontos, só mais tarde.  
[17/12/2016 20:58:41] /b o evento foi concluido com sucesso, o problema são ataques, se persistir, nao se preocupem, compramos outro dedicado, esse nao é o problema.
[17/12/2016 20:58:46] /t
[17/12/2016 20:58:53] /b o evento foi concluido com sucesso, o problema são ataques, se persistir, nao se preocupem, compramos outro dedicado, esse nao é o problema.
[17/12/2016 21:0:20] /b vai começar o evento firestorm valendo!!!!
[17/12/2016 21:3:48] /b firestorm gogogogo!
[17/12/2016 21:8:32] /b gogo firstorm!!
[17/12/2016 21:8:54] /b gogo firestorm vai fechar!
[17/12/2016 21:9:3] /b gogo firestorm vai fechar!
[17/12/2016 21:9:10] /b gogo firestorm vai fechar!
[17/12/2016 21:9:22] /b gogo firestorm vai fechar!
[17/12/2016 21:9:33] /b gogo firestorm vai fechar!
[17/12/2016 21:9:42] /b 50 reais valendo!
[17/12/2016 21:9:44] /b gogo firestorm vai fechar!
[17/12/2016 21:10:7] /b 50 reais valendo! 
[17/12/2016 21:13:11] /b desert war 16:30 !!!! de brasilia
[17/12/2016 21:13:16] /b desert war 16:30 !!!! de brasilia
[17/12/2016 21:14:18] /b desert war 16 e 30 !!!
[17/12/2016 21:14:36] /b desert war 16 e 30 !!!
[17/12/2016 21:15:51] /b desert war 16 e 30 !!!
[17/12/2016 21:21:35] /b premiaçoes serao entregue em até 10 horas. 
[17/12/2016 21:21:47] /b se reclamarem aumento pra 24 horas
[17/12/2016 21:25:51] /b premiaçoes serao entregue em até 10 horas. 
[17/12/2016 21:25:56] /b se reclamarem aumento pra 24 horas
[17/12/2016 21:29:6] /ghost
[17/12/2016 21:33:13] /b gogo desert war
[17/12/2016 21:33:15] /ghost
[17/12/2016 21:33:25] /b gogo desert war
[17/12/2016 21:33:32] /b gogo desert war
[17/12/2016 21:33:38] /b gogo desert war
[17/12/2016 21:34:2] /b gogo desert war
[17/12/2016 21:34:24] /b gogo desert war
[17/12/2016 21:34:36] /b gogo desert war
[17/12/2016 21:34:56] /b gogo desert war
[17/12/2016 22:29:9] /ghost
[17/12/2016 23:0:58] /ghost
[17/12/2016 23:2:36] /ghost
[17/12/2016 23:3:31] /b snowball aberto! lembre se que alem das event coins tem as ribeirot coins que em breve seram trocados por brindes rls
[17/12/2016 23:3:43] /b camisetas, mouses, fones....
[18/12/2016 1:18:33] /ghost
[18/12/2016 1:20:39] /goto manca azu
[18/12/2016 1:20:47] /goto mancha azu
[18/12/2016 1:32:44] /ghost
[18/12/2016 1:32:46] /t
[22/12/2016 4:14:29] /goto adm new
[24/12/2016 20:3:9] /b evento firestorm aberto!
[24/12/2016 20:3:35] /b evento firestorm aberto!
[24/12/2016 20:4:9] /goto shadrack
[24/12/2016 20:4:18] /t
[24/12/2016 20:4:36] /goto mdma
[24/12/2016 20:4:41] /t
[24/12/2016 20:9:21] /b PIRACICABANO VENCEDOR. FAVOR ENTRAR EM CONTATO WPP DO ADM RIBEIRO
