[27/4/2016 22:58:20] /waredron invite,todo lord
[27/4/2016 22:58:22] /waredron invite,todo lord
[27/4/2016 22:58:22] /waredron invite,todo lord
[27/4/2016 22:58:23] /waredron invite,todo lord
[27/4/2016 22:58:23] /waredron invite,todo lord
[27/4/2016 22:58:24] /waredron invite,todo lord
[27/4/2016 22:58:24] /waredron invite,todo lord
[27/4/2016 22:58:54] /waredron invite,todo lord
[27/4/2016 22:58:54] /waredron invite,todo lord
[27/4/2016 22:58:56] /waredron invite,todo lord
[27/4/2016 22:59:16] /waredron invite,Todo Lord
[27/4/2016 22:59:18] /waredron invite,Todo Lord
[27/4/2016 23:1:41] /waredron accept,Todo Lor
[27/4/2016 23:3:26] /waredron accept,
[27/4/2016 23:3:28] /waredron invite,
[27/4/2016 23:3:31] /waredron invite,
[27/4/2016 23:3:33] /waredron invite,
[27/4/2016 23:3:41] /waredron invite,todo lord
[27/4/2016 23:3:42] /waredron invite,todo lord
[27/4/2016 23:3:42] /waredron invite,todo lord
[27/4/2016 23:3:43] /waredron invite,todo lord
[27/4/2016 23:3:44] /waredron invite,todo lord
[27/4/2016 23:3:44] /waredron invite,todo lord
[27/4/2016 23:3:45] /waredron invite,todo lord
[27/4/2016 23:3:53] /waredron accept,todo lord
[27/4/2016 23:3:54] /waredron accept,todo lord
[27/4/2016 23:3:54] /waredron accept,todo lord
[27/4/2016 23:3:55] /waredron accept,todo lord
[27/4/2016 23:3:55] /waredron accept,todo lord
[27/4/2016 23:3:57] /waredron accept,todo lord
