[04/09/2017 00:31:45] /a 3
[04/09/2017 00:32:00] /a 10
[04/09/2017 00:32:01] /a 10
[04/09/2017 00:32:02] /a 10
[04/09/2017 00:32:02] /a 10
[04/09/2017 00:32:02] /a 10
[04/09/2017 00:32:02] /a 10
[04/09/2017 00:32:03] /a 10
[04/09/2017 00:32:03] /a 10
[04/09/2017 00:32:03] /a 10
[04/09/2017 00:32:03] /a 10
[04/09/2017 00:32:03] /a 10
[04/09/2017 00:32:03] /a 10
[04/09/2017 00:32:04] /a 10
[04/09/2017 00:32:04] /a 10
[04/09/2017 00:32:04] /a 10
[04/09/2017 00:32:04] /a 10
[04/09/2017 00:32:05] /a 10
[04/09/2017 00:32:05] /a 10
[04/09/2017 00:32:05] /a 10
[04/09/2017 00:32:05] /a 10
[04/09/2017 00:32:05] /a 10
[04/09/2017 00:32:06] /a 10
[04/09/2017 00:32:06] /a 10
[04/09/2017 00:32:06] /a 10
[04/09/2017 00:32:07] /a 10
[04/09/2017 00:32:07] /a 10
[04/09/2017 00:32:07] /a 10
[04/09/2017 00:32:07] /a 10
[04/09/2017 00:32:08] /a 10
[04/09/2017 00:32:08] /a 10
[04/09/2017 00:32:08] /a 10
[04/09/2017 00:32:08] /a 10
[04/09/2017 00:32:09] /a 10
[04/09/2017 00:32:09] /a 10
[04/09/2017 00:32:09] /a 10
[04/09/2017 00:32:09] /a 10
[04/09/2017 00:32:09] /a 10
[04/09/2017 00:32:10] /a 10
[04/09/2017 00:32:10] /a 10
[04/09/2017 00:32:10] /a 10
[04/09/2017 00:32:11] /a 10
[04/09/2017 00:32:11] /a 10
[04/09/2017 00:32:11] /a 10
[04/09/2017 00:32:11] /a 10
[04/09/2017 00:32:12] /a 10
[04/09/2017 00:33:43] /a 10
[04/09/2017 00:33:44] /a 10
[04/09/2017 00:33:48] /a 10
[04/09/2017 00:33:49] /a 10
[04/09/2017 00:33:49] /a 10
[04/09/2017 00:33:50] /a 10
[04/09/2017 00:34:32] /goto teste
[04/09/2017 00:34:33] /goto teste
[04/09/2017 00:34:34] /goto teste
[04/09/2017 00:34:34] /goto teste
[04/09/2017 00:34:35] /goto teste
[04/09/2017 00:34:36] /goto teste
[04/09/2017 00:34:38] /goto teste
[04/09/2017 00:34:39] /goto teste
[04/09/2017 00:34:40] /goto teste
[04/09/2017 00:34:41] /goto teste
[04/09/2017 00:34:41] /goto teste
[04/09/2017 00:34:43] /goto teste
[04/09/2017 00:34:44] /goto teste
[04/09/2017 00:34:46] /goto teste
[04/09/2017 00:34:47] /goto teste
[04/09/2017 00:34:49] /goto teste
[04/09/2017 00:34:51] /goto teste
[04/09/2017 00:34:52] /goto teste
[04/09/2017 00:34:55] /goto teste
[04/09/2017 00:34:58] /goto teste
[04/09/2017 00:34:59] /goto teste
[04/09/2017 00:35:00] /goto teste
[04/09/2017 00:35:00] /goto teste
[04/09/2017 00:35:01] /goto teste
[04/09/2017 00:35:02] /goto teste
[04/09/2017 00:35:02] /goto teste
[04/09/2017 00:35:03] /goto teste
[04/09/2017 00:35:03] /goto teste
[04/09/2017 00:35:03] /goto teste
[04/09/2017 00:35:04] /goto teste
[04/09/2017 00:35:05] /goto teste
[04/09/2017 00:35:05] /goto teste
[04/09/2017 00:35:06] /goto teste
[04/09/2017 00:35:06] /goto teste
[04/09/2017 00:35:07] /goto teste
[04/09/2017 00:35:08] /goto teste
[04/09/2017 00:35:08] /goto teste
[04/09/2017 00:35:10] /goto teste
[04/09/2017 00:35:11] /goto teste
[04/09/2017 00:35:17] /goto teste
[04/09/2017 00:35:18] /goto teste
[04/09/2017 00:35:19] /goto teste
[04/09/2017 00:35:20] /goto teste
[04/09/2017 00:35:22] /goto teste
[04/09/2017 00:35:23] /goto teste
[04/09/2017 00:35:24] /goto teste
[04/09/2017 00:35:25] /goto teste
[04/09/2017 00:35:27] /goto teste
[04/09/2017 00:35:28] /goto teste
[04/09/2017 00:35:29] /goto teste
[04/09/2017 00:35:30] /goto teste
[04/09/2017 00:35:30] /goto teste
[04/09/2017 00:35:33] /goto teste
[04/09/2017 00:35:35] /goto teste
[04/09/2017 00:35:36] /goto teste
[04/09/2017 00:35:37] /goto teste
[04/09/2017 00:35:38] /goto teste
[04/09/2017 00:35:39] /goto teste
[04/09/2017 00:35:41] /goto teste
[04/09/2017 00:35:42] /goto teste
[04/09/2017 00:35:43] /goto teste
[04/09/2017 00:35:44] /goto teste
[04/09/2017 00:35:57] /goto teste
[04/09/2017 00:35:58] /goto teste
[04/09/2017 00:35:59] /goto teste
[04/09/2017 00:35:59] /goto teste
[04/09/2017 00:36:00] /goto teste
[04/09/2017 00:36:01] /goto teste
[04/09/2017 00:36:02] /goto teste
[04/09/2017 00:36:03] /goto teste
[04/09/2017 00:36:04] /goto teste
[04/09/2017 00:36:04] /goto teste
[04/09/2017 00:36:05] /goto teste
[04/09/2017 00:36:05] /goto teste
[04/09/2017 00:36:06] /goto teste
[04/09/2017 00:36:07] /goto teste
[04/09/2017 00:36:07] /goto teste
[04/09/2017 00:36:08] /goto teste
[04/09/2017 00:36:08] /goto teste
[04/09/2017 00:36:09] /goto teste
[04/09/2017 00:36:10] /goto teste
[04/09/2017 00:36:10] /goto teste
[04/09/2017 00:36:11] /goto teste
[04/09/2017 00:36:13] /goto teste
[04/09/2017 00:36:15] /goto teste
[04/09/2017 00:36:16] /goto teste
[04/09/2017 00:36:20] /goto teste
[04/09/2017 00:36:21] /goto teste
[04/09/2017 00:36:21] /goto teste
[04/09/2017 00:36:22] /goto teste
[04/09/2017 00:36:23] /goto teste
[04/09/2017 00:36:24] /goto teste
[04/09/2017 00:36:27] /goto teste
[04/09/2017 00:36:28] /goto teste
[04/09/2017 00:36:29] /goto teste
[04/09/2017 00:36:30] /goto teste
[04/09/2017 00:36:31] /goto teste
[04/09/2017 00:36:31] /goto teste
[04/09/2017 00:36:32] /goto teste
[04/09/2017 00:36:32] /goto teste
[04/09/2017 00:36:32] /goto teste
[04/09/2017 00:36:33] /goto teste
[04/09/2017 00:36:33] /goto teste
[04/09/2017 00:36:33] /goto teste
[04/09/2017 00:36:34] /goto teste
[04/09/2017 00:36:34] /goto teste
[04/09/2017 00:36:34] /goto teste
[04/09/2017 00:36:35] /goto teste
[04/09/2017 00:36:35] /goto teste
[04/09/2017 00:36:35] /goto teste
[04/09/2017 00:36:35] /goto teste
[04/09/2017 00:36:35] /goto teste
[04/09/2017 00:36:36] /goto teste
[04/09/2017 00:36:36] /goto teste
[04/09/2017 00:36:36] /goto teste
[04/09/2017 00:36:36] /goto teste
[04/09/2017 00:36:37] /goto teste
[04/09/2017 00:36:37] /goto teste
[04/09/2017 00:36:37] /goto teste
[04/09/2017 00:36:38] /goto teste
[04/09/2017 00:36:38] /goto teste
[04/09/2017 00:36:38] /goto teste
[04/09/2017 00:36:38] /goto teste
[04/09/2017 00:36:39] /goto teste
[04/09/2017 00:36:39] /goto teste
[04/09/2017 00:36:40] /goto teste
[04/09/2017 00:36:40] /goto teste
[04/09/2017 00:36:46] /goto teste
[04/09/2017 00:36:46] /goto teste
[04/09/2017 00:36:48] /goto teste
[04/09/2017 00:36:50] /goto teste
[04/09/2017 00:36:51] /goto teste
[04/09/2017 00:36:51] /goto teste
[04/09/2017 00:36:52] /goto teste
[04/09/2017 00:36:53] /goto teste
[04/09/2017 00:36:53] /goto teste
[04/09/2017 00:36:54] /goto teste
[04/09/2017 00:36:55] /goto teste
[04/09/2017 00:36:59] /goto teste
[04/09/2017 00:37:00] /goto teste
[04/09/2017 00:37:01] /goto teste
[04/09/2017 00:37:19] /goto teste
[04/09/2017 00:37:20] /goto teste
[04/09/2017 00:37:21] /goto teste
[04/09/2017 00:37:23] /goto teste
[04/09/2017 00:37:24] /goto teste
[04/09/2017 00:37:25] /goto teste
[04/09/2017 00:37:25] /goto teste
[04/09/2017 00:37:26] /goto teste
[04/09/2017 00:37:27] /goto teste
[04/09/2017 00:37:28] /goto teste
[04/09/2017 00:37:29] /goto teste
[04/09/2017 00:37:30] /goto teste
[04/09/2017 00:37:31] /goto teste
[04/09/2017 00:37:32] /goto teste
[04/09/2017 00:37:33] /goto teste
[04/09/2017 00:37:33] /goto teste
[04/09/2017 00:37:34] /goto teste
[04/09/2017 00:37:34] /goto teste
[04/09/2017 00:37:34] /goto teste
[04/09/2017 00:37:35] /goto teste
[04/09/2017 00:37:36] /goto teste
[04/09/2017 00:37:39] /goto teste
[04/09/2017 00:37:40] /t
[04/09/2017 00:37:43] /t
[04/09/2017 00:37:45] /t
[04/09/2017 00:37:46] /goto teste
[04/09/2017 00:37:49] /goto teste
[04/09/2017 00:37:50] /t
[04/09/2017 00:37:55] /a 10
[04/09/2017 00:37:55] /a 10
[04/09/2017 00:37:55] /a 10
[04/09/2017 00:37:55] /a 10
[04/09/2017 00:37:55] /a 10
[04/09/2017 00:37:55] /a 10
[04/09/2017 00:37:55] /a 10
[04/09/2017 00:37:55] /a 10
[04/09/2017 00:37:55] /a 10
[04/09/2017 00:37:55] /a 10
[04/09/2017 00:37:55] /a 10
[04/09/2017 00:37:56] /a 10
[04/09/2017 00:37:56] /a 10
[04/09/2017 00:37:56] /a 10
[04/09/2017 00:37:56] /a 10
[04/09/2017 00:37:56] /a 10
[04/09/2017 00:37:56] /a 10
[04/09/2017 00:37:56] /a 10
[04/09/2017 00:37:56] /a 10
[04/09/2017 00:37:58] /a 10
[04/09/2017 00:37:59] /a 10
[04/09/2017 00:37:59] /a 10
[04/09/2017 00:37:59] /a 10
[04/09/2017 00:37:59] /a 10
[04/09/2017 00:38:00] /a 10
[04/09/2017 00:38:02] /a 10
[04/09/2017 00:38:02] /a 10
[04/09/2017 00:38:03] /a 10
[04/09/2017 00:38:03] /a 10
[04/09/2017 00:38:04] /a 10
[04/09/2017 00:38:04] /a 10
[04/09/2017 00:38:04] /a 10
[04/09/2017 00:38:04] /a 10
[04/09/2017 00:38:05] /a 10
[04/09/2017 00:38:05] /a 10
[04/09/2017 00:38:05] /a 10
[04/09/2017 00:38:06] /a 10
[04/09/2017 00:38:46] /goto teste
[04/09/2017 00:38:47] /goto teste
[04/09/2017 00:38:47] /goto teste
[04/09/2017 00:38:47] /goto teste
[04/09/2017 00:38:47] /goto teste
[04/09/2017 00:38:47] /goto teste
[04/09/2017 00:38:47] /goto teste
[04/09/2017 00:38:47] /goto teste
[04/09/2017 00:38:47] /goto teste
[04/09/2017 00:38:47] /goto teste
[04/09/2017 00:38:47] /goto teste
[04/09/2017 00:38:47] /goto teste
[04/09/2017 00:38:47] /goto teste
[04/09/2017 00:38:47] /goto teste
[04/09/2017 00:38:48] /a 10
[04/09/2017 00:38:48] /a 10
[04/09/2017 00:38:48] /a 10
[04/09/2017 00:38:48] /a 10
[04/09/2017 00:38:49] /a 10
[04/09/2017 00:38:49] /a 10
[04/09/2017 00:38:49] /a 10
[04/09/2017 00:38:49] /a 10
[04/09/2017 00:38:49] /a 10
[04/09/2017 00:38:49] /a 10
[04/09/2017 00:38:49] /a 10
[04/09/2017 00:38:49] /a 10
[04/09/2017 00:38:49] /a 10
[04/09/2017 00:38:49] /a 10
[04/09/2017 00:38:49] /a 10
[04/09/2017 00:38:49] /a 10
[04/09/2017 00:38:49] /a 10
[04/09/2017 00:38:49] /a 10
[04/09/2017 00:38:49] /a 10
[04/09/2017 00:38:49] /a 10
[04/09/2017 00:38:49] /a 10
[04/09/2017 00:38:50] /a 10
[04/09/2017 00:38:50] /a 10
[04/09/2017 00:38:50] /a 10
[04/09/2017 00:38:51] /a 10
[04/09/2017 00:38:51] /a 10
[04/09/2017 00:38:51] /a 10
[04/09/2017 00:38:51] /a 10
[04/09/2017 00:38:51] /a 10
[04/09/2017 00:38:51] /a 10
[04/09/2017 00:38:52] /a 10
[04/09/2017 00:38:52] /a 10
[04/09/2017 00:38:53] /a 10
[04/09/2017 00:38:53] /a 10
[04/09/2017 00:38:54] /a 10
[04/09/2017 00:38:54] /a 10
[04/09/2017 00:38:55] /a 10
[04/09/2017 00:38:55] /a 10
[04/09/2017 00:38:56] /a 10
[04/09/2017 00:38:57] /a 10
[04/09/2017 00:38:57] /a 10
[04/09/2017 00:38:57] /a 10
[04/09/2017 00:38:58] /a 10
[04/09/2017 00:38:58] /a 10
[04/09/2017 00:38:58] /a 10
[04/09/2017 00:38:59] /a 10
[04/09/2017 00:38:59] /a 10
[04/09/2017 00:39:00] /a 10
[04/09/2017 00:39:00] /a 10
[04/09/2017 00:39:00] /a 10
[04/09/2017 00:39:00] /a 10
[04/09/2017 00:39:25] /goto teste
[04/09/2017 00:39:25] /goto teste
[04/09/2017 00:39:25] /goto teste
[04/09/2017 00:39:26] /a 10
[04/09/2017 00:39:26] /a 10
[04/09/2017 00:39:27] /a 10
[04/09/2017 00:39:27] /a 10
[04/09/2017 00:39:27] /a 10
[04/09/2017 00:39:27] /a 10
[04/09/2017 00:39:27] /a 10
[04/09/2017 00:39:28] /a 10
[04/09/2017 00:39:28] /a 10
[04/09/2017 00:39:28] /a 10
[04/09/2017 00:39:28] /a 10
[04/09/2017 00:39:28] /a 10
[04/09/2017 00:39:28] /a 10
[04/09/2017 00:39:29] /a 10
[04/09/2017 00:39:29] /a 10
[04/09/2017 00:39:29] /a 10
[04/09/2017 00:39:29] /a 10
[04/09/2017 00:39:30] /a 10
[04/09/2017 00:39:30] /a 10
[04/09/2017 00:39:30] /a 10
[04/09/2017 00:39:30] /a 10
[04/09/2017 00:39:31] /a 10
[04/09/2017 00:39:31] /a 10
[04/09/2017 00:39:31] /a 10
[04/09/2017 00:39:31] /a 10
[04/09/2017 00:39:32] /a 10
[04/09/2017 00:39:32] /a 10
[04/09/2017 00:39:33] /a 10
[04/09/2017 00:39:33] /a 10
[04/09/2017 00:39:33] /a 10
[04/09/2017 00:39:33] /a 10
[04/09/2017 00:39:33] /a 10
[04/09/2017 00:39:34] /a 10
[04/09/2017 00:39:34] /a 10
[04/09/2017 00:39:34] /a 10
[04/09/2017 00:39:35] /a 10
[04/09/2017 00:39:35] /a 10
[04/09/2017 00:39:35] /a 10
[04/09/2017 00:39:36] /a 10
[04/09/2017 00:39:37] /a 10
[04/09/2017 00:39:37] /a 10
[04/09/2017 00:40:36] /a 10
[04/09/2017 00:40:41] /a 10
[04/09/2017 00:40:57] /goto teste
[04/09/2017 00:42:24] /a 10
[04/09/2017 00:42:25] /a 10
[04/09/2017 00:42:25] /a 10
[04/09/2017 00:42:25] /a 10
[04/09/2017 00:42:25] /a 10
[04/09/2017 00:42:25] /a 10
[04/09/2017 00:42:25] /a 10
[04/09/2017 00:42:25] /a 10
[04/09/2017 00:42:25] /a 10
[04/09/2017 00:42:25] /a 10
[04/09/2017 00:42:26] /a 10
[04/09/2017 00:42:26] /a 10
[04/09/2017 00:42:26] /a 10
[04/09/2017 00:42:26] /a 10
[04/09/2017 00:42:27] /a 10
[04/09/2017 00:42:27] /a 10
[04/09/2017 00:42:27] /a 10
[04/09/2017 00:42:29] /a 10
[04/09/2017 00:42:29] /a 10
[04/09/2017 00:42:34] /a 10
[04/09/2017 00:42:36] /a 10
[04/09/2017 00:42:38] /a 10
[04/09/2017 00:43:41] /a 10
[04/09/2017 00:43:41] /a 10
[04/09/2017 00:43:41] /a 10
[04/09/2017 00:43:42] /a 10
[04/09/2017 00:43:42] /a 10
[04/09/2017 00:43:42] /a 10
[04/09/2017 00:43:42] /a 10
[04/09/2017 00:43:42] /a 10
[04/09/2017 00:43:43] /a 10
[04/09/2017 00:43:43] /a 10
[04/09/2017 00:43:44] /a 10
[04/09/2017 00:43:44] /a 10
[04/09/2017 00:43:44] /a 10
[04/09/2017 00:43:45] /a 10
[04/09/2017 00:43:45] /a 10
[04/09/2017 00:43:49] /a 10
[04/09/2017 00:43:49] /a 10
[04/09/2017 00:43:51] /a 10
[04/09/2017 00:45:15] /goto teste
[04/09/2017 00:45:15] /goto teste
[04/09/2017 00:45:15] /goto teste
[04/09/2017 00:45:16] /goto teste
[04/09/2017 00:45:31] /r
[04/09/2017 00:46:16] /goto teste
[04/09/2017 00:49:22] /goto teste
[06/09/2017 12:41:49] /t
[06/09/2017 12:41:54] /up
[06/09/2017 12:41:56] /a 10
[06/09/2017 12:41:57] /a 10
[06/09/2017 12:41:58] /a 10
[06/09/2017 12:41:58] /a 10
[06/09/2017 12:41:59] /a 10
[06/09/2017 12:41:59] /a 10
[06/09/2017 12:41:59] /a 10
[06/09/2017 12:41:59] /a 10
[06/09/2017 12:42:00] /a 10
[06/09/2017 12:42:00] /a 10
[06/09/2017 12:42:00] /a 10
[06/09/2017 12:42:00] /a 10
[06/09/2017 12:42:00] /a 10
[06/09/2017 12:42:01] /a 10
[06/09/2017 12:42:01] /a 10
[06/09/2017 12:42:01] /a 10
[06/09/2017 12:42:01] /a 10
[06/09/2017 12:42:02] /a 10
[06/09/2017 12:42:03] /a 10
[06/09/2017 12:42:04] /a 10
[06/09/2017 12:42:26] /up
[06/09/2017 12:43:37] /n Grizzly Adams
[06/09/2017 12:52:36] /m crocodile,100
[06/09/2017 12:52:38] /m crocodile
[06/09/2017 12:52:40] /m crocodile
[06/09/2017 12:52:41] /m crocodile
[06/09/2017 12:52:57] /m crocodile
[06/09/2017 12:52:57] /m crocodile
[06/09/2017 12:52:57] /m crocodile
[06/09/2017 12:52:57] /m crocodile
[06/09/2017 12:52:58] /m crocodile
[06/09/2017 12:52:58] /m crocodile
[06/09/2017 12:52:58] /m crocodile
[06/09/2017 12:52:58] /m crocodile
[06/09/2017 12:52:58] /m crocodile
[06/09/2017 12:52:58] /m crocodile
[06/09/2017 12:52:58] /m crocodile
[06/09/2017 12:52:58] /m crocodile
[06/09/2017 12:52:58] /m crocodile
[06/09/2017 12:52:58] /m crocodile
[06/09/2017 12:52:58] /m crocodile
[06/09/2017 12:52:58] /m crocodile
[06/09/2017 12:53:00] /m crocodile
[06/09/2017 12:53:00] /m crocodile
[06/09/2017 12:53:00] /m crocodile
[06/09/2017 12:53:00] /m crocodile
[06/09/2017 12:53:00] /m crocodile
[06/09/2017 12:53:00] /m crocodile
[06/09/2017 12:53:00] /m crocodile
[06/09/2017 12:53:00] /m crocodile
[06/09/2017 12:53:00] /m crocodile
[06/09/2017 12:53:00] /m crocodile
[06/09/2017 12:53:01] /m crocodile
[06/09/2017 12:53:01] /m crocodile
[06/09/2017 12:53:15] /m crocodile
[06/09/2017 13:22:44] /save
[06/09/2017 13:23:59] /n gryzlly adams
[06/09/2017 13:24:13] /n Grizzly Adams
[06/09/2017 13:25:19] /n aa test
[06/09/2017 13:25:22] /n aa test
[06/09/2017 13:25:35] /n aanpc test
[06/09/2017 13:25:41] /n a anpc test
[06/09/2017 13:28:05] /n a anpc test
[06/09/2017 13:35:19] /n a anpc test
[06/09/2017 13:44:09] /n aanpc test
[06/09/2017 13:44:13] /n a anpc test
[06/09/2017 13:44:18] /r
[06/09/2017 13:47:24] /n a anpc test
[09/09/2017 15:27:34] /n anpc test
[09/09/2017 15:27:38] /n a anpc test
[09/09/2017 15:30:05] /reload npc
[09/09/2017 15:32:13] /n a anpc test
[09/09/2017 15:33:27] /n a anpc test
[09/09/2017 15:37:01] /n a anpc test
[09/09/2017 15:40:55] /n a anpc test
[09/09/2017 15:45:36] /n a anpc test
[09/09/2017 15:50:14] /a anpc test
[09/09/2017 15:50:21] /n anpc test
[09/09/2017 15:50:24] /n anpc test
[09/09/2017 15:50:28] /n a anpc test
[09/09/2017 15:53:55] /n a anpc test
[09/09/2017 15:55:59] /n a anpc test
[09/09/2017 15:58:04] /n a anpc test
[09/09/2017 16:02:38] /save
[09/09/2017 16:02:42] /save
[09/09/2017 16:02:58] /shutdown
[09/09/2017 16:04:03] /n a anpc test
[09/09/2017 16:16:29] /n a anpc test
[09/09/2017 16:22:19] /n a anpc test
[09/09/2017 16:27:25] /n a anpc test
[09/09/2017 16:34:26] /n a anpc test
[10/09/2017 15:24:08] /reload npc
[10/09/2017 15:24:10] /reload actions
[10/09/2017 15:26:11] /reload npc
[10/09/2017 15:26:12] /reload actions
[10/09/2017 15:27:12] /reload npc
[10/09/2017 15:27:13] /reload actions
[10/09/2017 15:41:42] /reload npc
[10/09/2017 15:41:43] /reload actions
[10/09/2017 15:43:34] /reload npc
[10/09/2017 15:43:35] /reload actions
[10/09/2017 15:44:55] /reload npc
[10/09/2017 15:44:55] /reload actions
[10/09/2017 15:45:35] /reload npc
[10/09/2017 15:45:35] /reload actions
[10/09/2017 15:50:02] /reload npc
[10/09/2017 15:50:02] /reload actions
[10/09/2017 15:50:22] /reload npc
[10/09/2017 15:50:22] /reload actions
[10/09/2017 15:50:23] /reload actions
[10/09/2017 15:50:23] /reload npc
[10/09/2017 15:50:23] /reload actions
[10/09/2017 16:00:04] /n gryzzly adam
[10/09/2017 16:00:05] /n gryzzly adams
[10/09/2017 16:00:19] /n Grizzly Adams
[10/09/2017 16:01:06] /m crocodile
[10/09/2017 16:01:06] /m crocodile
[10/09/2017 16:01:06] /m crocodile
[10/09/2017 16:01:07] /m crocodile
[10/09/2017 16:01:16] /i dragon scale mail
[10/09/2017 16:01:25] /i backpack
[10/09/2017 16:01:30] /i dragon scale mail
[10/09/2017 16:01:33] /i magic sword
[10/09/2017 16:01:35] /i demon helmet
[10/09/2017 16:01:38] /i demon legs
[10/09/2017 16:02:24] /i wand of decay
[10/09/2017 16:41:24] /reload creaturescripts
[10/09/2017 16:41:35] /m crocodile
[10/09/2017 16:52:50] /n Grizzly Adams
[10/09/2017 16:52:59] /m crocodile
[10/09/2017 16:53:24] /n a anpc task
[10/09/2017 16:53:28] /r
[10/09/2017 16:53:37] /n Grizzly Adams
[10/09/2017 16:53:48] /r
[10/09/2017 16:53:53] /n a anpc task
[10/09/2017 16:54:21] /r
[10/09/2017 16:54:23] /reload npc
[10/09/2017 16:54:27] /n a anpc task
[10/09/2017 16:54:59] /m crocodile
[10/09/2017 16:55:10] /m crocodile
[10/09/2017 16:55:10] /m crocodile
[10/09/2017 16:55:10] /m crocodile
[10/09/2017 16:55:11] /m crocodile
[10/09/2017 16:55:12] /m crocodile
[10/09/2017 16:55:12] /m crocodile
[10/09/2017 16:55:12] /m crocodile
[10/09/2017 16:55:12] /m crocodile
[10/09/2017 16:55:12] /m crocodile
[10/09/2017 16:55:13] /m crocodile
[10/09/2017 16:55:13] /m crocodile
[10/09/2017 16:55:14] /m crocodile
[10/09/2017 16:55:14] /m crocodile
[10/09/2017 16:55:14] /m crocodile
[10/09/2017 16:55:14] /m crocodile
[10/09/2017 16:55:15] /m crocodile
[10/09/2017 16:55:15] /m crocodile
[10/09/2017 16:55:15] /m crocodile
[10/09/2017 16:55:15] /m crocodile
[10/09/2017 16:55:16] /m crocodile
[10/09/2017 16:55:16] /m crocodile
[10/09/2017 16:55:16] /m crocodile
[10/09/2017 16:55:16] /m crocodile
[10/09/2017 16:55:17] /m crocodile
[10/09/2017 16:55:17] /m crocodile
[10/09/2017 16:55:17] /m crocodile
[10/09/2017 16:55:17] /m crocodile
[10/09/2017 16:55:18] /m crocodile
[10/09/2017 16:55:19] /m crocodile
[10/09/2017 16:55:19] /m crocodile
[10/09/2017 16:55:20] /m crocodile
[10/09/2017 16:55:20] /m crocodile
[10/09/2017 16:55:20] /m crocodile
[10/09/2017 16:55:20] /m crocodile
[10/09/2017 16:55:21] /m crocodile
[10/09/2017 16:55:22] /m crocodile
[10/09/2017 16:55:22] /m crocodile
[10/09/2017 16:55:23] /m crocodile
[10/09/2017 16:55:23] /m crocodile
[10/09/2017 16:55:23] /m crocodile
[10/09/2017 16:55:24] /m crocodile
[10/09/2017 16:55:25] /m crocodile
[10/09/2017 16:55:25] /m crocodile
[10/09/2017 16:55:25] /m crocodile
[10/09/2017 16:55:25] /m crocodile
[10/09/2017 16:55:26] /m crocodile
[10/09/2017 16:55:27] /m crocodile
[10/09/2017 16:55:27] /m crocodile
[10/09/2017 16:55:27] /m crocodile
[10/09/2017 16:55:27] /m crocodile
[10/09/2017 16:55:28] /m crocodile
[10/09/2017 16:55:29] /m crocodile
[10/09/2017 16:55:29] /m crocodile
[10/09/2017 16:55:29] /m crocodile
[10/09/2017 16:55:29] /m crocodile
[10/09/2017 16:55:30] /m crocodile
[10/09/2017 16:55:30] /m crocodile
[10/09/2017 16:55:31] /m crocodile
[10/09/2017 16:55:31] /m crocodile
[10/09/2017 16:55:31] /m crocodile
[10/09/2017 16:55:31] /m crocodile
[10/09/2017 16:55:31] /m crocodile
[10/09/2017 16:55:32] /m crocodile
[10/09/2017 16:55:32] /m crocodile
[10/09/2017 16:55:33] /m crocodile
[10/09/2017 16:55:34] /m crocodile
[10/09/2017 16:55:34] /m crocodile
[10/09/2017 16:55:34] /m crocodile
[10/09/2017 16:55:34] /m crocodile
[10/09/2017 16:55:34] /m crocodile
[10/09/2017 16:55:35] /m crocodile
[10/09/2017 16:55:35] /m crocodile
[10/09/2017 16:55:37] /m crocodile
[10/09/2017 16:55:37] /m crocodile
[10/09/2017 16:55:37] /m crocodile
[10/09/2017 16:55:38] /m crocodile
[10/09/2017 16:55:38] /m crocodile
[10/09/2017 16:55:38] /m crocodile
[10/09/2017 16:55:38] /m crocodile
[10/09/2017 16:55:38] /m crocodile
[10/09/2017 17:09:35] /reload npc
[10/09/2017 17:09:36] /reload actions
[10/09/2017 17:11:05] /m crocodile
[10/09/2017 17:11:06] /m crocodile
[10/09/2017 17:11:06] /m crocodile
[10/09/2017 17:11:06] /m crocodile
[10/09/2017 17:11:06] /m crocodile
[10/09/2017 17:11:06] /m crocodile
[10/09/2017 17:11:27] /m crocodile
[10/09/2017 17:11:27] /m crocodile
[10/09/2017 17:11:28] /m crocodile
[10/09/2017 17:11:28] /m crocodile
[10/09/2017 17:11:28] /m crocodile
[10/09/2017 17:11:28] /m crocodile
[10/09/2017 18:08:07] /reload npc
[10/09/2017 18:08:08] /reload actions
[10/09/2017 18:08:08] /reload creatures
[10/09/2017 18:08:10] /reload creatures
[10/09/2017 18:08:10] /reload creatures
[10/09/2017 18:08:17] /reload creaturescript
[10/09/2017 18:08:18] /reload creaturescript
[10/09/2017 18:08:25] /reload creatureevent
[10/09/2017 18:08:40] /reload creaturescript
[10/09/2017 18:08:47] /reload creatureevents
[10/09/2017 18:08:56] /reload creatureevents
[10/09/2017 18:09:13] /i 8634
[10/09/2017 18:09:17] /a
[10/09/2017 18:09:29] /n Grizzly Adams
[10/09/2017 18:09:38] /c grizzly adams
[10/09/2017 18:09:43] /n Grizzly Adams
[10/09/2017 18:09:46] /a
[10/09/2017 18:09:48] /n Grizzly Adams
[10/09/2017 18:09:52] /a 3[
[10/09/2017 18:09:55] /a 3
[10/09/2017 18:09:57] /r
[10/09/2017 18:10:01] /r
[10/09/2017 18:14:39] /n gryzzli adams
[10/09/2017 18:14:49] /n Grizzly Adams
[10/09/2017 18:14:51] /n Grizzly Adams
[10/09/2017 18:15:10] /i 8634
[10/09/2017 18:15:12] /r
[10/09/2017 18:15:14] /r
[10/09/2017 18:15:28] /m crocodile
[10/09/2017 18:15:30] /m crocodile
[10/09/2017 18:26:19] /reload npc
[10/09/2017 18:26:19] /reload actions
[10/09/2017 18:26:20] /reload creatureevents
[10/09/2017 18:26:22] /reload npc
[10/09/2017 18:26:23] /reload actions
[10/09/2017 18:26:23] /reload creatureevents
[10/09/2017 18:26:25] /m crocodile
[10/09/2017 18:26:33] /m crocodile
[10/09/2017 18:26:34] /m crocodile
[10/09/2017 18:26:34] /m crocodile
[10/09/2017 18:26:35] /m crocodile
[10/09/2017 18:26:36] /m crocodile
[10/09/2017 18:26:36] /m crocodile
[10/09/2017 18:26:36] /m crocodile
[10/09/2017 18:38:48] /reload npc
[10/09/2017 18:38:49] /reload creatureevents
[10/09/2017 18:38:50] /reload actions
[10/09/2017 18:38:52] /m crocodile
[10/09/2017 18:54:54] /n Grizzly Adams
[10/09/2017 18:55:04] /m crocodile
[10/09/2017 18:55:11] /m crocodile
[10/09/2017 18:55:12] /m crocodile
[10/09/2017 18:55:12] /m crocodile
[10/09/2017 18:55:12] /m crocodile
[10/09/2017 18:55:21] /m crocodile
[10/09/2017 18:55:21] /m crocodile
[10/09/2017 18:56:08] /reload npc
[10/09/2017 18:56:08] /reload actions
[10/09/2017 18:56:10] /reload creatureevents
[10/09/2017 18:59:47] /n Grizzly Adams
[10/09/2017 19:02:11] /reload npc
[10/09/2017 19:02:12] /reload actions
[10/09/2017 19:02:15] /reload npc
[10/09/2017 19:02:15] /reload actions
[10/09/2017 19:02:15] /reload creatureevents
[10/09/2017 19:02:19] /m crocodile
[10/09/2017 19:02:20] /m crocodile
[10/09/2017 19:02:20] /m crocodile
[10/09/2017 19:02:20] /m crocodile
[10/09/2017 19:02:28] /m crocodile
[10/09/2017 19:02:29] /m crocodile
[10/09/2017 19:02:29] /m crocodile
[10/09/2017 19:02:29] /m crocodile
[10/09/2017 19:02:29] /m crocodile
[10/09/2017 19:02:30] /m crocodile
[10/09/2017 19:02:30] /m crocodile
[10/09/2017 19:02:30] /m crocodile
[10/09/2017 19:02:30] /m crocodile
[10/09/2017 19:02:30] /m crocodile
[10/09/2017 19:02:30] /m crocodile
[10/09/2017 19:02:30] /m crocodile
[10/09/2017 19:02:30] /m crocodile
[10/09/2017 19:02:30] /m crocodile
[10/09/2017 19:02:30] /m crocodile
[10/09/2017 19:02:30] /m crocodile
[10/09/2017 19:02:31] /m crocodile
[10/09/2017 19:02:31] /m crocodile
[10/09/2017 19:02:31] /m crocodile
[10/09/2017 19:02:31] /m crocodile
[10/09/2017 19:02:32] /m crocodile
[10/09/2017 19:02:32] /m crocodile
[10/09/2017 19:02:32] /m crocodile
[10/09/2017 19:02:32] /m crocodile
[10/09/2017 19:02:33] /m crocodile
[10/09/2017 19:02:33] /m crocodile
[10/09/2017 19:02:33] /m crocodile
[10/09/2017 19:02:33] /m crocodile
[10/09/2017 19:02:33] /m crocodile
[10/09/2017 19:03:37] /reload npc
[10/09/2017 19:03:38] /reload actions
[10/09/2017 19:03:39] /reload creatureevents
[10/09/2017 19:03:40] /m crocodile
[10/09/2017 19:03:41] /m crocodile
[10/09/2017 19:03:41] /m crocodile
[10/09/2017 19:03:42] /m crocodile
[10/09/2017 19:03:42] /m crocodile
[10/09/2017 19:03:42] /m crocodile
[10/09/2017 19:03:55] /m crocodile
[10/09/2017 19:03:55] /m crocodile
[10/09/2017 19:03:55] /m crocodile
[10/09/2017 19:06:49] /m crocodile
[10/09/2017 19:06:50] /m crocodile
[10/09/2017 19:06:50] /m crocodile
[10/09/2017 19:08:29] /n Grizzly Adams
[10/09/2017 19:08:59] /n
[10/09/2017 19:09:05] /i necrotic rod
[10/09/2017 19:11:17] /m crocodile
[10/09/2017 19:11:17] /m crocodile
[10/09/2017 19:13:27] /reload npc
[10/09/2017 19:13:28] /reload actions
[10/09/2017 19:13:28] /reload creatureevents
[10/09/2017 19:17:12] /reload actions
[10/09/2017 19:17:12] /reload actions
[10/09/2017 19:17:12] /reload creatureevents
[10/09/2017 19:17:29] /n Grizzly Adams
[10/09/2017 19:17:33] /m crocodile
[10/09/2017 19:17:33] /m crocodile
[10/09/2017 19:17:35] /m crocodile
[10/09/2017 19:20:38] /n Grizzly Adams
[10/09/2017 19:20:40] /m crocodile
[10/09/2017 19:20:41] /m crocodile
[10/09/2017 19:21:16] /m crocodile
[10/09/2017 19:21:16] /m crocodile
[10/09/2017 19:21:16] /m crocodile
[10/09/2017 19:21:17] /m crocodile
[10/09/2017 19:21:17] /m crocodile
[10/09/2017 19:21:17] /m crocodile
[10/09/2017 19:21:17] /m crocodile
[10/09/2017 19:21:18] /m crocodile
[10/09/2017 19:21:18] /m crocodile
[10/09/2017 19:21:19] /m crocodile
[10/09/2017 19:21:19] /m crocodile
[10/09/2017 19:21:19] /m crocodile
[10/09/2017 19:21:19] /m crocodile
[10/09/2017 19:21:20] /m crocodile
[10/09/2017 19:21:20] /m crocodile
[10/09/2017 19:21:20] /m crocodile
[10/09/2017 19:21:20] /m crocodile
[10/09/2017 19:21:20] /m crocodile
[10/09/2017 19:21:20] /m crocodile
[10/09/2017 19:21:21] /m crocodile
[10/09/2017 19:21:21] /m crocodile
[10/09/2017 19:21:21] /m crocodile
[10/09/2017 19:21:21] /m crocodile
[10/09/2017 19:21:21] /m crocodile
[10/09/2017 19:21:22] /m crocodile
[10/09/2017 19:21:22] /m crocodile
[10/09/2017 19:21:22] /m crocodile
[10/09/2017 19:21:23] /m crocodile
[10/09/2017 19:21:23] /m crocodile
[10/09/2017 19:21:23] /m crocodile
[10/09/2017 19:21:23] /m crocodile
[10/09/2017 19:21:24] /m crocodile
[10/09/2017 19:21:24] /m crocodile
[10/09/2017 19:21:24] /m crocodile
[10/09/2017 19:21:24] /m crocodile
[10/09/2017 19:21:25] /m crocodile
[10/09/2017 19:21:25] /m crocodile
[10/09/2017 19:21:25] /m crocodile
[10/09/2017 19:21:26] /m crocodile
[10/09/2017 19:21:26] /m crocodile
[10/09/2017 19:21:26] /m crocodile
[10/09/2017 19:21:26] /m crocodile
[10/09/2017 19:21:26] /m crocodile
[10/09/2017 19:21:27] /m crocodile
[10/09/2017 19:21:27] /m crocodile
[10/09/2017 19:21:28] /m crocodile
[10/09/2017 19:21:28] /m crocodile
[10/09/2017 19:21:28] /m crocodile
[10/09/2017 19:21:29] /m crocodile
[10/09/2017 19:21:29] /m crocodile
[10/09/2017 19:21:29] /m crocodile
[10/09/2017 19:21:29] /m crocodile
[10/09/2017 19:21:29] /m crocodile
[10/09/2017 19:21:30] /m crocodile
[10/09/2017 19:21:30] /m crocodile
[10/09/2017 19:21:30] /m crocodile
[10/09/2017 19:21:30] /m crocodile
[10/09/2017 19:21:31] /m crocodile
[10/09/2017 19:21:31] /m crocodile
[10/09/2017 19:21:32] /m crocodile
[10/09/2017 19:21:32] /m crocodile
[10/09/2017 19:21:33] /m crocodile
[10/09/2017 19:21:33] /m crocodile
[10/09/2017 19:21:33] /m crocodile
[10/09/2017 19:21:33] /m crocodile
[10/09/2017 19:21:33] /m crocodile
[10/09/2017 19:21:33] /m crocodile
[10/09/2017 19:21:34] /m crocodile
[10/09/2017 19:21:34] /m crocodile
[10/09/2017 19:21:35] /m crocodile
[10/09/2017 19:21:35] /m crocodile
[10/09/2017 19:21:36] /m crocodile
[10/09/2017 19:21:36] /m crocodile
[10/09/2017 19:21:36] /m crocodile
[10/09/2017 19:21:36] /m crocodile
[10/09/2017 19:21:37] /m crocodile
[10/09/2017 19:21:37] /m crocodile
[10/09/2017 19:21:37] /m crocodile
[10/09/2017 19:21:38] /m crocodile
[10/09/2017 19:21:46] /m crocodile
[10/09/2017 19:21:47] /m crocodile
[10/09/2017 19:21:47] /m crocodile
[10/09/2017 19:21:47] /m crocodile
[10/09/2017 19:21:47] /m crocodile
[10/09/2017 19:21:47] /m crocodile
[10/09/2017 19:21:48] /m crocodile
[10/09/2017 19:21:48] /m crocodile
[10/09/2017 19:21:49] /m crocodile
[10/09/2017 19:21:49] /m crocodile
[10/09/2017 19:21:49] /m crocodile
[10/09/2017 19:21:49] /m crocodile
[10/09/2017 19:21:49] /m crocodile
[10/09/2017 19:21:50] /m crocodile
[10/09/2017 19:21:50] /m crocodile
[10/09/2017 19:21:50] /m crocodile
[10/09/2017 19:21:50] /m crocodile
[10/09/2017 19:21:51] /m crocodile
[10/09/2017 19:21:51] /m crocodile
[10/09/2017 19:21:51] /m crocodile
[10/09/2017 19:21:51] /m crocodile
[10/09/2017 19:21:52] /m crocodile
[10/09/2017 19:21:52] /m crocodile
[10/09/2017 19:21:58] /m crocodile
[10/09/2017 19:21:58] /m crocodile
[10/09/2017 19:21:59] /m crocodile
[10/09/2017 19:21:59] /m crocodile
[10/09/2017 19:21:59] /m crocodile
[10/09/2017 19:22:00] /m crocodile
[10/09/2017 19:22:00] /m crocodile
[10/09/2017 19:22:00] /m crocodile
[10/09/2017 19:22:00] /m crocodile
[10/09/2017 19:22:01] /m crocodile
[10/09/2017 19:22:01] /m crocodile
[10/09/2017 19:22:01] /m crocodile
[10/09/2017 19:22:01] /m crocodile
[10/09/2017 19:22:01] /m crocodile
[10/09/2017 19:22:02] /m crocodile
[10/09/2017 19:22:02] /m crocodile
[10/09/2017 19:22:02] /m crocodile
[10/09/2017 19:22:02] /m crocodile
[10/09/2017 19:22:02] /m crocodile
[10/09/2017 19:22:03] /m crocodile
[10/09/2017 19:22:03] /m crocodile
[10/09/2017 19:22:03] /m crocodile
[10/09/2017 19:22:03] /m crocodile
[10/09/2017 19:22:03] /m crocodile
[10/09/2017 19:22:03] /m crocodile
[10/09/2017 19:22:04] /m crocodile
[10/09/2017 19:22:04] /m crocodile
[10/09/2017 19:22:04] /m crocodile
[10/09/2017 19:22:05] /m crocodile
[10/09/2017 19:22:05] /m crocodile
[10/09/2017 19:22:05] /m crocodile
[10/09/2017 19:22:05] /m crocodile
[10/09/2017 19:22:05] /m crocodile
[10/09/2017 19:22:06] /m crocodile
[10/09/2017 19:22:07] /m crocodile
[10/09/2017 19:22:07] /m crocodile
[10/09/2017 19:22:07] /m crocodile
[10/09/2017 19:22:07] /m crocodile
[10/09/2017 19:22:07] /m crocodile
[10/09/2017 19:22:08] /m crocodile
[10/09/2017 19:22:08] /m crocodile
[10/09/2017 19:22:09] /m crocodile
[10/09/2017 19:22:09] /m crocodile
[10/09/2017 19:22:09] /m crocodile
[10/09/2017 19:22:09] /m crocodile
[10/09/2017 19:22:09] /m crocodile
[10/09/2017 19:22:10] /m crocodile
[10/09/2017 19:22:10] /m crocodile
[10/09/2017 19:22:11] /m crocodile
[10/09/2017 19:22:11] /m crocodile
[10/09/2017 19:22:11] /m crocodile
[10/09/2017 19:22:11] /m crocodile
[10/09/2017 19:22:12] /m crocodile
[10/09/2017 19:22:12] /m crocodile
[10/09/2017 19:22:12] /m crocodile
[10/09/2017 19:22:12] /m crocodile
[10/09/2017 19:22:13] /m crocodile
[10/09/2017 19:22:13] /m crocodile
[10/09/2017 19:22:13] /m crocodile
[10/09/2017 19:22:14] /m crocodile
[10/09/2017 19:22:14] /m crocodile
[10/09/2017 19:22:14] /m crocodile
[10/09/2017 19:22:14] /m crocodile
[10/09/2017 19:22:14] /m crocodile
[10/09/2017 19:22:15] /m crocodile
[10/09/2017 19:22:15] /m crocodile
[10/09/2017 19:22:16] /m crocodile
[10/09/2017 19:22:16] /m crocodile
[10/09/2017 19:22:16] /m crocodile
[10/09/2017 19:22:16] /m crocodile
[10/09/2017 19:22:17] /m crocodile
[10/09/2017 19:22:17] /m crocodile
[10/09/2017 19:22:17] /m crocodile
[10/09/2017 19:22:17] /m crocodile
[10/09/2017 19:22:18] /m crocodile
[10/09/2017 19:22:18] /m crocodile
[10/09/2017 19:22:18] /m crocodile
[10/09/2017 19:22:18] /m crocodile
[10/09/2017 19:22:18] /m crocodile
[10/09/2017 19:22:19] /m crocodile
[10/09/2017 19:22:19] /m crocodile
[10/09/2017 19:22:19] /m crocodile
[10/09/2017 19:22:19] /m crocodile
[10/09/2017 19:22:20] /m crocodile
[10/09/2017 19:22:20] /m crocodile
[10/09/2017 19:22:21] /m crocodile
[10/09/2017 19:22:21] /m crocodile
[10/09/2017 19:22:21] /m crocodile
[10/09/2017 19:22:21] /m crocodile
[10/09/2017 19:22:21] /m crocodile
[10/09/2017 19:22:21] /m crocodile
[10/09/2017 19:22:22] /m crocodile
[10/09/2017 19:22:22] /m crocodile
[10/09/2017 19:22:22] /m crocodile
[10/09/2017 19:22:22] /m crocodile
[10/09/2017 19:22:23] /m crocodile
[10/09/2017 19:22:23] /m crocodile
[10/09/2017 19:22:24] /m crocodile
[10/09/2017 19:22:24] /m crocodile
[10/09/2017 19:22:24] /m crocodile
[10/09/2017 19:22:24] /m crocodile
[10/09/2017 19:22:24] /m crocodile
[10/09/2017 19:22:24] /m crocodile
[10/09/2017 19:22:25] /m crocodile
[10/09/2017 19:22:25] /m crocodile
[10/09/2017 19:22:25] /m crocodile
[10/09/2017 19:22:25] /m crocodile
[10/09/2017 19:22:26] /m crocodile
[10/09/2017 19:22:26] /m crocodile
[10/09/2017 19:22:26] /m crocodile
[10/09/2017 19:22:26] /m crocodile
[10/09/2017 19:22:27] /m crocodile
[10/09/2017 19:22:27] /m crocodile
[10/09/2017 19:22:27] /m crocodile
[10/09/2017 19:22:28] /m crocodile
[10/09/2017 19:22:28] /m crocodile
[10/09/2017 19:22:28] /m crocodile
[10/09/2017 19:22:28] /m crocodile
[10/09/2017 19:22:28] /m crocodile
[10/09/2017 19:22:29] /m crocodile
[10/09/2017 19:22:29] /m crocodile
[10/09/2017 19:22:29] /m crocodile
[10/09/2017 19:22:30] /m crocodile
[10/09/2017 19:22:30] /m crocodile
[10/09/2017 19:22:30] /m crocodile
[10/09/2017 19:22:31] /m crocodile
[10/09/2017 19:22:31] /m crocodile
[10/09/2017 19:22:31] /m crocodile
[10/09/2017 19:22:31] /m crocodile
[10/09/2017 19:22:31] /m crocodile
[10/09/2017 19:22:32] /m crocodile
[10/09/2017 19:22:32] /m crocodile
[10/09/2017 19:22:33] /m crocodile
[10/09/2017 19:22:33] /m crocodile
[10/09/2017 19:22:33] /m crocodile
[10/09/2017 19:22:33] /m crocodile
[10/09/2017 19:22:33] /m crocodile
[10/09/2017 19:22:34] /m crocodile
[10/09/2017 19:22:34] /m crocodile
[10/09/2017 19:22:34] /m crocodile
[10/09/2017 19:22:35] /m crocodile
[10/09/2017 19:22:35] /m crocodile
[10/09/2017 19:22:35] /m crocodile
[10/09/2017 19:22:35] /m crocodile
[10/09/2017 19:22:35] /m crocodile
[10/09/2017 19:22:36] /m crocodile
[10/09/2017 19:22:37] /m crocodile
[10/09/2017 19:22:37] /m crocodile
[10/09/2017 19:22:37] /m crocodile
[10/09/2017 19:22:37] /m crocodile
[10/09/2017 19:22:37] /m crocodile
[10/09/2017 19:22:37] /m crocodile
[10/09/2017 19:22:38] /m crocodile
[10/09/2017 19:22:38] /m crocodile
[10/09/2017 19:22:39] /m crocodile
[10/09/2017 19:22:39] /m crocodile
[10/09/2017 19:22:39] /m crocodile
[10/09/2017 19:22:39] /m crocodile
[10/09/2017 19:22:39] /m crocodile
[10/09/2017 19:22:40] /m crocodile
[10/09/2017 19:22:40] /m crocodile
[10/09/2017 19:22:40] /m crocodile
[10/09/2017 19:22:41] /m crocodile
[10/09/2017 19:22:41] /m crocodile
[10/09/2017 19:22:41] /m crocodile
[10/09/2017 19:22:47] /m crocodile
[10/09/2017 19:22:47] /m crocodile
[10/09/2017 19:22:48] /m crocodile
[10/09/2017 19:22:48] /m crocodile
[10/09/2017 19:22:48] /m crocodile
[10/09/2017 19:22:48] /m crocodile
[10/09/2017 19:22:48] /m crocodile
[10/09/2017 19:22:48] /m crocodile
[10/09/2017 19:22:49] /m crocodile
[10/09/2017 19:22:49] /m crocodile
[10/09/2017 19:22:50] /m crocodile
[10/09/2017 19:22:50] /m crocodile
[10/09/2017 19:22:50] /m crocodile
[10/09/2017 19:22:50] /m crocodile
[10/09/2017 19:22:50] /m crocodile
[10/09/2017 19:22:51] /m crocodile
[10/09/2017 19:22:51] /m crocodile
[10/09/2017 19:22:52] /m crocodile
[10/09/2017 19:22:52] /m crocodile
[10/09/2017 19:22:52] /m crocodile
[10/09/2017 19:22:52] /m crocodile
[10/09/2017 19:22:52] /m crocodile
[10/09/2017 19:22:53] /m crocodile
[10/09/2017 19:22:53] /m crocodile
[10/09/2017 19:22:54] /m crocodile
[10/09/2017 19:22:54] /m crocodile
[10/09/2017 19:22:54] /m crocodile
[10/09/2017 19:22:54] /m crocodile
[10/09/2017 19:22:54] /m crocodile
[10/09/2017 19:22:55] /m crocodile
[10/09/2017 19:22:56] /m crocodile
[10/09/2017 19:22:56] /m crocodile
[10/09/2017 19:22:56] /m crocodile
[10/09/2017 19:22:56] /m crocodile
[10/09/2017 19:22:57] /m crocodile
[10/09/2017 19:22:57] /m crocodile
[10/09/2017 19:22:57] /m crocodile
[10/09/2017 19:22:57] /m crocodile
[10/09/2017 19:22:58] /m crocodile
[10/09/2017 19:22:58] /m crocodile
[10/09/2017 19:22:58] /m crocodile
[10/09/2017 19:22:59] /m crocodile
[10/09/2017 19:22:59] /m crocodile
[10/09/2017 19:22:59] /m crocodile
[10/09/2017 19:22:59] /m crocodile
[10/09/2017 19:22:59] /m crocodile
[10/09/2017 19:23:00] /m crocodile
[10/09/2017 19:23:01] /m crocodile
[10/09/2017 19:23:01] /m crocodile
[10/09/2017 19:23:02] /m crocodile
[10/09/2017 19:23:02] /m crocodile
[10/09/2017 19:23:02] /m crocodile
[10/09/2017 19:23:02] /m crocodile
[10/09/2017 19:23:02] /m crocodile
[10/09/2017 19:23:03] /m crocodile
[10/09/2017 19:23:03] /m crocodile
[10/09/2017 19:23:04] /m crocodile
[10/09/2017 19:23:04] /m crocodile
[10/09/2017 19:23:04] /m crocodile
[10/09/2017 19:23:04] /m crocodile
[10/09/2017 19:23:04] /m crocodile
[10/09/2017 19:23:47] /m crocodile
[10/09/2017 19:23:47] /m crocodile
[10/09/2017 19:23:47] /m crocodile
[10/09/2017 19:23:47] /m crocodile
[10/09/2017 19:23:47] /m crocodile
[10/09/2017 19:23:48] /m crocodile
[10/09/2017 19:23:55] /m crocodile
[10/09/2017 19:23:56] /m crocodile
[10/09/2017 19:23:56] /m crocodile
[10/09/2017 19:23:57] /m crocodile
[10/09/2017 19:24:52] /m tarantulas
[10/09/2017 19:24:53] /m tarantula
[10/09/2017 19:24:54] /m tarantula
[10/09/2017 19:24:55] /m tarantula
[10/09/2017 19:25:20] /m crocodile
[10/09/2017 19:25:20] /m crocodile
[10/09/2017 19:25:20] /m crocodile
[10/09/2017 19:25:20] /m crocodile
[10/09/2017 19:25:21] /m crocodile
[10/09/2017 19:25:21] /m crocodile
[10/09/2017 19:25:22] /m crocodile
[10/09/2017 19:25:22] /m crocodile
[10/09/2017 19:25:23] /m crocodile
[10/09/2017 19:25:49] /m tarantula
[10/09/2017 19:25:50] /m tarantula
[10/09/2017 19:26:00] /r
[10/09/2017 19:26:07] /m crocodile
[10/09/2017 19:28:43] /i health potion
[10/09/2017 19:28:47] /i mana potion
[10/09/2017 19:29:11] /reload npc
[10/09/2017 19:29:11] /reload actions
[10/09/2017 19:29:12] /reload creatureevents
[10/09/2017 19:31:05] /reload npc
[10/09/2017 19:31:05] /reload actions
[10/09/2017 19:31:06] /reload creatureevents
[10/09/2017 19:33:44] /n Grizzly Adams
[10/09/2017 19:34:06] /m crocodile
[10/09/2017 19:34:06] /m crocodile
[10/09/2017 19:34:07] /m crocodile
[10/09/2017 19:34:07] /m crocodile
[10/09/2017 19:34:07] /m crocodile
[10/09/2017 19:34:50] /reload npc
[10/09/2017 19:34:51] /reload actions
[10/09/2017 19:34:51] /reload creatureevents
[10/09/2017 19:34:58] /m crocodile
[10/09/2017 19:34:58] /m crocodile
[10/09/2017 19:34:59] /m crocodile
[10/09/2017 19:34:59] /m crocodile
[10/09/2017 19:34:59] /m crocodile
[10/09/2017 19:36:08] /reload npc
[10/09/2017 19:36:09] /reload actions
[10/09/2017 19:36:10] /reload actions
[10/09/2017 19:36:11] /reload creatureevents
[10/09/2017 19:42:07] /reload npc
[10/09/2017 19:42:08] /reload actions
[10/09/2017 19:42:08] /reload creatureevents
[10/09/2017 19:42:20] /m crocodile
[10/09/2017 19:42:34] /m crocodile
[10/09/2017 19:42:35] /m crocodile
[10/09/2017 19:42:35] /m crocodile
[10/09/2017 19:42:35] /m crocodile
[10/09/2017 19:44:21] /reload npc
[10/09/2017 19:44:22] /reload actions
[10/09/2017 19:44:22] /reload creatureevents
[10/09/2017 19:44:26] /m crocodile
[10/09/2017 19:44:37] /m crocodile
[10/09/2017 19:44:37] /m crocodile
[10/09/2017 19:44:38] /m crocodile
[10/09/2017 19:44:38] /m crocodile
[10/09/2017 19:44:38] /m crocodile
[10/09/2017 19:44:46] /m crocodile
[10/09/2017 19:44:46] /m crocodile
[10/09/2017 19:44:46] /m crocodile
[10/09/2017 19:44:46] /m crocodile
[10/09/2017 19:44:47] /m crocodile
[10/09/2017 19:48:37] /reload npc
[10/09/2017 19:48:37] /reload actions
[10/09/2017 19:48:38] /reload creatureevents
[10/09/2017 19:49:53] /m crocodile
[10/09/2017 19:49:54] /m crocodile
[10/09/2017 19:49:54] /m tarantula
[10/09/2017 19:49:55] /m tarantula
[10/09/2017 19:50:38] /reload npc
[10/09/2017 19:50:38] /reload actions
[10/09/2017 19:50:39] /reload creatureevents
[10/09/2017 19:50:41] /m crocodile
[10/09/2017 19:50:41] /m tarantula
[10/09/2017 19:50:42] /m tarantula
[10/09/2017 19:50:42] /m tarantula
[10/09/2017 19:50:42] /m crocodile
[10/09/2017 19:53:43] /m crocodile
[10/09/2017 19:53:43] /m crocodile
[10/09/2017 19:53:44] /m tarantula
[10/09/2017 19:53:44] /m tarantula
[10/09/2017 19:53:44] /m tarantula
[10/09/2017 19:53:44] /m tarantula
[10/09/2017 19:53:44] /m tarantula
[10/09/2017 19:53:45] /m tarantula
[10/09/2017 19:53:45] /m tarantula
[10/09/2017 19:53:45] /m tarantula
[10/09/2017 19:53:46] /m tarantula
[10/09/2017 19:53:46] /m tarantula
[10/09/2017 19:53:46] /m tarantula
[10/09/2017 19:53:47] /m tarantula
[10/09/2017 19:53:47] /m tarantula
[10/09/2017 19:53:47] /m tarantula
[10/09/2017 19:53:47] /m tarantula
[10/09/2017 19:53:47] /m tarantula
[10/09/2017 19:53:48] /m tarantula
[10/09/2017 19:53:48] /m tarantula
[10/09/2017 19:53:48] /m tarantula
[10/09/2017 19:53:48] /m tarantula
[10/09/2017 19:53:52] /m crocodile
[10/09/2017 19:53:53] /m crocodile
[10/09/2017 19:53:53] /m crocodile
[10/09/2017 19:53:53] /m crocodile
[10/09/2017 19:53:53] /m crocodile
[10/09/2017 19:53:54] /m crocodile
[10/09/2017 19:53:55] /m crocodile
[10/09/2017 19:53:57] /m tarantula
[10/09/2017 19:53:58] /m tarantula
[10/09/2017 19:53:58] /m tarantula
[10/09/2017 19:53:59] /m tarantula
[10/09/2017 19:53:59] /m tarantula
[10/09/2017 19:53:59] /m tarantula
[10/09/2017 19:54:00] /m tarantula
[10/09/2017 19:54:00] /m tarantula
[10/09/2017 19:54:13] /m tarantula
[10/09/2017 19:54:14] /m tarantula
[10/09/2017 19:54:14] /m tarantula
[10/09/2017 19:54:14] /m tarantula
[10/09/2017 19:54:14] /m tarantula
[10/09/2017 19:54:14] /m tarantula
[10/09/2017 19:54:14] /m tarantula
[10/09/2017 19:54:14] /m tarantula
[10/09/2017 19:54:14] /m tarantula
[10/09/2017 19:54:14] /m tarantula
[10/09/2017 19:54:15] /m tarantula
[10/09/2017 19:54:15] /m tarantula
[10/09/2017 19:54:15] /m tarantula
[10/09/2017 19:54:15] /m tarantula
[10/09/2017 19:54:15] /m tarantula
[10/09/2017 19:54:15] /m tarantula
[10/09/2017 19:54:15] /m tarantula
[10/09/2017 19:54:16] /m tarantula
[10/09/2017 19:54:16] /m tarantula
[10/09/2017 19:54:16] /m tarantula
[10/09/2017 19:54:16] /m tarantula
[10/09/2017 19:54:17] /m tarantula
[10/09/2017 19:54:17] /m tarantula
[10/09/2017 19:54:17] /m tarantula
[10/09/2017 19:54:17] /m tarantula
[10/09/2017 19:54:17] /m tarantula
[10/09/2017 19:54:18] /m tarantula
[10/09/2017 19:54:18] /m tarantula
[10/09/2017 19:54:18] /m tarantula
[10/09/2017 19:54:18] /m tarantula
[10/09/2017 19:54:18] /m tarantula
[10/09/2017 19:54:19] /m tarantula
[10/09/2017 19:54:19] /m tarantula
[10/09/2017 19:54:19] /m tarantula
[10/09/2017 19:54:20] /m tarantula
[10/09/2017 19:54:20] /m tarantula
[10/09/2017 19:54:20] /m tarantula
[10/09/2017 19:54:21] /m tarantula
[10/09/2017 19:54:21] /m tarantula
[10/09/2017 19:54:21] /m tarantula
[10/09/2017 19:54:21] /m tarantula
[10/09/2017 19:54:21] /m tarantula
[10/09/2017 19:54:21] /m tarantula
[10/09/2017 19:54:22] /m tarantula
[10/09/2017 19:54:22] /m tarantula
[10/09/2017 19:54:22] /m tarantula
[10/09/2017 19:54:23] /m tarantula
[10/09/2017 19:54:23] /m tarantula
[10/09/2017 19:54:23] /m tarantula
[10/09/2017 19:54:24] /m tarantula
[10/09/2017 19:54:24] /m tarantula
[10/09/2017 19:54:24] /m tarantula
[10/09/2017 19:54:24] /m tarantula
[10/09/2017 19:54:25] /m tarantula
[10/09/2017 19:54:25] /m tarantula
[10/09/2017 19:54:25] /m tarantula
[10/09/2017 19:54:25] /m tarantula
[10/09/2017 19:54:25] /m tarantula
[10/09/2017 19:54:26] /m tarantula
[10/09/2017 19:54:26] /m tarantula
[10/09/2017 19:54:27] /m tarantula
[10/09/2017 19:54:27] /m tarantula
[10/09/2017 19:54:27] /m tarantula
[10/09/2017 19:54:28] /m tarantula
[10/09/2017 19:54:28] /m tarantula
[10/09/2017 19:54:28] /m tarantula
[10/09/2017 19:54:28] /m tarantula
[10/09/2017 19:54:28] /m tarantula
[10/09/2017 19:54:28] /m tarantula
[10/09/2017 19:54:29] /m tarantula
[10/09/2017 19:54:29] /m tarantula
[10/09/2017 19:54:30] /m tarantula
[10/09/2017 19:54:30] /m tarantula
[10/09/2017 19:54:30] /m tarantula
[10/09/2017 19:54:30] /m tarantula
[10/09/2017 19:54:30] /m tarantula
[10/09/2017 19:54:31] /m tarantula
[10/09/2017 19:54:31] /m tarantula
[10/09/2017 19:54:31] /m tarantula
[10/09/2017 19:54:31] /m tarantula
[10/09/2017 19:54:31] /m tarantula
[10/09/2017 19:54:32] /m tarantula
[10/09/2017 19:54:33] /m tarantula
[10/09/2017 19:54:33] /m tarantula
[10/09/2017 19:54:33] /m tarantula
[10/09/2017 19:54:33] /m tarantula
[10/09/2017 19:54:33] /m tarantula
[10/09/2017 19:54:34] /m tarantula
[10/09/2017 19:54:34] /m tarantula
[10/09/2017 19:54:34] /m tarantula
[10/09/2017 19:54:34] /m tarantula
[10/09/2017 19:54:34] /m tarantula
[10/09/2017 19:54:35] /m tarantula
[10/09/2017 19:54:35] /m tarantula
[10/09/2017 19:54:35] /m tarantula
[10/09/2017 19:54:35] /m tarantula
[10/09/2017 19:54:35] /m tarantula
[10/09/2017 19:54:35] /m tarantula
[10/09/2017 19:54:36] /m tarantula
[10/09/2017 19:54:36] /m tarantula
[10/09/2017 19:54:36] /m tarantula
[10/09/2017 19:54:36] /m tarantula
[10/09/2017 19:54:37] /m tarantula
[10/09/2017 19:54:37] /m tarantula
[10/09/2017 19:54:38] /m tarantula
[10/09/2017 19:54:38] /m tarantula
[10/09/2017 19:54:38] /m tarantula
[10/09/2017 19:54:38] /m tarantula
[10/09/2017 19:54:39] /m tarantula
[10/09/2017 19:54:39] /m tarantula
[10/09/2017 19:54:39] /m tarantula
[10/09/2017 19:54:39] /m tarantula
[10/09/2017 19:54:40] /m tarantula
[10/09/2017 19:54:41] /m tarantula
[10/09/2017 19:54:41] /m tarantula
[10/09/2017 19:54:41] /m tarantula
[10/09/2017 19:54:42] /m tarantula
[10/09/2017 19:54:42] /m tarantula
[10/09/2017 19:54:42] /m tarantula
[10/09/2017 19:54:42] /m tarantula
[10/09/2017 19:54:43] /m tarantula
[10/09/2017 19:54:43] /m tarantula
[10/09/2017 19:54:43] /m tarantula
[10/09/2017 19:54:43] /m tarantula
[10/09/2017 19:54:44] /m tarantula
[10/09/2017 19:54:44] /m tarantula
[10/09/2017 19:54:44] /m tarantula
[10/09/2017 19:54:44] /m tarantula
[10/09/2017 19:54:44] /m tarantula
[10/09/2017 19:54:45] /m tarantula
[10/09/2017 19:54:45] /m tarantula
[10/09/2017 19:54:46] /m tarantula
[10/09/2017 19:54:46] /m tarantula
[10/09/2017 19:54:46] /m tarantula
[10/09/2017 19:54:47] /m tarantula
[10/09/2017 19:54:47] /m tarantula
[10/09/2017 19:54:47] /m tarantula
[10/09/2017 19:54:47] /m tarantula
[10/09/2017 19:54:47] /m tarantula
[10/09/2017 19:54:48] /m tarantula
[10/09/2017 19:54:48] /m tarantula
[10/09/2017 19:54:49] /m tarantula
[10/09/2017 19:54:49] /m tarantula
[10/09/2017 19:54:49] /m tarantula
[10/09/2017 19:54:49] /m tarantula
[10/09/2017 19:54:49] /m tarantula
[10/09/2017 19:54:50] /m tarantula
[10/09/2017 19:54:50] /m tarantula
[10/09/2017 19:54:50] /m tarantula
[10/09/2017 19:54:50] /m tarantula
[10/09/2017 19:54:50] /m tarantula
[10/09/2017 19:54:50] /m tarantula
[10/09/2017 19:54:51] /m tarantula
[10/09/2017 19:54:51] /m tarantula
[10/09/2017 19:54:52] /m tarantula
[10/09/2017 19:54:52] /m tarantula
[10/09/2017 19:54:52] /m tarantula
[10/09/2017 19:54:52] /m tarantula
[10/09/2017 19:54:53] /m tarantula
[10/09/2017 19:54:53] /m tarantula
[10/09/2017 19:54:53] /m tarantula
[10/09/2017 19:54:53] /m tarantula
[10/09/2017 19:54:54] /m tarantula
[10/09/2017 19:54:54] /m tarantula
[10/09/2017 19:54:54] /m tarantula
[10/09/2017 19:54:54] /m tarantula
[10/09/2017 19:54:55] /m tarantula
[10/09/2017 19:54:55] /m tarantula
[10/09/2017 19:54:55] /m tarantula
[10/09/2017 19:54:56] /m tarantula
[10/09/2017 19:54:56] /m tarantula
[10/09/2017 19:54:56] /m tarantula
[10/09/2017 19:54:57] /m tarantula
[10/09/2017 19:54:57] /m tarantula
[10/09/2017 19:54:57] /m tarantula
[10/09/2017 19:54:57] /m tarantula
[10/09/2017 19:54:57] /m tarantula
[10/09/2017 19:54:57] /m tarantula
[10/09/2017 19:54:58] /m tarantula
[10/09/2017 19:54:58] /m tarantula
[10/09/2017 19:54:59] /m tarantula
[10/09/2017 19:54:59] /m tarantula
[10/09/2017 19:54:59] /m tarantula
[10/09/2017 19:54:59] /m tarantula
[10/09/2017 19:55:00] /m tarantula
[10/09/2017 19:55:00] /m tarantula
[10/09/2017 19:55:00] /m tarantula
[10/09/2017 19:55:00] /m tarantula
[10/09/2017 19:55:01] /m tarantula
[10/09/2017 19:55:01] /m tarantula
[10/09/2017 19:55:01] /m tarantula
[10/09/2017 19:55:01] /m tarantula
[10/09/2017 19:55:01] /m tarantula
[10/09/2017 19:55:01] /m tarantula
[10/09/2017 19:55:02] /m tarantula
[10/09/2017 19:55:02] /m tarantula
[10/09/2017 19:55:03] /m tarantula
[10/09/2017 19:55:03] /m tarantula
[10/09/2017 19:55:03] /m tarantula
[10/09/2017 19:55:03] /m tarantula
[10/09/2017 19:55:03] /m tarantula
[10/09/2017 19:55:04] /m tarantula
[10/09/2017 19:55:04] /m tarantula
[10/09/2017 19:55:04] /m tarantula
[10/09/2017 19:55:05] /m tarantula
[10/09/2017 19:55:05] /m tarantula
[10/09/2017 19:55:05] /m tarantula
[10/09/2017 19:55:06] /m tarantula
[10/09/2017 19:55:06] /m tarantula
[10/09/2017 19:55:06] /m tarantula
[10/09/2017 19:55:06] /m tarantula
[10/09/2017 19:55:07] /m tarantula
[10/09/2017 19:55:07] /m tarantula
[10/09/2017 19:55:07] /m tarantula
[10/09/2017 19:55:07] /m tarantula
[10/09/2017 19:55:07] /m tarantula
[10/09/2017 19:55:08] /m tarantula
[10/09/2017 19:55:08] /m tarantula
[10/09/2017 19:55:08] /m tarantula
[10/09/2017 19:55:08] /m tarantula
[10/09/2017 19:55:08] /m tarantula
[10/09/2017 19:55:09] /m tarantula
[10/09/2017 19:55:09] /m tarantula
[10/09/2017 19:55:09] /m tarantula
[10/09/2017 19:55:10] /m tarantula
[10/09/2017 19:55:11] /m tarantula
[10/09/2017 19:55:11] /m tarantula
[10/09/2017 19:55:11] /m tarantula
[10/09/2017 19:55:11] /m tarantula
[10/09/2017 19:55:11] /m tarantula
[10/09/2017 19:55:12] /m tarantula
[10/09/2017 19:55:12] /m tarantula
[10/09/2017 19:55:12] /m tarantula
[10/09/2017 19:55:12] /m tarantula
[10/09/2017 19:55:12] /m tarantula
[10/09/2017 19:55:13] /m tarantula
[10/09/2017 19:55:13] /m tarantula
[10/09/2017 19:55:13] /m tarantula
[10/09/2017 19:55:16] /m tarantula
[10/09/2017 19:55:16] /m tarantula
[10/09/2017 19:55:17] /m tarantula
[10/09/2017 19:55:17] /m tarantula
[10/09/2017 19:55:17] /m tarantula
[10/09/2017 19:55:17] /m tarantula
[10/09/2017 19:55:17] /m tarantula
[10/09/2017 19:55:18] /m tarantula
[10/09/2017 19:55:18] /m tarantula
[10/09/2017 19:55:18] /m tarantula
[10/09/2017 19:55:18] /m tarantula
[10/09/2017 19:55:19] /m tarantula
[10/09/2017 19:55:20] /m tarantula
[10/09/2017 19:55:20] /m tarantula
[10/09/2017 19:55:20] /m tarantula
[10/09/2017 19:55:20] /m tarantula
[10/09/2017 19:55:21] /m tarantula
[10/09/2017 19:55:21] /m tarantula
[10/09/2017 19:55:21] /m tarantula
[10/09/2017 19:55:21] /m tarantula
[10/09/2017 19:55:21] /m tarantula
[10/09/2017 19:55:22] /m tarantula
[10/09/2017 19:55:22] /m tarantula
[10/09/2017 19:55:23] /m tarantula
[10/09/2017 19:55:23] /m tarantula
[10/09/2017 19:55:24] /m tarantula
[10/09/2017 19:55:24] /m tarantula
[10/09/2017 19:55:24] /m tarantula
[10/09/2017 19:55:24] /m tarantula
[10/09/2017 19:55:25] /m tarantula
[10/09/2017 19:55:25] /m tarantula
[10/09/2017 19:55:25] /m tarantula
[10/09/2017 19:55:25] /m tarantula
[10/09/2017 19:55:25] /m tarantula
[10/09/2017 19:55:26] /m tarantula
[10/09/2017 19:55:26] /m tarantula
[10/09/2017 19:55:26] /m tarantula
[10/09/2017 19:55:27] /m tarantula
[10/09/2017 19:55:28] /m tarantula
[10/09/2017 19:55:28] /m tarantula
[10/09/2017 19:55:28] /m tarantula
[10/09/2017 19:55:28] /m tarantula
[10/09/2017 19:55:28] /m tarantula
[10/09/2017 19:55:29] /m tarantula
[10/09/2017 19:55:29] /m tarantula
[10/09/2017 19:55:29] /m tarantula
[10/09/2017 19:55:29] /m tarantula
[10/09/2017 19:55:29] /m tarantula
[10/09/2017 19:55:31] /m tarantula
[10/09/2017 19:55:31] /m tarantula
[10/09/2017 19:55:31] /m tarantula
[10/09/2017 19:55:31] /m tarantula
[10/09/2017 19:55:31] /m tarantula
[10/09/2017 19:55:32] /m tarantula
[10/09/2017 19:55:32] /m tarantula
[10/09/2017 19:55:33] /m tarantula
[10/09/2017 19:55:33] /m tarantula
[10/09/2017 19:55:34] /m tarantula
[10/09/2017 19:55:34] /m tarantula
[10/09/2017 19:55:34] /m tarantula
[10/09/2017 19:55:36] /m tarantula
[10/09/2017 19:55:36] /m tarantula
[10/09/2017 19:55:36] /m tarantula
[10/09/2017 19:55:37] /m tarantula
[10/09/2017 19:55:37] /m tarantula
[10/09/2017 19:55:37] /m tarantula
[10/09/2017 19:55:37] /m tarantula
[10/09/2017 19:55:37] /m tarantula
[10/09/2017 19:55:42] /m tarantula
[10/09/2017 19:55:42] /m tarantula
[10/09/2017 19:55:43] /m tarantula
[10/09/2017 19:55:43] /m tarantula
[10/09/2017 19:55:43] /m tarantula
[10/09/2017 19:55:43] /m tarantula
[10/09/2017 19:55:44] /m tarantula
[10/09/2017 19:55:45] /m tarantula
[10/09/2017 19:55:45] /m tarantula
[10/09/2017 19:55:45] /m tarantula
[10/09/2017 19:55:45] /m tarantula
[10/09/2017 19:55:46] /m tarantula
[10/09/2017 19:55:46] /m tarantula
[10/09/2017 19:55:46] /m tarantula
[10/09/2017 19:55:46] /m tarantula
[10/09/2017 19:55:47] /m tarantula
[10/09/2017 19:55:47] /m tarantula
[10/09/2017 19:55:47] /m tarantula
[10/09/2017 19:55:47] /m tarantula
[10/09/2017 19:55:48] /m tarantula
[10/09/2017 19:55:48] /m tarantula
[10/09/2017 19:55:48] /m tarantula
[10/09/2017 19:55:48] /m tarantula
[10/09/2017 19:55:50] /m tarantula
[10/09/2017 19:55:50] /m tarantula
[10/09/2017 19:55:50] /m tarantula
[10/09/2017 19:55:51] /m tarantula
[10/09/2017 19:55:51] /m tarantula
[10/09/2017 19:55:51] /m tarantula
[10/09/2017 19:55:53] /m tarantula
[10/09/2017 19:55:53] /m tarantula
[10/09/2017 19:55:53] /m tarantula
[10/09/2017 19:55:53] /m tarantula
[10/09/2017 19:55:54] /m tarantula
[10/09/2017 19:55:54] /m tarantula
[10/09/2017 19:55:54] /m tarantula
[10/09/2017 19:55:55] /m tarantula
[10/09/2017 19:55:55] /m tarantula
[10/09/2017 19:55:55] /m tarantula
[10/09/2017 19:55:56] /m tarantula
[10/09/2017 19:55:56] /m tarantula
[10/09/2017 19:55:56] /m tarantula
[10/09/2017 19:55:56] /m tarantula
[10/09/2017 19:55:56] /m tarantula
[10/09/2017 19:55:57] /m tarantula
[10/09/2017 19:55:57] /m tarantula
[10/09/2017 19:55:57] /m tarantula
[10/09/2017 19:55:57] /m tarantula
[10/09/2017 19:55:57] /m tarantula
[10/09/2017 19:55:59] /m tarantula
[10/09/2017 19:56:00] /m tarantula
[10/09/2017 19:56:00] /m tarantula
[10/09/2017 19:56:00] /m tarantula
[10/09/2017 19:56:00] /m tarantula
[10/09/2017 19:56:00] /m tarantula
[10/09/2017 19:56:01] /m tarantula
[10/09/2017 19:56:01] /m tarantula
[10/09/2017 19:56:02] /m tarantula
[10/09/2017 19:56:02] /m tarantula
[10/09/2017 19:56:02] /m tarantula
[10/09/2017 19:56:02] /m tarantula
[10/09/2017 19:56:02] /m tarantula
[10/09/2017 19:56:03] /m tarantula
[10/09/2017 19:56:03] /m tarantula
[10/09/2017 19:56:03] /m tarantula
[10/09/2017 19:56:04] /m tarantula
[10/09/2017 19:56:04] /m tarantula
[10/09/2017 19:56:04] /m tarantula
[10/09/2017 19:56:04] /m tarantula
[10/09/2017 19:56:05] /m tarantula
[10/09/2017 19:56:05] /m tarantula
[10/09/2017 19:56:05] /m tarantula
[10/09/2017 19:56:06] /m tarantula
[10/09/2017 19:56:06] /m tarantula
[10/09/2017 19:56:07] /m tarantula
[10/09/2017 19:56:07] /m tarantula
[10/09/2017 19:56:07] /m tarantula
[10/09/2017 19:56:07] /m tarantula
[10/09/2017 19:56:07] /m tarantula
[10/09/2017 19:56:08] /m tarantula
[10/09/2017 19:56:08] /m tarantula
[10/09/2017 19:56:09] /m tarantula
[10/09/2017 19:56:09] /m tarantula
[10/09/2017 19:56:10] /m tarantula
[10/09/2017 19:56:10] /m tarantula
[10/09/2017 19:56:10] /m tarantula
[10/09/2017 19:56:10] /m tarantula
[10/09/2017 19:56:10] /m tarantula
[10/09/2017 19:56:11] /m tarantula
[10/09/2017 19:56:12] /m tarantula
[10/09/2017 19:56:12] /m tarantula
[10/09/2017 19:56:12] /m tarantula
[10/09/2017 19:56:12] /m tarantula
[10/09/2017 19:56:13] /m tarantula
[10/09/2017 19:56:13] /m tarantula
[10/09/2017 19:56:13] /m tarantula
[10/09/2017 19:56:13] /m tarantula
[10/09/2017 19:56:13] /m tarantula
[10/09/2017 19:56:14] /m tarantula
[10/09/2017 19:56:15] /m tarantula
[10/09/2017 19:56:15] /m tarantula
[10/09/2017 19:56:16] /m tarantula
[10/09/2017 19:56:16] /m tarantula
[10/09/2017 19:56:16] /m tarantula
[10/09/2017 19:56:16] /m tarantula
[10/09/2017 19:56:16] /m tarantula
[10/09/2017 19:56:17] /m tarantula
[10/09/2017 19:56:17] /m tarantula
[10/09/2017 19:56:17] /m tarantula
[10/09/2017 19:56:18] /m tarantula
[10/09/2017 19:56:18] /m tarantula
[10/09/2017 19:56:19] /m tarantula
[10/09/2017 19:56:19] /m tarantula
[10/09/2017 19:56:19] /m tarantula
[10/09/2017 19:56:19] /m tarantula
[10/09/2017 19:56:20] /m tarantula
[10/09/2017 19:56:20] /m tarantula
[10/09/2017 19:56:20] /m tarantula
[10/09/2017 19:56:21] /m tarantula
[10/09/2017 19:56:21] /m tarantula
[10/09/2017 19:56:22] /m tarantula
[10/09/2017 19:56:22] /m tarantula
[10/09/2017 19:56:22] /m tarantula
[10/09/2017 19:56:22] /m tarantula
[10/09/2017 19:56:23] /m tarantula
[10/09/2017 19:56:23] /m tarantula
[10/09/2017 20:28:07] /n Grizzly Adams
[10/09/2017 20:28:22] /i magic sword
[10/09/2017 20:28:34] /i backpack
[10/09/2017 20:28:40] /i magic sword
[10/09/2017 20:28:52] /i demon armor
[10/09/2017 20:28:55] /i demon legs
[10/09/2017 20:29:05] /i demon armor
[10/09/2017 20:30:10] /m crocodile
[10/09/2017 20:30:12] /m crocodile
[10/09/2017 20:31:49] /m crocodile
[10/09/2017 20:31:50] /m tarantula
[10/09/2017 20:31:50] /m crocodile
[10/09/2017 20:31:50] /m crocodile
[10/09/2017 20:37:03] /m tarantula
[10/09/2017 20:37:03] /m crocodile
[10/09/2017 20:37:04] /m crocodile
[10/09/2017 20:37:04] /m crocodile
[10/09/2017 20:37:04] /m crocodile
[10/09/2017 20:37:50] /reload npc
[10/09/2017 20:37:51] /reload actions
[10/09/2017 20:37:52] /reload creatureevents
[10/09/2017 20:37:54] /m crocodile
[10/09/2017 20:38:00] /m crocodile
[10/09/2017 20:38:00] /m crocodile
[10/09/2017 20:38:01] /m crocodile
[10/09/2017 20:38:01] /m crocodile
[10/09/2017 20:38:01] /m crocodile
[10/09/2017 20:38:02] /m crocodile
[10/09/2017 20:38:02] /m crocodile
[10/09/2017 20:38:02] /m crocodile
[10/09/2017 20:38:03] /m crocodile
[10/09/2017 20:38:03] /m crocodile
[10/09/2017 20:38:03] /m crocodile
[10/09/2017 20:43:04] /n Grizzly Adams
[10/09/2017 20:43:20] /m crocodile
[10/09/2017 20:43:20] /m crocodile
[10/09/2017 20:43:20] /m crocodile
[10/09/2017 20:43:21] /m crocodile
[10/09/2017 20:43:21] /m crocodile
[10/09/2017 20:43:33] /m crocodile
[10/09/2017 20:43:34] /m crocodile
[10/09/2017 20:43:34] /m crocodile
[10/09/2017 20:43:34] /m crocodile
[10/09/2017 20:43:34] /m crocodile
[10/09/2017 20:43:34] /m crocodile
[10/09/2017 20:43:34] /m crocodile
[10/09/2017 20:43:35] /m crocodile
[10/09/2017 20:43:52] /m crocodile
[10/09/2017 20:43:52] /m crocodile
[10/09/2017 20:43:53] /m crocodile
[10/09/2017 20:43:53] /m crocodile
[10/09/2017 20:43:53] /m crocodile
[10/09/2017 20:43:53] /m crocodile
[10/09/2017 20:43:53] /m crocodile
[10/09/2017 20:43:53] /m crocodile
[10/09/2017 20:43:55] /m crocodile
[10/09/2017 20:43:55] /m crocodile
[10/09/2017 20:43:55] /m crocodile
[10/09/2017 20:43:55] /m crocodile
[10/09/2017 20:43:55] /m crocodile
[10/09/2017 20:43:56] /m crocodile
[10/09/2017 20:43:56] /m crocodile
[10/09/2017 20:43:56] /m crocodile
[10/09/2017 20:43:56] /m crocodile
[10/09/2017 20:43:56] /m crocodile
[10/09/2017 20:43:56] /m crocodile
[10/09/2017 20:43:57] /m crocodile
[10/09/2017 20:43:57] /m crocodile
[10/09/2017 20:43:57] /m crocodile
[10/09/2017 20:43:57] /m crocodile
[10/09/2017 20:43:57] /m crocodile
[10/09/2017 20:43:58] /m crocodile
[10/09/2017 20:43:58] /m crocodile
[10/09/2017 20:43:59] /m crocodile
[10/09/2017 20:43:59] /m crocodile
[10/09/2017 20:43:59] /m crocodile
[10/09/2017 20:43:59] /m crocodile
[10/09/2017 20:43:59] /m crocodile
[10/09/2017 20:43:59] /m crocodile
[10/09/2017 20:44:00] /m crocodile
[10/09/2017 20:44:00] /m crocodile
[10/09/2017 20:44:01] /m crocodile
[10/09/2017 20:44:01] /m crocodile
[10/09/2017 20:44:01] /m crocodile
[10/09/2017 20:44:01] /m crocodile
[10/09/2017 20:44:01] /m crocodile
[10/09/2017 20:44:02] /m crocodile
[10/09/2017 20:44:02] /m crocodile
[10/09/2017 20:44:03] /m crocodile
[10/09/2017 20:44:03] /m crocodile
[10/09/2017 20:44:03] /m crocodile
[10/09/2017 20:44:04] /m crocodile
[10/09/2017 20:44:04] /m crocodile
[10/09/2017 20:44:04] /m crocodile
[10/09/2017 20:44:04] /m crocodile
[10/09/2017 20:44:05] /m crocodile
[10/09/2017 20:44:05] /m crocodile
[10/09/2017 20:44:05] /m crocodile
[10/09/2017 20:44:05] /m crocodile
[10/09/2017 20:44:06] /m crocodile
[10/09/2017 20:44:07] /m crocodile
[10/09/2017 20:44:07] /m crocodile
[10/09/2017 20:44:07] /m crocodile
[10/09/2017 20:44:07] /m crocodile
[10/09/2017 20:44:07] /m crocodile
[10/09/2017 20:44:36] /m crocodile
[10/09/2017 20:50:07] /reload npc
[10/09/2017 20:50:08] /reload actions
[10/09/2017 20:50:08] /reload creatureevents
[10/09/2017 20:50:12] /m crocodile
[10/09/2017 20:50:13] /m crocodile
[10/09/2017 20:55:03] /n Gryzzly Adams
[10/09/2017 20:55:18] /n Grizzly Adams
[10/09/2017 20:56:54] /m crocodile
[10/09/2017 20:57:00] /m crocodile
[10/09/2017 20:57:03] /m crocodile
[10/09/2017 20:57:04] /m crocodile
[10/09/2017 20:57:05] /m crocodile
[10/09/2017 20:57:57] /reload actions
[10/09/2017 20:57:58] /reload npc
[10/09/2017 20:57:59] /reload creatureevents
[10/09/2017 20:58:01] /m crocodile
[10/09/2017 20:58:02] /m crocodile
[10/09/2017 20:58:06] /m crocodile
[10/09/2017 20:58:08] /m crocodile
[10/09/2017 20:58:08] /m crocodile
[10/09/2017 20:58:08] /m crocodile
[10/09/2017 20:58:08] /m crocodile
[10/09/2017 20:58:09] /m crocodile
[10/09/2017 20:58:09] /m crocodile
[10/09/2017 20:58:10] /m crocodile
[10/09/2017 20:58:11] /m crocodile
[10/09/2017 20:58:11] /m crocodile
[10/09/2017 20:58:11] /m crocodile
[10/09/2017 20:58:12] /m crocodile
[10/09/2017 20:58:12] /m crocodile
[10/09/2017 20:58:12] /m crocodile
