[29/11/2016 5:54:40] /reload globalevents
[29/11/2016 5:56:15] /reload globalevents
[29/11/2016 5:56:45] /b ctf is coming
[29/11/2016 6:0:14] /b galera, pelo fato do evento ser lvl 200, provavelmente nao vao ter players suficiente
[29/11/2016 6:5:22] /reload globalevents
[29/11/2016 6:14:27] /ghost
[29/11/2016 6:14:34] /ghost
[30/11/2016 0:18:38] /ghost
[30/11/2016 0:22:7] /a 3
[30/11/2016 0:22:13] /t
[30/11/2016 0:23:42] /goto ribeiro
[30/11/2016 0:23:55] /goto ribeiro
[30/11/2016 0:47:3] /goto ribeiro
[30/11/2016 0:48:45] /ghost
[30/11/2016 0:50:22] /ghost
[30/11/2016 0:57:6] /goto ribeiro
[30/11/2016 1:11:5] /goto ribeiro
[30/11/2016 1:34:26] /goto ribeiro
[30/11/2016 1:38:52] /t
[30/11/2016 1:39:0] /goto ribeiro
[30/11/2016 1:45:57] /i 6527
[30/11/2016 1:46:29] /i 6527
[30/11/2016 1:49:32] /i 6570
[30/11/2016 1:54:47] /i 6527
[30/11/2016 1:54:54] /i 2345
[30/11/2016 1:57:16] /goto ribeiro
[30/11/2016 2:21:16] /goto ribeiro
[30/11/2016 3:38:12] /goto ribeiro
[30/11/2016 3:48:8] /t
[30/11/2016 4:15:4] /ghost
[30/11/2016 4:18:49] /a 2
[30/11/2016 4:18:56] /down
[30/11/2016 4:19:2] /down
[30/11/2016 4:19:15] /a 3
[30/11/2016 4:21:42] /ghost
[30/11/2016 5:13:13] /goto ribeiro
