[28/1/2017 15:51:54] /b Bom dia galerinha. Sou o mecânico do Ribeirot. minha função nao é nada a mais do que atualizar para voces as novidades e reparar as coisas.
[28/1/2017 15:52:25] /b Hoje vou estar atualizando algumas novidades. acompanhem no site (aba novidades) e no facebook tambem!
[28/1/2017 16:15:45] /ghost
[28/1/2017 16:15:49] /goto push max off
[28/1/2017 16:15:54] /t
[28/1/2017 16:21:44] /goto wyskyzyto
[28/1/2017 16:22:29] /goto wyskyzyto
[28/1/2017 18:43:33] /goto elite knightzin
[28/1/2017 18:43:36] /goto elite knightzim
[29/1/2017 0:15:56] /mc
[29/1/2017 0:24:53] /mc
[29/1/2017 2:35:25] /ghost
[29/1/2017 3:10:16] /ghost
[29/1/2017 3:27:53] /b galerinha, amanha vamos postar no face as imgs da atualização 1,01     e vamos querer saber a hora do reinicio, para nao causar aborrecimentos :)
[29/1/2017 3:28:4] /b introduzindo 6 novas hunts, e o castle 24 hrs!
[29/1/2017 3:29:42] /ghost
[29/1/2017 4:10:33] /t
[29/1/2017 4:10:35] /ghost
[29/1/2017 16:21:19] /t
[29/1/2017 16:22:7] /goto adm rbot
[29/1/2017 16:22:43] /t
[30/1/2017 6:4:52] /t
[31/1/2017 4:21:20] /b
[31/1/2017 4:21:21] /t
[31/1/2017 4:22:4] /a 5
[31/1/2017 4:22:8] /a 5
[31/1/2017 4:22:10] /a 5
[31/1/2017 4:24:1] /a 1
[31/1/2017 4:24:43] /a 1
[31/1/2017 4:24:56] /a 1
[31/1/2017 4:24:59] /a 1
[31/1/2017 4:25:2] /a 1
[31/1/2017 4:25:4] /a 1
[31/1/2017 4:25:12] /c gazer
[31/1/2017 4:25:14] /t
[31/1/2017 4:25:18] /c gazer
[31/1/2017 4:25:21] /c gazer
[31/1/2017 4:25:31] /goto gazer
[31/1/2017 4:25:45] /t
[31/1/2017 4:26:47] /t
[31/1/2017 4:26:49] /ghost
[31/1/2017 4:29:4] /ghost
[31/1/2017 4:32:43] /kick
[31/1/2017 4:32:47] /kick esquerdo
[31/1/2017 4:33:49] /goto bauduco
[31/1/2017 4:34:1] /goto bauducco
[31/1/2017 4:34:7] /kick bauducco
[31/1/2017 4:34:19] /t
[31/1/2017 4:34:53] /kick red black
[31/1/2017 4:36:7] /t
[31/1/2017 4:36:44] /a 1
[31/1/2017 4:36:53] /a 1
[31/1/2017 4:37:4] /a 1
[31/1/2017 4:37:6] /a 1
[31/1/2017 4:37:10] /a 1
[31/1/2017 4:37:12] /a 1
[31/1/2017 4:37:13] /a 1
[31/1/2017 4:37:14] /a 1
[31/1/2017 4:37:16] /a 1
[31/1/2017 4:37:17] /a 1
[31/1/2017 4:39:19] /bc
[31/1/2017 4:39:39] /bc red quejo
[31/1/2017 4:39:43] /bc red quejo
[31/1/2017 4:39:46] /bc red quejo
[31/1/2017 4:39:49] /bc red quejo
[31/1/2017 4:39:51] /bc red quejo
[31/1/2017 4:39:58] /bc red quejo
[31/1/2017 4:40:45] /bc red quejo
[31/1/2017 4:40:46] /bc red quejo
[31/1/2017 4:40:46] /bc red quejo
[31/1/2017 4:40:47] /bc red quejo
[31/1/2017 4:40:47] /bc red quejo
[31/1/2017 4:40:47] /bc red quejo
[31/1/2017 4:40:48] /bc red quejo
[31/1/2017 4:41:49] /a 
[31/1/2017 4:41:51] /a 
[31/1/2017 4:41:52] /a 
[31/1/2017 4:41:52] /a 
[31/1/2017 4:41:54] /a 
[31/1/2017 4:41:54] /a 
[31/1/2017 4:41:55] /a 
[31/1/2017 4:41:55] /a 
[31/1/2017 4:42:48] /a 
[31/1/2017 4:42:48] /a 
[31/1/2017 4:42:49] /a 
[31/1/2017 4:42:49] /a 
[31/1/2017 4:42:55] /bc blue RED BLACK VIADÃO
[31/1/2017 4:42:57] /bc blue RED BLACK VIADÃO
[31/1/2017 4:42:58] /bc blue RED BLACK VIADÃO
[31/1/2017 4:42:58] /bc blue RED BLACK VIADÃO
[31/1/2017 4:42:59] /bc blue RED BLACK VIADÃO
[31/1/2017 4:45:25] /mute
[31/1/2017 4:45:32] /mute red black
[31/1/2017 4:45:37] /mute red black, 9999999
[31/1/2017 4:45:45] /a
[31/1/2017 4:45:45] /a
[31/1/2017 4:45:46] /a
[31/1/2017 4:45:46] /a
[31/1/2017 4:45:46] /a
[31/1/2017 4:52:29] /mute agua da perdra 500
[31/1/2017 4:53:15] /a 50
[31/1/2017 4:53:17] /a 50
[31/1/2017 4:53:19] /a 50 5
[31/1/2017 4:53:23] /a 10
[31/1/2017 4:53:23] /a 10
[31/1/2017 4:53:23] /a 10
[31/1/2017 4:53:27] /a
[31/1/2017 4:53:40] /t
[31/1/2017 4:54:43] /up
[31/1/2017 4:54:46] /up
[31/1/2017 4:54:47] /up
[31/1/2017 4:54:50] /a 1
[31/1/2017 4:54:51] /up
[31/1/2017 4:55:9] /a 1
[31/1/2017 4:55:11] /down
[31/1/2017 4:56:18] /a 10
[31/1/2017 4:56:24] /a 1
[31/1/2017 4:56:25] /a 10
[31/1/2017 4:56:32] /a 13
[31/1/2017 4:57:40] /goto red black
[31/1/2017 4:57:52] /ghost
[31/1/2017 4:58:7] /a 1
[31/1/2017 4:59:14] /mute red black 50
[31/1/2017 4:59:26] /a 
[31/1/2017 4:59:31] /ghost
[31/1/2017 5:2:14] /a 10
[31/1/2017 5:2:14] /a 10
[31/1/2017 5:2:14] /a 10
[31/1/2017 5:2:15] /a 10
[31/1/2017 5:2:19] /ghost
[31/1/2017 5:5:34] /t
[31/1/2017 5:5:38] /ghost
[31/1/2017 5:5:51] /goto kamikaze
[31/1/2017 5:5:53] /ghost
[31/1/2017 5:6:14] /a 1
[31/1/2017 5:6:14] /a 1
[31/1/2017 5:6:17] /down
[31/1/2017 5:6:19] /c kamikaze
[31/1/2017 5:6:22] /down
[31/1/2017 5:6:23] /c kamikaze
[31/1/2017 5:7:22] /goto kamikaze
[31/1/2017 5:7:24] /goto kamikaze
[31/1/2017 5:7:44] /up
[31/1/2017 5:7:51] /up
[31/1/2017 5:7:54] /up
[31/1/2017 5:8:49] /ghost
[31/1/2017 5:9:3] /a 
[31/1/2017 5:9:3] /a 
[31/1/2017 5:9:4] /a 
[31/1/2017 5:9:4] /a 
[31/1/2017 5:9:5] /a 
[31/1/2017 5:9:5] /a 
[31/1/2017 5:9:5] /a 
[31/1/2017 5:9:6] /a 
[31/1/2017 5:9:6] /a 
[31/1/2017 5:9:8] /a 
[31/1/2017 5:9:9] /a 
[31/1/2017 5:9:10] /a 
[31/1/2017 5:9:30] /a 1
[31/1/2017 5:9:33] /a 1
[31/1/2017 5:9:44] /mute direito 50
[31/1/2017 5:10:7] /mute cruzado 50
[31/1/2017 5:10:12] /mute esquerdo 50
[31/1/2017 5:10:25] /mute esquerdo 900
[31/1/2017 5:10:35] /mute
[31/1/2017 5:10:40] /mute esquerdo
[31/1/2017 5:10:44] /mute esquerdo 9999
[31/1/2017 5:11:3] /mute Esquerdo 9999
[31/1/2017 5:11:23] /a
[31/1/2017 5:11:24] /a
[31/1/2017 5:11:37] /mute Cruzado 9999
[31/1/2017 5:12:34] /mute MECANICO DO RIBEIROT 99999
[31/1/2017 5:13:27] /mute Esquerdo 9999
[31/1/2017 5:16:28] /kick push max icon
[31/1/2017 5:16:36] /kick samambaia
[31/1/2017 5:16:42] /kick malandramente
[31/1/2017 5:16:50] /kick Flexada No Cranyo
[31/1/2017 5:18:0] /mute Red Black 9999
[31/1/2017 5:18:29] /a 5
[31/1/2017 5:18:30] /a 5
[31/1/2017 5:18:56] /goto red black
[31/1/2017 5:18:58] /ghost
[31/1/2017 5:20:13] /a 5
[31/1/2017 5:20:15] /a 5
[31/1/2017 5:20:19] /a 50
[31/1/2017 5:20:21] /a 100
[31/1/2017 5:20:23] /a 200
[31/1/2017 5:20:24] /a 200
[31/1/2017 5:20:25] /a 200
[31/1/2017 5:20:26] /a 200
[31/1/2017 5:20:28] /a 10
[31/1/2017 5:20:28] /a 10
[31/1/2017 5:20:29] /a 10
[31/1/2017 5:20:29] /a 10
[31/1/2017 5:20:30] /a 10
[31/1/2017 5:20:30] /a 10
[31/1/2017 5:20:31] /a 10
[31/1/2017 5:20:31] /a 10
[31/1/2017 5:20:31] /a 10
[31/1/2017 5:20:32] /a 10
[31/1/2017 5:20:32] /a 10
[31/1/2017 5:20:34] /a 100
[31/1/2017 5:20:37] /a 10
[31/1/2017 5:20:37] /a 10
[31/1/2017 5:20:38] /a 10
[31/1/2017 5:20:40] /a 
[31/1/2017 5:20:41] /a 
[31/1/2017 5:20:43] /a 
[31/1/2017 5:20:43] /a 
[31/1/2017 5:20:44] /a 
[31/1/2017 5:20:44] /a 
[31/1/2017 5:20:44] /a 
[31/1/2017 5:20:45] /a 
[31/1/2017 5:20:46] /a 
[31/1/2017 5:20:46] /a 
[31/1/2017 5:20:46] /a 
[31/1/2017 5:20:47] /a 
[31/1/2017 5:20:47] /a 
[31/1/2017 5:20:47] /a 
[31/1/2017 5:20:48] /a 
[31/1/2017 5:20:48] /a 
[31/1/2017 5:20:49] /a 
[31/1/2017 5:20:49] /a 
[31/1/2017 5:24:3] /a 
[31/1/2017 5:24:4] /a 
[31/1/2017 5:25:27] /bc blue GOGO EVENTO
[31/1/2017 5:25:28] /bc blue GOGO EVENTO
[31/1/2017 5:25:28] /bc blue GOGO EVENTO
[31/1/2017 5:25:41] /t
[31/1/2017 5:25:50] /goto lord sukita
[31/1/2017 5:26:16] /t
[31/1/2017 5:28:51] /a
[31/1/2017 5:28:51] /a
[31/1/2017 5:28:51] /a
[31/1/2017 5:28:51] /a
[31/1/2017 5:28:52] /a
[31/1/2017 5:28:52] /a
[31/1/2017 5:28:52] /a
[31/1/2017 5:28:53] /a
[31/1/2017 5:28:53] /a
[31/1/2017 5:28:53] /a
[31/1/2017 5:28:53] /a
[31/1/2017 5:28:55] /a 10
[31/1/2017 5:28:55] /a 10
[31/1/2017 5:28:56] /a 10
[31/1/2017 5:29:9] /ghost
[31/1/2017 5:29:13] /ghost
[31/1/2017 5:29:34] /mute supremo kox 9999
[31/1/2017 5:29:46] /mute Shop Onlline 9999
[31/1/2017 5:29:58] /mute Mago Sagaz 9999
[31/1/2017 5:30:6] /ghost
[31/1/2017 5:30:18] /mute supremo kox 9999
[31/1/2017 5:30:18] /mute supremo kox 9999
[31/1/2017 5:33:44] /c nightmare
[31/1/2017 5:33:45] /c nightmare
[31/1/2017 5:33:46] /c nightmare
[31/1/2017 5:33:46] /c nightmare
[31/1/2017 5:33:47] /c nightmare
[31/1/2017 5:33:47] /c nightmare
[31/1/2017 5:33:48] /c nightmare
[31/1/2017 5:33:48] /c nightmare
[31/1/2017 5:33:49] /c nightmare
[31/1/2017 5:33:49] /c nightmare
[31/1/2017 5:33:49] /c nightmare
[31/1/2017 5:33:50] /c nightmare
[31/1/2017 5:33:50] /c nightmare
[31/1/2017 5:33:51] /c nightmare
[31/1/2017 5:33:51] /c nightmare
[31/1/2017 5:33:52] /c nightmare
[31/1/2017 5:33:52] /c nightmare
[31/1/2017 5:33:53] /c nightmare
[31/1/2017 5:33:54] /c nightmare
[31/1/2017 5:33:55] /c nightmare
[31/1/2017 5:33:55] /c nightmare
[31/1/2017 5:33:56] /c nightmare
[31/1/2017 5:33:56] /c nightmare
[31/1/2017 5:33:56] /c nightmare
[31/1/2017 5:33:57] /c nightmare
[31/1/2017 5:33:57] /c nightmare
[31/1/2017 5:33:57] /c nightmare
[31/1/2017 5:33:58] /c nightmare
[31/1/2017 5:33:58] /c nightmare
[31/1/2017 5:33:58] /c nightmare
[31/1/2017 5:33:59] /c nightmare
[31/1/2017 5:34:3] /c nightmare/ghost
[31/1/2017 5:34:7] /ghost
[31/1/2017 5:35:26] /a 5
[31/1/2017 5:35:26] /a 5
[31/1/2017 5:35:26] /a 5
[31/1/2017 5:35:27] /a 5
[31/1/2017 5:35:32] /a 5
[31/1/2017 5:35:33] /a 5
[31/1/2017 5:35:33] /a 5
[31/1/2017 5:35:57] /c RibeirOT Trainer
[31/1/2017 5:36:0] /t
[31/1/2017 5:36:3] /c RibeirOT Trainer
[31/1/2017 5:36:8] /c RibeirOT Trainer
[31/1/2017 5:36:11] /c RibeirOT Trainer
[31/1/2017 5:36:13] /c RibeirOT Trainer
[31/1/2017 5:36:17] /c RibeirOT Trainer
[31/1/2017 5:36:19] /c RibeirOT Trainer
[31/1/2017 5:36:20] /c RibeirOT Trainer
[31/1/2017 5:36:22] /c RibeirOT Trainer
[31/1/2017 5:36:23] /c RibeirOT Trainer
[31/1/2017 5:36:24] /c RibeirOT Trainer
[31/1/2017 5:36:28] /a 2
[31/1/2017 5:36:37] /c RibeirOT Trainer
[31/1/2017 5:36:39] /a 5
[31/1/2017 5:36:40] /a 5
[31/1/2017 5:36:40] /a 5
[31/1/2017 5:36:42] /c RibeirOT Trainer
[31/1/2017 5:36:44] /c RibeirOT Trainer
[31/1/2017 5:36:45] /c RibeirOT Trainer
[31/1/2017 5:36:46] /c RibeirOT Trainer
[31/1/2017 5:36:46] /c RibeirOT Trainer
[31/1/2017 5:36:48] /c RibeirOT Trainer
[31/1/2017 5:36:48] /c RibeirOT Trainer
[31/1/2017 5:36:49] /c RibeirOT Trainer
[31/1/2017 5:37:1] /c RibeirOT Trainer
[31/1/2017 5:37:5] /goto magico magico
[31/1/2017 5:37:12] /goto run
[31/1/2017 5:37:15] /up
[31/1/2017 5:37:19] /a 2
[31/1/2017 5:37:52] /c RibeirOT Trainer
[31/1/2017 5:38:3] /c RibeirOT Trainer
[31/1/2017 5:39:28] /c RibeirOT Trainer
[31/1/2017 5:39:33] /c RibeirOT Trainer
[31/1/2017 5:39:33] /c RibeirOT Trainer
[31/1/2017 5:39:34] /c RibeirOT Trainer
[31/1/2017 5:39:36] /c RibeirOT Trainer
[31/1/2017 5:39:37] /c RibeirOT Trainer
[31/1/2017 5:39:37] /c RibeirOT Trainer
[31/1/2017 5:39:38] /c RibeirOT Trainer
[31/1/2017 5:39:39] /c RibeirOT Trainer
[31/1/2017 5:39:42] /c RibeirOT Trainer
[31/1/2017 5:39:43] /a 1
[31/1/2017 5:39:45] /a 1
[31/1/2017 5:39:47] /a 1
[31/1/2017 5:39:47] /a 1
[31/1/2017 5:39:48] /a 1
[31/1/2017 5:39:49] /a 1
[31/1/2017 5:39:50] /a 1
[31/1/2017 5:39:51] /a 1
[31/1/2017 5:39:51] /a 1
[31/1/2017 5:39:52] /a 1
[31/1/2017 5:39:55] /c RibeirOT Trainer
[31/1/2017 5:39:55] /c RibeirOT Trainer
[31/1/2017 5:39:56] /c RibeirOT Trainer
[31/1/2017 5:39:58] /c RibeirOT Trainer
[31/1/2017 5:40:42] /c RibeirOT Trainer
[31/1/2017 5:40:44] /up
[31/1/2017 5:40:45] /up
[31/1/2017 5:40:46] /up
[31/1/2017 5:40:48] /up
[31/1/2017 5:40:49] /c RibeirOT Trainer
[31/1/2017 5:40:50] /down
[31/1/2017 5:41:0] /down
[31/1/2017 5:41:0] /down
[31/1/2017 5:41:0] /down
[31/1/2017 5:41:1] /down
[31/1/2017 5:41:3] /up
[31/1/2017 5:41:9] /a 1
[31/1/2017 5:41:10] /a 1
[31/1/2017 5:41:13] /a 1
[31/1/2017 5:41:15] /a 1
[31/1/2017 5:41:17] /a 1
[31/1/2017 5:41:19] /a 1
[31/1/2017 5:41:22] /a 1
[31/1/2017 5:41:24] /a 1
[31/1/2017 5:41:25] /a 1
[31/1/2017 5:42:20] /a
[31/1/2017 5:42:21] /a
[31/1/2017 5:42:21] /a
[31/1/2017 5:42:21] /a
[31/1/2017 5:42:22] /a
[31/1/2017 5:42:22] /a
[31/1/2017 5:42:23] /a
[31/1/2017 5:42:23] /a
[31/1/2017 5:42:24] /a
[31/1/2017 5:42:25] /a
[31/1/2017 5:42:26] /a
[31/1/2017 5:42:27] /a
[31/1/2017 5:42:27] /a
[31/1/2017 5:42:30] /a
[31/1/2017 5:42:30] /a
[31/1/2017 5:42:32] /a
[31/1/2017 5:42:33] /a
[31/1/2017 5:42:33] /a
[31/1/2017 5:42:34] /a
[31/1/2017 5:42:34] /a
[31/1/2017 5:42:34] /a
[31/1/2017 5:45:16] /mc
[31/1/2017 5:45:37] /goto Hmenozinha
[31/1/2017 5:45:44] /goto tempestade
[31/1/2017 5:45:49] /goto Hmenozinha
[31/1/2017 5:45:55] /a 1
[31/1/2017 5:45:55] /a 1
[31/1/2017 5:46:1] /kick Hmenozinha
[31/1/2017 5:46:10] /c flash go
[31/1/2017 5:46:15] /kick flash go
[31/1/2017 5:46:18] /t
[31/1/2017 5:46:27] /ghost
[31/1/2017 5:46:32] /a 1
[31/1/2017 5:46:33] /a 1
[31/1/2017 5:46:51] /a 1
[31/1/2017 5:46:52] /a 1
[31/1/2017 5:46:52] /a 1
[31/1/2017 5:46:52] /a 1
[31/1/2017 5:46:53] /a 1
[31/1/2017 5:46:53] /a 1
[31/1/2017 5:46:58] /ghost
[31/1/2017 5:47:8] /a 1
[31/1/2017 5:48:18] /mute red black 9999
[31/1/2017 5:48:27] /mute red black 9999
[31/1/2017 5:48:28] /mute red black 9999
[31/1/2017 5:48:28] /mute red black 9999
[31/1/2017 5:49:26] /c percy arle
[31/1/2017 5:50:38] /up
[31/1/2017 5:50:40] /up
[31/1/2017 5:50:40] /up
[31/1/2017 5:50:40] /up
[31/1/2017 5:50:40] /up
[31/1/2017 5:50:51] /a 1
[31/1/2017 5:51:6] /a 1
[31/1/2017 5:51:6] /a 1
[31/1/2017 5:51:7] /a 1
[31/1/2017 5:51:7] /a 1
[31/1/2017 5:51:7] /a 1
[31/1/2017 5:51:8] /a 1
[31/1/2017 5:51:8] /a 1
[31/1/2017 5:51:10] /a 1
[31/1/2017 5:51:10] /a 1
[31/1/2017 5:51:11] /a 1
[31/1/2017 5:51:12] /a 1
[31/1/2017 5:51:13] /a 1
[31/1/2017 5:51:17] /a 1
[31/1/2017 5:51:17] /a 1
[31/1/2017 5:51:18] /a 1
[31/1/2017 5:52:45] /up
[1/2/2017 0:57:34] /ghost
