[4/2/2017 0:25:8] /a 5
[4/2/2017 0:25:12] /a 5
[4/2/2017 0:25:13] /a 5
[4/2/2017 0:25:34] /b vem em mim
[4/2/2017 0:26:7] /b vem em mim
[4/2/2017 0:26:34] /goto adm rbot
[4/2/2017 0:26:54] /a 5
[4/2/2017 0:27:0] /a 5
[4/2/2017 0:27:23] /a 5
[4/2/2017 0:27:34] /a 5
[4/2/2017 0:27:39] /a 5
[4/2/2017 0:27:47] /a 5
[4/2/2017 0:28:1] /b vem em mim
[4/2/2017 0:28:4] /b vem em mim
[4/2/2017 0:28:5] /a 5
[4/2/2017 0:28:15] /t
[4/2/2017 0:28:24] /a 6
[4/2/2017 0:28:25] /a 6
[4/2/2017 0:28:27] /a 6
[4/2/2017 0:28:29] /a 6
[4/2/2017 0:28:44] /a 6
[4/2/2017 0:28:52] /a 6
[4/2/2017 0:28:59] /a 6
[4/2/2017 0:29:0] /a 6
[4/2/2017 0:29:10] /a 6
[4/2/2017 0:29:15] /a 6
[4/2/2017 0:29:22] /a 6
[4/2/2017 0:29:29] /a 6
[4/2/2017 0:29:36] /a 2
[4/2/2017 0:29:46] /a 6
[4/2/2017 0:29:47] /a 6
[4/2/2017 0:29:49] /a 6
[4/2/2017 0:29:59] /a 1
[4/2/2017 0:30:11] /a 5
[4/2/2017 0:30:14] /a 5
[4/2/2017 0:30:16] /a 5
[4/2/2017 0:30:31] /a 4
[4/2/2017 0:30:37] /a 4
[4/2/2017 0:30:40] /a 4
[4/2/2017 0:30:46] /ghost
[4/2/2017 0:30:52] /a 2
[4/2/2017 0:30:59] /a 2
[4/2/2017 0:31:49] /goto adm rbot
[4/2/2017 0:31:57] /goto ADM RbOT
[4/2/2017 0:31:59] /goto ADM RbOT
[4/2/2017 0:32:3] /goto ADM RbOT
[4/2/2017 0:32:5] /goto ADM RbOT
[4/2/2017 0:32:6] /ghost
[4/2/2017 0:32:9] /goto ADM RbOT
[4/2/2017 0:32:12] /goto ADM RbOT
[4/2/2017 0:32:14] /goto ADM RbOT
[4/2/2017 1:5:47] /t
[4/2/2017 1:5:50] /ghost
[5/2/2017 21:24:47] /bc green Ai galera, quem nao recebeu os pontos espera só um pouco. abraços! By: Mecanico do RbOT
[5/2/2017 21:25:2] /ghost
[5/2/2017 21:25:10] /ghost
[5/2/2017 21:43:0] /ghost
[5/2/2017 21:53:26] /ghost
[5/2/2017 21:55:32] /ghost
[5/2/2017 21:55:39] /ghost
[5/2/2017 22:1:4] /bc green SEUS ANALFABETOS MANDA MSG NO HELP Q EU COLOCO OS PONTOS!
[5/2/2017 22:1:11] /bc green SEUS ANALFABETOS MANDA MSG NO HELP Q EU COLOCO OS PONTOS!
[5/2/2017 22:1:32] /bc green ANALFABETOS, LVL 200 FALA NO HELP
[5/2/2017 22:2:10] /bc green SEUS ANALFABETOS MANDA MSG NO HELP Q EU COLOCO OS PONTOS!
[5/2/2017 22:2:23] /ghost
[5/2/2017 22:7:45] /bc green PEGAR PONTOS É MANDAR MSG NO HELP
[5/2/2017 22:7:50] /bc green PEGAR PONTOS É MANDAR MSG NO HELP
[5/2/2017 22:7:54] /bc green PEGAR PONTOS É MANDAR MSG NO HELP
[5/2/2017 22:7:55] /bc green PEGAR PONTOS É MANDAR MSG NO HELP
[5/2/2017 22:7:56] /bc green PEGAR PONTOS É MANDAR MSG NO HELP
[5/2/2017 22:7:56] /bc green PEGAR PONTOS É MANDAR MSG NO HELP
[5/2/2017 22:8:11] /bc ANALFABETOS FILHOS DA PUTA KKKKK MANDA MSG NO HELP Q EU COLOCO PONTOS
[5/2/2017 22:13:36] /goto tenente
[5/2/2017 22:31:28] /mc
[5/2/2017 22:33:20] /mc
[5/2/2017 22:34:32] /bc green QUERO TRETA SEUS FDP, GANHA PONTO, VAO WAR
[5/2/2017 22:34:36] /bc green QUERO TRETA SEUS FDP, GANHA PONTO, VAO WAR
[5/2/2017 22:36:41] /bc green SEUS FI DE KENGA, GANHA PONTO E NAO VAI WAR
[5/2/2017 22:36:43] /bc green SEUS FI DE KENGA, GANHA PONTO E NAO VAI WAR
[5/2/2017 22:40:2] /bc fdps, o site ta sobrecarregad, e eu to colocando os ponto do help primeiro. 
[5/2/2017 22:40:8] /bc fdps, o site ta sobrecarregad, e eu to colocando os ponto do help primeiro. ABRAÇOS xD
[5/2/2017 22:49:10] /bc VAO PRA WAR SEUS FDP ESCROTOOO
[5/2/2017 22:49:25] /bc green GANHA PONTO E FICA NO TEMPLO, SEUS FDP
[5/2/2017 22:49:37] /bc ganha ponto e fica templo seus fdp, vao pra WAR
[5/2/2017 22:55:46] /bc green KADE WAR SEUS FDP
[5/2/2017 22:55:59] /bc green voces ganha ponto e fica templo bando de fi de kenga
[5/2/2017 22:56:1] /bc green voces ganha ponto e fica templo bando de fi de kenga
[5/2/2017 22:56:2] /bc green voces ganha ponto e fica templo bando de fi de kenga
[5/2/2017 22:56:2] /bc green voces ganha ponto e fica templo bando de fi de kenga
[5/2/2017 22:56:3] /bc green voces ganha ponto e fica templo bando de fi de kenga
[5/2/2017 23:1:48] /bc green MECANICO: galera, to de saida. se vcs nao quiserem perder o server, e deixar ele pra sempre q entrarem ter war, e tudo mais, ta ai, nao desliguem o mc. abraços
[5/2/2017 23:2:3] /bc MECANICO: galera, to de saida. se vcs nao quiserem perder o server, e deixar ele pra sempre q entrarem ter war, e tudo mais, ta ai, nao desliguem o mc. abraços
[5/2/2017 23:2:10] /bc orange MECANICO: galera, to de saida. se vcs nao quiserem perder o server, e deixar ele pra sempre q entrarem ter war, e tudo mais, ta ai, nao desliguem o mc. abraços
[5/2/2017 23:2:25] /bc orange MECANICO: galera, to de saida. se vcs nao quiserem perder o server, e deixar ele pra sempre q entrarem ter war, e tudo mais, ta ai, nao desliguem o mc. abraços
[5/2/2017 23:2:35] /bc blue MECANICO: galera, to de saida. se vcs nao quiserem perder o server, e deixar ele pra sempre q entrarem ter war, e tudo mais, ta ai, nao desliguem o mc. abraços
[5/2/2017 23:2:42] /bc white MECANICO: galera, to de saida. se vcs nao quiserem perder o server, e deixar ele pra sempre q entrarem ter war, e tudo mais, ta ai, nao desliguem o mc. abraços
[5/2/2017 23:2:49] /bc green MECANICO: galera, to de saida. se vcs nao quiserem perder o server, e deixar ele pra sempre q entrarem ter war, e tudo mais, ta ai, nao desliguem o mc. abraços
[5/2/2017 23:4:38] /bc green MECANICO: galera, to de saida. se vcs nao quiserem perder o server, e deixar ele pra sempre q entrarem ter war, e tudo mais, ta ai, nao desliguem o mc. abraços
[5/2/2017 23:4:50] /bc MECANICO: galera, to de saida. se vcs nao quiserem perder o server, e deixar ele pra sempre q entrarem ter war, e tudo mais, ta ai, nao desliguem o mc. abraços
[5/2/2017 23:5:4] /ghost
[6/2/2017 4:13:27] /ghost
[6/2/2017 4:13:48] /bc green ola seus fi de kena, vo da ponto só ate 23:30
[6/2/2017 4:17:4] /bc green primeiro no help, dps respondo pms
[6/2/2017 4:17:10] /bc green primeiro no help, dps respondo pms sou so um
[6/2/2017 4:17:13] /bc green primeiro no help, dps respondo pms sou so um ABRAÇOS
[6/2/2017 4:19:15] /bc fi de kengas, sou só um. vo coolcoar primeiro os do help, dps dou atençao por pm
[6/2/2017 4:25:56] /bc TO DANDO ATENÇAO PRIMEIRO NO HELP
[6/2/2017 4:26:5] /bc SENAO FICO LOKO, SOU SO UM ABRAÇOS
[6/2/2017 4:26:11] /bc DPS VO PRA PM
[6/2/2017 4:27:39] /bc TEM UNS DEBIL MENTAL FALANDO Q VO DA SO PRO HELP. VO FALAR DE NOVO, TO SOZIN, NAO CONSIGO LER TUDO AO MESMO TEMPO
[6/2/2017 4:31:19] /bc venham no dice
[6/2/2017 4:31:31] /bc os que nao ganharam ponto
[6/2/2017 4:31:48] /a 5
[6/2/2017 4:36:17] /t
[6/2/2017 4:36:32] /bc QUEM NAO GANHOU PONTOS VAI NO EVENTO DICE, EM CIMA DO TEMPLO, NA PARTE DE EVENTOS
[6/2/2017 4:36:45] /bc QUEM JA GANHOU , FICA SALVO O NOME , EU SEI QUEM GANHOU
[6/2/2017 4:37:23] /a 10
[6/2/2017 4:37:27] /a 2
[6/2/2017 4:44:28] /a 10
[6/2/2017 4:44:30] /a 10
[6/2/2017 4:44:32] /a 10
[6/2/2017 4:44:45] /a 3
[6/2/2017 4:44:49] /a 1
[6/2/2017 4:44:50] /a 1
[6/2/2017 4:44:51] /a 1
[6/2/2017 4:44:52] /a 1
[6/2/2017 4:44:54] /a 1
[10/2/2017 1:57:16] /ghost
[11/2/2017 2:59:11] /ghost
[11/2/2017 3:2:27] /ghost
[11/2/2017 3:2:37] /ghost
[11/2/2017 3:3:7] /ghost
[11/2/2017 3:3:49] /ghost
[11/2/2017 3:7:10] /ghost
[11/2/2017 3:7:28] /ghost
[11/2/2017 3:7:49] /ghost
[11/2/2017 4:51:37] /goto adm rbot
[11/2/2017 4:52:2] /ghost
[11/2/2017 4:54:45] /goto adm rbot
[11/2/2017 4:57:19] /ghost
[11/2/2017 6:7:37] /t
[11/2/2017 6:8:20] /a 2
[11/2/2017 6:8:28] /t
[11/2/2017 6:9:32] /a 2
[11/2/2017 6:10:41] /t
[11/2/2017 6:11:3] /a 2
[11/2/2017 6:12:30] /t
[11/2/2017 6:13:37] /a 2
[11/2/2017 6:17:11] /t
[11/2/2017 6:17:21] /a 2
[11/2/2017 6:24:37] /ghost
[11/2/2017 6:25:4] /a 3
[11/2/2017 6:26:9] /ghost
[11/2/2017 6:26:13] /goto adm rbot
[11/2/2017 6:27:20] /goto adm rbot
[11/2/2017 6:27:52] /a 2
[11/2/2017 6:27:54] /a 2
[11/2/2017 6:27:56] /a 2
[11/2/2017 6:27:57] /a 2
[11/2/2017 6:27:59] /t
[11/2/2017 6:29:15] /t
[11/2/2017 6:32:44] /reload globalevens
[11/2/2017 6:33:53] /reload globalevens
[11/2/2017 6:34:10] /c xupeta modeon
[11/2/2017 6:34:58] /reload globalevens
[11/2/2017 6:36:0] /a 2
[11/2/2017 6:36:3] /r
[11/2/2017 6:36:7] /r
[11/2/2017 6:36:39] /reload globalevents
[11/2/2017 6:36:57] /reload globalevents
[11/2/2017 6:37:14] /reload globalevents
[11/2/2017 6:37:44] /reload globalevents
[11/2/2017 6:38:20] /reload globalevents
[11/2/2017 6:38:54] /reload globalevents
[11/2/2017 6:39:26] /t
[11/2/2017 6:39:58] /a 5
[11/2/2017 6:40:1] /a 5
[11/2/2017 6:40:2] /a 5
[11/2/2017 6:40:4] /a 5
[11/2/2017 6:40:5] /a 5
[11/2/2017 6:40:6] /a 5
[11/2/2017 6:40:7] /a 5
[11/2/2017 6:40:8] /a 5
[11/2/2017 6:40:9] /a 5
[11/2/2017 6:40:11] /a 5
[11/2/2017 6:41:58] /a 30
[11/2/2017 6:42:0] /a 30
[11/2/2017 6:42:1] /a 30
[11/2/2017 6:42:50] /a 40
[11/2/2017 6:42:52] /a 40
[11/2/2017 6:43:6] /reload globalevents
[11/2/2017 6:43:32] /goto xupeta modeon
[11/2/2017 6:43:40] /a 50
[11/2/2017 6:43:41] /a 50
[11/2/2017 6:44:12] /goto xupeta modeon
[11/2/2017 6:44:25] /a 50
[11/2/2017 6:44:26] /a 50
[11/2/2017 6:44:33] /r
[11/2/2017 6:44:37] /c xupeta modeon
[11/2/2017 6:45:7] /goto xupeta modeon
[11/2/2017 6:45:14] /i coal basin
[11/2/2017 6:45:15] /i coal basin
[11/2/2017 6:45:16] /i coal basin
[11/2/2017 6:45:17] /i coal basin
[11/2/2017 6:45:34] /r
[11/2/2017 6:45:36] /r
[11/2/2017 6:45:37] /r
[11/2/2017 6:45:38] /r
[11/2/2017 6:45:40] /r
[11/2/2017 6:45:48] /i coal basin
[11/2/2017 6:45:50] /r
[11/2/2017 6:46:18] /a 3
[11/2/2017 6:46:25] /a 2
[11/2/2017 6:47:15] /reload globalevents
[11/2/2017 6:47:17] /t
