[28/11/2016 18:21:21] /b Salve pessoal
[28/11/2016 18:21:47] /b Pessoal Seja Bem Vindo o OT ja esta aberto!
[28/11/2016 18:22:8] /a 4
[28/11/2016 18:23:23] /b Pessoal, JA estamos Online Definitivo, Quando o Ot bater 100 Player Online Vou fazer um evento valendo 200 reais, Que sera o Nosso primeiro Premio
[28/11/2016 18:24:33] /b Por favor pessoal Abra a aba AJUDA
[28/11/2016 18:28:21] /t
[28/11/2016 18:30:4] /b PROXIMO QUE MANDAR PM PEDINDO ALGO OU PRA LEVAR EM ALGUM LUGAR VOU IGNORAR
[28/11/2016 18:34:14] /goto Ollky
[28/11/2016 18:47:58] /b Parem de pedir as coisas Por favor,
[28/11/2016 18:50:16] /b jaja vou liberar as Houses
[28/11/2016 18:50:33] /b So vai comprar House quem for Jogador mesmo do Server, 
[28/11/2016 18:50:44] /b Duvidas no Help Please
[28/11/2016 18:56:38] /b  O EVENTO VAI COMEÇAR EM  7 minutos nao perca jaja vamos arrumar o Horario
[28/11/2016 19:0:18] /b venha evento
[28/11/2016 19:0:26] /b venha evento
[28/11/2016 19:7:26] /goto mama
[28/11/2016 19:8:0] /c mama
[28/11/2016 19:8:7] /c mama
[28/11/2016 19:8:19] /c bella
[28/11/2016 19:8:33] /b vou reunir todo do evento para vcs se conheçer
[28/11/2016 19:9:45] /t
[28/11/2016 19:9:49] /c mama
[28/11/2016 19:9:52] /c Ollky
[28/11/2016 19:9:56] /c bella
[28/11/2016 19:34:37] /goto mama
[28/11/2016 19:35:32] /t
[28/11/2016 19:44:17] /b Afk volto em 10 min
[28/11/2016 19:59:31] /b jaja vai começar mais um evento pessoal Vamos editar tudo isso de horarios, Venha templo em 2 min espero vcs
[28/11/2016 19:59:39] /b jaja vai começar mais um evento pessoal Vamos editar tudo isso de horarios, Venha templo em 2 min espero vcs
[28/11/2016 20:0:4] /b jaja vai começar mais um evento pessoal Vamos editar tudo isso de horarios, Venha templo em 2 min espero vcs
[28/11/2016 20:0:53] /b go evento
[28/11/2016 20:0:55] /b go evento
[28/11/2016 20:1:3] /b go evento venha ajudar testar o evento
[28/11/2016 20:1:8] /b go evento venha ajudar testar o evento
[28/11/2016 20:1:12] /b go evento venha ajudar testar o evento
[28/11/2016 20:1:12] /b go evento venha ajudar testar o evento
[28/11/2016 20:1:13] /b go evento venha ajudar testar o evento
[28/11/2016 20:1:14] /b go evento venha ajudar testar o evento
[28/11/2016 20:1:15] /b go evento venha ajudar testar o evento
[28/11/2016 20:1:15] /b go evento venha ajudar testar o evento
[28/11/2016 20:1:16] /b go evento venha ajudar testar o evento
[28/11/2016 22:36:1] /b VENHA TODOS TEMPLO DESERT WAR VAI COMEÇAR
[28/11/2016 22:36:7] /b VENHA TODOS TEMPLO DESERT WAR VAI COMEÇAR
[28/11/2016 22:36:8] /b VENHA TODOS TEMPLO DESERT WAR VAI COMEÇAR
[28/11/2016 22:36:10] /b VENHA TODOS TEMPLO DESERT WAR VAI COMEÇAR
[28/11/2016 22:38:37] /b VENHA TODOS TEMPLO DESERT WAR VAI COMEÇAR
[28/11/2016 22:38:39] /b VENHA TODOS TEMPLO DESERT WAR VAI COMEÇAR
[28/11/2016 22:39:14] /b VENHA TODOS TEMPLO DESERT WAR VAI COMEÇAR
[28/11/2016 22:58:34] /b Pessoal Estamos arrumando os Horarios dos Eventos desculpe o Transtorno 
[28/11/2016 22:58:59] /b jaja vai começar o evento batle vamos ver se conseguimos 5 de cada lado?
[28/11/2016 22:59:11] /b manda pm quem tiver online por favor
[28/11/2016 23:0:59] /c bella
[28/11/2016 23:1:54] /b Esse evento ainda temos que trocar o numero de player
[28/11/2016 23:3:29] /goto Necrozzy
[28/11/2016 23:3:54] /t
[28/11/2016 23:3:58] /c Necrozzy
[28/11/2016 23:5:17] /b Respondendo algumas perguntas, Podem jogar Sussa Seu Char, Nunca ira perder ou R.e.s.t.a.r
[28/11/2016 23:5:40] /b Vamos fazer um contrato de no minimo 2 ANOS so pra começar 
[28/11/2016 23:5:53] /b Vamos fazer um contrato de no minimo 2 ANOS so pra começar nunca iremos sair do ar
[28/11/2016 23:6:6] /c chup me
[28/11/2016 23:6:14] /c chupe me
[28/11/2016 23:6:32] /b Tem mais alguem dentro do evento manda PM
[28/11/2016 23:19:25] /b Lag Pessoal ? Quem tiver manda PM
[28/11/2016 23:22:37] /b Obrigado a todos ai, Que acredita na seriedade do Otserv, Vamos dedicar ao maximo Para Trazer o melhor para Voces.
[28/11/2016 23:24:21] /i 2160
[28/11/2016 23:24:32] /i 9971
[28/11/2016 23:24:36] /i 9971
[28/11/2016 23:55:43] /b pessoal Gostaria que quem poder vem evento pra eu poder ver se ta tudo certinho
[28/11/2016 23:55:56] /b vai começar em 8 minutos
[28/11/2016 23:59:43] /b go evento pessoal corre
[28/11/2016 23:59:50] /b go evento pessoal corre
[28/11/2016 23:59:52] /b go evento pessoal corre
[28/11/2016 23:59:56] /b go evento pessoal corre
[29/11/2016 0:0:0] /b go evento pessoal corre
[29/11/2016 0:0:15] /goto dante
[29/11/2016 0:0:32] /b go evento pls falta 3 pra ficar legal
[29/11/2016 0:0:52] /t
[29/11/2016 0:1:3] /c Ollky
[29/11/2016 0:1:20] /goto Ollky
[29/11/2016 0:2:16] /a 4
[29/11/2016 0:2:18] /a 4
[29/11/2016 0:2:18] /a 4
[29/11/2016 0:2:31] /goto dante
[29/11/2016 0:2:52] /t
[29/11/2016 0:6:57] /a 4
[29/11/2016 0:6:57] /a 4
[29/11/2016 0:6:58] /a 4
[29/11/2016 0:6:58] /a 4
[29/11/2016 0:6:58] /a 4
[29/11/2016 0:6:58] /a 4
[29/11/2016 0:6:58] /a 4
[29/11/2016 0:6:58] /a 4
[29/11/2016 0:6:58] /a 4
[29/11/2016 0:6:58] /a 4
[29/11/2016 0:6:58] /a 4
[29/11/2016 0:6:58] /a 4
[29/11/2016 0:6:58] /a 4
[29/11/2016 0:6:58] /a 4
[29/11/2016 0:6:58] /a 4
[29/11/2016 0:6:58] /a 4
[29/11/2016 0:6:58] /a 4
[29/11/2016 0:6:58] /a 4
[29/11/2016 0:6:58] /a 4
[29/11/2016 0:6:58] /a 4
[29/11/2016 0:6:58] /a 4
[29/11/2016 0:6:58] /a 4
[29/11/2016 0:7:20] /a 4
[29/11/2016 0:7:20] /a 4
[29/11/2016 0:7:20] /a 4
[29/11/2016 0:7:20] /a 4
[29/11/2016 0:7:20] /a 4
[29/11/2016 0:7:21] /a 4
[29/11/2016 0:7:21] /a 4
[29/11/2016 0:7:22] /a 4
[29/11/2016 0:7:22] /a 4
[29/11/2016 0:7:22] /a 4
[29/11/2016 0:7:22] /a 4
[29/11/2016 0:7:23] /a 4
[29/11/2016 0:7:23] /a 4
[29/11/2016 0:7:23] /a 4
[29/11/2016 0:7:24] /a 4
[29/11/2016 0:7:32] /a 4
[29/11/2016 0:7:33] /a 4
[29/11/2016 0:7:33] /a 4
[29/11/2016 0:7:34] /a 4
[29/11/2016 0:7:34] /a 4
[29/11/2016 0:7:34] /a 4
[29/11/2016 0:7:35] /a 4
[29/11/2016 0:10:56] /a 4
[29/11/2016 0:10:58] /a 4
[29/11/2016 0:31:24] /goto the killa
[29/11/2016 0:33:19] /a 4
[29/11/2016 0:33:53] /goto drakzin
[29/11/2016 0:37:35] /goto Ollky
[29/11/2016 0:38:40] /goto Ollky
[29/11/2016 0:53:39] !mc
[29/11/2016 0:58:4] /t
[29/11/2016 0:59:9] /b 5 Minutos para abrir o Portal do Evento! 
[29/11/2016 1:1:8] /b Go Evento Zombie
[29/11/2016 1:1:31] /goto Necrozzy
[29/11/2016 1:3:58] /save
[29/11/2016 1:4:37] /b Ja voltamos, Estamos resolvendo o problema da casa!
[29/11/2016 1:4:42] /save
[29/11/2016 1:4:50] /save
[29/11/2016 1:5:17] /save server
[29/11/2016 1:13:20] /i 5139
[29/11/2016 1:13:28] /r
[29/11/2016 1:25:7] /i cave exclusiva
[29/11/2016 1:26:10] /i cave exclusiva
[29/11/2016 1:26:12] /i cave exclusiva
[29/11/2016 1:26:12] /i cave exclusiva
[29/11/2016 1:26:13] /i cave exclusiva
[29/11/2016 1:26:13] /i cave exclusiva
[29/11/2016 1:26:14] /i cave exclusiva
[29/11/2016 1:26:14] /i cave exclusiva
[29/11/2016 1:26:14] /i cave exclusiva
[29/11/2016 1:27:30] /t
[29/11/2016 1:29:32] /goto Chaitosof
[29/11/2016 1:29:39] /goto Chaitosoft
[29/11/2016 2:2:3] /b evento aberto venha
[29/11/2016 2:2:35] /save globalevents.xml
[29/11/2016 2:2:42] /save globalevents
[29/11/2016 2:10:18] /save server
[29/11/2016 2:34:8] /b convide seus amigos, quando bater 100 online o evento vai valer 200 reais 
[29/11/2016 2:35:16] /b seja todos bem vindos ao Nosso ot, Quando bater 100 online Vamos dar 200 reais em um Evento
[29/11/2016 2:36:26] /a 1
[29/11/2016 2:38:51] /reload globalevents
[29/11/2016 2:40:6] /reload globalevents
[29/11/2016 2:50:8] /b ja volto
[29/11/2016 2:56:21] /b Estou muito felis com a presença de voces aqui, estou fazendo o melhor para deixar o ot bom para todos
[29/11/2016 3:11:16] /b Pessoal Caso tenha alguma duvida pode mandar pm, Ja estao Liberadas as Donates, e a Super UP , Amanha Tera evento dentro da Donate, e valera $$$$$$
[29/11/2016 3:15:9] /reload globalevents
[29/11/2016 3:19:19] /b Estamos Subindo na OTlist :)
[29/11/2016 3:21:45] /reload globalevents
[29/11/2016 3:22:24] /c Mc Shampoo
[29/11/2016 3:29:56] /reload globalevents
[29/11/2016 3:32:39] /t
[29/11/2016 4:21:38] /b Pessoal vou reiniciar o serve em 2 Minutos para Ver se vai funcionar um Evento! 
[29/11/2016 4:21:54] /b Pessoal vou reiniciar o serve em 2 Minutos para Ver se vai funcionar um Evento! 
[29/11/2016 4:22:6] /b Pessoal vou reiniciar o serve em 2 Minutos para Ver se vai funcionar um Evento! 
[29/11/2016 4:33:4] /b desculpa amores foi mal
[29/11/2016 4:33:7] /b desculpa amores foi mal
[29/11/2016 4:39:54] /i 15 VIP Days
[29/11/2016 4:44:44] /reload globalevents
[29/11/2016 4:47:55] /save
[29/11/2016 4:49:9] /save
[29/11/2016 4:49:44] /b QUEM PODER VEM TEMPLO VOU ABRIR BATLEFIEL]D
[29/11/2016 4:49:53] /b QUEM PODER VEM TEMPLO VOU ABRIR BATTLEFIELD
[29/11/2016 4:49:59] /b QUEM PODER VEM TEMPLO VOU ABRIR BATTLEFIELD
[29/11/2016 4:50:6] /b QUEM PODER VEM TEMPLO VOU ABRIR BATTLEFIELD
[29/11/2016 4:50:33] /b geral vem templo escolher um evento por favor
[29/11/2016 4:50:39] /c Fearless
[29/11/2016 4:50:42] /b geral vem templo escolher um evento por favor
[29/11/2016 4:50:46] /b geral vem templo escolher um evento por favor
[29/11/2016 4:52:22] /b go evento venham templo go
[29/11/2016 4:52:34] /reload globalevents
[29/11/2016 4:53:21] /reload globalevents
[29/11/2016 4:53:46] /reload globalevents
[29/11/2016 4:55:33] /b esperem o evento começar para vcs poderem andar 
[29/11/2016 4:56:36] /b se caso o evento nao começar por falta de player eu vou fechar e abrir de novo com numero de player exato
[29/11/2016 4:56:58] /b esse evento pra quem nao sabe tem que pegar bandeira na base e plantar na base inimiga
[29/11/2016 4:58:53] /b gente entenda que estamos apenas começando
[29/11/2016 4:59:4] /b gente entenda que estamos apenas começando estamos no primeiro dia
[29/11/2016 4:59:12] /b gente entenda que estamos apenas começando estamos no primeiro dia vamos ficar muitos anos
[29/11/2016 5:2:17] /b
[29/11/2016 5:3:1] /b gente tenha calma, eu conto com a paciencia de voces, 
[29/11/2016 5:11:7] /b  Quem for participar do proximo evento da um salve no Help que eu  puxo 
[29/11/2016 5:22:6] /b quem vai evento manda pm por favor pra colocar a quantidade certa
[29/11/2016 5:22:10] /b quem vai evento manda pm por favor pra colocar a quantidade certa
[29/11/2016 5:22:13] /b quem vai evento manda pm por favor pra colocar a quantidade certa
[29/11/2016 5:22:15] /b quem vai evento manda pm por favor pra colocar a quantidade certa
[29/11/2016 5:28:39] /b Galera vou abrir um Battlefield pra vcs brincar enquanto arrumo o CTF
[29/11/2016 5:29:9] /reload globalevents
[29/11/2016 5:31:15] /reload globalevents
[29/11/2016 5:31:30] /reload globalevents
[29/11/2016 5:31:36] /reload globalevents
[29/11/2016 5:32:29] /reload globalevents
[29/11/2016 5:32:31] /reload globalevents
[29/11/2016 5:33:15] /b Abriu
[29/11/2016 5:33:17] /b Abriu
[29/11/2016 5:33:24] /c Ek Panico
[29/11/2016 5:33:37] /c abriu evento
[29/11/2016 5:33:44] /b abriu evento
[29/11/2016 5:34:36] /b Evento aberto alguem quervim?
[29/11/2016 5:34:46] /c Ronors
[29/11/2016 5:34:59] /c Necrozzy
[29/11/2016 5:38:13] /c ek panico
[29/11/2016 5:38:39] /c chupe me
[29/11/2016 5:39:10] /c Necrozzy
[29/11/2016 5:40:6] /b go evento vou abrir denovo
[29/11/2016 5:40:10] /b go evento vou abrir denovo
[29/11/2016 5:40:19] /a 4
[29/11/2016 5:40:44] /a 4
[29/11/2016 5:42:19] /reload globalevents
[29/11/2016 5:43:14] /b o Evento abriu denovo Quem vem? 
[29/11/2016 5:43:18] /b o Evento abriu denovo Quem vem? 
[29/11/2016 5:43:26] /b o Evento abriu denovo Quem vem? 
[29/11/2016 5:43:30] /b o Evento abriu denovo Quem vem? 
[29/11/2016 5:43:38] /c Jhonny Cash
[29/11/2016 5:44:3] /c Necrozzy
[29/11/2016 5:44:12] /c Ninex
[29/11/2016 5:44:36] /r
[29/11/2016 5:44:48] /c Ek Panico
[29/11/2016 5:45:22] /r
[29/11/2016 5:45:43] /c Johnnytexas
[29/11/2016 5:53:20] /promote
[29/11/2016 5:53:25] /promote 
[29/11/2016 5:53:27] /promote marcos
[29/11/2016 5:53:30] /promote marcos
[29/11/2016 5:53:32] /promote marcos
[29/11/2016 5:53:35] /promote marcos
[29/11/2016 5:53:37] /promote marcos
[29/11/2016 5:54:15] /promote marcos
[29/11/2016 5:58:49] /b o evento esta aberto quem vai?
[29/11/2016 5:58:55] /b o evento esta aberto quem vai? COOREEEEEEE
[29/11/2016 6:3:52] /b Antes de ir dormir eu vou abrir um Zombie pra vcs.. e quem vencer eu vou dar acesso a essa cave de premio! Mais o premio do evento ainda
[29/11/2016 6:6:25] /b evento aberto,
[29/11/2016 6:6:33] /b evento aberto, quem quiser que eu puxo manda pm
[29/11/2016 6:6:41] /b evento aberto, quem quiser que eu puxo manda pm valendo ACESSO A SUPER UP
[29/11/2016 6:6:43] /b evento aberto, quem quiser que eu puxo manda pm valendo ACESSO A SUPER UP
[29/11/2016 6:6:44] /b evento aberto, quem quiser que eu puxo manda pm valendo ACESSO A SUPER UP
[29/11/2016 6:6:45] /b evento aberto, quem quiser que eu puxo manda pm valendo ACESSO A SUPER UP
[29/11/2016 6:7:14] /b evento aberto, quem quiser que eu puxo manda pm valendo ACESSO A SUPER UP
[29/11/2016 6:10:28] /t
[29/11/2016 6:10:56] /i 8981
[29/11/2016 6:12:45] /b que vencer vem templo receber a chave da caave
[29/11/2016 6:13:1] /b que vencer vem templo receber a chave da caave
[29/11/2016 6:14:5] /goto Ton Toh
[29/11/2016 6:14:50] /t
[29/11/2016 6:17:15] /b Boa noite a todos.
[29/11/2016 6:17:27] /b bom jogo
[29/11/2016 6:17:45] /save
[29/11/2016 6:18:49] /save
[29/11/2016 6:18:53] /save server
[29/11/2016 6:19:40] /save
[29/11/2016 14:3:35] /b Bom dia.
[29/11/2016 14:3:43] /b Bom dia.
[29/11/2016 14:4:45] /goto  Qualquer Coisa
[29/11/2016 14:4:51] /goto  Qualquer Coisa
[29/11/2016 14:4:56] /goto  Qualquer Coisa
[29/11/2016 14:5:1] /goto  Qualquer Coisa
[29/11/2016 14:9:18] /t
[29/11/2016 14:16:37] /a 4
[29/11/2016 14:21:8] /a 4
[29/11/2016 14:21:18] /a 4
[29/11/2016 14:21:19] /a 4
[29/11/2016 14:25:57] /goto
[29/11/2016 14:26:6] /goto chupe me
[29/11/2016 14:26:30] /i New Mage Staff 
[29/11/2016 14:27:59] /goto Ronors
[29/11/2016 14:30:14] /goto mama
[29/11/2016 14:31:53] /c Qualquer Coisa
[29/11/2016 14:32:22] /i magic wall rune
[29/11/2016 14:38:42] /c Qualquer Coisa
[29/11/2016 14:41:18] /t
[29/11/2016 14:41:22] /c Qualquer Coisa
[29/11/2016 14:55:20] /c Qualquer Coisa
[29/11/2016 14:55:23] /c Qualquer Coisa
[29/11/2016 14:55:39] /goto mama
[29/11/2016 14:55:41] /c Qualquer Coisa
[29/11/2016 14:58:23] /t
[29/11/2016 14:59:32] /c Qualquer Coisa
[29/11/2016 17:0:42] /b Venha todos evento GO
[29/11/2016 17:1:5] /b Venha todos evento GO Deser War Aberto alguem quer vim?
[29/11/2016 17:1:48] /goto Qualquer Coisa
[29/11/2016 17:2:7] /goto Qualquer Coisa
[29/11/2016 17:2:8] /goto Qualquer Coisa
[29/11/2016 17:2:37] /t
[29/11/2016 17:3:23] /b Alguem dentro do evento?
[29/11/2016 17:3:39] /goto Necrozz
[29/11/2016 17:3:43] /goto Necrozzy
[29/11/2016 17:3:52] /a 4
[29/11/2016 17:3:52] /a 4
[29/11/2016 17:3:52] /a 4
[29/11/2016 17:3:53] /a 4
[29/11/2016 17:3:53] /a 4
[29/11/2016 17:3:53] /a 4
[29/11/2016 17:3:53] /a 4
[29/11/2016 17:3:53] /a 4
[29/11/2016 17:3:54] /a 4
[29/11/2016 17:3:54] /a 4
[29/11/2016 17:3:54] /a 4
[29/11/2016 17:3:55] /a 4
[29/11/2016 17:3:55] /a 4
[29/11/2016 17:3:55] /a 4
[29/11/2016 17:3:55] /a 4
[29/11/2016 17:3:57] /a 4
[29/11/2016 17:3:57] /a 4
[29/11/2016 17:3:57] /a 4
[29/11/2016 17:3:57] /a 4
[29/11/2016 17:3:57] /a 4
[29/11/2016 17:3:58] /a 4
[29/11/2016 17:3:58] /a 4
[29/11/2016 17:3:58] /a 4
[29/11/2016 17:4:20] /b 1x1 evento desert WAR GO
[29/11/2016 17:4:33] /a 4
[29/11/2016 17:4:33] /a 4
[29/11/2016 17:4:34] /a 4
[29/11/2016 17:4:34] /a 4
[29/11/2016 17:4:34] /a 4
[29/11/2016 17:4:34] /a 4
[29/11/2016 17:4:34] /a 4
[29/11/2016 17:4:35] /a 4
[29/11/2016 17:4:35] /a 4
[29/11/2016 17:4:35] /a 4
[29/11/2016 17:4:35] /a 4
[29/11/2016 17:4:35] /a 4
[29/11/2016 17:4:35] /a 4
[29/11/2016 17:4:35] /a 4
[29/11/2016 17:4:35] /a 4
[29/11/2016 17:4:35] /a 4
[29/11/2016 17:4:37] /a 4
[29/11/2016 17:4:37] /a 4
[29/11/2016 17:4:37] /a 4
[29/11/2016 17:4:37] /a 4
[29/11/2016 17:4:37] /a 4
[29/11/2016 17:4:37] /a 4
[29/11/2016 17:4:37] /a 4
[29/11/2016 17:4:37] /a 4
[29/11/2016 17:4:38] /a 4
[29/11/2016 17:4:38] /a 4
[29/11/2016 17:4:38] /a 4
[29/11/2016 17:4:38] /a 4
[29/11/2016 17:4:38] /a 4
[29/11/2016 17:4:38] /a 4
[29/11/2016 17:4:38] /a 4
[29/11/2016 17:4:38] /a 4
[29/11/2016 17:4:39] /a 4
[29/11/2016 17:4:41] /a 4
[29/11/2016 17:4:41] /a 4
[29/11/2016 17:4:41] /a 4
[29/11/2016 17:4:41] /a 4
[29/11/2016 17:4:41] /a 4
[29/11/2016 17:4:41] /a 4
[29/11/2016 17:4:42] /a 4
[29/11/2016 17:4:43] /a 4
[29/11/2016 17:4:43] /a 4
[29/11/2016 17:4:43] /a 4
[29/11/2016 17:4:43] /a 4
[29/11/2016 17:4:43] /a 4
[29/11/2016 17:4:44] /a 4
[29/11/2016 17:4:44] /a 4
[29/11/2016 17:4:44] /a 4
[29/11/2016 17:4:44] /a 4
[29/11/2016 17:4:52] /goto Necrozzy
[29/11/2016 17:4:58] /t
[29/11/2016 17:27:30] /b Apartir de Hoje, Todos que quiser falar comigo apra o "help" ou "Ajuda" Assim vou poder atender a todos, Estamos trabalhando para melhorar o servidor obrigado.
[29/11/2016 17:27:52] /b Apartir de Hoje, Todos que quiser falar comigo abra o "help" ou "Ajuda" Assim vou poder atender a todos, Estamos trabalhando para melhorar o servidor obrigado.
[29/11/2016 17:31:41] /reload globalevents
[29/11/2016 17:36:43] /reload globalevents
[29/11/2016 17:39:3] /t
[29/11/2016 17:40:42] /c bella
[29/11/2016 17:46:39] /ghost
[29/11/2016 17:46:59] /goto dante
[29/11/2016 17:47:3] /goto dante
[29/11/2016 17:47:5] /goto dante
[29/11/2016 17:47:6] /goto dante
[29/11/2016 17:47:7] /goto dante
[29/11/2016 17:47:8] /goto dante
[29/11/2016 17:47:9] /goto dante
[29/11/2016 17:47:10] /goto dante
[29/11/2016 17:47:10] /goto dante
[29/11/2016 17:47:11] /goto dante
[29/11/2016 17:47:12] /goto dante
[29/11/2016 17:47:13] /goto dante
[29/11/2016 17:47:14] /goto dante
[29/11/2016 17:47:14] /goto dante
[29/11/2016 17:47:15] /goto dante
[29/11/2016 17:47:16] /goto dante
[29/11/2016 17:47:18] /goto dante
[29/11/2016 17:47:19] /ghost
[29/11/2016 17:47:20] /ghost
[29/11/2016 17:47:27] /goto dante
[29/11/2016 17:47:28] /goto dante
[29/11/2016 17:47:29] /goto dante
[29/11/2016 17:47:30] /goto dante
[29/11/2016 17:47:31] /goto dante
[29/11/2016 17:47:32] /goto dante
[29/11/2016 17:47:33] /goto dante
[29/11/2016 17:47:34] /goto dante
[29/11/2016 17:47:35] /goto dante
[29/11/2016 17:47:36] /goto dante
[29/11/2016 17:47:37] /goto dante
[29/11/2016 17:47:38] /goto dante
[29/11/2016 17:47:38] /goto dante
[29/11/2016 17:47:39] /goto dante
[29/11/2016 17:47:40] /goto dante
[29/11/2016 17:47:41] /goto dante
[29/11/2016 17:47:41] /goto dante
[29/11/2016 17:47:42] /goto dante
[29/11/2016 17:47:42] /goto dante
[29/11/2016 17:47:43] /goto dante
[29/11/2016 17:47:44] /goto dante
[29/11/2016 17:47:44] /goto dante
[29/11/2016 17:47:46] /goto dante
[29/11/2016 17:47:47] /goto dante
[29/11/2016 17:47:59] /goto Necrozzy
[29/11/2016 17:48:0] /goto Necrozzy
[29/11/2016 17:48:1] /goto Necrozzy
[29/11/2016 17:48:2] /goto Necrozzy
[29/11/2016 17:48:3] /goto Necrozzy
[29/11/2016 17:48:3] /goto Necrozzy
[29/11/2016 17:48:4] /goto Necrozzy
[29/11/2016 17:48:5] /goto Necrozzy
[29/11/2016 17:48:6] /goto Necrozzy
[29/11/2016 17:48:6] /goto Necrozzy
[29/11/2016 17:48:7] /goto Necrozzy
[29/11/2016 17:48:8] /goto Necrozzy
[29/11/2016 17:48:8] /goto Necrozzy
[29/11/2016 17:48:9] /goto Necrozzy
[29/11/2016 17:48:10] /goto Necrozzy
[29/11/2016 17:48:11] /goto Necrozzy
[29/11/2016 17:48:11] /goto Necrozzy
[29/11/2016 17:48:12] /goto Necrozzy
[29/11/2016 17:48:13] /goto Necrozzy
[29/11/2016 17:48:14] /goto Necrozzy
[29/11/2016 17:48:14] /goto Necrozzy
[29/11/2016 17:48:15] /goto Necrozzy
[29/11/2016 17:48:16] /goto Necrozzy
[29/11/2016 17:48:16] /goto Necrozzy
[29/11/2016 17:48:18] /goto Necrozzy
[29/11/2016 17:48:18] /goto Necrozzy
[29/11/2016 17:48:22] /goto Necrozzy
[29/11/2016 17:48:23] /goto Necrozzy
[29/11/2016 17:48:24] /goto Necrozzy
[29/11/2016 17:48:25] /goto Necrozzy
[29/11/2016 17:48:26] /goto Necrozzy
[29/11/2016 17:48:26] /goto Necrozzy
[29/11/2016 17:48:27] /goto Necrozzy
[29/11/2016 17:48:28] /goto Necrozzy
[29/11/2016 17:48:29] /goto Necrozzy
[29/11/2016 17:48:30] /goto Necrozzy
[29/11/2016 17:48:34] /goto Necrozzy
[29/11/2016 17:48:36] /goto Necrozzy
[29/11/2016 17:48:37] /goto Necrozzy
[29/11/2016 17:48:47] /goto Necrozzy
[29/11/2016 17:48:55] /goto Necrozzy
[29/11/2016 17:48:56] /goto Necrozzy
[29/11/2016 17:48:58] /goto Necrozzy
[29/11/2016 17:49:1] /goto Necrozzy
[29/11/2016 17:49:25] /goto Necrozzy
[29/11/2016 17:49:26] /goto Necrozzy
[29/11/2016 17:49:27] /goto Necrozzy
[29/11/2016 17:49:27] /goto Necrozzy
[29/11/2016 17:49:29] /goto Necrozzy
[29/11/2016 17:49:29] /goto Necrozzy
[29/11/2016 17:49:30] /goto Necrozzy
[29/11/2016 17:49:31] /goto Necrozzy
[29/11/2016 17:49:32] /goto Necrozzy
[29/11/2016 17:49:33] /goto Necrozzy
[29/11/2016 17:49:37] /goto Necrozzy
[29/11/2016 17:49:38] /goto Necrozzy
[29/11/2016 17:49:39] /goto Necrozzy
[29/11/2016 17:49:40] /goto Necrozzy
[29/11/2016 17:49:41] /goto Necrozzy
[29/11/2016 17:49:42] /goto Necrozzy
[29/11/2016 17:49:43] /goto Necrozzy
[29/11/2016 17:49:43] /goto Necrozzy
[29/11/2016 17:49:44] /goto Necrozzy
[29/11/2016 17:49:45] /goto Necrozzy
[29/11/2016 17:49:45] /goto Necrozzy
[29/11/2016 17:49:53] /goto Necrozzy
[29/11/2016 17:49:54] /goto Necrozzy
[29/11/2016 17:49:55] /goto Necrozzy
[29/11/2016 17:49:56] /goto Necrozzy
[29/11/2016 17:49:56] /goto Necrozzy
[29/11/2016 17:49:57] /goto Necrozzy
[29/11/2016 17:49:58] /goto Necrozzy
[29/11/2016 17:49:59] /goto Necrozzy
[29/11/2016 17:50:0] /goto Necrozzy
[29/11/2016 17:50:1] /goto Necrozzy
[29/11/2016 17:50:2] /goto Necrozzy
[29/11/2016 17:50:3] /goto Necrozzy
[29/11/2016 17:50:4] /goto Necrozzy
[29/11/2016 17:50:5] /goto Necrozzy
[29/11/2016 17:50:5] /goto Necrozzy
[29/11/2016 17:50:6] /goto Necrozzy
[29/11/2016 17:50:10] /goto dante
[29/11/2016 17:50:45] /goto Necrozzy
[29/11/2016 17:50:46] /goto Necrozzy
[29/11/2016 17:50:48] /goto Necrozzy
[29/11/2016 17:50:49] /goto Necrozzy
[29/11/2016 17:50:49] /goto Necrozzy
[29/11/2016 17:50:50] /goto Necrozzy
[29/11/2016 17:50:51] /goto Necrozzy
[29/11/2016 17:50:52] /goto Necrozzy
[29/11/2016 17:50:53] /goto Necrozzy
[29/11/2016 17:50:53] /goto Necrozzy
[29/11/2016 17:50:54] /goto Necrozzy
[29/11/2016 17:50:55] /goto Necrozzy
[29/11/2016 17:50:56] /goto Necrozzy
[29/11/2016 17:50:56] /goto Necrozzy
[29/11/2016 17:50:57] /goto Necrozzy
[29/11/2016 17:50:58] /goto Necrozzy
[29/11/2016 17:50:59] /goto Necrozzy
[29/11/2016 17:50:59] /goto Necrozzy
[29/11/2016 17:51:0] /goto Necrozzy
[29/11/2016 17:51:1] /goto Necrozzy
[29/11/2016 17:51:2] /goto Necrozzy
[29/11/2016 17:51:2] /goto Necrozzy
[29/11/2016 17:51:3] /goto Necrozzy
[29/11/2016 17:51:4] /goto Necrozzy
[29/11/2016 17:51:5] /goto Necrozzy
[29/11/2016 17:51:6] /goto Necrozzy
[29/11/2016 17:51:7] /goto Necrozzy
[29/11/2016 17:51:8] /goto Necrozzy
[29/11/2016 17:51:9] /goto Necrozzy
[29/11/2016 17:51:10] /goto Necrozzy
[29/11/2016 17:51:11] /goto Necrozzy
[29/11/2016 17:51:11] /goto Necrozzy
[29/11/2016 17:51:12] /goto Necrozzy
[29/11/2016 17:51:13] /goto Necrozzy
[29/11/2016 17:51:14] /goto Necrozzy
[29/11/2016 17:51:14] /goto Necrozzy
[29/11/2016 17:51:15] /goto Necrozzy
[29/11/2016 17:51:16] /goto Necrozzy
[29/11/2016 17:51:17] /goto Necrozzy
[29/11/2016 17:51:17] /goto Necrozzy
[29/11/2016 17:51:18] /goto Necrozzy
[29/11/2016 17:51:19] /goto Necrozzy
[29/11/2016 17:51:20] /goto Necrozzy
[29/11/2016 17:51:20] /goto Necrozzy
[29/11/2016 17:51:21] /goto Necrozzy
[29/11/2016 17:51:22] /goto Necrozzy
[29/11/2016 17:51:22] /goto Necrozzy
[29/11/2016 17:51:23] /goto Necrozzy
[29/11/2016 17:51:24] /goto Necrozzy
[29/11/2016 17:51:25] /goto Necrozzy
[29/11/2016 17:51:25] /goto Necrozzy
[29/11/2016 17:51:26] /goto Necrozzy
[29/11/2016 17:51:26] /goto Necrozzy
[29/11/2016 17:51:27] /goto Necrozzy
[29/11/2016 17:51:27] /goto Necrozzy
[29/11/2016 17:51:28] /goto Necrozzy
[29/11/2016 17:51:28] /goto Necrozzy
[29/11/2016 17:51:29] /goto Necrozzy
[29/11/2016 17:51:30] /goto Necrozzy
[29/11/2016 17:51:31] /goto Necrozzy
[29/11/2016 17:51:31] /goto Necrozzy
[29/11/2016 17:51:32] /goto Necrozzy
[29/11/2016 17:51:32] /goto Necrozzy
[29/11/2016 17:51:33] /goto Necrozzy
[29/11/2016 17:51:34] /goto Necrozzy
[29/11/2016 17:51:35] /goto Necrozzy
[29/11/2016 17:51:35] /goto Necrozzy
[29/11/2016 17:51:36] /goto Necrozzy
[29/11/2016 17:51:37] /goto Necrozzy
[29/11/2016 17:51:37] /goto Necrozzy
[29/11/2016 17:51:38] /goto Necrozzy
[29/11/2016 17:51:39] /goto Necrozzy
[29/11/2016 17:51:40] /goto Necrozzy
[29/11/2016 17:51:41] /goto Necrozzy
[29/11/2016 17:51:44] /goto Necrozzy
[29/11/2016 17:51:45] /goto Necrozzy
[29/11/2016 17:51:51] /t
[29/11/2016 18:3:58] /reload globalevents
[29/11/2016 18:4:1] /reload globalevents
[29/11/2016 18:4:21] /b Agora vai abrir o CTF
[29/11/2016 18:4:39] /b Agora vai abrir o CTF
[29/11/2016 18:43:9] /goto Qualquer coisa
[29/11/2016 18:43:11] /goto Qualquer coisa
[29/11/2016 18:43:13] /goto Qualquer coisa
[29/11/2016 18:43:20] /goto Qualquer coisa
[29/11/2016 18:43:22] /goto Qualquer coisa
[29/11/2016 18:45:38] /t
[29/11/2016 18:49:5] /b Qualquer coisa Foi Banido Por Aproveitar de um Bug e Upar em Area vip, Quem tentar tirar vantagem ira ser deletado
[29/11/2016 18:49:15] /goto Qualquer coisa
[29/11/2016 18:49:21] /r
[29/11/2016 18:49:28] /b Qualquer coisa Foi Banido Por Aproveitar de um Bug e Upar em Area vip, Quem tentar tirar vantagem ira ser deletado
[29/11/2016 18:49:36] /goto Ninex
[29/11/2016 18:49:50] /goto Necrozzy
[29/11/2016 18:50:12] /goto mama
[29/11/2016 18:50:17] /goto mama
[29/11/2016 18:50:19] /goto mama
[29/11/2016 18:50:22] /goto mama
[29/11/2016 18:50:36] /goto fearless
[29/11/2016 18:50:50] /goto fearless
[29/11/2016 18:51:3] /t
[29/11/2016 18:54:43] /t
[29/11/2016 18:54:44] /t
[29/11/2016 19:6:13] /mc
[29/11/2016 19:6:50] /goto jheer
[29/11/2016 19:6:52] /goto jheery
[29/11/2016 19:7:33] /t
[29/11/2016 19:7:36] /c Jheery
[29/11/2016 19:7:52] /r
[29/11/2016 19:11:29] /goto Matei
[29/11/2016 19:11:33] /t
[29/11/2016 19:11:42] /a 4
[29/11/2016 19:13:7] /reload globalevents
[29/11/2016 19:13:10] /reload globalevents
[29/11/2016 19:15:56] /b Vai ter um Evento agora apenas para 4 pessoas! Fiquem espertos no templo Vale Cave Exclusiva por 4 horas
[29/11/2016 19:17:18] /b Vai ter um Evento agora apenas para 4 pessoas! Fiquem espertos no templo Vale Cave Exclusiva por 4 horas
[29/11/2016 19:18:4] /goto matei
[29/11/2016 19:18:7] /goto matei
[29/11/2016 19:18:12] /goto matei
[29/11/2016 19:18:20] /goto matei
[29/11/2016 19:18:22] /t
[29/11/2016 19:19:7] /reload globalevents
[29/11/2016 19:19:54] /goto Necrozzy
[29/11/2016 19:19:55] /goto Necrozzy
[29/11/2016 19:20:10] /t
[29/11/2016 19:21:59] /goto bella
[29/11/2016 19:22:7] /goto bella
[29/11/2016 19:22:8] /t
[29/11/2016 19:22:16] /c bella
[29/11/2016 19:24:17] /goto dante
[29/11/2016 19:24:20] /a 4
[29/11/2016 19:24:21] /a 4
[29/11/2016 19:24:21] /a 4
[29/11/2016 19:24:21] /a 4
[29/11/2016 19:24:21] /a 4
[29/11/2016 19:24:21] /a 4
[29/11/2016 19:24:21] /a 4
[29/11/2016 19:24:21] /a 4
[29/11/2016 19:24:22] /a 4
[29/11/2016 19:24:22] /a 4
[29/11/2016 19:24:22] /a 4
[29/11/2016 19:24:23] /a 4
[29/11/2016 19:24:23] /a 4
[29/11/2016 19:24:26] /a 4
[29/11/2016 19:24:26] /a 4
[29/11/2016 19:24:27] /a 4
[29/11/2016 19:24:27] /a 4
[29/11/2016 19:24:27] /a 4
[29/11/2016 19:24:27] /a 4
[29/11/2016 19:24:28] /a 4
[29/11/2016 19:24:28] /a 4
[29/11/2016 19:24:29] /a 4
[29/11/2016 19:24:34] /c bella
[29/11/2016 19:24:51] /a 4
[29/11/2016 19:24:51] /a 4
[29/11/2016 19:24:53] /a 4
[29/11/2016 19:24:54] /a 4
[29/11/2016 19:24:54] /a 4
[29/11/2016 19:24:54] /a 4
[29/11/2016 19:24:55] /a 4
[29/11/2016 19:24:55] /a 4
[29/11/2016 19:24:55] /a 4
[29/11/2016 19:24:55] /a 4
[29/11/2016 19:24:56] /a 4
[29/11/2016 19:24:56] /a 4
[29/11/2016 19:24:56] /a 4
[29/11/2016 19:24:57] /a 4
[29/11/2016 19:24:57] /a 4
[29/11/2016 19:24:57] /a 4
[29/11/2016 19:24:58] /a 4
[29/11/2016 19:24:58] /a 4
[29/11/2016 19:25:12] /c bella
[29/11/2016 19:25:20] /t
[29/11/2016 19:25:21] /c bella
[29/11/2016 19:25:47] /c jherry
[29/11/2016 19:25:52] /c jehrry
[29/11/2016 19:28:6] /reload globalevents
[29/11/2016 19:38:40] /reload globalevents
[29/11/2016 19:39:6] /b Testando Fire Storm em 2 min
[29/11/2016 19:39:10] /b Testando Fire Storm em 2 min  GO EVENTO
[29/11/2016 19:39:33] /b Testando Fire Storm em 2 min  GO EVENTO
[29/11/2016 19:41:46] /reload globalevents
[29/11/2016 19:41:49] /reload globalevents
[29/11/2016 19:42:12] /c bella
[29/11/2016 19:45:40] /t
[29/11/2016 19:45:45] /c dante
[29/11/2016 19:47:45] /c Ninex
[29/11/2016 20:5:7] /goto matei
[29/11/2016 20:5:10] /goto matei
[29/11/2016 20:5:12] /goto matei
[29/11/2016 20:5:19] /goto matei
[29/11/2016 20:5:23] /goto matei
[29/11/2016 20:5:24] /goto matei
[29/11/2016 20:5:25] /goto matei
[29/11/2016 20:7:22] /t
[29/11/2016 20:7:33] /reload items
[29/11/2016 20:7:40] /reload items.xml
[29/11/2016 20:7:43] /reload itemsxml
[29/11/2016 20:8:57] /goto Jheery
[29/11/2016 20:9:7] /t
[29/11/2016 20:18:29] /reload globalevents
[29/11/2016 20:18:31] /reload globalevents
[29/11/2016 20:21:2] /b go evento para teste
[29/11/2016 20:22:29] /goto bella
[29/11/2016 20:25:36] /b O servidor vai Reiniciar em 10 Minutos, Desculpe o Transtornor estamos trabalhando por Melhorias!
[29/11/2016 20:25:48] /b O servidor vai Reiniciar em 10 Minutos, Desculpe o Transtornor estamos trabalhando por Melhorias! 
[29/11/2016 20:26:5] /b Ficara apenas 1 Minuto OFF apenas o tempo de Reiniciar 
[29/11/2016 20:29:7] /save
[29/11/2016 20:29:12] /save server
[29/11/2016 20:39:3] /save
[29/11/2016 20:39:32] /save
[29/11/2016 20:39:37] /save
[29/11/2016 20:41:0] /save
[29/11/2016 20:42:34] /goto matei
[29/11/2016 20:42:38] /goto matei
[29/11/2016 20:47:25] /t
[29/11/2016 21:15:25] /a 4
[29/11/2016 21:23:42] /a 4
[29/11/2016 21:24:42] /t
[29/11/2016 21:24:58] /a 4
[29/11/2016 21:25:7] /c Necrozzy
[29/11/2016 21:45:18] /save
[29/11/2016 21:54:49] /t
[29/11/2016 22:7:40] /i 2345
[29/11/2016 22:15:49] /b Alguem invade o castelo por favor, preciso saber Oque precisa reparar 
[29/11/2016 22:20:21] /b Para salvar seu Char !save , Iremos Reiniciar para atualizar novas mensagens do serivdor em 2 minutos..
[29/11/2016 22:20:34] /save
[29/11/2016 22:21:38] /goto matei
[29/11/2016 22:21:39] /goto matei
[29/11/2016 22:21:41] /goto matei
[29/11/2016 22:21:43] /t
[29/11/2016 22:38:2] /reload globalevents
[29/11/2016 22:49:44] /reload globalevents
[29/11/2016 23:1:17] /b alguem quer vim evento falta 1
[29/11/2016 23:1:26] /b alguem quer vim evento falta 1
[29/11/2016 23:1:31] /b alguem quer vim evento falta 1
[29/11/2016 23:1:54] /c Mama
[29/11/2016 23:1:58] /c Mama
[29/11/2016 23:2:0] /c Mama
[29/11/2016 23:5:26] /b Agora vou arrumar todos horarios de eventos e colocar pra abrir de 1 em 1 hora um evento sortido ja volto
[29/11/2016 23:17:26] /b Salve seu Char vou Reiniciar
[29/11/2016 23:17:30] /b Salve seu Char vou Reiniciar
[29/11/2016 23:17:31] /b Salve seu Char vou Reiniciar
[29/11/2016 23:17:37] /b Salve seu Char vou Reiniciar  Fale !save
[29/11/2016 23:17:39] /b Salve seu Char vou Reiniciar  Fale !save
[29/11/2016 23:17:41] /b Salve seu Char vou Reiniciar  Fale !save
[29/11/2016 23:17:41] /b Salve seu Char vou Reiniciar  Fale !save
[29/11/2016 23:17:42] /b Salve seu Char vou Reiniciar  Fale !save
[29/11/2016 23:18:11] /b Salve seu Char vou Reiniciar  Fale !save
[29/11/2016 23:18:12] /b Salve seu Char vou Reiniciar  Fale !save
[29/11/2016 23:18:14] /b Salve seu Char vou Reiniciar  Fale !save
[29/11/2016 23:18:21] /reload globalevents
[29/11/2016 23:25:33] /b agora vaiiii
[29/11/2016 23:26:3] /ghost
[29/11/2016 23:26:42] /b Estou pegando jeito jaja o Server ta em Ordem ai vou ter tempo para divulgar
[29/11/2016 23:29:9] /i 6527
[29/11/2016 23:29:10] /i 6527
[29/11/2016 23:29:10] /i 6527
[29/11/2016 23:29:10] /i 6527
[29/11/2016 23:29:11] /i 6527
[29/11/2016 23:29:11] /i 6527
[29/11/2016 23:29:32] /i 6527
[29/11/2016 23:29:33] /i 6527
[29/11/2016 23:29:33] /i 6527
[29/11/2016 23:29:34] /i 6527
[29/11/2016 23:29:35] /i 6527
[29/11/2016 23:29:37] /i 6527
[29/11/2016 23:29:52] /i 6527
[29/11/2016 23:29:52] /i 6527
[29/11/2016 23:29:53] /i 6527
[29/11/2016 23:29:54] /i 6527
[29/11/2016 23:29:55] /i 6527
[29/11/2016 23:29:55] /i 6527
[29/11/2016 23:29:56] /i 6527
[29/11/2016 23:29:56] /i 6527
[29/11/2016 23:29:57] /i 6527
[29/11/2016 23:29:57] /i 6527
[29/11/2016 23:30:2] /i 6527
[29/11/2016 23:30:2] /i 6527
[29/11/2016 23:30:3] /i 6527
[29/11/2016 23:30:5] /i 6527
[29/11/2016 23:30:6] /i 6527
[29/11/2016 23:30:6] /i 6527
[29/11/2016 23:30:10] /i 6527
[29/11/2016 23:30:10] /i 6527
[29/11/2016 23:30:11] /i 6527
[29/11/2016 23:30:11] /i 6527
[29/11/2016 23:30:11] /i 6527
[29/11/2016 23:30:12] /i 6527
[29/11/2016 23:30:12] /i 6527
[29/11/2016 23:32:21] /b Evento Zombie aberto corra!
[29/11/2016 23:32:31] /b Fecha em 2  Minutos
[29/11/2016 23:34:57] /b Nao estou participando  do evento amigos
[29/11/2016 23:35:13] /b Nao estou participando  do evento amigos apenas vendo se esta tudo ok
[29/11/2016 23:35:48] /t
[29/11/2016 23:41:43] /c dante
[29/11/2016 23:42:56] /promote
[29/11/2016 23:43:1] /promote dante
[30/11/2016 0:3:54] /ghost
[30/11/2016 1:3:7] /b Atençao Salve seu Char em 5 Minutos Vamos Reiniciar o ServidorApartir de Hoje os eventos vai funcinar certiho
[30/11/2016 1:3:23] /b Os eventos vao começar as 7 da manha
[30/11/2016 1:3:45] /b Os eventos vao começar as 7 da manha e vai acabar meia noite, havera 1 evento por Hora
[30/11/2016 1:3:50] /b Atençao Salve seu Char em 5 Minutos Vamos Reiniciar o ServidorApartir de Hoje os eventos vai funcinar certiho
[30/11/2016 1:4:51] /b Atençao Salve seu Char em 5 Minutos Vamos Reiniciar o ServidorApartir de Hoje os eventos vai funcinar certiho
[30/11/2016 1:5:9] /b Atençao Salve seu Char em 5 Minutos Vamos Reiniciar o ServidorApartir de Hoje os eventos vai funcinar certiho
[30/11/2016 1:5:16] /b Atençao Salve seu Char em 5 Minutos Vamos Reiniciar o ServidorApartir de Hoje os eventos vai funcinar certiho
[30/11/2016 1:5:58] /r
[30/11/2016 1:6:20] /b Atençao Salve seu Char em 5 Minutos Vamos Reiniciar o ServidorApartir de Hoje os eventos vai funcinar certiho
[30/11/2016 1:6:28] /b Os eventos vao começar as 7 da manha e vai acabar meia noite, havera 1 evento por Hora
[30/11/2016 1:8:17] /b Vou reiniciar o serve salve seu char !save
[30/11/2016 1:8:20] /b Vou reiniciar o serve salve seu char !save
[30/11/2016 1:8:41] /b Vou reiniciar o serve salve seu char !save
[30/11/2016 1:8:58] /b  PARA SALVAR SEU CHAR !save
[30/11/2016 1:9:1] /b  PARA SALVAR SEU CHAR !save
[30/11/2016 1:9:8] /b 10
[30/11/2016 1:9:10] /b 9
[30/11/2016 1:9:13] /b 8
[30/11/2016 1:9:16] /b 7
[30/11/2016 1:9:19] /b 6
[30/11/2016 1:9:21] /b 5
[30/11/2016 1:9:24] /b 4
[30/11/2016 1:9:26] /b 3
[30/11/2016 1:9:28] /b 2
[30/11/2016 1:9:30] /b 1
[30/11/2016 1:9:38] /b reiniciando 
[30/11/2016 1:9:44] /reload globalevents
[30/11/2016 1:16:35] /b Quem quiser atacar de Longe pode comprar a New Mage Staff
[30/11/2016 1:16:41] /b Quem quiser atacar de Longe pode comprar a New Mage Staff :)
[30/11/2016 1:16:53] /b Quem quiser atacar de Longe pode comprar a New Mage Staff :)
[30/11/2016 1:20:54] /goto Ollky
[30/11/2016 1:20:58] /goto Ollky
[30/11/2016 1:21:1] /goto Ollky
[30/11/2016 1:22:32] /t
[30/11/2016 1:26:57] /ghost
[30/11/2016 1:28:12] /b apartir de hj eventos de 1 em uma hora, começando 7 da manha, e acabando as 00:00
[30/11/2016 1:28:15] /b apartir de hj eventos de 1 em uma hora, começando 7 da manha, e acabando as 00:00
[30/11/2016 1:32:24] /b Lembrando que sabado O Fire Storm das 15:00 vai valer $$$ A mesma Quantidade de Player Online eu vou Colocar na sua conta bancaria !!!
[30/11/2016 1:33:42] /goto Ollky
[30/11/2016 1:38:23] /t
[30/11/2016 1:43:48] /b Lembrando que sabado O Fire Storm das 15:00 vai valer $$$ A mesma Quantidade de Player Online eu vou Colocar na sua conta bancaria !!!
[30/11/2016 1:49:37] /i 1387
[30/11/2016 1:49:47] /r
[30/11/2016 2:0:58] /t
[30/11/2016 2:1:3] /c bella
[30/11/2016 2:1:14] /b go Evento
[30/11/2016 2:13:12] /reload globalevents
[30/11/2016 2:13:55] /a 4
[30/11/2016 2:14:31] /a 4
[30/11/2016 2:21:38] !mc
[30/11/2016 2:53:47] /r
[30/11/2016 2:53:48] /r
[30/11/2016 2:59:1] /reload globalevents
[30/11/2016 2:59:5] /reload globalevents
[30/11/2016 2:59:10] /r
[30/11/2016 3:6:40] /b O evento vai começar em vamos ver se dessa ves vai
[30/11/2016 3:8:29] /reload globalevents
[30/11/2016 3:8:51] /b para de spam vou banir
[30/11/2016 3:8:53] /b para de spam vou banir
[30/11/2016 3:9:5] /b DESER WAR EM 2 MIN 
[30/11/2016 3:9:11] /b DESER WAR EM 2 MIN 
[30/11/2016 3:9:16] /b DESER WAR EM 2 MIN 
[30/11/2016 3:9:19] /b DESER WAR EM 2 MIN 
[30/11/2016 3:9:26] /b DESER WAR EM 2 MIN 
[30/11/2016 3:10:19] /b DESER WAR aberto Go
[30/11/2016 3:10:24] /b DESER WAR aberto Go
[30/11/2016 3:10:54] /b DESER WAR aberto Go
[30/11/2016 3:10:57] /b DESER WAR aberto Go
[30/11/2016 3:11:7] /b DESER WAR aberto Go
[30/11/2016 3:11:38] /b DESER WAR aberto Go
[30/11/2016 3:11:43] /b DESER WAR aberto Go
[30/11/2016 3:11:46] /b DESER WAR aberto Go
[30/11/2016 3:12:1] /b DESER WAR aberto Go
[30/11/2016 3:12:42] /b DESER WAR aberto Go
[30/11/2016 3:52:5] /reload globalevents
[30/11/2016 3:52:53] /b Vou reiniciar o servidor
[30/11/2016 3:52:56] /b Vou reiniciar o servidor
[30/11/2016 3:53:10] /b Vou reiniciar o servidor para arrumar horarios dos eventos salve seu Char !save
[30/11/2016 3:53:15] /b Vou reiniciar o servidor para arrumar horarios dos eventos salve seu Char !save
[30/11/2016 3:53:19] /b Vou reiniciar o servidor para arrumar horarios dos eventos salve seu Char !save
[30/11/2016 3:53:22] /b Vou reiniciar o servidor para arrumar horarios dos eventos salve seu Char !save
[30/11/2016 3:53:24] /b Vou reiniciar o servidor para arrumar horarios dos eventos salve seu Char !save
[30/11/2016 3:53:30] /b Vou reiniciar o servidor para arrumar horarios dos eventos salve seu Char !save
[30/11/2016 3:53:33] /b Vou reiniciar o servidor para arrumar horarios dos eventos salve seu Char !save
[30/11/2016 3:53:38] /b Vou reiniciar o servidor para arrumar horarios dos eventos salve seu Char !save
[30/11/2016 3:53:45] /reload globalevents
[30/11/2016 3:53:52] /b Vou reiniciar o servidor para arrumar horarios dos eventos salve seu Char !save
[30/11/2016 3:54:6] /b Reloga
[30/11/2016 3:54:7] /b Reloga
[30/11/2016 3:54:8] /b Reloga
[30/11/2016 3:59:32] /b agora vai abrir evento certinho
[30/11/2016 3:59:48] /b agora vai abrir evento certinho nao vou mais reiniciar o serve, vai ficar direto
[30/11/2016 4:7:36] /b os eventos ja estao configurados com sucesso agora vai abrir 1 vez a cada hora aleatorio
[30/11/2016 4:7:42] /b os eventos ja estao configurados com sucesso agora vai abrir 1 vez a cada hora aleatorio
[30/11/2016 4:36:16] /a 4
[30/11/2016 4:55:6] /b Quem curtir e compartilhar a Fan page ribeirot ,  irá ganhar 1 entrada na area donate, ate morrer. ou cansar de sair de la
[30/11/2016 5:26:32] /goto ninex
[30/11/2016 5:26:42] /goto ninex
[30/11/2016 5:27:19] /a 4
[30/11/2016 5:27:41] /a 4
[30/11/2016 5:29:26] /b Boa noite Ate amanha! 
[30/11/2016 5:29:46] /b bom Jogo e obrigado por jogar RibeirOT
[30/11/2016 5:30:6] /ghost
[30/11/2016 5:30:10] /goto mama
[30/11/2016 5:30:13] /goto mama
[30/11/2016 5:30:14] /goto mama
[30/11/2016 5:30:16] /goto mama
[30/11/2016 5:30:17] /goto mama
[30/11/2016 5:30:18] /goto mama
[30/11/2016 5:30:29] /t
[30/11/2016 5:36:41] /b marcos
[30/11/2016 5:36:47] /c marcos
[30/11/2016 14:49:38] /a 4
[30/11/2016 14:49:42] /a 4
[30/11/2016 14:55:49] /goto mama
[30/11/2016 14:55:51] /goto mama
[30/11/2016 14:55:52] /goto mama
[30/11/2016 14:55:54] /goto mama
[30/11/2016 14:55:55] /goto mama
[30/11/2016 14:55:56] /goto mama
[30/11/2016 14:56:10] /goto mama
[30/11/2016 14:56:11] /goto mama
[30/11/2016 14:56:16] /goto mama
[30/11/2016 14:56:29] /t
[30/11/2016 15:15:33] /reload config
[30/11/2016 16:13:47] /goto George
[30/11/2016 16:13:59] /r
[30/11/2016 16:25:37] /ghost
[30/11/2016 16:56:28] /save
[30/11/2016 16:56:41] /save
[30/11/2016 16:56:42] /save
[30/11/2016 16:56:42] /save
[30/11/2016 16:56:43] /save
[30/11/2016 16:56:43] /save
[30/11/2016 16:56:43] /save
[30/11/2016 16:57:35] /b iremos Reiniciar o Servidor Para adincionar 2 eventos em Area Donate, 
[30/11/2016 16:57:51] /b iremos Reiniciar o Servidor Para adincionar 2 eventos em Area Donate, 
[30/11/2016 16:57:56] /b iremos Reiniciar o Servidor Para adincionar 2 eventos em Area Donate, 
[30/11/2016 16:58:7] /ghost
[30/11/2016 16:58:10] /save
[30/11/2016 16:58:12] /save
[30/11/2016 16:58:32] /bc green Voltamos já pessoal, vamos atualizar o mapa!
[30/11/2016 16:58:34] /save
[30/11/2016 16:58:37] /closeserver
[30/11/2016 16:59:17] /closeserver
[30/11/2016 17:0:6] /a 2
[30/11/2016 17:3:25] /t
[30/11/2016 17:3:27] /openserver
[30/11/2016 17:3:38] /a 2
[30/11/2016 17:5:34] /reload globalevents
[30/11/2016 17:6:4] /reload globalevents
[30/11/2016 17:9:32] /b venha todos templos por favor
[30/11/2016 17:9:45] /c Necrozzy
[30/11/2016 17:9:49] /b venha todos templos por favor
[30/11/2016 17:9:50] /b venha todos templos por favor
[30/11/2016 17:12:21] /b Quem vier templo em 2 minutos, eu vou levar para conheçer a area Donate e deixar la por 30 min.. 
[30/11/2016 17:12:29] /b Quem vier templo em 2 minutos, eu vou levar para conheçer a area Donate e deixar la por 30 min.. 
[30/11/2016 17:12:35] /b Quem vier templo em 2 minutos, eu vou levar para conheçer a area Donate e deixar la por 30 min.. 
[30/11/2016 17:12:41] /b Quem vier templo em 2 minutos, eu vou levar para conheçer a area Donate e deixar la por 30 min.. 
[30/11/2016 17:13:5] /b Quem vier templo em 2 minutos, eu vou levar para conheçer a area Donate e deixar la por 30 min.. 
[30/11/2016 17:13:15] /ghost
[30/11/2016 17:22:51] /b Estou aguardando para levar o pessoal para conhecer a vip!
[30/11/2016 17:33:4] /b Lembrando que sabado O Fire Storm das 15:00 vai valer $$$ A mesma Quantidade de Player Online eu vou Colocar na sua conta bancaria !!!
[30/11/2016 17:33:30] /b Lembrando que sabado O Fire Storm das 15:00 vai valer $$$ A mesma Quantidade de Player Online eu vou Colocar na sua conta bancaria !!!
[30/11/2016 17:36:12] /b venha templo vou dar meia hora de donate pra vcs conhecer
[30/11/2016 17:36:16] /b venha templo vou dar meia hora de donate pra vcs conhecer
[30/11/2016 17:39:40] /a 4
[30/11/2016 17:39:48] /c mama
[30/11/2016 17:43:37] /t
[30/11/2016 17:43:39] /c mama
[30/11/2016 17:47:2] /goto dante
[30/11/2016 17:47:7] /a 4
[30/11/2016 17:48:27] /t
[30/11/2016 17:50:9] /goto dante
[30/11/2016 17:59:39] /b O dante foi banido por Ofensas, e por Pedir GOD, Atençao quem pedir GOD sera Deletado e o IP banido, Só existe Um GOD Aqui e Ninguem vai criar itens ou facilitar jogo de ninguem 
[30/11/2016 18:19:56] /r
[30/11/2016 18:20:0] /r
[30/11/2016 19:2:49] /reload items
[30/11/2016 19:2:57] /reload items.xml
[30/11/2016 19:3:14] /b ja arrumei a Wand;; vou reiniciar pra funcinar
[30/11/2016 19:3:27] /a 4
[30/11/2016 19:3:43] /save
[30/11/2016 19:4:18] /t
[30/11/2016 19:5:15] /save
[30/11/2016 19:5:26] /b reiniciando para arrumar espaço da wand
[30/11/2016 19:5:30] /b ja volta 1 min
[30/11/2016 19:8:31] /b Almentei 1 sqm da wand ta bom Demaisss!!
[30/11/2016 19:9:18] /b apartir de Hoje vamos trabalhar exclusivamente em divulgaçao entao qualquer problema Reporte na Pagina do Facebook. ou Whatsapp
[30/11/2016 21:8:24] /b  os eventos acontecem de 1 em 1 hora aleatorio temos 9 eventos diferentes agora
[30/11/2016 21:9:15] /b  os eventos acontecem de 1 em 1 hora aleatorio temos 9 eventos diferentes agora
[30/11/2016 21:9:23] /r
[30/11/2016 22:19:10] /b reiniciando servidor para arrumar WAand
[30/11/2016 22:19:11] /b reiniciando servidor para arrumar WAand
[30/11/2016 22:19:17] /save
[30/11/2016 22:19:20] /save
[30/11/2016 22:19:27] /b reiniciando servidor para arrumar WAand
[30/11/2016 22:21:13] /b Wand arrumada
[30/11/2016 22:21:41] /b Wand agora ataka de 5 sqm !
[30/11/2016 22:21:58] /b New Donate Staff
[30/11/2016 22:28:45] /goto lord
[30/11/2016 22:31:9] /b Lembrando que sabado O Fire Storm das 15:00 vai valer $$$ A mesma Quantidade de Player Online eu vou Colocar na sua conta bancaria !!!
[30/11/2016 23:10:11] /b Quem chamar 1 Amigo, Ganha 1 Item do site, ... e seu amigo tb Ganha e so Escolher
[30/11/2016 23:10:23] /b Quem chamar 1 Amigo, Ganha 1 Item do site, ... e seu amigo tb Ganha e so Escolher
[30/11/2016 23:10:47] /c Mama
[30/11/2016 23:10:57] /c feeh druidrao
[30/11/2016 23:12:44] /i New Pally Bow
[30/11/2016 23:15:7] /i new mage staff
[30/11/2016 23:15:8] /i new mage staff
[30/11/2016 23:15:16] /i New Pally Bow
[30/11/2016 23:15:17] /i New Pally Bow
[30/11/2016 23:22:33] /i 2346
[30/11/2016 23:22:35] /i 2346
[30/11/2016 23:37:38] /c Makaizl
[30/11/2016 23:38:10] /c Makaizl
[30/11/2016 23:38:12] /a 4
[30/11/2016 23:38:14] /c Makaizl
[30/11/2016 23:39:45] /i instarmina infinita
[30/11/2016 23:40:20] /i Stamina Infinit
[30/11/2016 23:40:49] /t
[30/11/2016 23:43:21] /b Lembrando que sabado O Fire Storm das 15:00 vai valer $$$ A mesma Quantidade de Player Online eu vou Colocar na sua conta bancaria !!!
[30/11/2016 23:43:30] /b Lembrando que sabado O Fire Storm das 15:00 vai valer $$$ A mesma Quantidade de Player Online eu vou Colocar na sua conta bancaria !!!
[1/12/2016 0:8:18] /a 4
[1/12/2016 0:9:21] /a 4
[1/12/2016 0:9:31] /t
