[5/2/2017 18:27:24] /b
[5/2/2017 18:27:34] /b oi
[5/2/2017 18:28:29] /b calma galera 
[5/2/2017 18:29:22] /b  Leonardo  calma ja que ele libera
[5/2/2017 19:20:37] /b para voce ganha pontos vai na pagina do ot  la no face e
[5/2/2017 19:24:6] /b os cara que logou upa e deixa trainer que vou passar dando os pontos
[5/2/2017 19:24:16] /b os cara que logou upa e deixa trainer que vou passar dando os pontos
[5/2/2017 19:24:18] /b os cara que logou upa e deixa trainer que vou passar dando os pontos
[5/2/2017 19:24:26] /b os cara que logou upa e deixa trainer que vou passar dando os pontos
[5/2/2017 19:24:30] /b os cara que logou upa e deixa trainer que vou passar dando os pontos
[5/2/2017 19:24:35] /b os cara que logou upa e deixa trainer que vou passar dando os pontos
[5/2/2017 19:24:49] /b os cara que logou upa e deixa trainer que vou passar dando os pontos
[5/2/2017 19:24:53] /b os cara que logou upa e deixa trainer que vou passar dando os pontos
[5/2/2017 19:25:15] /b os cara que logou upa e deixa trainer que vou passar dando os pontos
[5/2/2017 19:26:56] /b no face
[5/2/2017 19:27:19] /b pesso calama galera e so um adm
[5/2/2017 19:32:22] /b calma todo munda vai ganha so ter calma
[6/2/2017 16:10:48] /b bom dia galera
[6/2/2017 16:20:34] /b galera o ADM RbOT ja volta
[6/2/2017 16:20:53] /b galera o ADM RbOT ja volta
[6/2/2017 16:21:13] /b galera o ADM RbOT ja volta
[6/2/2017 16:21:19] /b galera o ADM RbOT ja volta
[6/2/2017 16:21:23] /b galera o ADM RbOT ja volta
[6/2/2017 16:21:32] /b galera o ADM RbOT ja volta
[6/2/2017 16:22:20] /b galera o ADM RbOT ja volta
[6/2/2017 18:40:54] /b galera o adm nao ta on lee so chega as 14 horas da tarde
[6/2/2017 18:40:56] /b galera o adm nao ta on lee so chega as 14 horas da tarde
[6/2/2017 18:40:58] /b galera o adm nao ta on lee so chega as 14 horas da tarde
[6/2/2017 18:41:10] /b galera o adm nao ta on lee so chega as 14 horas da tarde
[6/2/2017 18:41:13] /b galera o adm nao ta on lee so chega as 14 horas da tarde
[6/2/2017 18:41:22] /b galera o adm nao ta on lee so chega as 14 horas da tarde
[6/2/2017 18:41:41] /b galera o adm nao ta on lee so chega as 14 horas da tarde
[6/2/2017 18:41:55] /b galera o adm nao ta on ele so chega as 14 horas da tarde
[6/2/2017 18:42:5] /b galera o adm nao ta on ele so chega as 14 horas da tarde
[6/2/2017 18:42:8] /b galera o adm nao ta on ele so chega as 14 horas da tarde
[6/2/2017 18:42:11] /b galera o adm nao ta on ele so chega as 14 horas da tarde
[6/2/2017 18:42:16] /b galera o adm nao ta on ele so chega as 14 horas da tarde
[6/2/2017 18:42:25] /b galera o adm nao ta on ele so chega as 14 horas da tarde
[6/2/2017 18:42:31] /b galera o adm nao ta on ele so chega as 14 horas da tarde
[6/2/2017 18:43:15] /b galera o adm nao ta on ele so chega as 14 horas da tarde e quando o adm chega ele vai libera os pontos
[6/2/2017 18:43:17] /b galera o adm nao ta on ele so chega as 14 horas da tarde e quando o adm chega ele vai libera os pontos
[6/2/2017 18:43:19] /b galera o adm nao ta on ele so chega as 14 horas da tarde e quando o adm chega ele vai libera os pontos
[6/2/2017 18:43:21] /b galera o adm nao ta on ele so chega as 14 horas da tarde e quando o adm chega ele vai libera os pontos
[6/2/2017 18:43:22] /b galera o adm nao ta on ele so chega as 14 horas da tarde e quando o adm chega ele vai libera os pontos
[6/2/2017 18:43:23] /b galera o adm nao ta on ele so chega as 14 horas da tarde e quando o adm chega ele vai libera os pontos
[6/2/2017 18:43:24] /b galera o adm nao ta on ele so chega as 14 horas da tarde e quando o adm chega ele vai libera os pontos
[6/2/2017 18:43:27] /b galera o adm nao ta on ele so chega as 14 horas da tarde e quando o adm chega ele vai libera os pontos
[6/2/2017 18:43:34] /b galera o adm nao ta on ele so chega as 14 horas da tarde e quando o adm chega ele vai libera os pontos
[6/2/2017 18:43:37] /b galera o adm nao ta on ele so chega as 14 horas da tarde e quando o adm chega ele vai libera os pontos
[6/2/2017 18:43:41] /b galera o adm nao ta on ele so chega as 14 horas da tarde e quando o adm chega ele vai libera os pontos
[6/2/2017 18:43:48] /b galera o adm nao ta on ele so chega as 14 horas da tarde e quando o adm chega ele vai libera os pontos
[6/2/2017 18:43:51] /b galera o adm nao ta on ele so chega as 14 horas da tarde e quando o adm chega ele vai libera os pontos
[6/2/2017 18:44:14] /b galera o adm nao ta on ele so chega as 14 horas da tarde e quando o adm chega ele vai libera os pontos
[6/2/2017 18:44:38] /b galera o adm nao ta on ele so chega as 14 horas da tarde e quando o adm chega ele vai libera os pontos
[6/2/2017 18:48:12] /b galera o adm nao ta on ele so chega as 14 horas da tarde e quando o adm chega ele vai libera os pontos
[6/2/2017 18:48:49] /b galera o adm nao ta on ele so chega as 14 horas da tarde e quando o adm chega ele vai libera os pontos
[6/2/2017 18:48:57] /b galera o adm nao ta on ele so chega as 14 horas da tarde e quando o adm chega ele vai libera os pontos
[6/2/2017 18:50:5] /b pode usar 2 mc no maximo
[6/2/2017 18:50:9] /b pode usar 2 mc no maximo
[6/2/2017 18:50:26] /b adm
[6/2/2017 18:53:33] /b pode usar 2 mc no maximo
[6/2/2017 18:53:37] /b pode usar 2 mc no maximo
[6/2/2017 18:53:46] /b gogo 
[6/2/2017 18:54:40] /b pode usar 2 mc no maximo
[6/2/2017 23:37:5] /b boa tarde
[6/2/2017 23:42:49] /b o adm deu um sai ja ele chega ai
[6/2/2017 23:42:52] /b o adm deu um sai ja ele chega ai
[6/2/2017 23:42:54] /b o adm deu um sai ja ele chega ai
[6/2/2017 23:43:1] /b o adm deu um sai ja ele chega ai
[6/2/2017 23:43:21] /b o adm deu um sai ja ele chega ai
[6/2/2017 23:44:1] /b o adm deu um sai ja ele chega ai
[6/2/2017 23:44:6] /b o adm deu um sai ja ele chega ai
[6/2/2017 23:44:7] /b o adm deu um sai ja ele chega ai
[6/2/2017 23:44:8] /b o adm deu um sai ja ele chega ai
[6/2/2017 23:44:9] /b o adm deu um sai ja ele chega ai
[6/2/2017 23:44:10] /b o adm deu um sai ja ele chega ai
[6/2/2017 23:44:11] /b o adm deu um sai ja ele chega ai
[6/2/2017 23:44:12] /b o adm deu um sai ja ele chega ai
[6/2/2017 23:44:13] /b o adm deu um sai ja ele chega ai
[6/2/2017 23:44:37] /b o adm deu um sai ja ele chega ai
[6/2/2017 23:44:39] /b o adm deu um sai ja ele chega ai
[6/2/2017 23:44:53] /b o adm deu um sai ja ele chega ai
[6/2/2017 23:44:54] /b o adm deu um sai ja ele chega ai
[6/2/2017 23:45:15] /b o adm deu um sai ja ele chega ai
[6/2/2017 23:45:32] /b o adm deu um sai ja ele chega ai
[6/2/2017 23:45:35] /b o adm deu um sai ja ele chega ai
[6/2/2017 23:45:47] /b o adm deu um sai ja ele chega ai
[6/2/2017 23:46:22] /b o adm deu um sai ja ele chega ai
[6/2/2017 23:47:33] /b o adm deu um sai ja ele chega ai
[6/2/2017 23:47:34] /b o adm deu um sai ja ele chega ai
[6/2/2017 23:47:40] /b o adm deu um sai ja ele chega ai
[6/2/2017 23:49:23] /b o adm deu um sai ja ele chega ai
[6/2/2017 23:49:24] /b o adm deu um sai ja ele chega ai
[6/2/2017 23:49:25] /b o adm deu um sai ja ele chega ai
[6/2/2017 23:49:26] /b o adm deu um sai ja ele chega ai
[6/2/2017 23:50:12] /b o adm deu um sai ja ele chega ai
[6/2/2017 23:58:22] /b
[6/2/2017 23:58:26] /b oi
[6/2/2017 23:59:24] /b oi
[7/2/2017 0:5:39] /b oi
[7/2/2017 0:59:32] /b galera o adm deu um sai quando ele volta ele libera os pontos e so ter calma
[7/2/2017 0:59:33] /b galera o adm deu um sai quando ele volta ele libera os pontos e so ter calma
[7/2/2017 0:59:43] /b galera o adm deu um sai quando ele volta ele libera os pontos e so ter calma
[7/2/2017 1:0:17] /b galera o adm deu um sai quando ele volta ele libera os pontos e so ter calma
[7/2/2017 1:0:19] /b galera o adm deu um sai quando ele volta ele libera os pontos e so ter calma
[7/2/2017 1:0:34] /b galera o adm deu um sai quando ele volta ele libera os pontos e so ter calma
[7/2/2017 1:0:35] /b galera o adm deu um sai quando ele volta ele libera os pontos e so ter calma
[7/2/2017 1:0:37] /b galera o adm deu um sai quando ele volta ele libera os pontos e so ter calma
[7/2/2017 1:0:40] /b galera o adm deu um sai quando ele volta ele libera os pontos e so ter calma
[7/2/2017 1:1:27] /b galera o adm deu um sai quando ele volta ele libera os pontos e so ter calma
[7/2/2017 1:1:46] /b galera o adm deu um sai quando ele volta ele libera os pontos e so ter calma
[7/2/2017 1:2:13] /b galera o adm deu um sai quando ele volta ele libera os pontos e so ter calma
[7/2/2017 1:2:15] /b galera o adm deu um sai quando ele volta ele libera os pontos e so ter calma
[7/2/2017 1:2:31] /b galera o adm deu um sai quando ele volta ele libera os pontos e so ter calma
[7/2/2017 1:2:32] /b galera o adm deu um sai quando ele volta ele libera os pontos e so ter calma
[7/2/2017 1:2:40] /b galera o adm deu um sai quando ele volta ele libera os pontos e so ter calma
[7/2/2017 1:3:17] /b galera o adm deu um sai quando ele volta ele libera os pontos e so ter calma
[7/2/2017 1:3:18] /b galera o adm deu um sai quando ele volta ele libera os pontos e so ter calma
[7/2/2017 1:3:19] /b galera o adm deu um sai quando ele volta ele libera os pontos e so ter calma
[7/2/2017 1:3:26] /b galera o adm deu um sai quando ele volta ele libera os pontos e so ter calma
[7/2/2017 1:3:36] /b galera o adm deu um sai quando ele volta ele libera os pontos e so ter calma
[7/2/2017 1:3:36] /b galera o adm deu um sai quando ele volta ele libera os pontos e so ter calma
[7/2/2017 1:7:7] /b galera o adm deu um sai quando ele volta ele libera os pontos e so ter calma
[7/2/2017 1:7:9] /b galera o adm deu um sai quando ele volta ele libera os pontos e so ter calma
[7/2/2017 1:9:2] /b galera o adm deu um sai quando ele volta ele libera os pontos e so ter calma
[7/2/2017 1:9:23] /b galera o adm deu um sai quando ele volta ele libera os pontos e so ter calma
[7/2/2017 1:9:57] /b galera o adm deu um sai quando ele volta ele libera os pontos e so ter calma
[7/2/2017 1:31:31] /b adm
[7/2/2017 1:31:44] /b adm
[7/2/2017 1:32:15] /b avisa geral nos outros ots, Quem entrar hj leva 100 reeais.!!! Quem avisar vai ganhar tambem!!
[7/2/2017 1:32:17] /b avisa geral nos outros ots, Quem entrar hj leva 100 reeais.!!! Quem avisar vai ganhar tambem!!
[7/2/2017 1:32:25] /b avisa geral nos outros ots, Quem entrar hj leva 100 reeais.!!! Quem avisar vai ganhar tambem!!
[7/2/2017 1:32:26] /b avisa geral nos outros ots, Quem entrar hj leva 100 reeais.!!! Quem avisar vai ganhar tambem!!
[7/2/2017 1:32:27] /b avisa geral nos outros ots, Quem entrar hj leva 100 reeais.!!! Quem avisar vai ganhar tambem!!
[7/2/2017 1:32:59] /b avisa geral nos outros ots, Quem entrar hj leva 100 reeais.!!! Quem avisar vai ganhar tambem!!
[7/2/2017 1:33:1] /b avisa geral nos outros ots, Quem entrar hj leva 100 reeais.!!! Quem avisar vai ganhar tambem!!
[7/2/2017 1:33:26] /b avisa geral nos outros ots, Quem entrar hj leva 100 reeais.!!! Quem avisar vai ganhar tambem!!
[7/2/2017 1:33:28] /b avisa geral nos outros ots, Quem entrar hj leva 100 reeais.!!! Quem avisar vai ganhar tambem!!
[7/2/2017 1:33:58] /b avisa geral nos outros ots, Quem entrar hj leva 100 reeais.!!! Quem avisar vai ganhar tambem!!
[7/2/2017 1:34:0] /b avisa geral nos outros ots, Quem entrar hj leva 100 reeais.!!! Quem avisar vai ganhar tambem!!
[7/2/2017 1:34:12] /b avisa geral nos outros ots, Quem entrar hj leva 100 reeais.!!! Quem avisar vai ganhar tambem!!
[7/2/2017 1:34:14] /b avisa geral nos outros ots, Quem entrar hj leva 100 reeais.!!! Quem avisar vai ganhar tambem!!
[7/2/2017 1:34:23] /b avisa geral nos outros ots, Quem entrar hj leva 100 reeais.!!! Quem avisar vai ganhar tambem!!
[7/2/2017 1:34:24] /b avisa geral nos outros ots, Quem entrar hj leva 100 reeais.!!! Quem avisar vai ganhar tambem!!
[7/2/2017 1:38:14] /b avisa geral nos outros ots, Quem entrar hj leva 100 reeais.!!! Quem avisar vai ganhar tambem!!
[7/2/2017 1:38:31] /b avisa geral nos outros ots, Quem entrar hj leva 100 reeais.!!! Quem avisar vai ganhar tambem!!
[7/2/2017 1:38:44] /b avisa geral nos outros ots, Quem entrar hj leva 100 reeais.!!! Quem avisar vai ganhar tambem!!
[7/2/2017 1:38:49] /b avisa geral nos outros ots, Quem entrar hj leva 100 reeais.!!! Quem avisar vai ganhar tambem!!
[7/2/2017 1:38:50] /b avisa geral nos outros ots, Quem entrar hj leva 100 reeais.!!! Quem avisar vai ganhar tambem!!
[7/2/2017 1:38:57] /b avisa geral nos outros ots, Quem entrar hj leva 100 reeais.!!! Quem avisar vai ganhar tambem!!
[7/2/2017 1:39:3] /b avisa geral nos outros ots, Quem entrar hj leva 100 reeais.!!! Quem avisar vai ganhar tambem!!
[7/2/2017 1:39:4] /b avisa geral nos outros ots, Quem entrar hj leva 100 reeais.!!! Quem avisar vai ganhar tambem!!
[7/2/2017 1:39:6] /b avisa geral nos outros ots, Quem entrar hj leva 100 reeais.!!! Quem avisar vai ganhar tambem!!
[7/2/2017 1:39:12] /b avisa geral nos outros ots, Quem entrar hj leva 100 reeais.!!! Quem avisar vai ganhar tambem!!
[7/2/2017 1:39:20] /b avisa geral nos outros ots, Quem entrar hj leva 100 reeais.!!! Quem avisar vai ganhar tambem!!
[7/2/2017 1:39:27] /b avisa geral nos outros ots, Quem entrar hj leva 100 reeais.!!! Quem avisar vai ganhar tambem!!
[7/2/2017 1:39:41] /b avisa geral nos outros ots, Quem entrar hj leva 100 reeais.!!! Quem avisar vai ganhar tambem!!
[7/2/2017 1:40:17] /b avisa geral nos outros ots, Quem entrar hj leva 100 reeais.!!! Quem avisar vai ganhar tambem!!
[7/2/2017 1:49:43] /b ja o adm esta ai galera
[7/2/2017 1:49:48] /b ja o adm esta ai galera
[8/2/2017 18:6:4] /b adm
[8/2/2017 18:8:33] /b bom dia
[8/2/2017 18:8:50] /b bom dia
[9/2/2017 23:27:31] /b boa trade
[10/2/2017 0:5:49] /b adm
[10/2/2017 0:8:11] /b adm
[10/2/2017 0:11:29] /b oi
[10/2/2017 0:18:47] /b adm
[10/2/2017 0:19:10] /b postei um desafio no facebook Participa la galera!!! quero ver mUita mw e Foto
[10/2/2017 0:19:12] /b postei um desafio no facebook Participa la galera!!! quero ver mUita mw e Foto
[10/2/2017 0:19:13] /b postei um desafio no facebook Participa la galera!!! quero ver mUita mw e Foto
[10/2/2017 0:19:16] /b postei um desafio no facebook Participa la galera!!! quero ver mUita mw e Foto
[10/2/2017 0:19:17] /b postei um desafio no facebook Participa la galera!!! quero ver mUita mw e Foto
[10/2/2017 0:19:19] /b postei um desafio no facebook Participa la galera!!! quero ver mUita mw e Foto
[10/2/2017 0:19:20] /b postei um desafio no facebook Participa la galera!!! quero ver mUita mw e Foto
[10/2/2017 0:19:36] /b postei um desafio no facebook Participa la galera!!! quero ver mUita mw e Foto
[10/2/2017 0:19:40] /b postei um desafio no facebook Participa la galera!!! quero ver mUita mw e Foto
[10/2/2017 0:19:41] /b postei um desafio no facebook Participa la galera!!! quero ver mUita mw e Foto
[10/2/2017 0:20:15] /b postei um desafio no facebook Participa la galera!!! quero ver mUita mw e Foto
[10/2/2017 0:34:50] /b adm
[10/2/2017 0:37:14] /b adm
[10/2/2017 0:39:11] /b galera vou ali compra um coisa para mim ja volto
[10/2/2017 0:39:12] /b galera vou ali compra um coisa para mim ja volto
[10/2/2017 0:39:14] /b galera vou ali compra um coisa para mim ja volto
[10/2/2017 0:39:39] /b galera vou ali compra um coisa para mim ja volto
[10/2/2017 0:39:40] /b galera vou ali compra um coisa para mim ja volto
[10/2/2017 0:39:41] /b galera vou ali compra um coisa para mim ja volto
[10/2/2017 0:39:42] /b galera vou ali compra um coisa para mim ja volto
[10/2/2017 0:39:44] /b galera vou ali compra um coisa para mim ja volto
[10/2/2017 0:39:45] /b galera vou ali compra um coisa para mim ja volto
[10/2/2017 0:39:46] /b galera vou ali compra um coisa para mim ja volto
[10/2/2017 0:39:48] /b galera vou ali compra um coisa para mim ja volto
[10/2/2017 0:39:51] /b galera vou ali compra um coisa para mim ja volto
[10/2/2017 0:39:52] /b galera vou ali compra um coisa para mim ja volto
[11/2/2017 1:23:36] /b oi
[11/2/2017 1:54:9] /b adm 
[11/2/2017 2:6:18] /b adm 
[11/2/2017 2:17:3] /b  boa  noite
[11/2/2017 2:35:1] /b iu
[11/2/2017 4:1:20] /b oi
[11/2/2017 16:3:7] /b bom dia
[11/2/2017 16:58:18] /b SE VOCE E NOVATO E QUER RECEBER OS PONTOS ENTRA AQUI DO MEU LADO NA SALA DO ADM ELE ATENDE DAS 18:00 AS 23:00 TODOS OS DIAS !
[11/2/2017 16:58:19] /b SE VOCE E NOVATO E QUER RECEBER OS PONTOS ENTRA AQUI DO MEU LADO NA SALA DO ADM ELE ATENDE DAS 18:00 AS 23:00 TODOS OS DIAS !
[11/2/2017 16:58:25] /b SE VOCE E NOVATO E QUER RECEBER OS PONTOS ENTRA AQUI DO MEU LADO NA SALA DO ADM ELE ATENDE DAS 18:00 AS 23:00 TODOS OS DIAS !
[11/2/2017 16:58:30] /b SE VOCE E NOVATO E QUER RECEBER OS PONTOS ENTRA AQUI DO MEU LADO NA SALA DO ADM ELE ATENDE DAS 18:00 AS 23:00 TODOS OS DIAS !
[11/2/2017 16:58:34] /b SE VOCE E NOVATO E QUER RECEBER OS PONTOS ENTRA AQUI DO MEU LADO NA SALA DO ADM ELE ATENDE DAS 18:00 AS 23:00 TODOS OS DIAS !
[11/2/2017 16:58:36] /b SE VOCE E NOVATO E QUER RECEBER OS PONTOS ENTRA AQUI DO MEU LADO NA SALA DO ADM ELE ATENDE DAS 18:00 AS 23:00 TODOS OS DIAS !
[11/2/2017 16:58:41] /b SE VOCE E NOVATO E QUER RECEBER OS PONTOS ENTRA AQUI DO MEU LADO NA SALA DO ADM ELE ATENDE DAS 18:00 AS 23:00 TODOS OS DIAS !
[11/2/2017 16:58:55] /b SE VOCE E NOVATO E QUER RECEBER OS PONTOS ENTRA AQUI DO MEU LADO NA SALA DO ADM ELE ATENDE DAS 18:00 AS 23:00 TODOS OS DIAS !
[11/2/2017 16:58:57] /b SE VOCE E NOVATO E QUER RECEBER OS PONTOS ENTRA AQUI DO MEU LADO NA SALA DO ADM ELE ATENDE DAS 18:00 AS 23:00 TODOS OS DIAS !
[11/2/2017 16:59:15] /b SE VOCE E NOVATO E QUER RECEBER OS PONTOS ENTRA AQUI DO MEU LADO NA SALA DO ADM ELE ATENDE DAS 18:00 AS 23:00 TODOS OS DIAS !
[11/2/2017 16:59:30] /b SE VOCE E NOVATO E QUER RECEBER OS PONTOS ENTRA AQUI DO MEU LADO NA SALA DO ADM ELE ATENDE DAS 18:00 AS 23:00 TODOS OS DIAS !
[11/2/2017 16:59:31] /b SE VOCE E NOVATO E QUER RECEBER OS PONTOS ENTRA AQUI DO MEU LADO NA SALA DO ADM ELE ATENDE DAS 18:00 AS 23:00 TODOS OS DIAS !
[11/2/2017 17:0:20] /b SE VOCE E NOVATO E QUER RECEBER OS PONTOS ENTRA AQUI DO MEU LADO NA SALA DO ADM ELE ATENDE DAS 18:00 AS 23:00 TODOS OS DIAS !
[11/2/2017 17:0:30] /b SE VOCE E NOVATO E QUER RECEBER OS PONTOS ENTRA AQUI DO MEU LADO NA SALA DO ADM ELE ATENDE DAS 18:00 AS 23:00 TODOS OS DIAS !
[11/2/2017 17:0:33] /b SE VOCE E NOVATO E QUER RECEBER OS PONTOS ENTRA AQUI DO MEU LADO NA SALA DO ADM ELE ATENDE DAS 18:00 AS 23:00 TODOS OS DIAS !
[11/2/2017 17:1:33] /b SE VOCE E NOVATO E QUER RECEBER OS PONTOS ENTRA AQUI DO MEU LADO NA SALA DO ADM ELE ATENDE DAS 18:00 AS 23:00 TODOS OS DIAS !
[11/2/2017 17:1:57] /b SE VOCE E NOVATO E QUER RECEBER OS PONTOS ENTRA AQUI DO MEU LADO NA SALA DO ADM ELE ATENDE DAS 18:00 AS 23:00 TODOS OS DIAS !
[11/2/2017 17:9:5] /b SE VOCE E NOVATO E QUER RECEBER OS PONTOS ENTRA AQUI DO MEU LADO NA SALA DO ADM ELE ATENDE DAS 18:00 AS 23:00 TODOS OS DIAS !
[11/2/2017 17:28:35] /b SE VOCE E NOVATO E QUER RECEBER OS PONTOS ENTRA AQUI DO MEU LADO NA SALA DO ADM ELE ATENDE DAS 18:00 AS 23:00 TODOS OS DIAS !
[11/2/2017 17:29:27] /b SE VOCE E NOVATO E QUER RECEBER OS PONTOS ENTRA AQUI DO MEU LADO NA SALA DO ADM ELE ATENDE DAS 18:00 AS 23:00 TODOS OS DIAS !
[11/2/2017 17:29:29] /b SE VOCE E NOVATO E QUER RECEBER OS PONTOS ENTRA AQUI DO MEU LADO NA SALA DO ADM ELE ATENDE DAS 18:00 AS 23:00 TODOS OS DIAS !
[12/2/2017 19:53:27] /b boa tarde
