[3/12/2016 4:40:43] /ghost
[3/12/2016 4:41:3] /ghost
[3/12/2016 4:41:4] /ghost
[3/12/2016 4:41:38] /goto adm new
[3/12/2016 4:42:8] /a 2
[3/12/2016 4:42:26] /c adm new
[3/12/2016 4:42:29] /ghost
[3/12/2016 4:42:39] /ghost
[3/12/2016 4:42:43] /a 5
[3/12/2016 4:42:43] /a 5
[3/12/2016 4:42:43] /a 5
[3/12/2016 4:42:44] /a 5
[3/12/2016 4:42:44] /a 5
[3/12/2016 4:42:44] /a 5
[3/12/2016 4:42:46] /a 5
[3/12/2016 4:42:46] /a 5
[3/12/2016 4:42:47] /a 5
[3/12/2016 4:42:52] /c adm new
[3/12/2016 4:42:59] /a 5
[3/12/2016 4:43:1] /a 5
[3/12/2016 4:43:8] /a 5
[3/12/2016 4:43:9] /a 5
[3/12/2016 4:43:9] /a 5
[3/12/2016 4:43:9] /a 5
[3/12/2016 4:43:10] /a 5
[3/12/2016 4:43:10] /a 5
[3/12/2016 4:43:12] /a 5
[3/12/2016 4:43:13] /a 5
[3/12/2016 4:43:14] /a 5
[3/12/2016 4:43:27] /a 5
[3/12/2016 4:43:29] /a 5
[3/12/2016 4:44:34] /a 5
[3/12/2016 4:44:34] /a 5
[3/12/2016 4:44:35] /a 5
[3/12/2016 4:44:35] /a 5
[3/12/2016 4:44:35] /a 5
[3/12/2016 4:44:36] /a 5
[3/12/2016 4:44:36] /a 5
[3/12/2016 4:44:37] /a 5
[3/12/2016 4:44:38] /a 5
[3/12/2016 4:45:59] /t
[3/12/2016 4:46:9] /t
[3/12/2016 4:46:18] /r
[3/12/2016 4:46:57] /a 1
[3/12/2016 4:47:11] /c adm new
[3/12/2016 4:48:31] /t
[3/12/2016 4:50:23] /a 5
[3/12/2016 4:50:24] /a 5
[3/12/2016 4:50:24] /a 5
[3/12/2016 4:50:24] /a 5
[3/12/2016 4:50:24] /a 5
[3/12/2016 4:50:25] /a 20
[3/12/2016 4:50:27] /a 50
[3/12/2016 4:50:29] /a 50
[3/12/2016 4:51:3] /a 50
[3/12/2016 4:51:4] /a 50
[3/12/2016 4:51:7] /up
[3/12/2016 4:51:8] /up
[3/12/2016 4:51:9] /up
[3/12/2016 4:51:10] /up
[3/12/2016 4:51:10] /up
[3/12/2016 4:51:10] /up
[3/12/2016 4:51:11] /up
[3/12/2016 4:51:11] /up
[3/12/2016 4:51:13] /c adm new
[3/12/2016 4:51:38] /up
[3/12/2016 4:51:38] /up
[3/12/2016 4:51:38] /up
[3/12/2016 4:51:40] /down
[3/12/2016 4:52:3] /a 5
[3/12/2016 4:52:3] /a 5
[3/12/2016 4:52:3] /a 5
[3/12/2016 4:52:4] /a 5
[3/12/2016 4:52:4] /a 5
[3/12/2016 4:52:4] /a 5
[3/12/2016 4:52:5] /a 5
[3/12/2016 4:52:6] /a 50
[3/12/2016 4:52:7] /a 50
[3/12/2016 4:52:8] /a 50
[3/12/2016 4:52:9] /a 50
[3/12/2016 4:52:9] /a 50
[3/12/2016 4:52:9] /a 50
[3/12/2016 4:52:13] /a 100
[3/12/2016 4:52:25] /a 5
[3/12/2016 4:52:26] /a 50
[3/12/2016 4:52:31] /up
[3/12/2016 4:52:31] /up
[3/12/2016 4:52:38] /ghost
[3/12/2016 4:53:3] /up
[3/12/2016 4:53:6] /down
[3/12/2016 4:53:19] /ghost
[3/12/2016 4:54:13] /t
[3/12/2016 4:54:14] /c adm new
[3/12/2016 4:55:14] /a 1
[3/12/2016 4:55:16] /a 1
[3/12/2016 4:55:41] /i paper
[3/12/2016 4:55:52] /t
[3/12/2016 4:56:23] /c chapecoense
[3/12/2016 4:58:12] /i 7702
[3/12/2016 4:58:19] /t
[3/12/2016 4:58:23] /a 1
[3/12/2016 4:59:22] /a 1
[3/12/2016 4:59:27] /a 1
[3/12/2016 4:59:34] /a 1
[3/12/2016 4:59:35] /a 1
[3/12/2016 4:59:35] /a 1
[3/12/2016 4:59:36] /a 1
[3/12/2016 4:59:37] /a 1
[3/12/2016 4:59:37] /a 1
[3/12/2016 4:59:39] /a 1
[3/12/2016 4:59:39] /a 1
[3/12/2016 4:59:40] /a 1
[3/12/2016 4:59:40] /a 1
[3/12/2016 4:59:41] /a 1
[3/12/2016 4:59:41] /a 1
[3/12/2016 4:59:42] /a 1
[3/12/2016 4:59:43] /a 1
[3/12/2016 4:59:43] /a 1
[3/12/2016 4:59:44] /a 1
[3/12/2016 4:59:49] /m castle demon
[3/12/2016 4:59:52] /t
[3/12/2016 5:1:1] /up
[3/12/2016 5:1:2] /up
[3/12/2016 5:1:3] /up
[3/12/2016 5:1:8] /ghost
[3/12/2016 5:1:21] /ghost
[3/12/2016 5:1:22] /t
[3/12/2016 5:2:15] /goto adm ribeiro
[3/12/2016 5:3:50] /up
[3/12/2016 5:3:50] /up
[3/12/2016 5:8:3] /t
[3/12/2016 5:10:40] /up
[3/12/2016 5:10:40] /up
[3/12/2016 5:10:41] /up
[3/12/2016 5:18:18] /goto
[3/12/2016 5:18:38] /goto 258, 191, 11
[3/12/2016 5:24:45] /t
[3/12/2016 5:25:55] /demote 0
[3/12/2016 5:27:23] /up
[3/12/2016 5:27:24] /up
[3/12/2016 5:27:24] /up
[3/12/2016 5:27:48] /demote toddynho 0
[3/12/2016 5:27:56] /demote
[3/12/2016 5:28:1] /demote toddynho
[3/12/2016 5:28:3] /demote toddynho
[3/12/2016 5:28:4] /demote toddynho
[3/12/2016 5:28:4] /demote toddynho
[3/12/2016 5:28:11] /c adm ribeiro
[3/12/2016 5:29:25] /demote
[3/12/2016 5:29:27] /demote toddynho
[3/12/2016 5:29:29] /demote toddynho 0
[3/12/2016 5:29:31] /demote toddynho 1
[3/12/2016 5:29:32] /demote toddynho 2
[3/12/2016 5:29:33] /demote toddynho 3
[3/12/2016 5:29:34] /demote toddynho 4
[3/12/2016 5:30:2] /ghost
[3/12/2016 5:30:19] /demote toddynho
[3/12/2016 5:30:23] /demote toddynho 1
[3/12/2016 5:33:29] /ghost
[3/12/2016 5:33:34] /t
[3/12/2016 5:33:36] /c adm ribeirot
[3/12/2016 5:33:38] /c adm ribeiro
[3/12/2016 5:34:7] /goto slime
[3/12/2016 5:34:26] /goto 258, 160, 11
[3/12/2016 5:34:32] /c adm ribeiro
[3/12/2016 5:36:27] /cliport
[3/12/2016 5:37:3] /t
[3/12/2016 5:37:6] /c adm ribeirot
[3/12/2016 5:37:12] /c adm ribeiro
[3/12/2016 5:45:30] /reports
[3/12/2016 5:46:10] /up
[3/12/2016 5:46:24] /reports
[3/12/2016 5:46:38] !mc
[3/12/2016 5:47:57] /up
[3/12/2016 5:48:13] /goto chupe me
[3/12/2016 5:49:27] /up
[3/12/2016 5:49:44] /reports
[3/12/2016 5:50:0] /save
[3/12/2016 5:50:39] /down
[3/12/2016 5:51:32] /up
[3/12/2016 5:51:39] /up
[3/12/2016 5:53:13] /a 5
[3/12/2016 5:53:39] /a 2
[3/12/2016 5:53:49] /a 1
[3/12/2016 5:53:57] /goto adm new
[3/12/2016 5:54:27] !mc
[3/12/2016 5:55:23] /a 2
[3/12/2016 5:55:24] /a 2
[3/12/2016 5:55:25] /a 2
[3/12/2016 5:55:25] /a 2
[3/12/2016 5:55:25] /a 2
[3/12/2016 5:55:26] /a 2
[3/12/2016 5:55:26] /a 2
[3/12/2016 5:55:27] /a 2
[3/12/2016 5:55:27] /a 2
[3/12/2016 5:55:27] /a 2
[3/12/2016 5:55:28] /a 2
[3/12/2016 5:55:28] /a 2
[3/12/2016 5:55:28] /a 2
[3/12/2016 5:55:28] /a 2
[3/12/2016 5:55:29] /a 2
[3/12/2016 5:55:29] /a 2
[3/12/2016 5:55:29] /a 2
[3/12/2016 5:55:29] /a 2
[3/12/2016 5:55:30] /a 2
[3/12/2016 5:55:30] /a 2
[3/12/2016 5:55:30] /a 2
[3/12/2016 5:55:31] /a 2
[3/12/2016 5:55:31] /a 2
[3/12/2016 5:55:31] /a 2
[3/12/2016 5:55:31] /a 2
[3/12/2016 5:55:32] /a 2
[3/12/2016 5:55:32] /a 2
[3/12/2016 5:55:32] /a 2
[3/12/2016 5:55:33] /a 2
[3/12/2016 5:55:33] /a 2
[3/12/2016 5:55:33] /a 2
[3/12/2016 5:55:34] /a 2
[3/12/2016 5:55:36] /a 2
[3/12/2016 5:55:37] /a 2
[3/12/2016 5:55:37] /a 2
[3/12/2016 5:57:6] /a 5
[3/12/2016 6:2:13] /r
[3/12/2016 6:2:14] /t
[3/12/2016 6:12:55] /goto hozier
[3/12/2016 6:14:16] /c adm new
[3/12/2016 6:14:33] /t
[3/12/2016 6:19:1] /t
[3/12/2016 6:19:2] /ghost
[3/12/2016 6:19:9] /t
