[18/12/2016 3:20:42] /b teste
[18/12/2016 3:20:52] /b duvidas help
[18/12/2016 3:21:25] /ghost
[18/12/2016 3:23:25] /a 5
[18/12/2016 3:23:27] /a 5
[18/12/2016 3:23:29] /a 5
[18/12/2016 3:23:33] /a 2
[18/12/2016 3:23:41] /t
[18/12/2016 3:25:47] /b ajudem nos a divulgar OT !
[19/12/2016 2:28:32] /b duvidas estou help
[19/12/2016 2:32:39] /ghost
[19/12/2016 2:32:50] /a 5
[19/12/2016 2:35:27] /b duvidas to help
[19/12/2016 2:35:46] /a 3
[19/12/2016 2:36:9] /a 5
[19/12/2016 2:36:12] /a 5
[19/12/2016 2:36:17] /a 2
[19/12/2016 2:36:44] /a 1
[19/12/2016 2:37:11] /a 5
[19/12/2016 2:37:12] /a 5
[19/12/2016 2:37:13] /a 5
[19/12/2016 2:37:30] /a 2
[19/12/2016 2:37:32] /a 2
[19/12/2016 2:37:33] /a 2
[19/12/2016 2:38:23] /b n respondo pvt so helps
[19/12/2016 2:38:48] /b se mandar pvt apenas do iguinored so respondo help
[19/12/2016 2:44:12] /b duvidas help
[19/12/2016 2:45:50] /m demon
[19/12/2016 2:47:36] /ghost
[19/12/2016 2:53:41] /b galera presiso de 1 ed para faser test
[19/12/2016 2:53:45] /up
[19/12/2016 2:53:46] /up
[19/12/2016 2:53:48] /up
[19/12/2016 2:53:57] /c Principe
[19/12/2016 2:54:15] /c Myazaki Shybata
[19/12/2016 2:54:36] /ghost
[19/12/2016 2:55:56] /t Principe
[19/12/2016 2:56:0] /t Myazaki Shybata
[19/12/2016 2:56:3] /ghost
[19/12/2016 2:56:5] /t
[19/12/2016 3:3:3] /b duvidas estou help
[19/12/2016 3:5:5] /goto Mleohr
[19/12/2016 3:24:33] /b duvidas help
[19/12/2016 3:27:55] /goto Chupe me
[19/12/2016 13:43:10] /b duvidas estou help
[19/12/2016 13:43:20] /a 2
[19/12/2016 13:43:31] /a 2
[19/12/2016 13:43:45] /a 2
[19/12/2016 13:43:53] /a 3
[19/12/2016 13:43:54] /a 3
[19/12/2016 13:43:57] /a 3
[19/12/2016 13:43:59] /a 3
[19/12/2016 13:44:1] /a 3
[19/12/2016 13:44:4] /a 2
[19/12/2016 13:44:7] /a 3
[19/12/2016 13:44:10] /a 3
[19/12/2016 13:44:16] /a 3
[19/12/2016 13:44:18] /a 3
[19/12/2016 13:44:20] /a 3
[19/12/2016 13:44:21] /a 3
[19/12/2016 13:44:23] /a 3
[19/12/2016 13:44:27] /a 3
[19/12/2016 13:44:30] /a 3
[19/12/2016 13:44:33] /a 3
[19/12/2016 13:44:35] /a 3
[19/12/2016 13:44:38] /a 3
[19/12/2016 13:44:41] /a 3
[19/12/2016 13:44:45] /a 2
[19/12/2016 13:44:47] /a 2
[19/12/2016 13:44:48] /a 2
[19/12/2016 13:44:50] /a 2
[19/12/2016 13:45:8] /c Terror Eumesmo
[19/12/2016 13:45:19] /a 2
[19/12/2016 13:45:24] /a 2
[19/12/2016 13:45:28] /a 2
[19/12/2016 13:45:30] /a 2
[19/12/2016 13:45:32] /c Terror Eumesmo
[19/12/2016 13:45:45] /t Terror Eumesmo
[19/12/2016 14:10:40] /c diablo
[19/12/2016 14:10:55] /a 4
[19/12/2016 14:11:0] /a 4
[19/12/2016 14:11:3] /a 4
[19/12/2016 14:11:9] /a 4
[19/12/2016 14:11:12] /a 4
[19/12/2016 14:11:22] /a 4
[19/12/2016 14:11:24] /a 4
[19/12/2016 14:11:25] /a 4
[19/12/2016 14:11:28] /a 4
[19/12/2016 14:11:29] /a 4
[19/12/2016 14:11:30] /a 4
[19/12/2016 14:11:31] /a 4
[19/12/2016 14:11:32] /a 4
[19/12/2016 14:11:32] /a 4
[19/12/2016 14:11:33] /a 4
[19/12/2016 14:11:34] /a 4
[19/12/2016 14:11:35] /a 4
[19/12/2016 14:11:35] /a 4
[19/12/2016 14:11:36] /a 4
[19/12/2016 14:11:37] /a 4
[19/12/2016 14:11:38] /a 4
[19/12/2016 14:11:39] /a 4
[19/12/2016 14:11:40] /a 4
[19/12/2016 14:11:40] /a 4
[19/12/2016 14:11:41] /a 4
[19/12/2016 14:11:42] /a 4
[19/12/2016 14:11:54] /c diablo
[19/12/2016 14:12:6] /t diablo
[19/12/2016 14:12:21] /c Jako
[19/12/2016 14:12:37] /t Jako
[19/12/2016 14:12:57] /c Juba
[19/12/2016 14:13:9] /t Juba
[19/12/2016 14:13:32] /c Kacakl
[19/12/2016 14:13:44] /t Kacakl
[19/12/2016 14:14:9] /c Kio
[19/12/2016 14:14:20] /t Kio
[19/12/2016 14:14:32] /c Kioioi
[19/12/2016 14:14:46] /t Kioioi
[19/12/2016 14:15:0] /c Kjkhshahsja
[19/12/2016 14:15:8] /t Kjkhshahsja
[19/12/2016 14:15:40] /c Malz
[19/12/2016 14:15:49] /t Malz
[19/12/2016 14:16:15] /c Miro
[19/12/2016 14:16:25] /a 3
[19/12/2016 14:16:30] /a 3
[19/12/2016 14:16:35] /a 3
[19/12/2016 14:16:39] /a 3
[19/12/2016 14:16:41] /a 3
[19/12/2016 14:16:43] /a 3
[19/12/2016 14:16:46] /c Miro
[19/12/2016 14:16:55] /t Miro
[19/12/2016 14:17:14] /c Jako
[19/12/2016 14:17:26] /t Jako
[19/12/2016 14:17:41] /c Juba
[19/12/2016 14:17:48] /t Juba
[19/12/2016 14:18:5] /c Kacakl
[19/12/2016 14:18:11] /t Kacakl
[19/12/2016 14:18:27] /c Kio
[19/12/2016 14:18:35] /t Kio
[19/12/2016 14:18:53] /c Kioioi
[19/12/2016 14:19:3] /t Kioioi
[19/12/2016 14:19:18] /c Kjkhshahsja
[19/12/2016 14:19:25] /t Kjkhshahsja
[19/12/2016 14:19:36] /c Malz
[19/12/2016 14:19:49] /t Malz
[19/12/2016 14:20:6] /c Miro
[19/12/2016 14:20:16] /t Miro
[19/12/2016 14:46:7] /goto Custom Server
[19/12/2016 14:48:2] /t
[19/12/2016 14:48:13] /b duvidas help
[19/12/2016 14:54:37] /goto Old Elizabethe
[19/12/2016 14:54:40] /goto Old Elizabethe
[19/12/2016 15:11:47] /t
[19/12/2016 15:28:43] /a 5
[19/12/2016 15:29:7] /c Terror Eumesmo
[19/12/2016 15:29:35] /t
[19/12/2016 15:48:53] /goto Ladrao De Pc
[19/12/2016 15:48:56] /t
[19/12/2016 15:51:45] /b duvidas estou help
[19/12/2016 16:7:24] /b duvidas help
[19/12/2016 16:10:21] /t Terror Eumesmo
[20/12/2016 3:26:6] /b duvidas estou help
[20/12/2016 3:28:51] /b duvidas estou help
[20/12/2016 3:49:10] /b duvidas help
[20/12/2016 3:50:54] /goto Ct Bruce
[20/12/2016 3:51:1] /ghost
[20/12/2016 3:51:6] /ghost
[20/12/2016 3:51:9] /t
[20/12/2016 3:54:51] /b duvidas help 1 por x
[20/12/2016 4:2:2] /b help so duvidas se nao vo começar mutar no help
[20/12/2016 4:19:45] /kick Terror Eumesmo
[20/12/2016 4:19:51] /t
[20/12/2016 5:3:0] /a 6
[20/12/2016 5:3:2] /a 6
[20/12/2016 5:3:3] /a 6
[20/12/2016 5:3:5] /a 6
[20/12/2016 5:3:11] /b duvidas help 1 por x
[20/12/2016 5:3:13] /a 6
[20/12/2016 5:3:15] /a 6
[20/12/2016 5:3:15] /a 6
[20/12/2016 5:3:17] /a 6
[20/12/2016 5:3:17] /a 6
[20/12/2016 5:3:18] /a 6
[20/12/2016 5:3:19] /a 6
[20/12/2016 5:3:20] /a 6
[20/12/2016 5:3:22] /a 6
[20/12/2016 5:3:26] /a 6
[20/12/2016 5:3:27] /a 6
[20/12/2016 5:5:40] /c Viictor Alves
[20/12/2016 5:5:49] /c Viictor Alves
[20/12/2016 5:6:3] /c Dedada No Brioco
[20/12/2016 5:7:9] /c Viictor Alves
[20/12/2016 5:9:48] /t
[20/12/2016 5:13:44] /a 5
[20/12/2016 5:14:11] /a 5
[20/12/2016 5:14:23] /a 5
[20/12/2016 5:16:22] /a 5
[20/12/2016 5:16:26] /up
[20/12/2016 5:16:30] /up
[20/12/2016 5:17:38] /a 2
[20/12/2016 5:18:17] /c alan off
[20/12/2016 5:19:25] /c alan off
[20/12/2016 5:19:27] /c alan off
[20/12/2016 5:19:32] /c alan off
[20/12/2016 5:19:51] /a 6
[20/12/2016 5:19:54] /c alan off
[20/12/2016 5:19:59] /c alan off
[20/12/2016 5:20:11] /c alan off
[20/12/2016 5:20:14] /c alan off
[20/12/2016 5:20:22] /c alan off
[20/12/2016 5:20:25] /c alan off
[20/12/2016 5:20:59] /c alan off
[20/12/2016 5:21:33] /a 5
[20/12/2016 5:21:38] /c alan off
[20/12/2016 5:21:42] /c alan off
[20/12/2016 5:21:49] /c alan off
[20/12/2016 5:21:53] /c alan off
[20/12/2016 5:22:25] /c Viictor Alves
[20/12/2016 5:22:34] /c Dedada No Brioco
[20/12/2016 5:22:54] /a 5
[20/12/2016 5:23:14] /a 5
[20/12/2016 5:23:16] /a 5
[20/12/2016 5:23:23] /a 5
[20/12/2016 5:23:25] /a 5
[20/12/2016 5:23:26] /a 5
[20/12/2016 5:23:30] /a 4
[20/12/2016 5:23:32] /a 4
[20/12/2016 5:23:33] /a 4
[20/12/2016 5:23:34] /a 4
[20/12/2016 5:23:34] /a 4
[20/12/2016 5:23:35] /a 4
[20/12/2016 5:23:36] /a 4
[20/12/2016 5:23:37] /a 4
[20/12/2016 5:23:38] /a 4
[20/12/2016 5:23:39] /a 4
[20/12/2016 5:23:40] /a 4
[20/12/2016 5:23:41] /a 4
[20/12/2016 5:23:42] /a 4
[20/12/2016 5:23:43] /a 4
[20/12/2016 5:23:44] /a 4
[20/12/2016 5:23:45] /a 4
[20/12/2016 5:23:47] /a 4
[20/12/2016 5:23:48] /a 4
[20/12/2016 5:23:49] /a 4
[20/12/2016 5:24:5] /c Entra En Shock
[20/12/2016 5:24:23] /c Viictor Alves
[20/12/2016 5:24:25] /c Viictor Alves
[20/12/2016 5:24:32] /c Dedada No Brioco
[20/12/2016 5:24:45] /c alan off
[20/12/2016 5:24:52] /a 5
[20/12/2016 5:24:55] /a 5
[20/12/2016 5:24:58] /c alan off
[20/12/2016 5:25:1] /c Dedada No Brioco
[20/12/2016 5:25:4] /c Dedada No Brioco
[20/12/2016 5:25:10] /c Entra En Shock
[20/12/2016 5:25:23] /t Entra En Shock
[20/12/2016 5:25:28] /t Dedada No Brioco
[20/12/2016 5:25:33] /t alan off
[20/12/2016 5:25:37] /t
[20/12/2016 5:27:21] /c alan off
[20/12/2016 5:27:32] /goto alan off
[20/12/2016 5:27:43] /a 5
[20/12/2016 5:27:46] /a 5
[20/12/2016 5:27:48] /a 5
[20/12/2016 5:27:48] /a 5
[20/12/2016 5:28:9] /a 5
[20/12/2016 5:28:9] /a 5
[20/12/2016 5:28:11] /a 5
[20/12/2016 5:28:12] /a 5
[20/12/2016 5:28:13] /a 5
[20/12/2016 5:28:17] /a 3
[20/12/2016 5:28:28] /a 5
[20/12/2016 5:28:29] /a 5
[20/12/2016 5:28:30] /a 5
[20/12/2016 5:28:30] /a 5
[20/12/2016 5:28:31] /a 5
[20/12/2016 5:28:32] /a 5
[20/12/2016 5:28:33] /a 5
[20/12/2016 5:28:35] /a 5
[20/12/2016 5:28:37] /a 5
[20/12/2016 5:28:37] /a 5
[20/12/2016 5:28:38] /a 5
[20/12/2016 5:28:39] /a 5
[20/12/2016 5:28:39] /a 5
[20/12/2016 5:28:40] /a 5
[20/12/2016 5:28:40] /a 5
[20/12/2016 5:28:41] /a 5
[20/12/2016 5:28:43] /a 5
[20/12/2016 5:28:52] /a 5
[20/12/2016 5:28:53] /a 5
[20/12/2016 5:28:54] /a 5
[20/12/2016 5:28:56] /a 5
[20/12/2016 5:28:57] /a 5
[20/12/2016 5:28:59] /a 5
[20/12/2016 5:28:59] /a 5
[20/12/2016 5:29:1] /a 5
[20/12/2016 5:29:2] /a 5
[20/12/2016 5:29:3] /a 5
[20/12/2016 5:29:9] /a 5
[20/12/2016 5:29:13] /a 5
[20/12/2016 5:29:15] /a 5
[20/12/2016 5:29:22] /a 5
[20/12/2016 5:29:28] /a 3
[20/12/2016 5:29:29] /a 3
[20/12/2016 5:29:30] /a 3
[20/12/2016 5:29:31] /a 3
[20/12/2016 5:29:32] /a 3
[20/12/2016 5:29:33] /a 3
[20/12/2016 5:29:35] /a 3
[20/12/2016 5:29:37] /a 3
[20/12/2016 5:29:38] /a 3
[20/12/2016 5:29:39] /a 3
[20/12/2016 5:29:40] /a 3
[20/12/2016 5:29:42] /a 3
[20/12/2016 5:29:43] /a 3
[20/12/2016 5:30:5] /a 5
[20/12/2016 5:30:25] /a 5
[20/12/2016 5:30:26] /a 5
[20/12/2016 5:30:27] /a 5
[20/12/2016 5:30:33] /a 5
[20/12/2016 5:30:35] /a 5
[20/12/2016 5:30:39] /a 5
[20/12/2016 5:30:41] /a 5
[20/12/2016 5:30:42] /a 5
[20/12/2016 5:30:44] /a 5
[20/12/2016 5:31:46] /a 5
[20/12/2016 5:31:48] /a 5
[20/12/2016 5:31:50] /a 5
[20/12/2016 5:31:53] /a 5
[20/12/2016 5:31:55] /a 5
[20/12/2016 5:31:58] /a 5
[20/12/2016 5:32:18] /a 5
[20/12/2016 5:32:27] /a 5
[20/12/2016 5:32:29] /a 5
[20/12/2016 5:32:31] /a 5
[20/12/2016 5:32:36] /a 5
[20/12/2016 5:32:38] /a 5
[20/12/2016 5:32:57] /a 5
[20/12/2016 5:32:59] /a 5
[20/12/2016 5:33:0] /a 5
[20/12/2016 5:33:0] /a 5
[20/12/2016 5:33:16] /a 5
[20/12/2016 5:33:25] /a 5
[20/12/2016 5:33:26] /a 5
[20/12/2016 5:33:28] /a 5
[20/12/2016 5:33:28] /a 5
[20/12/2016 5:33:30] /a 5
[20/12/2016 5:33:31] /a 5
[20/12/2016 5:33:32] /a 5
[20/12/2016 5:33:33] /a 5
[20/12/2016 5:33:33] /a 5
[20/12/2016 5:33:34] /a 5
[20/12/2016 5:33:35] /a 5
[20/12/2016 5:33:36] /a 5
[20/12/2016 5:33:41] /a 5
[20/12/2016 5:33:42] /a 5
[20/12/2016 5:34:54] /goto alan off
[20/12/2016 5:35:22] /a 5
[20/12/2016 5:35:33] /a 5
[20/12/2016 5:35:35] /a 5
[20/12/2016 5:35:36] /a 5
[20/12/2016 5:35:37] /a 5
[20/12/2016 5:35:40] /a 5
[20/12/2016 5:35:41] /a 5
[20/12/2016 5:35:42] /a 5
[20/12/2016 5:35:44] /a 5
[20/12/2016 5:35:55] /a 5
[20/12/2016 5:35:56] /a 5
[20/12/2016 5:36:2] /a 5
[20/12/2016 5:36:3] /a 5
[20/12/2016 5:36:8] /a 5
[20/12/2016 5:36:9] /a 5
[20/12/2016 5:36:11] /a 5
[20/12/2016 5:36:12] /a 5
[20/12/2016 5:36:13] /a 5
[20/12/2016 5:36:17] /a 5
[20/12/2016 5:36:20] /a 5
[20/12/2016 5:36:21] /a 5
[20/12/2016 5:36:26] /a 5
[20/12/2016 5:36:26] /a 5
[20/12/2016 5:36:28] /a 5
[20/12/2016 5:36:32] /a 10
[20/12/2016 5:36:33] /a 10
[20/12/2016 5:36:34] /a 10
[20/12/2016 5:36:34] /a 10
[20/12/2016 5:36:35] /a 10
[20/12/2016 5:36:40] /a 10
[20/12/2016 5:36:42] /a 10
[20/12/2016 5:36:42] /a 10
[20/12/2016 5:36:45] /a 5
[20/12/2016 5:36:46] /a 5
[20/12/2016 5:36:46] /a 10
[20/12/2016 5:36:47] /a 10
[20/12/2016 5:36:49] /a 10
[20/12/2016 5:36:50] /a 10
[20/12/2016 5:36:51] /a 10
[20/12/2016 5:36:52] /a 10
[20/12/2016 5:36:53] /a 10
[20/12/2016 5:36:55] /a 5
[20/12/2016 5:36:56] /a 10
[20/12/2016 5:36:57] /a 10
[20/12/2016 5:36:58] /a 10
[20/12/2016 5:37:0] /a 10
[20/12/2016 5:37:2] /a 10
[20/12/2016 5:37:5] /a 5
[20/12/2016 5:37:6] /a 5
[20/12/2016 5:37:10] /a 10
[20/12/2016 5:37:11] /a 10
[20/12/2016 5:37:12] /a 10
[20/12/2016 5:37:14] /a 5
[20/12/2016 5:37:15] /a 5
[20/12/2016 5:37:20] /a 10
[20/12/2016 5:37:21] /a 10
[20/12/2016 5:37:24] /a 10
[20/12/2016 5:37:25] /a 10
[20/12/2016 5:37:26] /a 10
[20/12/2016 5:37:27] /a 10
[20/12/2016 5:37:28] /a 10
[20/12/2016 5:37:29] /a 10
[20/12/2016 5:37:30] /a 10
[20/12/2016 5:37:33] /a 10
[20/12/2016 5:37:34] /a 10
[20/12/2016 5:37:36] /a 10
[20/12/2016 5:37:39] /a 10
[20/12/2016 5:37:40] /a 10
[20/12/2016 5:37:43] /a 10
[20/12/2016 5:37:44] /a 10
[20/12/2016 5:37:47] /a 10
[20/12/2016 5:37:54] /a 10
[20/12/2016 5:37:55] /a 10
[20/12/2016 5:37:56] /a 10
[20/12/2016 5:37:58] /a 10
[20/12/2016 5:38:0] /a 5
[20/12/2016 5:38:2] /a 5
[20/12/2016 5:38:10] /a 10
[20/12/2016 5:38:11] /a 10
[20/12/2016 5:38:14] /a 10
[20/12/2016 5:38:15] /a 10
[20/12/2016 5:38:15] /a 10
[20/12/2016 5:38:16] /a 10
[20/12/2016 5:38:17] /a 10
[20/12/2016 5:38:17] /a 10
[20/12/2016 5:38:18] /a 10
[20/12/2016 5:38:19] /a 10
[20/12/2016 5:38:20] /a 10
[20/12/2016 5:38:21] /a 10
[20/12/2016 5:38:22] /a 10
[20/12/2016 5:38:22] /a 10
[20/12/2016 5:38:24] /a 10
[20/12/2016 5:38:24] /a 10
[20/12/2016 5:38:25] /a 10
[20/12/2016 5:38:26] /a 10
[20/12/2016 14:29:56] /a 5
[20/12/2016 14:30:35] /a 5
[20/12/2016 14:30:47] /a 5
[20/12/2016 14:31:5] /c Terror Eumesmo
[20/12/2016 14:32:11] /t
[20/12/2016 14:37:50] /goto Jamaika Return
[20/12/2016 14:38:34] /a 5
[20/12/2016 15:35:8] /b duvidas estou help
[20/12/2016 15:37:38] /goto Jonny Bravo
[20/12/2016 15:44:14] /goto Dog Feio
[20/12/2016 15:45:4] /t
[20/12/2016 15:47:21] /t Terror Eumesmo
[20/12/2016 17:20:11] /b duvidas estou help
[20/12/2016 19:59:51] /t
[20/12/2016 20:0:28] /b duvidas help 1 por x
[20/12/2016 20:0:55] /goto Alan Off
[20/12/2016 20:1:11] /a 2
[20/12/2016 20:5:22] /goto alan off
[20/12/2016 20:6:13] /b nao respondo pvt so help
[20/12/2016 20:7:42] /a 2
[20/12/2016 20:8:20] /a 5
[20/12/2016 20:8:23] /a 5
[20/12/2016 20:8:41] /t
[20/12/2016 20:9:21] /goto alan off
[20/12/2016 20:9:26] /a 5
[20/12/2016 20:10:16] /a 3
[20/12/2016 20:10:53] /a 5
[20/12/2016 20:13:59] /a 4
[20/12/2016 20:14:14] /a 2
[20/12/2016 20:14:19] /a 2
[20/12/2016 20:16:15] /a 5
[20/12/2016 20:17:16] /a 2
[20/12/2016 20:17:50] /a 2
[20/12/2016 20:18:2] /goto alan off
[20/12/2016 20:19:4] /goto alan off
[20/12/2016 20:19:10] /a 5
[20/12/2016 20:20:54] /a 2
[20/12/2016 20:21:5] /a 2
[20/12/2016 20:21:32] /a 3
[20/12/2016 20:22:43] /goto alan off
[20/12/2016 20:23:0] /a 5
[20/12/2016 20:26:24] /goto alan off
[20/12/2016 20:26:45] /t
[20/12/2016 20:26:52] /b duvidas estou help
[20/12/2016 20:28:17] /goto alan off
[20/12/2016 20:29:41] /a 3
[20/12/2016 20:29:44] /a 1
[20/12/2016 20:29:55] /a 1
[20/12/2016 20:29:58] /a 1
[20/12/2016 20:30:0] /a 1
[20/12/2016 20:32:10] /b duvidas help
[20/12/2016 20:32:25] /a 3
[20/12/2016 20:33:8] /a 3
[20/12/2016 20:33:9] /a 3
[20/12/2016 20:34:45] /a 2
[20/12/2016 20:35:54] /t
[20/12/2016 20:40:57] /b duvidas help
[20/12/2016 20:42:27] /t House
[20/12/2016 20:45:1] /mute Jappax Ducorre
[20/12/2016 20:45:12] /goto Jappax Ducorre
[20/12/2016 20:45:23] /goto Jappax Ducorre
[20/12/2016 20:45:25] /goto Jappax Ducorre
[20/12/2016 20:45:26] /goto Jappax Ducorre
[20/12/2016 20:45:28] /goto Jappax Ducorre
[20/12/2016 20:45:30] /goto Jappax Ducorre
[20/12/2016 20:45:32] /goto Jappax Ducorre
[20/12/2016 20:45:34] /goto Jappax Ducorre
[20/12/2016 20:45:35] /goto Jappax Ducorre
[20/12/2016 20:45:37] /goto Jappax Ducorre
[20/12/2016 20:45:38] /goto Jappax Ducorre
[20/12/2016 20:45:40] /goto Jappax Ducorre
[20/12/2016 20:45:42] /goto Jappax Ducorre
[20/12/2016 20:45:43] /goto Jappax Ducorre
[20/12/2016 20:46:31] /b duvidas tamo helpp
[20/12/2016 20:46:51] /goto Knight De Ferro
[20/12/2016 20:47:8] /a 2
[20/12/2016 20:48:32] /goto alan off
[20/12/2016 20:55:32] /t
[20/12/2016 20:56:37] /goto House
[20/12/2016 20:57:17] /b duvidas help xD
[20/12/2016 20:57:42] /goto Papai Chegou
[20/12/2016 21:0:31] /goto alan off
[20/12/2016 21:0:57] /t
[20/12/2016 21:1:12] /b quem puder nos ajude a divulgar
[20/12/2016 21:4:38] /goto Jappax Ducorre
[20/12/2016 21:7:41] /ghost
[20/12/2016 21:7:58] /ghost
[20/12/2016 21:8:5] /t
[20/12/2016 21:10:27] /goto alan off
[20/12/2016 21:13:42] /b ajudem nos a divulgar passando ip para amigos e assim vai !
[20/12/2016 21:13:51] /goto alan off
[20/12/2016 21:13:56] /a 3
[20/12/2016 21:13:58] /a 3
[20/12/2016 21:14:0] /a 3
[20/12/2016 21:14:3] /goto alan off
[20/12/2016 21:14:6] /goto alan off
[20/12/2016 21:14:8] /goto alan off
[20/12/2016 21:14:12] /goto alan off
[20/12/2016 21:14:13] /goto alan off
[20/12/2016 21:14:18] /goto alan off
[20/12/2016 21:14:19] /goto alan off
[20/12/2016 21:14:24] /goto alan off
[20/12/2016 21:14:34] /goto alan off
[20/12/2016 21:14:57] /t
[20/12/2016 21:16:3] /goto alan off
[20/12/2016 21:16:7] /a 5
[20/12/2016 21:16:12] /a 5
[20/12/2016 21:16:17] /a 5
[20/12/2016 21:16:22] /a 5
[20/12/2016 21:16:32] /c alan off
[20/12/2016 21:17:5] /a 5
[20/12/2016 21:17:10] /a 5
[20/12/2016 21:17:18] /goto alan off
[20/12/2016 21:17:23] /c mano tairo
[20/12/2016 21:17:34] /c vulgo chriss
[20/12/2016 21:17:49] /c vulgoo chriss
[20/12/2016 21:17:55] /c vai safada
[20/12/2016 21:18:10] /t
[20/12/2016 22:26:23] /b galera avisem seus amigos inimigos tios e irmaos loguem com ip changer q o cliente ainda nao atualizamos
[20/12/2016 22:27:33] /t Terror Eumesmo
[21/12/2016 0:10:44] /a 2
[21/12/2016 0:10:46] /a 2
[21/12/2016 0:10:48] /a 2
[21/12/2016 0:10:50] /a 2
[21/12/2016 0:11:7] /a 5
[21/12/2016 0:11:12] /a 5
[21/12/2016 0:11:20] /a 5
[21/12/2016 0:11:42] /a 5
[21/12/2016 0:12:6] /kick Hatake
[21/12/2016 0:17:50] /b duvidas help
[21/12/2016 0:25:5] /b duvidas estou help pvt nao respondo
[21/12/2016 0:27:13] /goto alan off
[21/12/2016 0:27:21] /a 5
[21/12/2016 0:30:0] /t
[21/12/2016 0:30:17] /a 6
[21/12/2016 0:30:18] /a 6
[21/12/2016 0:30:19] /a 6
[21/12/2016 0:30:19] /a 6
[21/12/2016 0:30:20] /a 6
[21/12/2016 0:30:21] /a 6
[21/12/2016 0:30:22] /a 6
[21/12/2016 0:30:22] /a 6
[21/12/2016 0:30:23] /a 6
[21/12/2016 0:30:25] /a 6
[21/12/2016 0:30:26] /a 6
[21/12/2016 0:30:26] /a 6
[21/12/2016 0:30:27] /a 6
[21/12/2016 0:30:27] /a 6
[21/12/2016 0:30:29] /a 6
[21/12/2016 0:30:30] /a 6
[21/12/2016 0:30:31] /a 6
[21/12/2016 0:30:36] /a 2
[21/12/2016 0:30:43] /a 30
[21/12/2016 0:30:45] /a 30
[21/12/2016 0:30:47] /a 30
[21/12/2016 0:30:49] /a 30
[21/12/2016 0:30:50] /a 30
[21/12/2016 0:30:51] /a 30
[21/12/2016 0:30:51] /a 30
[21/12/2016 0:30:52] /a 30
[21/12/2016 0:30:53] /a 30
[21/12/2016 0:30:54] /a 30
[21/12/2016 0:30:56] /a 30
[21/12/2016 0:31:1] /a 6
[21/12/2016 0:31:3] /a 6
[21/12/2016 0:31:25] /c Druid das gata
[21/12/2016 0:32:7] /c mano tairo
[21/12/2016 0:32:11] /t
[21/12/2016 0:32:17] /goto alan off
[21/12/2016 0:32:23] /b duvidas help
[21/12/2016 0:32:36] /c mano tairo
[21/12/2016 0:32:42] /a 4
[21/12/2016 0:32:49] /a 2
[21/12/2016 0:33:7] /a 5
[21/12/2016 0:33:13] /c alan off
[21/12/2016 0:35:37] /a 5
[21/12/2016 0:36:30] /t
[21/12/2016 0:38:14] /b galera nosso cliente nao esta funcionando ainda vamos em breve arrumar use ip change
[21/12/2016 1:8:10] /kick Druid Das Gata
[21/12/2016 1:8:13] /goto Druid Das Gata
[21/12/2016 1:8:17] /goto Druid Das Gata
[21/12/2016 1:10:23] /b volto ja
[21/12/2016 1:26:19] /t
[21/12/2016 3:15:32] /t
[21/12/2016 3:15:41] /b duvidas estou help
[21/12/2016 3:18:27] /b duvidas estou help
[21/12/2016 3:21:43] /b duvidas estou help
[21/12/2016 3:21:59] /b nos ajudem a divulgar para OT crescer cada x mais !
[21/12/2016 3:27:0] /b duvidas estou help
[21/12/2016 3:29:36] /b duvidas estou help
[21/12/2016 3:41:50] /c Mano Tairo
[21/12/2016 3:42:16] /c Mano Tairo
[21/12/2016 15:43:19] /t
[21/12/2016 15:43:25] /b duvidas help.
[21/12/2016 15:44:59] /ghost
[21/12/2016 15:45:2] /ghost
[21/12/2016 15:45:4] /t
[21/12/2016 15:45:8] /b duvidas help.
[21/12/2016 15:46:4] /a 5
[21/12/2016 15:49:6] /goto Alan Off
[21/12/2016 15:49:22] /t
[21/12/2016 15:49:36] /a 5
[21/12/2016 15:51:22] /t
[21/12/2016 15:51:43] /b duvidas help.
[21/12/2016 15:51:49] /a 2
[21/12/2016 15:51:53] /a 2
[21/12/2016 15:51:56] /a 2
[21/12/2016 15:51:59] /a 5
[21/12/2016 15:52:3] /a 5
[21/12/2016 15:52:6] /a 3
[21/12/2016 15:52:8] /a 1
[21/12/2016 15:52:22] /goto paquistao
[21/12/2016 15:52:45] /t
[21/12/2016 15:53:22] /a 10
[21/12/2016 15:53:25] /a 10
[21/12/2016 15:53:28] /a 10
[21/12/2016 15:53:31] /t
[21/12/2016 15:53:37] /b duvidas help.
[21/12/2016 15:55:39] /a 2
[21/12/2016 15:57:37] /b volto ja
[21/12/2016 16:1:25] /b duvidas help
[21/12/2016 16:51:28] /goto Entra En Shock
[21/12/2016 16:51:32] /kick Entra En Shock
[21/12/2016 16:51:37] /kick Tanker Destroyer
[21/12/2016 16:51:44] /kick Ct Bruce
[21/12/2016 17:13:52] /t
[21/12/2016 17:22:55] /kick Tanker Destroyer
[22/12/2016 3:4:57] /b duvidas help
[22/12/2016 3:46:34] /b duvidas help
[22/12/2016 3:47:57] /c rodrigues
[22/12/2016 3:50:28] /b Vulgoo Chriss [487]: TEAM QUEST PROMOTE GO LA FAZER
[22/12/2016 3:51:50] /b ajudem nos a divulgar Ot para lotar !
[22/12/2016 3:52:6] /b Vulgoo Chriss [487]: TEAM QUEST PROMOTE GO LA FAZER
[22/12/2016 3:52:8] /b Vulgoo Chriss [487]: TEAM QUEST PROMOTE GO LA FAZER
[22/12/2016 3:53:12] /a 5
[22/12/2016 3:53:16] /a 5
[22/12/2016 3:53:18] /a 5
[22/12/2016 3:53:19] /a 5
[22/12/2016 3:53:27] /a 5
[22/12/2016 3:53:29] /a 5
[22/12/2016 3:55:33] /b Vulgoo Chriss [487]: TEAM QUEST PROMOTE GO LA FAZER
[22/12/2016 3:55:34] /b Vulgoo Chriss [487]: TEAM QUEST PROMOTE GO LA FAZER
[22/12/2016 4:6:11] /goto bella
[22/12/2016 4:6:18] /goto bella
[22/12/2016 4:6:20] /goto bella
[22/12/2016 4:6:22] /goto bella
[22/12/2016 4:19:31] /goto bella
[22/12/2016 4:19:36] /a 5
[22/12/2016 4:19:48] /t
[22/12/2016 4:20:2] /goto Jonny Bravo
[22/12/2016 4:20:6] /goto Jonny Bravo
[22/12/2016 4:20:17] /b duvidas help
[22/12/2016 4:20:21] /t
[22/12/2016 4:23:0] /goto mano tairo
[22/12/2016 4:23:4] /goto mano tairo
[22/12/2016 4:28:54] /a 5
[22/12/2016 4:29:2] /a 2
[22/12/2016 4:30:6] /a 5
[22/12/2016 4:30:30] /a 5
[22/12/2016 4:31:27] /a 2
[22/12/2016 4:36:24] /a 5
[22/12/2016 4:36:26] /a 5
[22/12/2016 4:37:44] /a 5
[22/12/2016 4:39:16] /ghost
[22/12/2016 4:39:32] /ghost
[22/12/2016 4:47:21] /a 5
[22/12/2016 4:47:25] /a 5
[22/12/2016 4:48:14] /up
[22/12/2016 4:48:31] /a 2
[22/12/2016 13:34:34] /t
[22/12/2016 13:36:23] /a 5
[22/12/2016 13:36:33] /c Tanker Destroyer
[22/12/2016 13:36:39] /c Tanker Destroyer
[22/12/2016 13:36:42] /t
[22/12/2016 13:36:48] /a 3
[22/12/2016 13:36:50] /a 3
[22/12/2016 13:36:58] /a 3
[22/12/2016 13:37:1] /c Tanker Destroyer
[22/12/2016 13:40:43] /t
[22/12/2016 13:42:8] /c Baiakinho
[22/12/2016 13:44:57] /b duvidas estou help
[22/12/2016 13:45:23] /a 2
[22/12/2016 13:45:53] /t
[22/12/2016 13:48:17] /c Tanker Destroyer
[22/12/2016 13:56:56] /goto sir mizo
[22/12/2016 13:57:7] /goto sir mizo
[22/12/2016 13:57:9] /goto sir mizo
[22/12/2016 13:57:15] /goto sir mizo
[22/12/2016 13:57:26] /goto sir mizo
[22/12/2016 13:57:28] /goto sir mizo
[22/12/2016 14:4:25] /t
[22/12/2016 14:11:46] /b galera nao me mande pvt pq eu nem vejo :(
[22/12/2016 14:11:54] /b duvidas somente help
[23/12/2016 1:38:54] /b duvidas to help !
[23/12/2016 3:17:13] /goto alan off
[23/12/2016 3:17:24] /t
[23/12/2016 3:17:57] /b duvidas help
[23/12/2016 3:19:22] /b ajudem nos divulgar pasem ip para amigos ,gogo chamar team para war !
[23/12/2016 3:19:40] /goto Rodrigues
[23/12/2016 3:19:42] /goto Rodrigues
[23/12/2016 3:19:47] /goto Rodrigues
[23/12/2016 3:19:48] /goto Rodrigues
[23/12/2016 3:19:49] /goto Rodrigues
[23/12/2016 3:19:51] /goto Rodrigues
[23/12/2016 3:19:52] /goto Rodrigues
[23/12/2016 3:19:55] /t
[23/12/2016 3:20:29] /goto alan off
[23/12/2016 3:20:59] /goto alan off
[23/12/2016 3:21:5] /t Alan Off
[23/12/2016 3:21:8] /goto alan off
[23/12/2016 3:21:41] /goto sir mito
[23/12/2016 3:21:47] /goto sir mizo
[23/12/2016 3:22:53] /goto sir mizo
[23/12/2016 3:33:34] /goto sir mizo
[23/12/2016 3:33:58] /t
[23/12/2016 3:56:19] /b duvidas to help
[25/12/2016 1:35:18] /c Skynew
[25/12/2016 1:35:40] /b duvidas help
[25/12/2016 1:36:19] /b duvidas help
[25/12/2016 21:52:45] /b duvidas help
