[27/1/2017 22:41:52] /t
[27/1/2017 23:13:30] /a 2
[27/1/2017 23:16:38] /t
[27/1/2017 23:16:49] /t
[28/1/2017 0:6:4] /b Vou entregar os pontos Com calma!! comente no help Assim!! ADM BOTE MEUS PONTOS ... e ja era vc ira receber em menos de 1 hora
[28/1/2017 0:6:12] /b Vou entregar os pontos Com calma!! comente no help Assim!! ADM BOTE MEUS PONTOS ... e ja era vc ira receber em menos de 1 hora
[28/1/2017 0:7:22] /b Vou entregar os pontos Com calma!! comente no help Assim!! ADM BOTE MEUS PONTOS ... e ja era vc ira receber em menos de 1 hora
[28/1/2017 0:19:27] /b em ate uma hora os pontos de todos irao cair fiquem tranquilos
[28/1/2017 0:20:52] /b ja falo com todos e dou ponto a todos
[28/1/2017 0:21:1] /t
[28/1/2017 0:21:31] /a 1
[28/1/2017 0:25:34] /b  peço paciencia estao nukando minha net
[28/1/2017 0:25:43] /b  peço paciencia estao nukando minha net desculpa galera, me de mais alguns minutos 
[28/1/2017 0:25:49] /b  peço paciencia estao nukando minha net desculpa galera, me de mais alguns minutos  ta travando essa merda
[28/1/2017 0:26:54] /b 50 Premium Points added to the account of Welinton Is Aka Parcel !
[28/1/2017 0:28:7] /b 50 Premium Points added to the account of Looper !
[28/1/2017 0:29:13] /b 50 Premium Points added to the account of Marshmellow !
[28/1/2017 0:30:36] /b tenha calma estao nukando minha net e o site nao vai kk
[28/1/2017 0:30:41] /b tenha calma estao nukando minha net e o site nao vai kk
[28/1/2017 0:30:54] /b Quem tiver na fila com mc vai tomar ban eu to anotando ip
[28/1/2017 0:34:10] /b vei tao nukando essa porra
[28/1/2017 0:34:14] /b vei tao nukando essa porra q odio
[28/1/2017 0:35:38] /b vem templo
[28/1/2017 0:35:38] /b vem templo
[28/1/2017 0:39:18] /b Manda  pm no help quando nao recebeu os pontos
[28/1/2017 0:39:19] /b Manda  pm no help quando nao recebeu os pontos
[28/1/2017 0:39:19] /b Manda  pm no help quando nao recebeu os pontos
[28/1/2017 0:39:20] /b Manda  pm no help quando nao recebeu os pontos
[28/1/2017 0:39:28] /b Manda  pm no help quando nao recebeu os pontos
[28/1/2017 0:39:34] /b Manda   no help quando nao recebeu os pontos
[28/1/2017 0:39:37] /b Manda   no help quando nao recebeu os pontos
[28/1/2017 0:39:40] /b Manda   no help quando nao recebeu os pontos
[28/1/2017 0:40:16] /b 50 Premium Points added to the account of Criminoso !
[28/1/2017 0:41:0] /b eu to tentando vei calma
[28/1/2017 0:41:3] /b eu to tentando vei calma
[28/1/2017 0:41:4] /b eu to tentando vei calma
[28/1/2017 0:41:4] /b eu to tentando vei calma
[28/1/2017 0:41:8] /b eu to tentando vei calma
[28/1/2017 0:41:8] /b eu to tentando vei calma
[28/1/2017 0:41:9] /b eu to tentando vei calma
[28/1/2017 0:41:9] /b eu to tentando vei calma
[28/1/2017 0:41:10] /b eu to tentando vei calma
[28/1/2017 0:41:41] /b vei que parte vcs nao entendeu que tao nukando minha net! por favor calma
[28/1/2017 0:42:50] /b tenha calma gente 
[28/1/2017 0:42:51] /b tenha calma gente 
[28/1/2017 0:43:2] /b tenha calma gente  tem 50 nego falando cmg ao msm tempo tenha calma 
[28/1/2017 0:43:12] /b tenha calma gente  tem 50 nego falando cmg ao msm tempo tenha calma  E TAO NUKANDO MINHA NET AINDA AFFFFFFFFFFFFFFFFF
[28/1/2017 0:44:35] /b parabens ja estamos na primeira pagina da otserverlist
[28/1/2017 0:44:38] /b parabens ja estamos na primeira pagina da otserverlist
[28/1/2017 0:44:56] /b estamos colocando os pontos!!!! manda um salve no help
[28/1/2017 0:44:58] /b estamos colocando os pontos!!!! manda um salve no help
[28/1/2017 0:44:59] /b estamos colocando os pontos!!!! manda um salve no help
[28/1/2017 0:44:59] /b estamos colocando os pontos!!!! manda um salve no help
[28/1/2017 0:49:15] /b è isso ai galera ja estamos colocando os pontos de todos!!! convida aquele amigo dahora pra colar aqui tb... tmj
[28/1/2017 0:51:36] /b Tenha calma galera!! ja sai convidando o parça enquanto nois joga os pontos pra vc ! TMJ
[28/1/2017 0:51:40] /b Tenha calma galera!! ja sai convidando o parça enquanto nois joga os pontos pra vc ! TMJ
[28/1/2017 0:51:44] /b Tenha calma galera!! ja sai convidando o parça enquanto nois joga os pontos pra vc ! TMJ
[28/1/2017 0:51:49] /b Tenha calma galera!! ja sai convidando o parça enquanto nois joga os pontos pra vc ! TMJ
[28/1/2017 0:53:22] /b Ja chama aquele parça pra cola nois aqui tambem!!! TMJ
[28/1/2017 0:58:34] /b tenha calma ja estamos colocando os pontos de todos
[28/1/2017 0:58:41] /b tenha calma ja estamos colocando os pontos de todos eu nao sou adm tenha calma amores
[28/1/2017 1:7:39] /b calma galera estamos colando de todos relaxa
[28/1/2017 1:7:41] /b calma galera estamos colando de todos relaxa
[28/1/2017 1:7:41] /b calma galera estamos colando de todos relaxa
[28/1/2017 1:7:51] /b calma galera estamos colando de todos relaxaS #SEMDESESPEROCARALHO
[28/1/2017 1:7:55] /b calma galera estamos colando de todos relaxaS #SEMDESESPEROCARALHO
[28/1/2017 1:8:0] /b calma galera estamos colando de todos relaxaS #SEMDESESPEROCARALHO
[28/1/2017 1:8:8] /b calma galera estamos colando de todos relaxaS #SEMDESESPEROCARALHO
[28/1/2017 1:8:25] /b calma galera estamos colando de todos relaxaS #SEMDESESPEROCARALHO
[28/1/2017 1:10:10] /b vamos colocar os pontos de todos e so ter calma e comentar no help e chamar pm tb do adm
[28/1/2017 1:12:21] /b Ja convida o amigo ai pra colar tambem e ganhar os 50 reais!!
[28/1/2017 1:12:36] /b Ja convida o amigo ai pra colar tambem e ganhar os 50 reais!!  
[28/1/2017 1:18:47] /b agora vai.... Seloko cachorro bora convidar os parças pra colar.,!!! ja abre aquele MC ai pra ajudar da um UPPPPPPPP
[28/1/2017 1:19:0] /b agora vai.... Seloko cachorro bora convidar os parças pra colar.,!!! ja abre aquele MC ai pra ajudar da um UPPPPPPPP
[28/1/2017 1:20:7] /b Os Pontos de todos vai chegar tenha fe
[28/1/2017 1:20:12] /b Os Pontos de todos vai chegar tenha fe
[28/1/2017 1:24:9] /b vou atender a todos agora estou bebado kk tenha calma vamos botas os pontos de todos
[28/1/2017 1:32:12] /b Pronto tudo certo agora quero assistir as war tmj!!!!!!!!!!!!!
[28/1/2017 1:34:28] /b galera ta uma correria braba jaja falo com todos tmj
[28/1/2017 1:35:55] /b Hoje player que estao aqui recebe 50 reais por participar da inauguraçao tmj familia!! chama seu parça la pra colar com nois
[28/1/2017 1:37:34] /b ja chama o parça pra colar com  noia
[28/1/2017 1:37:37] /b ja chama o parça pra colar com  nois
[28/1/2017 1:37:39] /b ja chama o parça pra colar com  nois
[28/1/2017 1:41:20] /b  Ja chama aquele PARÇA, Bota as 4 voçao Online Pra na Hora do pelego Voce Ostentar Chares Hard TMJ
[28/1/2017 1:41:31] /b  Ja chama aquele PARÇA, Bota as 4 voçao Online Pra na Hora do pelego Voce Ostentar Chares Hard TMJ
[28/1/2017 1:41:48] /b  Ja chama aquele PARÇA, Bota as 4 voçao Online Pra na Hora do pelego Voce Ostentar Chares Hard TMJ
[28/1/2017 1:42:16] /b Mano pode contar cmg pra tudo to 24 horas aqui pra trocar ideia com todo mundo
[28/1/2017 1:44:27] /b Quem nao recebeu os pontos! fiz uma publicaçao agora no facebook!! comenta la o nome do seu char!! TMJ comenta la que vou jogar agora na sua conta
[28/1/2017 1:44:33] /b Quem nao recebeu os pontos! fiz uma publicaçao agora no facebook!! comenta la o nome do seu char!! TMJ comenta la que vou jogar agora na sua conta
[28/1/2017 1:44:39] /b Quem nao recebeu os pontos! fiz uma publicaçao agora no facebook!! comenta la o nome do seu char!! TMJ comenta la que vou jogar agora na sua conta
[28/1/2017 1:44:45] /b Quem nao recebeu os pontos! fiz uma publicaçao agora no facebook!! comenta la o nome do seu char!! TMJ comenta la que vou jogar agora na sua conta
[28/1/2017 1:44:51] /b Quem nao recebeu os pontos! fiz uma publicaçao agora no facebook!! comenta la o nome do seu char!! TMJ comenta la que vou jogar agora na sua conta
[28/1/2017 1:46:53] /b Começa divulgar la nos outros ot que aqui abriu hj e ta super balanceado TMj famlia!!!
[28/1/2017 1:47:3] /b Começa divulgar la nos outros ot que aqui abriu hj e ta super balanceado TMj familia!!!
[28/1/2017 1:53:6] /b estamos demorando pra colocar os pontos porque estamos analizando !! nao abra mc para pedir pontos abra pra ajudar subir na otlist
[28/1/2017 1:54:5] /b Tenha calma estamos colocando pontos de todos!!!
[28/1/2017 2:0:7] /b aew galera  estamos aos poucos concluindo a promoção
[28/1/2017 2:7:9] /b ja vollto e boto pontos de todos!!!!!!!!!!!!!!!!!!!!!!!!!!!!!!!!!!!!!!!!!!!!! AAAAAAAAAAAAACALLLLMA o coraçao
[28/1/2017 2:7:21] /b ja to bebo ja kkk
[28/1/2017 2:7:27] /b ja volto
[28/1/2017 2:7:41] /b olha o rascismo rapaizinho
[28/1/2017 2:7:57] /b ja chama o amigo ai
[28/1/2017 2:9:27] /b estamos na primeira pagina da ot list demoro! chama o parça ai jaja vamos concluir a promoçao!
[28/1/2017 2:9:41] /b ja volto vou tomar banho
[28/1/2017 2:13:9] /b tenha calma parça todos pontos vai entra!!!!!!!!!!!!!!!!!!!! tMj mulecote
[28/1/2017 2:13:13] /b tenha calma parça todos pontos vai entra!!!!!!!!!!!!!!!!!!!! tMj mulecote
[28/1/2017 2:14:20] /a 2
[28/1/2017 2:14:55] /t
[28/1/2017 2:15:16] /b quem nao recebeu os pontos pode chamar no face, ribeirot serv ou whats
[28/1/2017 2:15:35] /b  mais convida aquele parça ai
[28/1/2017 2:16:21] /b gente vamos com calma e muito pm tenha calma
[28/1/2017 2:18:31] /b os pontos vao entrar
[28/1/2017 2:26:22] /b tenha calma que os pontos vai chegar estamos analizando ip para segurança de todos!!!!!!!!!!! nao vamos cometer mesmo erro do passado agora e pra valer tmj!
[28/1/2017 2:31:48] /b 69 online hmm delicia
[28/1/2017 2:34:22] /b aovivo no facebook vai agora e chora os pontos
[28/1/2017 2:35:40] /b aovivo no facebook vai agora e chora os pontos
[28/1/2017 2:37:15] /b aovivo no facebook vai agora e chora os pontos
[28/1/2017 2:39:30] /b descarregou celular kk
[28/1/2017 2:40:8] /b cade que vcs tao ajudando chamar os parceiros? 
[28/1/2017 2:40:16] /b cade que vcs tao ajudando chamar os parceiros? 
[28/1/2017 2:41:3] /b vamos logar uns mc ai , chamar uns parça pra nois lota esse ot ja to gostando vcs estao representando TMJ
[28/1/2017 2:41:59] /b MDS e muita gente, nao do conta ACUDAAA
[28/1/2017 2:42:34] /b tenha calma mano.. Tem um monte de b.o eu to bebo... tao me nukando... e e muitos faldno ao mesmo tempo!!!! kk
[28/1/2017 2:42:58] /b olha ai que maravilha 72 player ativo online .. isso e demaissssssssssssssssssssssss VLW familia
[28/1/2017 2:43:21] /b Quero exibi pelego aovivo kd?
[28/1/2017 2:43:24] /b Quero exibi pelego aovivo kd? me chama
[28/1/2017 2:43:34] /b Quero exibi pelego aovivo kd? me chama
[28/1/2017 2:45:39] /b Quero ver todos amgos reunidos aqui po, tenha calma que  nois vai dar os pontos pra quem realmente ta fexando junto
[28/1/2017 2:47:28] /b to muito feliz que vcs tao convidando os parça! pode pah que qualquer duvida so chamar nois!!! #PORUMOTMELHOR
[28/1/2017 2:47:56] /b chama team tb fala que inauguramos Hoje!1
[28/1/2017 2:49:33] /b porra feliz de mais o ot ta lotadao!! e so parça ativasso, tmj
[28/1/2017 2:54:19] /b PROMOÇAO ENCERRADA, QUEM NAO RECEVEU TERA UNICA CHANCE MANDAR PM NO WHATS 67 9 9979 6678 FORA ISSO SEM CHORO NAMORAL AGORA VAMOS DAR ATENÇAO A TODOS TMJ
[28/1/2017 2:56:30] /b PROMOÇAO ENCERRADA, QUEM NAO RECEVEU TERA UNICA CHANCE MANDAR PM NO WHATS 67 9 9979 6678 FORA ISSO SEM CHORO NAMORAL AGORA VAMOS DAR ATENÇAO A TODOS TMJ
[28/1/2017 2:59:24] /b PROMOÇAO ENCERRADA, QUEM NAO RECEVEU TERA UNICA CHANCE MANDAR PM NO WHATS 67 9 9979 6678 FORA ISSO SEM CHORO NAMORAL AGORA VAMOS DAR ATENÇAO A TODOS TMJ
[28/1/2017 3:35:37] /b bom vou dormir e amanha continuo colocar os pontos pros parças
[28/1/2017 12:39:49] /b bom dia, nao consegui dormir kk o ot ta zicaa show
[28/1/2017 13:34:48] /goto samambaia
[28/1/2017 13:36:41] /t
[28/1/2017 13:36:54] /c Samambaia
[28/1/2017 13:37:11] /c Doidao Memo
[28/1/2017 13:37:19] /c Lord Sukita
[28/1/2017 13:38:8] /c Recoveery
[28/1/2017 13:38:13] /c Teta Malukkas
[28/1/2017 13:38:20] /c Sir Immortality
[28/1/2017 13:38:27] /c Shop Onlline
[28/1/2017 13:38:33] /c Di Loco Two
[28/1/2017 13:38:39] /c Red Black
[28/1/2017 13:40:26] /goto Doidao Memo
[28/1/2017 13:40:30] /goto Doidao Memo
[28/1/2017 13:40:47] /b qem ta on manda pm pra por os pontos
[28/1/2017 15:19:13] /goto Wyskyzyto
[28/1/2017 15:19:33] /b vou tirar vcs calma
[28/1/2017 15:19:44] /t
[28/1/2017 15:19:47] /c Justin Bieber
[28/1/2017 15:19:52] /c baranga
[28/1/2017 15:20:5] /c Wyskyzyto
[28/1/2017 15:20:24] /b Iremos arrumar o evento
[28/1/2017 15:21:18] /t
[28/1/2017 15:40:53] /t
[28/1/2017 15:41:3] /b gente vamos com calma que ta correria pra mim
[28/1/2017 15:41:32] /b gente vamos com calma que ta correria pra mim
[28/1/2017 15:41:57] /b Parça ja loga os mc pra poder subir na ot list que hj nois vai bater 100 Online
[28/1/2017 15:42:7] /b Parça ja loga os mc pra poder subir na ot list que hj nois vai bater 100 Online
[28/1/2017 15:42:21] /b Vou entrar no zap agora quem quiser chama la 67 9 9979 6678
[28/1/2017 15:42:24] /b Vou entrar no zap agora quem quiser chama la 67 9 9979 6678
[28/1/2017 16:24:8] /b Gostaria de avisar que vou responder a todos, mais sao mais de 500 MSG no Whatsapp entao vamos com calma galera
[28/1/2017 16:41:55] /t
[28/1/2017 16:42:12] /b vou entrar aovivo no facebook da uma atençao la todos que nao receberam pontos e quem recebeu tb
[28/1/2017 16:45:18] /b eae galera to aovivo la no face 
[28/1/2017 16:45:23] /b eae galera to aovivo la no face  da uma atençao la
[28/1/2017 16:47:2] /b UAI Kd o Povo que queria pontos? to no facebook po cola la
[28/1/2017 16:50:12] /b Galera o Facebook é Ribeirot Serv COla la!!!
[28/1/2017 16:50:17] /b Galera o Facebook é Ribeirot Serv COla la!!!
[28/1/2017 16:50:18] /b Galera o Facebook é Ribeirot Serv COla la!!!
[28/1/2017 16:53:6] /t
[28/1/2017 17:10:55] /b Criei um grupo no ZAp pros amigos do ribeirot quem quiser entrar chama 67 9 9979 6678
[28/1/2017 17:11:42] /b Ribeirot Coins galera é uma de nossas novidades !!! Guarde bem guardado em breve voce vai poder trocar por Camiseta Oficial RibeirOT
[28/1/2017 17:12:5] /b Ribeirot Coins galera é uma de nossas novidades !!! Guarde bem guardado em breve voce vai poder trocar por Camiseta Oficial RibeirOT
[29/1/2017 2:14:16] /b Boa noite, Obrigado a todos por esta jogando aqui to muito feliz com sucesso do OT, Vi meu whats agora tem 1200 msg vou tentar responder todos amanha  hj vou descansar obrigado
[29/1/2017 19:35:49] /b So vejo Pessoas Pedindo! Pedindo Pedind EU NAO VOU DAR PONTOS PRA NINGUEM FICOU CLARO? EXISTE MAIS DE 1000 ITENS NESSA DESGRAÇA SE VC QUER A PORRA DOS ITENS TO STE COMPRAAAAAAAAAAAAAAAAAAAAAAAAAAAAAAAAAAA
[29/1/2017 19:36:25] /b MAIS DE MIL ITENS PRA VCS EXPLORAR SO SABER QUERER A PORRA DO MAIS FACIL AFF
[29/1/2017 19:36:55] /b O castle ja ta pronto e as Novas huntes tb! quem quiser que coloca ja so avisar no face...
[29/1/2017 19:37:6] /b O castle ja ta pronto e as Novas huntes tb! quem quiser que coloca ja so avisar no face...
[29/1/2017 19:38:10] /b para quem esta juntando RibeirOT coins, Guardem bem, pois iremos fazer a loja virtual para vc trocar por camisetas do ribeirot, brindes ribeirot
[29/1/2017 19:38:20] /b para quem esta juntando RibeirOT coins, Guardem bem, pois iremos fazer a loja virtual para vc trocar por camisetas do ribeirot, brindes ribeirot
[29/1/2017 19:39:42] /b Ja volto vou ligar pro adm botar o castle e as caves
[29/1/2017 21:53:12] /b Salve Suave galera? qualquer coisa to por aqui  Vamos reiniciar para Colocar castle e novas hunts Da um salve no help se pode pah
[29/1/2017 21:53:24] /b Salve Suave galera? qualquer coisa to por aqui  Vamos reiniciar para Colocar castle e novas hunts Da um salve no help se pode pah
[29/1/2017 22:2:5] /b Atençao total para player agora no help!
[29/1/2017 22:33:23] /b Galera fiz uma publicaçao no meu face ribeirot serv sobre o fire storm de sabado da uma olhada la por favor curte la tmj
[29/1/2017 22:33:40] /b Galera fiz uma publicaçao no meu face ribeirot serv sobre o fire storm de sabado da uma olhada la por favor curte la tmj
[29/1/2017 23:4:43] /b pessoal nao parem de convidar os amigos depois vou dar atençao a todos no whats  67 9 9979 6678 chama la que a hora que eu pega pra da atençao la vai ser totaal
[29/1/2017 23:5:59] /t
[29/1/2017 23:41:9] /b jaja Castle e novas hunts .... ja volto vou ajeitando aqui
[30/1/2017 5:38:12] /goto ribeiro ot
[30/1/2017 18:22:38] /b Fala galera suave? agora mesmo estarei Investindo em mais IPs e vamos em momentos voltar pra ot list voltar lotar esse trem ja vai convidando ai parsa
[30/1/2017 18:25:24] /b Galera estou trabalhando aqui Qualquer problema com o ot me chama!
