[29/11/2016 15:19:54] /a 1
[29/11/2016 15:19:57] /a 2
[29/11/2016 15:22:51] /c /c Qualquer Coisa
[29/11/2016 15:22:53] /c Qualquer Coisa
[29/11/2016 15:25:36] /i critical stone
[29/11/2016 15:25:45] /i dodge stone
[29/11/2016 15:25:50] /c Qualquer Coisa
[29/11/2016 15:30:37] /a 2
[29/11/2016 15:30:42] /a 2
[29/11/2016 15:34:3] /c Qualquer Coisa
[29/11/2016 15:34:9] /c Qualquer Coisa
[29/11/2016 15:34:42] /c Qualquer Coisa
[29/11/2016 15:34:49] /a 2
[29/11/2016 15:35:42] /c Qualquer Coisa
[29/11/2016 15:36:35] /ghost
[29/11/2016 15:36:38] /goto mama
[29/11/2016 15:37:36] /goto ninex
[29/11/2016 15:37:41] /t
[29/11/2016 15:37:48] /goto qualquer coisa
[29/11/2016 15:39:30] /goto necrozzy
[29/11/2016 15:39:34] /t
[29/11/2016 15:39:43] /c qualquer coisa
[29/11/2016 15:40:25] /goto necrozzy
[29/11/2016 15:43:19] /i Vip Free Ring
[29/11/2016 15:43:44] /i New Mage Ring
[29/11/2016 15:44:2] /goto qualquer coisa
[29/11/2016 15:46:54] /i Cave Exclusiva 
[29/11/2016 15:50:10] /goto necrozzy
[29/11/2016 15:50:37] /goto fearçess
[29/11/2016 15:50:41] /goto fearless
[29/11/2016 15:50:48] /goto ronors
[29/11/2016 15:50:57] /goto Ollky 
[29/11/2016 15:51:7] /goto Thorbrito
[29/11/2016 15:51:15] /goto bella
[29/11/2016 15:51:29] /goto ninex
[29/11/2016 15:51:32] /t
[29/11/2016 15:55:34] /a 2
[29/11/2016 15:56:39] /a 2
[29/11/2016 15:56:41] /a 2
[29/11/2016 15:58:6] /goto fearless
[29/11/2016 15:58:12] /t
[29/11/2016 15:59:37] /i 7424
[29/11/2016 16:0:18] /goto fearless
[29/11/2016 16:1:24] /goto fearless
[29/11/2016 16:1:43] /goto necrozzy
[29/11/2016 16:2:16] /goto fearless
[29/11/2016 16:5:2] /t
[29/11/2016 16:5:9] /a 2
[29/11/2016 16:5:15] /a 3
[29/11/2016 16:5:22] /a 10
[29/11/2016 16:5:28] /goto qualquer coisa
[29/11/2016 16:5:38] /a 10
[29/11/2016 16:5:38] /a 10
[29/11/2016 16:5:39] /a 10
[29/11/2016 16:5:57] /c mama
[29/11/2016 16:8:58] /goto necrozzy
[29/11/2016 16:9:49] /goto fearless
[29/11/2016 16:9:52] /goto necrozzy
[29/11/2016 16:10:4] /t
[29/11/2016 16:10:18] /goto bella
[29/11/2016 16:10:24] /goto jhowpop
[29/11/2016 16:22:7] /a 2
[29/11/2016 16:22:31] /a 2
[29/11/2016 16:22:39] /a 2
[29/11/2016 16:22:40] /a 2
[29/11/2016 16:24:47] /t
[29/11/2016 16:25:16] /a 2
[29/11/2016 16:25:28] /c Qualquer Coisa
[29/11/2016 16:29:30] /goto ninex
[29/11/2016 16:29:32] /t
[29/11/2016 16:30:35] /i galaxy spellbook
[29/11/2016 16:30:41] /goto qualquer coisa
[29/11/2016 16:31:47] /a 10
[29/11/2016 16:32:40] /c qualquer coisa
[29/11/2016 16:39:54] /c qualquer coisa
[29/11/2016 16:45:23] /goto mama
[29/11/2016 16:45:43] /goto qualquer coisa
[29/11/2016 16:45:47] /t
[29/11/2016 16:46:2] /goto dante
[29/11/2016 16:46:8] /goto necrozzy
[29/11/2016 16:46:15] /goto hjowpop
[29/11/2016 16:47:35] /goto ollky
[29/11/2016 16:47:45] /goto jhowpop
[29/11/2016 16:47:54] /goto jheery
[29/11/2016 16:48:13] /goto bella
[29/11/2016 16:48:16] /goto draco
[29/11/2016 16:48:18] /t
[29/11/2016 16:49:40] /goto demente dashow
[29/11/2016 17:8:50] /goto qualquer coisa
[29/11/2016 17:8:53] /i Double Exp
[29/11/2016 17:8:57] /i Double Exp
[29/11/2016 17:9:17] /i Double Exp
[29/11/2016 17:9:18] /i Double Exp
[29/11/2016 17:9:18] /i Double Exp
[29/11/2016 17:9:19] /i Double Exp
[29/11/2016 17:9:19] /i Double Exp
[29/11/2016 17:9:19] /i Double Exp
[29/11/2016 17:10:34] /t
[29/11/2016 17:10:58] /a 2
[29/11/2016 17:24:5] /c Qualquer Coisa
[29/11/2016 17:25:6] /c Mama
[29/11/2016 19:11:25] /i New Mage Spellbook
[29/11/2016 19:11:35] /i New Mage Boots
[29/11/2016 19:11:44] /i New Mage Legs
[29/11/2016 19:11:51] /i New Mage Armor 
[29/11/2016 19:11:58] /i New Mage Helmet
[29/11/2016 19:12:11] /i backpack
[29/11/2016 19:12:22] /i Double Exp
[29/11/2016 19:12:30] /i Double Exp
[29/11/2016 19:12:32] /i Double Exp
[29/11/2016 19:12:32] /i Double Exp
[29/11/2016 19:12:32] /i Double Exp
[29/11/2016 19:12:32] /i Double Exp
[29/11/2016 19:12:32] /i Double Exp
[29/11/2016 19:12:32] /i Double Exp
[29/11/2016 19:12:33] /i Double Exp
[29/11/2016 19:12:33] /i Double Exp
[29/11/2016 19:12:33] /i Double Exp
[29/11/2016 19:12:34] /i Double Exp
[29/11/2016 19:13:27] /i gold ingot
[29/11/2016 19:13:40] /goto matei
[29/11/2016 19:14:37] /i New Mage Ring
[29/11/2016 20:57:38] /goto draco
[29/11/2016 20:57:54] /goto ollky
[29/11/2016 20:57:58] /goto dante
[29/11/2016 20:58:11] /a 10
[29/11/2016 20:58:13] /a 10
[29/11/2016 20:58:15] /a 10
[29/11/2016 20:58:17] /a 10
[29/11/2016 20:58:18] /a 10
[29/11/2016 20:58:20] /a 10
[29/11/2016 20:58:21] /a 10
[29/11/2016 20:58:22] /a 10
[29/11/2016 20:58:23] /a 10
[29/11/2016 20:58:25] /a 10
[29/11/2016 20:58:26] /a 10
[29/11/2016 20:58:27] /a 10
[29/11/2016 20:58:28] /a 10
[29/11/2016 20:58:29] /a 10
[29/11/2016 20:58:30] /a 10
[29/11/2016 20:58:31] /a 10
[29/11/2016 20:59:38] /goto ollky
[29/11/2016 20:59:43] /goto dante
[29/11/2016 20:59:45] /goto dante
[29/11/2016 20:59:48] /goto draco
[29/11/2016 21:0:20] /goto bella
[29/11/2016 21:0:23] /goto ninex
[29/11/2016 21:0:29] /goto necrozzy
[29/11/2016 21:0:37] /goto elder merliin
[29/11/2016 21:0:48] /t
[29/11/2016 23:45:38] /a 2
[29/11/2016 23:45:39] /a 2
[29/11/2016 23:45:40] /a 2
[29/11/2016 23:45:40] /a 2
[29/11/2016 23:46:14] /i New Mage Helmet
[29/11/2016 23:46:20] /i backpack
[29/11/2016 23:46:28] /i New Mage Armor 
[29/11/2016 23:46:33] /i New Mage Legs
[29/11/2016 23:46:38] /i New Mage Boots
[29/11/2016 23:46:44] /i New Mage Spellbook
[29/11/2016 23:46:49] /i Blessing Amulet 
[29/11/2016 23:46:49] /i Blessing Amulet 
[29/11/2016 23:46:58] /i New Mage Ring 
[29/11/2016 23:47:5] /i New Mage Ring 
[29/11/2016 23:47:12] /i Gold Ingot
[29/11/2016 23:47:19] /i Double Exp 
[29/11/2016 23:47:20] /i Double Exp 
[29/11/2016 23:47:20] /i Double Exp 
[29/11/2016 23:47:20] /i Double Exp 
[29/11/2016 23:47:21] /i Double Exp 
[29/11/2016 23:47:21] /i Double Exp 
[29/11/2016 23:47:21] /i Double Exp 
[29/11/2016 23:47:22] /i Double Exp 
[29/11/2016 23:47:22] /i Double Exp 
[29/11/2016 23:47:22] /i Double Exp 
[29/11/2016 23:47:23] /i Double Exp 
[29/11/2016 23:47:27] /goto mama
[30/11/2016 0:20:43] /i Stamina Infinita 
[30/11/2016 0:20:48] /i Stamina Infinita 
[30/11/2016 0:20:55] /goto matei
[30/11/2016 0:21:15] /goto mama
[30/11/2016 0:21:56] /goto matei
[30/11/2016 0:22:17] /goto mama
[30/11/2016 12:46:45] /i backpack
[30/11/2016 12:46:57] /i Double Exp
[30/11/2016 12:46:58] /i Double Exp
[30/11/2016 12:46:58] /i Double Exp
[30/11/2016 12:46:58] /i Double Exp
[30/11/2016 12:47:1] /i Double Exp
[30/11/2016 12:47:1] /i Double Exp
[30/11/2016 12:47:1] /i Double Exp
[30/11/2016 12:47:2] /i Double Exp
[30/11/2016 12:47:2] /i Double Exp
[30/11/2016 12:47:2] /i Double Exp
[30/11/2016 12:47:2] /i Double Exp
[30/11/2016 12:47:3] /i Double Exp
[30/11/2016 12:47:3] /i Double Exp
[30/11/2016 12:47:3] /i Double Exp
[30/11/2016 12:47:4] /i Double Exp
[30/11/2016 12:47:4] /i Double Exp
[30/11/2016 12:47:4] /i Double Exp
[30/11/2016 12:47:5] /i Double Exp
[30/11/2016 12:47:6] /i Double Exp
[30/11/2016 12:47:7] /i Double Exp
[30/11/2016 12:47:11] /i backpack
[30/11/2016 12:47:20] /i New Pally Helmet
[30/11/2016 12:47:25] /i New Pally Armor
[30/11/2016 12:47:33] /i New Pally Legs
[30/11/2016 12:47:39] /i New Pally Boots
[30/11/2016 12:47:51] /i New Pally Shield
[30/11/2016 12:48:40] /i New Pally Bow
[30/11/2016 12:50:4] /i Blessing Amulet
[30/11/2016 12:50:10] /i Stamina Infinita
[30/11/2016 12:50:14] /i gold ingot
[30/11/2016 12:50:20] /i New Pally Ring
[30/11/2016 12:50:29] /i Double Exp
[30/11/2016 12:50:29] /i Double Exp
[30/11/2016 12:50:30] /i Double Exp
[30/11/2016 12:50:30] /i Double Exp
[30/11/2016 12:50:30] /i Double Exp
[30/11/2016 12:50:31] /i Double Exp
[30/11/2016 12:50:31] /i Double Exp
[30/11/2016 12:50:33] /i Double Exp
[30/11/2016 12:50:33] /i Double Exp
[30/11/2016 12:50:34] /i Double Exp
[30/11/2016 12:50:34] /i Double Exp
[30/11/2016 12:50:41] /i backpack
[30/11/2016 12:51:1] /i New Kina Club
[30/11/2016 12:51:6] /i New Kina Shield
[30/11/2016 12:51:13] /i New Kina Boots
[30/11/2016 12:51:17] /i New Kina Legs
[30/11/2016 12:51:22] /i new kina armor
[30/11/2016 12:51:25] /i new kina helmet
[30/11/2016 12:51:33] /i Blessing Amulet
[30/11/2016 12:51:44] /i Stamina Infinita
[30/11/2016 12:52:9] /i gold ingot
[30/11/2016 12:52:32] /i New Kina Ring
[30/11/2016 12:52:44] /i Double Exp
[30/11/2016 12:52:44] /i Double Exp
[30/11/2016 12:52:45] /i Double Exp
[30/11/2016 12:52:45] /i Double Exp
[30/11/2016 12:52:45] /i Double Exp
[30/11/2016 12:52:45] /i Double Exp
[30/11/2016 12:52:47] /i Double Exp
[30/11/2016 12:52:47] /i Double Exp
[30/11/2016 12:52:47] /i Double Exp
[30/11/2016 12:52:48] /i Double Exp
[30/11/2016 12:53:4] /goto mama
[30/11/2016 12:53:28] /goto matei
[30/11/2016 12:53:57] /goto mama
[30/11/2016 13:31:7] /goto rorse
[30/11/2016 13:31:12] /goto george
[30/11/2016 13:31:21] /goto ninex
[30/11/2016 13:31:25] /goto assassino
[30/11/2016 13:31:28] /goto mama
[30/11/2016 15:47:49] /goto draco
[30/11/2016 15:47:53] /goto bella
[30/11/2016 15:47:58] /goto ninex
[30/11/2016 15:48:5] /goto george
[30/11/2016 15:48:15] /goto necrozzy
[30/11/2016 15:48:25] /goto mama
[30/11/2016 16:25:57] /goto kanaite
[30/11/2016 16:26:27] /a 2
[30/11/2016 16:26:33] /a 10
[30/11/2016 16:26:34] /a 10
[30/11/2016 16:26:38] /a 2
[30/11/2016 16:29:9] /goto george
[30/11/2016 16:29:14] /goto draco
[1/12/2016 12:48:45] /goto george
[1/12/2016 12:50:37] /goto rorse
[1/12/2016 12:50:44] /goto skaadodle
[1/12/2016 12:52:32] /goto skaadodle
[1/12/2016 12:52:46] /goto ninex
[1/12/2016 12:53:38] /goto mama
[1/12/2016 13:13:27] /goto ninex
[1/12/2016 13:13:34] /goto thorbrito
[1/12/2016 13:17:16] /goto big mayke
[1/12/2016 13:17:19] /goto lola
[1/12/2016 13:17:23] /goto assassino
[1/12/2016 13:17:35] /goto massive water elemental
[1/12/2016 15:38:40] /goto thorbrito
[1/12/2016 15:38:46] /goto ninex
[1/12/2016 19:49:12] /goto Good Vibes 
[1/12/2016 19:51:27] /goto necrozzy
[1/12/2016 19:51:37] /goto dante
[1/12/2016 19:51:44] /goto Skaadodle
[1/12/2016 19:51:58] /goto thorbrito
[1/12/2016 19:52:4] /goto mama
[1/12/2016 19:56:37] /goto dante
[1/12/2016 19:56:43] /goto draco
[1/12/2016 19:56:54] /goto skaadodle
[1/12/2016 19:56:59] /kick skaadodle
[1/12/2016 19:57:18] /goto mama
[1/12/2016 19:57:24] /i backpack
[1/12/2016 19:57:39] /i Blessing Amulet
[1/12/2016 19:57:40] /i Blessing Amulet
[1/12/2016 19:57:40] /i Blessing Amulet
[1/12/2016 19:57:42] /i Blessing Amulet
[1/12/2016 19:57:42] /i Blessing Amulet
[1/12/2016 19:57:43] /i Blessing Amulet
[1/12/2016 19:57:43] /i Blessing Amulet
[1/12/2016 19:57:43] /i Blessing Amulet
[1/12/2016 19:57:44] /i Blessing Amulet
[1/12/2016 19:57:44] /i Blessing Amulet
[1/12/2016 19:57:44] /i Blessing Amulet
[1/12/2016 19:57:45] /i Blessing Amulet
[1/12/2016 19:57:46] /i Blessing Amulet
[1/12/2016 19:57:49] /i Blessing Amulet
[1/12/2016 19:57:50] /i Blessing Amulet
[1/12/2016 19:57:50] /i Blessing Amulet
[1/12/2016 19:57:51] /i Blessing Amulet
[1/12/2016 19:57:52] /i Blessing Amulet
[1/12/2016 19:57:53] /i Blessing Amulet
[1/12/2016 19:57:53] /i Blessing Amulet
[1/12/2016 19:58:12] /i backpack
[1/12/2016 19:58:19] /i New Kina Sword 
[1/12/2016 19:58:20] /i New Kina Sword 
[1/12/2016 19:58:20] /i New Kina Sword 
[1/12/2016 19:58:21] /i New Kina Sword 
[1/12/2016 19:58:22] /i New Kina Sword 
[1/12/2016 19:58:24] /i New Kina Sword 
[1/12/2016 19:58:24] /i New Kina Sword 
[1/12/2016 19:58:29] /i New Kina Axe
[1/12/2016 19:58:30] /i New Kina Axe
[1/12/2016 19:58:31] /i New Kina Axe
[1/12/2016 19:58:31] /i New Kina Axe
[1/12/2016 19:58:31] /i New Kina Axe
[1/12/2016 19:58:32] /i New Kina Axe
[1/12/2016 19:58:39] /i New Mage Staff
[1/12/2016 19:58:40] /i New Mage Staff
[1/12/2016 19:58:40] /i New Mage Staff
[1/12/2016 19:58:41] /i New Mage Staff
[1/12/2016 19:58:55] /i New Pally Bow
[1/12/2016 19:58:56] /i New Pally Bow
[1/12/2016 19:58:56] /i New Pally Bow
[1/12/2016 19:58:57] /i New Pally Bow
[1/12/2016 19:59:2] /i New Kina Club
[1/12/2016 19:59:3] /i New Kina Club
[1/12/2016 19:59:4] /i New Kina Club
[1/12/2016 19:59:11] /i backpack
[1/12/2016 19:59:22] /i New Kina Helmet
[1/12/2016 19:59:26] /i New Kina Helmet
[1/12/2016 19:59:26] /i New Kina Helmet
[1/12/2016 19:59:27] /i New Kina Helmet
[1/12/2016 19:59:27] /i New Kina Helmet
[1/12/2016 19:59:27] /i New Kina Helmet
[1/12/2016 19:59:28] /i New Kina Helmet
[1/12/2016 19:59:28] /i New Kina Helmet
[1/12/2016 19:59:28] /i New Kina Helmet
[1/12/2016 19:59:28] /i New Kina Helmet
[1/12/2016 19:59:29] /i New Kina Helmet
[1/12/2016 19:59:29] /i New Kina Helmet
[1/12/2016 19:59:29] /i New Kina Helmet
[1/12/2016 19:59:30] /i New Kina Helmet
[1/12/2016 19:59:30] /i New Kina Helmet
[1/12/2016 19:59:31] /i New Kina Helmet
[1/12/2016 19:59:31] /i New Kina Helmet
[1/12/2016 19:59:32] /i New Kina Helmet
[1/12/2016 19:59:32] /i New Kina Helmet
[1/12/2016 19:59:33] /i New Kina Helmet
[1/12/2016 19:59:38] /i backpack
[1/12/2016 19:59:47] /i New Kina Armor
[1/12/2016 19:59:48] /i New Kina Armor
[1/12/2016 19:59:49] /i New Kina Armor
[1/12/2016 19:59:50] /i New Kina Armor
[1/12/2016 19:59:50] /i New Kina Armor
[1/12/2016 19:59:50] /i New Kina Armor
[1/12/2016 19:59:51] /i New Kina Armor
[1/12/2016 19:59:51] /i New Kina Armor
[1/12/2016 19:59:51] /i New Kina Armor
[1/12/2016 19:59:52] /i New Kina Armor
[1/12/2016 19:59:52] /i New Kina Armor
[1/12/2016 19:59:52] /i New Kina Armor
[1/12/2016 19:59:53] /i New Kina Armor
[1/12/2016 19:59:53] /i New Kina Armor
[1/12/2016 19:59:54] /i New Kina Armor
[1/12/2016 19:59:54] /i New Kina Armor
[1/12/2016 19:59:54] /i New Kina Armor
[1/12/2016 19:59:55] /i New Kina Armor
[1/12/2016 19:59:55] /i New Kina Armor
[1/12/2016 19:59:56] /i New Kina Armor
[1/12/2016 20:0:2] /i backpack
[1/12/2016 20:0:9] /i New Kina Legs 
[1/12/2016 20:0:10] /i New Kina Legs 
[1/12/2016 20:0:11] /i New Kina Legs 
[1/12/2016 20:0:12] /i New Kina Legs 
[1/12/2016 20:0:12] /i New Kina Legs 
[1/12/2016 20:0:12] /i New Kina Legs 
[1/12/2016 20:0:12] /i New Kina Legs 
[1/12/2016 20:0:13] /i New Kina Legs 
[1/12/2016 20:0:13] /i New Kina Legs 
[1/12/2016 20:0:13] /i New Kina Legs 
[1/12/2016 20:0:14] /i New Kina Legs 
[1/12/2016 20:0:14] /i New Kina Legs 
[1/12/2016 20:0:14] /i New Kina Legs 
[1/12/2016 20:0:15] /i New Kina Legs 
[1/12/2016 20:0:15] /i New Kina Legs 
[1/12/2016 20:0:15] /i New Kina Legs 
[1/12/2016 20:0:16] /i New Kina Legs 
[1/12/2016 20:0:16] /i New Kina Legs 
[1/12/2016 20:0:16] /i New Kina Legs 
[1/12/2016 20:0:17] /i New Kina Legs 
[1/12/2016 20:0:27] /i backpack
[1/12/2016 20:0:29] /i new Kina Boots
[1/12/2016 20:0:32] /i new Kina Boots
[1/12/2016 20:0:34] /i new Kina Boots
[1/12/2016 20:0:34] /i new Kina Boots
[1/12/2016 20:0:35] /i new Kina Boots
[1/12/2016 20:0:35] /i new Kina Boots
[1/12/2016 20:0:35] /i new Kina Boots
[1/12/2016 20:0:36] /i new Kina Boots
[1/12/2016 20:0:36] /i new Kina Boots
[1/12/2016 20:0:36] /i new Kina Boots
[1/12/2016 20:0:37] /i new Kina Boots
[1/12/2016 20:0:37] /i new Kina Boots
[1/12/2016 20:0:38] /i new Kina Boots
[1/12/2016 20:0:38] /i new Kina Boots
[1/12/2016 20:0:38] /i new Kina Boots
[1/12/2016 20:0:39] /i new Kina Boots
[1/12/2016 20:0:39] /i new Kina Boots
[1/12/2016 20:0:39] /i new Kina Boots
[1/12/2016 20:0:40] /i new Kina Boots
[1/12/2016 20:0:40] /i new Kina Boots
[1/12/2016 20:0:45] /i backpack
[1/12/2016 20:0:52] /i New Kina Shield
[1/12/2016 20:0:56] /i New Kina Shield
[1/12/2016 20:0:56] /i New Kina Shield
[1/12/2016 20:0:56] /i New Kina Shield
[1/12/2016 20:0:56] /i New Kina Shield
[1/12/2016 20:0:57] /i New Kina Shield
[1/12/2016 20:0:57] /i New Kina Shield
[1/12/2016 20:0:57] /i New Kina Shield
[1/12/2016 20:0:58] /i New Kina Shield
[1/12/2016 20:0:58] /i New Kina Shield
[1/12/2016 20:0:58] /i New Kina Shield
[1/12/2016 20:0:58] /i New Kina Shield
[1/12/2016 20:0:59] /i New Kina Shield
[1/12/2016 20:0:59] /i New Kina Shield
[1/12/2016 20:0:59] /i New Kina Shield
[1/12/2016 20:1:0] /i New Kina Shield
[1/12/2016 20:1:0] /i New Kina Shield
[1/12/2016 20:1:0] /i New Kina Shield
[1/12/2016 20:1:1] /i New Kina Shield
[1/12/2016 20:1:1] /i New Kina Shield
[1/12/2016 20:1:12] /i backpack
[1/12/2016 20:1:16] /i New Mage Helmet
[1/12/2016 20:1:18] /i New Mage Helmet
[1/12/2016 20:1:18] /i New Mage Helmet
[1/12/2016 20:1:19] /i New Mage Helmet
[1/12/2016 20:1:19] /i New Mage Helmet
[1/12/2016 20:1:19] /i New Mage Helmet
[1/12/2016 20:1:20] /i New Mage Helmet
[1/12/2016 20:1:20] /i New Mage Helmet
[1/12/2016 20:1:20] /i New Mage Helmet
[1/12/2016 20:1:21] /i New Mage Helmet
[1/12/2016 20:1:21] /i New Mage Helmet
[1/12/2016 20:1:21] /i New Mage Helmet
[1/12/2016 20:1:21] /i New Mage Helmet
[1/12/2016 20:1:22] /i New Mage Helmet
[1/12/2016 20:1:22] /i New Mage Helmet
[1/12/2016 20:1:22] /i New Mage Helmet
[1/12/2016 20:1:23] /i New Mage Helmet
[1/12/2016 20:1:23] /i New Mage Helmet
[1/12/2016 20:1:24] /i New Mage Helmet
[1/12/2016 20:1:24] /i New Mage Helmet
[1/12/2016 20:1:24] /i New Mage Helmet
[1/12/2016 20:1:29] /i backpack
[1/12/2016 20:1:35] /i New Mage Armor 
[1/12/2016 20:1:38] /i New Mage Armor 
[1/12/2016 20:1:38] /i New Mage Armor 
[1/12/2016 20:1:39] /i New Mage Armor 
[1/12/2016 20:1:39] /i New Mage Armor 
[1/12/2016 20:1:39] /i New Mage Armor 
[1/12/2016 20:1:40] /i New Mage Armor 
[1/12/2016 20:1:40] /i New Mage Armor 
[1/12/2016 20:1:40] /i New Mage Armor 
[1/12/2016 20:1:40] /i New Mage Armor 
[1/12/2016 20:1:41] /i New Mage Armor 
[1/12/2016 20:1:41] /i New Mage Armor 
[1/12/2016 20:1:41] /i New Mage Armor 
[1/12/2016 20:1:42] /i New Mage Armor 
[1/12/2016 20:1:42] /i New Mage Armor 
[1/12/2016 20:1:42] /i New Mage Armor 
[1/12/2016 20:1:43] /i New Mage Armor 
[1/12/2016 20:1:43] /i New Mage Armor 
[1/12/2016 20:1:44] /i New Mage Armor 
[1/12/2016 20:1:45] /i New Mage Armor 
[1/12/2016 20:1:53] /i New Mage Legs
[1/12/2016 20:1:57] /i backpack
[1/12/2016 20:2:1] /i New Mage Legs
[1/12/2016 20:2:2] /i New Mage Legs
[1/12/2016 20:2:2] /i New Mage Legs
[1/12/2016 20:2:3] /i New Mage Legs
[1/12/2016 20:2:3] /i New Mage Legs
[1/12/2016 20:2:3] /i New Mage Legs
[1/12/2016 20:2:4] /i New Mage Legs
[1/12/2016 20:2:4] /i New Mage Legs
[1/12/2016 20:2:4] /i New Mage Legs
[1/12/2016 20:2:5] /i New Mage Legs
[1/12/2016 20:2:5] /i New Mage Legs
[1/12/2016 20:2:5] /i New Mage Legs
[1/12/2016 20:2:6] /i New Mage Legs
[1/12/2016 20:2:6] /i New Mage Legs
[1/12/2016 20:2:6] /i New Mage Legs
[1/12/2016 20:2:7] /i New Mage Legs
[1/12/2016 20:2:7] /i New Mage Legs
[1/12/2016 20:2:7] /i New Mage Legs
[1/12/2016 20:2:8] /i New Mage Legs
[1/12/2016 20:2:8] /i New Mage Legs
[1/12/2016 20:2:15] /i backpack
[1/12/2016 20:2:30] /i New Mage Boots
[1/12/2016 20:2:30] /i New Mage Boots
[1/12/2016 20:2:30] /i New Mage Boots
[1/12/2016 20:2:30] /i New Mage Boots
[1/12/2016 20:2:31] /i New Mage Boots
[1/12/2016 20:2:31] /i New Mage Boots
[1/12/2016 20:2:31] /i New Mage Boots
[1/12/2016 20:2:31] /i New Mage Boots
[1/12/2016 20:2:32] /i New Mage Boots
[1/12/2016 20:2:32] /i New Mage Boots
[1/12/2016 20:2:32] /i New Mage Boots
[1/12/2016 20:2:32] /i New Mage Boots
[1/12/2016 20:2:32] /i New Mage Boots
[1/12/2016 20:2:32] /i New Mage Boots
[1/12/2016 20:2:33] /i New Mage Boots
[1/12/2016 20:2:33] /i New Mage Boots
[1/12/2016 20:2:33] /i New Mage Boots
[1/12/2016 20:2:33] /i New Mage Boots
[1/12/2016 20:2:34] /i New Mage Boots
[1/12/2016 20:2:34] /i New Mage Boots
[1/12/2016 20:2:38] /i backpack
[1/12/2016 20:2:47] /i New Mage Spellbook
[1/12/2016 20:2:47] /i New Mage Spellbook
[1/12/2016 20:2:47] /i New Mage Spellbook
[1/12/2016 20:2:47] /i New Mage Spellbook
[1/12/2016 20:2:47] /i New Mage Spellbook
[1/12/2016 20:2:48] /i New Mage Spellbook
[1/12/2016 20:2:48] /i New Mage Spellbook
[1/12/2016 20:2:48] /i New Mage Spellbook
[1/12/2016 20:2:48] /i New Mage Spellbook
[1/12/2016 20:2:48] /i New Mage Spellbook
[1/12/2016 20:2:49] /i New Mage Spellbook
[1/12/2016 20:2:49] /i New Mage Spellbook
[1/12/2016 20:2:49] /i New Mage Spellbook
[1/12/2016 20:2:49] /i New Mage Spellbook
[1/12/2016 20:2:49] /i New Mage Spellbook
[1/12/2016 20:2:50] /i New Mage Spellbook
[1/12/2016 20:2:50] /i New Mage Spellbook
[1/12/2016 20:2:50] /i New Mage Spellbook
[1/12/2016 20:2:50] /i New Mage Spellbook
[1/12/2016 20:2:51] /i New Mage Spellbook
[1/12/2016 20:2:56] /i backpack
[1/12/2016 20:3:7] /i New Pally Helmet 
[1/12/2016 20:3:8] /i New Pally Helmet 
[1/12/2016 20:3:8] /i New Pally Helmet 
[1/12/2016 20:3:8] /i New Pally Helmet 
[1/12/2016 20:3:8] /i New Pally Helmet 
[1/12/2016 20:3:8] /i New Pally Helmet 
[1/12/2016 20:3:9] /i New Pally Helmet 
[1/12/2016 20:3:9] /i New Pally Helmet 
[1/12/2016 20:3:9] /i New Pally Helmet 
[1/12/2016 20:3:9] /i New Pally Helmet 
[1/12/2016 20:3:9] /i New Pally Helmet 
[1/12/2016 20:3:9] /i New Pally Helmet 
[1/12/2016 20:3:10] /i New Pally Helmet 
[1/12/2016 20:3:10] /i New Pally Helmet 
[1/12/2016 20:3:10] /i New Pally Helmet 
[1/12/2016 20:3:10] /i New Pally Helmet 
[1/12/2016 20:3:10] /i New Pally Helmet 
[1/12/2016 20:3:11] /i New Pally Helmet 
[1/12/2016 20:3:11] /i New Pally Helmet 
[1/12/2016 20:3:11] /i New Pally Helmet 
[1/12/2016 20:3:14] /i backpack
[1/12/2016 20:3:23] /i New Pally Armor
[1/12/2016 20:3:23] /i New Pally Armor
[1/12/2016 20:3:23] /i New Pally Armor
[1/12/2016 20:3:24] /i New Pally Armor
[1/12/2016 20:3:24] /i New Pally Armor
[1/12/2016 20:3:24] /i New Pally Armor
[1/12/2016 20:3:24] /i New Pally Armor
[1/12/2016 20:3:24] /i New Pally Armor
[1/12/2016 20:3:25] /i New Pally Armor
[1/12/2016 20:3:25] /i New Pally Armor
[1/12/2016 20:3:25] /i New Pally Armor
[1/12/2016 20:3:25] /i New Pally Armor
[1/12/2016 20:3:25] /i New Pally Armor
[1/12/2016 20:3:26] /i New Pally Armor
[1/12/2016 20:3:26] /i New Pally Armor
[1/12/2016 20:3:26] /i New Pally Armor
[1/12/2016 20:3:26] /i New Pally Armor
[1/12/2016 20:3:26] /i New Pally Armor
[1/12/2016 20:3:27] /i New Pally Armor
[1/12/2016 20:3:28] /i New Pally Armor
[1/12/2016 20:3:33] /i backpack
[1/12/2016 20:3:42] /i New Pally Legs
[1/12/2016 20:3:42] /i New Pally Legs
[1/12/2016 20:3:43] /i New Pally Legs
[1/12/2016 20:3:43] /i New Pally Legs
[1/12/2016 20:3:43] /i New Pally Legs
[1/12/2016 20:3:43] /i New Pally Legs
[1/12/2016 20:3:43] /i New Pally Legs
[1/12/2016 20:3:43] /i New Pally Legs
[1/12/2016 20:3:44] /i New Pally Legs
[1/12/2016 20:3:44] /i New Pally Legs
[1/12/2016 20:3:44] /i New Pally Legs
[1/12/2016 20:3:44] /i New Pally Legs
[1/12/2016 20:3:44] /i New Pally Legs
[1/12/2016 20:3:45] /i New Pally Legs
[1/12/2016 20:3:45] /i New Pally Legs
[1/12/2016 20:3:45] /i New Pally Legs
[1/12/2016 20:3:45] /i New Pally Legs
[1/12/2016 20:3:45] /i New Pally Legs
[1/12/2016 20:3:46] /i New Pally Legs
[1/12/2016 20:3:46] /i New Pally Legs
[1/12/2016 20:3:54] /i backpack
[1/12/2016 20:4:0] /i New Pally Boots
[1/12/2016 20:4:0] /i New Pally Boots
[1/12/2016 20:4:0] /i New Pally Boots
[1/12/2016 20:4:0] /i New Pally Boots
[1/12/2016 20:4:0] /i New Pally Boots
[1/12/2016 20:4:1] /i New Pally Boots
[1/12/2016 20:4:1] /i New Pally Boots
[1/12/2016 20:4:1] /i New Pally Boots
[1/12/2016 20:4:1] /i New Pally Boots
[1/12/2016 20:4:1] /i New Pally Boots
[1/12/2016 20:4:2] /i New Pally Boots
[1/12/2016 20:4:2] /i New Pally Boots
[1/12/2016 20:4:2] /i New Pally Boots
[1/12/2016 20:4:2] /i New Pally Boots
[1/12/2016 20:4:2] /i New Pally Boots
[1/12/2016 20:4:3] /i New Pally Boots
[1/12/2016 20:4:3] /i New Pally Boots
[1/12/2016 20:4:3] /i New Pally Boots
[1/12/2016 20:4:3] /i New Pally Boots
[1/12/2016 20:4:4] /i New Pally Boots
[1/12/2016 20:4:15] /i backpack
[1/12/2016 20:4:29] /i backpack
[1/12/2016 20:4:39] /i New Pally Shield 
[1/12/2016 20:4:40] /i New Pally Shield 
[1/12/2016 20:4:41] /i New Pally Shield 
[1/12/2016 20:4:41] /i New Pally Shield 
[1/12/2016 20:4:41] /i New Pally Shield 
[1/12/2016 20:4:42] /i New Pally Shield 
[1/12/2016 20:4:42] /i New Pally Shield 
[1/12/2016 20:4:43] /i New Pally Shield 
[1/12/2016 20:4:43] /i New Pally Shield 
[1/12/2016 20:4:43] /i New Pally Shield 
[1/12/2016 20:4:43] /i New Pally Shield 
[1/12/2016 20:4:44] /i New Pally Shield 
[1/12/2016 20:4:44] /i New Pally Shield 
[1/12/2016 20:4:44] /i New Pally Shield 
[1/12/2016 20:4:45] /i New Pally Shield 
[1/12/2016 20:4:45] /i New Pally Shield 
[1/12/2016 20:4:45] /i New Pally Shield 
[1/12/2016 20:4:46] /i New Pally Shield 
[1/12/2016 20:4:46] /i New Pally Shield 
[1/12/2016 20:4:47] /i New Pally Shield 
[1/12/2016 20:4:51] /i backpack
[1/12/2016 20:5:12] /i Stamina Infinita
[1/12/2016 20:5:12] /i Stamina Infinita
[1/12/2016 20:5:13] /i Stamina Infinita
[1/12/2016 20:5:13] /i Stamina Infinita
[1/12/2016 20:5:13] /i Stamina Infinita
[1/12/2016 20:5:13] /i Stamina Infinita
[1/12/2016 20:5:14] /i Stamina Infinita
[1/12/2016 20:5:14] /i Stamina Infinita
[1/12/2016 20:5:14] /i Stamina Infinita
[1/12/2016 20:5:14] /i Stamina Infinita
[1/12/2016 20:5:14] /i Stamina Infinita
[1/12/2016 20:5:14] /i Stamina Infinita
[1/12/2016 20:5:15] /i Stamina Infinita
[1/12/2016 20:5:15] /i Stamina Infinita
[1/12/2016 20:5:15] /i Stamina Infinita
[1/12/2016 20:5:16] /i Stamina Infinita
[1/12/2016 20:5:16] /i Stamina Infinita
[1/12/2016 20:5:16] /i Stamina Infinita
[1/12/2016 20:5:16] /i Stamina Infinita
[1/12/2016 20:5:17] /i Stamina Infinita
[1/12/2016 20:5:24] /i backpack
[1/12/2016 20:5:35] /i New Mage Ring
[1/12/2016 20:5:35] /i New Mage Ring
[1/12/2016 20:5:35] /i New Mage Ring
[1/12/2016 20:5:35] /i New Mage Ring
[1/12/2016 20:5:35] /i New Mage Ring
[1/12/2016 20:5:36] /i New Mage Ring
[1/12/2016 20:5:36] /i New Mage Ring
[1/12/2016 20:5:36] /i New Mage Ring
[1/12/2016 20:5:36] /i New Mage Ring
[1/12/2016 20:5:36] /i New Mage Ring
[1/12/2016 20:5:37] /i New Mage Ring
[1/12/2016 20:5:37] /i New Mage Ring
[1/12/2016 20:5:37] /i New Mage Ring
[1/12/2016 20:5:37] /i New Mage Ring
[1/12/2016 20:5:37] /i New Mage Ring
[1/12/2016 20:5:38] /i New Mage Ring
[1/12/2016 20:5:38] /i New Mage Ring
[1/12/2016 20:5:38] /i New Mage Ring
[1/12/2016 20:5:38] /i New Mage Ring
[1/12/2016 20:5:38] /i New Mage Ring
[1/12/2016 20:5:42] /i backpack
[1/12/2016 20:5:49] /i New Kina Ring
[1/12/2016 20:5:49] /i New Kina Ring
[1/12/2016 20:5:50] /i New Kina Ring
[1/12/2016 20:5:51] /i New Kina Ring
[1/12/2016 20:5:51] /i New Kina Ring
[1/12/2016 20:5:51] /i New Kina Ring
[1/12/2016 20:5:51] /i New Kina Ring
[1/12/2016 20:5:52] /i New Kina Ring
[1/12/2016 20:5:52] /i New Kina Ring
[1/12/2016 20:5:52] /i New Kina Ring
[1/12/2016 20:5:52] /i New Kina Ring
[1/12/2016 20:5:52] /i New Kina Ring
[1/12/2016 20:5:53] /i New Kina Ring
[1/12/2016 20:5:53] /i New Kina Ring
[1/12/2016 20:5:53] /i New Kina Ring
[1/12/2016 20:5:53] /i New Kina Ring
[1/12/2016 20:5:54] /i New Kina Ring
[1/12/2016 20:5:54] /i New Kina Ring
[1/12/2016 20:5:54] /i New Kina Ring
[1/12/2016 20:5:54] /i New Kina Ring
[1/12/2016 20:5:58] /i backpack
[1/12/2016 20:6:7] /i New Pally Ring 
[1/12/2016 20:6:12] /i New Pally Ring 
[1/12/2016 20:6:12] /i New Pally Ring 
[1/12/2016 20:6:12] /i New Pally Ring 
[1/12/2016 20:6:12] /i New Pally Ring 
[1/12/2016 20:6:13] /i New Pally Ring 
[1/12/2016 20:6:13] /i New Pally Ring 
[1/12/2016 20:6:13] /i New Pally Ring 
[1/12/2016 20:6:13] /i New Pally Ring 
[1/12/2016 20:6:13] /i New Pally Ring 
[1/12/2016 20:6:14] /i New Pally Ring 
[1/12/2016 20:6:14] /i New Pally Ring 
[1/12/2016 20:6:14] /i New Pally Ring 
[1/12/2016 20:6:14] /i New Pally Ring 
[1/12/2016 20:6:14] /i New Pally Ring 
[1/12/2016 20:6:15] /i New Pally Ring 
[1/12/2016 20:6:15] /i New Pally Ring 
[1/12/2016 20:6:15] /i New Pally Ring 
[1/12/2016 20:6:15] /i New Pally Ring 
[1/12/2016 20:6:16] /i New Pally Ring 
[1/12/2016 20:6:31] /i backpack
[1/12/2016 20:6:47] /i backpack
[1/12/2016 20:6:47] /i backpack
[1/12/2016 20:6:48] /i backpack
[1/12/2016 20:6:48] /i backpack
[1/12/2016 20:6:48] /i backpack
[1/12/2016 20:6:49] /i backpack
[1/12/2016 20:6:49] /i backpack
[1/12/2016 20:6:50] /i backpack
[1/12/2016 20:6:50] /i backpack
[1/12/2016 20:6:50] /i backpack
[1/12/2016 20:6:51] /i backpack
[1/12/2016 20:6:51] /i backpack
[1/12/2016 20:6:51] /i backpack
[1/12/2016 20:6:52] /i backpack
[1/12/2016 20:6:53] /i backpack
[1/12/2016 20:6:54] /i backpack
[1/12/2016 20:6:54] /i backpack
[1/12/2016 20:6:55] /i backpack
[1/12/2016 20:6:56] /i backpack
[1/12/2016 20:6:56] /i backpack
[1/12/2016 20:7:9] /i Double Exp
[1/12/2016 20:7:9] /i Double Exp
[1/12/2016 20:7:10] /i Double Exp
[1/12/2016 20:7:10] /i Double Exp
[1/12/2016 20:7:10] /i Double Exp
[1/12/2016 20:7:11] /i Double Exp
[1/12/2016 20:7:11] /i Double Exp
[1/12/2016 20:7:11] /i Double Exp
[1/12/2016 20:7:11] /i Double Exp
[1/12/2016 20:7:11] /i Double Exp
[1/12/2016 20:7:11] /i Double Exp
[1/12/2016 20:7:11] /i Double Exp
[1/12/2016 20:7:11] /i Double Exp
[1/12/2016 20:7:11] /i Double Exp
[1/12/2016 20:7:11] /i Double Exp
[1/12/2016 20:7:11] /i Double Exp
[1/12/2016 20:7:12] /i Double Exp
[1/12/2016 20:7:12] /i Double Exp
[1/12/2016 20:7:12] /i Double Exp
[1/12/2016 20:7:12] /i Double Exp
[1/12/2016 20:7:12] /i Double Exp
[1/12/2016 20:7:12] /i Double Exp
[1/12/2016 20:7:12] /i Double Exp
[1/12/2016 20:7:12] /i Double Exp
[1/12/2016 20:7:12] /i Double Exp
[1/12/2016 20:7:12] /i Double Exp
[1/12/2016 20:7:12] /i Double Exp
[1/12/2016 20:7:12] /i Double Exp
[1/12/2016 20:7:12] /i Double Exp
[1/12/2016 20:7:12] /i Double Exp
[1/12/2016 20:7:12] /i Double Exp
[1/12/2016 20:7:12] /i Double Exp
[1/12/2016 20:7:12] /i Double Exp
[1/12/2016 20:7:12] /i Double Exp
[1/12/2016 20:7:12] /i Double Exp
[1/12/2016 20:7:12] /i Double Exp
[1/12/2016 20:7:12] /i Double Exp
[1/12/2016 20:7:12] /i Double Exp
[1/12/2016 20:7:12] /i Double Exp
[1/12/2016 20:7:12] /i Double Exp
[1/12/2016 20:7:12] /i Double Exp
[1/12/2016 20:7:12] /i Double Exp
[1/12/2016 20:7:12] /i Double Exp
[1/12/2016 20:7:12] /i Double Exp
[1/12/2016 20:7:13] /i Double Exp
[1/12/2016 20:7:13] /i Double Exp
[1/12/2016 20:7:13] /i Double Exp
[1/12/2016 20:7:13] /i Double Exp
[1/12/2016 20:7:13] /i Double Exp
[1/12/2016 20:7:13] /i Double Exp
[1/12/2016 20:7:13] /i Double Exp
[1/12/2016 20:7:13] /i Double Exp
[1/12/2016 20:7:13] /i Double Exp
[1/12/2016 20:7:13] /i Double Exp
[1/12/2016 20:7:13] /i Double Exp
[1/12/2016 20:7:13] /i Double Exp
[1/12/2016 20:7:13] /i Double Exp
[1/12/2016 20:7:13] /i Double Exp
[1/12/2016 20:7:13] /i Double Exp
[1/12/2016 20:7:13] /i Double Exp
[1/12/2016 20:7:13] /i Double Exp
[1/12/2016 20:7:13] /i Double Exp
[1/12/2016 20:7:13] /i Double Exp
[1/12/2016 20:7:13] /i Double Exp
[1/12/2016 20:7:13] /i Double Exp
[1/12/2016 20:7:13] /i Double Exp
[1/12/2016 20:7:13] /i Double Exp
[1/12/2016 20:7:13] /i Double Exp
[1/12/2016 20:7:13] /i Double Exp
[1/12/2016 20:7:13] /i Double Exp
[1/12/2016 20:7:13] /i Double Exp
[1/12/2016 20:7:13] /i Double Exp
[1/12/2016 20:7:13] /i Double Exp
[1/12/2016 20:7:13] /i Double Exp
[1/12/2016 20:7:13] /i Double Exp
[1/12/2016 20:7:14] /i Double Exp
[1/12/2016 20:7:14] /i Double Exp
[1/12/2016 20:7:14] /i Double Exp
[1/12/2016 20:7:14] /i Double Exp
[1/12/2016 20:7:14] /i Double Exp
[1/12/2016 20:7:14] /i Double Exp
[1/12/2016 20:7:14] /i Double Exp
[1/12/2016 20:7:14] /i Double Exp
[1/12/2016 20:7:14] /i Double Exp
[1/12/2016 20:7:14] /i Double Exp
[1/12/2016 20:7:14] /i Double Exp
[1/12/2016 20:7:14] /i Double Exp
[1/12/2016 20:7:14] /i Double Exp
[1/12/2016 20:7:14] /i Double Exp
[1/12/2016 20:7:14] /i Double Exp
[1/12/2016 20:7:14] /i Double Exp
[1/12/2016 20:7:14] /i Double Exp
[1/12/2016 20:7:14] /i Double Exp
[1/12/2016 20:7:14] /i Double Exp
[1/12/2016 20:7:14] /i Double Exp
[1/12/2016 20:7:14] /i Double Exp
[1/12/2016 20:7:14] /i Double Exp
[1/12/2016 20:7:14] /i Double Exp
[1/12/2016 20:7:14] /i Double Exp
[1/12/2016 20:7:14] /i Double Exp
[1/12/2016 20:7:14] /i Double Exp
[1/12/2016 20:7:14] /i Double Exp
[1/12/2016 20:7:14] /i Double Exp
[1/12/2016 20:7:14] /i Double Exp
[1/12/2016 20:7:15] /i Double Exp
[1/12/2016 20:7:15] /i Double Exp
[1/12/2016 20:7:15] /i Double Exp
[1/12/2016 20:7:15] /i Double Exp
[1/12/2016 20:7:15] /i Double Exp
[1/12/2016 20:7:15] /i Double Exp
[1/12/2016 20:7:15] /i Double Exp
[1/12/2016 20:7:15] /i Double Exp
[1/12/2016 20:7:15] /i Double Exp
[1/12/2016 20:7:16] /i Double Exp
[1/12/2016 20:7:16] /i Double Exp
[1/12/2016 20:7:16] /i Double Exp
[1/12/2016 20:7:16] /i Double Exp
[1/12/2016 20:7:17] /i Double Exp
[1/12/2016 20:7:17] /i Double Exp
[1/12/2016 20:7:18] /i Double Exp
[1/12/2016 20:7:18] /i Double Exp
[1/12/2016 20:7:18] /i Double Exp
[1/12/2016 20:7:18] /i Double Exp
[1/12/2016 20:7:18] /i Double Exp
[1/12/2016 20:7:18] /i Double Exp
[1/12/2016 20:7:18] /i Double Exp
[1/12/2016 20:7:18] /i Double Exp
[1/12/2016 20:7:18] /i Double Exp
[1/12/2016 20:7:19] /i Double Exp
[1/12/2016 20:7:19] /i Double Exp
[1/12/2016 20:7:19] /i Double Exp
[1/12/2016 20:7:19] /i Double Exp
[1/12/2016 20:7:19] /i Double Exp
[1/12/2016 20:7:20] /i Double Exp
[1/12/2016 20:7:20] /i Double Exp
[1/12/2016 20:7:20] /i Double Exp
[1/12/2016 20:7:20] /i Double Exp
[1/12/2016 20:7:20] /i Double Exp
[1/12/2016 20:7:20] /i Double Exp
[1/12/2016 20:7:20] /i Double Exp
[1/12/2016 20:7:20] /i Double Exp
[1/12/2016 20:7:20] /i Double Exp
[1/12/2016 20:7:20] /i Double Exp
[1/12/2016 20:7:20] /i Double Exp
[1/12/2016 20:7:20] /i Double Exp
[1/12/2016 20:7:21] /i Double Exp
[1/12/2016 20:7:21] /i Double Exp
[1/12/2016 20:7:21] /i Double Exp
[1/12/2016 20:7:21] /i Double Exp
[1/12/2016 20:7:22] /i Double Exp
[1/12/2016 20:7:22] /i Double Exp
[1/12/2016 20:7:22] /i Double Exp
[1/12/2016 20:7:22] /i Double Exp
[1/12/2016 20:7:22] /i Double Exp
[1/12/2016 20:7:22] /i Double Exp
[1/12/2016 20:7:22] /i Double Exp
[1/12/2016 20:7:22] /i Double Exp
[1/12/2016 20:7:22] /i Double Exp
[1/12/2016 20:7:22] /i Double Exp
[1/12/2016 20:7:22] /i Double Exp
[1/12/2016 20:7:22] /i Double Exp
[1/12/2016 20:7:22] /i Double Exp
[1/12/2016 20:7:22] /i Double Exp
[1/12/2016 20:7:22] /i Double Exp
[1/12/2016 20:7:22] /i Double Exp
[1/12/2016 20:7:23] /i Double Exp
[1/12/2016 20:7:23] /i Double Exp
[1/12/2016 20:7:23] /i Double Exp
[1/12/2016 20:7:23] /i Double Exp
[1/12/2016 20:7:23] /i Double Exp
[1/12/2016 20:7:23] /i Double Exp
[1/12/2016 20:7:23] /i Double Exp
[1/12/2016 20:7:23] /i Double Exp
[1/12/2016 20:7:23] /i Double Exp
[1/12/2016 20:7:23] /i Double Exp
[1/12/2016 20:7:23] /i Double Exp
[1/12/2016 20:7:23] /i Double Exp
[1/12/2016 20:7:23] /i Double Exp
[1/12/2016 20:7:23] /i Double Exp
[1/12/2016 20:7:23] /i Double Exp
[1/12/2016 20:7:23] /i Double Exp
[1/12/2016 20:7:23] /i Double Exp
[1/12/2016 20:7:23] /i Double Exp
[1/12/2016 20:7:24] /i Double Exp
[1/12/2016 20:7:24] /i Double Exp
[1/12/2016 20:7:24] /i Double Exp
[1/12/2016 20:7:24] /i Double Exp
[1/12/2016 20:7:24] /i Double Exp
[1/12/2016 20:7:24] /i Double Exp
[1/12/2016 20:7:24] /i Double Exp
[1/12/2016 20:7:24] /i Double Exp
[1/12/2016 20:7:25] /i Double Exp
[1/12/2016 20:7:25] /i Double Exp
[1/12/2016 20:7:25] /i Double Exp
[1/12/2016 20:7:25] /i Double Exp
[1/12/2016 20:7:25] /i Double Exp
[1/12/2016 20:7:25] /i Double Exp
[1/12/2016 20:7:25] /i Double Exp
[1/12/2016 20:7:25] /i Double Exp
[1/12/2016 20:7:25] /i Double Exp
[1/12/2016 20:7:25] /i Double Exp
[1/12/2016 20:7:25] /i Double Exp
[1/12/2016 20:7:25] /i Double Exp
[1/12/2016 20:7:25] /i Double Exp
[1/12/2016 20:7:25] /i Double Exp
[1/12/2016 20:7:25] /i Double Exp
[1/12/2016 20:7:25] /i Double Exp
[1/12/2016 20:7:25] /i Double Exp
[1/12/2016 20:7:25] /i Double Exp
[1/12/2016 20:7:25] /i Double Exp
[1/12/2016 20:7:25] /i Double Exp
[1/12/2016 20:7:25] /i Double Exp
[1/12/2016 20:7:25] /i Double Exp
[1/12/2016 20:7:25] /i Double Exp
[1/12/2016 20:7:25] /i Double Exp
[1/12/2016 20:7:25] /i Double Exp
[1/12/2016 20:7:25] /i Double Exp
[1/12/2016 20:7:25] /i Double Exp
[1/12/2016 20:7:25] /i Double Exp
[1/12/2016 20:7:25] /i Double Exp
[1/12/2016 20:7:26] /i Double Exp
[1/12/2016 20:7:26] /i Double Exp
[1/12/2016 20:7:26] /i Double Exp
[1/12/2016 20:7:26] /i Double Exp
[1/12/2016 20:7:26] /i Double Exp
[1/12/2016 20:7:26] /i Double Exp
[1/12/2016 20:7:26] /i Double Exp
[1/12/2016 20:7:26] /i Double Exp
[1/12/2016 20:7:26] /i Double Exp
[1/12/2016 20:7:26] /i Double Exp
[1/12/2016 20:7:26] /i Double Exp
[1/12/2016 20:7:26] /i Double Exp
[1/12/2016 20:7:26] /i Double Exp
[1/12/2016 20:7:26] /i Double Exp
[1/12/2016 20:7:26] /i Double Exp
[1/12/2016 20:7:26] /i Double Exp
[1/12/2016 20:7:26] /i Double Exp
[1/12/2016 20:7:26] /i Double Exp
[1/12/2016 20:7:26] /i Double Exp
[1/12/2016 20:7:26] /i Double Exp
[1/12/2016 20:7:26] /i Double Exp
[1/12/2016 20:7:26] /i Double Exp
[1/12/2016 20:7:26] /i Double Exp
[1/12/2016 20:7:26] /i Double Exp
[1/12/2016 20:7:26] /i Double Exp
[1/12/2016 20:7:26] /i Double Exp
[1/12/2016 20:7:26] /i Double Exp
[1/12/2016 20:7:27] /i Double Exp
[1/12/2016 20:7:27] /i Double Exp
[1/12/2016 20:7:27] /i Double Exp
[1/12/2016 20:7:27] /i Double Exp
[1/12/2016 20:7:27] /i Double Exp
[1/12/2016 20:7:27] /i Double Exp
[1/12/2016 20:7:27] /i Double Exp
[1/12/2016 20:7:27] /i Double Exp
[1/12/2016 20:7:27] /i Double Exp
[1/12/2016 20:7:27] /i Double Exp
[1/12/2016 20:7:27] /i Double Exp
[1/12/2016 20:7:27] /i Double Exp
[1/12/2016 20:7:27] /i Double Exp
[1/12/2016 20:7:27] /i Double Exp
[1/12/2016 20:7:27] /i Double Exp
[1/12/2016 20:7:27] /i Double Exp
[1/12/2016 20:7:27] /i Double Exp
[1/12/2016 20:7:27] /i Double Exp
[1/12/2016 20:7:27] /i Double Exp
[1/12/2016 20:7:27] /i Double Exp
[1/12/2016 20:7:27] /i Double Exp
[1/12/2016 20:7:27] /i Double Exp
[1/12/2016 20:7:27] /i Double Exp
[1/12/2016 20:7:27] /i Double Exp
[1/12/2016 20:7:27] /i Double Exp
[1/12/2016 20:7:27] /i Double Exp
[1/12/2016 20:7:27] /i Double Exp
[1/12/2016 20:7:27] /i Double Exp
[1/12/2016 20:7:27] /i Double Exp
[1/12/2016 20:7:27] /i Double Exp
[1/12/2016 20:7:27] /i Double Exp
[1/12/2016 20:7:27] /i Double Exp
[1/12/2016 20:7:27] /i Double Exp
[1/12/2016 20:7:28] /i Double Exp
[1/12/2016 20:7:28] /i Double Exp
[1/12/2016 20:7:28] /i Double Exp
[1/12/2016 20:7:28] /i Double Exp
[1/12/2016 20:7:28] /i Double Exp
[1/12/2016 20:7:28] /i Double Exp
[1/12/2016 20:7:28] /i Double Exp
[1/12/2016 20:7:28] /i Double Exp
[1/12/2016 20:7:28] /i Double Exp
[1/12/2016 20:7:28] /i Double Exp
[1/12/2016 20:7:28] /i Double Exp
[1/12/2016 20:7:28] /i Double Exp
[1/12/2016 20:7:28] /i Double Exp
[1/12/2016 20:7:28] /i Double Exp
[1/12/2016 20:7:28] /i Double Exp
[1/12/2016 20:7:28] /i Double Exp
[1/12/2016 20:7:28] /i Double Exp
[1/12/2016 20:7:28] /i Double Exp
[1/12/2016 20:7:28] /i Double Exp
[1/12/2016 20:7:28] /i Double Exp
[1/12/2016 20:7:28] /i Double Exp
[1/12/2016 20:7:28] /i Double Exp
[1/12/2016 20:7:28] /i Double Exp
[1/12/2016 20:7:28] /i Double Exp
[1/12/2016 20:7:28] /i Double Exp
[1/12/2016 20:7:28] /i Double Exp
[1/12/2016 20:7:28] /i Double Exp
[1/12/2016 20:7:28] /i Double Exp
[1/12/2016 20:7:28] /i Double Exp
[1/12/2016 20:7:28] /i Double Exp
[1/12/2016 20:7:28] /i Double Exp
[1/12/2016 20:7:29] /i Double Exp
[1/12/2016 20:7:29] /i Double Exp
[1/12/2016 20:7:29] /i Double Exp
[1/12/2016 20:7:29] /i Double Exp
[1/12/2016 20:7:29] /i Double Exp
[1/12/2016 20:7:29] /i Double Exp
[1/12/2016 20:7:29] /i Double Exp
[1/12/2016 20:7:29] /i Double Exp
[1/12/2016 20:7:29] /i Double Exp
[1/12/2016 20:7:29] /i Double Exp
[1/12/2016 20:7:29] /i Double Exp
[1/12/2016 20:7:29] /i Double Exp
[1/12/2016 20:7:30] /i Double Exp
[1/12/2016 20:7:30] /i Double Exp
[1/12/2016 20:7:31] /i Double Exp
[1/12/2016 20:7:31] /i Double Exp
[1/12/2016 20:7:31] /i Double Exp
[1/12/2016 20:7:31] /i Double Exp
[1/12/2016 20:7:32] /i Double Exp
[1/12/2016 20:7:32] /i Double Exp
[1/12/2016 20:7:32] /i Double Exp
[1/12/2016 20:7:32] /i Double Exp
[1/12/2016 20:7:32] /i Double Exp
[1/12/2016 20:7:32] /i Double Exp
[1/12/2016 20:7:32] /i Double Exp
[1/12/2016 20:7:32] /i Double Exp
[1/12/2016 20:7:32] /i Double Exp
[1/12/2016 20:7:32] /i Double Exp
[1/12/2016 20:7:32] /i Double Exp
[1/12/2016 20:7:32] /i Double Exp
[1/12/2016 20:7:32] /i Double Exp
[1/12/2016 20:7:32] /i Double Exp
[1/12/2016 20:7:32] /i Double Exp
[1/12/2016 20:7:32] /i Double Exp
[1/12/2016 20:7:32] /i Double Exp
[1/12/2016 20:7:33] /i Double Exp
[1/12/2016 20:7:33] /i Double Exp
[1/12/2016 20:7:33] /i Double Exp
[1/12/2016 20:7:33] /i Double Exp
[1/12/2016 20:7:33] /i Double Exp
[1/12/2016 20:7:33] /i Double Exp
[1/12/2016 20:7:33] /i Double Exp
[1/12/2016 20:7:33] /i Double Exp
[1/12/2016 20:7:33] /i Double Exp
[1/12/2016 20:7:33] /i Double Exp
[1/12/2016 20:7:33] /i Double Exp
[1/12/2016 20:7:33] /i Double Exp
[1/12/2016 20:7:33] /i Double Exp
[1/12/2016 20:7:33] /i Double Exp
[1/12/2016 20:7:33] /i Double Exp
[1/12/2016 20:7:33] /i Double Exp
[1/12/2016 20:7:33] /i Double Exp
[1/12/2016 20:7:33] /i Double Exp
[1/12/2016 20:7:33] /i Double Exp
[1/12/2016 20:7:33] /i Double Exp
[1/12/2016 20:7:33] /i Double Exp
[1/12/2016 20:7:33] /i Double Exp
[1/12/2016 20:7:33] /i Double Exp
[1/12/2016 20:7:33] /i Double Exp
[1/12/2016 20:7:33] /i Double Exp
[1/12/2016 20:7:33] /i Double Exp
[1/12/2016 20:7:33] /i Double Exp
[1/12/2016 20:7:33] /i Double Exp
[1/12/2016 20:7:33] /i Double Exp
[1/12/2016 20:7:33] /i Double Exp
[1/12/2016 20:7:33] /i Double Exp
[1/12/2016 20:7:33] /i Double Exp
[1/12/2016 20:7:33] /i Double Exp
[1/12/2016 20:7:33] /i Double Exp
[1/12/2016 20:7:34] /i Double Exp
[1/12/2016 20:7:34] /i Double Exp
[1/12/2016 20:7:34] /i Double Exp
[1/12/2016 20:7:34] /i Double Exp
[1/12/2016 20:7:35] /i Double Exp
[1/12/2016 20:7:36] /i Double Exp
[1/12/2016 20:7:36] /i Double Exp
[1/12/2016 20:7:36] /i Double Exp
[1/12/2016 20:7:36] /i Double Exp
[1/12/2016 20:7:37] /i Double Exp
[1/12/2016 20:7:56] /i backpack
[1/12/2016 20:8:11] /i Cave Exclusiva 
[1/12/2016 20:8:11] /i Cave Exclusiva 
[1/12/2016 20:8:12] /i Cave Exclusiva 
[1/12/2016 20:8:12] /i Cave Exclusiva 
[1/12/2016 20:8:12] /i Cave Exclusiva 
[1/12/2016 20:8:12] /i Cave Exclusiva 
[1/12/2016 20:8:12] /i Cave Exclusiva 
[1/12/2016 20:8:13] /i Cave Exclusiva 
[1/12/2016 20:8:13] /i Cave Exclusiva 
[1/12/2016 20:8:13] /i Cave Exclusiva 
[1/12/2016 20:8:13] /i Cave Exclusiva 
[1/12/2016 20:8:13] /i Cave Exclusiva 
[1/12/2016 20:8:14] /i Cave Exclusiva 
[1/12/2016 20:8:14] /i Cave Exclusiva 
[1/12/2016 20:8:14] /i Cave Exclusiva 
[1/12/2016 20:8:14] /i Cave Exclusiva 
[1/12/2016 20:8:14] /i Cave Exclusiva 
[1/12/2016 20:8:14] /i Cave Exclusiva 
[1/12/2016 20:8:15] /i Cave Exclusiva 
[1/12/2016 20:8:15] /i Cave Exclusiva 
[1/12/2016 20:8:22] /i backpack
[1/12/2016 20:8:33] /i Dodge Stone
[1/12/2016 20:8:33] /i Dodge Stone
[1/12/2016 20:8:33] /i Dodge Stone
[1/12/2016 20:8:33] /i Dodge Stone
[1/12/2016 20:8:33] /i Dodge Stone
[1/12/2016 20:8:33] /i Dodge Stone
[1/12/2016 20:8:33] /i Dodge Stone
[1/12/2016 20:8:33] /i Dodge Stone
[1/12/2016 20:8:33] /i Dodge Stone
[1/12/2016 20:8:33] /i Dodge Stone
[1/12/2016 20:8:33] /i Dodge Stone
[1/12/2016 20:8:33] /i Dodge Stone
[1/12/2016 20:8:33] /i Dodge Stone
[1/12/2016 20:8:41] /i Dodge Stone
[1/12/2016 20:8:42] /i Dodge Stone
[1/12/2016 20:8:42] /i Dodge Stone
[1/12/2016 20:8:42] /i Dodge Stone
[1/12/2016 20:8:43] /i Dodge Stone
[1/12/2016 20:8:44] /i Dodge Stone
[1/12/2016 20:8:44] /i Dodge Stone
[1/12/2016 20:8:45] /i Dodge Stone
[1/12/2016 20:8:49] /i backpack
[1/12/2016 20:9:5] /i Critical Stone
[1/12/2016 20:9:6] /i Critical Stone
[1/12/2016 20:9:6] /i Critical Stone
[1/12/2016 20:9:6] /i Critical Stone
[1/12/2016 20:9:13] /i Critical Stone
[1/12/2016 20:9:13] /i Critical Stone
[1/12/2016 20:9:14] /i Critical Stone
[1/12/2016 20:9:14] /i Critical Stone
[1/12/2016 20:9:14] /i Critical Stone
[1/12/2016 20:9:14] /i Critical Stone
[1/12/2016 20:9:14] /i Critical Stone
[1/12/2016 20:9:14] /i Critical Stone
[1/12/2016 20:9:15] /i Critical Stone
[1/12/2016 20:9:15] /i Critical Stone
[1/12/2016 20:9:15] /i Critical Stone
[1/12/2016 20:9:15] /i Critical Stone
[1/12/2016 20:9:15] /i Critical Stone
[1/12/2016 20:9:16] /i Critical Stone
[1/12/2016 20:9:16] /i Critical Stone
[1/12/2016 20:11:1] /goto milambi
[1/12/2016 20:11:13] /goto mama
[2/12/2016 12:42:41] /goto matei
[2/12/2016 12:42:47] /a 20
[2/12/2016 12:42:49] /a 20
[2/12/2016 12:42:50] /a 20
[2/12/2016 12:42:57] /a 10
[2/12/2016 12:43:4] /c matei
[2/12/2016 12:43:7] /c kanaite
[2/12/2016 12:45:23] /goto george
[2/12/2016 12:45:32] /goto bella
[2/12/2016 12:45:35] /goto diferentao
[2/12/2016 12:45:55] /goto diferentao
[2/12/2016 12:47:33] /goto frita cabrita
[2/12/2016 12:47:36] /goto nick
[2/12/2016 12:47:40] /goto bradock
[2/12/2016 12:47:51] /goto ninex
[2/12/2016 12:48:9] /goto skaadodle
[2/12/2016 12:48:20] /goto thorbrito
[2/12/2016 12:48:25] /goto mama
[2/12/2016 12:57:2] /i backpack
[2/12/2016 12:57:11] /i double exp
[2/12/2016 12:57:13] /i double exp
[2/12/2016 12:57:13] /i double exp
[2/12/2016 12:57:13] /i double exp
[2/12/2016 12:57:14] /i double exp
[2/12/2016 12:57:14] /i double exp
[2/12/2016 12:57:15] /i double exp
[2/12/2016 12:57:15] /i double exp
[2/12/2016 12:57:15] /i double exp
[2/12/2016 12:57:16] /i double exp
[2/12/2016 12:57:16] /i double exp
[2/12/2016 12:57:17] /i double exp
[2/12/2016 12:57:18] /i double exp
[2/12/2016 12:57:18] /i double exp
[2/12/2016 12:57:18] /i double exp
[2/12/2016 12:57:19] /i double exp
[2/12/2016 12:57:19] /i double exp
[2/12/2016 12:57:19] /i double exp
[2/12/2016 12:57:20] /i double exp
[2/12/2016 12:57:20] /i double exp
[2/12/2016 12:57:40] /i backpack
[2/12/2016 12:57:42] /i double exp
[2/12/2016 12:57:42] /i double exp
[2/12/2016 12:57:43] /i double exp
[2/12/2016 12:57:44] /i double exp
[2/12/2016 12:57:45] /i double exp
[2/12/2016 12:57:45] /i double exp
[2/12/2016 12:57:46] /i double exp
[2/12/2016 12:57:46] /i double exp
[2/12/2016 12:57:46] /i double exp
[2/12/2016 12:57:48] /i double exp
[2/12/2016 12:57:48] /i double exp
[2/12/2016 12:57:48] /i double exp
[2/12/2016 12:57:49] /i double exp
[2/12/2016 12:57:49] /i double exp
[2/12/2016 12:57:50] /i backpack
[2/12/2016 12:57:50] /i backpack
[2/12/2016 12:57:51] /i backpack
[2/12/2016 12:57:51] /i backpack
[2/12/2016 12:57:51] /i backpack
[2/12/2016 12:57:52] /i backpack
[2/12/2016 12:58:1] /i double exp
[2/12/2016 12:58:5] /i double exp
[2/12/2016 12:58:5] /i double exp
[2/12/2016 12:58:6] /i double exp
[2/12/2016 12:58:7] /i double exp
[2/12/2016 12:58:7] /i double exp
[2/12/2016 12:58:15] /goto matei
[2/12/2016 12:58:38] /goto kanaite
[2/12/2016 12:58:57] /goto mama
[2/12/2016 13:1:50] /goto thorbrito
[2/12/2016 13:2:7] /goto mama
[2/12/2016 13:2:17] /kick thorbrito
[2/12/2016 13:2:43] /goto rorse
[2/12/2016 13:2:48] /goto sidy
[2/12/2016 13:2:59] /goto bella
[2/12/2016 13:3:4] /goto frita cabrita
[2/12/2016 13:3:11] /goto bradock
[2/12/2016 13:6:7] /goto bradock
[2/12/2016 13:6:36] /a 10
[2/12/2016 13:6:40] /a 5
[2/12/2016 13:6:41] /a 5
[2/12/2016 13:7:3] /c matei
[2/12/2016 13:7:44] /c kanaite
[2/12/2016 13:9:19] /t
[2/12/2016 13:9:26] /a 2
[2/12/2016 13:9:28] /a 2
[2/12/2016 13:10:27] /c matei
[2/12/2016 13:10:29] /c kanaite
[2/12/2016 13:11:6] /c cave exclusiva
[2/12/2016 13:11:13] /i cave exclusiva
[2/12/2016 13:11:19] /goto matei
[2/12/2016 13:11:32] /goto mama
[2/12/2016 13:24:2] /goto supreme
[2/12/2016 13:24:8] /goto jheery
[2/12/2016 13:24:16] /goto executor
[2/12/2016 13:24:25] /goto diferentao
[2/12/2016 13:24:30] /goto mama
[2/12/2016 14:10:16] !mc
[2/12/2016 14:31:21] /goto ninex
[2/12/2016 14:31:26] /goto ninex
[2/12/2016 14:31:37] /goto thorbrito
[2/12/2016 14:31:44] /goto big mayke
[2/12/2016 14:31:51] /goto hozier
[2/12/2016 14:35:23] /c matei
[2/12/2016 14:37:4] /goto nick
[2/12/2016 15:38:25] /goto frita cabrita
[2/12/2016 15:39:13] /goto ninex
[2/12/2016 15:39:21] /goto big mayke
[2/12/2016 15:39:30] /goto Alerquina Encapetada
[2/12/2016 15:39:42] /goto george
[2/12/2016 15:39:54] /goto nick
[2/12/2016 15:40:0] /goto mama
