This file contains any messages produced by compilers while
running configure, to aid debugging if configure makes a mistake.

It was created by OTXServer configure 2.5, which was
generated by GNU Autoconf 2.68.  Invocation command line was

  $ ./configure --enable-server-diag --enable-mysql --enable-root-permission

## --------- ##
## Platform. ##
## --------- ##

hostname = ribeirot
uname -m = x86_64
uname -r = 2.6.32-042stab116.2
uname -s = Linux
uname -v = #1 SMP Fri Jun 24 15:33:57 MSK 2016

/usr/bin/uname -p = unknown
/bin/uname -X     = unknown

/bin/arch              = unknown
/usr/bin/arch -k       = unknown
/usr/convex/getsysinfo = unknown
/usr/bin/hostinfo      = unknown
/bin/machine           = unknown
/usr/bin/oslevel       = unknown
/bin/universe          = unknown

PATH: /usr/local/sbin
PATH: /usr/local/bin
PATH: /usr/sbin
PATH: /usr/bin
PATH: /sbin
PATH: /bin
PATH: /usr/games


## ----------- ##
## Core tests. ##
## ----------- ##

configure:2424: checking for a BSD-compatible install
configure:2492: result: /usr/bin/install -c
configure:2503: checking whether build environment is sane
configure:2553: result: yes
configure:2694: checking for a thread-safe mkdir -p
configure:2733: result: /bin/mkdir -p
configure:2746: checking for gawk
configure:2762: found /usr/bin/gawk
configure:2773: result: gawk
configure:2784: checking whether make sets $(MAKE)
configure:2806: result: yes
configure:2835: checking whether make supports nested variables
configure:2852: result: yes
configure:2939: checking whether make supports nested variables
configure:2956: result: yes
configure:3026: checking for g++
configure:3042: found /usr/bin/g++
configure:3053: result: g++
configure:3080: checking for C++ compiler version
configure:3089: g++ --version >&5
g++ (Ubuntu/Linaro 4.6.3-1ubuntu5) 4.6.3
Copyright (C) 2011 Free Software Foundation, Inc.
This is free software; see the source for copying conditions.  There is NO
warranty; not even for MERCHANTABILITY or FITNESS FOR A PARTICULAR PURPOSE.

configure:3100: $? = 0
configure:3089: g++ -v >&5
Using built-in specs.
COLLECT_GCC=g++
COLLECT_LTO_WRAPPER=/usr/lib/gcc/x86_64-linux-gnu/4.6/lto-wrapper
Target: x86_64-linux-gnu
Configured with: ../src/configure -v --with-pkgversion='Ubuntu/Linaro 4.6.3-1ubuntu5' --with-bugurl=file:///usr/share/doc/gcc-4.6/README.Bugs --enable-languages=c,c++,fortran,objc,obj-c++ --prefix=/usr --program-suffix=-4.6 --enable-shared --enable-linker-build-id --with-system-zlib --libexecdir=/usr/lib --without-included-gettext --enable-threads=posix --with-gxx-include-dir=/usr/include/c++/4.6 --libdir=/usr/lib --enable-nls --with-sysroot=/ --enable-clocale=gnu --enable-libstdcxx-debug --enable-libstdcxx-time=yes --enable-gnu-unique-object --enable-plugin --enable-objc-gc --disable-werror --with-arch-32=i686 --with-tune=generic --enable-checking=release --build=x86_64-linux-gnu --host=x86_64-linux-gnu --target=x86_64-linux-gnu
Thread model: posix
gcc version 4.6.3 (Ubuntu/Linaro 4.6.3-1ubuntu5) 
configure:3100: $? = 0
configure:3089: g++ -V >&5
g++: error: unrecognized option '-V'
g++: fatal error: no input files
compilation terminated.
configure:3100: $? = 4
configure:3089: g++ -qversion >&5
g++: error: unrecognized option '-qversion'
g++: fatal error: no input files
compilation terminated.
configure:3100: $? = 4
configure:3120: checking whether the C++ compiler works
configure:3142: g++    conftest.cpp  >&5
configure:3146: $? = 0
configure:3194: result: yes
configure:3197: checking for C++ compiler default output file name
configure:3199: result: a.out
configure:3205: checking for suffix of executables
configure:3212: g++ -o conftest    conftest.cpp  >&5
configure:3216: $? = 0
configure:3238: result: 
configure:3260: checking whether we are cross compiling
configure:3268: g++ -o conftest    conftest.cpp  >&5
configure:3272: $? = 0
configure:3279: ./conftest
configure:3283: $? = 0
configure:3298: result: no
configure:3303: checking for suffix of object files
configure:3325: g++ -c   conftest.cpp >&5
configure:3329: $? = 0
configure:3350: result: o
configure:3354: checking whether we are using the GNU C++ compiler
configure:3373: g++ -c   conftest.cpp >&5
configure:3373: $? = 0
configure:3382: result: yes
configure:3391: checking whether g++ accepts -g
configure:3411: g++ -c -g  conftest.cpp >&5
configure:3411: $? = 0
configure:3452: result: yes
configure:3486: checking for style of include used by make
configure:3514: result: GNU
configure:3540: checking dependency style of g++
configure:3651: result: gcc3
configure:3934: checking how to run the C++ preprocessor
configure:3961: g++ -E  conftest.cpp
configure:3961: $? = 0
configure:3975: g++ -E  conftest.cpp
conftest.cpp:11:28: fatal error: ac_nonexistent.h: No such file or directory
compilation terminated.
configure:3975: $? = 1
configure: failed program was:
| /* confdefs.h */
| #define PACKAGE_NAME "OTXServer"
| #define PACKAGE_TARNAME "otxserver"
| #define PACKAGE_VERSION "2.5"
| #define PACKAGE_STRING "OTXServer 2.5"
| #define PACKAGE_BUGREPORT ""
| #define PACKAGE_URL ""
| #define PACKAGE "otxserver"
| #define VERSION "2.5"
| /* end confdefs.h.  */
| #include <ac_nonexistent.h>
configure:4000: result: g++ -E
configure:4020: g++ -E  conftest.cpp
configure:4020: $? = 0
configure:4034: g++ -E  conftest.cpp
conftest.cpp:11:28: fatal error: ac_nonexistent.h: No such file or directory
compilation terminated.
configure:4034: $? = 1
configure: failed program was:
| /* confdefs.h */
| #define PACKAGE_NAME "OTXServer"
| #define PACKAGE_TARNAME "otxserver"
| #define PACKAGE_VERSION "2.5"
| #define PACKAGE_STRING "OTXServer 2.5"
| #define PACKAGE_BUGREPORT ""
| #define PACKAGE_URL ""
| #define PACKAGE "otxserver"
| #define VERSION "2.5"
| /* end confdefs.h.  */
| #include <ac_nonexistent.h>
configure:4063: checking for grep that handles long lines and -e
configure:4121: result: /bin/grep
configure:4126: checking for egrep
configure:4188: result: /bin/grep -E
configure:4193: checking for ANSI C header files
configure:4213: g++ -c -g -O2  conftest.cpp >&5
configure:4213: $? = 0
configure:4286: g++ -o conftest -g -O2   conftest.cpp  >&5
configure:4286: $? = 0
configure:4286: ./conftest
configure:4286: $? = 0
configure:4297: result: yes
configure:4310: checking for sys/types.h
configure:4310: g++ -c -g -O2  conftest.cpp >&5
configure:4310: $? = 0
configure:4310: result: yes
configure:4310: checking for sys/stat.h
configure:4310: g++ -c -g -O2  conftest.cpp >&5
configure:4310: $? = 0
configure:4310: result: yes
configure:4310: checking for stdlib.h
configure:4310: g++ -c -g -O2  conftest.cpp >&5
configure:4310: $? = 0
configure:4310: result: yes
configure:4310: checking for string.h
configure:4310: g++ -c -g -O2  conftest.cpp >&5
configure:4310: $? = 0
configure:4310: result: yes
configure:4310: checking for memory.h
configure:4310: g++ -c -g -O2  conftest.cpp >&5
configure:4310: $? = 0
configure:4310: result: yes
configure:4310: checking for strings.h
configure:4310: g++ -c -g -O2  conftest.cpp >&5
configure:4310: $? = 0
configure:4310: result: yes
configure:4310: checking for inttypes.h
configure:4310: g++ -c -g -O2  conftest.cpp >&5
configure:4310: $? = 0
configure:4310: result: yes
configure:4310: checking for stdint.h
configure:4310: g++ -c -g -O2  conftest.cpp >&5
configure:4310: $? = 0
configure:4310: result: yes
configure:4310: checking for unistd.h
configure:4310: g++ -c -g -O2  conftest.cpp >&5
configure:4310: $? = 0
configure:4310: result: yes
configure:4325: checking arpa/inet.h usability
configure:4325: g++ -c -g -O2  conftest.cpp >&5
configure:4325: $? = 0
configure:4325: result: yes
configure:4325: checking arpa/inet.h presence
configure:4325: g++ -E  conftest.cpp
configure:4325: $? = 0
configure:4325: result: yes
configure:4325: checking for arpa/inet.h
configure:4325: result: yes
configure:4325: checking netdb.h usability
configure:4325: g++ -c -g -O2  conftest.cpp >&5
configure:4325: $? = 0
configure:4325: result: yes
configure:4325: checking netdb.h presence
configure:4325: g++ -E  conftest.cpp
configure:4325: $? = 0
configure:4325: result: yes
configure:4325: checking for netdb.h
configure:4325: result: yes
configure:4325: checking netinet/in.h usability
configure:4325: g++ -c -g -O2  conftest.cpp >&5
configure:4325: $? = 0
configure:4325: result: yes
configure:4325: checking netinet/in.h presence
configure:4325: g++ -E  conftest.cpp
configure:4325: $? = 0
configure:4325: result: yes
configure:4325: checking for netinet/in.h
configure:4325: result: yes
configure:4325: checking stddef.h usability
configure:4325: g++ -c -g -O2  conftest.cpp >&5
configure:4325: $? = 0
configure:4325: result: yes
configure:4325: checking stddef.h presence
configure:4325: g++ -E  conftest.cpp
configure:4325: $? = 0
configure:4325: result: yes
configure:4325: checking for stddef.h
configure:4325: result: yes
configure:4325: checking for stdint.h
configure:4325: result: yes
configure:4325: checking for stdlib.h
configure:4325: result: yes
configure:4325: checking sys/socket.h usability
configure:4325: g++ -c -g -O2  conftest.cpp >&5
configure:4325: $? = 0
configure:4325: result: yes
configure:4325: checking sys/socket.h presence
configure:4325: g++ -E  conftest.cpp
configure:4325: $? = 0
configure:4325: result: yes
configure:4325: checking for sys/socket.h
configure:4325: result: yes
configure:4325: checking sys/timeb.h usability
configure:4325: g++ -c -g -O2  conftest.cpp >&5
configure:4325: $? = 0
configure:4325: result: yes
configure:4325: checking sys/timeb.h presence
configure:4325: g++ -E  conftest.cpp
configure:4325: $? = 0
configure:4325: result: yes
configure:4325: checking for sys/timeb.h
configure:4325: result: yes
configure:4337: checking for stdbool.h that conforms to C99
configure:4404: g++ -c -g -O2  conftest.cpp >&5
configure:4404: $? = 0
configure:4411: result: yes
configure:4413: checking for _Bool
configure:4413: g++ -c -g -O2  conftest.cpp >&5
conftest.cpp: In function 'int main()':
conftest.cpp:65:13: error: '_Bool' was not declared in this scope
configure:4413: $? = 1
configure: failed program was:
| /* confdefs.h */
| #define PACKAGE_NAME "OTXServer"
| #define PACKAGE_TARNAME "otxserver"
| #define PACKAGE_VERSION "2.5"
| #define PACKAGE_STRING "OTXServer 2.5"
| #define PACKAGE_BUGREPORT ""
| #define PACKAGE_URL ""
| #define PACKAGE "otxserver"
| #define VERSION "2.5"
| #define STDC_HEADERS 1
| #define HAVE_SYS_TYPES_H 1
| #define HAVE_SYS_STAT_H 1
| #define HAVE_STDLIB_H 1
| #define HAVE_STRING_H 1
| #define HAVE_MEMORY_H 1
| #define HAVE_STRINGS_H 1
| #define HAVE_INTTYPES_H 1
| #define HAVE_STDINT_H 1
| #define HAVE_UNISTD_H 1
| #define HAVE_ARPA_INET_H 1
| #define HAVE_NETDB_H 1
| #define HAVE_NETINET_IN_H 1
| #define HAVE_STDDEF_H 1
| #define HAVE_STDINT_H 1
| #define HAVE_STDLIB_H 1
| #define HAVE_SYS_SOCKET_H 1
| #define HAVE_SYS_TIMEB_H 1
| /* end confdefs.h.  */
| #include <stdio.h>
| #ifdef HAVE_SYS_TYPES_H
| # include <sys/types.h>
| #endif
| #ifdef HAVE_SYS_STAT_H
| # include <sys/stat.h>
| #endif
| #ifdef STDC_HEADERS
| # include <stdlib.h>
| # include <stddef.h>
| #else
| # ifdef HAVE_STDLIB_H
| #  include <stdlib.h>
| # endif
| #endif
| #ifdef HAVE_STRING_H
| # if !defined STDC_HEADERS && defined HAVE_MEMORY_H
| #  include <memory.h>
| # endif
| # include <string.h>
| #endif
| #ifdef HAVE_STRINGS_H
| # include <strings.h>
| #endif
| #ifdef HAVE_INTTYPES_H
| # include <inttypes.h>
| #endif
| #ifdef HAVE_STDINT_H
| # include <stdint.h>
| #endif
| #ifdef HAVE_UNISTD_H
| # include <unistd.h>
| #endif
| int
| main ()
| {
| if (sizeof (_Bool))
| 	 return 0;
|   ;
|   return 0;
| }
configure:4413: result: no
configure:4429: checking for an ANSI C-conforming const
configure:4494: g++ -c -g -O2  conftest.cpp >&5
configure:4494: $? = 0
configure:4501: result: yes
configure:4509: checking for inline
configure:4525: g++ -c -g -O2  conftest.cpp >&5
configure:4525: $? = 0
configure:4533: result: inline
configure:4551: checking for int16_t
configure:4551: g++ -c -g -O2  conftest.cpp >&5
configure:4551: $? = 0
configure:4551: g++ -c -g -O2  conftest.cpp >&5
conftest.cpp: In function 'int main()':
conftest.cpp:68:58: error: size of array 'test_array' is negative
configure:4551: $? = 1
configure: failed program was:
| /* confdefs.h */
| #define PACKAGE_NAME "OTXServer"
| #define PACKAGE_TARNAME "otxserver"
| #define PACKAGE_VERSION "2.5"
| #define PACKAGE_STRING "OTXServer 2.5"
| #define PACKAGE_BUGREPORT ""
| #define PACKAGE_URL ""
| #define PACKAGE "otxserver"
| #define VERSION "2.5"
| #define STDC_HEADERS 1
| #define HAVE_SYS_TYPES_H 1
| #define HAVE_SYS_STAT_H 1
| #define HAVE_STDLIB_H 1
| #define HAVE_STRING_H 1
| #define HAVE_MEMORY_H 1
| #define HAVE_STRINGS_H 1
| #define HAVE_INTTYPES_H 1
| #define HAVE_STDINT_H 1
| #define HAVE_UNISTD_H 1
| #define HAVE_ARPA_INET_H 1
| #define HAVE_NETDB_H 1
| #define HAVE_NETINET_IN_H 1
| #define HAVE_STDDEF_H 1
| #define HAVE_STDINT_H 1
| #define HAVE_STDLIB_H 1
| #define HAVE_SYS_SOCKET_H 1
| #define HAVE_SYS_TIMEB_H 1
| #define HAVE_STDBOOL_H 1
| /* end confdefs.h.  */
| #include <stdio.h>
| #ifdef HAVE_SYS_TYPES_H
| # include <sys/types.h>
| #endif
| #ifdef HAVE_SYS_STAT_H
| # include <sys/stat.h>
| #endif
| #ifdef STDC_HEADERS
| # include <stdlib.h>
| # include <stddef.h>
| #else
| # ifdef HAVE_STDLIB_H
| #  include <stdlib.h>
| # endif
| #endif
| #ifdef HAVE_STRING_H
| # if !defined STDC_HEADERS && defined HAVE_MEMORY_H
| #  include <memory.h>
| # endif
| # include <string.h>
| #endif
| #ifdef HAVE_STRINGS_H
| # include <strings.h>
| #endif
| #ifdef HAVE_INTTYPES_H
| # include <inttypes.h>
| #endif
| #ifdef HAVE_STDINT_H
| # include <stdint.h>
| #endif
| #ifdef HAVE_UNISTD_H
| # include <unistd.h>
| #endif
| 	        enum { N = 16 / 2 - 1 };
| int
| main ()
| {
| static int test_array [1 - 2 * !((int16_t) (((((int16_t) 1 << N) << N) - 1) * 2 + 1)
| 		 < (int16_t) (((((int16_t) 1 << N) << N) - 1) * 2 + 2))];
| test_array [0] = 0
| 
|   ;
|   return 0;
| }
configure:4551: result: yes
configure:4562: checking for int32_t
configure:4562: g++ -c -g -O2  conftest.cpp >&5
configure:4562: $? = 0
configure:4562: g++ -c -g -O2  conftest.cpp >&5
conftest.cpp: In function 'int main()':
conftest.cpp:68:55: warning: integer overflow in expression [-Woverflow]
conftest.cpp:68:58: error: size of array 'test_array' is negative
configure:4562: $? = 1
configure: failed program was:
| /* confdefs.h */
| #define PACKAGE_NAME "OTXServer"
| #define PACKAGE_TARNAME "otxserver"
| #define PACKAGE_VERSION "2.5"
| #define PACKAGE_STRING "OTXServer 2.5"
| #define PACKAGE_BUGREPORT ""
| #define PACKAGE_URL ""
| #define PACKAGE "otxserver"
| #define VERSION "2.5"
| #define STDC_HEADERS 1
| #define HAVE_SYS_TYPES_H 1
| #define HAVE_SYS_STAT_H 1
| #define HAVE_STDLIB_H 1
| #define HAVE_STRING_H 1
| #define HAVE_MEMORY_H 1
| #define HAVE_STRINGS_H 1
| #define HAVE_INTTYPES_H 1
| #define HAVE_STDINT_H 1
| #define HAVE_UNISTD_H 1
| #define HAVE_ARPA_INET_H 1
| #define HAVE_NETDB_H 1
| #define HAVE_NETINET_IN_H 1
| #define HAVE_STDDEF_H 1
| #define HAVE_STDINT_H 1
| #define HAVE_STDLIB_H 1
| #define HAVE_SYS_SOCKET_H 1
| #define HAVE_SYS_TIMEB_H 1
| #define HAVE_STDBOOL_H 1
| /* end confdefs.h.  */
| #include <stdio.h>
| #ifdef HAVE_SYS_TYPES_H
| # include <sys/types.h>
| #endif
| #ifdef HAVE_SYS_STAT_H
| # include <sys/stat.h>
| #endif
| #ifdef STDC_HEADERS
| # include <stdlib.h>
| # include <stddef.h>
| #else
| # ifdef HAVE_STDLIB_H
| #  include <stdlib.h>
| # endif
| #endif
| #ifdef HAVE_STRING_H
| # if !defined STDC_HEADERS && defined HAVE_MEMORY_H
| #  include <memory.h>
| # endif
| # include <string.h>
| #endif
| #ifdef HAVE_STRINGS_H
| # include <strings.h>
| #endif
| #ifdef HAVE_INTTYPES_H
| # include <inttypes.h>
| #endif
| #ifdef HAVE_STDINT_H
| # include <stdint.h>
| #endif
| #ifdef HAVE_UNISTD_H
| # include <unistd.h>
| #endif
| 	        enum { N = 32 / 2 - 1 };
| int
| main ()
| {
| static int test_array [1 - 2 * !((int32_t) (((((int32_t) 1 << N) << N) - 1) * 2 + 1)
| 		 < (int32_t) (((((int32_t) 1 << N) << N) - 1) * 2 + 2))];
| test_array [0] = 0
| 
|   ;
|   return 0;
| }
configure:4562: result: yes
configure:4573: checking for int64_t
configure:4573: g++ -c -g -O2  conftest.cpp >&5
configure:4573: $? = 0
configure:4573: g++ -c -g -O2  conftest.cpp >&5
conftest.cpp: In function 'int main()':
conftest.cpp:68:55: warning: integer overflow in expression [-Woverflow]
conftest.cpp:68:58: error: size of array 'test_array' is negative
configure:4573: $? = 1
configure: failed program was:
| /* confdefs.h */
| #define PACKAGE_NAME "OTXServer"
| #define PACKAGE_TARNAME "otxserver"
| #define PACKAGE_VERSION "2.5"
| #define PACKAGE_STRING "OTXServer 2.5"
| #define PACKAGE_BUGREPORT ""
| #define PACKAGE_URL ""
| #define PACKAGE "otxserver"
| #define VERSION "2.5"
| #define STDC_HEADERS 1
| #define HAVE_SYS_TYPES_H 1
| #define HAVE_SYS_STAT_H 1
| #define HAVE_STDLIB_H 1
| #define HAVE_STRING_H 1
| #define HAVE_MEMORY_H 1
| #define HAVE_STRINGS_H 1
| #define HAVE_INTTYPES_H 1
| #define HAVE_STDINT_H 1
| #define HAVE_UNISTD_H 1
| #define HAVE_ARPA_INET_H 1
| #define HAVE_NETDB_H 1
| #define HAVE_NETINET_IN_H 1
| #define HAVE_STDDEF_H 1
| #define HAVE_STDINT_H 1
| #define HAVE_STDLIB_H 1
| #define HAVE_SYS_SOCKET_H 1
| #define HAVE_SYS_TIMEB_H 1
| #define HAVE_STDBOOL_H 1
| /* end confdefs.h.  */
| #include <stdio.h>
| #ifdef HAVE_SYS_TYPES_H
| # include <sys/types.h>
| #endif
| #ifdef HAVE_SYS_STAT_H
| # include <sys/stat.h>
| #endif
| #ifdef STDC_HEADERS
| # include <stdlib.h>
| # include <stddef.h>
| #else
| # ifdef HAVE_STDLIB_H
| #  include <stdlib.h>
| # endif
| #endif
| #ifdef HAVE_STRING_H
| # if !defined STDC_HEADERS && defined HAVE_MEMORY_H
| #  include <memory.h>
| # endif
| # include <string.h>
| #endif
| #ifdef HAVE_STRINGS_H
| # include <strings.h>
| #endif
| #ifdef HAVE_INTTYPES_H
| # include <inttypes.h>
| #endif
| #ifdef HAVE_STDINT_H
| # include <stdint.h>
| #endif
| #ifdef HAVE_UNISTD_H
| # include <unistd.h>
| #endif
| 	        enum { N = 64 / 2 - 1 };
| int
| main ()
| {
| static int test_array [1 - 2 * !((int64_t) (((((int64_t) 1 << N) << N) - 1) * 2 + 1)
| 		 < (int64_t) (((((int64_t) 1 << N) << N) - 1) * 2 + 2))];
| test_array [0] = 0
| 
|   ;
|   return 0;
| }
configure:4573: result: yes
configure:4584: checking for size_t
configure:4584: g++ -c -g -O2  conftest.cpp >&5
configure:4584: $? = 0
configure:4584: g++ -c -g -O2  conftest.cpp >&5
conftest.cpp: In function 'int main()':
conftest.cpp:66:20: error: expected primary-expression before ')' token
configure:4584: $? = 1
configure: failed program was:
| /* confdefs.h */
| #define PACKAGE_NAME "OTXServer"
| #define PACKAGE_TARNAME "otxserver"
| #define PACKAGE_VERSION "2.5"
| #define PACKAGE_STRING "OTXServer 2.5"
| #define PACKAGE_BUGREPORT ""
| #define PACKAGE_URL ""
| #define PACKAGE "otxserver"
| #define VERSION "2.5"
| #define STDC_HEADERS 1
| #define HAVE_SYS_TYPES_H 1
| #define HAVE_SYS_STAT_H 1
| #define HAVE_STDLIB_H 1
| #define HAVE_STRING_H 1
| #define HAVE_MEMORY_H 1
| #define HAVE_STRINGS_H 1
| #define HAVE_INTTYPES_H 1
| #define HAVE_STDINT_H 1
| #define HAVE_UNISTD_H 1
| #define HAVE_ARPA_INET_H 1
| #define HAVE_NETDB_H 1
| #define HAVE_NETINET_IN_H 1
| #define HAVE_STDDEF_H 1
| #define HAVE_STDINT_H 1
| #define HAVE_STDLIB_H 1
| #define HAVE_SYS_SOCKET_H 1
| #define HAVE_SYS_TIMEB_H 1
| #define HAVE_STDBOOL_H 1
| /* end confdefs.h.  */
| #include <stdio.h>
| #ifdef HAVE_SYS_TYPES_H
| # include <sys/types.h>
| #endif
| #ifdef HAVE_SYS_STAT_H
| # include <sys/stat.h>
| #endif
| #ifdef STDC_HEADERS
| # include <stdlib.h>
| # include <stddef.h>
| #else
| # ifdef HAVE_STDLIB_H
| #  include <stdlib.h>
| # endif
| #endif
| #ifdef HAVE_STRING_H
| # if !defined STDC_HEADERS && defined HAVE_MEMORY_H
| #  include <memory.h>
| # endif
| # include <string.h>
| #endif
| #ifdef HAVE_STRINGS_H
| # include <strings.h>
| #endif
| #ifdef HAVE_INTTYPES_H
| # include <inttypes.h>
| #endif
| #ifdef HAVE_STDINT_H
| # include <stdint.h>
| #endif
| #ifdef HAVE_UNISTD_H
| # include <unistd.h>
| #endif
| int
| main ()
| {
| if (sizeof ((size_t)))
| 	    return 0;
|   ;
|   return 0;
| }
configure:4584: result: yes
configure:4595: checking whether struct tm is in sys/time.h or time.h
configure:4615: g++ -c -g -O2  conftest.cpp >&5
configure:4615: $? = 0
configure:4622: result: time.h
configure:4630: checking for uint16_t
configure:4630: g++ -c -g -O2  conftest.cpp >&5
configure:4630: $? = 0
configure:4630: result: yes
configure:4642: checking for uint32_t
configure:4642: g++ -c -g -O2  conftest.cpp >&5
configure:4642: $? = 0
configure:4642: result: yes
configure:4656: checking for uint64_t
configure:4656: g++ -c -g -O2  conftest.cpp >&5
configure:4656: $? = 0
configure:4656: result: yes
configure:4670: checking for uint8_t
configure:4670: g++ -c -g -O2  conftest.cpp >&5
configure:4670: $? = 0
configure:4670: result: yes
configure:4684: checking for ptrdiff_t
configure:4684: g++ -c -g -O2  conftest.cpp >&5
configure:4684: $? = 0
configure:4684: g++ -c -g -O2  conftest.cpp >&5
conftest.cpp: In function 'int main()':
conftest.cpp:66:23: error: expected primary-expression before ')' token
configure:4684: $? = 1
configure: failed program was:
| /* confdefs.h */
| #define PACKAGE_NAME "OTXServer"
| #define PACKAGE_TARNAME "otxserver"
| #define PACKAGE_VERSION "2.5"
| #define PACKAGE_STRING "OTXServer 2.5"
| #define PACKAGE_BUGREPORT ""
| #define PACKAGE_URL ""
| #define PACKAGE "otxserver"
| #define VERSION "2.5"
| #define STDC_HEADERS 1
| #define HAVE_SYS_TYPES_H 1
| #define HAVE_SYS_STAT_H 1
| #define HAVE_STDLIB_H 1
| #define HAVE_STRING_H 1
| #define HAVE_MEMORY_H 1
| #define HAVE_STRINGS_H 1
| #define HAVE_INTTYPES_H 1
| #define HAVE_STDINT_H 1
| #define HAVE_UNISTD_H 1
| #define HAVE_ARPA_INET_H 1
| #define HAVE_NETDB_H 1
| #define HAVE_NETINET_IN_H 1
| #define HAVE_STDDEF_H 1
| #define HAVE_STDINT_H 1
| #define HAVE_STDLIB_H 1
| #define HAVE_SYS_SOCKET_H 1
| #define HAVE_SYS_TIMEB_H 1
| #define HAVE_STDBOOL_H 1
| /* end confdefs.h.  */
| #include <stdio.h>
| #ifdef HAVE_SYS_TYPES_H
| # include <sys/types.h>
| #endif
| #ifdef HAVE_SYS_STAT_H
| # include <sys/stat.h>
| #endif
| #ifdef STDC_HEADERS
| # include <stdlib.h>
| # include <stddef.h>
| #else
| # ifdef HAVE_STDLIB_H
| #  include <stdlib.h>
| # endif
| #endif
| #ifdef HAVE_STRING_H
| # if !defined STDC_HEADERS && defined HAVE_MEMORY_H
| #  include <memory.h>
| # endif
| # include <string.h>
| #endif
| #ifdef HAVE_STRINGS_H
| # include <strings.h>
| #endif
| #ifdef HAVE_INTTYPES_H
| # include <inttypes.h>
| #endif
| #ifdef HAVE_STDINT_H
| # include <stdint.h>
| #endif
| #ifdef HAVE_UNISTD_H
| # include <unistd.h>
| #endif
| int
| main ()
| {
| if (sizeof ((ptrdiff_t)))
| 	    return 0;
|   ;
|   return 0;
| }
configure:4684: result: yes
configure:4698: checking for stdlib.h
configure:4698: result: yes
configure:4708: checking for GNU libc compatible malloc
configure:4732: g++ -o conftest -g -O2   conftest.cpp  >&5
configure:4732: $? = 0
configure:4732: ./conftest
configure:4732: $? = 0
configure:4742: result: yes
configure:4763: checking for working memcmp
configure:4806: g++ -o conftest -g -O2   conftest.cpp  >&5
configure:4806: $? = 0
configure:4806: ./conftest
configure:4806: $? = 0
configure:4816: result: yes
configure:4827: checking for stdlib.h
configure:4827: result: yes
configure:4837: checking for GNU libc compatible realloc
configure:4861: g++ -o conftest -g -O2   conftest.cpp  >&5
configure:4861: $? = 0
configure:4861: ./conftest
configure:4861: $? = 0
configure:4871: result: yes
configure:4895: checking for ceil
configure:4895: g++ -o conftest -g -O2   conftest.cpp  >&5
configure:4895: $? = 0
configure:4895: result: yes
configure:4895: checking for floor
configure:4895: g++ -o conftest -g -O2   conftest.cpp  >&5
configure:4895: $? = 0
configure:4895: result: yes
configure:4895: checking for ftime
configure:4895: g++ -o conftest -g -O2   conftest.cpp  >&5
configure:4895: $? = 0
configure:4895: result: yes
configure:4895: checking for gethostbyname
configure:4895: g++ -o conftest -g -O2   conftest.cpp  >&5
configure:4895: $? = 0
configure:4895: result: yes
configure:4895: checking for gethostname
configure:4895: g++ -o conftest -g -O2   conftest.cpp  >&5
configure:4895: $? = 0
configure:4895: result: yes
configure:4895: checking for memset
configure:4895: g++ -o conftest -g -O2   conftest.cpp  >&5
configure:4895: $? = 0
configure:4895: result: yes
configure:4895: checking for pow
configure:4895: g++ -o conftest -g -O2   conftest.cpp  >&5
configure:4895: $? = 0
configure:4895: result: yes
configure:4895: checking for sqrt
configure:4895: g++ -o conftest -g -O2   conftest.cpp  >&5
configure:4895: $? = 0
configure:4895: result: yes
configure:4895: checking for strcasecmp
configure:4895: g++ -o conftest -g -O2   conftest.cpp  >&5
configure:4895: $? = 0
configure:4895: result: yes
configure:4895: checking for strncasecmp
configure:4895: g++ -o conftest -g -O2   conftest.cpp  >&5
configure:4895: $? = 0
configure:4895: result: yes
configure:4895: checking for strstr
configure:4895: g++ -o conftest -g -O2   conftest.cpp  >&5
configure:4895: $? = 0
configure:4895: result: yes
configure:4895: checking for strtol
configure:4895: g++ -o conftest -g -O2   conftest.cpp  >&5
configure:4895: $? = 0
configure:4895: result: yes
configure:4946: checking for xml2-config
configure:4964: found /usr/bin/xml2-config
configure:4977: result: /usr/bin/xml2-config
configure:4986: checking for libxml - version >= 2.6.5
configure:5088: g++ -o conftest -g -O2  -I/usr/include/libxml2  conftest.cpp -L/usr/lib/x86_64-linux-gnu -lxml2  >&5
conftest.cpp: In function 'int main()':
conftest.cpp:60:31: warning: ignoring return value of 'int system(const char*)', declared with attribute warn_unused_result [-Wunused-result]
configure:5088: $? = 0
configure:5088: ./conftest
configure:5088: $? = 0
configure:5103: result: yes (version 2.7.8)
configure:5171: checking zlib.h usability
configure:5171: g++ -c -g -O2  conftest.cpp >&5
configure:5171: $? = 0
configure:5171: result: yes
configure:5171: checking zlib.h presence
configure:5171: g++ -E  conftest.cpp
configure:5171: $? = 0
configure:5171: result: yes
configure:5171: checking for zlib.h
configure:5171: result: yes
configure:5183: checking for main in -lz
configure:5202: g++ -o conftest -g -O2   conftest.cpp -lz   -L/usr/lib/x86_64-linux-gnu -lxml2 >&5
configure:5202: $? = 0
configure:5211: result: yes
configure:5228: checking pthread.h usability
configure:5228: g++ -c -g -O2  conftest.cpp >&5
configure:5228: $? = 0
configure:5228: result: yes
configure:5228: checking pthread.h presence
configure:5228: g++ -E  conftest.cpp
configure:5228: $? = 0
configure:5228: result: yes
configure:5228: checking for pthread.h
configure:5228: result: yes
configure:5240: checking for main in -lpthread
configure:5259: g++ -o conftest -g -O2   conftest.cpp -lpthread  -lz  -L/usr/lib/x86_64-linux-gnu -lxml2 >&5
configure:5259: $? = 0
configure:5268: result: yes
configure:5286: checking openssl/rsa.h usability
configure:5286: g++ -c -g -O2  conftest.cpp >&5
configure:5286: $? = 0
configure:5286: result: yes
configure:5286: checking openssl/rsa.h presence
configure:5286: g++ -E  conftest.cpp
configure:5286: $? = 0
configure:5286: result: yes
configure:5286: checking for openssl/rsa.h
configure:5286: result: yes
configure:5286: checking openssl/bn.h usability
configure:5286: g++ -c -g -O2  conftest.cpp >&5
configure:5286: $? = 0
configure:5286: result: yes
configure:5286: checking openssl/bn.h presence
configure:5286: g++ -E  conftest.cpp
configure:5286: $? = 0
configure:5286: result: yes
configure:5286: checking for openssl/bn.h
configure:5286: result: yes
configure:5286: checking openssl/err.h usability
configure:5286: g++ -c -g -O2  conftest.cpp >&5
configure:5286: $? = 0
configure:5286: result: yes
configure:5286: checking openssl/err.h presence
configure:5286: g++ -E  conftest.cpp
configure:5286: $? = 0
configure:5286: result: yes
configure:5286: checking for openssl/err.h
configure:5286: result: yes
configure:5286: checking openssl/sha.h usability
configure:5286: g++ -c -g -O2  conftest.cpp >&5
configure:5286: $? = 0
configure:5286: result: yes
configure:5286: checking openssl/sha.h presence
configure:5286: g++ -E  conftest.cpp
configure:5286: $? = 0
configure:5286: result: yes
configure:5286: checking for openssl/sha.h
configure:5286: result: yes
configure:5286: checking openssl/md5.h usability
configure:5286: g++ -c -g -O2  conftest.cpp >&5
configure:5286: $? = 0
configure:5286: result: yes
configure:5286: checking openssl/md5.h presence
configure:5286: g++ -E  conftest.cpp
configure:5286: $? = 0
configure:5286: result: yes
configure:5286: checking for openssl/md5.h
configure:5286: result: yes
configure:5298: checking for main in -lcrypto
configure:5317: g++ -o conftest -g -O2   conftest.cpp -lcrypto  -lpthread -lz  -L/usr/lib/x86_64-linux-gnu -lxml2 >&5
configure:5317: $? = 0
configure:5326: result: yes
configure:5341: checking for main in -lboost_thread-gcc-mt
configure:5360: g++ -o conftest -g -O2   conftest.cpp -lboost_thread-gcc-mt  -lcrypto -lpthread -lz  -L/usr/lib/x86_64-linux-gnu -lxml2 >&5
/usr/bin/ld: cannot find -lboost_thread-gcc-mt
collect2: ld returned 1 exit status
configure:5360: $? = 1
configure: failed program was:
| /* confdefs.h */
| #define PACKAGE_NAME "OTXServer"
| #define PACKAGE_TARNAME "otxserver"
| #define PACKAGE_VERSION "2.5"
| #define PACKAGE_STRING "OTXServer 2.5"
| #define PACKAGE_BUGREPORT ""
| #define PACKAGE_URL ""
| #define PACKAGE "otxserver"
| #define VERSION "2.5"
| #define STDC_HEADERS 1
| #define HAVE_SYS_TYPES_H 1
| #define HAVE_SYS_STAT_H 1
| #define HAVE_STDLIB_H 1
| #define HAVE_STRING_H 1
| #define HAVE_MEMORY_H 1
| #define HAVE_STRINGS_H 1
| #define HAVE_INTTYPES_H 1
| #define HAVE_STDINT_H 1
| #define HAVE_UNISTD_H 1
| #define HAVE_ARPA_INET_H 1
| #define HAVE_NETDB_H 1
| #define HAVE_NETINET_IN_H 1
| #define HAVE_STDDEF_H 1
| #define HAVE_STDINT_H 1
| #define HAVE_STDLIB_H 1
| #define HAVE_SYS_SOCKET_H 1
| #define HAVE_SYS_TIMEB_H 1
| #define HAVE_STDBOOL_H 1
| #define HAVE_PTRDIFF_T 1
| #define HAVE_STDLIB_H 1
| #define HAVE_MALLOC 1
| #define HAVE_STDLIB_H 1
| #define HAVE_REALLOC 1
| #define HAVE_CEIL 1
| #define HAVE_FLOOR 1
| #define HAVE_FTIME 1
| #define HAVE_GETHOSTBYNAME 1
| #define HAVE_GETHOSTNAME 1
| #define HAVE_MEMSET 1
| #define HAVE_POW 1
| #define HAVE_SQRT 1
| #define HAVE_STRCASECMP 1
| #define HAVE_STRNCASECMP 1
| #define HAVE_STRSTR 1
| #define HAVE_STRTOL 1
| #define HAVE_ZLIB_H 1
| #define HAVE_LIBZ 1
| #define HAVE_PTHREAD_H 1
| #define HAVE_LIBPTHREAD 1
| #define HAVE_OPENSSL_RSA_H 1
| #define HAVE_OPENSSL_BN_H 1
| #define HAVE_OPENSSL_ERR_H 1
| #define HAVE_OPENSSL_SHA_H 1
| #define HAVE_OPENSSL_MD5_H 1
| #define HAVE_LIBCRYPTO 1
| /* end confdefs.h.  */
| 
| 
| int
| main ()
| {
| return main ();
|   ;
|   return 0;
| }
configure:5369: result: no
configure:5380: checking for main in -lboost_thread-mt
configure:5399: g++ -o conftest -g -O2   conftest.cpp -lboost_thread-mt  -lcrypto -lpthread -lz  -L/usr/lib/x86_64-linux-gnu -lxml2 >&5
configure:5399: $? = 0
configure:5408: result: yes
configure:5469: checking for main in -lboost_regex-gcc-mt
configure:5488: g++ -o conftest -g -O2   conftest.cpp -lboost_regex-gcc-mt  -lboost_thread-mt -lcrypto -lpthread -lz  -L/usr/lib/x86_64-linux-gnu -lxml2 >&5
/usr/bin/ld: cannot find -lboost_regex-gcc-mt
collect2: ld returned 1 exit status
configure:5488: $? = 1
configure: failed program was:
| /* confdefs.h */
| #define PACKAGE_NAME "OTXServer"
| #define PACKAGE_TARNAME "otxserver"
| #define PACKAGE_VERSION "2.5"
| #define PACKAGE_STRING "OTXServer 2.5"
| #define PACKAGE_BUGREPORT ""
| #define PACKAGE_URL ""
| #define PACKAGE "otxserver"
| #define VERSION "2.5"
| #define STDC_HEADERS 1
| #define HAVE_SYS_TYPES_H 1
| #define HAVE_SYS_STAT_H 1
| #define HAVE_STDLIB_H 1
| #define HAVE_STRING_H 1
| #define HAVE_MEMORY_H 1
| #define HAVE_STRINGS_H 1
| #define HAVE_INTTYPES_H 1
| #define HAVE_STDINT_H 1
| #define HAVE_UNISTD_H 1
| #define HAVE_ARPA_INET_H 1
| #define HAVE_NETDB_H 1
| #define HAVE_NETINET_IN_H 1
| #define HAVE_STDDEF_H 1
| #define HAVE_STDINT_H 1
| #define HAVE_STDLIB_H 1
| #define HAVE_SYS_SOCKET_H 1
| #define HAVE_SYS_TIMEB_H 1
| #define HAVE_STDBOOL_H 1
| #define HAVE_PTRDIFF_T 1
| #define HAVE_STDLIB_H 1
| #define HAVE_MALLOC 1
| #define HAVE_STDLIB_H 1
| #define HAVE_REALLOC 1
| #define HAVE_CEIL 1
| #define HAVE_FLOOR 1
| #define HAVE_FTIME 1
| #define HAVE_GETHOSTBYNAME 1
| #define HAVE_GETHOSTNAME 1
| #define HAVE_MEMSET 1
| #define HAVE_POW 1
| #define HAVE_SQRT 1
| #define HAVE_STRCASECMP 1
| #define HAVE_STRNCASECMP 1
| #define HAVE_STRSTR 1
| #define HAVE_STRTOL 1
| #define HAVE_ZLIB_H 1
| #define HAVE_LIBZ 1
| #define HAVE_PTHREAD_H 1
| #define HAVE_LIBPTHREAD 1
| #define HAVE_OPENSSL_RSA_H 1
| #define HAVE_OPENSSL_BN_H 1
| #define HAVE_OPENSSL_ERR_H 1
| #define HAVE_OPENSSL_SHA_H 1
| #define HAVE_OPENSSL_MD5_H 1
| #define HAVE_LIBCRYPTO 1
| #define HAVE_LIBBOOST_THREAD_MT 1
| /* end confdefs.h.  */
| 
| 
| int
| main ()
| {
| return main ();
|   ;
|   return 0;
| }
configure:5497: result: no
configure:5508: checking for main in -lboost_regex-mt
configure:5527: g++ -o conftest -g -O2   conftest.cpp -lboost_regex-mt  -lboost_thread-mt -lcrypto -lpthread -lz  -L/usr/lib/x86_64-linux-gnu -lxml2 >&5
configure:5527: $? = 0
configure:5536: result: yes
configure:5597: checking for main in -lboost_system-gcc-mt
configure:5616: g++ -o conftest -g -O2   conftest.cpp -lboost_system-gcc-mt  -lboost_regex-mt -lboost_thread-mt -lcrypto -lpthread -lz  -L/usr/lib/x86_64-linux-gnu -lxml2 >&5
/usr/bin/ld: cannot find -lboost_system-gcc-mt
collect2: ld returned 1 exit status
configure:5616: $? = 1
configure: failed program was:
| /* confdefs.h */
| #define PACKAGE_NAME "OTXServer"
| #define PACKAGE_TARNAME "otxserver"
| #define PACKAGE_VERSION "2.5"
| #define PACKAGE_STRING "OTXServer 2.5"
| #define PACKAGE_BUGREPORT ""
| #define PACKAGE_URL ""
| #define PACKAGE "otxserver"
| #define VERSION "2.5"
| #define STDC_HEADERS 1
| #define HAVE_SYS_TYPES_H 1
| #define HAVE_SYS_STAT_H 1
| #define HAVE_STDLIB_H 1
| #define HAVE_STRING_H 1
| #define HAVE_MEMORY_H 1
| #define HAVE_STRINGS_H 1
| #define HAVE_INTTYPES_H 1
| #define HAVE_STDINT_H 1
| #define HAVE_UNISTD_H 1
| #define HAVE_ARPA_INET_H 1
| #define HAVE_NETDB_H 1
| #define HAVE_NETINET_IN_H 1
| #define HAVE_STDDEF_H 1
| #define HAVE_STDINT_H 1
| #define HAVE_STDLIB_H 1
| #define HAVE_SYS_SOCKET_H 1
| #define HAVE_SYS_TIMEB_H 1
| #define HAVE_STDBOOL_H 1
| #define HAVE_PTRDIFF_T 1
| #define HAVE_STDLIB_H 1
| #define HAVE_MALLOC 1
| #define HAVE_STDLIB_H 1
| #define HAVE_REALLOC 1
| #define HAVE_CEIL 1
| #define HAVE_FLOOR 1
| #define HAVE_FTIME 1
| #define HAVE_GETHOSTBYNAME 1
| #define HAVE_GETHOSTNAME 1
| #define HAVE_MEMSET 1
| #define HAVE_POW 1
| #define HAVE_SQRT 1
| #define HAVE_STRCASECMP 1
| #define HAVE_STRNCASECMP 1
| #define HAVE_STRSTR 1
| #define HAVE_STRTOL 1
| #define HAVE_ZLIB_H 1
| #define HAVE_LIBZ 1
| #define HAVE_PTHREAD_H 1
| #define HAVE_LIBPTHREAD 1
| #define HAVE_OPENSSL_RSA_H 1
| #define HAVE_OPENSSL_BN_H 1
| #define HAVE_OPENSSL_ERR_H 1
| #define HAVE_OPENSSL_SHA_H 1
| #define HAVE_OPENSSL_MD5_H 1
| #define HAVE_LIBCRYPTO 1
| #define HAVE_LIBBOOST_THREAD_MT 1
| #define HAVE_LIBBOOST_REGEX_MT 1
| /* end confdefs.h.  */
| 
| 
| int
| main ()
| {
| return main ();
|   ;
|   return 0;
| }
configure:5625: result: no
configure:5636: checking for main in -lboost_system-mt
configure:5655: g++ -o conftest -g -O2   conftest.cpp -lboost_system-mt  -lboost_regex-mt -lboost_thread-mt -lcrypto -lpthread -lz  -L/usr/lib/x86_64-linux-gnu -lxml2 >&5
configure:5655: $? = 0
configure:5664: result: yes
configure:5725: checking for main in -lboost_date_time-gcc-mt
configure:5744: g++ -o conftest -g -O2   conftest.cpp -lboost_date_time-gcc-mt  -lboost_system-mt -lboost_regex-mt -lboost_thread-mt -lcrypto -lpthread -lz  -L/usr/lib/x86_64-linux-gnu -lxml2 >&5
/usr/bin/ld: cannot find -lboost_date_time-gcc-mt
collect2: ld returned 1 exit status
configure:5744: $? = 1
configure: failed program was:
| /* confdefs.h */
| #define PACKAGE_NAME "OTXServer"
| #define PACKAGE_TARNAME "otxserver"
| #define PACKAGE_VERSION "2.5"
| #define PACKAGE_STRING "OTXServer 2.5"
| #define PACKAGE_BUGREPORT ""
| #define PACKAGE_URL ""
| #define PACKAGE "otxserver"
| #define VERSION "2.5"
| #define STDC_HEADERS 1
| #define HAVE_SYS_TYPES_H 1
| #define HAVE_SYS_STAT_H 1
| #define HAVE_STDLIB_H 1
| #define HAVE_STRING_H 1
| #define HAVE_MEMORY_H 1
| #define HAVE_STRINGS_H 1
| #define HAVE_INTTYPES_H 1
| #define HAVE_STDINT_H 1
| #define HAVE_UNISTD_H 1
| #define HAVE_ARPA_INET_H 1
| #define HAVE_NETDB_H 1
| #define HAVE_NETINET_IN_H 1
| #define HAVE_STDDEF_H 1
| #define HAVE_STDINT_H 1
| #define HAVE_STDLIB_H 1
| #define HAVE_SYS_SOCKET_H 1
| #define HAVE_SYS_TIMEB_H 1
| #define HAVE_STDBOOL_H 1
| #define HAVE_PTRDIFF_T 1
| #define HAVE_STDLIB_H 1
| #define HAVE_MALLOC 1
| #define HAVE_STDLIB_H 1
| #define HAVE_REALLOC 1
| #define HAVE_CEIL 1
| #define HAVE_FLOOR 1
| #define HAVE_FTIME 1
| #define HAVE_GETHOSTBYNAME 1
| #define HAVE_GETHOSTNAME 1
| #define HAVE_MEMSET 1
| #define HAVE_POW 1
| #define HAVE_SQRT 1
| #define HAVE_STRCASECMP 1
| #define HAVE_STRNCASECMP 1
| #define HAVE_STRSTR 1
| #define HAVE_STRTOL 1
| #define HAVE_ZLIB_H 1
| #define HAVE_LIBZ 1
| #define HAVE_PTHREAD_H 1
| #define HAVE_LIBPTHREAD 1
| #define HAVE_OPENSSL_RSA_H 1
| #define HAVE_OPENSSL_BN_H 1
| #define HAVE_OPENSSL_ERR_H 1
| #define HAVE_OPENSSL_SHA_H 1
| #define HAVE_OPENSSL_MD5_H 1
| #define HAVE_LIBCRYPTO 1
| #define HAVE_LIBBOOST_THREAD_MT 1
| #define HAVE_LIBBOOST_REGEX_MT 1
| #define HAVE_LIBBOOST_SYSTEM_MT 1
| /* end confdefs.h.  */
| 
| 
| int
| main ()
| {
| return main ();
|   ;
|   return 0;
| }
configure:5753: result: no
configure:5764: checking for main in -lboost_date_time-mt
configure:5783: g++ -o conftest -g -O2   conftest.cpp -lboost_date_time-mt  -lboost_system-mt -lboost_regex-mt -lboost_thread-mt -lcrypto -lpthread -lz  -L/usr/lib/x86_64-linux-gnu -lxml2 >&5
configure:5783: $? = 0
configure:5792: result: yes
configure:5853: checking for main in -lboost_filesystem-gcc-mt
configure:5872: g++ -o conftest -g -O2   conftest.cpp -lboost_filesystem-gcc-mt  -lboost_date_time-mt -lboost_system-mt -lboost_regex-mt -lboost_thread-mt -lcrypto -lpthread -lz  -L/usr/lib/x86_64-linux-gnu -lxml2 >&5
/usr/bin/ld: cannot find -lboost_filesystem-gcc-mt
collect2: ld returned 1 exit status
configure:5872: $? = 1
configure: failed program was:
| /* confdefs.h */
| #define PACKAGE_NAME "OTXServer"
| #define PACKAGE_TARNAME "otxserver"
| #define PACKAGE_VERSION "2.5"
| #define PACKAGE_STRING "OTXServer 2.5"
| #define PACKAGE_BUGREPORT ""
| #define PACKAGE_URL ""
| #define PACKAGE "otxserver"
| #define VERSION "2.5"
| #define STDC_HEADERS 1
| #define HAVE_SYS_TYPES_H 1
| #define HAVE_SYS_STAT_H 1
| #define HAVE_STDLIB_H 1
| #define HAVE_STRING_H 1
| #define HAVE_MEMORY_H 1
| #define HAVE_STRINGS_H 1
| #define HAVE_INTTYPES_H 1
| #define HAVE_STDINT_H 1
| #define HAVE_UNISTD_H 1
| #define HAVE_ARPA_INET_H 1
| #define HAVE_NETDB_H 1
| #define HAVE_NETINET_IN_H 1
| #define HAVE_STDDEF_H 1
| #define HAVE_STDINT_H 1
| #define HAVE_STDLIB_H 1
| #define HAVE_SYS_SOCKET_H 1
| #define HAVE_SYS_TIMEB_H 1
| #define HAVE_STDBOOL_H 1
| #define HAVE_PTRDIFF_T 1
| #define HAVE_STDLIB_H 1
| #define HAVE_MALLOC 1
| #define HAVE_STDLIB_H 1
| #define HAVE_REALLOC 1
| #define HAVE_CEIL 1
| #define HAVE_FLOOR 1
| #define HAVE_FTIME 1
| #define HAVE_GETHOSTBYNAME 1
| #define HAVE_GETHOSTNAME 1
| #define HAVE_MEMSET 1
| #define HAVE_POW 1
| #define HAVE_SQRT 1
| #define HAVE_STRCASECMP 1
| #define HAVE_STRNCASECMP 1
| #define HAVE_STRSTR 1
| #define HAVE_STRTOL 1
| #define HAVE_ZLIB_H 1
| #define HAVE_LIBZ 1
| #define HAVE_PTHREAD_H 1
| #define HAVE_LIBPTHREAD 1
| #define HAVE_OPENSSL_RSA_H 1
| #define HAVE_OPENSSL_BN_H 1
| #define HAVE_OPENSSL_ERR_H 1
| #define HAVE_OPENSSL_SHA_H 1
| #define HAVE_OPENSSL_MD5_H 1
| #define HAVE_LIBCRYPTO 1
| #define HAVE_LIBBOOST_THREAD_MT 1
| #define HAVE_LIBBOOST_REGEX_MT 1
| #define HAVE_LIBBOOST_SYSTEM_MT 1
| #define HAVE_LIBBOOST_DATE_TIME_MT 1
| /* end confdefs.h.  */
| 
| 
| int
| main ()
| {
| return main ();
|   ;
|   return 0;
| }
configure:5881: result: no
configure:5892: checking for main in -lboost_filesystem-mt
configure:5911: g++ -o conftest -g -O2   conftest.cpp -lboost_filesystem-mt  -lboost_date_time-mt -lboost_system-mt -lboost_regex-mt -lboost_thread-mt -lcrypto -lpthread -lz  -L/usr/lib/x86_64-linux-gnu -lxml2 >&5
configure:5911: $? = 0
configure:5920: result: yes
configure:6376: checking for LUA
configure:6549: result: no
configure:6554: checking lua.h usability
configure:6554: g++ -c -g -O2  conftest.cpp >&5
conftest.cpp:95:17: fatal error: lua.h: No such file or directory
compilation terminated.
configure:6554: $? = 1
configure: failed program was:
| /* confdefs.h */
| #define PACKAGE_NAME "OTXServer"
| #define PACKAGE_TARNAME "otxserver"
| #define PACKAGE_VERSION "2.5"
| #define PACKAGE_STRING "OTXServer 2.5"
| #define PACKAGE_BUGREPORT ""
| #define PACKAGE_URL ""
| #define PACKAGE "otxserver"
| #define VERSION "2.5"
| #define STDC_HEADERS 1
| #define HAVE_SYS_TYPES_H 1
| #define HAVE_SYS_STAT_H 1
| #define HAVE_STDLIB_H 1
| #define HAVE_STRING_H 1
| #define HAVE_MEMORY_H 1
| #define HAVE_STRINGS_H 1
| #define HAVE_INTTYPES_H 1
| #define HAVE_STDINT_H 1
| #define HAVE_UNISTD_H 1
| #define HAVE_ARPA_INET_H 1
| #define HAVE_NETDB_H 1
| #define HAVE_NETINET_IN_H 1
| #define HAVE_STDDEF_H 1
| #define HAVE_STDINT_H 1
| #define HAVE_STDLIB_H 1
| #define HAVE_SYS_SOCKET_H 1
| #define HAVE_SYS_TIMEB_H 1
| #define HAVE_STDBOOL_H 1
| #define HAVE_PTRDIFF_T 1
| #define HAVE_STDLIB_H 1
| #define HAVE_MALLOC 1
| #define HAVE_STDLIB_H 1
| #define HAVE_REALLOC 1
| #define HAVE_CEIL 1
| #define HAVE_FLOOR 1
| #define HAVE_FTIME 1
| #define HAVE_GETHOSTBYNAME 1
| #define HAVE_GETHOSTNAME 1
| #define HAVE_MEMSET 1
| #define HAVE_POW 1
| #define HAVE_SQRT 1
| #define HAVE_STRCASECMP 1
| #define HAVE_STRNCASECMP 1
| #define HAVE_STRSTR 1
| #define HAVE_STRTOL 1
| #define HAVE_ZLIB_H 1
| #define HAVE_LIBZ 1
| #define HAVE_PTHREAD_H 1
| #define HAVE_LIBPTHREAD 1
| #define HAVE_OPENSSL_RSA_H 1
| #define HAVE_OPENSSL_BN_H 1
| #define HAVE_OPENSSL_ERR_H 1
| #define HAVE_OPENSSL_SHA_H 1
| #define HAVE_OPENSSL_MD5_H 1
| #define HAVE_LIBCRYPTO 1
| #define HAVE_LIBBOOST_THREAD_MT 1
| #define HAVE_LIBBOOST_REGEX_MT 1
| #define HAVE_LIBBOOST_SYSTEM_MT 1
| #define HAVE_LIBBOOST_DATE_TIME_MT 1
| #define HAVE_LIBBOOST_FILESYSTEM_MT 1
| /* end confdefs.h.  */
| #include <stdio.h>
| #ifdef HAVE_SYS_TYPES_H
| # include <sys/types.h>
| #endif
| #ifdef HAVE_SYS_STAT_H
| # include <sys/stat.h>
| #endif
| #ifdef STDC_HEADERS
| # include <stdlib.h>
| # include <stddef.h>
| #else
| # ifdef HAVE_STDLIB_H
| #  include <stdlib.h>
| # endif
| #endif
| #ifdef HAVE_STRING_H
| # if !defined STDC_HEADERS && defined HAVE_MEMORY_H
| #  include <memory.h>
| # endif
| # include <string.h>
| #endif
| #ifdef HAVE_STRINGS_H
| # include <strings.h>
| #endif
| #ifdef HAVE_INTTYPES_H
| # include <inttypes.h>
| #endif
| #ifdef HAVE_STDINT_H
| # include <stdint.h>
| #endif
| #ifdef HAVE_UNISTD_H
| # include <unistd.h>
| #endif
| #include <lua.h>
configure:6554: result: no
configure:6554: checking lua.h presence
configure:6554: g++ -E  conftest.cpp
conftest.cpp:62:17: fatal error: lua.h: No such file or directory
compilation terminated.
configure:6554: $? = 1
configure: failed program was:
| /* confdefs.h */
| #define PACKAGE_NAME "OTXServer"
| #define PACKAGE_TARNAME "otxserver"
| #define PACKAGE_VERSION "2.5"
| #define PACKAGE_STRING "OTXServer 2.5"
| #define PACKAGE_BUGREPORT ""
| #define PACKAGE_URL ""
| #define PACKAGE "otxserver"
| #define VERSION "2.5"
| #define STDC_HEADERS 1
| #define HAVE_SYS_TYPES_H 1
| #define HAVE_SYS_STAT_H 1
| #define HAVE_STDLIB_H 1
| #define HAVE_STRING_H 1
| #define HAVE_MEMORY_H 1
| #define HAVE_STRINGS_H 1
| #define HAVE_INTTYPES_H 1
| #define HAVE_STDINT_H 1
| #define HAVE_UNISTD_H 1
| #define HAVE_ARPA_INET_H 1
| #define HAVE_NETDB_H 1
| #define HAVE_NETINET_IN_H 1
| #define HAVE_STDDEF_H 1
| #define HAVE_STDINT_H 1
| #define HAVE_STDLIB_H 1
| #define HAVE_SYS_SOCKET_H 1
| #define HAVE_SYS_TIMEB_H 1
| #define HAVE_STDBOOL_H 1
| #define HAVE_PTRDIFF_T 1
| #define HAVE_STDLIB_H 1
| #define HAVE_MALLOC 1
| #define HAVE_STDLIB_H 1
| #define HAVE_REALLOC 1
| #define HAVE_CEIL 1
| #define HAVE_FLOOR 1
| #define HAVE_FTIME 1
| #define HAVE_GETHOSTBYNAME 1
| #define HAVE_GETHOSTNAME 1
| #define HAVE_MEMSET 1
| #define HAVE_POW 1
| #define HAVE_SQRT 1
| #define HAVE_STRCASECMP 1
| #define HAVE_STRNCASECMP 1
| #define HAVE_STRSTR 1
| #define HAVE_STRTOL 1
| #define HAVE_ZLIB_H 1
| #define HAVE_LIBZ 1
| #define HAVE_PTHREAD_H 1
| #define HAVE_LIBPTHREAD 1
| #define HAVE_OPENSSL_RSA_H 1
| #define HAVE_OPENSSL_BN_H 1
| #define HAVE_OPENSSL_ERR_H 1
| #define HAVE_OPENSSL_SHA_H 1
| #define HAVE_OPENSSL_MD5_H 1
| #define HAVE_LIBCRYPTO 1
| #define HAVE_LIBBOOST_THREAD_MT 1
| #define HAVE_LIBBOOST_REGEX_MT 1
| #define HAVE_LIBBOOST_SYSTEM_MT 1
| #define HAVE_LIBBOOST_DATE_TIME_MT 1
| #define HAVE_LIBBOOST_FILESYSTEM_MT 1
| /* end confdefs.h.  */
| #include <lua.h>
configure:6554: result: no
configure:6554: checking for lua.h
configure:6554: result: no
configure:6565: checking lua5.1/lua.h usability
configure:6565: g++ -c -g -O2  conftest.cpp >&5
configure:6565: $? = 0
configure:6565: result: yes
configure:6565: checking lua5.1/lua.h presence
configure:6565: g++ -E  conftest.cpp
configure:6565: $? = 0
configure:6565: result: yes
configure:6565: checking for lua5.1/lua.h
configure:6565: result: yes
configure:6582: checking for main in -llua
configure:6601: g++ -o conftest -g -O2   conftest.cpp -llua  -lboost_filesystem-mt -lboost_date_time-mt -lboost_system-mt -lboost_regex-mt -lboost_thread-mt -lcrypto -lpthread -lz  -L/usr/lib/x86_64-linux-gnu -lxml2 >&5
/usr/bin/ld: cannot find -llua
collect2: ld returned 1 exit status
configure:6601: $? = 1
configure: failed program was:
| /* confdefs.h */
| #define PACKAGE_NAME "OTXServer"
| #define PACKAGE_TARNAME "otxserver"
| #define PACKAGE_VERSION "2.5"
| #define PACKAGE_STRING "OTXServer 2.5"
| #define PACKAGE_BUGREPORT ""
| #define PACKAGE_URL ""
| #define PACKAGE "otxserver"
| #define VERSION "2.5"
| #define STDC_HEADERS 1
| #define HAVE_SYS_TYPES_H 1
| #define HAVE_SYS_STAT_H 1
| #define HAVE_STDLIB_H 1
| #define HAVE_STRING_H 1
| #define HAVE_MEMORY_H 1
| #define HAVE_STRINGS_H 1
| #define HAVE_INTTYPES_H 1
| #define HAVE_STDINT_H 1
| #define HAVE_UNISTD_H 1
| #define HAVE_ARPA_INET_H 1
| #define HAVE_NETDB_H 1
| #define HAVE_NETINET_IN_H 1
| #define HAVE_STDDEF_H 1
| #define HAVE_STDINT_H 1
| #define HAVE_STDLIB_H 1
| #define HAVE_SYS_SOCKET_H 1
| #define HAVE_SYS_TIMEB_H 1
| #define HAVE_STDBOOL_H 1
| #define HAVE_PTRDIFF_T 1
| #define HAVE_STDLIB_H 1
| #define HAVE_MALLOC 1
| #define HAVE_STDLIB_H 1
| #define HAVE_REALLOC 1
| #define HAVE_CEIL 1
| #define HAVE_FLOOR 1
| #define HAVE_FTIME 1
| #define HAVE_GETHOSTBYNAME 1
| #define HAVE_GETHOSTNAME 1
| #define HAVE_MEMSET 1
| #define HAVE_POW 1
| #define HAVE_SQRT 1
| #define HAVE_STRCASECMP 1
| #define HAVE_STRNCASECMP 1
| #define HAVE_STRSTR 1
| #define HAVE_STRTOL 1
| #define HAVE_ZLIB_H 1
| #define HAVE_LIBZ 1
| #define HAVE_PTHREAD_H 1
| #define HAVE_LIBPTHREAD 1
| #define HAVE_OPENSSL_RSA_H 1
| #define HAVE_OPENSSL_BN_H 1
| #define HAVE_OPENSSL_ERR_H 1
| #define HAVE_OPENSSL_SHA_H 1
| #define HAVE_OPENSSL_MD5_H 1
| #define HAVE_LIBCRYPTO 1
| #define HAVE_LIBBOOST_THREAD_MT 1
| #define HAVE_LIBBOOST_REGEX_MT 1
| #define HAVE_LIBBOOST_SYSTEM_MT 1
| #define HAVE_LIBBOOST_DATE_TIME_MT 1
| #define HAVE_LIBBOOST_FILESYSTEM_MT 1
| #define HAVE_LUA5_1_LUA_H 1
| /* end confdefs.h.  */
| 
| 
| int
| main ()
| {
| return main ();
|   ;
|   return 0;
| }
configure:6610: result: no
configure:6621: checking for main in -llua5.1
configure:6640: g++ -o conftest -g -O2   conftest.cpp -llua5.1  -lboost_filesystem-mt -lboost_date_time-mt -lboost_system-mt -lboost_regex-mt -lboost_thread-mt -lcrypto -lpthread -lz  -L/usr/lib/x86_64-linux-gnu -lxml2 >&5
configure:6640: $? = 0
configure:6649: result: yes
configure:6706: checking mysql/mysql.h usability
configure:6706: g++ -c -g -O2  conftest.cpp >&5
configure:6706: $? = 0
configure:6706: result: yes
configure:6706: checking mysql/mysql.h presence
configure:6706: g++ -E  conftest.cpp
configure:6706: $? = 0
configure:6706: result: yes
configure:6706: checking for mysql/mysql.h
configure:6706: result: yes
configure:6718: checking for main in -lmysqlclient
configure:6737: g++ -o conftest -g -O2   conftest.cpp -lmysqlclient  -llua5.1 -lboost_filesystem-mt -lboost_date_time-mt -lboost_system-mt -lboost_regex-mt -lboost_thread-mt -lcrypto -lpthread -lz  -L/usr/lib/x86_64-linux-gnu -lxml2 >&5
configure:6737: $? = 0
configure:6746: result: yes
configure:7222: creating ./config.status

## ---------------------- ##
## Running config.status. ##
## ---------------------- ##

This file was extended by OTXServer config.status 2.5, which was
generated by GNU Autoconf 2.68.  Invocation command line was

  CONFIG_FILES    = 
  CONFIG_HEADERS  = 
  CONFIG_LINKS    = 
  CONFIG_COMMANDS = 
  $ ./config.status 

on ribeirot

config.status:941: creating Makefile
config.status:941: creating config.h
config.status:1122: config.h is unchanged
config.status:1170: executing depfiles commands

## ---------------- ##
## Cache variables. ##
## ---------------- ##

ac_cv_c_const=yes
ac_cv_c_inline=inline
ac_cv_c_int16_t=yes
ac_cv_c_int32_t=yes
ac_cv_c_int64_t=yes
ac_cv_c_uint16_t=yes
ac_cv_c_uint32_t=yes
ac_cv_c_uint64_t=yes
ac_cv_c_uint8_t=yes
ac_cv_cxx_compiler_gnu=yes
ac_cv_env_CCC_set=
ac_cv_env_CCC_value=
ac_cv_env_CPPFLAGS_set=
ac_cv_env_CPPFLAGS_value=
ac_cv_env_CXXCPP_set=
ac_cv_env_CXXCPP_value=
ac_cv_env_CXXFLAGS_set=
ac_cv_env_CXXFLAGS_value=
ac_cv_env_CXX_set=
ac_cv_env_CXX_value=
ac_cv_env_LDFLAGS_set=
ac_cv_env_LDFLAGS_value=
ac_cv_env_LIBS_set=
ac_cv_env_LIBS_value=
ac_cv_env_LUA_CFLAGS_set=
ac_cv_env_LUA_CFLAGS_value=
ac_cv_env_LUA_LIBS_set=
ac_cv_env_LUA_LIBS_value=
ac_cv_env_PKG_CONFIG_LIBDIR_set=
ac_cv_env_PKG_CONFIG_LIBDIR_value=
ac_cv_env_PKG_CONFIG_PATH_set=
ac_cv_env_PKG_CONFIG_PATH_value=
ac_cv_env_PKG_CONFIG_set=
ac_cv_env_PKG_CONFIG_value=
ac_cv_env_build_alias_set=
ac_cv_env_build_alias_value=
ac_cv_env_host_alias_set=
ac_cv_env_host_alias_value=
ac_cv_env_target_alias_set=
ac_cv_env_target_alias_value=
ac_cv_func_ceil=yes
ac_cv_func_floor=yes
ac_cv_func_ftime=yes
ac_cv_func_gethostbyname=yes
ac_cv_func_gethostname=yes
ac_cv_func_malloc_0_nonnull=yes
ac_cv_func_memcmp_working=yes
ac_cv_func_memset=yes
ac_cv_func_pow=yes
ac_cv_func_realloc_0_nonnull=yes
ac_cv_func_sqrt=yes
ac_cv_func_strcasecmp=yes
ac_cv_func_strncasecmp=yes
ac_cv_func_strstr=yes
ac_cv_func_strtol=yes
ac_cv_header_arpa_inet_h=yes
ac_cv_header_inttypes_h=yes
ac_cv_header_lua5_1_lua_h=yes
ac_cv_header_lua_h=no
ac_cv_header_memory_h=yes
ac_cv_header_mysql_mysql_h=yes
ac_cv_header_netdb_h=yes
ac_cv_header_netinet_in_h=yes
ac_cv_header_openssl_bn_h=yes
ac_cv_header_openssl_err_h=yes
ac_cv_header_openssl_md5_h=yes
ac_cv_header_openssl_rsa_h=yes
ac_cv_header_openssl_sha_h=yes
ac_cv_header_pthread_h=yes
ac_cv_header_stdbool_h=yes
ac_cv_header_stdc=yes
ac_cv_header_stddef_h=yes
ac_cv_header_stdint_h=yes
ac_cv_header_stdlib_h=yes
ac_cv_header_string_h=yes
ac_cv_header_strings_h=yes
ac_cv_header_sys_socket_h=yes
ac_cv_header_sys_stat_h=yes
ac_cv_header_sys_timeb_h=yes
ac_cv_header_sys_types_h=yes
ac_cv_header_unistd_h=yes
ac_cv_header_zlib_h=yes
ac_cv_lib_boost_date_time_gcc_mt_main=no
ac_cv_lib_boost_date_time_mt_main=yes
ac_cv_lib_boost_filesystem_gcc_mt_main=no
ac_cv_lib_boost_filesystem_mt_main=yes
ac_cv_lib_boost_regex_gcc_mt_main=no
ac_cv_lib_boost_regex_mt_main=yes
ac_cv_lib_boost_system_gcc_mt_main=no
ac_cv_lib_boost_system_mt_main=yes
ac_cv_lib_boost_thread_gcc_mt_main=no
ac_cv_lib_boost_thread_mt_main=yes
ac_cv_lib_crypto_main=yes
ac_cv_lib_lua5_1_main=yes
ac_cv_lib_lua_main=no
ac_cv_lib_mysqlclient_main=yes
ac_cv_lib_pthread_main=yes
ac_cv_lib_z_main=yes
ac_cv_objext=o
ac_cv_path_EGREP='/bin/grep -E'
ac_cv_path_GREP=/bin/grep
ac_cv_path_XML2_CONFIG=/usr/bin/xml2-config
ac_cv_path_install='/usr/bin/install -c'
ac_cv_path_mkdir=/bin/mkdir
ac_cv_prog_AWK=gawk
ac_cv_prog_CXXCPP='g++ -E'
ac_cv_prog_ac_ct_CXX=g++
ac_cv_prog_cxx_g=yes
ac_cv_prog_make_make_set=yes
ac_cv_struct_tm=time.h
ac_cv_type__Bool=no
ac_cv_type_ptrdiff_t=yes
ac_cv_type_size_t=yes
am_cv_CXX_dependencies_compiler_type=gcc3
am_cv_make_support_nested_variables=yes

## ----------------- ##
## Output variables. ##
## ----------------- ##

ACLOCAL='${SHELL} /home/otserv/baiak860/source/missing --run aclocal-1.11'
AMDEPBACKSLASH='\'
AMDEP_FALSE='#'
AMDEP_TRUE=''
AMTAR='$${TAR-tar}'
AM_BACKSLASH='\'
AM_DEFAULT_V='$(AM_DEFAULT_VERBOSITY)'
AM_DEFAULT_VERBOSITY='0'
AM_V='$(V)'
AUTOCONF='${SHELL} /home/otserv/baiak860/source/missing --run autoconf'
AUTOHEADER='${SHELL} /home/otserv/baiak860/source/missing --run autoheader'
AUTOMAKE='${SHELL} /home/otserv/baiak860/source/missing --run automake-1.11'
AWK='gawk'
CPPFLAGS=''
CXX='g++'
CXXCPP='g++ -E'
CXXDEPMODE='depmode=gcc3'
CXXFLAGS='-g -O2'
CYGPATH_W='echo'
DEBUG_FLAGS='-O3 -march=core2 -fomit-frame-pointer'
DEFS='-DHAVE_CONFIG_H'
DEPDIR='.deps'
ECHO_C=''
ECHO_N='-n'
ECHO_T=''
EGREP='/bin/grep -E'
EXEEXT=''
GREP='/bin/grep'
INSTALL_DATA='${INSTALL} -m 644'
INSTALL_PROGRAM='${INSTALL}'
INSTALL_SCRIPT='${INSTALL}'
INSTALL_STRIP_PROGRAM='$(install_sh) -c -s'
LDFLAGS=''
LIBOBJS=''
LIBS='-lmysqlclient -llua5.1 -lboost_filesystem-mt -lboost_date_time-mt -lboost_system-mt -lboost_regex-mt -lboost_thread-mt -lcrypto -lpthread -lz  -L/usr/lib/x86_64-linux-gnu -lxml2'
LOGIN_SERVER_FALSE=''
LOGIN_SERVER_TRUE='#'
LTLIBOBJS=''
LUA_CFLAGS=''
LUA_LIBS=''
MAKEINFO='${SHELL} /home/otserv/baiak860/source/missing --run makeinfo'
MKDIR_P='/bin/mkdir -p'
MYSQLPP_FLAGS=''
MYSQLPP_LIBS=''
MYSQL_FLAGS='-D__USE_MYSQL__'
MYSQL_LIBS='-lmysqlclient'
OBJEXT='o'
OPTIONAL_FLAGS=' -D__ENABLE_SERVER_DIAGNOSTIC__ -D__ROOT_PERMISSION__ -D__ALT_LUA_PATH__'
OT_ADMIN_FALSE=''
OT_ADMIN_TRUE='#'
PACKAGE='otxserver'
PACKAGE_BUGREPORT=''
PACKAGE_NAME='OTXServer'
PACKAGE_STRING='OTXServer 2.5'
PACKAGE_TARNAME='otxserver'
PACKAGE_URL=''
PACKAGE_VERSION='2.5'
PATH_SEPARATOR=':'
PGSQL_FLAGS=''
PGSQL_LIBS=''
PKG_CONFIG=''
PKG_CONFIG_LIBDIR=''
PKG_CONFIG_PATH=''
PROFILER_FLAGS=''
SET_MAKE=''
SHELL='/bin/bash'
SQLITE_FLAGS=''
SQLITE_LIBS=''
STRIP=''
USE_MYSQLPP_FALSE=''
USE_MYSQLPP_TRUE='#'
USE_MYSQL_FALSE='#'
USE_MYSQL_TRUE=''
USE_PGSQL_FALSE=''
USE_PGSQL_TRUE='#'
USE_SQLITE_FALSE=''
USE_SQLITE_TRUE='#'
VERSION='2.5'
XML2_CONFIG='/usr/bin/xml2-config'
XML_CPPFLAGS='-I/usr/include/libxml2'
XML_LIBS='-L/usr/lib/x86_64-linux-gnu -lxml2'
ac_ct_CXX='g++'
am__EXEEXT_FALSE=''
am__EXEEXT_TRUE='#'
am__fastdepCXX_FALSE='#'
am__fastdepCXX_TRUE=''
am__include='include'
am__isrc=''
am__leading_dot='.'
am__nodep='_no'
am__quote=''
am__tar='$${TAR-tar} chof - "$$tardir"'
am__untar='$${TAR-tar} xf -'
bindir='${exec_prefix}/bin'
build_alias=''
datadir='${datarootdir}'
datarootdir='${prefix}/share'
docdir='${datarootdir}/doc/${PACKAGE_TARNAME}'
dvidir='${docdir}'
exec_prefix='${prefix}'
host_alias=''
htmldir='${docdir}'
includedir='${prefix}/include'
infodir='${datarootdir}/info'
install_sh='${SHELL} /home/otserv/baiak860/source/install-sh'
libdir='${exec_prefix}/lib'
libexecdir='${exec_prefix}/libexec'
localedir='${datarootdir}/locale'
localstatedir='${prefix}/var'
mandir='${datarootdir}/man'
mkdir_p='/bin/mkdir -p'
oldincludedir='/usr/include'
pdfdir='${docdir}'
prefix='/usr/local'
program_transform_name='s,x,x,'
psdir='${docdir}'
sbindir='${exec_prefix}/sbin'
sharedstatedir='${prefix}/com'
sysconfdir='${prefix}/etc'
target_alias=''

## ----------- ##
## confdefs.h. ##
## ----------- ##

/* confdefs.h */
#define PACKAGE_NAME "OTXServer"
#define PACKAGE_TARNAME "otxserver"
#define PACKAGE_VERSION "2.5"
#define PACKAGE_STRING "OTXServer 2.5"
#define PACKAGE_BUGREPORT ""
#define PACKAGE_URL ""
#define PACKAGE "otxserver"
#define VERSION "2.5"
#define STDC_HEADERS 1
#define HAVE_SYS_TYPES_H 1
#define HAVE_SYS_STAT_H 1
#define HAVE_STDLIB_H 1
#define HAVE_STRING_H 1
#define HAVE_MEMORY_H 1
#define HAVE_STRINGS_H 1
#define HAVE_INTTYPES_H 1
#define HAVE_STDINT_H 1
#define HAVE_UNISTD_H 1
#define HAVE_ARPA_INET_H 1
#define HAVE_NETDB_H 1
#define HAVE_NETINET_IN_H 1
#define HAVE_STDDEF_H 1
#define HAVE_STDINT_H 1
#define HAVE_STDLIB_H 1
#define HAVE_SYS_SOCKET_H 1
#define HAVE_SYS_TIMEB_H 1
#define HAVE_STDBOOL_H 1
#define HAVE_PTRDIFF_T 1
#define HAVE_STDLIB_H 1
#define HAVE_MALLOC 1
#define HAVE_STDLIB_H 1
#define HAVE_REALLOC 1
#define HAVE_CEIL 1
#define HAVE_FLOOR 1
#define HAVE_FTIME 1
#define HAVE_GETHOSTBYNAME 1
#define HAVE_GETHOSTNAME 1
#define HAVE_MEMSET 1
#define HAVE_POW 1
#define HAVE_SQRT 1
#define HAVE_STRCASECMP 1
#define HAVE_STRNCASECMP 1
#define HAVE_STRSTR 1
#define HAVE_STRTOL 1
#define HAVE_ZLIB_H 1
#define HAVE_LIBZ 1
#define HAVE_PTHREAD_H 1
#define HAVE_LIBPTHREAD 1
#define HAVE_OPENSSL_RSA_H 1
#define HAVE_OPENSSL_BN_H 1
#define HAVE_OPENSSL_ERR_H 1
#define HAVE_OPENSSL_SHA_H 1
#define HAVE_OPENSSL_MD5_H 1
#define HAVE_LIBCRYPTO 1
#define HAVE_LIBBOOST_THREAD_MT 1
#define HAVE_LIBBOOST_REGEX_MT 1
#define HAVE_LIBBOOST_SYSTEM_MT 1
#define HAVE_LIBBOOST_DATE_TIME_MT 1
#define HAVE_LIBBOOST_FILESYSTEM_MT 1
#define HAVE_LUA5_1_LUA_H 1
#define HAVE_LIBLUA5_1 1
#define HAVE_MYSQL_MYSQL_H 1
#define HAVE_LIBMYSQLCLIENT 1

configure: exit 0
