----- 1/5/2018 16:56:29 - Matheus (127.0.0.1) -----
Comment: 
Graphic Engine: DirectX9 (2)
Operating System: Windows Vista Family in BRA
Processor: Intel Core i5 -4210U @ 
Video Card: Intel (R) HD GR
Last Packet Types: 100 011 010 031 100 020 000 000 000 000
Last Packet: 010 056 057 000 016 050 000 001 011 170 170 170 170 213 213 213
Player Position: [0,0,0]
Player Name: Matheus (New Baiak)
Player Action: 049 050 055 046 048 046 048 046 049 058 055 049 055 050
Player.cpp 361: exception occurred, reason:
Network.cpp 946: exception occurred (ErrorCode = 0), reason:
Control.cpp 1331: exception occurred (Type = 100) (MainWindow = 74365296), reason:
Communication.cpp 1681: exception occurred (PlayerX = 1083) (PlayerY = 1062), reason:
Communication.cpp 1659: exception occurred (xmin = 0) (ymin = 0), reason:
Communication.cpp 1638: exception occurred (Type = 97) (OldType = 10180), reason:
Communication.cpp 1592: exception occurred (Type = 97) (CreatureID = 268450104), reason:
Objects.cpp 604: exception occurred (Number = 386), reason:
Container.h 226: index out of range (original i: 386, i: 385, min: 1, d: 367)
Tue May 01 16:44:46 2018
Debug Assertion 8.60 Container.h 226

----- 6/5/2018 17:8:10 - Matheus (186.208.251.102) -----
Comment: 
Graphic Engine: OpenGL (1)
Operating System: Windows Vista Family in BRA
Processor: Intel Core i5 -4210U @ 
Video Card: Intel (R) HD GR
Last Packet Types: 103 109 131 106 180 030 162 180 162 101
Last Packet: 109 017 004 014 004 007 003 017 004 015 004 007 103 176 029 187
Player Position: [1041,1039,7]
Player Name: Matheus (GBK)
Player Action: 049 056 057 046 054 051 046 049 050 052 046 051 050 058 055 049 055 050
Player.cpp 361: exception occurred, reason:
Network.cpp 946: exception occurred (ErrorCode = 0), reason:
Network.cpp 921: assertion failed (BufferSize = 0) (NextToWrite = 16394), reason:
BufferSize>0
Sun May 06 16:56:24 2018
Debug Assertion 8.60 Network.cpp 921

----- 15/5/2018 20:48:58 - Aviao (186.208.251.102) -----
Comment: 
Graphic Engine: OpenGL (1)
Operating System: Windows Vista Family in BRA
Processor: Intel Core i5 -4210U @ 
Video Card: Intel (R) HD GR
Last Packet Types: 172 172 172 172 172 172 172 162 141 130
Last Packet: 172 005 000 008 000 067 111 109 101 114 099 105 111 000 000 000
Player Position: [1098,1057,5]
Player Name: Aviao (GBK)
Player Action: 049 056 057 046 053 046 049 056 052 046 049 055 055 058 055 049 055 050
Player.cpp 361: exception occurred, reason:
Player.cpp 465: exception occurred, reason:
Control.cpp 1728: exception occurred (MessageType: 50 MaW: 473B168 MoW: 0), reason:
Control.cpp 1693: exception occurred (Type = 50), reason:
ConsoleWindow.cpp 2124: exception occurred (RecvMode = 7) (SendMode = 7), reason:
NWin32Exception.cpp 50: win32 exception occurred, reason:
access violation (read attempt at 0000002C)
Tue May 15 20:45:05 2018
Debug Assertion 8.60 NWin32Exception.cpp 50

